/home/ssm-user/src/oq-engine/openquake/hazardlib/gsim/base.py:347: ExperimentalWarning: CanadaSHM6_ActiveCrust_BooreEtAl2014 is experimental and may change in future versions - the user is liable for their application
  warnings.warn(msg, ExperimentalWarning)
/home/ssm-user/src/oq-engine/openquake/hazardlib/gsim/base.py:347: ExperimentalWarning: CanadaSHM6_ActiveCrust_AbrahamsonEtAl2014 is experimental and may change in future versions - the user is liable for their application
  warnings.warn(msg, ExperimentalWarning)
/home/ssm-user/src/oq-engine/openquake/hazardlib/gsim/base.py:347: ExperimentalWarning: CanadaSHM6_ActiveCrust_BooreEtAl2014 is experimental and may change in future versions - the user is liable for their application
  warnings.warn(msg, ExperimentalWarning)
/home/ssm-user/src/oq-engine/openquake/hazardlib/gsim/base.py:347: ExperimentalWarning: CanadaSHM6_ActiveCrust_CampbellBozorgnia2014 is experimental and may change in future versions - the user is liable for their application
  warnings.warn(msg, ExperimentalWarning)
/home/ssm-user/src/oq-engine/openquake/hazardlib/gsim/base.py:347: ExperimentalWarning: CanadaSHM6_ActiveCrust_ChiouYoungs2014 is experimental and may change in future versions - the user is liable for their application
  warnings.warn(msg, ExperimentalWarning)
[2022-02-17 00:55:48 #310 INFO] root running /mnt/storage/canada-srm2/eDamage/input/eDamage_b0_BC_V_GreaterVancouverVancouver.ini [--hc=None]
[2022-02-17 00:55:48 #310 INFO] Using engine version 3.11.3-git29ac352f7d
[2022-02-17 00:55:49 #310 WARNING] Version v3.11.5 of the engine is available, but you are still using version 3.11.3-git29ac352f7d
[2022-02-17 00:55:49 #310 WARNING] Using 96 cores on ip-10-70-136-127
[2022-02-17 00:55:49 #310 INFO] Validated nationalModel.xml in 0.03 seconds
[2022-02-17 00:55:49 #310 INFO] Checksum of the input files: 514598877
[2022-02-17 00:55:49 #310 INFO] Reading the risk model if present
[2022-02-17 00:55:52 #310 INFO] Reading /mnt/storage/openquake-inputs/exposure/general-building-stock/oqBldgExp_BC_V_GreaterVancouverVancouver.xml
[2022-02-17 00:55:56 #310 INFO] Extracting the hazard sites from the site model
[2022-02-17 00:55:58 #310 INFO] Associated 28533 assets to 1025 sites
[2022-02-17 00:56:00 #310 INFO] Reducing risk model from 4224 to 817 taxonomies
[2022-02-17 00:56:01 #310 INFO] minimum_asset_loss={'structural': 0}
[2022-02-17 00:56:01 #310 INFO] Considering 200 logic tree paths out of 24_576
[2022-02-17 00:56:01 #310 INFO] Reading the source model(s) in parallel
[2022-02-17 00:56:03 #310 INFO] read_source_model  16% [6 submitted, 0 queued]
[2022-02-17 00:56:03 #310 INFO] read_source_model  33% [6 submitted, 0 queued]
[2022-02-17 00:56:03 #310 INFO] read_source_model  50% [6 submitted, 0 queued]
[2022-02-17 00:56:03 #310 INFO] read_source_model  66% [6 submitted, 0 queued]
[2022-02-17 00:56:03 #310 INFO] read_source_model  83% [6 submitted, 0 queued]
[2022-02-17 00:56:03 #310 INFO] read_source_model 100% [6 submitted, 0 queued]
[2022-02-17 00:56:03 #310 INFO] Mean time per core=0s, std=0.0s, min=0s, max=0s
[2022-02-17 00:56:03 #310 INFO] Received {'/mnt/storage/CanadaSHM6/OpenQuake_model_files/sources/nationalModel/xml/simplifiedModel/WCan_HYeast_Harctic_simplified_collapsedRates.xml': '157.72 KB', '/mnt/storage/CanadaSHM6/OpenQuake_model_files/sources/nationalModel/xml/simplifiedModel/WCan_H2east_Harctic_simplified_collapsedRates.xml': '152.1 KB', '/mnt/storage/CanadaSHM6/OpenQuake_model_files/sources/nationalModel/xml/simplifiedModel/WCan_HYeast_Rarctic_simplified_collapsedRates.xml': '151.35 KB', '/mnt/storage/CanadaSHM6/OpenQuake_model_files/sources/nationalModel/xml/simplifiedModel/WCan_H2east_Rarctic_simplified_collapsedRates.xml': '145.73 KB', '/mnt/storage/CanadaSHM6/OpenQuake_model_files/sources/nationalModel/xml/simplifiedModel/WCan_R2east_Harctic_simplified_collapsedRates.xml': '137.01 KB', '/mnt/storage/CanadaSHM6/OpenQuake_model_files/sources/nationalModel/xml/simplifiedModel/WCan_R2east_Rarctic_simplified_collapsedRates.xml': '130.86 KB'} in 1 seconds
/home/ssm-user/src/oq-engine/openquake/hazardlib/gsim/base.py:347: ExperimentalWarning: CanadaSHM6_ActiveCrust_BooreEtAl2014 is experimental and may change in future versions - the user is liable for their application
  warnings.warn(msg, ExperimentalWarning)
/home/ssm-user/src/oq-engine/openquake/hazardlib/gsim/base.py:347: ExperimentalWarning: CanadaSHM6_ActiveCrust_BooreEtAl2014 is experimental and may change in future versions - the user is liable for their application
  warnings.warn(msg, ExperimentalWarning)
/home/ssm-user/src/oq-engine/openquake/hazardlib/gsim/base.py:347: ExperimentalWarning: CanadaSHM6_ActiveCrust_BooreEtAl2014 is experimental and may change in future versions - the user is liable for their application
  warnings.warn(msg, ExperimentalWarning)
/home/ssm-user/src/oq-engine/openquake/hazardlib/gsim/base.py:347: ExperimentalWarning: CanadaSHM6_ActiveCrust_BooreEtAl2014 is experimental and may change in future versions - the user is liable for their application
  warnings.warn(msg, ExperimentalWarning)
/home/ssm-user/src/oq-engine/openquake/hazardlib/gsim/base.py:347: ExperimentalWarning: CanadaSHM6_ActiveCrust_BooreEtAl2014 is experimental and may change in future versions - the user is liable for their application
  warnings.warn(msg, ExperimentalWarning)
/home/ssm-user/src/oq-engine/openquake/hazardlib/gsim/base.py:347: ExperimentalWarning: CanadaSHM6_ActiveCrust_BooreEtAl2014 is experimental and may change in future versions - the user is liable for their application
  warnings.warn(msg, ExperimentalWarning)
[2022-02-17 00:56:04 #310 INFO] There are multiple different sources with the same ID [<AreaSource SCCYA;0>, <AreaSource SCCYA;1>]
[2022-02-17 00:56:04 #310 INFO] There are 13 groups and 198 sources with len(et_ids)=3.87
[2022-02-17 00:56:04 #310 INFO] Checking the sources bounding box
[2022-02-17 00:56:04 #310 ERROR] source ACM: The buffer of 600 km is too large, the bounding box is larger than half the globe: 219 degrees
[2022-02-17 00:56:04 #310 INFO] Rupture floating factor = 1.6303030303030304
[2022-02-17 00:56:04 #310 INFO] Rupture spinning factor = 3.2181818181818183
[2022-02-17 00:56:04 #310 INFO] gzipping the input files
[2022-02-17 00:56:05 #310 INFO] Storing risk model
[2022-02-17 00:56:06 #310 INFO] minimum_intensity={'SA(0.3)': 0.02, 'SA(0.6)': 0.05, 'SA(1.0)': 0.05, 'SA(2.0)': 0.05}
[2022-02-17 00:56:06 #310 INFO] Building ruptures
[2022-02-17 00:57:43 #310 INFO] Sending <SourceGroup Subduction IntraSlab30, 1 source(s)>
[2022-02-17 00:57:43 #310 INFO] Sending <SourceGroup Subduction IntraSlab55, 4 source(s)>
[2022-02-17 00:57:43 #310 INFO] Sending <SourceGroup Subduction Interface, 14 source(s)>
[2022-02-17 00:57:43 #310 INFO] Sending <SourceGroup Stable Shallow Crust, 29 source(s)>
[2022-02-17 00:57:43 #310 INFO] Sending <SourceGroup Stable Shallow Crust, 4 source(s)>
[2022-02-17 00:57:43 #310 INFO] Sending <SourceGroup Stable Shallow Crust, 6 source(s)>
[2022-02-17 00:57:43 #310 INFO] Sending <SourceGroup Stable Shallow Crust, 18 source(s)>
[2022-02-17 00:57:43 #310 INFO] Sending <SourceGroup Stable Shallow Crust, 10 source(s)>
[2022-02-17 00:57:43 #310 INFO] Sending <SourceGroup Stable Shallow Crust, 38 source(s)>
[2022-02-17 00:57:43 #310 INFO] Sending <SourceGroup Stable Shallow Crust, 14 source(s)>
[2022-02-17 00:57:43 #310 INFO] Sending <SourceGroup Active Shallow Crust, 1 source(s)>
[2022-02-17 00:57:43 #310 INFO] Sending <SourceGroup Active Shallow Crust, 58 source(s)>
[2022-02-17 00:57:43 #310 INFO] Sending <SourceGroup Active Shallow Crust, 1 source(s)>
[2022-02-17 00:57:45 #310 INFO] Sent 96 tasks, 67.45 MB in 0 seconds
[2022-02-17 00:57:46 #310 INFO] sample_ruptures   1% [98 submitted, 5 queued]
[2022-02-17 00:57:46 #310 INFO] sample_ruptures   2% [99 submitted, 4 queued]
[2022-02-17 00:57:46 #310 INFO] sample_ruptures   3% [100 submitted, 3 queued]
[2022-02-17 00:57:46 #310 INFO] sample_ruptures   4% [101 submitted, 2 queued]
[2022-02-17 00:57:46 #310 INFO] sample_ruptures   5% [102 submitted, 1 queued]
[2022-02-17 00:57:46 #310 INFO] sample_ruptures   6% [103 submitted, 0 queued]
[2022-02-17 00:57:46 #310 INFO] sample_ruptures   7% [103 submitted, 0 queued]
[2022-02-17 00:57:46 #310 INFO] sample_ruptures   8% [103 submitted, 0 queued]
[2022-02-17 00:57:47 #310 INFO] sample_ruptures   9% [103 submitted, 0 queued]
[2022-02-17 00:57:47 #310 INFO] sample_ruptures  10% [103 submitted, 0 queued]
[2022-02-17 00:57:47 #310 INFO] sample_ruptures  11% [103 submitted, 0 queued]
[2022-02-17 00:57:47 #310 INFO] sample_ruptures  12% [103 submitted, 0 queued]
[2022-02-17 00:57:47 #310 INFO] sample_ruptures  13% [103 submitted, 0 queued]
[2022-02-17 00:57:47 #310 INFO] sample_ruptures  14% [103 submitted, 0 queued]
[2022-02-17 00:57:47 #310 INFO] sample_ruptures  15% [103 submitted, 0 queued]
[2022-02-17 00:57:47 #310 INFO] sample_ruptures  16% [103 submitted, 0 queued]
[2022-02-17 00:57:47 #310 INFO] sample_ruptures  17% [103 submitted, 0 queued]
[2022-02-17 00:57:47 #310 INFO] sample_ruptures  18% [103 submitted, 0 queued]
[2022-02-17 00:57:47 #310 INFO] sample_ruptures  19% [103 submitted, 0 queued]
[2022-02-17 00:57:47 #310 INFO] sample_ruptures  20% [103 submitted, 0 queued]
[2022-02-17 00:57:47 #310 INFO] sample_ruptures  21% [103 submitted, 0 queued]
[2022-02-17 00:57:47 #310 INFO] sample_ruptures  22% [103 submitted, 0 queued]
[2022-02-17 00:57:47 #310 INFO] sample_ruptures  23% [103 submitted, 0 queued]
[2022-02-17 00:57:47 #310 INFO] sample_ruptures  24% [103 submitted, 0 queued]
[2022-02-17 00:57:47 #310 INFO] sample_ruptures  25% [103 submitted, 0 queued]
[2022-02-17 00:57:47 #310 INFO] sample_ruptures  26% [103 submitted, 0 queued]
[2022-02-17 00:57:47 #310 INFO] sample_ruptures  27% [103 submitted, 0 queued]
[2022-02-17 00:57:47 #310 INFO] sample_ruptures  28% [103 submitted, 0 queued]
[2022-02-17 00:57:47 #310 INFO] sample_ruptures  29% [103 submitted, 0 queued]
[2022-02-17 00:57:47 #310 INFO] sample_ruptures  30% [103 submitted, 0 queued]
[2022-02-17 00:57:47 #310 INFO] sample_ruptures  31% [103 submitted, 0 queued]
[2022-02-17 00:57:47 #310 INFO] sample_ruptures  32% [103 submitted, 0 queued]
[2022-02-17 00:57:47 #310 INFO] sample_ruptures  33% [103 submitted, 0 queued]
[2022-02-17 00:57:47 #310 INFO] sample_ruptures  34% [103 submitted, 0 queued]
[2022-02-17 00:57:47 #310 INFO] sample_ruptures  35% [103 submitted, 0 queued]
[2022-02-17 00:57:47 #310 INFO] sample_ruptures  36% [103 submitted, 0 queued]
[2022-02-17 00:57:47 #310 INFO] sample_ruptures  37% [103 submitted, 0 queued]
[2022-02-17 00:57:47 #310 INFO] sample_ruptures  38% [103 submitted, 0 queued]
[2022-02-17 00:57:47 #310 INFO] sample_ruptures  39% [103 submitted, 0 queued]
[2022-02-17 00:57:47 #310 INFO] sample_ruptures  40% [103 submitted, 0 queued]
[2022-02-17 00:57:47 #310 INFO] sample_ruptures  41% [103 submitted, 0 queued]
[2022-02-17 00:57:47 #310 INFO] sample_ruptures  42% [103 submitted, 0 queued]
[2022-02-17 00:57:47 #310 INFO] sample_ruptures  43% [103 submitted, 0 queued]
[2022-02-17 00:57:47 #310 INFO] sample_ruptures  44% [103 submitted, 0 queued]
[2022-02-17 00:57:47 #310 INFO] sample_ruptures  45% [103 submitted, 0 queued]
[2022-02-17 00:57:47 #310 INFO] sample_ruptures  46% [103 submitted, 0 queued]
[2022-02-17 00:57:47 #310 INFO] sample_ruptures  47% [103 submitted, 0 queued]
[2022-02-17 00:57:47 #310 INFO] sample_ruptures  48% [103 submitted, 0 queued]
[2022-02-17 00:57:47 #310 INFO] sample_ruptures  49% [103 submitted, 0 queued]
[2022-02-17 00:57:47 #310 INFO] sample_ruptures  50% [103 submitted, 0 queued]
[2022-02-17 00:57:47 #310 INFO] sample_ruptures  51% [103 submitted, 0 queued]
[2022-02-17 00:57:47 #310 INFO] sample_ruptures  52% [103 submitted, 0 queued]
[2022-02-17 00:57:47 #310 INFO] sample_ruptures  53% [103 submitted, 0 queued]
[2022-02-17 00:57:47 #310 INFO] sample_ruptures  54% [103 submitted, 0 queued]
[2022-02-17 00:57:47 #310 INFO] sample_ruptures  55% [103 submitted, 0 queued]
[2022-02-17 00:57:47 #310 INFO] sample_ruptures  56% [103 submitted, 0 queued]
[2022-02-17 00:57:47 #310 INFO] sample_ruptures  57% [103 submitted, 0 queued]
[2022-02-17 00:57:47 #310 INFO] sample_ruptures  58% [103 submitted, 0 queued]
[2022-02-17 00:57:47 #310 INFO] sample_ruptures  59% [103 submitted, 0 queued]
[2022-02-17 00:57:47 #310 INFO] sample_ruptures  60% [103 submitted, 0 queued]
[2022-02-17 00:57:47 #310 INFO] sample_ruptures  61% [103 submitted, 0 queued]
[2022-02-17 00:57:47 #310 INFO] sample_ruptures  62% [103 submitted, 0 queued]
[2022-02-17 00:57:47 #310 INFO] sample_ruptures  63% [103 submitted, 0 queued]
[2022-02-17 00:57:47 #310 INFO] sample_ruptures  64% [103 submitted, 0 queued]
[2022-02-17 00:57:47 #310 INFO] sample_ruptures  65% [103 submitted, 0 queued]
[2022-02-17 00:57:47 #310 INFO] sample_ruptures  66% [103 submitted, 0 queued]
[2022-02-17 00:57:47 #310 INFO] sample_ruptures  67% [103 submitted, 0 queued]
[2022-02-17 00:57:48 #310 INFO] sample_ruptures  68% [103 submitted, 0 queued]
[2022-02-17 00:57:48 #310 INFO] sample_ruptures  69% [103 submitted, 0 queued]
[2022-02-17 00:57:48 #310 INFO] sample_ruptures  70% [103 submitted, 0 queued]
[2022-02-17 00:57:48 #310 INFO] sample_ruptures  71% [103 submitted, 0 queued]
[2022-02-17 00:57:48 #310 INFO] sample_ruptures  72% [103 submitted, 0 queued]
[2022-02-17 00:57:48 #310 INFO] sample_ruptures  73% [103 submitted, 0 queued]
[2022-02-17 00:57:48 #310 INFO] sample_ruptures  74% [103 submitted, 0 queued]
[2022-02-17 00:57:48 #310 INFO] sample_ruptures  75% [103 submitted, 0 queued]
[2022-02-17 00:57:48 #310 INFO] sample_ruptures  76% [103 submitted, 0 queued]
[2022-02-17 00:57:48 #310 INFO] sample_ruptures  77% [103 submitted, 0 queued]
[2022-02-17 00:58:00 #310 INFO] sample_ruptures  78% [103 submitted, 0 queued]
[2022-02-17 00:58:26 #310 INFO] sample_ruptures  79% [103 submitted, 0 queued]
[2022-02-17 00:58:31 #310 INFO] sample_ruptures  80% [103 submitted, 0 queued]
[2022-02-17 00:59:29 #310 INFO] sample_ruptures  81% [103 submitted, 0 queued]
[2022-02-17 00:59:34 #310 INFO] sample_ruptures  82% [103 submitted, 0 queued]
[2022-02-17 00:59:40 #310 INFO] sample_ruptures  83% [103 submitted, 0 queued]
[2022-02-17 00:59:41 #310 INFO] sample_ruptures  84% [103 submitted, 0 queued]
[2022-02-17 00:59:44 #310 INFO] sample_ruptures  85% [103 submitted, 0 queued]
[2022-02-17 01:00:04 #310 INFO] sample_ruptures  86% [103 submitted, 0 queued]
[2022-02-17 01:00:13 #310 INFO] sample_ruptures  87% [103 submitted, 0 queued]
[2022-02-17 01:00:22 #310 INFO] sample_ruptures  88% [103 submitted, 0 queued]
[2022-02-17 01:00:27 #310 INFO] sample_ruptures  89% [103 submitted, 0 queued]
[2022-02-17 01:01:02 #310 INFO] sample_ruptures  90% [103 submitted, 0 queued]
[2022-02-17 01:01:18 #310 INFO] sample_ruptures  91% [103 submitted, 0 queued]
[2022-02-17 01:01:30 #310 INFO] sample_ruptures  92% [103 submitted, 0 queued]
[2022-02-17 01:02:01 #310 INFO] sample_ruptures  93% [103 submitted, 0 queued]
[2022-02-17 01:02:06 #310 INFO] sample_ruptures  94% [103 submitted, 0 queued]
[2022-02-17 01:02:29 #310 INFO] sample_ruptures  95% [103 submitted, 0 queued]
[2022-02-17 01:03:04 #310 INFO] sample_ruptures  96% [103 submitted, 0 queued]
[2022-02-17 01:03:52 #310 INFO] sample_ruptures  97% [103 submitted, 0 queued]
[2022-02-17 01:04:16 #310 INFO] sample_ruptures  98% [103 submitted, 0 queued]
[2022-02-17 01:04:20 #310 INFO] sample_ruptures  99% [103 submitted, 0 queued]
[2022-02-17 01:10:20 #310 INFO] sample_ruptures 100% [103 submitted, 0 queued]
[2022-02-17 01:10:20 #310 INFO] Mean time per core=68s, std=133.1s, min=0s, max=753s
[2022-02-17 01:10:20 #310 INFO] Received {'rup_array': '652.72 MB', 'calc_times': '21.43 KB', 'eff_ruptures': '4.11 KB'} in 755 seconds
[2022-02-17 01:10:20 #310 INFO] There are 200 realization(s)
[2022-02-17 01:10:20 #310 INFO] Reordering the ruptures and storing the events
[2022-02-17 01:10:24 #310 INFO] Associating event_id -> rlz_id for 13_982_848 events and 2_783_852 ruptures
[2022-02-17 01:11:54 #310 INFO] Sent 204 tasks, 297.58 MB in 83 seconds
[2022-02-17 01:12:14 #310 INFO] Mean time per core=17s, std=10.4s, min=3s, max=47s
[2022-02-17 01:12:14 #310 INFO] Received {'tot': '133.4 MB'} in 20 seconds
[2022-02-17 01:13:18 #310 INFO] Reading 2_783_852 ruptures
[2022-02-17 01:14:34 #310 INFO] Sent 96 tasks, 153.3 MB in 10 seconds
[2022-02-17 01:56:25 #310 INFO] compute_gmfs   1% [99 submitted, 105 queued]
[2022-02-17 01:58:21 #310 INFO] compute_gmfs   2% [101 submitted, 103 queued]
[2022-02-17 01:58:56 #310 INFO] compute_gmfs   3% [103 submitted, 101 queued]
[2022-02-17 02:00:46 #310 INFO] compute_gmfs   4% [105 submitted, 99 queued]
[2022-02-17 02:01:50 #310 INFO] compute_gmfs   5% [107 submitted, 97 queued]
[2022-02-17 02:14:30 #310 INFO] compute_gmfs   6% [109 submitted, 95 queued]
[2022-02-17 02:14:53 #310 INFO] compute_gmfs   7% [111 submitted, 93 queued]
[2022-02-17 02:15:06 #310 INFO] compute_gmfs   8% [113 submitted, 91 queued]
[2022-02-17 02:15:21 #310 INFO] compute_gmfs   9% [115 submitted, 89 queued]
[2022-02-17 02:15:55 #310 INFO] compute_gmfs  10% [117 submitted, 87 queued]
[2022-02-17 02:16:06 #310 INFO] compute_gmfs  11% [119 submitted, 85 queued]
[2022-02-17 02:16:21 #310 INFO] compute_gmfs  12% [121 submitted, 83 queued]
[2022-02-17 02:17:28 #310 INFO] compute_gmfs  13% [123 submitted, 81 queued]
[2022-02-17 02:22:51 #310 INFO] compute_gmfs  14% [125 submitted, 79 queued]
[2022-02-17 02:23:39 #310 INFO] compute_gmfs  15% [127 submitted, 77 queued]
[2022-02-17 02:25:08 #310 INFO] compute_gmfs  16% [129 submitted, 75 queued]
[2022-02-17 02:27:25 #310 INFO] compute_gmfs  17% [131 submitted, 73 queued]
[2022-02-17 02:28:57 #310 INFO] compute_gmfs  18% [133 submitted, 71 queued]
[2022-02-17 02:29:37 #310 INFO] compute_gmfs  19% [135 submitted, 69 queued]
[2022-02-17 02:30:56 #310 INFO] compute_gmfs  20% [137 submitted, 67 queued]
[2022-02-17 02:32:52 #310 INFO] compute_gmfs  21% [139 submitted, 65 queued]
[2022-02-17 02:37:43 #310 INFO] compute_gmfs  22% [141 submitted, 63 queued]
[2022-02-17 02:38:40 #310 INFO] compute_gmfs  23% [143 submitted, 61 queued]
[2022-02-17 02:53:53 #310 INFO] compute_gmfs  24% [145 submitted, 59 queued]
[2022-02-17 02:54:15 #310 INFO] compute_gmfs  25% [147 submitted, 57 queued]
[2022-02-17 02:55:28 #310 INFO] compute_gmfs  26% [150 submitted, 54 queued]
[2022-02-17 02:55:41 #310 INFO] compute_gmfs  27% [152 submitted, 52 queued]
[2022-02-17 02:56:18 #310 INFO] compute_gmfs  28% [154 submitted, 50 queued]
[2022-02-17 02:57:05 #310 INFO] compute_gmfs  29% [156 submitted, 48 queued]
[2022-02-17 02:57:38 #310 INFO] compute_gmfs  30% [158 submitted, 46 queued]
[2022-02-17 02:57:38 #310 INFO] compute_gmfs  31% [160 submitted, 44 queued]
[2022-02-17 02:57:38 #310 INFO] compute_gmfs  32% [162 submitted, 42 queued]
[2022-02-17 02:57:38 #310 INFO] compute_gmfs  33% [164 submitted, 40 queued]
[2022-02-17 02:57:39 #310 INFO] compute_gmfs  34% [166 submitted, 38 queued]
[2022-02-17 02:57:39 #310 INFO] compute_gmfs  35% [168 submitted, 36 queued]
[2022-02-17 02:57:39 #310 INFO] compute_gmfs  36% [170 submitted, 34 queued]
[2022-02-17 02:58:15 #310 INFO] compute_gmfs  37% [172 submitted, 32 queued]
[2022-02-17 02:58:17 #310 INFO] compute_gmfs  38% [174 submitted, 30 queued]
[2022-02-17 02:58:18 #310 INFO] compute_gmfs  39% [176 submitted, 28 queued]
[2022-02-17 03:00:15 #310 INFO] compute_gmfs  40% [178 submitted, 26 queued]
[2022-02-17 03:01:37 #310 INFO] compute_gmfs  41% [180 submitted, 24 queued]
[2022-02-17 03:03:07 #310 INFO] compute_gmfs  42% [182 submitted, 22 queued]
[2022-02-17 03:04:16 #310 INFO] compute_gmfs  43% [184 submitted, 20 queued]
[2022-02-17 03:04:25 #310 INFO] compute_gmfs  44% [186 submitted, 18 queued]
[2022-02-17 03:04:56 #310 INFO] compute_gmfs  45% [188 submitted, 16 queued]
[2022-02-17 03:06:16 #310 INFO] compute_gmfs  46% [190 submitted, 14 queued]
[2022-02-17 03:06:42 #310 INFO] compute_gmfs  47% [192 submitted, 12 queued]
[2022-02-17 03:07:27 #310 INFO] compute_gmfs  48% [194 submitted, 10 queued]
[2022-02-17 03:09:25 #310 INFO] compute_gmfs  49% [196 submitted, 8 queued]
[2022-02-17 03:09:59 #310 INFO] compute_gmfs  50% [198 submitted, 6 queued]
[2022-02-17 03:11:37 #310 INFO] compute_gmfs  51% [201 submitted, 3 queued]
[2022-02-17 03:16:27 #310 INFO] compute_gmfs  52% [203 submitted, 1 queued]
[2022-02-17 03:18:39 #310 INFO] compute_gmfs  53% [204 submitted, 0 queued]
[2022-02-17 03:20:34 #310 INFO] compute_gmfs  54% [204 submitted, 0 queued]
[2022-02-17 03:25:28 #310 INFO] compute_gmfs  55% [204 submitted, 0 queued]
[2022-02-17 03:29:56 #310 INFO] compute_gmfs  56% [204 submitted, 0 queued]
[2022-02-17 03:35:43 #310 INFO] compute_gmfs  57% [204 submitted, 0 queued]
[2022-02-17 03:35:50 #310 INFO] compute_gmfs  58% [204 submitted, 0 queued]
[2022-02-17 03:37:58 #310 INFO] compute_gmfs  59% [204 submitted, 0 queued]
[2022-02-17 03:39:42 #310 INFO] compute_gmfs  60% [204 submitted, 0 queued]
[2022-02-17 03:40:50 #310 INFO] compute_gmfs  61% [204 submitted, 0 queued]
[2022-02-17 03:44:27 #310 INFO] compute_gmfs  62% [204 submitted, 0 queued]
[2022-02-17 03:47:25 #310 INFO] compute_gmfs  63% [204 submitted, 0 queued]
[2022-02-17 03:51:20 #310 INFO] compute_gmfs  64% [204 submitted, 0 queued]
[2022-02-17 03:52:12 #310 INFO] compute_gmfs  65% [204 submitted, 0 queued]
[2022-02-17 03:53:32 #310 INFO] compute_gmfs  66% [204 submitted, 0 queued]
[2022-02-17 03:53:52 #310 INFO] compute_gmfs  67% [204 submitted, 0 queued]
[2022-02-17 03:57:40 #310 INFO] compute_gmfs  68% [204 submitted, 0 queued]
[2022-02-17 03:57:59 #310 INFO] compute_gmfs  69% [204 submitted, 0 queued]
[2022-02-17 03:58:43 #310 INFO] compute_gmfs  70% [204 submitted, 0 queued]
[2022-02-17 03:59:13 #310 INFO] compute_gmfs  71% [204 submitted, 0 queued]
[2022-02-17 03:59:51 #310 INFO] compute_gmfs  72% [204 submitted, 0 queued]
[2022-02-17 03:59:55 #310 INFO] compute_gmfs  73% [204 submitted, 0 queued]
[2022-02-17 04:01:58 #310 INFO] compute_gmfs  74% [204 submitted, 0 queued]
[2022-02-17 04:03:28 #310 INFO] compute_gmfs  75% [204 submitted, 0 queued]
[2022-02-17 04:05:11 #310 INFO] compute_gmfs  76% [204 submitted, 0 queued]
[2022-02-17 04:05:27 #310 INFO] compute_gmfs  77% [204 submitted, 0 queued]
[2022-02-17 04:09:06 #310 INFO] compute_gmfs  78% [204 submitted, 0 queued]
[2022-02-17 04:09:06 #310 INFO] compute_gmfs  79% [204 submitted, 0 queued]
[2022-02-17 04:09:31 #310 INFO] compute_gmfs  80% [204 submitted, 0 queued]
[2022-02-17 04:14:16 #310 INFO] compute_gmfs  81% [204 submitted, 0 queued]
[2022-02-17 04:16:54 #310 INFO] compute_gmfs  82% [204 submitted, 0 queued]
[2022-02-17 04:17:37 #310 INFO] compute_gmfs  83% [204 submitted, 0 queued]
[2022-02-17 04:20:19 #310 INFO] compute_gmfs  84% [204 submitted, 0 queued]
[2022-02-17 04:23:23 #310 INFO] compute_gmfs  85% [204 submitted, 0 queued]
[2022-02-17 04:23:33 #310 INFO] compute_gmfs  86% [204 submitted, 0 queued]
[2022-02-17 04:24:44 #310 INFO] compute_gmfs  87% [204 submitted, 0 queued]
[2022-02-17 04:25:47 #310 INFO] compute_gmfs  88% [204 submitted, 0 queued]
[2022-02-17 04:27:20 #310 INFO] compute_gmfs  89% [204 submitted, 0 queued]
[2022-02-17 04:29:11 #310 INFO] compute_gmfs  90% [204 submitted, 0 queued]
[2022-02-17 04:30:17 #310 INFO] compute_gmfs  91% [204 submitted, 0 queued]
[2022-02-17 04:32:16 #310 INFO] compute_gmfs  92% [204 submitted, 0 queued]
[2022-02-17 04:37:36 #310 INFO] compute_gmfs  93% [204 submitted, 0 queued]
[2022-02-17 04:37:36 #310 INFO] compute_gmfs  94% [204 submitted, 0 queued]
[2022-02-17 04:37:36 #310 INFO] compute_gmfs  95% [204 submitted, 0 queued]
[2022-02-17 04:37:36 #310 INFO] compute_gmfs  96% [204 submitted, 0 queued]
[2022-02-17 04:37:36 #310 INFO] compute_gmfs  97% [204 submitted, 0 queued]
[2022-02-17 04:37:36 #310 INFO] compute_gmfs  98% [204 submitted, 0 queued]
[2022-02-17 04:37:36 #310 INFO] compute_gmfs  99% [204 submitted, 0 queued]
[2022-02-17 04:40:19 #310 INFO] compute_gmfs 100% [204 submitted, 0 queued]
[2022-02-17 04:40:19 #310 INFO] Mean time per core=10263s, std=1298.7s, min=7445s, max=12303s
[2022-02-17 04:40:19 #310 INFO] Received {'gmfdata': '49.88 GB', 'sig_eps': '369.04 MB', 'times': '30.71 MB', 'hcurves': '990 B'} in 12355 seconds
[2022-02-17 04:40:19 #310 INFO] Stored 31.57 GB of GMFs
[2022-02-17 04:40:19 #310 WARNING] There are more than 1 GB of GMFs, not computing avg_gmf
[2022-02-17 04:41:24 #310 INFO] Building risk inputs from 200 realization(s)
[2022-02-17 04:47:00 #310 INFO] Grouping the GMFs by site ID
[2022-02-17 04:50:46 #310 INFO] Built 1025 risk inputs
[2022-02-17 04:52:03 #310 INFO] Sent 219 tasks, 40.54 GB in 76 seconds
[2022-02-17 08:26:58 #310 INFO] scenario_damage   1% [219 submitted, 0 queued]
[2022-02-17 09:02:57 #310 INFO] scenario_damage   2% [219 submitted, 0 queued]
[2022-02-17 09:31:56 #310 INFO] scenario_damage   3% [219 submitted, 0 queued]
[2022-02-17 09:35:53 #310 INFO] scenario_damage   4% [219 submitted, 0 queued]
[2022-02-17 09:43:56 #310 INFO] scenario_damage   5% [219 submitted, 0 queued]
[2022-02-17 09:56:57 #310 INFO] scenario_damage   6% [219 submitted, 0 queued]
[2022-02-17 09:57:15 #310 INFO] scenario_damage   7% [219 submitted, 0 queued]
[2022-02-17 09:59:17 #310 INFO] scenario_damage   8% [219 submitted, 0 queued]
[2022-02-17 10:12:57 #310 INFO] scenario_damage   9% [219 submitted, 0 queued]
[2022-02-17 10:16:08 #310 INFO] scenario_damage  10% [219 submitted, 0 queued]
[2022-02-17 10:19:19 #310 INFO] scenario_damage  11% [219 submitted, 0 queued]
[2022-02-17 10:27:30 #310 INFO] scenario_damage  12% [219 submitted, 0 queued]
[2022-02-17 10:28:04 #310 INFO] scenario_damage  13% [219 submitted, 0 queued]
[2022-02-17 10:29:52 #310 INFO] scenario_damage  14% [219 submitted, 0 queued]
[2022-02-17 10:31:50 #310 INFO] scenario_damage  15% [219 submitted, 0 queued]
[2022-02-17 10:34:32 #310 INFO] scenario_damage  16% [219 submitted, 0 queued]
[2022-02-17 10:37:52 #310 INFO] scenario_damage  17% [219 submitted, 0 queued]
[2022-02-17 10:40:30 #310 INFO] scenario_damage  18% [219 submitted, 0 queued]
[2022-02-17 10:44:03 #310 INFO] scenario_damage  19% [219 submitted, 0 queued]
[2022-02-17 10:49:05 #310 INFO] scenario_damage  20% [219 submitted, 0 queued]
[2022-02-17 10:51:05 #310 INFO] scenario_damage  21% [219 submitted, 0 queued]
[2022-02-17 11:03:09 #310 INFO] scenario_damage  22% [219 submitted, 0 queued]
[2022-02-17 11:10:41 #310 INFO] scenario_damage  23% [219 submitted, 0 queued]
[2022-02-17 11:18:21 #310 INFO] scenario_damage  24% [219 submitted, 0 queued]
[2022-02-17 11:19:41 #310 INFO] scenario_damage  25% [219 submitted, 0 queued]
[2022-02-17 11:21:49 #310 INFO] scenario_damage  26% [219 submitted, 0 queued]
[2022-02-17 11:24:57 #310 INFO] scenario_damage  27% [219 submitted, 0 queued]
[2022-02-17 11:25:35 #310 INFO] scenario_damage  28% [219 submitted, 0 queued]
[2022-02-17 11:34:34 #310 INFO] scenario_damage  29% [219 submitted, 0 queued]
[2022-02-17 11:37:11 #310 INFO] scenario_damage  30% [219 submitted, 0 queued]
[2022-02-17 11:42:49 #310 INFO] scenario_damage  31% [219 submitted, 0 queued]
[2022-02-17 11:44:54 #310 INFO] scenario_damage  32% [219 submitted, 0 queued]
[2022-02-17 11:48:19 #310 INFO] scenario_damage  33% [219 submitted, 0 queued]
[2022-02-17 11:49:15 #310 INFO] scenario_damage  34% [219 submitted, 0 queued]
[2022-02-17 11:51:39 #310 INFO] scenario_damage  35% [219 submitted, 0 queued]
[2022-02-17 11:55:42 #310 INFO] scenario_damage  36% [219 submitted, 0 queued]
[2022-02-17 11:58:50 #310 INFO] scenario_damage  37% [219 submitted, 0 queued]
[2022-02-17 12:00:21 #310 INFO] scenario_damage  38% [219 submitted, 0 queued]
[2022-02-17 12:00:56 #310 INFO] scenario_damage  39% [219 submitted, 0 queued]
[2022-02-17 12:19:00 #310 INFO] scenario_damage  40% [219 submitted, 0 queued]
[2022-02-17 12:23:52 #310 INFO] scenario_damage  41% [219 submitted, 0 queued]
[2022-02-17 12:40:58 #310 INFO] scenario_damage  42% [219 submitted, 0 queued]
[2022-02-17 13:42:44 #310 INFO] scenario_damage  43% [219 submitted, 0 queued]
[2022-02-17 13:50:12 #310 INFO] scenario_damage  44% [219 submitted, 0 queued]
[2022-02-17 14:38:45 #310 INFO] scenario_damage  45% [219 submitted, 0 queued]
[2022-02-17 14:56:37 #310 INFO] scenario_damage  46% [219 submitted, 0 queued]
[2022-02-17 15:29:16 #310 INFO] scenario_damage  47% [219 submitted, 0 queued]
[2022-02-17 15:47:38 #310 INFO] scenario_damage  48% [219 submitted, 0 queued]
[2022-02-17 15:52:17 #310 INFO] scenario_damage  49% [219 submitted, 0 queued]
[2022-02-17 16:06:52 #310 INFO] scenario_damage  50% [219 submitted, 0 queued]
[2022-02-17 16:42:53 #310 INFO] scenario_damage  51% [219 submitted, 0 queued]
[2022-02-17 16:52:32 #310 INFO] scenario_damage  52% [219 submitted, 0 queued]
[2022-02-17 16:59:18 #310 INFO] scenario_damage  53% [219 submitted, 0 queued]
[2022-02-17 17:01:38 #310 INFO] scenario_damage  54% [219 submitted, 0 queued]
[2022-02-17 17:03:32 #310 INFO] scenario_damage  55% [219 submitted, 0 queued]
[2022-02-17 17:04:27 #310 INFO] scenario_damage  56% [219 submitted, 0 queued]
[2022-02-17 17:05:34 #310 INFO] scenario_damage  57% [219 submitted, 0 queued]
[2022-02-17 17:08:12 #310 INFO] scenario_damage  58% [219 submitted, 0 queued]
[2022-02-17 17:11:04 #310 INFO] scenario_damage  59% [219 submitted, 0 queued]
[2022-02-17 17:14:16 #310 INFO] scenario_damage  60% [219 submitted, 0 queued]
[2022-02-17 17:16:45 #310 INFO] scenario_damage  61% [219 submitted, 0 queued]
[2022-02-17 17:18:54 #310 INFO] scenario_damage  62% [219 submitted, 0 queued]
[2022-02-17 17:23:59 #310 INFO] scenario_damage  63% [219 submitted, 0 queued]
[2022-02-17 17:41:05 #310 INFO] scenario_damage  64% [219 submitted, 0 queued]
[2022-02-17 17:44:25 #310 INFO] scenario_damage  65% [219 submitted, 0 queued]
[2022-02-17 17:57:33 #310 INFO] scenario_damage  66% [219 submitted, 0 queued]
[2022-02-17 17:59:09 #310 INFO] scenario_damage  67% [219 submitted, 0 queued]
[2022-02-17 18:01:22 #310 INFO] scenario_damage  68% [219 submitted, 0 queued]
[2022-02-17 18:07:08 #310 INFO] scenario_damage  69% [219 submitted, 0 queued]
[2022-02-17 18:12:44 #310 INFO] scenario_damage  70% [219 submitted, 0 queued]
[2022-02-17 18:14:23 #310 INFO] scenario_damage  71% [219 submitted, 0 queued]
[2022-02-17 18:16:31 #310 INFO] scenario_damage  72% [219 submitted, 0 queued]
[2022-02-17 18:18:37 #310 INFO] scenario_damage  73% [219 submitted, 0 queued]
[2022-02-17 18:22:23 #310 INFO] scenario_damage  74% [219 submitted, 0 queued]
[2022-02-17 18:25:53 #310 INFO] scenario_damage  75% [219 submitted, 0 queued]
[2022-02-17 18:28:17 #310 INFO] scenario_damage  76% [219 submitted, 0 queued]
[2022-02-17 18:29:01 #310 INFO] scenario_damage  77% [219 submitted, 0 queued]
[2022-02-17 18:33:43 #310 INFO] scenario_damage  78% [219 submitted, 0 queued]
[2022-02-17 18:37:28 #310 INFO] scenario_damage  79% [219 submitted, 0 queued]
[2022-02-17 18:41:18 #310 INFO] scenario_damage  80% [219 submitted, 0 queued]
[2022-02-17 18:42:37 #310 INFO] scenario_damage  81% [219 submitted, 0 queued]
[2022-02-17 18:44:17 #310 INFO] scenario_damage  82% [219 submitted, 0 queued]
[2022-02-17 18:49:24 #310 INFO] scenario_damage  83% [219 submitted, 0 queued]
[2022-02-17 18:57:29 #310 INFO] scenario_damage  84% [219 submitted, 0 queued]
[2022-02-17 19:13:01 #310 INFO] scenario_damage  85% [219 submitted, 0 queued]
[2022-02-17 19:22:11 #310 INFO] scenario_damage  86% [219 submitted, 0 queued]
[2022-02-17 19:42:42 #310 INFO] scenario_damage  87% [219 submitted, 0 queued]
[2022-02-17 19:44:57 #310 INFO] scenario_damage  88% [219 submitted, 0 queued]
[2022-02-17 19:45:18 #310 INFO] scenario_damage  89% [219 submitted, 0 queued]
[2022-02-17 20:19:27 #310 INFO] scenario_damage  90% [219 submitted, 0 queued]
[2022-02-17 20:32:23 #310 INFO] scenario_damage  91% [219 submitted, 0 queued]
[2022-02-17 20:52:43 #310 INFO] scenario_damage  92% [219 submitted, 0 queued]
[2022-02-17 21:01:28 #310 INFO] scenario_damage  93% [219 submitted, 0 queued]
[2022-02-17 21:02:42 #310 INFO] scenario_damage  94% [219 submitted, 0 queued]
[2022-02-17 21:25:29 #310 INFO] scenario_damage  95% [219 submitted, 0 queued]
[2022-02-17 21:31:56 #310 INFO] scenario_damage  96% [219 submitted, 0 queued]
[2022-02-17 21:33:33 #310 INFO] scenario_damage  97% [219 submitted, 0 queued]
[2022-02-17 21:34:36 #310 INFO] scenario_damage  98% [219 submitted, 0 queued]
[2022-02-17 21:36:51 #310 INFO] scenario_damage  99% [219 submitted, 0 queued]
[2022-02-17 21:47:25 #310 INFO] scenario_damage 100% [219 submitted, 0 queued]
[2022-02-17 21:47:25 #310 INFO] Mean time per core=50806s, std=5123.4s, min=43952s, max=60916s
[2022-02-17 21:47:25 #310 INFO] Received {'aed': '30.12 GB', 'd_event': '7.65 GB', 'd_asset': '492.62 MB'} in 60921 seconds
[2022-02-17 21:47:25 #310 INFO] Saving 30.12 GB in dd_data (instead of 1.45 TB)
[2022-02-17 21:49:42 #310 INFO] Portfolio damage
==== ========== ========= =======
kind loss_type  dmg_state value  
==== ========== ========= =======
avg  structural no_damage 95_091 
avg  structural slight    124    
avg  structural moderate  17     
avg  structural extensive 6.07855
avg  structural complete  9.04414
std  structural no_damage 1_603  
std  structural slight    1_196  
std  structural moderate  222    
std  structural extensive 84     
std  structural complete  148    
==== ========== ========= =======
[2022-02-17 21:49:42 #310 INFO] Due to rounding errors inherent in floating-point arithmetic, the total number of buildings is not exact: {'expected': 95248.0, 'structural': 1665.6866}
[2022-02-17 21:49:51 #310 INFO] Exposing the outputs to the database
[2022-02-17 21:49:52 #310 INFO] Stored 24.95 GB on /root/oqdata/calc_310.hdf5 in 75242 seconds
/home/ssm-user/src/oq-engine/openquake/hazardlib/gsim/base.py:347: ExperimentalWarning: CanadaSHM6_ActiveCrust_BooreEtAl2014 is experimental and may change in future versions - the user is liable for their application
  warnings.warn(msg, ExperimentalWarning)
/home/ssm-user/src/oq-engine/openquake/hazardlib/gsim/base.py:347: ExperimentalWarning: CanadaSHM6_ActiveCrust_BooreEtAl2014 is experimental and may change in future versions - the user is liable for their application
  warnings.warn(msg, ExperimentalWarning)
/home/ssm-user/src/oq-engine/openquake/hazardlib/gsim/base.py:347: ExperimentalWarning: CanadaSHM6_ActiveCrust_BooreEtAl2014 is experimental and may change in future versions - the user is liable for their application
  warnings.warn(msg, ExperimentalWarning)
/home/ssm-user/src/oq-engine/openquake/hazardlib/gsim/base.py:347: ExperimentalWarning: CanadaSHM6_ActiveCrust_BooreEtAl2014 is experimental and may change in future versions - the user is liable for their application
  warnings.warn(msg, ExperimentalWarning)
/home/ssm-user/src/oq-engine/openquake/hazardlib/gsim/base.py:347: ExperimentalWarning: CanadaSHM6_ActiveCrust_BooreEtAl2014 is experimental and may change in future versions - the user is liable for their application
  warnings.warn(msg, ExperimentalWarning)
/home/ssm-user/src/oq-engine/openquake/hazardlib/gsim/base.py:347: ExperimentalWarning: CanadaSHM6_ActiveCrust_BooreEtAl2014 is experimental and may change in future versions - the user is liable for their application
  warnings.warn(msg, ExperimentalWarning)
/home/ssm-user/src/oq-engine/openquake/hazardlib/gsim/base.py:347: ExperimentalWarning: CanadaSHM6_ActiveCrust_BooreEtAl2014 is experimental and may change in future versions - the user is liable for their application
  warnings.warn(msg, ExperimentalWarning)
/home/ssm-user/src/oq-engine/openquake/hazardlib/gsim/base.py:347: ExperimentalWarning: CanadaSHM6_ActiveCrust_BooreEtAl2014 is experimental and may change in future versions - the user is liable for their application
  warnings.warn(msg, ExperimentalWarning)
/home/ssm-user/src/oq-engine/openquake/hazardlib/gsim/base.py:347: ExperimentalWarning: CanadaSHM6_ActiveCrust_BooreEtAl2014 is experimental and may change in future versions - the user is liable for their application
  warnings.warn(msg, ExperimentalWarning)
/home/ssm-user/src/oq-engine/openquake/hazardlib/gsim/base.py:347: ExperimentalWarning: CanadaSHM6_ActiveCrust_BooreEtAl2014 is experimental and may change in future versions - the user is liable for their application
  warnings.warn(msg, ExperimentalWarning)
/home/ssm-user/src/oq-engine/openquake/hazardlib/gsim/base.py:347: ExperimentalWarning: CanadaSHM6_ActiveCrust_BooreEtAl2014 is experimental and may change in future versions - the user is liable for their application
  warnings.warn(msg, ExperimentalWarning)
/home/ssm-user/src/oq-engine/openquake/hazardlib/gsim/base.py:347: ExperimentalWarning: CanadaSHM6_ActiveCrust_BooreEtAl2014 is experimental and may change in future versions - the user is liable for their application
  warnings.warn(msg, ExperimentalWarning)
/home/ssm-user/src/oq-engine/openquake/hazardlib/gsim/base.py:347: ExperimentalWarning: CanadaSHM6_ActiveCrust_BooreEtAl2014 is experimental and may change in future versions - the user is liable for their application
  warnings.warn(msg, ExperimentalWarning)
/home/ssm-user/src/oq-engine/openquake/hazardlib/gsim/base.py:347: ExperimentalWarning: CanadaSHM6_ActiveCrust_BooreEtAl2014 is experimental and may change in future versions - the user is liable for their application
  warnings.warn(msg, ExperimentalWarning)
/home/ssm-user/src/oq-engine/openquake/hazardlib/gsim/base.py:347: ExperimentalWarning: CanadaSHM6_ActiveCrust_BooreEtAl2014 is experimental and may change in future versions - the user is liable for their application
  warnings.warn(msg, ExperimentalWarning)
/home/ssm-user/src/oq-engine/openquake/hazardlib/gsim/base.py:347: ExperimentalWarning: CanadaSHM6_ActiveCrust_BooreEtAl2014 is experimental and may change in future versions - the user is liable for their application
  warnings.warn(msg, ExperimentalWarning)
/home/ssm-user/src/oq-engine/openquake/hazardlib/gsim/base.py:347: ExperimentalWarning: CanadaSHM6_ActiveCrust_BooreEtAl2014 is experimental and may change in future versions - the user is liable for their application
  warnings.warn(msg, ExperimentalWarning)
/home/ssm-user/src/oq-engine/openquake/hazardlib/gsim/base.py:347: ExperimentalWarning: CanadaSHM6_ActiveCrust_BooreEtAl2014 is experimental and may change in future versions - the user is liable for their application
  warnings.warn(msg, ExperimentalWarning)
/home/ssm-user/src/oq-engine/openquake/hazardlib/gsim/base.py:347: ExperimentalWarning: CanadaSHM6_ActiveCrust_BooreEtAl2014 is experimental and may change in future versions - the user is liable for their application
  warnings.warn(msg, ExperimentalWarning)
/home/ssm-user/src/oq-engine/openquake/hazardlib/gsim/base.py:347: ExperimentalWarning: CanadaSHM6_ActiveCrust_BooreEtAl2014 is experimental and may change in future versions - the user is liable for their application
  warnings.warn(msg, ExperimentalWarning)
/home/ssm-user/src/oq-engine/openquake/hazardlib/gsim/base.py:347: ExperimentalWarning: CanadaSHM6_ActiveCrust_BooreEtAl2014 is experimental and may change in future versions - the user is liable for their application
  warnings.warn(msg, ExperimentalWarning)
/home/ssm-user/src/oq-engine/openquake/hazardlib/gsim/base.py:347: ExperimentalWarning: CanadaSHM6_ActiveCrust_BooreEtAl2014 is experimental and may change in future versions - the user is liable for their application
  warnings.warn(msg, ExperimentalWarning)
/home/ssm-user/src/oq-engine/openquake/hazardlib/gsim/base.py:347: ExperimentalWarning: CanadaSHM6_ActiveCrust_BooreEtAl2014 is experimental and may change in future versions - the user is liable for their application
  warnings.warn(msg, ExperimentalWarning)
/home/ssm-user/src/oq-engine/openquake/hazardlib/gsim/base.py:347: ExperimentalWarning: CanadaSHM6_ActiveCrust_BooreEtAl2014 is experimental and may change in future versions - the user is liable for their application
  warnings.warn(msg, ExperimentalWarning)
/home/ssm-user/src/oq-engine/openquake/hazardlib/gsim/base.py:347: ExperimentalWarning: CanadaSHM6_ActiveCrust_BooreEtAl2014 is experimental and may change in future versions - the user is liable for their application
  warnings.warn(msg, ExperimentalWarning)
/home/ssm-user/src/oq-engine/openquake/hazardlib/gsim/base.py:347: ExperimentalWarning: CanadaSHM6_ActiveCrust_BooreEtAl2014 is experimental and may change in future versions - the user is liable for their application
  warnings.warn(msg, ExperimentalWarning)
/home/ssm-user/src/oq-engine/openquake/hazardlib/gsim/base.py:347: ExperimentalWarning: CanadaSHM6_ActiveCrust_BooreEtAl2014 is experimental and may change in future versions - the user is liable for their application
  warnings.warn(msg, ExperimentalWarning)
/home/ssm-user/src/oq-engine/openquake/hazardlib/gsim/base.py:347: ExperimentalWarning: CanadaSHM6_ActiveCrust_BooreEtAl2014 is experimental and may change in future versions - the user is liable for their application
  warnings.warn(msg, ExperimentalWarning)
/home/ssm-user/src/oq-engine/openquake/hazardlib/gsim/base.py:347: ExperimentalWarning: CanadaSHM6_ActiveCrust_BooreEtAl2014 is experimental and may change in future versions - the user is liable for their application
  warnings.warn(msg, ExperimentalWarning)
/home/ssm-user/src/oq-engine/openquake/hazardlib/gsim/base.py:347: ExperimentalWarning: CanadaSHM6_ActiveCrust_BooreEtAl2014 is experimental and may change in future versions - the user is liable for their application
  warnings.warn(msg, ExperimentalWarning)
/home/ssm-user/src/oq-engine/openquake/hazardlib/gsim/base.py:347: ExperimentalWarning: CanadaSHM6_ActiveCrust_BooreEtAl2014 is experimental and may change in future versions - the user is liable for their application
  warnings.warn(msg, ExperimentalWarning)
/home/ssm-user/src/oq-engine/openquake/hazardlib/gsim/base.py:347: ExperimentalWarning: CanadaSHM6_ActiveCrust_BooreEtAl2014 is experimental and may change in future versions - the user is liable for their application
  warnings.warn(msg, ExperimentalWarning)
/home/ssm-user/src/oq-engine/openquake/hazardlib/gsim/base.py:347: ExperimentalWarning: CanadaSHM6_ActiveCrust_BooreEtAl2014 is experimental and may change in future versions - the user is liable for their application
  warnings.warn(msg, ExperimentalWarning)
/home/ssm-user/src/oq-engine/openquake/hazardlib/gsim/base.py:347: ExperimentalWarning: CanadaSHM6_ActiveCrust_BooreEtAl2014 is experimental and may change in future versions - the user is liable for their application
  warnings.warn(msg, ExperimentalWarning)
/home/ssm-user/src/oq-engine/openquake/hazardlib/gsim/base.py:347: ExperimentalWarning: CanadaSHM6_ActiveCrust_BooreEtAl2014 is experimental and may change in future versions - the user is liable for their application
  warnings.warn(msg, ExperimentalWarning)
/home/ssm-user/src/oq-engine/openquake/hazardlib/gsim/base.py:347: ExperimentalWarning: CanadaSHM6_ActiveCrust_BooreEtAl2014 is experimental and may change in future versions - the user is liable for their application
  warnings.warn(msg, ExperimentalWarning)
/home/ssm-user/src/oq-engine/openquake/hazardlib/gsim/base.py:347: ExperimentalWarning: CanadaSHM6_ActiveCrust_BooreEtAl2014 is experimental and may change in future versions - the user is liable for their application
  warnings.warn(msg, ExperimentalWarning)
/home/ssm-user/src/oq-engine/openquake/hazardlib/gsim/base.py:347: ExperimentalWarning: CanadaSHM6_ActiveCrust_BooreEtAl2014 is experimental and may change in future versions - the user is liable for their application
  warnings.warn(msg, ExperimentalWarning)
/home/ssm-user/src/oq-engine/openquake/hazardlib/gsim/base.py:347: ExperimentalWarning: CanadaSHM6_ActiveCrust_BooreEtAl2014 is experimental and may change in future versions - the user is liable for their application
  warnings.warn(msg, ExperimentalWarning)
/home/ssm-user/src/oq-engine/openquake/hazardlib/gsim/base.py:347: ExperimentalWarning: CanadaSHM6_ActiveCrust_BooreEtAl2014 is experimental and may change in future versions - the user is liable for their application
  warnings.warn(msg, ExperimentalWarning)
/home/ssm-user/src/oq-engine/openquake/hazardlib/gsim/base.py:347: ExperimentalWarning: CanadaSHM6_ActiveCrust_BooreEtAl2014 is experimental and may change in future versions - the user is liable for their application
  warnings.warn(msg, ExperimentalWarning)
/home/ssm-user/src/oq-engine/openquake/hazardlib/gsim/base.py:347: ExperimentalWarning: CanadaSHM6_ActiveCrust_BooreEtAl2014 is experimental and may change in future versions - the user is liable for their application
  warnings.warn(msg, ExperimentalWarning)
/home/ssm-user/src/oq-engine/openquake/hazardlib/gsim/base.py:347: ExperimentalWarning: CanadaSHM6_ActiveCrust_BooreEtAl2014 is experimental and may change in future versions - the user is liable for their application
  warnings.warn(msg, ExperimentalWarning)
/home/ssm-user/src/oq-engine/openquake/hazardlib/gsim/base.py:347: ExperimentalWarning: CanadaSHM6_ActiveCrust_BooreEtAl2014 is experimental and may change in future versions - the user is liable for their application
  warnings.warn(msg, ExperimentalWarning)
/home/ssm-user/src/oq-engine/openquake/hazardlib/gsim/base.py:347: ExperimentalWarning: CanadaSHM6_ActiveCrust_BooreEtAl2014 is experimental and may change in future versions - the user is liable for their application
  warnings.warn(msg, ExperimentalWarning)
/home/ssm-user/src/oq-engine/openquake/hazardlib/gsim/base.py:347: ExperimentalWarning: CanadaSHM6_ActiveCrust_BooreEtAl2014 is experimental and may change in future versions - the user is liable for their application
  warnings.warn(msg, ExperimentalWarning)
/home/ssm-user/src/oq-engine/openquake/hazardlib/gsim/base.py:347: ExperimentalWarning: CanadaSHM6_ActiveCrust_BooreEtAl2014 is experimental and may change in future versions - the user is liable for their application
  warnings.warn(msg, ExperimentalWarning)
/home/ssm-user/src/oq-engine/openquake/hazardlib/gsim/base.py:347: ExperimentalWarning: CanadaSHM6_ActiveCrust_BooreEtAl2014 is experimental and may change in future versions - the user is liable for their application
  warnings.warn(msg, ExperimentalWarning)
/home/ssm-user/src/oq-engine/openquake/hazardlib/gsim/base.py:347: ExperimentalWarning: CanadaSHM6_ActiveCrust_BooreEtAl2014 is experimental and may change in future versions - the user is liable for their application
  warnings.warn(msg, ExperimentalWarning)
/home/ssm-user/src/oq-engine/openquake/hazardlib/gsim/base.py:347: ExperimentalWarning: CanadaSHM6_ActiveCrust_BooreEtAl2014 is experimental and may change in future versions - the user is liable for their application
  warnings.warn(msg, ExperimentalWarning)
/home/ssm-user/src/oq-engine/openquake/hazardlib/gsim/base.py:347: ExperimentalWarning: CanadaSHM6_ActiveCrust_BooreEtAl2014 is experimental and may change in future versions - the user is liable for their application
  warnings.warn(msg, ExperimentalWarning)
/home/ssm-user/src/oq-engine/openquake/hazardlib/gsim/base.py:347: ExperimentalWarning: CanadaSHM6_ActiveCrust_BooreEtAl2014 is experimental and may change in future versions - the user is liable for their application
  warnings.warn(msg, ExperimentalWarning)
/home/ssm-user/src/oq-engine/openquake/hazardlib/gsim/base.py:347: ExperimentalWarning: CanadaSHM6_ActiveCrust_BooreEtAl2014 is experimental and may change in future versions - the user is liable for their application
  warnings.warn(msg, ExperimentalWarning)
/home/ssm-user/src/oq-engine/openquake/hazardlib/gsim/base.py:347: ExperimentalWarning: CanadaSHM6_ActiveCrust_BooreEtAl2014 is experimental and may change in future versions - the user is liable for their application
  warnings.warn(msg, ExperimentalWarning)
/home/ssm-user/src/oq-engine/openquake/hazardlib/gsim/base.py:347: ExperimentalWarning: CanadaSHM6_ActiveCrust_BooreEtAl2014 is experimental and may change in future versions - the user is liable for their application
  warnings.warn(msg, ExperimentalWarning)
/home/ssm-user/src/oq-engine/openquake/hazardlib/gsim/base.py:347: ExperimentalWarning: CanadaSHM6_ActiveCrust_BooreEtAl2014 is experimental and may change in future versions - the user is liable for their application
  warnings.warn(msg, ExperimentalWarning)
/home/ssm-user/src/oq-engine/openquake/hazardlib/gsim/base.py:347: ExperimentalWarning: CanadaSHM6_ActiveCrust_BooreEtAl2014 is experimental and may change in future versions - the user is liable for their application
  warnings.warn(msg, ExperimentalWarning)
/home/ssm-user/src/oq-engine/openquake/hazardlib/gsim/base.py:347: ExperimentalWarning: CanadaSHM6_ActiveCrust_BooreEtAl2014 is experimental and may change in future versions - the user is liable for their application
  warnings.warn(msg, ExperimentalWarning)
/home/ssm-user/src/oq-engine/openquake/hazardlib/gsim/base.py:347: ExperimentalWarning: CanadaSHM6_ActiveCrust_BooreEtAl2014 is experimental and may change in future versions - the user is liable for their application
  warnings.warn(msg, ExperimentalWarning)
/home/ssm-user/src/oq-engine/openquake/hazardlib/gsim/base.py:347: ExperimentalWarning: CanadaSHM6_ActiveCrust_BooreEtAl2014 is experimental and may change in future versions - the user is liable for their application
  warnings.warn(msg, ExperimentalWarning)
/home/ssm-user/src/oq-engine/openquake/hazardlib/gsim/base.py:347: ExperimentalWarning: CanadaSHM6_ActiveCrust_BooreEtAl2014 is experimental and may change in future versions - the user is liable for their application
  warnings.warn(msg, ExperimentalWarning)
/home/ssm-user/src/oq-engine/openquake/hazardlib/gsim/base.py:347: ExperimentalWarning: CanadaSHM6_ActiveCrust_BooreEtAl2014 is experimental and may change in future versions - the user is liable for their application
  warnings.warn(msg, ExperimentalWarning)
/home/ssm-user/src/oq-engine/openquake/hazardlib/gsim/base.py:347: ExperimentalWarning: CanadaSHM6_ActiveCrust_BooreEtAl2014 is experimental and may change in future versions - the user is liable for their application
  warnings.warn(msg, ExperimentalWarning)
/home/ssm-user/src/oq-engine/openquake/hazardlib/gsim/base.py:347: ExperimentalWarning: CanadaSHM6_ActiveCrust_BooreEtAl2014 is experimental and may change in future versions - the user is liable for their application
  warnings.warn(msg, ExperimentalWarning)
/home/ssm-user/src/oq-engine/openquake/hazardlib/gsim/base.py:347: ExperimentalWarning: CanadaSHM6_ActiveCrust_BooreEtAl2014 is experimental and may change in future versions - the user is liable for their application
  warnings.warn(msg, ExperimentalWarning)
/home/ssm-user/src/oq-engine/openquake/hazardlib/gsim/base.py:347: ExperimentalWarning: CanadaSHM6_ActiveCrust_BooreEtAl2014 is experimental and may change in future versions - the user is liable for their application
  warnings.warn(msg, ExperimentalWarning)
/home/ssm-user/src/oq-engine/openquake/hazardlib/gsim/base.py:347: ExperimentalWarning: CanadaSHM6_ActiveCrust_BooreEtAl2014 is experimental and may change in future versions - the user is liable for their application
  warnings.warn(msg, ExperimentalWarning)
/home/ssm-user/src/oq-engine/openquake/hazardlib/gsim/base.py:347: ExperimentalWarning: CanadaSHM6_ActiveCrust_BooreEtAl2014 is experimental and may change in future versions - the user is liable for their application
  warnings.warn(msg, ExperimentalWarning)
/home/ssm-user/src/oq-engine/openquake/hazardlib/gsim/base.py:347: ExperimentalWarning: CanadaSHM6_ActiveCrust_BooreEtAl2014 is experimental and may change in future versions - the user is liable for their application
  warnings.warn(msg, ExperimentalWarning)
/home/ssm-user/src/oq-engine/openquake/hazardlib/gsim/base.py:347: ExperimentalWarning: CanadaSHM6_ActiveCrust_BooreEtAl2014 is experimental and may change in future versions - the user is liable for their application
  warnings.warn(msg, ExperimentalWarning)
/home/ssm-user/src/oq-engine/openquake/hazardlib/gsim/base.py:347: ExperimentalWarning: CanadaSHM6_ActiveCrust_BooreEtAl2014 is experimental and may change in future versions - the user is liable for their application
  warnings.warn(msg, ExperimentalWarning)
/home/ssm-user/src/oq-engine/openquake/hazardlib/gsim/base.py:347: ExperimentalWarning: CanadaSHM6_ActiveCrust_BooreEtAl2014 is experimental and may change in future versions - the user is liable for their application
  warnings.warn(msg, ExperimentalWarning)
/home/ssm-user/src/oq-engine/openquake/hazardlib/gsim/base.py:347: ExperimentalWarning: CanadaSHM6_ActiveCrust_BooreEtAl2014 is experimental and may change in future versions - the user is liable for their application
  warnings.warn(msg, ExperimentalWarning)
/home/ssm-user/src/oq-engine/openquake/hazardlib/gsim/base.py:347: ExperimentalWarning: CanadaSHM6_ActiveCrust_BooreEtAl2014 is experimental and may change in future versions - the user is liable for their application
  warnings.warn(msg, ExperimentalWarning)
/home/ssm-user/src/oq-engine/openquake/hazardlib/gsim/base.py:347: ExperimentalWarning: CanadaSHM6_ActiveCrust_BooreEtAl2014 is experimental and may change in future versions - the user is liable for their application
  warnings.warn(msg, ExperimentalWarning)
/home/ssm-user/src/oq-engine/openquake/hazardlib/gsim/base.py:347: ExperimentalWarning: CanadaSHM6_ActiveCrust_BooreEtAl2014 is experimental and may change in future versions - the user is liable for their application
  warnings.warn(msg, ExperimentalWarning)
/home/ssm-user/src/oq-engine/openquake/hazardlib/gsim/base.py:347: ExperimentalWarning: CanadaSHM6_ActiveCrust_BooreEtAl2014 is experimental and may change in future versions - the user is liable for their application
  warnings.warn(msg, ExperimentalWarning)
/home/ssm-user/src/oq-engine/openquake/hazardlib/gsim/base.py:347: ExperimentalWarning: CanadaSHM6_ActiveCrust_BooreEtAl2014 is experimental and may change in future versions - the user is liable for their application
  warnings.warn(msg, ExperimentalWarning)
/home/ssm-user/src/oq-engine/openquake/hazardlib/gsim/base.py:347: ExperimentalWarning: CanadaSHM6_ActiveCrust_BooreEtAl2014 is experimental and may change in future versions - the user is liable for their application
  warnings.warn(msg, ExperimentalWarning)
/home/ssm-user/src/oq-engine/openquake/hazardlib/gsim/base.py:347: ExperimentalWarning: CanadaSHM6_ActiveCrust_BooreEtAl2014 is experimental and may change in future versions - the user is liable for their application
  warnings.warn(msg, ExperimentalWarning)
/home/ssm-user/src/oq-engine/openquake/hazardlib/gsim/base.py:347: ExperimentalWarning: CanadaSHM6_ActiveCrust_BooreEtAl2014 is experimental and may change in future versions - the user is liable for their application
  warnings.warn(msg, ExperimentalWarning)
/home/ssm-user/src/oq-engine/openquake/hazardlib/gsim/base.py:347: ExperimentalWarning: CanadaSHM6_ActiveCrust_BooreEtAl2014 is experimental and may change in future versions - the user is liable for their application
  warnings.warn(msg, ExperimentalWarning)
/home/ssm-user/src/oq-engine/openquake/hazardlib/gsim/base.py:347: ExperimentalWarning: CanadaSHM6_ActiveCrust_BooreEtAl2014 is experimental and may change in future versions - the user is liable for their application
  warnings.warn(msg, ExperimentalWarning)
/home/ssm-user/src/oq-engine/openquake/hazardlib/gsim/base.py:347: ExperimentalWarning: CanadaSHM6_ActiveCrust_BooreEtAl2014 is experimental and may change in future versions - the user is liable for their application
  warnings.warn(msg, ExperimentalWarning)
/home/ssm-user/src/oq-engine/openquake/hazardlib/gsim/base.py:347: ExperimentalWarning: CanadaSHM6_ActiveCrust_BooreEtAl2014 is experimental and may change in future versions - the user is liable for their application
  warnings.warn(msg, ExperimentalWarning)
/home/ssm-user/src/oq-engine/openquake/hazardlib/gsim/base.py:347: ExperimentalWarning: CanadaSHM6_ActiveCrust_BooreEtAl2014 is experimental and may change in future versions - the user is liable for their application
  warnings.warn(msg, ExperimentalWarning)
/home/ssm-user/src/oq-engine/openquake/hazardlib/gsim/base.py:347: ExperimentalWarning: CanadaSHM6_ActiveCrust_BooreEtAl2014 is experimental and may change in future versions - the user is liable for their application
  warnings.warn(msg, ExperimentalWarning)
/home/ssm-user/src/oq-engine/openquake/hazardlib/gsim/base.py:347: ExperimentalWarning: CanadaSHM6_ActiveCrust_BooreEtAl2014 is experimental and may change in future versions - the user is liable for their application
  warnings.warn(msg, ExperimentalWarning)
/home/ssm-user/src/oq-engine/openquake/hazardlib/gsim/base.py:347: ExperimentalWarning: CanadaSHM6_ActiveCrust_BooreEtAl2014 is experimental and may change in future versions - the user is liable for their application
  warnings.warn(msg, ExperimentalWarning)
/home/ssm-user/src/oq-engine/openquake/hazardlib/gsim/base.py:347: ExperimentalWarning: CanadaSHM6_ActiveCrust_BooreEtAl2014 is experimental and may change in future versions - the user is liable for their application
  warnings.warn(msg, ExperimentalWarning)
/home/ssm-user/src/oq-engine/openquake/hazardlib/gsim/base.py:347: ExperimentalWarning: CanadaSHM6_ActiveCrust_BooreEtAl2014 is experimental and may change in future versions - the user is liable for their application
  warnings.warn(msg, ExperimentalWarning)
/home/ssm-user/src/oq-engine/openquake/hazardlib/gsim/base.py:347: ExperimentalWarning: CanadaSHM6_ActiveCrust_BooreEtAl2014 is experimental and may change in future versions - the user is liable for their application
  warnings.warn(msg, ExperimentalWarning)
/home/ssm-user/src/oq-engine/openquake/hazardlib/gsim/base.py:347: ExperimentalWarning: CanadaSHM6_ActiveCrust_BooreEtAl2014 is experimental and may change in future versions - the user is liable for their application
  warnings.warn(msg, ExperimentalWarning)
/home/ssm-user/src/oq-engine/openquake/hazardlib/gsim/base.py:347: ExperimentalWarning: CanadaSHM6_ActiveCrust_BooreEtAl2014 is experimental and may change in future versions - the user is liable for their application
  warnings.warn(msg, ExperimentalWarning)
/home/ssm-user/src/oq-engine/openquake/hazardlib/gsim/base.py:347: ExperimentalWarning: CanadaSHM6_ActiveCrust_BooreEtAl2014 is experimental and may change in future versions - the user is liable for their application
  warnings.warn(msg, ExperimentalWarning)
/home/ssm-user/src/oq-engine/openquake/hazardlib/gsim/base.py:347: ExperimentalWarning: CanadaSHM6_ActiveCrust_BooreEtAl2014 is experimental and may change in future versions - the user is liable for their application
  warnings.warn(msg, ExperimentalWarning)
[2022-02-17 21:49:53 #311 INFO] root running /mnt/storage/canada-srm2/eDamage/input/eDamage_r1_BC_V_GreaterVancouverVancouver.ini [--hc=310]
[2022-02-17 21:49:53 #311 INFO] Using engine version 3.11.3-git29ac352f7d
[2022-02-17 21:49:53 #311 WARNING] Version v3.11.5 of the engine is available, but you are still using version 3.11.3-git29ac352f7d
[2022-02-17 21:49:53 #311 WARNING] Using 96 cores on ip-10-70-136-127
[2022-02-17 21:49:53 #311 INFO] Validated nationalModel.xml in 0.01 seconds
[2022-02-17 21:49:53 #311 INFO] Checksum of the input files: 514598877
[2022-02-17 21:49:53 #311 INFO] Reading the risk model if present
[2022-02-17 21:49:57 #311 INFO] Reading /mnt/storage/openquake-inputs/exposure/general-building-stock/oqBldgExp_BC_V_GreaterVancouverVancouver.xml
[2022-02-17 21:50:01 #311 INFO] Associated 28533 assets to 1025 sites
[2022-02-17 21:50:03 #311 INFO] Reducing risk model from 4224 to 546 taxonomies
[2022-02-17 21:50:04 #311 INFO] minimum_asset_loss={'structural': 0}
[2022-02-17 21:50:04 #311 INFO] Storing risk model
[2022-02-17 21:50:05 #311 INFO] Building risk inputs from 200 realization(s)
[2022-02-17 21:56:15 #311 INFO] Grouping the GMFs by site ID
[2022-02-17 21:59:31 #311 INFO] Built 1025 risk inputs
  id | name
2174 | Aggregate Event Damages
2172 | Asset Damage Distributions
2173 | Asset Damage Statistics
2180 | Earthquake Ruptures
2175 | Events
2176 | Full Report
2177 | Ground Motion Fields
2178 | Input Files
2179 | Realizations
[2022-02-17 22:01:09 #311 INFO] Sent 219 tasks, 40.54 GB in 74 seconds
[2022-02-18 01:38:08 #311 INFO] scenario_damage   1% [219 submitted, 0 queued]
[2022-02-18 02:18:41 #311 INFO] scenario_damage   2% [219 submitted, 0 queued]
[2022-02-18 02:42:22 #311 INFO] scenario_damage   3% [219 submitted, 0 queued]
[2022-02-18 02:47:30 #311 INFO] scenario_damage   4% [219 submitted, 0 queued]
[2022-02-18 02:55:39 #311 INFO] scenario_damage   5% [219 submitted, 0 queued]
[2022-02-18 03:07:30 #311 INFO] scenario_damage   6% [219 submitted, 0 queued]
[2022-02-18 03:10:51 #311 INFO] scenario_damage   7% [219 submitted, 0 queued]
[2022-02-18 03:18:06 #311 INFO] scenario_damage   8% [219 submitted, 0 queued]
[2022-02-18 03:24:11 #311 INFO] scenario_damage   9% [219 submitted, 0 queued]
[2022-02-18 03:26:31 #311 INFO] scenario_damage  10% [219 submitted, 0 queued]
[2022-02-18 03:32:09 #311 INFO] scenario_damage  11% [219 submitted, 0 queued]
[2022-02-18 03:33:41 #311 INFO] scenario_damage  12% [219 submitted, 0 queued]
[2022-02-18 03:38:35 #311 INFO] scenario_damage  13% [219 submitted, 0 queued]
[2022-02-18 03:40:06 #311 INFO] scenario_damage  14% [219 submitted, 0 queued]
[2022-02-18 03:42:04 #311 INFO] scenario_damage  15% [219 submitted, 0 queued]
[2022-02-18 03:47:39 #311 INFO] scenario_damage  16% [219 submitted, 0 queued]
[2022-02-18 03:48:01 #311 INFO] scenario_damage  17% [219 submitted, 0 queued]
[2022-02-18 03:55:20 #311 INFO] scenario_damage  18% [219 submitted, 0 queued]
[2022-02-18 03:56:50 #311 INFO] scenario_damage  19% [219 submitted, 0 queued]
[2022-02-18 04:02:27 #311 INFO] scenario_damage  20% [219 submitted, 0 queued]
[2022-02-18 04:04:49 #311 INFO] scenario_damage  21% [219 submitted, 0 queued]
[2022-02-18 04:16:00 #311 INFO] scenario_damage  22% [219 submitted, 0 queued]
[2022-02-18 04:19:01 #311 INFO] scenario_damage  23% [219 submitted, 0 queued]
[2022-02-18 04:25:24 #311 INFO] scenario_damage  24% [219 submitted, 0 queued]
[2022-02-18 04:28:50 #311 INFO] scenario_damage  25% [219 submitted, 0 queued]
[2022-02-18 04:31:05 #311 INFO] scenario_damage  26% [219 submitted, 0 queued]
[2022-02-18 04:37:39 #311 INFO] scenario_damage  27% [219 submitted, 0 queued]
[2022-02-18 04:40:58 #311 INFO] scenario_damage  28% [219 submitted, 0 queued]
[2022-02-18 04:47:08 #311 INFO] scenario_damage  29% [219 submitted, 0 queued]
[2022-02-18 04:51:31 #311 INFO] scenario_damage  30% [219 submitted, 0 queued]
[2022-02-18 04:53:08 #311 INFO] scenario_damage  31% [219 submitted, 0 queued]
[2022-02-18 04:54:18 #311 INFO] scenario_damage  32% [219 submitted, 0 queued]
[2022-02-18 04:54:48 #311 INFO] scenario_damage  33% [219 submitted, 0 queued]
[2022-02-18 04:58:52 #311 INFO] scenario_damage  34% [219 submitted, 0 queued]
[2022-02-18 05:01:16 #311 INFO] scenario_damage  35% [219 submitted, 0 queued]
[2022-02-18 05:07:09 #311 INFO] scenario_damage  36% [219 submitted, 0 queued]
[2022-02-18 05:09:44 #311 INFO] scenario_damage  37% [219 submitted, 0 queued]
[2022-02-18 05:11:48 #311 INFO] scenario_damage  38% [219 submitted, 0 queued]
[2022-02-18 05:16:46 #311 INFO] scenario_damage  39% [219 submitted, 0 queued]
[2022-02-18 05:22:59 #311 INFO] scenario_damage  40% [219 submitted, 0 queued]
[2022-02-18 05:33:29 #311 INFO] scenario_damage  41% [219 submitted, 0 queued]
[2022-02-18 05:43:52 #311 INFO] scenario_damage  42% [219 submitted, 0 queued]
[2022-02-18 06:44:00 #311 INFO] scenario_damage  43% [219 submitted, 0 queued]
[2022-02-18 07:13:28 #311 INFO] scenario_damage  44% [219 submitted, 0 queued]
[2022-02-18 07:50:56 #311 INFO] scenario_damage  45% [219 submitted, 0 queued]
[2022-02-18 08:22:55 #311 INFO] scenario_damage  46% [219 submitted, 0 queued]
[2022-02-18 08:42:26 #311 INFO] scenario_damage  47% [219 submitted, 0 queued]
[2022-02-18 09:01:50 #311 INFO] scenario_damage  48% [219 submitted, 0 queued]
[2022-02-18 09:05:29 #311 INFO] scenario_damage  49% [219 submitted, 0 queued]
[2022-02-18 09:15:37 #311 INFO] scenario_damage  50% [219 submitted, 0 queued]
[2022-02-18 09:51:37 #311 INFO] scenario_damage  51% [219 submitted, 0 queued]
[2022-02-18 10:08:54 #311 INFO] scenario_damage  52% [219 submitted, 0 queued]
[2022-02-18 10:13:21 #311 INFO] scenario_damage  53% [219 submitted, 0 queued]
[2022-02-18 10:17:36 #311 INFO] scenario_damage  54% [219 submitted, 0 queued]
[2022-02-18 10:19:52 #311 INFO] scenario_damage  55% [219 submitted, 0 queued]
[2022-02-18 10:20:40 #311 INFO] scenario_damage  56% [219 submitted, 0 queued]
[2022-02-18 10:21:48 #311 INFO] scenario_damage  57% [219 submitted, 0 queued]
[2022-02-18 10:23:05 #311 INFO] scenario_damage  58% [219 submitted, 0 queued]
[2022-02-18 10:24:49 #311 INFO] scenario_damage  59% [219 submitted, 0 queued]
[2022-02-18 10:25:57 #311 INFO] scenario_damage  60% [219 submitted, 0 queued]
[2022-02-18 10:26:45 #311 INFO] scenario_damage  61% [219 submitted, 0 queued]
[2022-02-18 10:32:45 #311 INFO] scenario_damage  62% [219 submitted, 0 queued]
[2022-02-18 10:38:36 #311 INFO] scenario_damage  63% [219 submitted, 0 queued]
[2022-02-18 10:49:28 #311 INFO] scenario_damage  64% [219 submitted, 0 queued]
[2022-02-18 10:56:41 #311 INFO] scenario_damage  65% [219 submitted, 0 queued]
[2022-02-18 11:01:31 #311 INFO] scenario_damage  66% [219 submitted, 0 queued]
[2022-02-18 11:12:21 #311 INFO] scenario_damage  67% [219 submitted, 0 queued]
[2022-02-18 11:14:07 #311 INFO] scenario_damage  68% [219 submitted, 0 queued]
[2022-02-18 11:19:03 #311 INFO] scenario_damage  69% [219 submitted, 0 queued]
[2022-02-18 11:22:14 #311 INFO] scenario_damage  70% [219 submitted, 0 queued]
[2022-02-18 11:24:47 #311 INFO] scenario_damage  71% [219 submitted, 0 queued]
[2022-02-18 11:25:30 #311 INFO] scenario_damage  72% [219 submitted, 0 queued]
[2022-02-18 11:28:38 #311 INFO] scenario_damage  73% [219 submitted, 0 queued]
[2022-02-18 11:31:11 #311 INFO] scenario_damage  74% [219 submitted, 0 queued]
[2022-02-18 11:33:24 #311 INFO] scenario_damage  75% [219 submitted, 0 queued]
[2022-02-18 11:40:17 #311 INFO] scenario_damage  76% [219 submitted, 0 queued]
[2022-02-18 11:43:42 #311 INFO] scenario_damage  77% [219 submitted, 0 queued]
[2022-02-18 11:46:57 #311 INFO] scenario_damage  78% [219 submitted, 0 queued]
[2022-02-18 11:53:25 #311 INFO] scenario_damage  79% [219 submitted, 0 queued]
[2022-02-18 11:57:22 #311 INFO] scenario_damage  80% [219 submitted, 0 queued]
[2022-02-18 11:58:49 #311 INFO] scenario_damage  81% [219 submitted, 0 queued]
[2022-02-18 12:02:50 #311 INFO] scenario_damage  82% [219 submitted, 0 queued]
[2022-02-18 12:08:44 #311 INFO] scenario_damage  83% [219 submitted, 0 queued]
[2022-02-18 12:12:00 #311 INFO] scenario_damage  84% [219 submitted, 0 queued]
[2022-02-18 12:24:41 #311 INFO] scenario_damage  85% [219 submitted, 0 queued]
[2022-02-18 12:40:08 #311 INFO] scenario_damage  86% [219 submitted, 0 queued]
[2022-02-18 12:46:10 #311 INFO] scenario_damage  87% [219 submitted, 0 queued]
[2022-02-18 12:52:41 #311 INFO] scenario_damage  88% [219 submitted, 0 queued]
[2022-02-18 13:07:18 #311 INFO] scenario_damage  89% [219 submitted, 0 queued]
[2022-02-18 13:35:14 #311 INFO] scenario_damage  90% [219 submitted, 0 queued]
[2022-02-18 13:46:14 #311 INFO] scenario_damage  91% [219 submitted, 0 queued]
[2022-02-18 14:08:33 #311 INFO] scenario_damage  92% [219 submitted, 0 queued]
[2022-02-18 14:14:40 #311 INFO] scenario_damage  93% [219 submitted, 0 queued]
[2022-02-18 14:26:54 #311 INFO] scenario_damage  94% [219 submitted, 0 queued]
[2022-02-18 14:35:38 #311 INFO] scenario_damage  95% [219 submitted, 0 queued]
[2022-02-18 14:42:01 #311 INFO] scenario_damage  96% [219 submitted, 0 queued]
[2022-02-18 14:47:06 #311 INFO] scenario_damage  97% [219 submitted, 0 queued]
[2022-02-18 14:52:08 #311 INFO] scenario_damage  98% [219 submitted, 0 queued]
[2022-02-18 14:56:30 #311 INFO] scenario_damage  99% [219 submitted, 0 queued]
[2022-02-18 15:16:09 #311 INFO] scenario_damage 100% [219 submitted, 0 queued]
[2022-02-18 15:16:09 #311 INFO] Mean time per core=51053s, std=5183.8s, min=44428s, max=62100s
[2022-02-18 15:16:09 #311 INFO] Received {'aed': '21.88 GB', 'd_event': '4.98 GB', 'd_asset': '492.62 MB'} in 62099 seconds
[2022-02-18 15:16:09 #311 INFO] Saving 21.88 GB in dd_data (instead of 1.45 TB)
[2022-02-18 15:18:21 #311 INFO] Portfolio damage
==== ========== ========= =======
kind loss_type  dmg_state value  
==== ========== ========= =======
avg  structural no_damage 95_123 
avg  structural slight    105    
avg  structural moderate  11     
avg  structural extensive 3.45929
avg  structural complete  3.99305
std  structural no_damage 1_434  
std  structural slight    1_141  
std  structural moderate  190    
std  structural extensive 64     
std  structural complete  84     
==== ========== ========= =======
[2022-02-18 15:18:21 #311 INFO] Due to rounding errors inherent in floating-point arithmetic, the total number of buildings is not exact: {'expected': 95248.0, 'structural': 1665.767}
[2022-02-18 15:18:29 #311 INFO] Exposing the outputs to the database
[2022-02-18 15:18:30 #311 INFO] Stored 3.19 GB on /root/oqdata/calc_311.hdf5 in 62916 seconds
/home/ssm-user/src/oq-engine/openquake/hazardlib/gsim/base.py:347: ExperimentalWarning: CanadaSHM6_ActiveCrust_BooreEtAl2014 is experimental and may change in future versions - the user is liable for their application
  warnings.warn(msg, ExperimentalWarning)
/home/ssm-user/src/oq-engine/openquake/hazardlib/gsim/base.py:347: ExperimentalWarning: CanadaSHM6_ActiveCrust_BooreEtAl2014 is experimental and may change in future versions - the user is liable for their application
  warnings.warn(msg, ExperimentalWarning)
/home/ssm-user/src/oq-engine/openquake/hazardlib/gsim/base.py:347: ExperimentalWarning: CanadaSHM6_ActiveCrust_BooreEtAl2014 is experimental and may change in future versions - the user is liable for their application
  warnings.warn(msg, ExperimentalWarning)
/home/ssm-user/src/oq-engine/openquake/hazardlib/gsim/base.py:347: ExperimentalWarning: CanadaSHM6_ActiveCrust_BooreEtAl2014 is experimental and may change in future versions - the user is liable for their application
  warnings.warn(msg, ExperimentalWarning)
/home/ssm-user/src/oq-engine/openquake/hazardlib/gsim/base.py:347: ExperimentalWarning: CanadaSHM6_ActiveCrust_BooreEtAl2014 is experimental and may change in future versions - the user is liable for their application
  warnings.warn(msg, ExperimentalWarning)
/home/ssm-user/src/oq-engine/openquake/hazardlib/gsim/base.py:347: ExperimentalWarning: CanadaSHM6_ActiveCrust_BooreEtAl2014 is experimental and may change in future versions - the user is liable for their application
  warnings.warn(msg, ExperimentalWarning)
/home/ssm-user/src/oq-engine/openquake/hazardlib/gsim/base.py:347: ExperimentalWarning: CanadaSHM6_ActiveCrust_BooreEtAl2014 is experimental and may change in future versions - the user is liable for their application
  warnings.warn(msg, ExperimentalWarning)
/home/ssm-user/src/oq-engine/openquake/hazardlib/gsim/base.py:347: ExperimentalWarning: CanadaSHM6_ActiveCrust_BooreEtAl2014 is experimental and may change in future versions - the user is liable for their application
  warnings.warn(msg, ExperimentalWarning)
/home/ssm-user/src/oq-engine/openquake/hazardlib/gsim/base.py:347: ExperimentalWarning: CanadaSHM6_ActiveCrust_BooreEtAl2014 is experimental and may change in future versions - the user is liable for their application
  warnings.warn(msg, ExperimentalWarning)
/home/ssm-user/src/oq-engine/openquake/hazardlib/gsim/base.py:347: ExperimentalWarning: CanadaSHM6_ActiveCrust_BooreEtAl2014 is experimental and may change in future versions - the user is liable for their application
  warnings.warn(msg, ExperimentalWarning)
/home/ssm-user/src/oq-engine/openquake/hazardlib/gsim/base.py:347: ExperimentalWarning: CanadaSHM6_ActiveCrust_BooreEtAl2014 is experimental and may change in future versions - the user is liable for their application
  warnings.warn(msg, ExperimentalWarning)
/home/ssm-user/src/oq-engine/openquake/hazardlib/gsim/base.py:347: ExperimentalWarning: CanadaSHM6_ActiveCrust_BooreEtAl2014 is experimental and may change in future versions - the user is liable for their application
  warnings.warn(msg, ExperimentalWarning)
/home/ssm-user/src/oq-engine/openquake/hazardlib/gsim/base.py:347: ExperimentalWarning: CanadaSHM6_ActiveCrust_BooreEtAl2014 is experimental and may change in future versions - the user is liable for their application
  warnings.warn(msg, ExperimentalWarning)
/home/ssm-user/src/oq-engine/openquake/hazardlib/gsim/base.py:347: ExperimentalWarning: CanadaSHM6_ActiveCrust_BooreEtAl2014 is experimental and may change in future versions - the user is liable for their application
  warnings.warn(msg, ExperimentalWarning)
/home/ssm-user/src/oq-engine/openquake/hazardlib/gsim/base.py:347: ExperimentalWarning: CanadaSHM6_ActiveCrust_BooreEtAl2014 is experimental and may change in future versions - the user is liable for their application
  warnings.warn(msg, ExperimentalWarning)
/home/ssm-user/src/oq-engine/openquake/hazardlib/gsim/base.py:347: ExperimentalWarning: CanadaSHM6_ActiveCrust_BooreEtAl2014 is experimental and may change in future versions - the user is liable for their application
  warnings.warn(msg, ExperimentalWarning)
/home/ssm-user/src/oq-engine/openquake/hazardlib/gsim/base.py:347: ExperimentalWarning: CanadaSHM6_ActiveCrust_BooreEtAl2014 is experimental and may change in future versions - the user is liable for their application
  warnings.warn(msg, ExperimentalWarning)
/home/ssm-user/src/oq-engine/openquake/hazardlib/gsim/base.py:347: ExperimentalWarning: CanadaSHM6_ActiveCrust_BooreEtAl2014 is experimental and may change in future versions - the user is liable for their application
  warnings.warn(msg, ExperimentalWarning)
/home/ssm-user/src/oq-engine/openquake/hazardlib/gsim/base.py:347: ExperimentalWarning: CanadaSHM6_ActiveCrust_BooreEtAl2014 is experimental and may change in future versions - the user is liable for their application
  warnings.warn(msg, ExperimentalWarning)
/home/ssm-user/src/oq-engine/openquake/hazardlib/gsim/base.py:347: ExperimentalWarning: CanadaSHM6_ActiveCrust_BooreEtAl2014 is experimental and may change in future versions - the user is liable for their application
  warnings.warn(msg, ExperimentalWarning)
/home/ssm-user/src/oq-engine/openquake/hazardlib/gsim/base.py:347: ExperimentalWarning: CanadaSHM6_ActiveCrust_BooreEtAl2014 is experimental and may change in future versions - the user is liable for their application
  warnings.warn(msg, ExperimentalWarning)
/home/ssm-user/src/oq-engine/openquake/hazardlib/gsim/base.py:347: ExperimentalWarning: CanadaSHM6_ActiveCrust_BooreEtAl2014 is experimental and may change in future versions - the user is liable for their application
  warnings.warn(msg, ExperimentalWarning)
/home/ssm-user/src/oq-engine/openquake/hazardlib/gsim/base.py:347: ExperimentalWarning: CanadaSHM6_ActiveCrust_BooreEtAl2014 is experimental and may change in future versions - the user is liable for their application
  warnings.warn(msg, ExperimentalWarning)
/home/ssm-user/src/oq-engine/openquake/hazardlib/gsim/base.py:347: ExperimentalWarning: CanadaSHM6_ActiveCrust_BooreEtAl2014 is experimental and may change in future versions - the user is liable for their application
  warnings.warn(msg, ExperimentalWarning)
/home/ssm-user/src/oq-engine/openquake/hazardlib/gsim/base.py:347: ExperimentalWarning: CanadaSHM6_ActiveCrust_BooreEtAl2014 is experimental and may change in future versions - the user is liable for their application
  warnings.warn(msg, ExperimentalWarning)
/home/ssm-user/src/oq-engine/openquake/hazardlib/gsim/base.py:347: ExperimentalWarning: CanadaSHM6_ActiveCrust_BooreEtAl2014 is experimental and may change in future versions - the user is liable for their application
  warnings.warn(msg, ExperimentalWarning)
/home/ssm-user/src/oq-engine/openquake/hazardlib/gsim/base.py:347: ExperimentalWarning: CanadaSHM6_ActiveCrust_BooreEtAl2014 is experimental and may change in future versions - the user is liable for their application
  warnings.warn(msg, ExperimentalWarning)
/home/ssm-user/src/oq-engine/openquake/hazardlib/gsim/base.py:347: ExperimentalWarning: CanadaSHM6_ActiveCrust_BooreEtAl2014 is experimental and may change in future versions - the user is liable for their application
  warnings.warn(msg, ExperimentalWarning)
/home/ssm-user/src/oq-engine/openquake/hazardlib/gsim/base.py:347: ExperimentalWarning: CanadaSHM6_ActiveCrust_BooreEtAl2014 is experimental and may change in future versions - the user is liable for their application
  warnings.warn(msg, ExperimentalWarning)
/home/ssm-user/src/oq-engine/openquake/hazardlib/gsim/base.py:347: ExperimentalWarning: CanadaSHM6_ActiveCrust_BooreEtAl2014 is experimental and may change in future versions - the user is liable for their application
  warnings.warn(msg, ExperimentalWarning)
/home/ssm-user/src/oq-engine/openquake/hazardlib/gsim/base.py:347: ExperimentalWarning: CanadaSHM6_ActiveCrust_BooreEtAl2014 is experimental and may change in future versions - the user is liable for their application
  warnings.warn(msg, ExperimentalWarning)
/home/ssm-user/src/oq-engine/openquake/hazardlib/gsim/base.py:347: ExperimentalWarning: CanadaSHM6_ActiveCrust_BooreEtAl2014 is experimental and may change in future versions - the user is liable for their application
  warnings.warn(msg, ExperimentalWarning)
/home/ssm-user/src/oq-engine/openquake/hazardlib/gsim/base.py:347: ExperimentalWarning: CanadaSHM6_ActiveCrust_BooreEtAl2014 is experimental and may change in future versions - the user is liable for their application
  warnings.warn(msg, ExperimentalWarning)
/home/ssm-user/src/oq-engine/openquake/hazardlib/gsim/base.py:347: ExperimentalWarning: CanadaSHM6_ActiveCrust_BooreEtAl2014 is experimental and may change in future versions - the user is liable for their application
  warnings.warn(msg, ExperimentalWarning)
/home/ssm-user/src/oq-engine/openquake/hazardlib/gsim/base.py:347: ExperimentalWarning: CanadaSHM6_ActiveCrust_BooreEtAl2014 is experimental and may change in future versions - the user is liable for their application
  warnings.warn(msg, ExperimentalWarning)
/home/ssm-user/src/oq-engine/openquake/hazardlib/gsim/base.py:347: ExperimentalWarning: CanadaSHM6_ActiveCrust_BooreEtAl2014 is experimental and may change in future versions - the user is liable for their application
  warnings.warn(msg, ExperimentalWarning)
/home/ssm-user/src/oq-engine/openquake/hazardlib/gsim/base.py:347: ExperimentalWarning: CanadaSHM6_ActiveCrust_BooreEtAl2014 is experimental and may change in future versions - the user is liable for their application
  warnings.warn(msg, ExperimentalWarning)
/home/ssm-user/src/oq-engine/openquake/hazardlib/gsim/base.py:347: ExperimentalWarning: CanadaSHM6_ActiveCrust_BooreEtAl2014 is experimental and may change in future versions - the user is liable for their application
  warnings.warn(msg, ExperimentalWarning)
/home/ssm-user/src/oq-engine/openquake/hazardlib/gsim/base.py:347: ExperimentalWarning: CanadaSHM6_ActiveCrust_BooreEtAl2014 is experimental and may change in future versions - the user is liable for their application
  warnings.warn(msg, ExperimentalWarning)
/home/ssm-user/src/oq-engine/openquake/hazardlib/gsim/base.py:347: ExperimentalWarning: CanadaSHM6_ActiveCrust_BooreEtAl2014 is experimental and may change in future versions - the user is liable for their application
  warnings.warn(msg, ExperimentalWarning)
/home/ssm-user/src/oq-engine/openquake/hazardlib/gsim/base.py:347: ExperimentalWarning: CanadaSHM6_ActiveCrust_BooreEtAl2014 is experimental and may change in future versions - the user is liable for their application
  warnings.warn(msg, ExperimentalWarning)
/home/ssm-user/src/oq-engine/openquake/hazardlib/gsim/base.py:347: ExperimentalWarning: CanadaSHM6_ActiveCrust_BooreEtAl2014 is experimental and may change in future versions - the user is liable for their application
  warnings.warn(msg, ExperimentalWarning)
/home/ssm-user/src/oq-engine/openquake/hazardlib/gsim/base.py:347: ExperimentalWarning: CanadaSHM6_ActiveCrust_BooreEtAl2014 is experimental and may change in future versions - the user is liable for their application
  warnings.warn(msg, ExperimentalWarning)
/home/ssm-user/src/oq-engine/openquake/hazardlib/gsim/base.py:347: ExperimentalWarning: CanadaSHM6_ActiveCrust_BooreEtAl2014 is experimental and may change in future versions - the user is liable for their application
  warnings.warn(msg, ExperimentalWarning)
/home/ssm-user/src/oq-engine/openquake/hazardlib/gsim/base.py:347: ExperimentalWarning: CanadaSHM6_ActiveCrust_BooreEtAl2014 is experimental and may change in future versions - the user is liable for their application
  warnings.warn(msg, ExperimentalWarning)
/home/ssm-user/src/oq-engine/openquake/hazardlib/gsim/base.py:347: ExperimentalWarning: CanadaSHM6_ActiveCrust_BooreEtAl2014 is experimental and may change in future versions - the user is liable for their application
  warnings.warn(msg, ExperimentalWarning)
/home/ssm-user/src/oq-engine/openquake/hazardlib/gsim/base.py:347: ExperimentalWarning: CanadaSHM6_ActiveCrust_BooreEtAl2014 is experimental and may change in future versions - the user is liable for their application
  warnings.warn(msg, ExperimentalWarning)
/home/ssm-user/src/oq-engine/openquake/hazardlib/gsim/base.py:347: ExperimentalWarning: CanadaSHM6_ActiveCrust_BooreEtAl2014 is experimental and may change in future versions - the user is liable for their application
  warnings.warn(msg, ExperimentalWarning)
/home/ssm-user/src/oq-engine/openquake/hazardlib/gsim/base.py:347: ExperimentalWarning: CanadaSHM6_ActiveCrust_BooreEtAl2014 is experimental and may change in future versions - the user is liable for their application
  warnings.warn(msg, ExperimentalWarning)
/home/ssm-user/src/oq-engine/openquake/hazardlib/gsim/base.py:347: ExperimentalWarning: CanadaSHM6_ActiveCrust_BooreEtAl2014 is experimental and may change in future versions - the user is liable for their application
  warnings.warn(msg, ExperimentalWarning)
/home/ssm-user/src/oq-engine/openquake/hazardlib/gsim/base.py:347: ExperimentalWarning: CanadaSHM6_ActiveCrust_BooreEtAl2014 is experimental and may change in future versions - the user is liable for their application
  warnings.warn(msg, ExperimentalWarning)
/home/ssm-user/src/oq-engine/openquake/hazardlib/gsim/base.py:347: ExperimentalWarning: CanadaSHM6_ActiveCrust_BooreEtAl2014 is experimental and may change in future versions - the user is liable for their application
  warnings.warn(msg, ExperimentalWarning)
/home/ssm-user/src/oq-engine/openquake/hazardlib/gsim/base.py:347: ExperimentalWarning: CanadaSHM6_ActiveCrust_BooreEtAl2014 is experimental and may change in future versions - the user is liable for their application
  warnings.warn(msg, ExperimentalWarning)
/home/ssm-user/src/oq-engine/openquake/hazardlib/gsim/base.py:347: ExperimentalWarning: CanadaSHM6_ActiveCrust_BooreEtAl2014 is experimental and may change in future versions - the user is liable for their application
  warnings.warn(msg, ExperimentalWarning)
/home/ssm-user/src/oq-engine/openquake/hazardlib/gsim/base.py:347: ExperimentalWarning: CanadaSHM6_ActiveCrust_BooreEtAl2014 is experimental and may change in future versions - the user is liable for their application
  warnings.warn(msg, ExperimentalWarning)
/home/ssm-user/src/oq-engine/openquake/hazardlib/gsim/base.py:347: ExperimentalWarning: CanadaSHM6_ActiveCrust_BooreEtAl2014 is experimental and may change in future versions - the user is liable for their application
  warnings.warn(msg, ExperimentalWarning)
/home/ssm-user/src/oq-engine/openquake/hazardlib/gsim/base.py:347: ExperimentalWarning: CanadaSHM6_ActiveCrust_BooreEtAl2014 is experimental and may change in future versions - the user is liable for their application
  warnings.warn(msg, ExperimentalWarning)
/home/ssm-user/src/oq-engine/openquake/hazardlib/gsim/base.py:347: ExperimentalWarning: CanadaSHM6_ActiveCrust_BooreEtAl2014 is experimental and may change in future versions - the user is liable for their application
  warnings.warn(msg, ExperimentalWarning)
/home/ssm-user/src/oq-engine/openquake/hazardlib/gsim/base.py:347: ExperimentalWarning: CanadaSHM6_ActiveCrust_BooreEtAl2014 is experimental and may change in future versions - the user is liable for their application
  warnings.warn(msg, ExperimentalWarning)
/home/ssm-user/src/oq-engine/openquake/hazardlib/gsim/base.py:347: ExperimentalWarning: CanadaSHM6_ActiveCrust_BooreEtAl2014 is experimental and may change in future versions - the user is liable for their application
  warnings.warn(msg, ExperimentalWarning)
/home/ssm-user/src/oq-engine/openquake/hazardlib/gsim/base.py:347: ExperimentalWarning: CanadaSHM6_ActiveCrust_BooreEtAl2014 is experimental and may change in future versions - the user is liable for their application
  warnings.warn(msg, ExperimentalWarning)
/home/ssm-user/src/oq-engine/openquake/hazardlib/gsim/base.py:347: ExperimentalWarning: CanadaSHM6_ActiveCrust_BooreEtAl2014 is experimental and may change in future versions - the user is liable for their application
  warnings.warn(msg, ExperimentalWarning)
/home/ssm-user/src/oq-engine/openquake/hazardlib/gsim/base.py:347: ExperimentalWarning: CanadaSHM6_ActiveCrust_BooreEtAl2014 is experimental and may change in future versions - the user is liable for their application
  warnings.warn(msg, ExperimentalWarning)
/home/ssm-user/src/oq-engine/openquake/hazardlib/gsim/base.py:347: ExperimentalWarning: CanadaSHM6_ActiveCrust_BooreEtAl2014 is experimental and may change in future versions - the user is liable for their application
  warnings.warn(msg, ExperimentalWarning)
/home/ssm-user/src/oq-engine/openquake/hazardlib/gsim/base.py:347: ExperimentalWarning: CanadaSHM6_ActiveCrust_BooreEtAl2014 is experimental and may change in future versions - the user is liable for their application
  warnings.warn(msg, ExperimentalWarning)
/home/ssm-user/src/oq-engine/openquake/hazardlib/gsim/base.py:347: ExperimentalWarning: CanadaSHM6_ActiveCrust_BooreEtAl2014 is experimental and may change in future versions - the user is liable for their application
  warnings.warn(msg, ExperimentalWarning)
/home/ssm-user/src/oq-engine/openquake/hazardlib/gsim/base.py:347: ExperimentalWarning: CanadaSHM6_ActiveCrust_BooreEtAl2014 is experimental and may change in future versions - the user is liable for their application
  warnings.warn(msg, ExperimentalWarning)
/home/ssm-user/src/oq-engine/openquake/hazardlib/gsim/base.py:347: ExperimentalWarning: CanadaSHM6_ActiveCrust_BooreEtAl2014 is experimental and may change in future versions - the user is liable for their application
  warnings.warn(msg, ExperimentalWarning)
/home/ssm-user/src/oq-engine/openquake/hazardlib/gsim/base.py:347: ExperimentalWarning: CanadaSHM6_ActiveCrust_BooreEtAl2014 is experimental and may change in future versions - the user is liable for their application
  warnings.warn(msg, ExperimentalWarning)
/home/ssm-user/src/oq-engine/openquake/hazardlib/gsim/base.py:347: ExperimentalWarning: CanadaSHM6_ActiveCrust_BooreEtAl2014 is experimental and may change in future versions - the user is liable for their application
  warnings.warn(msg, ExperimentalWarning)
/home/ssm-user/src/oq-engine/openquake/hazardlib/gsim/base.py:347: ExperimentalWarning: CanadaSHM6_ActiveCrust_BooreEtAl2014 is experimental and may change in future versions - the user is liable for their application
  warnings.warn(msg, ExperimentalWarning)
/home/ssm-user/src/oq-engine/openquake/hazardlib/gsim/base.py:347: ExperimentalWarning: CanadaSHM6_ActiveCrust_BooreEtAl2014 is experimental and may change in future versions - the user is liable for their application
  warnings.warn(msg, ExperimentalWarning)
/home/ssm-user/src/oq-engine/openquake/hazardlib/gsim/base.py:347: ExperimentalWarning: CanadaSHM6_ActiveCrust_BooreEtAl2014 is experimental and may change in future versions - the user is liable for their application
  warnings.warn(msg, ExperimentalWarning)
/home/ssm-user/src/oq-engine/openquake/hazardlib/gsim/base.py:347: ExperimentalWarning: CanadaSHM6_ActiveCrust_BooreEtAl2014 is experimental and may change in future versions - the user is liable for their application
  warnings.warn(msg, ExperimentalWarning)
/home/ssm-user/src/oq-engine/openquake/hazardlib/gsim/base.py:347: ExperimentalWarning: CanadaSHM6_ActiveCrust_BooreEtAl2014 is experimental and may change in future versions - the user is liable for their application
  warnings.warn(msg, ExperimentalWarning)
/home/ssm-user/src/oq-engine/openquake/hazardlib/gsim/base.py:347: ExperimentalWarning: CanadaSHM6_ActiveCrust_BooreEtAl2014 is experimental and may change in future versions - the user is liable for their application
  warnings.warn(msg, ExperimentalWarning)
/home/ssm-user/src/oq-engine/openquake/hazardlib/gsim/base.py:347: ExperimentalWarning: CanadaSHM6_ActiveCrust_BooreEtAl2014 is experimental and may change in future versions - the user is liable for their application
  warnings.warn(msg, ExperimentalWarning)
/home/ssm-user/src/oq-engine/openquake/hazardlib/gsim/base.py:347: ExperimentalWarning: CanadaSHM6_ActiveCrust_BooreEtAl2014 is experimental and may change in future versions - the user is liable for their application
  warnings.warn(msg, ExperimentalWarning)
/home/ssm-user/src/oq-engine/openquake/hazardlib/gsim/base.py:347: ExperimentalWarning: CanadaSHM6_ActiveCrust_BooreEtAl2014 is experimental and may change in future versions - the user is liable for their application
  warnings.warn(msg, ExperimentalWarning)
/home/ssm-user/src/oq-engine/openquake/hazardlib/gsim/base.py:347: ExperimentalWarning: CanadaSHM6_ActiveCrust_BooreEtAl2014 is experimental and may change in future versions - the user is liable for their application
  warnings.warn(msg, ExperimentalWarning)
/home/ssm-user/src/oq-engine/openquake/hazardlib/gsim/base.py:347: ExperimentalWarning: CanadaSHM6_ActiveCrust_BooreEtAl2014 is experimental and may change in future versions - the user is liable for their application
  warnings.warn(msg, ExperimentalWarning)
/home/ssm-user/src/oq-engine/openquake/hazardlib/gsim/base.py:347: ExperimentalWarning: CanadaSHM6_ActiveCrust_BooreEtAl2014 is experimental and may change in future versions - the user is liable for their application
  warnings.warn(msg, ExperimentalWarning)
/home/ssm-user/src/oq-engine/openquake/hazardlib/gsim/base.py:347: ExperimentalWarning: CanadaSHM6_ActiveCrust_BooreEtAl2014 is experimental and may change in future versions - the user is liable for their application
  warnings.warn(msg, ExperimentalWarning)
/home/ssm-user/src/oq-engine/openquake/hazardlib/gsim/base.py:347: ExperimentalWarning: CanadaSHM6_ActiveCrust_BooreEtAl2014 is experimental and may change in future versions - the user is liable for their application
  warnings.warn(msg, ExperimentalWarning)
/home/ssm-user/src/oq-engine/openquake/hazardlib/gsim/base.py:347: ExperimentalWarning: CanadaSHM6_ActiveCrust_BooreEtAl2014 is experimental and may change in future versions - the user is liable for their application
  warnings.warn(msg, ExperimentalWarning)
/home/ssm-user/src/oq-engine/openquake/hazardlib/gsim/base.py:347: ExperimentalWarning: CanadaSHM6_ActiveCrust_BooreEtAl2014 is experimental and may change in future versions - the user is liable for their application
  warnings.warn(msg, ExperimentalWarning)
/home/ssm-user/src/oq-engine/openquake/hazardlib/gsim/base.py:347: ExperimentalWarning: CanadaSHM6_ActiveCrust_BooreEtAl2014 is experimental and may change in future versions - the user is liable for their application
  warnings.warn(msg, ExperimentalWarning)
/home/ssm-user/src/oq-engine/openquake/hazardlib/gsim/base.py:347: ExperimentalWarning: CanadaSHM6_ActiveCrust_BooreEtAl2014 is experimental and may change in future versions - the user is liable for their application
  warnings.warn(msg, ExperimentalWarning)
/home/ssm-user/src/oq-engine/openquake/hazardlib/gsim/base.py:347: ExperimentalWarning: CanadaSHM6_ActiveCrust_BooreEtAl2014 is experimental and may change in future versions - the user is liable for their application
  warnings.warn(msg, ExperimentalWarning)
/home/ssm-user/src/oq-engine/openquake/hazardlib/gsim/base.py:347: ExperimentalWarning: CanadaSHM6_ActiveCrust_BooreEtAl2014 is experimental and may change in future versions - the user is liable for their application
  warnings.warn(msg, ExperimentalWarning)
/home/ssm-user/src/oq-engine/openquake/hazardlib/gsim/base.py:347: ExperimentalWarning: CanadaSHM6_ActiveCrust_BooreEtAl2014 is experimental and may change in future versions - the user is liable for their application
  warnings.warn(msg, ExperimentalWarning)
/home/ssm-user/src/oq-engine/openquake/hazardlib/gsim/base.py:347: ExperimentalWarning: CanadaSHM6_ActiveCrust_BooreEtAl2014 is experimental and may change in future versions - the user is liable for their application
  warnings.warn(msg, ExperimentalWarning)
/home/ssm-user/src/oq-engine/openquake/hazardlib/gsim/base.py:347: ExperimentalWarning: CanadaSHM6_ActiveCrust_BooreEtAl2014 is experimental and may change in future versions - the user is liable for their application
  warnings.warn(msg, ExperimentalWarning)
/home/ssm-user/src/oq-engine/openquake/hazardlib/gsim/base.py:347: ExperimentalWarning: CanadaSHM6_ActiveCrust_BooreEtAl2014 is experimental and may change in future versions - the user is liable for their application
  warnings.warn(msg, ExperimentalWarning)
/home/ssm-user/src/oq-engine/openquake/hazardlib/gsim/base.py:347: ExperimentalWarning: CanadaSHM6_ActiveCrust_BooreEtAl2014 is experimental and may change in future versions - the user is liable for their application
  warnings.warn(msg, ExperimentalWarning)
/home/ssm-user/src/oq-engine/openquake/hazardlib/gsim/base.py:347: ExperimentalWarning: CanadaSHM6_ActiveCrust_BooreEtAl2014 is experimental and may change in future versions - the user is liable for their application
  warnings.warn(msg, ExperimentalWarning)
[2022-02-18 15:18:31 #311 INFO] Stopping the workers
  id | name
2183 | Aggregate Event Damages
2181 | Asset Damage Distributions
2182 | Asset Damage Statistics
2184 | Full Report
2185 | Realizations
