/home/ssm-user/src/oq-engine/openquake/hazardlib/gsim/base.py:347: ExperimentalWarning: CanadaSHM6_ActiveCrust_BooreEtAl2014 is experimental and may change in future versions - the user is liable for their application
  warnings.warn(msg, ExperimentalWarning)
/home/ssm-user/src/oq-engine/openquake/hazardlib/gsim/base.py:347: ExperimentalWarning: CanadaSHM6_ActiveCrust_AbrahamsonEtAl2014 is experimental and may change in future versions - the user is liable for their application
  warnings.warn(msg, ExperimentalWarning)
/home/ssm-user/src/oq-engine/openquake/hazardlib/gsim/base.py:347: ExperimentalWarning: CanadaSHM6_ActiveCrust_BooreEtAl2014 is experimental and may change in future versions - the user is liable for their application
  warnings.warn(msg, ExperimentalWarning)
/home/ssm-user/src/oq-engine/openquake/hazardlib/gsim/base.py:347: ExperimentalWarning: CanadaSHM6_ActiveCrust_CampbellBozorgnia2014 is experimental and may change in future versions - the user is liable for their application
  warnings.warn(msg, ExperimentalWarning)
/home/ssm-user/src/oq-engine/openquake/hazardlib/gsim/base.py:347: ExperimentalWarning: CanadaSHM6_ActiveCrust_ChiouYoungs2014 is experimental and may change in future versions - the user is liable for their application
  warnings.warn(msg, ExperimentalWarning)
[2022-02-06 23:01:30 #302 INFO] root running /mnt/storage/canada-srm2/eDamage/input/eDamage_b0_BC_V_GreaterVancouverNorth.ini [--hc=None]
[2022-02-06 23:01:30 #302 INFO] Using engine version 3.11.3-git29ac352f7d
[2022-02-06 23:01:30 #302 WARNING] Version v3.13.0 of the engine is available, but you are still using version 3.11.3-git29ac352f7d
[2022-02-06 23:01:30 #302 WARNING] Using 96 cores on ip-10-70-136-127
[2022-02-06 23:01:30 #302 INFO] Validated nationalModel.xml in 0.01 seconds
[2022-02-06 23:01:30 #302 INFO] Checksum of the input files: 514598877
[2022-02-06 23:01:30 #302 INFO] Reading the risk model if present
[2022-02-06 23:01:33 #302 INFO] Reading /mnt/storage/openquake-inputs/exposure/general-building-stock/oqBldgExp_BC_V_GreaterVancouverNorth.xml
[2022-02-06 23:01:38 #302 INFO] Extracting the hazard sites from the site model
[2022-02-06 23:01:40 #302 INFO] Associated 33773 assets to 1448 sites
[2022-02-06 23:01:42 #302 INFO] Reducing risk model from 4224 to 960 taxonomies
[2022-02-06 23:01:43 #302 INFO] minimum_asset_loss={'structural': 0}
[2022-02-06 23:01:43 #302 INFO] Considering 200 logic tree paths out of 24_576
[2022-02-06 23:01:43 #302 INFO] Reading the source model(s) in parallel
[2022-02-06 23:01:46 #302 INFO] read_source_model  16% [6 submitted, 0 queued]
[2022-02-06 23:01:46 #302 INFO] read_source_model  33% [6 submitted, 0 queued]
[2022-02-06 23:01:46 #302 INFO] read_source_model  50% [6 submitted, 0 queued]
[2022-02-06 23:01:46 #302 INFO] read_source_model  66% [6 submitted, 0 queued]
[2022-02-06 23:01:46 #302 INFO] read_source_model  83% [6 submitted, 0 queued]
[2022-02-06 23:01:46 #302 INFO] read_source_model 100% [6 submitted, 0 queued]
[2022-02-06 23:01:46 #302 INFO] Mean time per core=0s, std=0.0s, min=0s, max=0s
[2022-02-06 23:01:46 #302 INFO] Received {'/mnt/storage/CanadaSHM6/OpenQuake_model_files/sources/nationalModel/xml/simplifiedModel/WCan_HYeast_Harctic_simplified_collapsedRates.xml': '157.72 KB', '/mnt/storage/CanadaSHM6/OpenQuake_model_files/sources/nationalModel/xml/simplifiedModel/WCan_H2east_Harctic_simplified_collapsedRates.xml': '152.1 KB', '/mnt/storage/CanadaSHM6/OpenQuake_model_files/sources/nationalModel/xml/simplifiedModel/WCan_HYeast_Rarctic_simplified_collapsedRates.xml': '151.35 KB', '/mnt/storage/CanadaSHM6/OpenQuake_model_files/sources/nationalModel/xml/simplifiedModel/WCan_H2east_Rarctic_simplified_collapsedRates.xml': '145.73 KB', '/mnt/storage/CanadaSHM6/OpenQuake_model_files/sources/nationalModel/xml/simplifiedModel/WCan_R2east_Harctic_simplified_collapsedRates.xml': '137.01 KB', '/mnt/storage/CanadaSHM6/OpenQuake_model_files/sources/nationalModel/xml/simplifiedModel/WCan_R2east_Rarctic_simplified_collapsedRates.xml': '130.86 KB'} in 0 seconds
/home/ssm-user/src/oq-engine/openquake/hazardlib/gsim/base.py:347: ExperimentalWarning: CanadaSHM6_ActiveCrust_BooreEtAl2014 is experimental and may change in future versions - the user is liable for their application
  warnings.warn(msg, ExperimentalWarning)
/home/ssm-user/src/oq-engine/openquake/hazardlib/gsim/base.py:347: ExperimentalWarning: CanadaSHM6_ActiveCrust_BooreEtAl2014 is experimental and may change in future versions - the user is liable for their application
  warnings.warn(msg, ExperimentalWarning)
/home/ssm-user/src/oq-engine/openquake/hazardlib/gsim/base.py:347: ExperimentalWarning: CanadaSHM6_ActiveCrust_BooreEtAl2014 is experimental and may change in future versions - the user is liable for their application
  warnings.warn(msg, ExperimentalWarning)
/home/ssm-user/src/oq-engine/openquake/hazardlib/gsim/base.py:347: ExperimentalWarning: CanadaSHM6_ActiveCrust_BooreEtAl2014 is experimental and may change in future versions - the user is liable for their application
  warnings.warn(msg, ExperimentalWarning)
/home/ssm-user/src/oq-engine/openquake/hazardlib/gsim/base.py:347: ExperimentalWarning: CanadaSHM6_ActiveCrust_BooreEtAl2014 is experimental and may change in future versions - the user is liable for their application
  warnings.warn(msg, ExperimentalWarning)
/home/ssm-user/src/oq-engine/openquake/hazardlib/gsim/base.py:347: ExperimentalWarning: CanadaSHM6_ActiveCrust_BooreEtAl2014 is experimental and may change in future versions - the user is liable for their application
  warnings.warn(msg, ExperimentalWarning)
[2022-02-06 23:01:47 #302 INFO] There are multiple different sources with the same ID [<AreaSource SCCYA;0>, <AreaSource SCCYA;1>]
[2022-02-06 23:01:47 #302 INFO] There are 13 groups and 198 sources with len(et_ids)=3.87
[2022-02-06 23:01:47 #302 INFO] Checking the sources bounding box
[2022-02-06 23:01:47 #302 ERROR] source ACM: The buffer of 600 km is too large, the bounding box is larger than half the globe: 219 degrees
[2022-02-06 23:01:47 #302 INFO] Rupture floating factor = 1.6303030303030304
[2022-02-06 23:01:47 #302 INFO] Rupture spinning factor = 3.2181818181818183
[2022-02-06 23:01:47 #302 INFO] gzipping the input files
[2022-02-06 23:01:49 #302 INFO] Storing risk model
[2022-02-06 23:01:49 #302 INFO] minimum_intensity={'SA(0.3)': 0.02, 'SA(0.6)': 0.05, 'SA(1.0)': 0.05, 'SA(2.0)': 0.05}
[2022-02-06 23:01:49 #302 INFO] Building ruptures
[2022-02-06 23:03:26 #302 INFO] Sending <SourceGroup Subduction IntraSlab30, 1 source(s)>
[2022-02-06 23:03:26 #302 INFO] Sending <SourceGroup Subduction IntraSlab55, 4 source(s)>
[2022-02-06 23:03:26 #302 INFO] Sending <SourceGroup Subduction Interface, 14 source(s)>
[2022-02-06 23:03:26 #302 INFO] Sending <SourceGroup Stable Shallow Crust, 29 source(s)>
[2022-02-06 23:03:26 #302 INFO] Sending <SourceGroup Stable Shallow Crust, 4 source(s)>
[2022-02-06 23:03:26 #302 INFO] Sending <SourceGroup Stable Shallow Crust, 6 source(s)>
[2022-02-06 23:03:26 #302 INFO] Sending <SourceGroup Stable Shallow Crust, 18 source(s)>
[2022-02-06 23:03:26 #302 INFO] Sending <SourceGroup Stable Shallow Crust, 10 source(s)>
[2022-02-06 23:03:26 #302 INFO] Sending <SourceGroup Stable Shallow Crust, 38 source(s)>
[2022-02-06 23:03:26 #302 INFO] Sending <SourceGroup Stable Shallow Crust, 14 source(s)>
[2022-02-06 23:03:26 #302 INFO] Sending <SourceGroup Active Shallow Crust, 1 source(s)>
[2022-02-06 23:03:26 #302 INFO] Sending <SourceGroup Active Shallow Crust, 58 source(s)>
[2022-02-06 23:03:26 #302 INFO] Sending <SourceGroup Active Shallow Crust, 1 source(s)>
[2022-02-06 23:03:28 #302 INFO] Sent 96 tasks, 69.54 MB in 0 seconds
[2022-02-06 23:03:30 #302 INFO] sample_ruptures   1% [98 submitted, 5 queued]
[2022-02-06 23:03:30 #302 INFO] sample_ruptures   2% [99 submitted, 4 queued]
[2022-02-06 23:03:30 #302 INFO] sample_ruptures   3% [100 submitted, 3 queued]
[2022-02-06 23:03:30 #302 INFO] sample_ruptures   4% [101 submitted, 2 queued]
[2022-02-06 23:03:30 #302 INFO] sample_ruptures   5% [102 submitted, 1 queued]
[2022-02-06 23:03:30 #302 INFO] sample_ruptures   6% [103 submitted, 0 queued]
[2022-02-06 23:03:30 #302 INFO] sample_ruptures   7% [103 submitted, 0 queued]
[2022-02-06 23:03:30 #302 INFO] sample_ruptures   8% [103 submitted, 0 queued]
[2022-02-06 23:03:30 #302 INFO] sample_ruptures   9% [103 submitted, 0 queued]
[2022-02-06 23:03:30 #302 INFO] sample_ruptures  10% [103 submitted, 0 queued]
[2022-02-06 23:03:30 #302 INFO] sample_ruptures  11% [103 submitted, 0 queued]
[2022-02-06 23:03:30 #302 INFO] sample_ruptures  12% [103 submitted, 0 queued]
[2022-02-06 23:03:30 #302 INFO] sample_ruptures  13% [103 submitted, 0 queued]
[2022-02-06 23:03:30 #302 INFO] sample_ruptures  14% [103 submitted, 0 queued]
[2022-02-06 23:03:30 #302 INFO] sample_ruptures  15% [103 submitted, 0 queued]
[2022-02-06 23:03:30 #302 INFO] sample_ruptures  16% [103 submitted, 0 queued]
[2022-02-06 23:03:30 #302 INFO] sample_ruptures  17% [103 submitted, 0 queued]
[2022-02-06 23:03:30 #302 INFO] sample_ruptures  18% [103 submitted, 0 queued]
[2022-02-06 23:03:30 #302 INFO] sample_ruptures  19% [103 submitted, 0 queued]
[2022-02-06 23:03:30 #302 INFO] sample_ruptures  20% [103 submitted, 0 queued]
[2022-02-06 23:03:30 #302 INFO] sample_ruptures  21% [103 submitted, 0 queued]
[2022-02-06 23:03:30 #302 INFO] sample_ruptures  22% [103 submitted, 0 queued]
[2022-02-06 23:03:30 #302 INFO] sample_ruptures  23% [103 submitted, 0 queued]
[2022-02-06 23:03:30 #302 INFO] sample_ruptures  24% [103 submitted, 0 queued]
[2022-02-06 23:03:30 #302 INFO] sample_ruptures  25% [103 submitted, 0 queued]
[2022-02-06 23:03:30 #302 INFO] sample_ruptures  26% [103 submitted, 0 queued]
[2022-02-06 23:03:30 #302 INFO] sample_ruptures  27% [103 submitted, 0 queued]
[2022-02-06 23:03:30 #302 INFO] sample_ruptures  28% [103 submitted, 0 queued]
[2022-02-06 23:03:30 #302 INFO] sample_ruptures  29% [103 submitted, 0 queued]
[2022-02-06 23:03:30 #302 INFO] sample_ruptures  30% [103 submitted, 0 queued]
[2022-02-06 23:03:30 #302 INFO] sample_ruptures  31% [103 submitted, 0 queued]
[2022-02-06 23:03:30 #302 INFO] sample_ruptures  32% [103 submitted, 0 queued]
[2022-02-06 23:03:30 #302 INFO] sample_ruptures  33% [103 submitted, 0 queued]
[2022-02-06 23:03:30 #302 INFO] sample_ruptures  34% [103 submitted, 0 queued]
[2022-02-06 23:03:30 #302 INFO] sample_ruptures  35% [103 submitted, 0 queued]
[2022-02-06 23:03:30 #302 INFO] sample_ruptures  36% [103 submitted, 0 queued]
[2022-02-06 23:03:30 #302 INFO] sample_ruptures  37% [103 submitted, 0 queued]
[2022-02-06 23:03:30 #302 INFO] sample_ruptures  38% [103 submitted, 0 queued]
[2022-02-06 23:03:30 #302 INFO] sample_ruptures  39% [103 submitted, 0 queued]
[2022-02-06 23:03:30 #302 INFO] sample_ruptures  40% [103 submitted, 0 queued]
[2022-02-06 23:03:30 #302 INFO] sample_ruptures  41% [103 submitted, 0 queued]
[2022-02-06 23:03:30 #302 INFO] sample_ruptures  42% [103 submitted, 0 queued]
[2022-02-06 23:03:31 #302 INFO] sample_ruptures  43% [103 submitted, 0 queued]
[2022-02-06 23:03:31 #302 INFO] sample_ruptures  44% [103 submitted, 0 queued]
[2022-02-06 23:03:31 #302 INFO] sample_ruptures  45% [103 submitted, 0 queued]
[2022-02-06 23:03:31 #302 INFO] sample_ruptures  46% [103 submitted, 0 queued]
[2022-02-06 23:03:31 #302 INFO] sample_ruptures  47% [103 submitted, 0 queued]
[2022-02-06 23:03:31 #302 INFO] sample_ruptures  48% [103 submitted, 0 queued]
[2022-02-06 23:03:31 #302 INFO] sample_ruptures  49% [103 submitted, 0 queued]
[2022-02-06 23:03:31 #302 INFO] sample_ruptures  50% [103 submitted, 0 queued]
[2022-02-06 23:03:31 #302 INFO] sample_ruptures  51% [103 submitted, 0 queued]
[2022-02-06 23:03:31 #302 INFO] sample_ruptures  52% [103 submitted, 0 queued]
[2022-02-06 23:03:31 #302 INFO] sample_ruptures  53% [103 submitted, 0 queued]
[2022-02-06 23:03:31 #302 INFO] sample_ruptures  54% [103 submitted, 0 queued]
[2022-02-06 23:03:31 #302 INFO] sample_ruptures  55% [103 submitted, 0 queued]
[2022-02-06 23:03:31 #302 INFO] sample_ruptures  56% [103 submitted, 0 queued]
[2022-02-06 23:03:31 #302 INFO] sample_ruptures  57% [103 submitted, 0 queued]
[2022-02-06 23:03:31 #302 INFO] sample_ruptures  58% [103 submitted, 0 queued]
[2022-02-06 23:03:31 #302 INFO] sample_ruptures  59% [103 submitted, 0 queued]
[2022-02-06 23:03:31 #302 INFO] sample_ruptures  60% [103 submitted, 0 queued]
[2022-02-06 23:03:31 #302 INFO] sample_ruptures  61% [103 submitted, 0 queued]
[2022-02-06 23:03:31 #302 INFO] sample_ruptures  62% [103 submitted, 0 queued]
[2022-02-06 23:03:31 #302 INFO] sample_ruptures  63% [103 submitted, 0 queued]
[2022-02-06 23:03:31 #302 INFO] sample_ruptures  64% [103 submitted, 0 queued]
[2022-02-06 23:03:31 #302 INFO] sample_ruptures  65% [103 submitted, 0 queued]
[2022-02-06 23:03:31 #302 INFO] sample_ruptures  66% [103 submitted, 0 queued]
[2022-02-06 23:03:31 #302 INFO] sample_ruptures  67% [103 submitted, 0 queued]
[2022-02-06 23:03:31 #302 INFO] sample_ruptures  68% [103 submitted, 0 queued]
[2022-02-06 23:03:31 #302 INFO] sample_ruptures  69% [103 submitted, 0 queued]
[2022-02-06 23:03:31 #302 INFO] sample_ruptures  70% [103 submitted, 0 queued]
[2022-02-06 23:03:31 #302 INFO] sample_ruptures  71% [103 submitted, 0 queued]
[2022-02-06 23:03:31 #302 INFO] sample_ruptures  72% [103 submitted, 0 queued]
[2022-02-06 23:03:31 #302 INFO] sample_ruptures  73% [103 submitted, 0 queued]
[2022-02-06 23:03:31 #302 INFO] sample_ruptures  74% [103 submitted, 0 queued]
[2022-02-06 23:03:31 #302 INFO] sample_ruptures  75% [103 submitted, 0 queued]
[2022-02-06 23:03:31 #302 INFO] sample_ruptures  76% [103 submitted, 0 queued]
[2022-02-06 23:03:31 #302 INFO] sample_ruptures  77% [103 submitted, 0 queued]
[2022-02-06 23:03:43 #302 INFO] sample_ruptures  78% [103 submitted, 0 queued]
[2022-02-06 23:04:14 #302 INFO] sample_ruptures  79% [103 submitted, 0 queued]
[2022-02-06 23:04:20 #302 INFO] sample_ruptures  80% [103 submitted, 0 queued]
[2022-02-06 23:05:22 #302 INFO] sample_ruptures  81% [103 submitted, 0 queued]
[2022-02-06 23:05:23 #302 INFO] sample_ruptures  82% [103 submitted, 0 queued]
[2022-02-06 23:05:28 #302 INFO] sample_ruptures  83% [103 submitted, 0 queued]
[2022-02-06 23:05:29 #302 INFO] sample_ruptures  84% [103 submitted, 0 queued]
[2022-02-06 23:05:29 #302 INFO] sample_ruptures  85% [103 submitted, 0 queued]
[2022-02-06 23:05:51 #302 INFO] sample_ruptures  86% [103 submitted, 0 queued]
[2022-02-06 23:05:54 #302 INFO] sample_ruptures  87% [103 submitted, 0 queued]
[2022-02-06 23:06:08 #302 INFO] sample_ruptures  88% [103 submitted, 0 queued]
[2022-02-06 23:06:25 #302 INFO] sample_ruptures  89% [103 submitted, 0 queued]
[2022-02-06 23:06:52 #302 INFO] sample_ruptures  90% [103 submitted, 0 queued]
[2022-02-06 23:07:21 #302 INFO] sample_ruptures  91% [103 submitted, 0 queued]
[2022-02-06 23:07:29 #302 INFO] sample_ruptures  92% [103 submitted, 0 queued]
[2022-02-06 23:07:47 #302 INFO] sample_ruptures  93% [103 submitted, 0 queued]
[2022-02-06 23:07:49 #302 INFO] sample_ruptures  94% [103 submitted, 0 queued]
[2022-02-06 23:08:19 #302 INFO] sample_ruptures  95% [103 submitted, 0 queued]
[2022-02-06 23:08:48 #302 INFO] sample_ruptures  96% [103 submitted, 0 queued]
[2022-02-06 23:10:04 #302 INFO] sample_ruptures  97% [103 submitted, 0 queued]
[2022-02-06 23:10:35 #302 INFO] sample_ruptures  98% [103 submitted, 0 queued]
[2022-02-06 23:10:39 #302 INFO] sample_ruptures  99% [103 submitted, 0 queued]
[2022-02-06 23:16:07 #302 INFO] sample_ruptures 100% [103 submitted, 0 queued]
[2022-02-06 23:16:07 #302 INFO] Mean time per core=54s, std=124.3s, min=0s, max=756s
[2022-02-06 23:16:07 #302 INFO] Received {'rup_array': '670.18 MB', 'calc_times': '21.43 KB', 'eff_ruptures': '4.11 KB'} in 758 seconds
[2022-02-06 23:16:07 #302 INFO] There are 200 realization(s)
[2022-02-06 23:16:07 #302 INFO] Reordering the ruptures and storing the events
[2022-02-06 23:16:11 #302 INFO] Associating event_id -> rlz_id for 14_326_013 events and 2_867_826 ruptures
[2022-02-06 23:17:42 #302 INFO] Sent 204 tasks, 306.55 MB in 84 seconds
[2022-02-06 23:18:03 #302 INFO] Mean time per core=17s, std=10.7s, min=4s, max=39s
[2022-02-06 23:18:03 #302 INFO] Received {'tot': '136.67 MB'} in 20 seconds
[2022-02-06 23:19:09 #302 INFO] Reading 2_867_826 ruptures
[2022-02-06 23:20:26 #302 INFO] Sent 96 tasks, 158.49 MB in 11 seconds
[2022-02-06 23:41:40 #302 INFO] compute_gmfs   1% [99 submitted, 105 queued]
[2022-02-06 23:47:44 #302 INFO] compute_gmfs   2% [101 submitted, 103 queued]
[2022-02-06 23:49:53 #302 INFO] compute_gmfs   3% [103 submitted, 101 queued]
[2022-02-06 23:51:41 #302 INFO] compute_gmfs   4% [105 submitted, 99 queued]
[2022-02-06 23:52:10 #302 INFO] compute_gmfs   5% [107 submitted, 97 queued]
[2022-02-06 23:56:04 #302 INFO] compute_gmfs   6% [109 submitted, 95 queued]
[2022-02-06 23:59:54 #302 INFO] compute_gmfs   7% [111 submitted, 93 queued]
[2022-02-07 00:02:44 #302 INFO] compute_gmfs   8% [113 submitted, 91 queued]
[2022-02-07 00:05:43 #302 INFO] compute_gmfs   9% [115 submitted, 89 queued]
[2022-02-07 00:06:57 #302 INFO] compute_gmfs  10% [117 submitted, 87 queued]
[2022-02-07 00:07:21 #302 INFO] compute_gmfs  11% [119 submitted, 85 queued]
[2022-02-07 00:22:54 #302 INFO] compute_gmfs  12% [121 submitted, 83 queued]
[2022-02-07 00:23:26 #302 INFO] compute_gmfs  13% [123 submitted, 81 queued]
[2022-02-07 00:24:04 #302 INFO] compute_gmfs  14% [125 submitted, 79 queued]
[2022-02-07 00:27:46 #302 INFO] compute_gmfs  15% [127 submitted, 77 queued]
[2022-02-07 00:29:20 #302 INFO] compute_gmfs  16% [129 submitted, 75 queued]
[2022-02-07 00:29:52 #302 INFO] compute_gmfs  17% [131 submitted, 73 queued]
[2022-02-07 00:33:01 #302 INFO] compute_gmfs  18% [133 submitted, 71 queued]
[2022-02-07 00:39:32 #302 INFO] compute_gmfs  19% [135 submitted, 69 queued]
[2022-02-07 00:41:00 #302 INFO] compute_gmfs  20% [137 submitted, 67 queued]
[2022-02-07 00:44:32 #302 INFO] compute_gmfs  21% [139 submitted, 65 queued]
[2022-02-07 00:45:00 #302 INFO] compute_gmfs  22% [141 submitted, 63 queued]
[2022-02-07 00:45:11 #302 INFO] compute_gmfs  23% [143 submitted, 61 queued]
[2022-02-07 00:55:30 #302 INFO] compute_gmfs  24% [145 submitted, 59 queued]
[2022-02-07 01:07:58 #302 INFO] compute_gmfs  25% [147 submitted, 57 queued]
[2022-02-07 01:15:34 #302 INFO] compute_gmfs  26% [150 submitted, 54 queued]
[2022-02-07 01:17:45 #302 INFO] compute_gmfs  27% [152 submitted, 52 queued]
[2022-02-07 01:19:59 #302 INFO] compute_gmfs  28% [154 submitted, 50 queued]
[2022-02-07 01:24:39 #302 INFO] compute_gmfs  29% [156 submitted, 48 queued]
[2022-02-07 01:24:52 #302 INFO] compute_gmfs  30% [158 submitted, 46 queued]
[2022-02-07 01:25:10 #302 INFO] compute_gmfs  31% [160 submitted, 44 queued]
[2022-02-07 01:25:28 #302 INFO] compute_gmfs  32% [162 submitted, 42 queued]
[2022-02-07 01:33:29 #302 INFO] compute_gmfs  33% [164 submitted, 40 queued]
[2022-02-07 01:35:16 #302 INFO] compute_gmfs  34% [166 submitted, 38 queued]
[2022-02-07 01:36:54 #302 INFO] compute_gmfs  35% [168 submitted, 36 queued]
[2022-02-07 01:38:01 #302 INFO] compute_gmfs  36% [170 submitted, 34 queued]
[2022-02-07 01:39:02 #302 INFO] compute_gmfs  37% [172 submitted, 32 queued]
[2022-02-07 01:42:18 #302 INFO] compute_gmfs  38% [174 submitted, 30 queued]
[2022-02-07 01:44:17 #302 INFO] compute_gmfs  39% [176 submitted, 28 queued]
[2022-02-07 01:44:46 #302 INFO] compute_gmfs  40% [178 submitted, 26 queued]
[2022-02-07 01:45:22 #302 INFO] compute_gmfs  41% [180 submitted, 24 queued]
[2022-02-07 01:46:41 #302 INFO] compute_gmfs  42% [182 submitted, 22 queued]
[2022-02-07 01:47:22 #302 INFO] compute_gmfs  43% [184 submitted, 20 queued]
[2022-02-07 01:48:53 #302 INFO] compute_gmfs  44% [186 submitted, 18 queued]
[2022-02-07 01:49:49 #302 INFO] compute_gmfs  45% [188 submitted, 16 queued]
[2022-02-07 01:50:45 #302 INFO] compute_gmfs  46% [190 submitted, 14 queued]
[2022-02-07 01:52:06 #302 INFO] compute_gmfs  47% [192 submitted, 12 queued]
[2022-02-07 01:52:59 #302 INFO] compute_gmfs  48% [194 submitted, 10 queued]
[2022-02-07 01:55:08 #302 INFO] compute_gmfs  49% [196 submitted, 8 queued]
[2022-02-07 01:55:08 #302 INFO] compute_gmfs  50% [198 submitted, 6 queued]
[2022-02-07 01:55:09 #302 INFO] compute_gmfs  51% [201 submitted, 3 queued]
[2022-02-07 01:55:42 #302 INFO] compute_gmfs  52% [203 submitted, 1 queued]
[2022-02-07 01:57:51 #302 INFO] compute_gmfs  53% [204 submitted, 0 queued]
[2022-02-07 01:57:51 #302 INFO] compute_gmfs  54% [204 submitted, 0 queued]
[2022-02-07 01:58:19 #302 INFO] compute_gmfs  55% [204 submitted, 0 queued]
[2022-02-07 02:00:53 #302 INFO] compute_gmfs  56% [204 submitted, 0 queued]
[2022-02-07 02:00:53 #302 INFO] compute_gmfs  57% [204 submitted, 0 queued]
[2022-02-07 02:00:53 #302 INFO] compute_gmfs  58% [204 submitted, 0 queued]
[2022-02-07 02:00:53 #302 INFO] compute_gmfs  59% [204 submitted, 0 queued]
[2022-02-07 02:02:58 #302 INFO] compute_gmfs  60% [204 submitted, 0 queued]
[2022-02-07 02:02:58 #302 INFO] compute_gmfs  61% [204 submitted, 0 queued]
[2022-02-07 02:04:22 #302 INFO] compute_gmfs  62% [204 submitted, 0 queued]
[2022-02-07 02:07:45 #302 INFO] compute_gmfs  63% [204 submitted, 0 queued]
[2022-02-07 02:09:30 #302 INFO] compute_gmfs  64% [204 submitted, 0 queued]
[2022-02-07 02:16:14 #302 INFO] compute_gmfs  65% [204 submitted, 0 queued]
[2022-02-07 02:28:17 #302 INFO] compute_gmfs  66% [204 submitted, 0 queued]
[2022-02-07 02:28:18 #302 INFO] compute_gmfs  67% [204 submitted, 0 queued]
[2022-02-07 02:30:34 #302 INFO] compute_gmfs  68% [204 submitted, 0 queued]
[2022-02-07 02:33:51 #302 INFO] compute_gmfs  69% [204 submitted, 0 queued]
[2022-02-07 02:35:01 #302 INFO] compute_gmfs  70% [204 submitted, 0 queued]
[2022-02-07 02:41:56 #302 INFO] compute_gmfs  71% [204 submitted, 0 queued]
[2022-02-07 02:45:53 #302 INFO] compute_gmfs  72% [204 submitted, 0 queued]
[2022-02-07 02:47:52 #302 INFO] compute_gmfs  73% [204 submitted, 0 queued]
[2022-02-07 02:49:24 #302 INFO] compute_gmfs  74% [204 submitted, 0 queued]
[2022-02-07 02:51:07 #302 INFO] compute_gmfs  75% [204 submitted, 0 queued]
[2022-02-07 02:53:32 #302 INFO] compute_gmfs  76% [204 submitted, 0 queued]
[2022-02-07 02:55:00 #302 INFO] compute_gmfs  77% [204 submitted, 0 queued]
[2022-02-07 02:56:19 #302 INFO] compute_gmfs  78% [204 submitted, 0 queued]
[2022-02-07 03:00:01 #302 INFO] compute_gmfs  79% [204 submitted, 0 queued]
[2022-02-07 03:01:24 #302 INFO] compute_gmfs  80% [204 submitted, 0 queued]
[2022-02-07 03:03:33 #302 INFO] compute_gmfs  81% [204 submitted, 0 queued]
[2022-02-07 03:11:54 #302 INFO] compute_gmfs  82% [204 submitted, 0 queued]
[2022-02-07 03:17:40 #302 INFO] compute_gmfs  83% [204 submitted, 0 queued]
[2022-02-07 03:19:56 #302 INFO] compute_gmfs  84% [204 submitted, 0 queued]
[2022-02-07 03:20:55 #302 INFO] compute_gmfs  85% [204 submitted, 0 queued]
[2022-02-07 03:23:33 #302 INFO] compute_gmfs  86% [204 submitted, 0 queued]
[2022-02-07 03:27:39 #302 INFO] compute_gmfs  87% [204 submitted, 0 queued]
[2022-02-07 03:29:54 #302 INFO] compute_gmfs  88% [204 submitted, 0 queued]
[2022-02-07 03:35:19 #302 INFO] compute_gmfs  89% [204 submitted, 0 queued]
[2022-02-07 03:36:23 #302 INFO] compute_gmfs  90% [204 submitted, 0 queued]
[2022-02-07 03:38:10 #302 INFO] compute_gmfs  91% [204 submitted, 0 queued]
[2022-02-07 03:39:42 #302 INFO] compute_gmfs  92% [204 submitted, 0 queued]
[2022-02-07 03:42:17 #302 INFO] compute_gmfs  93% [204 submitted, 0 queued]
[2022-02-07 03:42:17 #302 INFO] compute_gmfs  94% [204 submitted, 0 queued]
[2022-02-07 03:42:57 #302 INFO] compute_gmfs  95% [204 submitted, 0 queued]
[2022-02-07 03:46:00 #302 INFO] compute_gmfs  96% [204 submitted, 0 queued]
[2022-02-07 03:47:47 #302 INFO] compute_gmfs  97% [204 submitted, 0 queued]
[2022-02-07 03:49:47 #302 INFO] compute_gmfs  98% [204 submitted, 0 queued]
[2022-02-07 03:50:43 #302 INFO] compute_gmfs  99% [204 submitted, 0 queued]
[2022-02-07 03:52:25 #302 INFO] compute_gmfs 100% [204 submitted, 0 queued]
[2022-02-07 03:52:25 #302 INFO] Mean time per core=12780s, std=2292.2s, min=9332s, max=16276s
[2022-02-07 03:52:25 #302 INFO] Received {'gmfdata': '69.17 GB', 'sig_eps': '376.55 MB', 'times': '31.51 MB', 'hcurves': '1020 B'} in 16330 seconds
[2022-02-07 03:52:25 #302 INFO] Stored 43.63 GB of GMFs
[2022-02-07 03:52:25 #302 WARNING] There are more than 1 GB of GMFs, not computing avg_gmf
[2022-02-07 03:53:56 #302 INFO] Building risk inputs from 200 realization(s)
[2022-02-07 04:02:34 #302 INFO] Grouping the GMFs by site ID
[2022-02-07 04:08:47 #302 INFO] Built 1448 risk inputs
[2022-02-07 04:10:33 #302 INFO] Sent 214 tasks, 56.21 GB in 106 seconds
[2022-02-07 08:48:08 #302 INFO] scenario_damage   1% [214 submitted, 0 queued]
[2022-02-07 09:45:16 #302 INFO] scenario_damage   2% [214 submitted, 0 queued]
[2022-02-07 10:18:18 #302 INFO] scenario_damage   3% [214 submitted, 0 queued]
[2022-02-07 10:25:13 #302 INFO] scenario_damage   4% [214 submitted, 0 queued]
[2022-02-07 10:30:33 #302 INFO] scenario_damage   5% [214 submitted, 0 queued]
[2022-02-07 10:47:57 #302 INFO] scenario_damage   6% [214 submitted, 0 queued]
[2022-02-07 10:56:49 #302 INFO] scenario_damage   7% [214 submitted, 0 queued]
[2022-02-07 11:07:09 #302 INFO] scenario_damage   8% [214 submitted, 0 queued]
[2022-02-07 11:14:22 #302 INFO] scenario_damage   9% [214 submitted, 0 queued]
[2022-02-07 11:24:19 #302 INFO] scenario_damage  10% [214 submitted, 0 queued]
[2022-02-07 11:34:25 #302 INFO] scenario_damage  11% [214 submitted, 0 queued]
[2022-02-07 11:44:23 #302 INFO] scenario_damage  12% [214 submitted, 0 queued]
[2022-02-07 11:47:12 #302 INFO] scenario_damage  13% [214 submitted, 0 queued]
[2022-02-07 11:55:37 #302 INFO] scenario_damage  14% [214 submitted, 0 queued]
[2022-02-07 12:01:18 #302 INFO] scenario_damage  15% [214 submitted, 0 queued]
[2022-02-07 12:02:40 #302 INFO] scenario_damage  16% [214 submitted, 0 queued]
[2022-02-07 12:06:05 #302 INFO] scenario_damage  17% [214 submitted, 0 queued]
[2022-02-07 12:10:58 #302 INFO] scenario_damage  18% [214 submitted, 0 queued]
[2022-02-07 12:15:13 #302 INFO] scenario_damage  19% [214 submitted, 0 queued]
[2022-02-07 12:22:30 #302 INFO] scenario_damage  20% [214 submitted, 0 queued]
[2022-02-07 12:23:10 #302 INFO] scenario_damage  21% [214 submitted, 0 queued]
[2022-02-07 12:25:14 #302 INFO] scenario_damage  22% [214 submitted, 0 queued]
[2022-02-07 12:25:46 #302 INFO] scenario_damage  23% [214 submitted, 0 queued]
[2022-02-07 12:26:43 #302 INFO] scenario_damage  24% [214 submitted, 0 queued]
[2022-02-07 12:28:45 #302 INFO] scenario_damage  25% [214 submitted, 0 queued]
[2022-02-07 12:29:36 #302 INFO] scenario_damage  26% [214 submitted, 0 queued]
[2022-02-07 12:31:10 #302 INFO] scenario_damage  27% [214 submitted, 0 queued]
[2022-02-07 12:35:46 #302 INFO] scenario_damage  28% [214 submitted, 0 queued]
[2022-02-07 12:40:06 #302 INFO] scenario_damage  29% [214 submitted, 0 queued]
[2022-02-07 12:43:25 #302 INFO] scenario_damage  30% [214 submitted, 0 queued]
[2022-02-07 12:54:08 #302 INFO] scenario_damage  31% [214 submitted, 0 queued]
[2022-02-07 12:57:29 #302 INFO] scenario_damage  32% [214 submitted, 0 queued]
[2022-02-07 13:00:10 #302 INFO] scenario_damage  33% [214 submitted, 0 queued]
[2022-02-07 13:02:17 #302 INFO] scenario_damage  34% [214 submitted, 0 queued]
[2022-02-07 13:06:12 #302 INFO] scenario_damage  35% [214 submitted, 0 queued]
[2022-02-07 13:14:53 #302 INFO] scenario_damage  36% [214 submitted, 0 queued]
[2022-02-07 13:18:57 #302 INFO] scenario_damage  37% [214 submitted, 0 queued]
[2022-02-07 13:25:50 #302 INFO] scenario_damage  38% [214 submitted, 0 queued]
[2022-02-07 13:29:15 #302 INFO] scenario_damage  39% [214 submitted, 0 queued]
[2022-02-07 13:32:41 #302 INFO] scenario_damage  40% [214 submitted, 0 queued]
[2022-02-07 13:36:52 #302 INFO] scenario_damage  41% [214 submitted, 0 queued]
[2022-02-07 13:44:09 #302 INFO] scenario_damage  42% [214 submitted, 0 queued]
[2022-02-07 14:49:14 #302 INFO] scenario_damage  43% [214 submitted, 0 queued]
[2022-02-07 15:24:45 #302 INFO] scenario_damage  44% [214 submitted, 0 queued]
[2022-02-07 16:33:29 #302 INFO] scenario_damage  45% [214 submitted, 0 queued]
[2022-02-07 17:28:23 #302 INFO] scenario_damage  46% [214 submitted, 0 queued]
[2022-02-07 17:35:24 #302 INFO] scenario_damage  47% [214 submitted, 0 queued]
[2022-02-07 18:05:40 #302 INFO] scenario_damage  48% [214 submitted, 0 queued]
[2022-02-07 18:25:24 #302 INFO] scenario_damage  49% [214 submitted, 0 queued]
[2022-02-07 18:40:08 #302 INFO] scenario_damage  50% [214 submitted, 0 queued]
[2022-02-07 19:08:35 #302 INFO] scenario_damage  51% [214 submitted, 0 queued]
[2022-02-07 19:17:42 #302 INFO] scenario_damage  52% [214 submitted, 0 queued]
[2022-02-07 19:20:41 #302 INFO] scenario_damage  53% [214 submitted, 0 queued]
[2022-02-07 19:32:15 #302 INFO] scenario_damage  54% [214 submitted, 0 queued]
[2022-02-07 19:36:37 #302 INFO] scenario_damage  55% [214 submitted, 0 queued]
[2022-02-07 19:38:50 #302 INFO] scenario_damage  56% [214 submitted, 0 queued]
[2022-02-07 19:44:00 #302 INFO] scenario_damage  57% [214 submitted, 0 queued]
[2022-02-07 19:46:22 #302 INFO] scenario_damage  58% [214 submitted, 0 queued]
[2022-02-07 19:47:45 #302 INFO] scenario_damage  59% [214 submitted, 0 queued]
[2022-02-07 19:52:12 #302 INFO] scenario_damage  60% [214 submitted, 0 queued]
[2022-02-07 19:56:17 #302 INFO] scenario_damage  61% [214 submitted, 0 queued]
[2022-02-07 19:59:15 #302 INFO] scenario_damage  62% [214 submitted, 0 queued]
[2022-02-07 20:00:15 #302 INFO] scenario_damage  63% [214 submitted, 0 queued]
[2022-02-07 20:03:13 #302 INFO] scenario_damage  64% [214 submitted, 0 queued]
[2022-02-07 20:09:04 #302 INFO] scenario_damage  65% [214 submitted, 0 queued]
[2022-02-07 20:11:53 #302 INFO] scenario_damage  66% [214 submitted, 0 queued]
[2022-02-07 20:19:39 #302 INFO] scenario_damage  67% [214 submitted, 0 queued]
[2022-02-07 20:22:26 #302 INFO] scenario_damage  68% [214 submitted, 0 queued]
[2022-02-07 20:24:47 #302 INFO] scenario_damage  69% [214 submitted, 0 queued]
[2022-02-07 20:28:33 #302 INFO] scenario_damage  70% [214 submitted, 0 queued]
[2022-02-07 20:29:35 #302 INFO] scenario_damage  71% [214 submitted, 0 queued]
[2022-02-07 20:32:11 #302 INFO] scenario_damage  72% [214 submitted, 0 queued]
[2022-02-07 20:33:31 #302 INFO] scenario_damage  73% [214 submitted, 0 queued]
[2022-02-07 20:35:16 #302 INFO] scenario_damage  74% [214 submitted, 0 queued]
[2022-02-07 20:40:11 #302 INFO] scenario_damage  75% [214 submitted, 0 queued]
[2022-02-07 20:45:36 #302 INFO] scenario_damage  76% [214 submitted, 0 queued]
[2022-02-07 20:47:26 #302 INFO] scenario_damage  77% [214 submitted, 0 queued]
[2022-02-07 20:47:47 #302 INFO] scenario_damage  78% [214 submitted, 0 queued]
[2022-02-07 20:51:52 #302 INFO] scenario_damage  79% [214 submitted, 0 queued]
[2022-02-07 20:53:07 #302 INFO] scenario_damage  80% [214 submitted, 0 queued]
[2022-02-07 20:53:34 #302 INFO] scenario_damage  81% [214 submitted, 0 queued]
[2022-02-07 20:55:51 #302 INFO] scenario_damage  82% [214 submitted, 0 queued]
[2022-02-07 21:08:03 #302 INFO] scenario_damage  83% [214 submitted, 0 queued]
[2022-02-07 21:10:10 #302 INFO] scenario_damage  84% [214 submitted, 0 queued]
[2022-02-07 21:19:00 #302 INFO] scenario_damage  85% [214 submitted, 0 queued]
[2022-02-07 21:30:14 #302 INFO] scenario_damage  86% [214 submitted, 0 queued]
[2022-02-07 21:33:10 #302 INFO] scenario_damage  87% [214 submitted, 0 queued]
[2022-02-07 22:09:47 #302 INFO] scenario_damage  88% [214 submitted, 0 queued]
[2022-02-07 22:21:00 #302 INFO] scenario_damage  89% [214 submitted, 0 queued]
[2022-02-07 22:42:42 #302 INFO] scenario_damage  90% [214 submitted, 0 queued]
[2022-02-07 23:23:45 #302 INFO] scenario_damage  91% [214 submitted, 0 queued]
[2022-02-07 23:49:55 #302 INFO] scenario_damage  92% [214 submitted, 0 queued]
[2022-02-08 00:00:09 #302 INFO] scenario_damage  93% [214 submitted, 0 queued]
[2022-02-08 00:10:13 #302 INFO] scenario_damage  94% [214 submitted, 0 queued]
[2022-02-08 00:13:43 #302 INFO] scenario_damage  95% [214 submitted, 0 queued]
[2022-02-08 00:22:52 #302 INFO] scenario_damage  96% [214 submitted, 0 queued]
[2022-02-08 00:27:03 #302 INFO] scenario_damage  97% [214 submitted, 0 queued]
[2022-02-08 00:32:31 #302 INFO] scenario_damage  98% [214 submitted, 0 queued]
[2022-02-08 00:41:44 #302 INFO] scenario_damage  99% [214 submitted, 0 queued]
[2022-02-08 01:02:54 #302 INFO] scenario_damage 100% [214 submitted, 0 queued]
[2022-02-08 01:02:54 #302 INFO] Mean time per core=62067s, std=5827.8s, min=55625s, max=75075s
[2022-02-08 01:02:54 #302 INFO] Received {'aed': '38.81 GB', 'd_event': '9.6 GB', 'd_asset': '583.72 MB'} in 75140 seconds
[2022-02-08 01:02:55 #302 INFO] Saving 38.81 GB in dd_data (instead of 1.76 TB)
[2022-02-08 01:05:32 #302 INFO] Portfolio damage
==== ========== ========= =======
kind loss_type  dmg_state value  
==== ========== ========= =======
avg  structural no_damage 161_017
avg  structural slight    188    
avg  structural moderate  24     
avg  structural extensive 8.55503
avg  structural complete  12     
std  structural no_damage 2_341  
std  structural slight    1_800  
std  structural moderate  307    
std  structural extensive 111    
std  structural complete  183    
==== ========== ========= =======
[2022-02-08 01:05:32 #302 INFO] Due to rounding errors inherent in floating-point arithmetic, the total number of buildings is not exact: {'expected': 161251.0, 'structural': 2752.4702}
[2022-02-08 01:05:43 #302 INFO] Exposing the outputs to the database
[2022-02-08 01:05:43 #302 INFO] Stored 33.84 GB on /root/oqdata/calc_302.hdf5 in 93852 seconds
/home/ssm-user/src/oq-engine/openquake/hazardlib/gsim/base.py:347: ExperimentalWarning: CanadaSHM6_ActiveCrust_BooreEtAl2014 is experimental and may change in future versions - the user is liable for their application
  warnings.warn(msg, ExperimentalWarning)
/home/ssm-user/src/oq-engine/openquake/hazardlib/gsim/base.py:347: ExperimentalWarning: CanadaSHM6_ActiveCrust_BooreEtAl2014 is experimental and may change in future versions - the user is liable for their application
  warnings.warn(msg, ExperimentalWarning)
/home/ssm-user/src/oq-engine/openquake/hazardlib/gsim/base.py:347: ExperimentalWarning: CanadaSHM6_ActiveCrust_BooreEtAl2014 is experimental and may change in future versions - the user is liable for their application
  warnings.warn(msg, ExperimentalWarning)
/home/ssm-user/src/oq-engine/openquake/hazardlib/gsim/base.py:347: ExperimentalWarning: CanadaSHM6_ActiveCrust_BooreEtAl2014 is experimental and may change in future versions - the user is liable for their application
  warnings.warn(msg, ExperimentalWarning)
/home/ssm-user/src/oq-engine/openquake/hazardlib/gsim/base.py:347: ExperimentalWarning: CanadaSHM6_ActiveCrust_BooreEtAl2014 is experimental and may change in future versions - the user is liable for their application
  warnings.warn(msg, ExperimentalWarning)
/home/ssm-user/src/oq-engine/openquake/hazardlib/gsim/base.py:347: ExperimentalWarning: CanadaSHM6_ActiveCrust_BooreEtAl2014 is experimental and may change in future versions - the user is liable for their application
  warnings.warn(msg, ExperimentalWarning)
/home/ssm-user/src/oq-engine/openquake/hazardlib/gsim/base.py:347: ExperimentalWarning: CanadaSHM6_ActiveCrust_BooreEtAl2014 is experimental and may change in future versions - the user is liable for their application
  warnings.warn(msg, ExperimentalWarning)
/home/ssm-user/src/oq-engine/openquake/hazardlib/gsim/base.py:347: ExperimentalWarning: CanadaSHM6_ActiveCrust_BooreEtAl2014 is experimental and may change in future versions - the user is liable for their application
  warnings.warn(msg, ExperimentalWarning)
/home/ssm-user/src/oq-engine/openquake/hazardlib/gsim/base.py:347: ExperimentalWarning: CanadaSHM6_ActiveCrust_BooreEtAl2014 is experimental and may change in future versions - the user is liable for their application
  warnings.warn(msg, ExperimentalWarning)
/home/ssm-user/src/oq-engine/openquake/hazardlib/gsim/base.py:347: ExperimentalWarning: CanadaSHM6_ActiveCrust_BooreEtAl2014 is experimental and may change in future versions - the user is liable for their application
  warnings.warn(msg, ExperimentalWarning)
/home/ssm-user/src/oq-engine/openquake/hazardlib/gsim/base.py:347: ExperimentalWarning: CanadaSHM6_ActiveCrust_BooreEtAl2014 is experimental and may change in future versions - the user is liable for their application
  warnings.warn(msg, ExperimentalWarning)
/home/ssm-user/src/oq-engine/openquake/hazardlib/gsim/base.py:347: ExperimentalWarning: CanadaSHM6_ActiveCrust_BooreEtAl2014 is experimental and may change in future versions - the user is liable for their application
  warnings.warn(msg, ExperimentalWarning)
/home/ssm-user/src/oq-engine/openquake/hazardlib/gsim/base.py:347: ExperimentalWarning: CanadaSHM6_ActiveCrust_BooreEtAl2014 is experimental and may change in future versions - the user is liable for their application
  warnings.warn(msg, ExperimentalWarning)
/home/ssm-user/src/oq-engine/openquake/hazardlib/gsim/base.py:347: ExperimentalWarning: CanadaSHM6_ActiveCrust_BooreEtAl2014 is experimental and may change in future versions - the user is liable for their application
  warnings.warn(msg, ExperimentalWarning)
/home/ssm-user/src/oq-engine/openquake/hazardlib/gsim/base.py:347: ExperimentalWarning: CanadaSHM6_ActiveCrust_BooreEtAl2014 is experimental and may change in future versions - the user is liable for their application
  warnings.warn(msg, ExperimentalWarning)
/home/ssm-user/src/oq-engine/openquake/hazardlib/gsim/base.py:347: ExperimentalWarning: CanadaSHM6_ActiveCrust_BooreEtAl2014 is experimental and may change in future versions - the user is liable for their application
  warnings.warn(msg, ExperimentalWarning)
/home/ssm-user/src/oq-engine/openquake/hazardlib/gsim/base.py:347: ExperimentalWarning: CanadaSHM6_ActiveCrust_BooreEtAl2014 is experimental and may change in future versions - the user is liable for their application
  warnings.warn(msg, ExperimentalWarning)
/home/ssm-user/src/oq-engine/openquake/hazardlib/gsim/base.py:347: ExperimentalWarning: CanadaSHM6_ActiveCrust_BooreEtAl2014 is experimental and may change in future versions - the user is liable for their application
  warnings.warn(msg, ExperimentalWarning)
/home/ssm-user/src/oq-engine/openquake/hazardlib/gsim/base.py:347: ExperimentalWarning: CanadaSHM6_ActiveCrust_BooreEtAl2014 is experimental and may change in future versions - the user is liable for their application
  warnings.warn(msg, ExperimentalWarning)
/home/ssm-user/src/oq-engine/openquake/hazardlib/gsim/base.py:347: ExperimentalWarning: CanadaSHM6_ActiveCrust_BooreEtAl2014 is experimental and may change in future versions - the user is liable for their application
  warnings.warn(msg, ExperimentalWarning)
/home/ssm-user/src/oq-engine/openquake/hazardlib/gsim/base.py:347: ExperimentalWarning: CanadaSHM6_ActiveCrust_BooreEtAl2014 is experimental and may change in future versions - the user is liable for their application
  warnings.warn(msg, ExperimentalWarning)
/home/ssm-user/src/oq-engine/openquake/hazardlib/gsim/base.py:347: ExperimentalWarning: CanadaSHM6_ActiveCrust_BooreEtAl2014 is experimental and may change in future versions - the user is liable for their application
  warnings.warn(msg, ExperimentalWarning)
/home/ssm-user/src/oq-engine/openquake/hazardlib/gsim/base.py:347: ExperimentalWarning: CanadaSHM6_ActiveCrust_BooreEtAl2014 is experimental and may change in future versions - the user is liable for their application
  warnings.warn(msg, ExperimentalWarning)
/home/ssm-user/src/oq-engine/openquake/hazardlib/gsim/base.py:347: ExperimentalWarning: CanadaSHM6_ActiveCrust_BooreEtAl2014 is experimental and may change in future versions - the user is liable for their application
  warnings.warn(msg, ExperimentalWarning)
/home/ssm-user/src/oq-engine/openquake/hazardlib/gsim/base.py:347: ExperimentalWarning: CanadaSHM6_ActiveCrust_BooreEtAl2014 is experimental and may change in future versions - the user is liable for their application
  warnings.warn(msg, ExperimentalWarning)
/home/ssm-user/src/oq-engine/openquake/hazardlib/gsim/base.py:347: ExperimentalWarning: CanadaSHM6_ActiveCrust_BooreEtAl2014 is experimental and may change in future versions - the user is liable for their application
  warnings.warn(msg, ExperimentalWarning)
/home/ssm-user/src/oq-engine/openquake/hazardlib/gsim/base.py:347: ExperimentalWarning: CanadaSHM6_ActiveCrust_BooreEtAl2014 is experimental and may change in future versions - the user is liable for their application
  warnings.warn(msg, ExperimentalWarning)
/home/ssm-user/src/oq-engine/openquake/hazardlib/gsim/base.py:347: ExperimentalWarning: CanadaSHM6_ActiveCrust_BooreEtAl2014 is experimental and may change in future versions - the user is liable for their application
  warnings.warn(msg, ExperimentalWarning)
/home/ssm-user/src/oq-engine/openquake/hazardlib/gsim/base.py:347: ExperimentalWarning: CanadaSHM6_ActiveCrust_BooreEtAl2014 is experimental and may change in future versions - the user is liable for their application
  warnings.warn(msg, ExperimentalWarning)
/home/ssm-user/src/oq-engine/openquake/hazardlib/gsim/base.py:347: ExperimentalWarning: CanadaSHM6_ActiveCrust_BooreEtAl2014 is experimental and may change in future versions - the user is liable for their application
  warnings.warn(msg, ExperimentalWarning)
/home/ssm-user/src/oq-engine/openquake/hazardlib/gsim/base.py:347: ExperimentalWarning: CanadaSHM6_ActiveCrust_BooreEtAl2014 is experimental and may change in future versions - the user is liable for their application
  warnings.warn(msg, ExperimentalWarning)
/home/ssm-user/src/oq-engine/openquake/hazardlib/gsim/base.py:347: ExperimentalWarning: CanadaSHM6_ActiveCrust_BooreEtAl2014 is experimental and may change in future versions - the user is liable for their application
  warnings.warn(msg, ExperimentalWarning)
/home/ssm-user/src/oq-engine/openquake/hazardlib/gsim/base.py:347: ExperimentalWarning: CanadaSHM6_ActiveCrust_BooreEtAl2014 is experimental and may change in future versions - the user is liable for their application
  warnings.warn(msg, ExperimentalWarning)
/home/ssm-user/src/oq-engine/openquake/hazardlib/gsim/base.py:347: ExperimentalWarning: CanadaSHM6_ActiveCrust_BooreEtAl2014 is experimental and may change in future versions - the user is liable for their application
  warnings.warn(msg, ExperimentalWarning)
/home/ssm-user/src/oq-engine/openquake/hazardlib/gsim/base.py:347: ExperimentalWarning: CanadaSHM6_ActiveCrust_BooreEtAl2014 is experimental and may change in future versions - the user is liable for their application
  warnings.warn(msg, ExperimentalWarning)
/home/ssm-user/src/oq-engine/openquake/hazardlib/gsim/base.py:347: ExperimentalWarning: CanadaSHM6_ActiveCrust_BooreEtAl2014 is experimental and may change in future versions - the user is liable for their application
  warnings.warn(msg, ExperimentalWarning)
/home/ssm-user/src/oq-engine/openquake/hazardlib/gsim/base.py:347: ExperimentalWarning: CanadaSHM6_ActiveCrust_BooreEtAl2014 is experimental and may change in future versions - the user is liable for their application
  warnings.warn(msg, ExperimentalWarning)
/home/ssm-user/src/oq-engine/openquake/hazardlib/gsim/base.py:347: ExperimentalWarning: CanadaSHM6_ActiveCrust_BooreEtAl2014 is experimental and may change in future versions - the user is liable for their application
  warnings.warn(msg, ExperimentalWarning)
/home/ssm-user/src/oq-engine/openquake/hazardlib/gsim/base.py:347: ExperimentalWarning: CanadaSHM6_ActiveCrust_BooreEtAl2014 is experimental and may change in future versions - the user is liable for their application
  warnings.warn(msg, ExperimentalWarning)
/home/ssm-user/src/oq-engine/openquake/hazardlib/gsim/base.py:347: ExperimentalWarning: CanadaSHM6_ActiveCrust_BooreEtAl2014 is experimental and may change in future versions - the user is liable for their application
  warnings.warn(msg, ExperimentalWarning)
/home/ssm-user/src/oq-engine/openquake/hazardlib/gsim/base.py:347: ExperimentalWarning: CanadaSHM6_ActiveCrust_BooreEtAl2014 is experimental and may change in future versions - the user is liable for their application
  warnings.warn(msg, ExperimentalWarning)
/home/ssm-user/src/oq-engine/openquake/hazardlib/gsim/base.py:347: ExperimentalWarning: CanadaSHM6_ActiveCrust_BooreEtAl2014 is experimental and may change in future versions - the user is liable for their application
  warnings.warn(msg, ExperimentalWarning)
/home/ssm-user/src/oq-engine/openquake/hazardlib/gsim/base.py:347: ExperimentalWarning: CanadaSHM6_ActiveCrust_BooreEtAl2014 is experimental and may change in future versions - the user is liable for their application
  warnings.warn(msg, ExperimentalWarning)
/home/ssm-user/src/oq-engine/openquake/hazardlib/gsim/base.py:347: ExperimentalWarning: CanadaSHM6_ActiveCrust_BooreEtAl2014 is experimental and may change in future versions - the user is liable for their application
  warnings.warn(msg, ExperimentalWarning)
/home/ssm-user/src/oq-engine/openquake/hazardlib/gsim/base.py:347: ExperimentalWarning: CanadaSHM6_ActiveCrust_BooreEtAl2014 is experimental and may change in future versions - the user is liable for their application
  warnings.warn(msg, ExperimentalWarning)
/home/ssm-user/src/oq-engine/openquake/hazardlib/gsim/base.py:347: ExperimentalWarning: CanadaSHM6_ActiveCrust_BooreEtAl2014 is experimental and may change in future versions - the user is liable for their application
  warnings.warn(msg, ExperimentalWarning)
/home/ssm-user/src/oq-engine/openquake/hazardlib/gsim/base.py:347: ExperimentalWarning: CanadaSHM6_ActiveCrust_BooreEtAl2014 is experimental and may change in future versions - the user is liable for their application
  warnings.warn(msg, ExperimentalWarning)
/home/ssm-user/src/oq-engine/openquake/hazardlib/gsim/base.py:347: ExperimentalWarning: CanadaSHM6_ActiveCrust_BooreEtAl2014 is experimental and may change in future versions - the user is liable for their application
  warnings.warn(msg, ExperimentalWarning)
/home/ssm-user/src/oq-engine/openquake/hazardlib/gsim/base.py:347: ExperimentalWarning: CanadaSHM6_ActiveCrust_BooreEtAl2014 is experimental and may change in future versions - the user is liable for their application
  warnings.warn(msg, ExperimentalWarning)
/home/ssm-user/src/oq-engine/openquake/hazardlib/gsim/base.py:347: ExperimentalWarning: CanadaSHM6_ActiveCrust_BooreEtAl2014 is experimental and may change in future versions - the user is liable for their application
  warnings.warn(msg, ExperimentalWarning)
/home/ssm-user/src/oq-engine/openquake/hazardlib/gsim/base.py:347: ExperimentalWarning: CanadaSHM6_ActiveCrust_BooreEtAl2014 is experimental and may change in future versions - the user is liable for their application
  warnings.warn(msg, ExperimentalWarning)
/home/ssm-user/src/oq-engine/openquake/hazardlib/gsim/base.py:347: ExperimentalWarning: CanadaSHM6_ActiveCrust_BooreEtAl2014 is experimental and may change in future versions - the user is liable for their application
  warnings.warn(msg, ExperimentalWarning)
/home/ssm-user/src/oq-engine/openquake/hazardlib/gsim/base.py:347: ExperimentalWarning: CanadaSHM6_ActiveCrust_BooreEtAl2014 is experimental and may change in future versions - the user is liable for their application
  warnings.warn(msg, ExperimentalWarning)
/home/ssm-user/src/oq-engine/openquake/hazardlib/gsim/base.py:347: ExperimentalWarning: CanadaSHM6_ActiveCrust_BooreEtAl2014 is experimental and may change in future versions - the user is liable for their application
  warnings.warn(msg, ExperimentalWarning)
/home/ssm-user/src/oq-engine/openquake/hazardlib/gsim/base.py:347: ExperimentalWarning: CanadaSHM6_ActiveCrust_BooreEtAl2014 is experimental and may change in future versions - the user is liable for their application
  warnings.warn(msg, ExperimentalWarning)
/home/ssm-user/src/oq-engine/openquake/hazardlib/gsim/base.py:347: ExperimentalWarning: CanadaSHM6_ActiveCrust_BooreEtAl2014 is experimental and may change in future versions - the user is liable for their application
  warnings.warn(msg, ExperimentalWarning)
/home/ssm-user/src/oq-engine/openquake/hazardlib/gsim/base.py:347: ExperimentalWarning: CanadaSHM6_ActiveCrust_BooreEtAl2014 is experimental and may change in future versions - the user is liable for their application
  warnings.warn(msg, ExperimentalWarning)
/home/ssm-user/src/oq-engine/openquake/hazardlib/gsim/base.py:347: ExperimentalWarning: CanadaSHM6_ActiveCrust_BooreEtAl2014 is experimental and may change in future versions - the user is liable for their application
  warnings.warn(msg, ExperimentalWarning)
/home/ssm-user/src/oq-engine/openquake/hazardlib/gsim/base.py:347: ExperimentalWarning: CanadaSHM6_ActiveCrust_BooreEtAl2014 is experimental and may change in future versions - the user is liable for their application
  warnings.warn(msg, ExperimentalWarning)
/home/ssm-user/src/oq-engine/openquake/hazardlib/gsim/base.py:347: ExperimentalWarning: CanadaSHM6_ActiveCrust_BooreEtAl2014 is experimental and may change in future versions - the user is liable for their application
  warnings.warn(msg, ExperimentalWarning)
/home/ssm-user/src/oq-engine/openquake/hazardlib/gsim/base.py:347: ExperimentalWarning: CanadaSHM6_ActiveCrust_BooreEtAl2014 is experimental and may change in future versions - the user is liable for their application
  warnings.warn(msg, ExperimentalWarning)
/home/ssm-user/src/oq-engine/openquake/hazardlib/gsim/base.py:347: ExperimentalWarning: CanadaSHM6_ActiveCrust_BooreEtAl2014 is experimental and may change in future versions - the user is liable for their application
  warnings.warn(msg, ExperimentalWarning)
/home/ssm-user/src/oq-engine/openquake/hazardlib/gsim/base.py:347: ExperimentalWarning: CanadaSHM6_ActiveCrust_BooreEtAl2014 is experimental and may change in future versions - the user is liable for their application
  warnings.warn(msg, ExperimentalWarning)
/home/ssm-user/src/oq-engine/openquake/hazardlib/gsim/base.py:347: ExperimentalWarning: CanadaSHM6_ActiveCrust_BooreEtAl2014 is experimental and may change in future versions - the user is liable for their application
  warnings.warn(msg, ExperimentalWarning)
/home/ssm-user/src/oq-engine/openquake/hazardlib/gsim/base.py:347: ExperimentalWarning: CanadaSHM6_ActiveCrust_BooreEtAl2014 is experimental and may change in future versions - the user is liable for their application
  warnings.warn(msg, ExperimentalWarning)
/home/ssm-user/src/oq-engine/openquake/hazardlib/gsim/base.py:347: ExperimentalWarning: CanadaSHM6_ActiveCrust_BooreEtAl2014 is experimental and may change in future versions - the user is liable for their application
  warnings.warn(msg, ExperimentalWarning)
/home/ssm-user/src/oq-engine/openquake/hazardlib/gsim/base.py:347: ExperimentalWarning: CanadaSHM6_ActiveCrust_BooreEtAl2014 is experimental and may change in future versions - the user is liable for their application
  warnings.warn(msg, ExperimentalWarning)
/home/ssm-user/src/oq-engine/openquake/hazardlib/gsim/base.py:347: ExperimentalWarning: CanadaSHM6_ActiveCrust_BooreEtAl2014 is experimental and may change in future versions - the user is liable for their application
  warnings.warn(msg, ExperimentalWarning)
/home/ssm-user/src/oq-engine/openquake/hazardlib/gsim/base.py:347: ExperimentalWarning: CanadaSHM6_ActiveCrust_BooreEtAl2014 is experimental and may change in future versions - the user is liable for their application
  warnings.warn(msg, ExperimentalWarning)
/home/ssm-user/src/oq-engine/openquake/hazardlib/gsim/base.py:347: ExperimentalWarning: CanadaSHM6_ActiveCrust_BooreEtAl2014 is experimental and may change in future versions - the user is liable for their application
  warnings.warn(msg, ExperimentalWarning)
/home/ssm-user/src/oq-engine/openquake/hazardlib/gsim/base.py:347: ExperimentalWarning: CanadaSHM6_ActiveCrust_BooreEtAl2014 is experimental and may change in future versions - the user is liable for their application
  warnings.warn(msg, ExperimentalWarning)
/home/ssm-user/src/oq-engine/openquake/hazardlib/gsim/base.py:347: ExperimentalWarning: CanadaSHM6_ActiveCrust_BooreEtAl2014 is experimental and may change in future versions - the user is liable for their application
  warnings.warn(msg, ExperimentalWarning)
/home/ssm-user/src/oq-engine/openquake/hazardlib/gsim/base.py:347: ExperimentalWarning: CanadaSHM6_ActiveCrust_BooreEtAl2014 is experimental and may change in future versions - the user is liable for their application
  warnings.warn(msg, ExperimentalWarning)
/home/ssm-user/src/oq-engine/openquake/hazardlib/gsim/base.py:347: ExperimentalWarning: CanadaSHM6_ActiveCrust_BooreEtAl2014 is experimental and may change in future versions - the user is liable for their application
  warnings.warn(msg, ExperimentalWarning)
/home/ssm-user/src/oq-engine/openquake/hazardlib/gsim/base.py:347: ExperimentalWarning: CanadaSHM6_ActiveCrust_BooreEtAl2014 is experimental and may change in future versions - the user is liable for their application
  warnings.warn(msg, ExperimentalWarning)
/home/ssm-user/src/oq-engine/openquake/hazardlib/gsim/base.py:347: ExperimentalWarning: CanadaSHM6_ActiveCrust_BooreEtAl2014 is experimental and may change in future versions - the user is liable for their application
  warnings.warn(msg, ExperimentalWarning)
/home/ssm-user/src/oq-engine/openquake/hazardlib/gsim/base.py:347: ExperimentalWarning: CanadaSHM6_ActiveCrust_BooreEtAl2014 is experimental and may change in future versions - the user is liable for their application
  warnings.warn(msg, ExperimentalWarning)
/home/ssm-user/src/oq-engine/openquake/hazardlib/gsim/base.py:347: ExperimentalWarning: CanadaSHM6_ActiveCrust_BooreEtAl2014 is experimental and may change in future versions - the user is liable for their application
  warnings.warn(msg, ExperimentalWarning)
/home/ssm-user/src/oq-engine/openquake/hazardlib/gsim/base.py:347: ExperimentalWarning: CanadaSHM6_ActiveCrust_BooreEtAl2014 is experimental and may change in future versions - the user is liable for their application
  warnings.warn(msg, ExperimentalWarning)
/home/ssm-user/src/oq-engine/openquake/hazardlib/gsim/base.py:347: ExperimentalWarning: CanadaSHM6_ActiveCrust_BooreEtAl2014 is experimental and may change in future versions - the user is liable for their application
  warnings.warn(msg, ExperimentalWarning)
/home/ssm-user/src/oq-engine/openquake/hazardlib/gsim/base.py:347: ExperimentalWarning: CanadaSHM6_ActiveCrust_BooreEtAl2014 is experimental and may change in future versions - the user is liable for their application
  warnings.warn(msg, ExperimentalWarning)
/home/ssm-user/src/oq-engine/openquake/hazardlib/gsim/base.py:347: ExperimentalWarning: CanadaSHM6_ActiveCrust_BooreEtAl2014 is experimental and may change in future versions - the user is liable for their application
  warnings.warn(msg, ExperimentalWarning)
/home/ssm-user/src/oq-engine/openquake/hazardlib/gsim/base.py:347: ExperimentalWarning: CanadaSHM6_ActiveCrust_BooreEtAl2014 is experimental and may change in future versions - the user is liable for their application
  warnings.warn(msg, ExperimentalWarning)
/home/ssm-user/src/oq-engine/openquake/hazardlib/gsim/base.py:347: ExperimentalWarning: CanadaSHM6_ActiveCrust_BooreEtAl2014 is experimental and may change in future versions - the user is liable for their application
  warnings.warn(msg, ExperimentalWarning)
/home/ssm-user/src/oq-engine/openquake/hazardlib/gsim/base.py:347: ExperimentalWarning: CanadaSHM6_ActiveCrust_BooreEtAl2014 is experimental and may change in future versions - the user is liable for their application
  warnings.warn(msg, ExperimentalWarning)
/home/ssm-user/src/oq-engine/openquake/hazardlib/gsim/base.py:347: ExperimentalWarning: CanadaSHM6_ActiveCrust_BooreEtAl2014 is experimental and may change in future versions - the user is liable for their application
  warnings.warn(msg, ExperimentalWarning)
/home/ssm-user/src/oq-engine/openquake/hazardlib/gsim/base.py:347: ExperimentalWarning: CanadaSHM6_ActiveCrust_BooreEtAl2014 is experimental and may change in future versions - the user is liable for their application
  warnings.warn(msg, ExperimentalWarning)
/home/ssm-user/src/oq-engine/openquake/hazardlib/gsim/base.py:347: ExperimentalWarning: CanadaSHM6_ActiveCrust_BooreEtAl2014 is experimental and may change in future versions - the user is liable for their application
  warnings.warn(msg, ExperimentalWarning)
/home/ssm-user/src/oq-engine/openquake/hazardlib/gsim/base.py:347: ExperimentalWarning: CanadaSHM6_ActiveCrust_BooreEtAl2014 is experimental and may change in future versions - the user is liable for their application
  warnings.warn(msg, ExperimentalWarning)
/home/ssm-user/src/oq-engine/openquake/hazardlib/gsim/base.py:347: ExperimentalWarning: CanadaSHM6_ActiveCrust_BooreEtAl2014 is experimental and may change in future versions - the user is liable for their application
  warnings.warn(msg, ExperimentalWarning)
/home/ssm-user/src/oq-engine/openquake/hazardlib/gsim/base.py:347: ExperimentalWarning: CanadaSHM6_ActiveCrust_BooreEtAl2014 is experimental and may change in future versions - the user is liable for their application
  warnings.warn(msg, ExperimentalWarning)
/home/ssm-user/src/oq-engine/openquake/hazardlib/gsim/base.py:347: ExperimentalWarning: CanadaSHM6_ActiveCrust_BooreEtAl2014 is experimental and may change in future versions - the user is liable for their application
  warnings.warn(msg, ExperimentalWarning)
/home/ssm-user/src/oq-engine/openquake/hazardlib/gsim/base.py:347: ExperimentalWarning: CanadaSHM6_ActiveCrust_BooreEtAl2014 is experimental and may change in future versions - the user is liable for their application
  warnings.warn(msg, ExperimentalWarning)
/home/ssm-user/src/oq-engine/openquake/hazardlib/gsim/base.py:347: ExperimentalWarning: CanadaSHM6_ActiveCrust_BooreEtAl2014 is experimental and may change in future versions - the user is liable for their application
  warnings.warn(msg, ExperimentalWarning)
/home/ssm-user/src/oq-engine/openquake/hazardlib/gsim/base.py:347: ExperimentalWarning: CanadaSHM6_ActiveCrust_BooreEtAl2014 is experimental and may change in future versions - the user is liable for their application
  warnings.warn(msg, ExperimentalWarning)
/home/ssm-user/src/oq-engine/openquake/hazardlib/gsim/base.py:347: ExperimentalWarning: CanadaSHM6_ActiveCrust_BooreEtAl2014 is experimental and may change in future versions - the user is liable for their application
  warnings.warn(msg, ExperimentalWarning)
[2022-02-08 01:05:44 #303 INFO] root running /mnt/storage/canada-srm2/eDamage/input/eDamage_r1_BC_V_GreaterVancouverNorth.ini [--hc=302]
[2022-02-08 01:05:44 #303 INFO] Using engine version 3.11.3-git29ac352f7d
[2022-02-08 01:05:44 #303 WARNING] Version v3.13.0 of the engine is available, but you are still using version 3.11.3-git29ac352f7d
[2022-02-08 01:05:44 #303 WARNING] Using 96 cores on ip-10-70-136-127
[2022-02-08 01:05:44 #303 INFO] Validated nationalModel.xml in 0.01 seconds
[2022-02-08 01:05:44 #303 INFO] Checksum of the input files: 514598877
[2022-02-08 01:05:44 #303 INFO] Reading the risk model if present
[2022-02-08 01:05:47 #303 INFO] Reading /mnt/storage/openquake-inputs/exposure/general-building-stock/oqBldgExp_BC_V_GreaterVancouverNorth.xml
[2022-02-08 01:05:51 #303 INFO] Associated 33773 assets to 1448 sites
[2022-02-08 01:05:55 #303 INFO] Reducing risk model from 4224 to 554 taxonomies
[2022-02-08 01:05:56 #303 INFO] minimum_asset_loss={'structural': 0}
[2022-02-08 01:05:56 #303 INFO] Storing risk model
[2022-02-08 01:05:57 #303 INFO] Building risk inputs from 200 realization(s)
[2022-02-08 01:14:52 #303 INFO] Grouping the GMFs by site ID
[2022-02-08 01:20:49 #303 INFO] Built 1448 risk inputs
  id | name
2132 | Aggregate Event Damages
2130 | Asset Damage Distributions
2131 | Asset Damage Statistics
2138 | Earthquake Ruptures
2133 | Events
2134 | Full Report
2135 | Ground Motion Fields
2136 | Input Files
2137 | Realizations
[2022-02-08 01:22:54 #303 INFO] Sent 214 tasks, 56.21 GB in 112 seconds
[2022-02-08 06:03:44 #303 INFO] scenario_damage   1% [214 submitted, 0 queued]
[2022-02-08 06:58:13 #303 INFO] scenario_damage   2% [214 submitted, 0 queued]
[2022-02-08 07:27:00 #303 INFO] scenario_damage   3% [214 submitted, 0 queued]
[2022-02-08 07:33:56 #303 INFO] scenario_damage   4% [214 submitted, 0 queued]
[2022-02-08 07:51:36 #303 INFO] scenario_damage   5% [214 submitted, 0 queued]
[2022-02-08 08:06:13 #303 INFO] scenario_damage   6% [214 submitted, 0 queued]
[2022-02-08 08:10:31 #303 INFO] scenario_damage   7% [214 submitted, 0 queued]
[2022-02-08 08:22:58 #303 INFO] scenario_damage   8% [214 submitted, 0 queued]
[2022-02-08 08:28:10 #303 INFO] scenario_damage   9% [214 submitted, 0 queued]
[2022-02-08 08:36:15 #303 INFO] scenario_damage  10% [214 submitted, 0 queued]
[2022-02-08 08:52:02 #303 INFO] scenario_damage  11% [214 submitted, 0 queued]
[2022-02-08 08:57:39 #303 INFO] scenario_damage  12% [214 submitted, 0 queued]
[2022-02-08 08:59:18 #303 INFO] scenario_damage  13% [214 submitted, 0 queued]
[2022-02-08 09:06:54 #303 INFO] scenario_damage  14% [214 submitted, 0 queued]
[2022-02-08 09:12:30 #303 INFO] scenario_damage  15% [214 submitted, 0 queued]
[2022-02-08 09:15:47 #303 INFO] scenario_damage  16% [214 submitted, 0 queued]
[2022-02-08 09:17:03 #303 INFO] scenario_damage  17% [214 submitted, 0 queued]
[2022-02-08 09:27:28 #303 INFO] scenario_damage  18% [214 submitted, 0 queued]
[2022-02-08 09:28:40 #303 INFO] scenario_damage  19% [214 submitted, 0 queued]
[2022-02-08 09:30:19 #303 INFO] scenario_damage  20% [214 submitted, 0 queued]
[2022-02-08 09:32:09 #303 INFO] scenario_damage  21% [214 submitted, 0 queued]
[2022-02-08 09:40:24 #303 INFO] scenario_damage  22% [214 submitted, 0 queued]
[2022-02-08 09:41:18 #303 INFO] scenario_damage  23% [214 submitted, 0 queued]
[2022-02-08 09:42:23 #303 INFO] scenario_damage  24% [214 submitted, 0 queued]
[2022-02-08 09:43:00 #303 INFO] scenario_damage  25% [214 submitted, 0 queued]
[2022-02-08 09:43:39 #303 INFO] scenario_damage  26% [214 submitted, 0 queued]
[2022-02-08 09:46:08 #303 INFO] scenario_damage  27% [214 submitted, 0 queued]
[2022-02-08 09:48:04 #303 INFO] scenario_damage  28% [214 submitted, 0 queued]
[2022-02-08 09:57:12 #303 INFO] scenario_damage  29% [214 submitted, 0 queued]
[2022-02-08 10:03:09 #303 INFO] scenario_damage  30% [214 submitted, 0 queued]
[2022-02-08 10:03:37 #303 INFO] scenario_damage  31% [214 submitted, 0 queued]
[2022-02-08 10:06:41 #303 INFO] scenario_damage  32% [214 submitted, 0 queued]
[2022-02-08 10:09:47 #303 INFO] scenario_damage  33% [214 submitted, 0 queued]
[2022-02-08 10:15:29 #303 INFO] scenario_damage  34% [214 submitted, 0 queued]
[2022-02-08 10:16:15 #303 INFO] scenario_damage  35% [214 submitted, 0 queued]
[2022-02-08 10:19:40 #303 INFO] scenario_damage  36% [214 submitted, 0 queued]
[2022-02-08 10:32:50 #303 INFO] scenario_damage  37% [214 submitted, 0 queued]
[2022-02-08 10:44:27 #303 INFO] scenario_damage  38% [214 submitted, 0 queued]
[2022-02-08 10:45:34 #303 INFO] scenario_damage  39% [214 submitted, 0 queued]
[2022-02-08 10:47:20 #303 INFO] scenario_damage  40% [214 submitted, 0 queued]
[2022-02-08 10:53:17 #303 INFO] scenario_damage  41% [214 submitted, 0 queued]
[2022-02-08 10:57:26 #303 INFO] scenario_damage  42% [214 submitted, 0 queued]
[2022-02-08 12:02:08 #303 INFO] scenario_damage  43% [214 submitted, 0 queued]
[2022-02-08 12:43:55 #303 INFO] scenario_damage  44% [214 submitted, 0 queued]
[2022-02-08 13:48:37 #303 INFO] scenario_damage  45% [214 submitted, 0 queued]
[2022-02-08 14:34:51 #303 INFO] scenario_damage  46% [214 submitted, 0 queued]
[2022-02-08 14:45:22 #303 INFO] scenario_damage  47% [214 submitted, 0 queued]
[2022-02-08 15:15:45 #303 INFO] scenario_damage  48% [214 submitted, 0 queued]
[2022-02-08 15:42:30 #303 INFO] scenario_damage  49% [214 submitted, 0 queued]
[2022-02-08 15:56:13 #303 INFO] scenario_damage  50% [214 submitted, 0 queued]
[2022-02-08 16:14:02 #303 INFO] scenario_damage  51% [214 submitted, 0 queued]
[2022-02-08 16:23:36 #303 INFO] scenario_damage  52% [214 submitted, 0 queued]
[2022-02-08 16:42:10 #303 INFO] scenario_damage  53% [214 submitted, 0 queued]
[2022-02-08 16:44:20 #303 INFO] scenario_damage  54% [214 submitted, 0 queued]
[2022-02-08 16:49:13 #303 INFO] scenario_damage  55% [214 submitted, 0 queued]
[2022-02-08 16:50:33 #303 INFO] scenario_damage  56% [214 submitted, 0 queued]
[2022-02-08 16:52:58 #303 INFO] scenario_damage  57% [214 submitted, 0 queued]
[2022-02-08 17:01:35 #303 INFO] scenario_damage  58% [214 submitted, 0 queued]
[2022-02-08 17:04:13 #303 INFO] scenario_damage  59% [214 submitted, 0 queued]
[2022-02-08 17:04:59 #303 INFO] scenario_damage  60% [214 submitted, 0 queued]
[2022-02-08 17:12:24 #303 INFO] scenario_damage  61% [214 submitted, 0 queued]
[2022-02-08 17:15:35 #303 INFO] scenario_damage  62% [214 submitted, 0 queued]
[2022-02-08 17:17:45 #303 INFO] scenario_damage  63% [214 submitted, 0 queued]
[2022-02-08 17:18:41 #303 INFO] scenario_damage  64% [214 submitted, 0 queued]
[2022-02-08 17:22:19 #303 INFO] scenario_damage  65% [214 submitted, 0 queued]
[2022-02-08 17:26:52 #303 INFO] scenario_damage  66% [214 submitted, 0 queued]
[2022-02-08 17:29:51 #303 INFO] scenario_damage  67% [214 submitted, 0 queued]
[2022-02-08 17:31:04 #303 INFO] scenario_damage  68% [214 submitted, 0 queued]
[2022-02-08 17:31:25 #303 INFO] scenario_damage  69% [214 submitted, 0 queued]
[2022-02-08 17:37:36 #303 INFO] scenario_damage  70% [214 submitted, 0 queued]
[2022-02-08 17:45:46 #303 INFO] scenario_damage  71% [214 submitted, 0 queued]
[2022-02-08 17:47:57 #303 INFO] scenario_damage  72% [214 submitted, 0 queued]
[2022-02-08 17:48:51 #303 INFO] scenario_damage  73% [214 submitted, 0 queued]
[2022-02-08 17:50:58 #303 INFO] scenario_damage  74% [214 submitted, 0 queued]
[2022-02-08 17:53:50 #303 INFO] scenario_damage  75% [214 submitted, 0 queued]
[2022-02-08 17:57:35 #303 INFO] scenario_damage  76% [214 submitted, 0 queued]
[2022-02-08 18:00:57 #303 INFO] scenario_damage  77% [214 submitted, 0 queued]
[2022-02-08 18:01:20 #303 INFO] scenario_damage  78% [214 submitted, 0 queued]
[2022-02-08 18:05:56 #303 INFO] scenario_damage  79% [214 submitted, 0 queued]
[2022-02-08 18:06:15 #303 INFO] scenario_damage  80% [214 submitted, 0 queued]
[2022-02-08 18:11:08 #303 INFO] scenario_damage  81% [214 submitted, 0 queued]
[2022-02-08 18:12:42 #303 INFO] scenario_damage  82% [214 submitted, 0 queued]
[2022-02-08 18:28:00 #303 INFO] scenario_damage  83% [214 submitted, 0 queued]
[2022-02-08 18:32:01 #303 INFO] scenario_damage  84% [214 submitted, 0 queued]
[2022-02-08 18:35:41 #303 INFO] scenario_damage  85% [214 submitted, 0 queued]
[2022-02-08 18:40:44 #303 INFO] scenario_damage  86% [214 submitted, 0 queued]
[2022-02-08 18:50:21 #303 INFO] scenario_damage  87% [214 submitted, 0 queued]
[2022-02-08 19:30:40 #303 INFO] scenario_damage  88% [214 submitted, 0 queued]
[2022-02-08 19:39:32 #303 INFO] scenario_damage  89% [214 submitted, 0 queued]
[2022-02-08 19:56:17 #303 INFO] scenario_damage  90% [214 submitted, 0 queued]
[2022-02-08 20:26:07 #303 INFO] scenario_damage  91% [214 submitted, 0 queued]
[2022-02-08 20:58:37 #303 INFO] scenario_damage  92% [214 submitted, 0 queued]
[2022-02-08 21:16:45 #303 INFO] scenario_damage  93% [214 submitted, 0 queued]
[2022-02-08 21:29:02 #303 INFO] scenario_damage  94% [214 submitted, 0 queued]
[2022-02-08 21:30:23 #303 INFO] scenario_damage  95% [214 submitted, 0 queued]
[2022-02-08 21:37:19 #303 INFO] scenario_damage  96% [214 submitted, 0 queued]
[2022-02-08 21:39:55 #303 INFO] scenario_damage  97% [214 submitted, 0 queued]
[2022-02-08 21:45:15 #303 INFO] scenario_damage  98% [214 submitted, 0 queued]
[2022-02-08 21:53:33 #303 INFO] scenario_damage  99% [214 submitted, 0 queued]
[2022-02-08 22:16:34 #303 INFO] scenario_damage 100% [214 submitted, 0 queued]
[2022-02-08 22:16:34 #303 INFO] Mean time per core=62188s, std=5804.1s, min=55653s, max=75236s
[2022-02-08 22:16:34 #303 INFO] Received {'aed': '28.96 GB', 'd_event': '6.84 GB', 'd_asset': '583.72 MB'} in 75219 seconds
[2022-02-08 22:16:35 #303 INFO] Saving 28.96 GB in dd_data (instead of 1.76 TB)
[2022-02-08 22:19:17 #303 INFO] Portfolio damage
==== ========== ========= =======
kind loss_type  dmg_state value  
==== ========== ========= =======
avg  structural no_damage 161_055
avg  structural slight    165    
avg  structural moderate  18     
avg  structural extensive 5.47515
avg  structural complete  6.41151
std  structural no_damage 2_162  
std  structural slight    1_745  
std  structural moderate  273    
std  structural extensive 90     
std  structural complete  111    
==== ========== ========= =======
[2022-02-08 22:19:17 #303 INFO] Due to rounding errors inherent in floating-point arithmetic, the total number of buildings is not exact: {'expected': 161251.0, 'structural': 2752.5566}
[2022-02-08 22:19:36 #303 INFO] Exposing the outputs to the database
[2022-02-08 22:19:36 #303 INFO] Stored 4.28 GB on /root/oqdata/calc_303.hdf5 in 76432 seconds
/home/ssm-user/src/oq-engine/openquake/hazardlib/gsim/base.py:347: ExperimentalWarning: CanadaSHM6_ActiveCrust_BooreEtAl2014 is experimental and may change in future versions - the user is liable for their application
  warnings.warn(msg, ExperimentalWarning)
/home/ssm-user/src/oq-engine/openquake/hazardlib/gsim/base.py:347: ExperimentalWarning: CanadaSHM6_ActiveCrust_BooreEtAl2014 is experimental and may change in future versions - the user is liable for their application
  warnings.warn(msg, ExperimentalWarning)
/home/ssm-user/src/oq-engine/openquake/hazardlib/gsim/base.py:347: ExperimentalWarning: CanadaSHM6_ActiveCrust_BooreEtAl2014 is experimental and may change in future versions - the user is liable for their application
  warnings.warn(msg, ExperimentalWarning)
/home/ssm-user/src/oq-engine/openquake/hazardlib/gsim/base.py:347: ExperimentalWarning: CanadaSHM6_ActiveCrust_BooreEtAl2014 is experimental and may change in future versions - the user is liable for their application
  warnings.warn(msg, ExperimentalWarning)
/home/ssm-user/src/oq-engine/openquake/hazardlib/gsim/base.py:347: ExperimentalWarning: CanadaSHM6_ActiveCrust_BooreEtAl2014 is experimental and may change in future versions - the user is liable for their application
  warnings.warn(msg, ExperimentalWarning)
/home/ssm-user/src/oq-engine/openquake/hazardlib/gsim/base.py:347: ExperimentalWarning: CanadaSHM6_ActiveCrust_BooreEtAl2014 is experimental and may change in future versions - the user is liable for their application
  warnings.warn(msg, ExperimentalWarning)
/home/ssm-user/src/oq-engine/openquake/hazardlib/gsim/base.py:347: ExperimentalWarning: CanadaSHM6_ActiveCrust_BooreEtAl2014 is experimental and may change in future versions - the user is liable for their application
  warnings.warn(msg, ExperimentalWarning)
/home/ssm-user/src/oq-engine/openquake/hazardlib/gsim/base.py:347: ExperimentalWarning: CanadaSHM6_ActiveCrust_BooreEtAl2014 is experimental and may change in future versions - the user is liable for their application
  warnings.warn(msg, ExperimentalWarning)
/home/ssm-user/src/oq-engine/openquake/hazardlib/gsim/base.py:347: ExperimentalWarning: CanadaSHM6_ActiveCrust_BooreEtAl2014 is experimental and may change in future versions - the user is liable for their application
  warnings.warn(msg, ExperimentalWarning)
/home/ssm-user/src/oq-engine/openquake/hazardlib/gsim/base.py:347: ExperimentalWarning: CanadaSHM6_ActiveCrust_BooreEtAl2014 is experimental and may change in future versions - the user is liable for their application
  warnings.warn(msg, ExperimentalWarning)
/home/ssm-user/src/oq-engine/openquake/hazardlib/gsim/base.py:347: ExperimentalWarning: CanadaSHM6_ActiveCrust_BooreEtAl2014 is experimental and may change in future versions - the user is liable for their application
  warnings.warn(msg, ExperimentalWarning)
/home/ssm-user/src/oq-engine/openquake/hazardlib/gsim/base.py:347: ExperimentalWarning: CanadaSHM6_ActiveCrust_BooreEtAl2014 is experimental and may change in future versions - the user is liable for their application
  warnings.warn(msg, ExperimentalWarning)
/home/ssm-user/src/oq-engine/openquake/hazardlib/gsim/base.py:347: ExperimentalWarning: CanadaSHM6_ActiveCrust_BooreEtAl2014 is experimental and may change in future versions - the user is liable for their application
  warnings.warn(msg, ExperimentalWarning)
/home/ssm-user/src/oq-engine/openquake/hazardlib/gsim/base.py:347: ExperimentalWarning: CanadaSHM6_ActiveCrust_BooreEtAl2014 is experimental and may change in future versions - the user is liable for their application
  warnings.warn(msg, ExperimentalWarning)
/home/ssm-user/src/oq-engine/openquake/hazardlib/gsim/base.py:347: ExperimentalWarning: CanadaSHM6_ActiveCrust_BooreEtAl2014 is experimental and may change in future versions - the user is liable for their application
  warnings.warn(msg, ExperimentalWarning)
/home/ssm-user/src/oq-engine/openquake/hazardlib/gsim/base.py:347: ExperimentalWarning: CanadaSHM6_ActiveCrust_BooreEtAl2014 is experimental and may change in future versions - the user is liable for their application
  warnings.warn(msg, ExperimentalWarning)
/home/ssm-user/src/oq-engine/openquake/hazardlib/gsim/base.py:347: ExperimentalWarning: CanadaSHM6_ActiveCrust_BooreEtAl2014 is experimental and may change in future versions - the user is liable for their application
  warnings.warn(msg, ExperimentalWarning)
/home/ssm-user/src/oq-engine/openquake/hazardlib/gsim/base.py:347: ExperimentalWarning: CanadaSHM6_ActiveCrust_BooreEtAl2014 is experimental and may change in future versions - the user is liable for their application
  warnings.warn(msg, ExperimentalWarning)
/home/ssm-user/src/oq-engine/openquake/hazardlib/gsim/base.py:347: ExperimentalWarning: CanadaSHM6_ActiveCrust_BooreEtAl2014 is experimental and may change in future versions - the user is liable for their application
  warnings.warn(msg, ExperimentalWarning)
/home/ssm-user/src/oq-engine/openquake/hazardlib/gsim/base.py:347: ExperimentalWarning: CanadaSHM6_ActiveCrust_BooreEtAl2014 is experimental and may change in future versions - the user is liable for their application
  warnings.warn(msg, ExperimentalWarning)
/home/ssm-user/src/oq-engine/openquake/hazardlib/gsim/base.py:347: ExperimentalWarning: CanadaSHM6_ActiveCrust_BooreEtAl2014 is experimental and may change in future versions - the user is liable for their application
  warnings.warn(msg, ExperimentalWarning)
/home/ssm-user/src/oq-engine/openquake/hazardlib/gsim/base.py:347: ExperimentalWarning: CanadaSHM6_ActiveCrust_BooreEtAl2014 is experimental and may change in future versions - the user is liable for their application
  warnings.warn(msg, ExperimentalWarning)
/home/ssm-user/src/oq-engine/openquake/hazardlib/gsim/base.py:347: ExperimentalWarning: CanadaSHM6_ActiveCrust_BooreEtAl2014 is experimental and may change in future versions - the user is liable for their application
  warnings.warn(msg, ExperimentalWarning)
/home/ssm-user/src/oq-engine/openquake/hazardlib/gsim/base.py:347: ExperimentalWarning: CanadaSHM6_ActiveCrust_BooreEtAl2014 is experimental and may change in future versions - the user is liable for their application
  warnings.warn(msg, ExperimentalWarning)
/home/ssm-user/src/oq-engine/openquake/hazardlib/gsim/base.py:347: ExperimentalWarning: CanadaSHM6_ActiveCrust_BooreEtAl2014 is experimental and may change in future versions - the user is liable for their application
  warnings.warn(msg, ExperimentalWarning)
/home/ssm-user/src/oq-engine/openquake/hazardlib/gsim/base.py:347: ExperimentalWarning: CanadaSHM6_ActiveCrust_BooreEtAl2014 is experimental and may change in future versions - the user is liable for their application
  warnings.warn(msg, ExperimentalWarning)
/home/ssm-user/src/oq-engine/openquake/hazardlib/gsim/base.py:347: ExperimentalWarning: CanadaSHM6_ActiveCrust_BooreEtAl2014 is experimental and may change in future versions - the user is liable for their application
  warnings.warn(msg, ExperimentalWarning)
/home/ssm-user/src/oq-engine/openquake/hazardlib/gsim/base.py:347: ExperimentalWarning: CanadaSHM6_ActiveCrust_BooreEtAl2014 is experimental and may change in future versions - the user is liable for their application
  warnings.warn(msg, ExperimentalWarning)
/home/ssm-user/src/oq-engine/openquake/hazardlib/gsim/base.py:347: ExperimentalWarning: CanadaSHM6_ActiveCrust_BooreEtAl2014 is experimental and may change in future versions - the user is liable for their application
  warnings.warn(msg, ExperimentalWarning)
/home/ssm-user/src/oq-engine/openquake/hazardlib/gsim/base.py:347: ExperimentalWarning: CanadaSHM6_ActiveCrust_BooreEtAl2014 is experimental and may change in future versions - the user is liable for their application
  warnings.warn(msg, ExperimentalWarning)
/home/ssm-user/src/oq-engine/openquake/hazardlib/gsim/base.py:347: ExperimentalWarning: CanadaSHM6_ActiveCrust_BooreEtAl2014 is experimental and may change in future versions - the user is liable for their application
  warnings.warn(msg, ExperimentalWarning)
/home/ssm-user/src/oq-engine/openquake/hazardlib/gsim/base.py:347: ExperimentalWarning: CanadaSHM6_ActiveCrust_BooreEtAl2014 is experimental and may change in future versions - the user is liable for their application
  warnings.warn(msg, ExperimentalWarning)
/home/ssm-user/src/oq-engine/openquake/hazardlib/gsim/base.py:347: ExperimentalWarning: CanadaSHM6_ActiveCrust_BooreEtAl2014 is experimental and may change in future versions - the user is liable for their application
  warnings.warn(msg, ExperimentalWarning)
/home/ssm-user/src/oq-engine/openquake/hazardlib/gsim/base.py:347: ExperimentalWarning: CanadaSHM6_ActiveCrust_BooreEtAl2014 is experimental and may change in future versions - the user is liable for their application
  warnings.warn(msg, ExperimentalWarning)
/home/ssm-user/src/oq-engine/openquake/hazardlib/gsim/base.py:347: ExperimentalWarning: CanadaSHM6_ActiveCrust_BooreEtAl2014 is experimental and may change in future versions - the user is liable for their application
  warnings.warn(msg, ExperimentalWarning)
/home/ssm-user/src/oq-engine/openquake/hazardlib/gsim/base.py:347: ExperimentalWarning: CanadaSHM6_ActiveCrust_BooreEtAl2014 is experimental and may change in future versions - the user is liable for their application
  warnings.warn(msg, ExperimentalWarning)
/home/ssm-user/src/oq-engine/openquake/hazardlib/gsim/base.py:347: ExperimentalWarning: CanadaSHM6_ActiveCrust_BooreEtAl2014 is experimental and may change in future versions - the user is liable for their application
  warnings.warn(msg, ExperimentalWarning)
/home/ssm-user/src/oq-engine/openquake/hazardlib/gsim/base.py:347: ExperimentalWarning: CanadaSHM6_ActiveCrust_BooreEtAl2014 is experimental and may change in future versions - the user is liable for their application
  warnings.warn(msg, ExperimentalWarning)
/home/ssm-user/src/oq-engine/openquake/hazardlib/gsim/base.py:347: ExperimentalWarning: CanadaSHM6_ActiveCrust_BooreEtAl2014 is experimental and may change in future versions - the user is liable for their application
  warnings.warn(msg, ExperimentalWarning)
/home/ssm-user/src/oq-engine/openquake/hazardlib/gsim/base.py:347: ExperimentalWarning: CanadaSHM6_ActiveCrust_BooreEtAl2014 is experimental and may change in future versions - the user is liable for their application
  warnings.warn(msg, ExperimentalWarning)
/home/ssm-user/src/oq-engine/openquake/hazardlib/gsim/base.py:347: ExperimentalWarning: CanadaSHM6_ActiveCrust_BooreEtAl2014 is experimental and may change in future versions - the user is liable for their application
  warnings.warn(msg, ExperimentalWarning)
/home/ssm-user/src/oq-engine/openquake/hazardlib/gsim/base.py:347: ExperimentalWarning: CanadaSHM6_ActiveCrust_BooreEtAl2014 is experimental and may change in future versions - the user is liable for their application
  warnings.warn(msg, ExperimentalWarning)
/home/ssm-user/src/oq-engine/openquake/hazardlib/gsim/base.py:347: ExperimentalWarning: CanadaSHM6_ActiveCrust_BooreEtAl2014 is experimental and may change in future versions - the user is liable for their application
  warnings.warn(msg, ExperimentalWarning)
/home/ssm-user/src/oq-engine/openquake/hazardlib/gsim/base.py:347: ExperimentalWarning: CanadaSHM6_ActiveCrust_BooreEtAl2014 is experimental and may change in future versions - the user is liable for their application
  warnings.warn(msg, ExperimentalWarning)
/home/ssm-user/src/oq-engine/openquake/hazardlib/gsim/base.py:347: ExperimentalWarning: CanadaSHM6_ActiveCrust_BooreEtAl2014 is experimental and may change in future versions - the user is liable for their application
  warnings.warn(msg, ExperimentalWarning)
/home/ssm-user/src/oq-engine/openquake/hazardlib/gsim/base.py:347: ExperimentalWarning: CanadaSHM6_ActiveCrust_BooreEtAl2014 is experimental and may change in future versions - the user is liable for their application
  warnings.warn(msg, ExperimentalWarning)
/home/ssm-user/src/oq-engine/openquake/hazardlib/gsim/base.py:347: ExperimentalWarning: CanadaSHM6_ActiveCrust_BooreEtAl2014 is experimental and may change in future versions - the user is liable for their application
  warnings.warn(msg, ExperimentalWarning)
/home/ssm-user/src/oq-engine/openquake/hazardlib/gsim/base.py:347: ExperimentalWarning: CanadaSHM6_ActiveCrust_BooreEtAl2014 is experimental and may change in future versions - the user is liable for their application
  warnings.warn(msg, ExperimentalWarning)
/home/ssm-user/src/oq-engine/openquake/hazardlib/gsim/base.py:347: ExperimentalWarning: CanadaSHM6_ActiveCrust_BooreEtAl2014 is experimental and may change in future versions - the user is liable for their application
  warnings.warn(msg, ExperimentalWarning)
/home/ssm-user/src/oq-engine/openquake/hazardlib/gsim/base.py:347: ExperimentalWarning: CanadaSHM6_ActiveCrust_BooreEtAl2014 is experimental and may change in future versions - the user is liable for their application
  warnings.warn(msg, ExperimentalWarning)
/home/ssm-user/src/oq-engine/openquake/hazardlib/gsim/base.py:347: ExperimentalWarning: CanadaSHM6_ActiveCrust_BooreEtAl2014 is experimental and may change in future versions - the user is liable for their application
  warnings.warn(msg, ExperimentalWarning)
/home/ssm-user/src/oq-engine/openquake/hazardlib/gsim/base.py:347: ExperimentalWarning: CanadaSHM6_ActiveCrust_BooreEtAl2014 is experimental and may change in future versions - the user is liable for their application
  warnings.warn(msg, ExperimentalWarning)
/home/ssm-user/src/oq-engine/openquake/hazardlib/gsim/base.py:347: ExperimentalWarning: CanadaSHM6_ActiveCrust_BooreEtAl2014 is experimental and may change in future versions - the user is liable for their application
  warnings.warn(msg, ExperimentalWarning)
/home/ssm-user/src/oq-engine/openquake/hazardlib/gsim/base.py:347: ExperimentalWarning: CanadaSHM6_ActiveCrust_BooreEtAl2014 is experimental and may change in future versions - the user is liable for their application
  warnings.warn(msg, ExperimentalWarning)
/home/ssm-user/src/oq-engine/openquake/hazardlib/gsim/base.py:347: ExperimentalWarning: CanadaSHM6_ActiveCrust_BooreEtAl2014 is experimental and may change in future versions - the user is liable for their application
  warnings.warn(msg, ExperimentalWarning)
/home/ssm-user/src/oq-engine/openquake/hazardlib/gsim/base.py:347: ExperimentalWarning: CanadaSHM6_ActiveCrust_BooreEtAl2014 is experimental and may change in future versions - the user is liable for their application
  warnings.warn(msg, ExperimentalWarning)
/home/ssm-user/src/oq-engine/openquake/hazardlib/gsim/base.py:347: ExperimentalWarning: CanadaSHM6_ActiveCrust_BooreEtAl2014 is experimental and may change in future versions - the user is liable for their application
  warnings.warn(msg, ExperimentalWarning)
/home/ssm-user/src/oq-engine/openquake/hazardlib/gsim/base.py:347: ExperimentalWarning: CanadaSHM6_ActiveCrust_BooreEtAl2014 is experimental and may change in future versions - the user is liable for their application
  warnings.warn(msg, ExperimentalWarning)
/home/ssm-user/src/oq-engine/openquake/hazardlib/gsim/base.py:347: ExperimentalWarning: CanadaSHM6_ActiveCrust_BooreEtAl2014 is experimental and may change in future versions - the user is liable for their application
  warnings.warn(msg, ExperimentalWarning)
/home/ssm-user/src/oq-engine/openquake/hazardlib/gsim/base.py:347: ExperimentalWarning: CanadaSHM6_ActiveCrust_BooreEtAl2014 is experimental and may change in future versions - the user is liable for their application
  warnings.warn(msg, ExperimentalWarning)
/home/ssm-user/src/oq-engine/openquake/hazardlib/gsim/base.py:347: ExperimentalWarning: CanadaSHM6_ActiveCrust_BooreEtAl2014 is experimental and may change in future versions - the user is liable for their application
  warnings.warn(msg, ExperimentalWarning)
/home/ssm-user/src/oq-engine/openquake/hazardlib/gsim/base.py:347: ExperimentalWarning: CanadaSHM6_ActiveCrust_BooreEtAl2014 is experimental and may change in future versions - the user is liable for their application
  warnings.warn(msg, ExperimentalWarning)
/home/ssm-user/src/oq-engine/openquake/hazardlib/gsim/base.py:347: ExperimentalWarning: CanadaSHM6_ActiveCrust_BooreEtAl2014 is experimental and may change in future versions - the user is liable for their application
  warnings.warn(msg, ExperimentalWarning)
/home/ssm-user/src/oq-engine/openquake/hazardlib/gsim/base.py:347: ExperimentalWarning: CanadaSHM6_ActiveCrust_BooreEtAl2014 is experimental and may change in future versions - the user is liable for their application
  warnings.warn(msg, ExperimentalWarning)
/home/ssm-user/src/oq-engine/openquake/hazardlib/gsim/base.py:347: ExperimentalWarning: CanadaSHM6_ActiveCrust_BooreEtAl2014 is experimental and may change in future versions - the user is liable for their application
  warnings.warn(msg, ExperimentalWarning)
/home/ssm-user/src/oq-engine/openquake/hazardlib/gsim/base.py:347: ExperimentalWarning: CanadaSHM6_ActiveCrust_BooreEtAl2014 is experimental and may change in future versions - the user is liable for their application
  warnings.warn(msg, ExperimentalWarning)
/home/ssm-user/src/oq-engine/openquake/hazardlib/gsim/base.py:347: ExperimentalWarning: CanadaSHM6_ActiveCrust_BooreEtAl2014 is experimental and may change in future versions - the user is liable for their application
  warnings.warn(msg, ExperimentalWarning)
/home/ssm-user/src/oq-engine/openquake/hazardlib/gsim/base.py:347: ExperimentalWarning: CanadaSHM6_ActiveCrust_BooreEtAl2014 is experimental and may change in future versions - the user is liable for their application
  warnings.warn(msg, ExperimentalWarning)
/home/ssm-user/src/oq-engine/openquake/hazardlib/gsim/base.py:347: ExperimentalWarning: CanadaSHM6_ActiveCrust_BooreEtAl2014 is experimental and may change in future versions - the user is liable for their application
  warnings.warn(msg, ExperimentalWarning)
/home/ssm-user/src/oq-engine/openquake/hazardlib/gsim/base.py:347: ExperimentalWarning: CanadaSHM6_ActiveCrust_BooreEtAl2014 is experimental and may change in future versions - the user is liable for their application
  warnings.warn(msg, ExperimentalWarning)
/home/ssm-user/src/oq-engine/openquake/hazardlib/gsim/base.py:347: ExperimentalWarning: CanadaSHM6_ActiveCrust_BooreEtAl2014 is experimental and may change in future versions - the user is liable for their application
  warnings.warn(msg, ExperimentalWarning)
/home/ssm-user/src/oq-engine/openquake/hazardlib/gsim/base.py:347: ExperimentalWarning: CanadaSHM6_ActiveCrust_BooreEtAl2014 is experimental and may change in future versions - the user is liable for their application
  warnings.warn(msg, ExperimentalWarning)
/home/ssm-user/src/oq-engine/openquake/hazardlib/gsim/base.py:347: ExperimentalWarning: CanadaSHM6_ActiveCrust_BooreEtAl2014 is experimental and may change in future versions - the user is liable for their application
  warnings.warn(msg, ExperimentalWarning)
/home/ssm-user/src/oq-engine/openquake/hazardlib/gsim/base.py:347: ExperimentalWarning: CanadaSHM6_ActiveCrust_BooreEtAl2014 is experimental and may change in future versions - the user is liable for their application
  warnings.warn(msg, ExperimentalWarning)
/home/ssm-user/src/oq-engine/openquake/hazardlib/gsim/base.py:347: ExperimentalWarning: CanadaSHM6_ActiveCrust_BooreEtAl2014 is experimental and may change in future versions - the user is liable for their application
  warnings.warn(msg, ExperimentalWarning)
/home/ssm-user/src/oq-engine/openquake/hazardlib/gsim/base.py:347: ExperimentalWarning: CanadaSHM6_ActiveCrust_BooreEtAl2014 is experimental and may change in future versions - the user is liable for their application
  warnings.warn(msg, ExperimentalWarning)
/home/ssm-user/src/oq-engine/openquake/hazardlib/gsim/base.py:347: ExperimentalWarning: CanadaSHM6_ActiveCrust_BooreEtAl2014 is experimental and may change in future versions - the user is liable for their application
  warnings.warn(msg, ExperimentalWarning)
/home/ssm-user/src/oq-engine/openquake/hazardlib/gsim/base.py:347: ExperimentalWarning: CanadaSHM6_ActiveCrust_BooreEtAl2014 is experimental and may change in future versions - the user is liable for their application
  warnings.warn(msg, ExperimentalWarning)
/home/ssm-user/src/oq-engine/openquake/hazardlib/gsim/base.py:347: ExperimentalWarning: CanadaSHM6_ActiveCrust_BooreEtAl2014 is experimental and may change in future versions - the user is liable for their application
  warnings.warn(msg, ExperimentalWarning)
/home/ssm-user/src/oq-engine/openquake/hazardlib/gsim/base.py:347: ExperimentalWarning: CanadaSHM6_ActiveCrust_BooreEtAl2014 is experimental and may change in future versions - the user is liable for their application
  warnings.warn(msg, ExperimentalWarning)
/home/ssm-user/src/oq-engine/openquake/hazardlib/gsim/base.py:347: ExperimentalWarning: CanadaSHM6_ActiveCrust_BooreEtAl2014 is experimental and may change in future versions - the user is liable for their application
  warnings.warn(msg, ExperimentalWarning)
/home/ssm-user/src/oq-engine/openquake/hazardlib/gsim/base.py:347: ExperimentalWarning: CanadaSHM6_ActiveCrust_BooreEtAl2014 is experimental and may change in future versions - the user is liable for their application
  warnings.warn(msg, ExperimentalWarning)
/home/ssm-user/src/oq-engine/openquake/hazardlib/gsim/base.py:347: ExperimentalWarning: CanadaSHM6_ActiveCrust_BooreEtAl2014 is experimental and may change in future versions - the user is liable for their application
  warnings.warn(msg, ExperimentalWarning)
/home/ssm-user/src/oq-engine/openquake/hazardlib/gsim/base.py:347: ExperimentalWarning: CanadaSHM6_ActiveCrust_BooreEtAl2014 is experimental and may change in future versions - the user is liable for their application
  warnings.warn(msg, ExperimentalWarning)
/home/ssm-user/src/oq-engine/openquake/hazardlib/gsim/base.py:347: ExperimentalWarning: CanadaSHM6_ActiveCrust_BooreEtAl2014 is experimental and may change in future versions - the user is liable for their application
  warnings.warn(msg, ExperimentalWarning)
/home/ssm-user/src/oq-engine/openquake/hazardlib/gsim/base.py:347: ExperimentalWarning: CanadaSHM6_ActiveCrust_BooreEtAl2014 is experimental and may change in future versions - the user is liable for their application
  warnings.warn(msg, ExperimentalWarning)
/home/ssm-user/src/oq-engine/openquake/hazardlib/gsim/base.py:347: ExperimentalWarning: CanadaSHM6_ActiveCrust_BooreEtAl2014 is experimental and may change in future versions - the user is liable for their application
  warnings.warn(msg, ExperimentalWarning)
/home/ssm-user/src/oq-engine/openquake/hazardlib/gsim/base.py:347: ExperimentalWarning: CanadaSHM6_ActiveCrust_BooreEtAl2014 is experimental and may change in future versions - the user is liable for their application
  warnings.warn(msg, ExperimentalWarning)
/home/ssm-user/src/oq-engine/openquake/hazardlib/gsim/base.py:347: ExperimentalWarning: CanadaSHM6_ActiveCrust_BooreEtAl2014 is experimental and may change in future versions - the user is liable for their application
  warnings.warn(msg, ExperimentalWarning)
/home/ssm-user/src/oq-engine/openquake/hazardlib/gsim/base.py:347: ExperimentalWarning: CanadaSHM6_ActiveCrust_BooreEtAl2014 is experimental and may change in future versions - the user is liable for their application
  warnings.warn(msg, ExperimentalWarning)
/home/ssm-user/src/oq-engine/openquake/hazardlib/gsim/base.py:347: ExperimentalWarning: CanadaSHM6_ActiveCrust_BooreEtAl2014 is experimental and may change in future versions - the user is liable for their application
  warnings.warn(msg, ExperimentalWarning)
/home/ssm-user/src/oq-engine/openquake/hazardlib/gsim/base.py:347: ExperimentalWarning: CanadaSHM6_ActiveCrust_BooreEtAl2014 is experimental and may change in future versions - the user is liable for their application
  warnings.warn(msg, ExperimentalWarning)
/home/ssm-user/src/oq-engine/openquake/hazardlib/gsim/base.py:347: ExperimentalWarning: CanadaSHM6_ActiveCrust_BooreEtAl2014 is experimental and may change in future versions - the user is liable for their application
  warnings.warn(msg, ExperimentalWarning)
/home/ssm-user/src/oq-engine/openquake/hazardlib/gsim/base.py:347: ExperimentalWarning: CanadaSHM6_ActiveCrust_BooreEtAl2014 is experimental and may change in future versions - the user is liable for their application
  warnings.warn(msg, ExperimentalWarning)
/home/ssm-user/src/oq-engine/openquake/hazardlib/gsim/base.py:347: ExperimentalWarning: CanadaSHM6_ActiveCrust_BooreEtAl2014 is experimental and may change in future versions - the user is liable for their application
  warnings.warn(msg, ExperimentalWarning)
/home/ssm-user/src/oq-engine/openquake/hazardlib/gsim/base.py:347: ExperimentalWarning: CanadaSHM6_ActiveCrust_BooreEtAl2014 is experimental and may change in future versions - the user is liable for their application
  warnings.warn(msg, ExperimentalWarning)
[2022-02-08 22:19:38 #303 INFO] Stopping the workers
  id | name
2141 | Aggregate Event Damages
2139 | Asset Damage Distributions
2140 | Asset Damage Statistics
2142 | Full Report
2143 | Realizations
