[2020-10-17 18:36:09 #1272 INFO] murray.journeay running /mnt/data/shared/canada-2020/canada-srm2/ebRisk/input/ebRisk_r2_AB4830.ini [--hc=None]
[2020-10-17 18:36:09 #1272 INFO] Using engine version 3.11.0-git4f03c56
[2020-10-17 18:36:10 #1272 WARNING] Using 64 cores on gem-compute
[2020-10-17 18:36:10 #1272 INFO] Validated nationalModel.xml in 0.01 seconds
[2020-10-17 18:36:10 #1272 INFO] Checksum of the input files: 2804627169
[2020-10-17 18:36:10 #1272 INFO] Reading the risk model if present
[2020-10-17 18:36:23 #1272 INFO] Reading /mnt/data/shared/canada-2020/model-inputs/exposure/general-building-stock/oqBldgExp_AB4830.xml
[2020-10-17 18:36:29 #1272 INFO] Extracting the hazard sites from the site model
[2020-10-17 18:36:31 #1272 INFO] Associated 64435 assets to 8103 sites
[2020-10-17 18:36:33 #1272 INFO] Reducing risk model from 7260 to 582 taxonomies
[2020-10-17 18:36:35 #1272 INFO] Considering 50 logic tree paths out of 24_576
[2020-10-17 18:36:35 #1272 INFO] 6 effective smlt realization(s)
[2020-10-17 18:36:35 #1272 INFO] Reading the source model(s) in parallel
[2020-10-17 18:36:38 #1272 INFO] read_source_model  16% [6 submitted, 0 queued]
[2020-10-17 18:36:38 #1272 INFO] read_source_model  33% [6 submitted, 0 queued]
[2020-10-17 18:36:38 #1272 INFO] read_source_model  50% [6 submitted, 0 queued]
[2020-10-17 18:36:38 #1272 INFO] read_source_model  66% [6 submitted, 0 queued]
[2020-10-17 18:36:38 #1272 INFO] read_source_model  83% [6 submitted, 0 queued]
[2020-10-17 18:36:38 #1272 INFO] read_source_model 100% [6 submitted, 0 queued]
[2020-10-17 18:36:38 #1272 INFO] Received {'/mnt/data/shared/canada-2020/CanadaSHM6/OpenQuake_model_files/sources/nationalModel/xml/simplifiedModel/WCan_HYeast_Harctic_simplified_collapsedRates.xml': '141.06 KB', '/mnt/data/shared/canada-2020/CanadaSHM6/OpenQuake_model_files/sources/nationalModel/xml/simplifiedModel/WCan_H2east_Harctic_simplified_collapsedRates.xml': '135.23 KB', '/mnt/data/shared/canada-2020/CanadaSHM6/OpenQuake_model_files/sources/nationalModel/xml/simplifiedModel/WCan_HYeast_Rarctic_simplified_collapsedRates.xml': '134.61 KB', '/mnt/data/shared/canada-2020/CanadaSHM6/OpenQuake_model_files/sources/nationalModel/xml/simplifiedModel/WCan_H2east_Rarctic_simplified_collapsedRates.xml': '128.78 KB', '/mnt/data/shared/canada-2020/CanadaSHM6/OpenQuake_model_files/sources/nationalModel/xml/simplifiedModel/WCan_R2east_Harctic_simplified_collapsedRates.xml': '119.91 KB', '/mnt/data/shared/canada-2020/CanadaSHM6/OpenQuake_model_files/sources/nationalModel/xml/simplifiedModel/WCan_R2east_Rarctic_simplified_collapsedRates.xml': '113.68 KB'} in 1 seconds
[2020-10-17 18:36:38 #1272 WARNING] There are multiple different sources with the same ID [<AreaSource SCCCT>, <AreaSource SCCCT>, <AreaSource SCCCT>, <AreaSource SCCCT>, <AreaSource SCCCT>, <AreaSource SCCCT>]
[2020-10-17 18:38:09 #1272 INFO] There are 195 sources
[2020-10-17 18:38:09 #1272 INFO] Checking the sources bounding box
[2020-10-17 18:38:09 #1272 ERROR] source ACM: The buffer of 600 km is too large, the bounding box is larger than half the globe: 219 degrees
[2020-10-17 18:38:09 #1272 INFO] Rupture floating factor = 1.6265060240963856
[2020-10-17 18:38:09 #1272 INFO] Rupture spinning factor = 3.2710843373493974
[2020-10-17 18:38:09 #1272 INFO] gzipping the input files
[2020-10-17 18:38:12 #1272 INFO] Storing risk model
[2020-10-17 18:38:15 #1272 INFO] minimum_intensity={'SA(0.3)': 0.1, 'SA(0.6)': 0.05, 'SA(1.0)': 0.05, 'SA(2.0)': 0.05, 'SA(0.5)': 0.1}
[2020-10-17 18:38:15 #1272 INFO] Building ruptures
[2020-10-17 18:38:15 #1272 INFO] Sending <SourceGroup Subduction IntraSlab30, 1 source(s)>
[2020-10-17 18:38:15 #1272 INFO] Sending <SourceGroup Subduction IntraSlab55, 4 source(s)>
[2020-10-17 18:38:15 #1272 INFO] Sending <SourceGroup Subduction Interface, 13 source(s)>
[2020-10-17 18:38:15 #1272 INFO] Sending <SourceGroup Stable Shallow Crust, 120 source(s)>
[2020-10-17 18:38:15 #1272 INFO] Sending <SourceGroup Active Shallow Crust, 59 source(s)>
[2020-10-17 18:38:17 #1272 INFO] Sent 64 tasks, 83.18 MB in 0 seconds
[2020-10-17 18:38:18 #1272 INFO] sample_ruptures   1% [65 submitted, 19 queued]
[2020-10-17 18:38:18 #1272 INFO] sample_ruptures   2% [66 submitted, 18 queued]
[2020-10-17 18:38:18 #1272 INFO] sample_ruptures   3% [67 submitted, 17 queued]
[2020-10-17 18:38:18 #1272 INFO] sample_ruptures   4% [68 submitted, 16 queued]
[2020-10-17 18:38:18 #1272 INFO] sample_ruptures   5% [69 submitted, 15 queued]
[2020-10-17 18:38:18 #1272 INFO] sample_ruptures   7% [70 submitted, 14 queued]
[2020-10-17 18:38:19 #1272 INFO] sample_ruptures   8% [71 submitted, 13 queued]
[2020-10-17 18:38:19 #1272 INFO] sample_ruptures   9% [72 submitted, 12 queued]
[2020-10-17 18:38:19 #1272 INFO] sample_ruptures  10% [73 submitted, 11 queued]
[2020-10-17 18:38:19 #1272 INFO] sample_ruptures  11% [74 submitted, 10 queued]
[2020-10-17 18:38:19 #1272 INFO] sample_ruptures  13% [75 submitted, 9 queued]
[2020-10-17 18:38:19 #1272 INFO] sample_ruptures  14% [76 submitted, 8 queued]
[2020-10-17 18:38:19 #1272 INFO] sample_ruptures  15% [77 submitted, 7 queued]
[2020-10-17 18:38:19 #1272 INFO] sample_ruptures  16% [78 submitted, 6 queued]
[2020-10-17 18:38:19 #1272 INFO] sample_ruptures  17% [79 submitted, 5 queued]
[2020-10-17 18:38:19 #1272 INFO] sample_ruptures  19% [80 submitted, 4 queued]
[2020-10-17 18:38:19 #1272 INFO] sample_ruptures  20% [81 submitted, 3 queued]
[2020-10-17 18:38:19 #1272 INFO] sample_ruptures  21% [82 submitted, 2 queued]
[2020-10-17 18:38:19 #1272 INFO] sample_ruptures  22% [83 submitted, 1 queued]
[2020-10-17 18:38:19 #1272 INFO] sample_ruptures  23% [84 submitted, 0 queued]
[2020-10-17 18:38:19 #1272 INFO] sample_ruptures  25% [84 submitted, 0 queued]
[2020-10-17 18:38:19 #1272 INFO] sample_ruptures  26% [84 submitted, 0 queued]
[2020-10-17 18:38:20 #1272 INFO] sample_ruptures  27% [84 submitted, 0 queued]
[2020-10-17 18:38:20 #1272 INFO] sample_ruptures  28% [84 submitted, 0 queued]
[2020-10-17 18:38:20 #1272 INFO] sample_ruptures  29% [84 submitted, 0 queued]
[2020-10-17 18:38:20 #1272 INFO] sample_ruptures  30% [84 submitted, 0 queued]
[2020-10-17 18:38:20 #1272 INFO] sample_ruptures  32% [84 submitted, 0 queued]
[2020-10-17 18:38:20 #1272 INFO] sample_ruptures  33% [84 submitted, 0 queued]
[2020-10-17 18:38:20 #1272 INFO] sample_ruptures  34% [84 submitted, 0 queued]
[2020-10-17 18:38:20 #1272 INFO] sample_ruptures  35% [84 submitted, 0 queued]
[2020-10-17 18:38:20 #1272 INFO] sample_ruptures  36% [84 submitted, 0 queued]
[2020-10-17 18:38:20 #1272 INFO] sample_ruptures  38% [84 submitted, 0 queued]
[2020-10-17 18:38:20 #1272 INFO] sample_ruptures  39% [84 submitted, 0 queued]
[2020-10-17 18:38:20 #1272 INFO] sample_ruptures  40% [84 submitted, 0 queued]
[2020-10-17 18:38:20 #1272 INFO] sample_ruptures  41% [84 submitted, 0 queued]
[2020-10-17 18:38:20 #1272 INFO] sample_ruptures  42% [84 submitted, 0 queued]
[2020-10-17 18:38:20 #1272 INFO] sample_ruptures  44% [84 submitted, 0 queued]
[2020-10-17 18:38:20 #1272 INFO] sample_ruptures  45% [84 submitted, 0 queued]
[2020-10-17 18:38:20 #1272 INFO] sample_ruptures  46% [84 submitted, 0 queued]
[2020-10-17 18:38:20 #1272 INFO] sample_ruptures  47% [84 submitted, 0 queued]
[2020-10-17 18:38:20 #1272 INFO] sample_ruptures  48% [84 submitted, 0 queued]
[2020-10-17 18:38:20 #1272 INFO] sample_ruptures  50% [84 submitted, 0 queued]
[2020-10-17 18:38:20 #1272 INFO] sample_ruptures  51% [84 submitted, 0 queued]
[2020-10-17 18:38:20 #1272 INFO] sample_ruptures  52% [84 submitted, 0 queued]
[2020-10-17 18:38:20 #1272 INFO] sample_ruptures  53% [84 submitted, 0 queued]
[2020-10-17 18:38:20 #1272 INFO] sample_ruptures  54% [84 submitted, 0 queued]
[2020-10-17 18:38:20 #1272 INFO] sample_ruptures  55% [84 submitted, 0 queued]
[2020-10-17 18:38:20 #1272 INFO] sample_ruptures  57% [84 submitted, 0 queued]
[2020-10-17 18:38:21 #1272 INFO] sample_ruptures  58% [84 submitted, 0 queued]
[2020-10-17 18:38:21 #1272 INFO] sample_ruptures  59% [84 submitted, 0 queued]
[2020-10-17 18:38:21 #1272 INFO] sample_ruptures  60% [84 submitted, 0 queued]
[2020-10-17 18:38:21 #1272 INFO] sample_ruptures  61% [84 submitted, 0 queued]
[2020-10-17 18:38:21 #1272 INFO] sample_ruptures  63% [84 submitted, 0 queued]
[2020-10-17 18:38:21 #1272 INFO] sample_ruptures  64% [84 submitted, 0 queued]
[2020-10-17 18:38:21 #1272 INFO] sample_ruptures  65% [84 submitted, 0 queued]
[2020-10-17 18:38:21 #1272 INFO] sample_ruptures  66% [84 submitted, 0 queued]
[2020-10-17 18:38:21 #1272 INFO] sample_ruptures  67% [84 submitted, 0 queued]
[2020-10-17 18:38:21 #1272 INFO] sample_ruptures  69% [84 submitted, 0 queued]
[2020-10-17 18:38:21 #1272 INFO] sample_ruptures  70% [84 submitted, 0 queued]
[2020-10-17 18:38:21 #1272 INFO] sample_ruptures  71% [84 submitted, 0 queued]
[2020-10-17 18:38:21 #1272 INFO] sample_ruptures  72% [84 submitted, 0 queued]
[2020-10-17 18:38:21 #1272 INFO] sample_ruptures  73% [84 submitted, 0 queued]
[2020-10-17 18:38:21 #1272 INFO] sample_ruptures  75% [84 submitted, 0 queued]
[2020-10-17 18:38:21 #1272 INFO] sample_ruptures  76% [84 submitted, 0 queued]
[2020-10-17 18:38:21 #1272 INFO] sample_ruptures  77% [84 submitted, 0 queued]
[2020-10-17 18:38:21 #1272 INFO] sample_ruptures  78% [84 submitted, 0 queued]
[2020-10-17 18:38:21 #1272 INFO] sample_ruptures  79% [84 submitted, 0 queued]
[2020-10-17 18:38:21 #1272 INFO] sample_ruptures  80% [84 submitted, 0 queued]
[2020-10-17 18:38:21 #1272 INFO] sample_ruptures  82% [84 submitted, 0 queued]
[2020-10-17 18:38:32 #1272 INFO] sample_ruptures  83% [84 submitted, 0 queued]
[2020-10-17 18:38:49 #1272 INFO] sample_ruptures  84% [84 submitted, 0 queued]
[2020-10-17 18:38:50 #1272 INFO] sample_ruptures  85% [84 submitted, 0 queued]
[2020-10-17 18:38:52 #1272 INFO] sample_ruptures  86% [84 submitted, 0 queued]
[2020-10-17 18:38:57 #1272 INFO] sample_ruptures  88% [84 submitted, 0 queued]
[2020-10-17 18:39:04 #1272 INFO] sample_ruptures  89% [84 submitted, 0 queued]
[2020-10-17 18:39:05 #1272 INFO] sample_ruptures  90% [84 submitted, 0 queued]
[2020-10-17 18:39:07 #1272 INFO] sample_ruptures  91% [84 submitted, 0 queued]
[2020-10-17 18:39:09 #1272 INFO] sample_ruptures  92% [84 submitted, 0 queued]
[2020-10-17 18:39:12 #1272 INFO] sample_ruptures  94% [84 submitted, 0 queued]
[2020-10-17 18:39:27 #1272 INFO] sample_ruptures  95% [84 submitted, 0 queued]
[2020-10-17 18:39:36 #1272 INFO] sample_ruptures  96% [84 submitted, 0 queued]
[2020-10-17 18:40:03 #1272 INFO] sample_ruptures  97% [84 submitted, 0 queued]
[2020-10-17 18:40:33 #1272 INFO] sample_ruptures  98% [84 submitted, 0 queued]
[2020-10-17 18:40:40 #1272 INFO] sample_ruptures 100% [84 submitted, 0 queued]
[2020-10-17 18:40:40 #1272 INFO] Received {'rup_array': '74.55 MB', 'calc_times': '18.98 KB', 'eff_ruptures': '3.33 KB'} in 143 seconds
[2020-10-17 18:40:40 #1272 INFO] There are 50 realization(s)
[2020-10-17 18:40:40 #1272 INFO] Reordering the ruptures and storing the events
[2020-10-17 18:40:41 #1272 INFO] Associating event_id -> rlz_id for 378_559 events and 263_333 ruptures
[2020-10-17 18:40:49 #1272 INFO] Sent 134 tasks, 28.5 MB in 7 seconds
[2020-10-17 18:40:51 #1272 INFO] Received {'tot': '3.65 MB'} in 1 seconds
[2020-10-17 18:40:53 #1272 INFO] minimum_asset_loss={'contents': 0, 'nonstructural': 0, 'structural': 0}
[2020-10-17 18:40:55 #1272 INFO] minimum_intensity={'SA(0.3)': 0.1, 'SA(0.6)': 0.05, 'SA(1.0)': 0.05, 'SA(2.0)': 0.05, 'SA(0.5)': 0.1}
[2020-10-17 18:40:55 #1272 INFO] Sending 263_333 ruptures
[2020-10-17 18:41:09 #1272 INFO] Sent 134 tasks, 35.81 MB in 13 seconds
[2020-10-17 18:43:14 #1272 INFO] start_ebrisk   1% [134 submitted, 0 queued]
[2020-10-17 18:43:15 #1272 INFO] start_ebrisk   2% [134 submitted, 0 queued]
[2020-10-17 18:43:22 #1272 INFO] start_ebrisk   3% [134 submitted, 0 queued]
[2020-10-17 18:43:23 #1272 INFO] start_ebrisk   4% [134 submitted, 0 queued]
[2020-10-17 18:43:45 #1272 INFO] start_ebrisk   5% [134 submitted, 0 queued]
[2020-10-17 18:43:51 #1272 INFO] start_ebrisk   6% [134 submitted, 0 queued]
[2020-10-17 18:43:53 #1272 INFO] start_ebrisk   7% [134 submitted, 0 queued]
[2020-10-17 18:44:00 #1272 INFO] start_ebrisk   8% [134 submitted, 0 queued]
[2020-10-17 18:44:31 #1272 INFO] start_ebrisk   9% [134 submitted, 0 queued]
[2020-10-17 18:44:33 #1272 INFO] start_ebrisk  10% [134 submitted, 0 queued]
[2020-10-17 18:44:37 #1272 INFO] start_ebrisk  11% [134 submitted, 0 queued]
[2020-10-17 18:45:14 #1272 INFO] start_ebrisk  12% [134 submitted, 0 queued]
[2020-10-17 18:45:24 #1272 INFO] start_ebrisk  13% [134 submitted, 0 queued]
[2020-10-17 18:45:26 #1272 INFO] start_ebrisk  14% [134 submitted, 0 queued]
[2020-10-17 18:45:33 #1272 INFO] start_ebrisk  15% [134 submitted, 0 queued]
[2020-10-17 18:45:42 #1272 INFO] start_ebrisk  16% [134 submitted, 0 queued]
[2020-10-17 18:45:57 #1272 INFO] start_ebrisk  17% [134 submitted, 0 queued]
[2020-10-17 18:46:04 #1272 INFO] start_ebrisk  18% [134 submitted, 0 queued]
[2020-10-17 18:46:07 #1272 INFO] start_ebrisk  19% [134 submitted, 0 queued]
[2020-10-17 18:46:08 #1272 INFO] start_ebrisk  20% [134 submitted, 0 queued]
[2020-10-17 18:46:39 #1272 INFO] start_ebrisk  21% [134 submitted, 0 queued]
[2020-10-17 18:46:42 #1272 INFO] start_ebrisk  22% [134 submitted, 0 queued]
[2020-10-17 18:46:44 #1272 INFO] start_ebrisk  23% [134 submitted, 0 queued]
[2020-10-17 18:47:13 #1272 INFO] start_ebrisk  24% [134 submitted, 0 queued]
[2020-10-17 18:47:15 #1272 INFO] start_ebrisk  25% [134 submitted, 0 queued]
[2020-10-17 18:47:17 #1272 INFO] start_ebrisk  26% [134 submitted, 0 queued]
[2020-10-17 18:47:29 #1272 INFO] start_ebrisk  27% [134 submitted, 0 queued]
[2020-10-17 18:47:30 #1272 INFO] start_ebrisk  28% [134 submitted, 0 queued]
[2020-10-17 18:47:34 #1272 INFO] start_ebrisk  29% [134 submitted, 0 queued]
[2020-10-17 18:47:55 #1272 INFO] start_ebrisk  30% [134 submitted, 0 queued]
[2020-10-17 18:48:00 #1272 INFO] start_ebrisk  31% [134 submitted, 0 queued]
[2020-10-17 18:48:07 #1272 INFO] start_ebrisk  32% [134 submitted, 0 queued]
[2020-10-17 18:48:16 #1272 INFO] start_ebrisk  33% [134 submitted, 0 queued]
[2020-10-17 18:48:20 #1272 INFO] start_ebrisk  34% [134 submitted, 0 queued]
[2020-10-17 18:48:24 #1272 INFO] start_ebrisk  35% [134 submitted, 0 queued]
[2020-10-17 18:48:36 #1272 INFO] start_ebrisk  36% [134 submitted, 0 queued]
[2020-10-17 18:48:39 #1272 INFO] start_ebrisk  37% [134 submitted, 0 queued]
[2020-10-17 18:48:40 #1272 INFO] start_ebrisk  38% [134 submitted, 0 queued]
[2020-10-17 18:48:51 #1272 INFO] start_ebrisk  39% [134 submitted, 0 queued]
[2020-10-17 18:49:00 #1272 INFO] start_ebrisk  40% [134 submitted, 0 queued]
[2020-10-17 18:49:21 #1272 INFO] start_ebrisk  41% [134 submitted, 0 queued]
[2020-10-17 18:49:28 #1272 INFO] start_ebrisk  42% [134 submitted, 0 queued]
[2020-10-17 18:49:31 #1272 INFO] start_ebrisk  43% [134 submitted, 0 queued]
[2020-10-17 18:49:37 #1272 INFO] start_ebrisk  44% [134 submitted, 0 queued]
[2020-10-17 18:49:49 #1272 INFO] start_ebrisk  45% [134 submitted, 0 queued]
[2020-10-17 18:49:53 #1272 INFO] start_ebrisk  46% [134 submitted, 0 queued]
[2020-10-17 18:50:07 #1272 INFO] start_ebrisk  47% [134 submitted, 0 queued]
[2020-10-17 18:50:14 #1272 INFO] start_ebrisk  48% [134 submitted, 0 queued]
[2020-10-17 18:50:26 #1272 INFO] start_ebrisk  49% [134 submitted, 0 queued]
[2020-10-17 18:50:30 #1272 INFO] start_ebrisk  50% [134 submitted, 0 queued]
[2020-10-17 18:51:24 #1272 INFO] start_ebrisk  51% [134 submitted, 0 queued]
[2020-10-17 18:51:25 #1272 INFO] start_ebrisk  52% [134 submitted, 0 queued]
[2020-10-17 18:51:32 #1272 INFO] start_ebrisk  53% [134 submitted, 0 queued]
[2020-10-17 18:51:38 #1272 INFO] start_ebrisk  54% [134 submitted, 0 queued]
[2020-10-17 18:51:39 #1272 INFO] start_ebrisk  55% [134 submitted, 0 queued]
[2020-10-17 18:51:45 #1272 INFO] start_ebrisk  56% [134 submitted, 0 queued]
[2020-10-17 18:51:53 #1272 INFO] start_ebrisk  57% [134 submitted, 0 queued]
[2020-10-17 18:52:06 #1272 INFO] start_ebrisk  58% [134 submitted, 0 queued]
[2020-10-17 18:52:30 #1272 INFO] start_ebrisk  59% [134 submitted, 0 queued]
[2020-10-17 18:52:37 #1272 INFO] start_ebrisk  60% [134 submitted, 0 queued]
[2020-10-17 18:52:55 #1272 INFO] start_ebrisk  61% [134 submitted, 0 queued]
[2020-10-17 18:53:05 #1272 INFO] start_ebrisk  62% [134 submitted, 0 queued]
[2020-10-17 18:53:12 #1272 INFO] start_ebrisk  63% [134 submitted, 0 queued]
[2020-10-17 18:53:32 #1272 INFO] start_ebrisk  64% [134 submitted, 0 queued]
[2020-10-17 18:53:37 #1272 INFO] start_ebrisk  65% [134 submitted, 0 queued]
[2020-10-17 18:53:42 #1272 INFO] start_ebrisk  66% [134 submitted, 0 queued]
[2020-10-17 18:53:44 #1272 INFO] start_ebrisk  67% [134 submitted, 0 queued]
[2020-10-17 18:53:52 #1272 INFO] start_ebrisk  68% [134 submitted, 0 queued]
[2020-10-17 18:53:58 #1272 INFO] start_ebrisk  69% [134 submitted, 0 queued]
[2020-10-17 18:54:05 #1272 INFO] start_ebrisk  70% [134 submitted, 0 queued]
[2020-10-17 18:54:14 #1272 INFO] start_ebrisk  71% [134 submitted, 0 queued]
[2020-10-17 18:54:26 #1272 INFO] start_ebrisk  72% [134 submitted, 0 queued]
[2020-10-17 18:54:51 #1272 INFO] start_ebrisk  73% [134 submitted, 0 queued]
[2020-10-17 18:54:58 #1272 INFO] start_ebrisk  74% [134 submitted, 0 queued]
[2020-10-17 18:54:59 #1272 INFO] start_ebrisk  75% [134 submitted, 0 queued]
[2020-10-17 18:55:00 #1272 INFO] start_ebrisk  76% [134 submitted, 0 queued]
[2020-10-17 18:55:09 #1272 INFO] start_ebrisk  77% [134 submitted, 0 queued]
[2020-10-17 18:55:12 #1272 INFO] start_ebrisk  78% [134 submitted, 0 queued]
[2020-10-17 18:55:43 #1272 INFO] start_ebrisk  79% [134 submitted, 0 queued]
[2020-10-17 18:55:57 #1272 INFO] start_ebrisk  80% [134 submitted, 0 queued]
[2020-10-17 18:56:10 #1272 INFO] start_ebrisk  81% [134 submitted, 0 queued]
[2020-10-17 18:56:16 #1272 INFO] start_ebrisk  82% [134 submitted, 0 queued]
[2020-10-17 18:56:26 #1272 INFO] start_ebrisk  83% [134 submitted, 0 queued]
[2020-10-17 18:56:30 #1272 INFO] start_ebrisk  84% [134 submitted, 0 queued]
[2020-10-17 18:56:47 #1272 INFO] start_ebrisk  85% [134 submitted, 0 queued]
[2020-10-17 18:57:16 #1272 INFO] start_ebrisk  86% [134 submitted, 0 queued]
[2020-10-17 18:57:36 #1272 INFO] start_ebrisk  87% [134 submitted, 0 queued]
[2020-10-17 18:57:40 #1272 INFO] start_ebrisk  88% [134 submitted, 0 queued]
[2020-10-17 18:57:57 #1272 INFO] start_ebrisk  89% [134 submitted, 0 queued]
[2020-10-17 18:58:40 #1272 INFO] start_ebrisk  90% [134 submitted, 0 queued]
[2020-10-17 18:58:48 #1272 INFO] start_ebrisk  91% [134 submitted, 0 queued]
[2020-10-17 19:01:26 #1272 INFO] start_ebrisk  92% [134 submitted, 0 queued]
[2020-10-17 19:02:13 #1272 INFO] start_ebrisk  93% [134 submitted, 0 queued]
[2020-10-17 19:02:26 #1272 INFO] start_ebrisk  94% [134 submitted, 0 queued]
[2020-10-17 19:03:12 #1272 INFO] start_ebrisk  95% [134 submitted, 0 queued]
[2020-10-17 19:04:28 #1272 INFO] start_ebrisk  96% [134 submitted, 0 queued]
[2020-10-17 19:04:29 #1272 INFO] start_ebrisk  97% [134 submitted, 0 queued]
[2020-10-17 19:05:16 #1272 INFO] start_ebrisk  98% [134 submitted, 0 queued]
[2020-10-17 19:05:36 #1272 INFO] start_ebrisk  99% [134 submitted, 0 queued]
[2020-10-17 19:05:56 #1272 INFO] start_ebrisk 100% [134 submitted, 0 queued]
[2020-10-17 19:05:56 #1272 INFO] Received {'alt': '135.69 MB', 'losses_by_A': '98.83 MB', 'gmf_info': '1.02 MB', 'elt': '732.26 KB', 'numlosses': '21.59 KB', 'events_per_sid': '2.75 KB'} in 1487 seconds
[2020-10-17 19:05:56 #1272 INFO] Produced 1.12 GB of GMFs
[2020-10-17 19:05:56 #1272 INFO] Considered 308_940_843 / 835_480_280 losses
[2020-10-17 19:05:56 #1272 INFO] Building src_loss_table
[2020-10-17 19:05:57 #1272 INFO] Producing 3(loss_types) x 48(fsauid) x 6(GenOcc) x 7(GenType) loss curves
[2020-10-17 19:06:06 #1272 INFO] post_ebrisk   1% [85 submitted, 1931 queued]
[2020-10-17 19:06:06 #1272 INFO] post_ebrisk   2% [105 submitted, 1911 queued]
[2020-10-17 19:06:06 #1272 INFO] post_ebrisk   3% [125 submitted, 1891 queued]
[2020-10-17 19:06:14 #1272 INFO] post_ebrisk   4% [145 submitted, 1871 queued]
[2020-10-17 19:06:14 #1272 INFO] post_ebrisk   5% [165 submitted, 1851 queued]
[2020-10-17 19:06:15 #1272 INFO] post_ebrisk   6% [185 submitted, 1831 queued]
[2020-10-17 19:06:22 #1272 INFO] post_ebrisk   7% [206 submitted, 1810 queued]
[2020-10-17 19:06:23 #1272 INFO] post_ebrisk   8% [226 submitted, 1790 queued]
[2020-10-17 19:06:23 #1272 INFO] post_ebrisk   9% [246 submitted, 1770 queued]
[2020-10-17 19:06:31 #1272 INFO] post_ebrisk  10% [266 submitted, 1750 queued]
[2020-10-17 19:06:31 #1272 INFO] post_ebrisk  11% [286 submitted, 1730 queued]
[2020-10-17 19:06:31 #1272 INFO] post_ebrisk  12% [306 submitted, 1710 queued]
[2020-10-17 19:06:32 #1272 INFO] post_ebrisk  13% [327 submitted, 1689 queued]
[2020-10-17 19:06:39 #1272 INFO] post_ebrisk  14% [347 submitted, 1669 queued]
[2020-10-17 19:06:40 #1272 INFO] post_ebrisk  15% [367 submitted, 1649 queued]
[2020-10-17 19:06:40 #1272 INFO] post_ebrisk  16% [387 submitted, 1629 queued]
[2020-10-17 19:06:48 #1272 INFO] post_ebrisk  17% [407 submitted, 1609 queued]
[2020-10-17 19:06:48 #1272 INFO] post_ebrisk  18% [427 submitted, 1589 queued]
[2020-10-17 19:06:48 #1272 INFO] post_ebrisk  19% [448 submitted, 1568 queued]
[2020-10-17 19:06:56 #1272 INFO] post_ebrisk  20% [468 submitted, 1548 queued]
[2020-10-17 19:06:57 #1272 INFO] post_ebrisk  21% [488 submitted, 1528 queued]
[2020-10-17 19:06:57 #1272 INFO] post_ebrisk  22% [508 submitted, 1508 queued]
[2020-10-17 19:07:05 #1272 INFO] post_ebrisk  23% [528 submitted, 1488 queued]
[2020-10-17 19:07:05 #1272 INFO] post_ebrisk  24% [548 submitted, 1468 queued]
[2020-10-17 19:07:05 #1272 INFO] post_ebrisk  25% [568 submitted, 1448 queued]
[2020-10-17 19:07:08 #1272 INFO] post_ebrisk  26% [589 submitted, 1427 queued]
[2020-10-17 19:07:13 #1272 INFO] post_ebrisk  27% [609 submitted, 1407 queued]
[2020-10-17 19:07:14 #1272 INFO] post_ebrisk  28% [629 submitted, 1387 queued]
[2020-10-17 19:07:14 #1272 INFO] post_ebrisk  29% [649 submitted, 1367 queued]
[2020-10-17 19:07:22 #1272 INFO] post_ebrisk  30% [669 submitted, 1347 queued]
[2020-10-17 19:07:22 #1272 INFO] post_ebrisk  31% [689 submitted, 1327 queued]
[2020-10-17 19:07:22 #1272 INFO] post_ebrisk  32% [710 submitted, 1306 queued]
[2020-10-17 19:07:30 #1272 INFO] post_ebrisk  33% [730 submitted, 1286 queued]
[2020-10-17 19:07:30 #1272 INFO] post_ebrisk  34% [750 submitted, 1266 queued]
[2020-10-17 19:07:30 #1272 INFO] post_ebrisk  35% [770 submitted, 1246 queued]
[2020-10-17 19:07:38 #1272 INFO] post_ebrisk  36% [790 submitted, 1226 queued]
[2020-10-17 19:07:38 #1272 INFO] post_ebrisk  37% [810 submitted, 1206 queued]
[2020-10-17 19:07:39 #1272 INFO] post_ebrisk  38% [831 submitted, 1185 queued]
[2020-10-17 19:07:46 #1272 INFO] post_ebrisk  39% [851 submitted, 1165 queued]
[2020-10-17 19:07:47 #1272 INFO] post_ebrisk  40% [871 submitted, 1145 queued]
[2020-10-17 19:07:47 #1272 INFO] post_ebrisk  41% [891 submitted, 1125 queued]
[2020-10-17 19:07:47 #1272 INFO] post_ebrisk  42% [911 submitted, 1105 queued]
[2020-10-17 19:07:55 #1272 INFO] post_ebrisk  43% [931 submitted, 1085 queued]
[2020-10-17 19:07:55 #1272 INFO] post_ebrisk  44% [952 submitted, 1064 queued]
[2020-10-17 19:07:56 #1272 INFO] post_ebrisk  45% [972 submitted, 1044 queued]
[2020-10-17 19:08:03 #1272 INFO] post_ebrisk  46% [992 submitted, 1024 queued]
[2020-10-17 19:08:04 #1272 INFO] post_ebrisk  47% [1012 submitted, 1004 queued]
[2020-10-17 19:08:04 #1272 INFO] post_ebrisk  48% [1032 submitted, 984 queued]
[2020-10-17 19:08:12 #1272 INFO] post_ebrisk  49% [1052 submitted, 964 queued]
[2020-10-17 19:08:12 #1272 INFO] post_ebrisk  50% [1072 submitted, 944 queued]
[2020-10-17 19:08:12 #1272 INFO] post_ebrisk  51% [1093 submitted, 923 queued]
[2020-10-17 19:08:20 #1272 INFO] post_ebrisk  52% [1113 submitted, 903 queued]
[2020-10-17 19:08:20 #1272 INFO] post_ebrisk  53% [1133 submitted, 883 queued]
[2020-10-17 19:08:21 #1272 INFO] post_ebrisk  54% [1153 submitted, 863 queued]
[2020-10-17 19:08:21 #1272 INFO] post_ebrisk  55% [1173 submitted, 843 queued]
[2020-10-17 19:08:29 #1272 INFO] post_ebrisk  56% [1193 submitted, 823 queued]
[2020-10-17 19:08:29 #1272 INFO] post_ebrisk  57% [1214 submitted, 802 queued]
[2020-10-17 19:08:29 #1272 INFO] post_ebrisk  58% [1234 submitted, 782 queued]
[2020-10-17 19:08:37 #1272 INFO] post_ebrisk  59% [1254 submitted, 762 queued]
[2020-10-17 19:08:37 #1272 INFO] post_ebrisk  60% [1274 submitted, 742 queued]
[2020-10-17 19:08:38 #1272 INFO] post_ebrisk  61% [1294 submitted, 722 queued]
[2020-10-17 19:08:45 #1272 INFO] post_ebrisk  62% [1314 submitted, 702 queued]
[2020-10-17 19:08:46 #1272 INFO] post_ebrisk  63% [1335 submitted, 681 queued]
[2020-10-17 19:08:46 #1272 INFO] post_ebrisk  64% [1355 submitted, 661 queued]
[2020-10-17 19:08:54 #1272 INFO] post_ebrisk  65% [1375 submitted, 641 queued]
[2020-10-17 19:08:54 #1272 INFO] post_ebrisk  66% [1395 submitted, 621 queued]
[2020-10-17 19:08:54 #1272 INFO] post_ebrisk  67% [1415 submitted, 601 queued]
[2020-10-17 19:08:55 #1272 INFO] post_ebrisk  68% [1435 submitted, 581 queued]
[2020-10-17 19:09:02 #1272 INFO] post_ebrisk  69% [1456 submitted, 560 queued]
[2020-10-17 19:09:03 #1272 INFO] post_ebrisk  70% [1476 submitted, 540 queued]
[2020-10-17 19:09:03 #1272 INFO] post_ebrisk  71% [1496 submitted, 520 queued]
[2020-10-17 19:09:11 #1272 INFO] post_ebrisk  72% [1516 submitted, 500 queued]
[2020-10-17 19:09:11 #1272 INFO] post_ebrisk  73% [1536 submitted, 480 queued]
[2020-10-17 19:09:11 #1272 INFO] post_ebrisk  74% [1556 submitted, 460 queued]
[2020-10-17 19:09:19 #1272 INFO] post_ebrisk  75% [1576 submitted, 440 queued]
[2020-10-17 19:09:19 #1272 INFO] post_ebrisk  76% [1597 submitted, 419 queued]
[2020-10-17 19:09:20 #1272 INFO] post_ebrisk  77% [1617 submitted, 399 queued]
[2020-10-17 19:09:27 #1272 INFO] post_ebrisk  78% [1637 submitted, 379 queued]
[2020-10-17 19:09:28 #1272 INFO] post_ebrisk  79% [1657 submitted, 359 queued]
[2020-10-17 19:09:28 #1272 INFO] post_ebrisk  80% [1677 submitted, 339 queued]
[2020-10-17 19:09:28 #1272 INFO] post_ebrisk  81% [1697 submitted, 319 queued]
[2020-10-17 19:09:36 #1272 INFO] post_ebrisk  82% [1718 submitted, 298 queued]
[2020-10-17 19:09:36 #1272 INFO] post_ebrisk  83% [1738 submitted, 278 queued]
[2020-10-17 19:09:36 #1272 INFO] post_ebrisk  84% [1758 submitted, 258 queued]
[2020-10-17 19:09:44 #1272 INFO] post_ebrisk  85% [1778 submitted, 238 queued]
[2020-10-17 19:09:45 #1272 INFO] post_ebrisk  86% [1798 submitted, 218 queued]
[2020-10-17 19:09:45 #1272 INFO] post_ebrisk  87% [1818 submitted, 198 queued]
[2020-10-17 19:09:52 #1272 INFO] post_ebrisk  88% [1839 submitted, 177 queued]
[2020-10-17 19:09:52 #1272 INFO] post_ebrisk  89% [1859 submitted, 157 queued]
[2020-10-17 19:09:53 #1272 INFO] post_ebrisk  90% [1879 submitted, 137 queued]
[2020-10-17 19:10:01 #1272 INFO] post_ebrisk  91% [1899 submitted, 117 queued]
[2020-10-17 19:10:01 #1272 INFO] post_ebrisk  92% [1919 submitted, 97 queued]
[2020-10-17 19:10:01 #1272 INFO] post_ebrisk  93% [1939 submitted, 77 queued]
[2020-10-17 19:10:04 #1272 INFO] post_ebrisk  94% [1960 submitted, 56 queued]
[2020-10-17 19:10:09 #1272 INFO] post_ebrisk  95% [1980 submitted, 36 queued]
[2020-10-17 19:10:09 #1272 INFO] post_ebrisk  96% [2000 submitted, 16 queued]
[2020-10-17 19:10:10 #1272 INFO] post_ebrisk  97% [2016 submitted, 0 queued]
[2020-10-17 19:10:16 #1272 INFO] post_ebrisk  98% [2016 submitted, 0 queued]
[2020-10-17 19:10:16 #1272 INFO] post_ebrisk  99% [2016 submitted, 0 queued]
[2020-10-17 19:10:16 #1272 INFO] post_ebrisk 100% [2016 submitted, 0 queued]
[2020-10-17 19:10:16 #1272 INFO] Received {'tot': '37.78 MB'} in 259 seconds
[2020-10-17 19:10:17 #1272 INFO] Mean portfolio loss
============= ============== ==============
contents      nonstructural  structural    
============= ============== ==============
4_905_239_040 19_756_363_776 32_983_943_168
============= ============== ==============
[2020-10-17 19:10:17 #1272 INFO] Sanity check on agg_losses/tot_losses
[2020-10-17 19:10:17 #1272 INFO] Exposing the outputs to the database
[2020-10-17 19:10:18 #1272 INFO] Stored 259.87 MB on /mnt/data/murray.journeay/oqdata/calc_1272.hdf5 in 2047 seconds
  id | name
6565 | Aggregate Event Losses
6557 | Aggregate Loss Curves
6558 | Aggregate Loss Curves Statistics
6559 | Aggregate Losses
6560 | Aggregate Losses Statistics
6561 | Average Asset Losses Statistics
6567 | Earthquake Ruptures
6562 | Events
6563 | Full Report
6564 | Input Files
 ... | 6 additional output(s)
Some outputs were not shown. You can see the full list with the command
`oq engine --list-outputs 1272`
