/home/ssm-user/src/oq-engine/openquake/hazardlib/gsim/base.py:347: ExperimentalWarning: CanadaSHM6_ActiveCrust_BooreEtAl2014 is experimental and may change in future versions - the user is liable for their application
  warnings.warn(msg, ExperimentalWarning)
/home/ssm-user/src/oq-engine/openquake/hazardlib/gsim/base.py:347: ExperimentalWarning: CanadaSHM6_ActiveCrust_AbrahamsonEtAl2014 is experimental and may change in future versions - the user is liable for their application
  warnings.warn(msg, ExperimentalWarning)
/home/ssm-user/src/oq-engine/openquake/hazardlib/gsim/base.py:347: ExperimentalWarning: CanadaSHM6_ActiveCrust_BooreEtAl2014 is experimental and may change in future versions - the user is liable for their application
  warnings.warn(msg, ExperimentalWarning)
/home/ssm-user/src/oq-engine/openquake/hazardlib/gsim/base.py:347: ExperimentalWarning: CanadaSHM6_ActiveCrust_CampbellBozorgnia2014 is experimental and may change in future versions - the user is liable for their application
  warnings.warn(msg, ExperimentalWarning)
/home/ssm-user/src/oq-engine/openquake/hazardlib/gsim/base.py:347: ExperimentalWarning: CanadaSHM6_ActiveCrust_ChiouYoungs2014 is experimental and may change in future versions - the user is liable for their application
  warnings.warn(msg, ExperimentalWarning)
[2021-10-29 01:26:32 #172 INFO] root running /mnt/storage/canada-srm2/ebRisk/input/ebRisk_b0_AB_T_EdmontonWest.ini [--hc=None]
[2021-10-29 01:26:32 #172 INFO] Using engine version 3.11.3-git0cccb86798
[2021-10-29 01:26:33 #172 WARNING] Version v3.11.4 of the engine is available, but you are still using version 3.11.3-git0cccb86798
[2021-10-29 01:26:33 #172 WARNING] Using 96 cores on ip-10-70-136-20
[2021-10-29 01:26:33 #172 INFO] Validated nationalModel.xml in 0.01 seconds
[2021-10-29 01:26:33 #172 INFO] Checksum of the input files: 514598877
[2021-10-29 01:26:33 #172 INFO] Reading the risk model if present
[2021-10-29 01:26:55 #172 INFO] Reading /mnt/storage/openquake-inputs/exposure/general-building-stock/oqBldgExp_AB_T_EdmontonWest.xml
[2021-10-29 01:27:04 #172 INFO] Extracting the hazard sites from the site model
[2021-10-29 01:27:06 #172 INFO] Associated 64595 assets to 4217 sites
[2021-10-29 01:27:12 #172 INFO] Reducing risk model from 7260 to 595 taxonomies
[2021-10-29 01:27:13 #172 INFO] minimum_asset_loss={'contents': 0, 'nonstructural': 0, 'occupants': 0, 'structural': 0}
[2021-10-29 01:27:13 #172 INFO] Storing 2695 aggregation keys
[2021-10-29 01:27:14 #172 INFO] Considering 200 logic tree paths out of 24_576
[2021-10-29 01:27:14 #172 INFO] Reading the source model(s) in parallel
[2021-10-29 01:27:17 #172 INFO] read_source_model  16% [6 submitted, 0 queued]
[2021-10-29 01:27:17 #172 INFO] read_source_model  33% [6 submitted, 0 queued]
[2021-10-29 01:27:17 #172 INFO] read_source_model  50% [6 submitted, 0 queued]
[2021-10-29 01:27:17 #172 INFO] read_source_model  66% [6 submitted, 0 queued]
[2021-10-29 01:27:17 #172 INFO] read_source_model  83% [6 submitted, 0 queued]
[2021-10-29 01:27:17 #172 INFO] read_source_model 100% [6 submitted, 0 queued]
[2021-10-29 01:27:17 #172 INFO] Mean time per core=0s, std=0.0s, min=0s, max=0s
[2021-10-29 01:27:17 #172 INFO] Received {'/mnt/storage/CanadaSHM6/OpenQuake_model_files/sources/nationalModel/xml/simplifiedModel/WCan_HYeast_Harctic_simplified_collapsedRates.xml': '157.72 KB', '/mnt/storage/CanadaSHM6/OpenQuake_model_files/sources/nationalModel/xml/simplifiedModel/WCan_H2east_Harctic_simplified_collapsedRates.xml': '152.1 KB', '/mnt/storage/CanadaSHM6/OpenQuake_model_files/sources/nationalModel/xml/simplifiedModel/WCan_HYeast_Rarctic_simplified_collapsedRates.xml': '151.35 KB', '/mnt/storage/CanadaSHM6/OpenQuake_model_files/sources/nationalModel/xml/simplifiedModel/WCan_H2east_Rarctic_simplified_collapsedRates.xml': '145.73 KB', '/mnt/storage/CanadaSHM6/OpenQuake_model_files/sources/nationalModel/xml/simplifiedModel/WCan_R2east_Harctic_simplified_collapsedRates.xml': '137.01 KB', '/mnt/storage/CanadaSHM6/OpenQuake_model_files/sources/nationalModel/xml/simplifiedModel/WCan_R2east_Rarctic_simplified_collapsedRates.xml': '130.86 KB'} in 0 seconds
/home/ssm-user/src/oq-engine/openquake/hazardlib/gsim/base.py:347: ExperimentalWarning: CanadaSHM6_ActiveCrust_BooreEtAl2014 is experimental and may change in future versions - the user is liable for their application
  warnings.warn(msg, ExperimentalWarning)
/home/ssm-user/src/oq-engine/openquake/hazardlib/gsim/base.py:347: ExperimentalWarning: CanadaSHM6_ActiveCrust_BooreEtAl2014 is experimental and may change in future versions - the user is liable for their application
  warnings.warn(msg, ExperimentalWarning)
/home/ssm-user/src/oq-engine/openquake/hazardlib/gsim/base.py:347: ExperimentalWarning: CanadaSHM6_ActiveCrust_BooreEtAl2014 is experimental and may change in future versions - the user is liable for their application
  warnings.warn(msg, ExperimentalWarning)
/home/ssm-user/src/oq-engine/openquake/hazardlib/gsim/base.py:347: ExperimentalWarning: CanadaSHM6_ActiveCrust_BooreEtAl2014 is experimental and may change in future versions - the user is liable for their application
  warnings.warn(msg, ExperimentalWarning)
/home/ssm-user/src/oq-engine/openquake/hazardlib/gsim/base.py:347: ExperimentalWarning: CanadaSHM6_ActiveCrust_BooreEtAl2014 is experimental and may change in future versions - the user is liable for their application
  warnings.warn(msg, ExperimentalWarning)
/home/ssm-user/src/oq-engine/openquake/hazardlib/gsim/base.py:347: ExperimentalWarning: CanadaSHM6_ActiveCrust_BooreEtAl2014 is experimental and may change in future versions - the user is liable for their application
  warnings.warn(msg, ExperimentalWarning)
[2021-10-29 01:27:18 #172 INFO] There are multiple different sources with the same ID [<AreaSource SCCYA;0>, <AreaSource SCCYA;1>]
[2021-10-29 01:27:18 #172 INFO] There are 13 groups and 198 sources with len(et_ids)=3.87
[2021-10-29 01:27:18 #172 INFO] Checking the sources bounding box
[2021-10-29 01:27:18 #172 ERROR] source ACM: The buffer of 600 km is too large, the bounding box is larger than half the globe: 219 degrees
[2021-10-29 01:27:18 #172 INFO] Rupture floating factor = 1.6303030303030304
[2021-10-29 01:27:18 #172 INFO] Rupture spinning factor = 3.2181818181818183
[2021-10-29 01:27:18 #172 INFO] gzipping the input files
[2021-10-29 01:27:23 #172 INFO] Storing risk model
[2021-10-29 01:27:23 #172 INFO] minimum_intensity={'default': 0.05, 'SA(0.3)': 0.02, 'SA(0.6)': 0.05, 'SA(1.0)': 0.05, 'SA(2.0)': 0.05}
[2021-10-29 01:27:23 #172 INFO] Building ruptures
[2021-10-29 01:28:59 #172 INFO] Sending <SourceGroup Subduction IntraSlab30, 1 source(s)>
[2021-10-29 01:28:59 #172 INFO] Sending <SourceGroup Subduction IntraSlab55, 4 source(s)>
[2021-10-29 01:28:59 #172 INFO] Sending <SourceGroup Subduction Interface, 14 source(s)>
[2021-10-29 01:28:59 #172 INFO] Sending <SourceGroup Stable Shallow Crust, 29 source(s)>
[2021-10-29 01:28:59 #172 INFO] Sending <SourceGroup Stable Shallow Crust, 4 source(s)>
[2021-10-29 01:28:59 #172 INFO] Sending <SourceGroup Stable Shallow Crust, 6 source(s)>
[2021-10-29 01:28:59 #172 INFO] Sending <SourceGroup Stable Shallow Crust, 18 source(s)>
[2021-10-29 01:28:59 #172 INFO] Sending <SourceGroup Stable Shallow Crust, 10 source(s)>
[2021-10-29 01:28:59 #172 INFO] Sending <SourceGroup Stable Shallow Crust, 38 source(s)>
[2021-10-29 01:28:59 #172 INFO] Sending <SourceGroup Stable Shallow Crust, 14 source(s)>
[2021-10-29 01:28:59 #172 INFO] Sending <SourceGroup Active Shallow Crust, 1 source(s)>
[2021-10-29 01:28:59 #172 INFO] Sending <SourceGroup Active Shallow Crust, 58 source(s)>
[2021-10-29 01:28:59 #172 INFO] Sending <SourceGroup Active Shallow Crust, 1 source(s)>
[2021-10-29 01:29:03 #172 INFO] Sent 96 tasks, 83.31 MB in 0 seconds
[2021-10-29 01:29:03 #172 INFO] sample_ruptures   1% [98 submitted, 5 queued]
[2021-10-29 01:29:03 #172 INFO] sample_ruptures   2% [99 submitted, 4 queued]
[2021-10-29 01:29:03 #172 INFO] sample_ruptures   3% [100 submitted, 3 queued]
[2021-10-29 01:29:03 #172 INFO] sample_ruptures   4% [101 submitted, 2 queued]
[2021-10-29 01:29:04 #172 INFO] sample_ruptures   5% [102 submitted, 1 queued]
[2021-10-29 01:29:04 #172 INFO] sample_ruptures   6% [103 submitted, 0 queued]
[2021-10-29 01:29:04 #172 INFO] sample_ruptures   7% [103 submitted, 0 queued]
[2021-10-29 01:29:04 #172 INFO] sample_ruptures   8% [103 submitted, 0 queued]
[2021-10-29 01:29:04 #172 INFO] sample_ruptures   9% [103 submitted, 0 queued]
[2021-10-29 01:29:04 #172 INFO] sample_ruptures  10% [103 submitted, 0 queued]
[2021-10-29 01:29:04 #172 INFO] sample_ruptures  11% [103 submitted, 0 queued]
[2021-10-29 01:29:04 #172 INFO] sample_ruptures  12% [103 submitted, 0 queued]
[2021-10-29 01:29:04 #172 INFO] sample_ruptures  13% [103 submitted, 0 queued]
[2021-10-29 01:29:04 #172 INFO] sample_ruptures  14% [103 submitted, 0 queued]
[2021-10-29 01:29:04 #172 INFO] sample_ruptures  15% [103 submitted, 0 queued]
[2021-10-29 01:29:04 #172 INFO] sample_ruptures  16% [103 submitted, 0 queued]
[2021-10-29 01:29:04 #172 INFO] sample_ruptures  17% [103 submitted, 0 queued]
[2021-10-29 01:29:04 #172 INFO] sample_ruptures  18% [103 submitted, 0 queued]
[2021-10-29 01:29:04 #172 INFO] sample_ruptures  19% [103 submitted, 0 queued]
[2021-10-29 01:29:04 #172 INFO] sample_ruptures  20% [103 submitted, 0 queued]
[2021-10-29 01:29:04 #172 INFO] sample_ruptures  21% [103 submitted, 0 queued]
[2021-10-29 01:29:04 #172 INFO] sample_ruptures  22% [103 submitted, 0 queued]
[2021-10-29 01:29:04 #172 INFO] sample_ruptures  23% [103 submitted, 0 queued]
[2021-10-29 01:29:04 #172 INFO] sample_ruptures  24% [103 submitted, 0 queued]
[2021-10-29 01:29:04 #172 INFO] sample_ruptures  25% [103 submitted, 0 queued]
[2021-10-29 01:29:05 #172 INFO] sample_ruptures  26% [103 submitted, 0 queued]
[2021-10-29 01:29:05 #172 INFO] sample_ruptures  27% [103 submitted, 0 queued]
[2021-10-29 01:29:05 #172 INFO] sample_ruptures  28% [103 submitted, 0 queued]
[2021-10-29 01:29:05 #172 INFO] sample_ruptures  29% [103 submitted, 0 queued]
[2021-10-29 01:29:05 #172 INFO] sample_ruptures  30% [103 submitted, 0 queued]
[2021-10-29 01:29:05 #172 INFO] sample_ruptures  31% [103 submitted, 0 queued]
[2021-10-29 01:29:05 #172 INFO] sample_ruptures  32% [103 submitted, 0 queued]
[2021-10-29 01:29:05 #172 INFO] sample_ruptures  33% [103 submitted, 0 queued]
[2021-10-29 01:29:05 #172 INFO] sample_ruptures  34% [103 submitted, 0 queued]
[2021-10-29 01:29:05 #172 INFO] sample_ruptures  35% [103 submitted, 0 queued]
[2021-10-29 01:29:05 #172 INFO] sample_ruptures  36% [103 submitted, 0 queued]
[2021-10-29 01:29:05 #172 INFO] sample_ruptures  37% [103 submitted, 0 queued]
[2021-10-29 01:29:05 #172 INFO] sample_ruptures  38% [103 submitted, 0 queued]
[2021-10-29 01:29:05 #172 INFO] sample_ruptures  39% [103 submitted, 0 queued]
[2021-10-29 01:29:05 #172 INFO] sample_ruptures  40% [103 submitted, 0 queued]
[2021-10-29 01:29:05 #172 INFO] sample_ruptures  41% [103 submitted, 0 queued]
[2021-10-29 01:29:05 #172 INFO] sample_ruptures  42% [103 submitted, 0 queued]
[2021-10-29 01:29:05 #172 INFO] sample_ruptures  43% [103 submitted, 0 queued]
[2021-10-29 01:29:05 #172 INFO] sample_ruptures  44% [103 submitted, 0 queued]
[2021-10-29 01:29:05 #172 INFO] sample_ruptures  45% [103 submitted, 0 queued]
[2021-10-29 01:29:05 #172 INFO] sample_ruptures  46% [103 submitted, 0 queued]
[2021-10-29 01:29:05 #172 INFO] sample_ruptures  47% [103 submitted, 0 queued]
[2021-10-29 01:29:05 #172 INFO] sample_ruptures  48% [103 submitted, 0 queued]
[2021-10-29 01:29:05 #172 INFO] sample_ruptures  49% [103 submitted, 0 queued]
[2021-10-29 01:29:05 #172 INFO] sample_ruptures  50% [103 submitted, 0 queued]
[2021-10-29 01:29:05 #172 INFO] sample_ruptures  51% [103 submitted, 0 queued]
[2021-10-29 01:29:05 #172 INFO] sample_ruptures  52% [103 submitted, 0 queued]
[2021-10-29 01:29:05 #172 INFO] sample_ruptures  53% [103 submitted, 0 queued]
[2021-10-29 01:29:05 #172 INFO] sample_ruptures  54% [103 submitted, 0 queued]
[2021-10-29 01:29:05 #172 INFO] sample_ruptures  55% [103 submitted, 0 queued]
[2021-10-29 01:29:05 #172 INFO] sample_ruptures  56% [103 submitted, 0 queued]
[2021-10-29 01:29:05 #172 INFO] sample_ruptures  57% [103 submitted, 0 queued]
[2021-10-29 01:29:05 #172 INFO] sample_ruptures  58% [103 submitted, 0 queued]
[2021-10-29 01:29:05 #172 INFO] sample_ruptures  59% [103 submitted, 0 queued]
[2021-10-29 01:29:05 #172 INFO] sample_ruptures  60% [103 submitted, 0 queued]
[2021-10-29 01:29:05 #172 INFO] sample_ruptures  61% [103 submitted, 0 queued]
[2021-10-29 01:29:05 #172 INFO] sample_ruptures  62% [103 submitted, 0 queued]
[2021-10-29 01:29:05 #172 INFO] sample_ruptures  63% [103 submitted, 0 queued]
[2021-10-29 01:29:05 #172 INFO] sample_ruptures  64% [103 submitted, 0 queued]
[2021-10-29 01:29:05 #172 INFO] sample_ruptures  65% [103 submitted, 0 queued]
[2021-10-29 01:29:05 #172 INFO] sample_ruptures  66% [103 submitted, 0 queued]
[2021-10-29 01:29:05 #172 INFO] sample_ruptures  67% [103 submitted, 0 queued]
[2021-10-29 01:29:05 #172 INFO] sample_ruptures  68% [103 submitted, 0 queued]
[2021-10-29 01:29:05 #172 INFO] sample_ruptures  69% [103 submitted, 0 queued]
[2021-10-29 01:29:05 #172 INFO] sample_ruptures  70% [103 submitted, 0 queued]
[2021-10-29 01:29:05 #172 INFO] sample_ruptures  71% [103 submitted, 0 queued]
[2021-10-29 01:29:05 #172 INFO] sample_ruptures  72% [103 submitted, 0 queued]
[2021-10-29 01:29:05 #172 INFO] sample_ruptures  73% [103 submitted, 0 queued]
[2021-10-29 01:29:05 #172 INFO] sample_ruptures  74% [103 submitted, 0 queued]
[2021-10-29 01:29:05 #172 INFO] sample_ruptures  75% [103 submitted, 0 queued]
[2021-10-29 01:29:05 #172 INFO] sample_ruptures  76% [103 submitted, 0 queued]
[2021-10-29 01:29:05 #172 INFO] sample_ruptures  77% [103 submitted, 0 queued]
[2021-10-29 01:29:05 #172 INFO] sample_ruptures  78% [103 submitted, 0 queued]
[2021-10-29 01:29:05 #172 INFO] sample_ruptures  79% [103 submitted, 0 queued]
[2021-10-29 01:29:05 #172 INFO] sample_ruptures  80% [103 submitted, 0 queued]
[2021-10-29 01:29:19 #172 INFO] sample_ruptures  81% [103 submitted, 0 queued]
[2021-10-29 01:30:10 #172 INFO] sample_ruptures  82% [103 submitted, 0 queued]
[2021-10-29 01:30:26 #172 INFO] sample_ruptures  83% [103 submitted, 0 queued]
[2021-10-29 01:30:28 #172 INFO] sample_ruptures  84% [103 submitted, 0 queued]
[2021-10-29 01:31:03 #172 INFO] sample_ruptures  85% [103 submitted, 0 queued]
[2021-10-29 01:31:07 #172 INFO] sample_ruptures  86% [103 submitted, 0 queued]
[2021-10-29 01:31:07 #172 INFO] sample_ruptures  87% [103 submitted, 0 queued]
[2021-10-29 01:31:24 #172 INFO] sample_ruptures  88% [103 submitted, 0 queued]
[2021-10-29 01:31:47 #172 INFO] sample_ruptures  89% [103 submitted, 0 queued]
[2021-10-29 01:31:55 #172 INFO] sample_ruptures  90% [103 submitted, 0 queued]
[2021-10-29 01:31:57 #172 INFO] sample_ruptures  91% [103 submitted, 0 queued]
[2021-10-29 01:32:06 #172 INFO] sample_ruptures  92% [103 submitted, 0 queued]
[2021-10-29 01:32:28 #172 INFO] sample_ruptures  93% [103 submitted, 0 queued]
[2021-10-29 01:33:11 #172 INFO] sample_ruptures  94% [103 submitted, 0 queued]
[2021-10-29 01:33:13 #172 INFO] sample_ruptures  95% [103 submitted, 0 queued]
[2021-10-29 01:33:21 #172 INFO] sample_ruptures  96% [103 submitted, 0 queued]
[2021-10-29 01:33:43 #172 INFO] sample_ruptures  97% [103 submitted, 0 queued]
[2021-10-29 01:34:18 #172 INFO] sample_ruptures  98% [103 submitted, 0 queued]
[2021-10-29 01:34:36 #172 INFO] sample_ruptures  99% [103 submitted, 0 queued]
[2021-10-29 01:38:50 #172 INFO] sample_ruptures 100% [103 submitted, 0 queued]
[2021-10-29 01:38:50 #172 INFO] Mean time per core=40s, std=96.9s, min=0s, max=583s
[2021-10-29 01:38:50 #172 INFO] Received {'rup_array': '324.3 MB', 'calc_times': '20.99 KB', 'eff_ruptures': '4.1 KB'} in 587 seconds
[2021-10-29 01:38:50 #172 INFO] There are 200 realization(s)
[2021-10-29 01:38:50 #172 INFO] Reordering the ruptures and storing the events
[2021-10-29 01:38:51 #172 INFO] Associating event_id -> rlz_id for 1_759_246 events and 1_210_990 ruptures
[2021-10-29 01:39:32 #172 INFO] Sent 196 tasks, 129.54 MB in 37 seconds
[2021-10-29 01:39:37 #172 INFO] Mean time per core=7s, std=2.3s, min=3s, max=11s
[2021-10-29 01:39:37 #172 INFO] Received {'tot': '16.83 MB'} in 5 seconds
[2021-10-29 01:39:51 #172 INFO] minimum_intensity={'SA(0.3)': 0.02, 'SA(0.6)': 0.05, 'SA(1.0)': 0.05, 'SA(2.0)': 0.05, 'SA(0.5)': 0.05}
[2021-10-29 01:39:51 #172 INFO] Sending 1_210_990 ruptures
[2021-10-29 01:40:44 #172 INFO] Sent 196 tasks, 171.57 MB in 48 seconds
[2021-10-29 01:42:20 #172 INFO] start_ebrisk   1% [196 submitted, 0 queued]
[2021-10-29 01:42:33 #172 INFO] start_ebrisk   2% [196 submitted, 0 queued]
[2021-10-29 01:42:40 #172 INFO] start_ebrisk   3% [196 submitted, 0 queued]
[2021-10-29 01:42:46 #172 INFO] start_ebrisk   4% [196 submitted, 0 queued]
[2021-10-29 01:43:04 #172 INFO] start_ebrisk   5% [196 submitted, 0 queued]
[2021-10-29 01:43:45 #172 INFO] start_ebrisk   6% [196 submitted, 0 queued]
[2021-10-29 01:44:12 #172 INFO] start_ebrisk   7% [196 submitted, 0 queued]
[2021-10-29 01:44:32 #172 INFO] start_ebrisk   8% [196 submitted, 0 queued]
[2021-10-29 01:44:53 #172 INFO] start_ebrisk   9% [196 submitted, 0 queued]
[2021-10-29 01:45:26 #172 INFO] start_ebrisk  10% [196 submitted, 0 queued]
[2021-10-29 01:45:43 #172 INFO] start_ebrisk  11% [196 submitted, 0 queued]
[2021-10-29 01:45:51 #172 INFO] start_ebrisk  12% [196 submitted, 0 queued]
[2021-10-29 01:46:50 #172 INFO] start_ebrisk  13% [196 submitted, 0 queued]
[2021-10-29 01:47:17 #172 INFO] start_ebrisk  14% [196 submitted, 0 queued]
[2021-10-29 01:49:23 #172 INFO] start_ebrisk  15% [196 submitted, 0 queued]
[2021-10-29 01:50:01 #172 INFO] start_ebrisk  16% [196 submitted, 0 queued]
[2021-10-29 01:50:21 #172 INFO] start_ebrisk  17% [196 submitted, 0 queued]
[2021-10-29 01:52:47 #172 INFO] start_ebrisk  18% [196 submitted, 0 queued]
[2021-10-29 02:13:32 #172 INFO] start_ebrisk  19% [196 submitted, 0 queued]
[2021-10-29 02:14:39 #172 INFO] start_ebrisk  20% [196 submitted, 0 queued]
[2021-10-29 02:14:44 #172 INFO] start_ebrisk  21% [196 submitted, 0 queued]
[2021-10-29 02:15:27 #172 INFO] start_ebrisk  22% [196 submitted, 0 queued]
[2021-10-29 02:15:31 #172 INFO] start_ebrisk  23% [196 submitted, 0 queued]
[2021-10-29 02:15:49 #172 INFO] start_ebrisk  24% [196 submitted, 0 queued]
[2021-10-29 02:16:02 #172 INFO] start_ebrisk  25% [196 submitted, 0 queued]
[2021-10-29 02:16:11 #172 INFO] start_ebrisk  26% [196 submitted, 0 queued]
[2021-10-29 02:16:42 #172 INFO] start_ebrisk  27% [196 submitted, 0 queued]
[2021-10-29 02:16:56 #172 INFO] start_ebrisk  28% [196 submitted, 0 queued]
[2021-10-29 02:17:31 #172 INFO] start_ebrisk  29% [196 submitted, 0 queued]
[2021-10-29 02:18:12 #172 INFO] start_ebrisk  30% [196 submitted, 0 queued]
[2021-10-29 02:25:50 #172 INFO] start_ebrisk  31% [196 submitted, 0 queued]
[2021-10-29 02:29:08 #172 INFO] start_ebrisk  32% [196 submitted, 0 queued]
[2021-10-29 02:30:55 #172 INFO] start_ebrisk  33% [196 submitted, 0 queued]
[2021-10-29 02:33:32 #172 INFO] start_ebrisk  34% [196 submitted, 0 queued]
[2021-10-29 02:34:33 #172 INFO] start_ebrisk  35% [196 submitted, 0 queued]
[2021-10-29 02:37:24 #172 INFO] start_ebrisk  36% [196 submitted, 0 queued]
[2021-10-29 02:37:37 #172 INFO] start_ebrisk  37% [196 submitted, 0 queued]
[2021-10-29 02:41:25 #172 INFO] start_ebrisk  38% [196 submitted, 0 queued]
[2021-10-29 02:42:54 #172 INFO] start_ebrisk  39% [196 submitted, 0 queued]
[2021-10-29 02:45:32 #172 INFO] start_ebrisk  40% [196 submitted, 0 queued]
[2021-10-29 02:51:55 #172 INFO] start_ebrisk  41% [196 submitted, 0 queued]
[2021-10-29 02:54:56 #172 INFO] start_ebrisk  42% [196 submitted, 0 queued]
[2021-10-29 02:55:30 #172 INFO] start_ebrisk  43% [196 submitted, 0 queued]
[2021-10-29 02:55:47 #172 INFO] start_ebrisk  44% [196 submitted, 0 queued]
[2021-10-29 02:57:03 #172 INFO] start_ebrisk  45% [196 submitted, 0 queued]
[2021-10-29 02:58:01 #172 INFO] start_ebrisk  46% [196 submitted, 0 queued]
[2021-10-29 02:59:42 #172 INFO] start_ebrisk  47% [196 submitted, 0 queued]
[2021-10-29 03:00:54 #172 INFO] start_ebrisk  48% [196 submitted, 0 queued]
[2021-10-29 03:02:30 #172 INFO] start_ebrisk  49% [196 submitted, 0 queued]
[2021-10-29 03:02:45 #172 INFO] start_ebrisk  50% [196 submitted, 0 queued]
[2021-10-29 03:02:54 #172 INFO] start_ebrisk  51% [196 submitted, 0 queued]
[2021-10-29 03:03:20 #172 INFO] start_ebrisk  52% [196 submitted, 0 queued]
[2021-10-29 03:03:55 #172 INFO] start_ebrisk  53% [196 submitted, 0 queued]
[2021-10-29 03:04:13 #172 INFO] start_ebrisk  54% [196 submitted, 0 queued]
[2021-10-29 03:04:34 #172 INFO] start_ebrisk  55% [196 submitted, 0 queued]
[2021-10-29 03:04:55 #172 INFO] start_ebrisk  56% [196 submitted, 0 queued]
[2021-10-29 03:05:43 #172 INFO] start_ebrisk  57% [196 submitted, 0 queued]
[2021-10-29 03:05:54 #172 INFO] start_ebrisk  58% [196 submitted, 0 queued]
[2021-10-29 03:06:07 #172 INFO] start_ebrisk  59% [196 submitted, 0 queued]
[2021-10-29 03:06:29 #172 INFO] start_ebrisk  60% [196 submitted, 0 queued]
[2021-10-29 03:06:36 #172 INFO] start_ebrisk  61% [196 submitted, 0 queued]
[2021-10-29 03:07:07 #172 INFO] start_ebrisk  62% [196 submitted, 0 queued]
[2021-10-29 03:07:40 #172 INFO] start_ebrisk  63% [196 submitted, 0 queued]
[2021-10-29 03:08:02 #172 INFO] start_ebrisk  64% [196 submitted, 0 queued]
[2021-10-29 03:08:20 #172 INFO] start_ebrisk  65% [196 submitted, 0 queued]
[2021-10-29 03:08:35 #172 INFO] start_ebrisk  66% [196 submitted, 0 queued]
[2021-10-29 03:09:08 #172 INFO] start_ebrisk  67% [196 submitted, 0 queued]
[2021-10-29 03:09:49 #172 INFO] start_ebrisk  68% [196 submitted, 0 queued]
[2021-10-29 03:10:00 #172 INFO] start_ebrisk  69% [196 submitted, 0 queued]
[2021-10-29 03:10:12 #172 INFO] start_ebrisk  70% [196 submitted, 0 queued]
[2021-10-29 03:10:41 #172 INFO] start_ebrisk  71% [196 submitted, 0 queued]
[2021-10-29 03:10:55 #172 INFO] start_ebrisk  72% [196 submitted, 0 queued]
[2021-10-29 03:10:58 #172 INFO] start_ebrisk  73% [196 submitted, 0 queued]
[2021-10-29 03:11:07 #172 INFO] start_ebrisk  74% [196 submitted, 0 queued]
[2021-10-29 03:11:07 #172 INFO] start_ebrisk  75% [196 submitted, 0 queued]
[2021-10-29 03:11:26 #172 INFO] start_ebrisk  76% [196 submitted, 0 queued]
[2021-10-29 03:11:58 #172 INFO] start_ebrisk  77% [196 submitted, 0 queued]
[2021-10-29 03:12:17 #172 INFO] start_ebrisk  78% [196 submitted, 0 queued]
[2021-10-29 03:12:41 #172 INFO] start_ebrisk  79% [196 submitted, 0 queued]
[2021-10-29 03:13:22 #172 INFO] start_ebrisk  80% [196 submitted, 0 queued]
[2021-10-29 03:14:28 #172 INFO] start_ebrisk  81% [196 submitted, 0 queued]
[2021-10-29 03:15:41 #172 INFO] start_ebrisk  82% [196 submitted, 0 queued]
[2021-10-29 03:17:05 #172 INFO] start_ebrisk  83% [196 submitted, 0 queued]
[2021-10-29 03:18:06 #172 INFO] start_ebrisk  84% [196 submitted, 0 queued]
[2021-10-29 03:19:46 #172 INFO] start_ebrisk  85% [196 submitted, 0 queued]
[2021-10-29 03:20:33 #172 INFO] start_ebrisk  86% [196 submitted, 0 queued]
[2021-10-29 03:23:43 #172 INFO] start_ebrisk  87% [196 submitted, 0 queued]
[2021-10-29 03:25:32 #172 INFO] start_ebrisk  88% [196 submitted, 0 queued]
[2021-10-29 03:28:31 #172 INFO] start_ebrisk  89% [196 submitted, 0 queued]
[2021-10-29 03:38:26 #172 INFO] start_ebrisk  90% [196 submitted, 0 queued]
[2021-10-29 03:38:30 #172 INFO] start_ebrisk  91% [196 submitted, 0 queued]
[2021-10-29 03:40:42 #172 INFO] start_ebrisk  92% [196 submitted, 0 queued]
[2021-10-29 03:41:12 #172 INFO] start_ebrisk  93% [196 submitted, 0 queued]
[2021-10-29 03:42:18 #172 INFO] start_ebrisk  94% [196 submitted, 0 queued]
[2021-10-29 03:44:00 #172 INFO] start_ebrisk  95% [196 submitted, 0 queued]
[2021-10-29 03:45:26 #172 INFO] start_ebrisk  96% [196 submitted, 0 queued]
[2021-10-29 04:00:26 #172 INFO] start_ebrisk  97% [196 submitted, 0 queued]
[2021-10-29 04:19:01 #172 INFO] start_ebrisk  98% [196 submitted, 0 queued]
[2021-10-29 04:21:23 #172 INFO] start_ebrisk  99% [196 submitted, 0 queued]
[2021-10-29 04:27:51 #172 INFO] start_ebrisk 100% [196 submitted, 0 queued]
[2021-10-29 04:27:51 #172 INFO] Mean time per core=5984s, std=1136.9s, min=4990s, max=10061s
[2021-10-29 04:27:51 #172 INFO] Received {'alt': '1.92 GB', 'losses_by_A': '192.23 MB', 'momenta': '62.76 MB', 'gmf_info': '8.36 MB', 'events_per_sid': '4 KB'} in 10027 seconds
[2021-10-29 04:27:51 #172 INFO] Produced 9.68 GB of GMFs
[2021-10-29 04:27:51 #172 INFO] Stored 1.92 GB in the agg_loss_table
[2021-10-29 04:27:51 #172 INFO] Building the src_loss_table
[2021-10-29 04:28:18 #172 INFO] Sending 24.54 MB of losses
[2021-10-29 04:28:19 #172 INFO] Sending 20.84 MB of losses
[2021-10-29 04:28:21 #172 INFO] Sending 24.99 MB of losses
[2021-10-29 04:28:22 #172 INFO] Sending 27.14 MB of losses
[2021-10-29 04:28:24 #172 INFO] Sending 25.39 MB of losses
[2021-10-29 04:28:25 #172 INFO] Sending 25.24 MB of losses
[2021-10-29 04:28:27 #172 INFO] Sending 21.95 MB of losses
[2021-10-29 04:28:29 #172 INFO] Sending 23.04 MB of losses
[2021-10-29 04:28:30 #172 INFO] Sending 18.88 MB of losses
[2021-10-29 04:28:32 #172 INFO] Sending 21.1 MB of losses
[2021-10-29 04:28:33 #172 INFO] Sending 29.14 MB of losses
[2021-10-29 04:28:35 #172 INFO] Sending 25.56 MB of losses
[2021-10-29 04:28:36 #172 INFO] Sending 34.56 MB of losses
[2021-10-29 04:28:38 #172 INFO] Sending 26.55 MB of losses
[2021-10-29 04:28:39 #172 INFO] Sending 20.92 MB of losses
[2021-10-29 04:28:41 #172 INFO] Sending 34.48 MB of losses
[2021-10-29 04:28:42 #172 INFO] Sending 27.75 MB of losses
[2021-10-29 04:28:44 #172 INFO] Sending 25.47 MB of losses
[2021-10-29 04:28:45 #172 INFO] Sending 25.57 MB of losses
[2021-10-29 04:28:47 #172 INFO] Sending 26.86 MB of losses
[2021-10-29 04:28:48 #172 INFO] Sending 22.93 MB of losses
[2021-10-29 04:28:50 #172 INFO] Sending 17.91 MB of losses
[2021-10-29 04:28:51 #172 INFO] Sending 12.05 MB of losses
[2021-10-29 04:28:53 #172 INFO] Sending 38.88 MB of losses
[2021-10-29 04:28:54 #172 INFO] Sending 61.46 MB of losses
[2021-10-29 04:28:56 #172 INFO] Sending 21.88 MB of losses
[2021-10-29 04:28:57 #172 INFO] Sending 24.07 MB of losses
[2021-10-29 04:28:59 #172 INFO] Sending 16.43 MB of losses
[2021-10-29 04:29:00 #172 INFO] Sending 22.1 MB of losses
[2021-10-29 04:29:02 #172 INFO] Sending 20.28 MB of losses
[2021-10-29 04:29:03 #172 INFO] Sending 26.41 MB of losses
[2021-10-29 04:29:05 #172 INFO] Sending 19.34 MB of losses
[2021-10-29 04:29:06 #172 INFO] Sending 18.23 MB of losses
[2021-10-29 04:29:08 #172 INFO] Sending 18.01 MB of losses
[2021-10-29 04:29:09 #172 INFO] Sending 16.04 MB of losses
[2021-10-29 04:29:11 #172 INFO] Sending 24.14 MB of losses
[2021-10-29 04:29:12 #172 INFO] Sending 45.67 MB of losses
[2021-10-29 04:29:14 #172 INFO] Sending 33.34 MB of losses
[2021-10-29 04:29:15 #172 INFO] Sending 20.01 MB of losses
[2021-10-29 04:29:17 #172 INFO] Sending 18.49 MB of losses
[2021-10-29 04:29:18 #172 INFO] Sending 18.87 MB of losses
[2021-10-29 04:29:20 #172 INFO] Sending 25.72 MB of losses
[2021-10-29 04:29:21 #172 INFO] Sending 27.54 MB of losses
[2021-10-29 04:29:23 #172 INFO] Sending 27.88 MB of losses
[2021-10-29 04:29:24 #172 INFO] Sending 41.38 MB of losses
[2021-10-29 04:29:26 #172 INFO] Sending 38.55 MB of losses
[2021-10-29 04:29:28 #172 INFO] Sending 27.69 MB of losses
[2021-10-29 04:29:29 #172 INFO] Sending 20.97 MB of losses
[2021-10-29 04:29:31 #172 INFO] Sending 48.92 MB of losses
[2021-10-29 04:29:32 #172 INFO] Sent 50 tasks, 1.3 GB in 74 seconds
[2021-10-29 04:29:35 #172 INFO] post_risk   2% [50 submitted, 0 queued]
[2021-10-29 04:29:35 #172 INFO] post_risk   4% [50 submitted, 0 queued]
[2021-10-29 04:29:35 #172 INFO] post_risk   6% [50 submitted, 0 queued]
[2021-10-29 04:29:35 #172 INFO] post_risk   8% [50 submitted, 0 queued]
[2021-10-29 04:29:35 #172 INFO] post_risk  10% [50 submitted, 0 queued]
[2021-10-29 04:29:35 #172 INFO] post_risk  12% [50 submitted, 0 queued]
[2021-10-29 04:29:35 #172 INFO] post_risk  14% [50 submitted, 0 queued]
[2021-10-29 04:29:35 #172 INFO] post_risk  16% [50 submitted, 0 queued]
[2021-10-29 04:29:35 #172 INFO] post_risk  18% [50 submitted, 0 queued]
[2021-10-29 04:29:35 #172 INFO] post_risk  20% [50 submitted, 0 queued]
[2021-10-29 04:29:35 #172 INFO] post_risk  22% [50 submitted, 0 queued]
[2021-10-29 04:29:35 #172 INFO] post_risk  24% [50 submitted, 0 queued]
[2021-10-29 04:29:35 #172 INFO] post_risk  26% [50 submitted, 0 queued]
[2021-10-29 04:29:35 #172 INFO] post_risk  28% [50 submitted, 0 queued]
[2021-10-29 04:29:35 #172 INFO] post_risk  30% [50 submitted, 0 queued]
[2021-10-29 04:29:35 #172 INFO] post_risk  32% [50 submitted, 0 queued]
[2021-10-29 04:29:35 #172 INFO] post_risk  34% [50 submitted, 0 queued]
[2021-10-29 04:29:36 #172 INFO] post_risk  36% [50 submitted, 0 queued]
[2021-10-29 04:29:36 #172 INFO] post_risk  38% [50 submitted, 0 queued]
[2021-10-29 04:29:36 #172 INFO] post_risk  40% [50 submitted, 0 queued]
[2021-10-29 04:29:36 #172 INFO] post_risk  42% [50 submitted, 0 queued]
[2021-10-29 04:29:36 #172 INFO] post_risk  44% [50 submitted, 0 queued]
[2021-10-29 04:29:36 #172 INFO] post_risk  46% [50 submitted, 0 queued]
[2021-10-29 04:29:36 #172 INFO] post_risk  48% [50 submitted, 0 queued]
[2021-10-29 04:29:36 #172 INFO] post_risk  50% [50 submitted, 0 queued]
[2021-10-29 04:29:36 #172 INFO] post_risk  52% [50 submitted, 0 queued]
[2021-10-29 04:29:36 #172 INFO] post_risk  54% [50 submitted, 0 queued]
[2021-10-29 04:29:36 #172 INFO] post_risk  56% [50 submitted, 0 queued]
[2021-10-29 04:29:36 #172 INFO] post_risk  57% [50 submitted, 0 queued]
[2021-10-29 04:29:36 #172 INFO] post_risk  60% [50 submitted, 0 queued]
[2021-10-29 04:29:36 #172 INFO] post_risk  62% [50 submitted, 0 queued]
[2021-10-29 04:29:36 #172 INFO] post_risk  64% [50 submitted, 0 queued]
[2021-10-29 04:29:36 #172 INFO] post_risk  66% [50 submitted, 0 queued]
[2021-10-29 04:29:36 #172 INFO] post_risk  68% [50 submitted, 0 queued]
[2021-10-29 04:29:36 #172 INFO] post_risk  70% [50 submitted, 0 queued]
[2021-10-29 04:29:36 #172 INFO] post_risk  72% [50 submitted, 0 queued]
[2021-10-29 04:29:36 #172 INFO] post_risk  74% [50 submitted, 0 queued]
[2021-10-29 04:29:36 #172 INFO] post_risk  76% [50 submitted, 0 queued]
[2021-10-29 04:29:36 #172 INFO] post_risk  78% [50 submitted, 0 queued]
[2021-10-29 04:29:36 #172 INFO] post_risk  80% [50 submitted, 0 queued]
[2021-10-29 04:29:36 #172 INFO] post_risk  82% [50 submitted, 0 queued]
[2021-10-29 04:29:36 #172 INFO] post_risk  84% [50 submitted, 0 queued]
[2021-10-29 04:29:36 #172 INFO] post_risk  86% [50 submitted, 0 queued]
[2021-10-29 04:29:36 #172 INFO] post_risk  88% [50 submitted, 0 queued]
[2021-10-29 04:29:36 #172 INFO] post_risk  90% [50 submitted, 0 queued]
[2021-10-29 04:29:36 #172 INFO] post_risk  92% [50 submitted, 0 queued]
[2021-10-29 04:29:36 #172 INFO] post_risk  94% [50 submitted, 0 queued]
[2021-10-29 04:29:36 #172 INFO] post_risk  96% [50 submitted, 0 queued]
[2021-10-29 04:29:36 #172 INFO] post_risk  98% [50 submitted, 0 queued]
[2021-10-29 04:29:36 #172 INFO] post_risk 100% [50 submitted, 0 queued]
[2021-10-29 04:29:36 #172 INFO] Mean time per core=1s, std=0.1s, min=1s, max=2s
[2021-10-29 04:29:36 #172 INFO] Received {'tot': '72.96 MB'} in 4 seconds
[2021-10-29 04:30:25 #172 INFO] Total portfolio loss
==== ============== ============== ========= ==============
loss contents       nonstructural  occupants structural    
==== ============== ============== ========= ==============
avg  15_632_131_352 67_255_549_258 1_618     91_942_210_917
==== ============== ============== ========= ==============
[2021-10-29 04:30:25 #172 INFO] Sanity check on agg_losses
[2021-10-29 04:30:26 #172 INFO] Exposing the outputs to the database
[2021-10-29 04:30:26 #172 INFO] Stored 2.32 GB on /root/oqdata/calc_172.hdf5 in 11033 seconds
/home/ssm-user/src/oq-engine/openquake/hazardlib/gsim/base.py:347: ExperimentalWarning: CanadaSHM6_ActiveCrust_BooreEtAl2014 is experimental and may change in future versions - the user is liable for their application
  warnings.warn(msg, ExperimentalWarning)
/home/ssm-user/src/oq-engine/openquake/hazardlib/gsim/base.py:347: ExperimentalWarning: CanadaSHM6_ActiveCrust_BooreEtAl2014 is experimental and may change in future versions - the user is liable for their application
  warnings.warn(msg, ExperimentalWarning)
/home/ssm-user/src/oq-engine/openquake/hazardlib/gsim/base.py:347: ExperimentalWarning: CanadaSHM6_ActiveCrust_BooreEtAl2014 is experimental and may change in future versions - the user is liable for their application
  warnings.warn(msg, ExperimentalWarning)
/home/ssm-user/src/oq-engine/openquake/hazardlib/gsim/base.py:347: ExperimentalWarning: CanadaSHM6_ActiveCrust_BooreEtAl2014 is experimental and may change in future versions - the user is liable for their application
  warnings.warn(msg, ExperimentalWarning)
/home/ssm-user/src/oq-engine/openquake/hazardlib/gsim/base.py:347: ExperimentalWarning: CanadaSHM6_ActiveCrust_BooreEtAl2014 is experimental and may change in future versions - the user is liable for their application
  warnings.warn(msg, ExperimentalWarning)
/home/ssm-user/src/oq-engine/openquake/hazardlib/gsim/base.py:347: ExperimentalWarning: CanadaSHM6_ActiveCrust_BooreEtAl2014 is experimental and may change in future versions - the user is liable for their application
  warnings.warn(msg, ExperimentalWarning)
/home/ssm-user/src/oq-engine/openquake/hazardlib/gsim/base.py:347: ExperimentalWarning: CanadaSHM6_ActiveCrust_BooreEtAl2014 is experimental and may change in future versions - the user is liable for their application
  warnings.warn(msg, ExperimentalWarning)
/home/ssm-user/src/oq-engine/openquake/hazardlib/gsim/base.py:347: ExperimentalWarning: CanadaSHM6_ActiveCrust_BooreEtAl2014 is experimental and may change in future versions - the user is liable for their application
  warnings.warn(msg, ExperimentalWarning)
/home/ssm-user/src/oq-engine/openquake/hazardlib/gsim/base.py:347: ExperimentalWarning: CanadaSHM6_ActiveCrust_BooreEtAl2014 is experimental and may change in future versions - the user is liable for their application
  warnings.warn(msg, ExperimentalWarning)
/home/ssm-user/src/oq-engine/openquake/hazardlib/gsim/base.py:347: ExperimentalWarning: CanadaSHM6_ActiveCrust_BooreEtAl2014 is experimental and may change in future versions - the user is liable for their application
  warnings.warn(msg, ExperimentalWarning)
/home/ssm-user/src/oq-engine/openquake/hazardlib/gsim/base.py:347: ExperimentalWarning: CanadaSHM6_ActiveCrust_BooreEtAl2014 is experimental and may change in future versions - the user is liable for their application
  warnings.warn(msg, ExperimentalWarning)
/home/ssm-user/src/oq-engine/openquake/hazardlib/gsim/base.py:347: ExperimentalWarning: CanadaSHM6_ActiveCrust_BooreEtAl2014 is experimental and may change in future versions - the user is liable for their application
  warnings.warn(msg, ExperimentalWarning)
/home/ssm-user/src/oq-engine/openquake/hazardlib/gsim/base.py:347: ExperimentalWarning: CanadaSHM6_ActiveCrust_BooreEtAl2014 is experimental and may change in future versions - the user is liable for their application
  warnings.warn(msg, ExperimentalWarning)
/home/ssm-user/src/oq-engine/openquake/hazardlib/gsim/base.py:347: ExperimentalWarning: CanadaSHM6_ActiveCrust_BooreEtAl2014 is experimental and may change in future versions - the user is liable for their application
  warnings.warn(msg, ExperimentalWarning)
/home/ssm-user/src/oq-engine/openquake/hazardlib/gsim/base.py:347: ExperimentalWarning: CanadaSHM6_ActiveCrust_BooreEtAl2014 is experimental and may change in future versions - the user is liable for their application
  warnings.warn(msg, ExperimentalWarning)
/home/ssm-user/src/oq-engine/openquake/hazardlib/gsim/base.py:347: ExperimentalWarning: CanadaSHM6_ActiveCrust_BooreEtAl2014 is experimental and may change in future versions - the user is liable for their application
  warnings.warn(msg, ExperimentalWarning)
/home/ssm-user/src/oq-engine/openquake/hazardlib/gsim/base.py:347: ExperimentalWarning: CanadaSHM6_ActiveCrust_BooreEtAl2014 is experimental and may change in future versions - the user is liable for their application
  warnings.warn(msg, ExperimentalWarning)
/home/ssm-user/src/oq-engine/openquake/hazardlib/gsim/base.py:347: ExperimentalWarning: CanadaSHM6_ActiveCrust_BooreEtAl2014 is experimental and may change in future versions - the user is liable for their application
  warnings.warn(msg, ExperimentalWarning)
/home/ssm-user/src/oq-engine/openquake/hazardlib/gsim/base.py:347: ExperimentalWarning: CanadaSHM6_ActiveCrust_BooreEtAl2014 is experimental and may change in future versions - the user is liable for their application
  warnings.warn(msg, ExperimentalWarning)
/home/ssm-user/src/oq-engine/openquake/hazardlib/gsim/base.py:347: ExperimentalWarning: CanadaSHM6_ActiveCrust_BooreEtAl2014 is experimental and may change in future versions - the user is liable for their application
  warnings.warn(msg, ExperimentalWarning)
/home/ssm-user/src/oq-engine/openquake/hazardlib/gsim/base.py:347: ExperimentalWarning: CanadaSHM6_ActiveCrust_BooreEtAl2014 is experimental and may change in future versions - the user is liable for their application
  warnings.warn(msg, ExperimentalWarning)
/home/ssm-user/src/oq-engine/openquake/hazardlib/gsim/base.py:347: ExperimentalWarning: CanadaSHM6_ActiveCrust_BooreEtAl2014 is experimental and may change in future versions - the user is liable for their application
  warnings.warn(msg, ExperimentalWarning)
/home/ssm-user/src/oq-engine/openquake/hazardlib/gsim/base.py:347: ExperimentalWarning: CanadaSHM6_ActiveCrust_BooreEtAl2014 is experimental and may change in future versions - the user is liable for their application
  warnings.warn(msg, ExperimentalWarning)
/home/ssm-user/src/oq-engine/openquake/hazardlib/gsim/base.py:347: ExperimentalWarning: CanadaSHM6_ActiveCrust_BooreEtAl2014 is experimental and may change in future versions - the user is liable for their application
  warnings.warn(msg, ExperimentalWarning)
/home/ssm-user/src/oq-engine/openquake/hazardlib/gsim/base.py:347: ExperimentalWarning: CanadaSHM6_ActiveCrust_BooreEtAl2014 is experimental and may change in future versions - the user is liable for their application
  warnings.warn(msg, ExperimentalWarning)
/home/ssm-user/src/oq-engine/openquake/hazardlib/gsim/base.py:347: ExperimentalWarning: CanadaSHM6_ActiveCrust_BooreEtAl2014 is experimental and may change in future versions - the user is liable for their application
  warnings.warn(msg, ExperimentalWarning)
/home/ssm-user/src/oq-engine/openquake/hazardlib/gsim/base.py:347: ExperimentalWarning: CanadaSHM6_ActiveCrust_BooreEtAl2014 is experimental and may change in future versions - the user is liable for their application
  warnings.warn(msg, ExperimentalWarning)
/home/ssm-user/src/oq-engine/openquake/hazardlib/gsim/base.py:347: ExperimentalWarning: CanadaSHM6_ActiveCrust_BooreEtAl2014 is experimental and may change in future versions - the user is liable for their application
  warnings.warn(msg, ExperimentalWarning)
/home/ssm-user/src/oq-engine/openquake/hazardlib/gsim/base.py:347: ExperimentalWarning: CanadaSHM6_ActiveCrust_BooreEtAl2014 is experimental and may change in future versions - the user is liable for their application
  warnings.warn(msg, ExperimentalWarning)
/home/ssm-user/src/oq-engine/openquake/hazardlib/gsim/base.py:347: ExperimentalWarning: CanadaSHM6_ActiveCrust_BooreEtAl2014 is experimental and may change in future versions - the user is liable for their application
  warnings.warn(msg, ExperimentalWarning)
/home/ssm-user/src/oq-engine/openquake/hazardlib/gsim/base.py:347: ExperimentalWarning: CanadaSHM6_ActiveCrust_BooreEtAl2014 is experimental and may change in future versions - the user is liable for their application
  warnings.warn(msg, ExperimentalWarning)
/home/ssm-user/src/oq-engine/openquake/hazardlib/gsim/base.py:347: ExperimentalWarning: CanadaSHM6_ActiveCrust_BooreEtAl2014 is experimental and may change in future versions - the user is liable for their application
  warnings.warn(msg, ExperimentalWarning)
/home/ssm-user/src/oq-engine/openquake/hazardlib/gsim/base.py:347: ExperimentalWarning: CanadaSHM6_ActiveCrust_BooreEtAl2014 is experimental and may change in future versions - the user is liable for their application
  warnings.warn(msg, ExperimentalWarning)
/home/ssm-user/src/oq-engine/openquake/hazardlib/gsim/base.py:347: ExperimentalWarning: CanadaSHM6_ActiveCrust_BooreEtAl2014 is experimental and may change in future versions - the user is liable for their application
  warnings.warn(msg, ExperimentalWarning)
/home/ssm-user/src/oq-engine/openquake/hazardlib/gsim/base.py:347: ExperimentalWarning: CanadaSHM6_ActiveCrust_BooreEtAl2014 is experimental and may change in future versions - the user is liable for their application
  warnings.warn(msg, ExperimentalWarning)
/home/ssm-user/src/oq-engine/openquake/hazardlib/gsim/base.py:347: ExperimentalWarning: CanadaSHM6_ActiveCrust_BooreEtAl2014 is experimental and may change in future versions - the user is liable for their application
  warnings.warn(msg, ExperimentalWarning)
/home/ssm-user/src/oq-engine/openquake/hazardlib/gsim/base.py:347: ExperimentalWarning: CanadaSHM6_ActiveCrust_BooreEtAl2014 is experimental and may change in future versions - the user is liable for their application
  warnings.warn(msg, ExperimentalWarning)
/home/ssm-user/src/oq-engine/openquake/hazardlib/gsim/base.py:347: ExperimentalWarning: CanadaSHM6_ActiveCrust_BooreEtAl2014 is experimental and may change in future versions - the user is liable for their application
  warnings.warn(msg, ExperimentalWarning)
/home/ssm-user/src/oq-engine/openquake/hazardlib/gsim/base.py:347: ExperimentalWarning: CanadaSHM6_ActiveCrust_BooreEtAl2014 is experimental and may change in future versions - the user is liable for their application
  warnings.warn(msg, ExperimentalWarning)
/home/ssm-user/src/oq-engine/openquake/hazardlib/gsim/base.py:347: ExperimentalWarning: CanadaSHM6_ActiveCrust_BooreEtAl2014 is experimental and may change in future versions - the user is liable for their application
  warnings.warn(msg, ExperimentalWarning)
/home/ssm-user/src/oq-engine/openquake/hazardlib/gsim/base.py:347: ExperimentalWarning: CanadaSHM6_ActiveCrust_BooreEtAl2014 is experimental and may change in future versions - the user is liable for their application
  warnings.warn(msg, ExperimentalWarning)
/home/ssm-user/src/oq-engine/openquake/hazardlib/gsim/base.py:347: ExperimentalWarning: CanadaSHM6_ActiveCrust_BooreEtAl2014 is experimental and may change in future versions - the user is liable for their application
  warnings.warn(msg, ExperimentalWarning)
/home/ssm-user/src/oq-engine/openquake/hazardlib/gsim/base.py:347: ExperimentalWarning: CanadaSHM6_ActiveCrust_BooreEtAl2014 is experimental and may change in future versions - the user is liable for their application
  warnings.warn(msg, ExperimentalWarning)
/home/ssm-user/src/oq-engine/openquake/hazardlib/gsim/base.py:347: ExperimentalWarning: CanadaSHM6_ActiveCrust_BooreEtAl2014 is experimental and may change in future versions - the user is liable for their application
  warnings.warn(msg, ExperimentalWarning)
/home/ssm-user/src/oq-engine/openquake/hazardlib/gsim/base.py:347: ExperimentalWarning: CanadaSHM6_ActiveCrust_BooreEtAl2014 is experimental and may change in future versions - the user is liable for their application
  warnings.warn(msg, ExperimentalWarning)
/home/ssm-user/src/oq-engine/openquake/hazardlib/gsim/base.py:347: ExperimentalWarning: CanadaSHM6_ActiveCrust_BooreEtAl2014 is experimental and may change in future versions - the user is liable for their application
  warnings.warn(msg, ExperimentalWarning)
/home/ssm-user/src/oq-engine/openquake/hazardlib/gsim/base.py:347: ExperimentalWarning: CanadaSHM6_ActiveCrust_BooreEtAl2014 is experimental and may change in future versions - the user is liable for their application
  warnings.warn(msg, ExperimentalWarning)
/home/ssm-user/src/oq-engine/openquake/hazardlib/gsim/base.py:347: ExperimentalWarning: CanadaSHM6_ActiveCrust_BooreEtAl2014 is experimental and may change in future versions - the user is liable for their application
  warnings.warn(msg, ExperimentalWarning)
/home/ssm-user/src/oq-engine/openquake/hazardlib/gsim/base.py:347: ExperimentalWarning: CanadaSHM6_ActiveCrust_BooreEtAl2014 is experimental and may change in future versions - the user is liable for their application
  warnings.warn(msg, ExperimentalWarning)
/home/ssm-user/src/oq-engine/openquake/hazardlib/gsim/base.py:347: ExperimentalWarning: CanadaSHM6_ActiveCrust_BooreEtAl2014 is experimental and may change in future versions - the user is liable for their application
  warnings.warn(msg, ExperimentalWarning)
/home/ssm-user/src/oq-engine/openquake/hazardlib/gsim/base.py:347: ExperimentalWarning: CanadaSHM6_ActiveCrust_BooreEtAl2014 is experimental and may change in future versions - the user is liable for their application
  warnings.warn(msg, ExperimentalWarning)
/home/ssm-user/src/oq-engine/openquake/hazardlib/gsim/base.py:347: ExperimentalWarning: CanadaSHM6_ActiveCrust_BooreEtAl2014 is experimental and may change in future versions - the user is liable for their application
  warnings.warn(msg, ExperimentalWarning)
/home/ssm-user/src/oq-engine/openquake/hazardlib/gsim/base.py:347: ExperimentalWarning: CanadaSHM6_ActiveCrust_BooreEtAl2014 is experimental and may change in future versions - the user is liable for their application
  warnings.warn(msg, ExperimentalWarning)
/home/ssm-user/src/oq-engine/openquake/hazardlib/gsim/base.py:347: ExperimentalWarning: CanadaSHM6_ActiveCrust_BooreEtAl2014 is experimental and may change in future versions - the user is liable for their application
  warnings.warn(msg, ExperimentalWarning)
/home/ssm-user/src/oq-engine/openquake/hazardlib/gsim/base.py:347: ExperimentalWarning: CanadaSHM6_ActiveCrust_BooreEtAl2014 is experimental and may change in future versions - the user is liable for their application
  warnings.warn(msg, ExperimentalWarning)
/home/ssm-user/src/oq-engine/openquake/hazardlib/gsim/base.py:347: ExperimentalWarning: CanadaSHM6_ActiveCrust_BooreEtAl2014 is experimental and may change in future versions - the user is liable for their application
  warnings.warn(msg, ExperimentalWarning)
/home/ssm-user/src/oq-engine/openquake/hazardlib/gsim/base.py:347: ExperimentalWarning: CanadaSHM6_ActiveCrust_BooreEtAl2014 is experimental and may change in future versions - the user is liable for their application
  warnings.warn(msg, ExperimentalWarning)
/home/ssm-user/src/oq-engine/openquake/hazardlib/gsim/base.py:347: ExperimentalWarning: CanadaSHM6_ActiveCrust_BooreEtAl2014 is experimental and may change in future versions - the user is liable for their application
  warnings.warn(msg, ExperimentalWarning)
/home/ssm-user/src/oq-engine/openquake/hazardlib/gsim/base.py:347: ExperimentalWarning: CanadaSHM6_ActiveCrust_BooreEtAl2014 is experimental and may change in future versions - the user is liable for their application
  warnings.warn(msg, ExperimentalWarning)
/home/ssm-user/src/oq-engine/openquake/hazardlib/gsim/base.py:347: ExperimentalWarning: CanadaSHM6_ActiveCrust_BooreEtAl2014 is experimental and may change in future versions - the user is liable for their application
  warnings.warn(msg, ExperimentalWarning)
/home/ssm-user/src/oq-engine/openquake/hazardlib/gsim/base.py:347: ExperimentalWarning: CanadaSHM6_ActiveCrust_BooreEtAl2014 is experimental and may change in future versions - the user is liable for their application
  warnings.warn(msg, ExperimentalWarning)
/home/ssm-user/src/oq-engine/openquake/hazardlib/gsim/base.py:347: ExperimentalWarning: CanadaSHM6_ActiveCrust_BooreEtAl2014 is experimental and may change in future versions - the user is liable for their application
  warnings.warn(msg, ExperimentalWarning)
/home/ssm-user/src/oq-engine/openquake/hazardlib/gsim/base.py:347: ExperimentalWarning: CanadaSHM6_ActiveCrust_BooreEtAl2014 is experimental and may change in future versions - the user is liable for their application
  warnings.warn(msg, ExperimentalWarning)
/home/ssm-user/src/oq-engine/openquake/hazardlib/gsim/base.py:347: ExperimentalWarning: CanadaSHM6_ActiveCrust_BooreEtAl2014 is experimental and may change in future versions - the user is liable for their application
  warnings.warn(msg, ExperimentalWarning)
/home/ssm-user/src/oq-engine/openquake/hazardlib/gsim/base.py:347: ExperimentalWarning: CanadaSHM6_ActiveCrust_BooreEtAl2014 is experimental and may change in future versions - the user is liable for their application
  warnings.warn(msg, ExperimentalWarning)
/home/ssm-user/src/oq-engine/openquake/hazardlib/gsim/base.py:347: ExperimentalWarning: CanadaSHM6_ActiveCrust_BooreEtAl2014 is experimental and may change in future versions - the user is liable for their application
  warnings.warn(msg, ExperimentalWarning)
/home/ssm-user/src/oq-engine/openquake/hazardlib/gsim/base.py:347: ExperimentalWarning: CanadaSHM6_ActiveCrust_BooreEtAl2014 is experimental and may change in future versions - the user is liable for their application
  warnings.warn(msg, ExperimentalWarning)
/home/ssm-user/src/oq-engine/openquake/hazardlib/gsim/base.py:347: ExperimentalWarning: CanadaSHM6_ActiveCrust_BooreEtAl2014 is experimental and may change in future versions - the user is liable for their application
  warnings.warn(msg, ExperimentalWarning)
/home/ssm-user/src/oq-engine/openquake/hazardlib/gsim/base.py:347: ExperimentalWarning: CanadaSHM6_ActiveCrust_BooreEtAl2014 is experimental and may change in future versions - the user is liable for their application
  warnings.warn(msg, ExperimentalWarning)
/home/ssm-user/src/oq-engine/openquake/hazardlib/gsim/base.py:347: ExperimentalWarning: CanadaSHM6_ActiveCrust_BooreEtAl2014 is experimental and may change in future versions - the user is liable for their application
  warnings.warn(msg, ExperimentalWarning)
/home/ssm-user/src/oq-engine/openquake/hazardlib/gsim/base.py:347: ExperimentalWarning: CanadaSHM6_ActiveCrust_BooreEtAl2014 is experimental and may change in future versions - the user is liable for their application
  warnings.warn(msg, ExperimentalWarning)
/home/ssm-user/src/oq-engine/openquake/hazardlib/gsim/base.py:347: ExperimentalWarning: CanadaSHM6_ActiveCrust_BooreEtAl2014 is experimental and may change in future versions - the user is liable for their application
  warnings.warn(msg, ExperimentalWarning)
/home/ssm-user/src/oq-engine/openquake/hazardlib/gsim/base.py:347: ExperimentalWarning: CanadaSHM6_ActiveCrust_BooreEtAl2014 is experimental and may change in future versions - the user is liable for their application
  warnings.warn(msg, ExperimentalWarning)
/home/ssm-user/src/oq-engine/openquake/hazardlib/gsim/base.py:347: ExperimentalWarning: CanadaSHM6_ActiveCrust_BooreEtAl2014 is experimental and may change in future versions - the user is liable for their application
  warnings.warn(msg, ExperimentalWarning)
/home/ssm-user/src/oq-engine/openquake/hazardlib/gsim/base.py:347: ExperimentalWarning: CanadaSHM6_ActiveCrust_BooreEtAl2014 is experimental and may change in future versions - the user is liable for their application
  warnings.warn(msg, ExperimentalWarning)
/home/ssm-user/src/oq-engine/openquake/hazardlib/gsim/base.py:347: ExperimentalWarning: CanadaSHM6_ActiveCrust_BooreEtAl2014 is experimental and may change in future versions - the user is liable for their application
  warnings.warn(msg, ExperimentalWarning)
/home/ssm-user/src/oq-engine/openquake/hazardlib/gsim/base.py:347: ExperimentalWarning: CanadaSHM6_ActiveCrust_BooreEtAl2014 is experimental and may change in future versions - the user is liable for their application
  warnings.warn(msg, ExperimentalWarning)
/home/ssm-user/src/oq-engine/openquake/hazardlib/gsim/base.py:347: ExperimentalWarning: CanadaSHM6_ActiveCrust_BooreEtAl2014 is experimental and may change in future versions - the user is liable for their application
  warnings.warn(msg, ExperimentalWarning)
/home/ssm-user/src/oq-engine/openquake/hazardlib/gsim/base.py:347: ExperimentalWarning: CanadaSHM6_ActiveCrust_BooreEtAl2014 is experimental and may change in future versions - the user is liable for their application
  warnings.warn(msg, ExperimentalWarning)
/home/ssm-user/src/oq-engine/openquake/hazardlib/gsim/base.py:347: ExperimentalWarning: CanadaSHM6_ActiveCrust_BooreEtAl2014 is experimental and may change in future versions - the user is liable for their application
  warnings.warn(msg, ExperimentalWarning)
/home/ssm-user/src/oq-engine/openquake/hazardlib/gsim/base.py:347: ExperimentalWarning: CanadaSHM6_ActiveCrust_BooreEtAl2014 is experimental and may change in future versions - the user is liable for their application
  warnings.warn(msg, ExperimentalWarning)
/home/ssm-user/src/oq-engine/openquake/hazardlib/gsim/base.py:347: ExperimentalWarning: CanadaSHM6_ActiveCrust_BooreEtAl2014 is experimental and may change in future versions - the user is liable for their application
  warnings.warn(msg, ExperimentalWarning)
/home/ssm-user/src/oq-engine/openquake/hazardlib/gsim/base.py:347: ExperimentalWarning: CanadaSHM6_ActiveCrust_BooreEtAl2014 is experimental and may change in future versions - the user is liable for their application
  warnings.warn(msg, ExperimentalWarning)
/home/ssm-user/src/oq-engine/openquake/hazardlib/gsim/base.py:347: ExperimentalWarning: CanadaSHM6_ActiveCrust_BooreEtAl2014 is experimental and may change in future versions - the user is liable for their application
  warnings.warn(msg, ExperimentalWarning)
/home/ssm-user/src/oq-engine/openquake/hazardlib/gsim/base.py:347: ExperimentalWarning: CanadaSHM6_ActiveCrust_BooreEtAl2014 is experimental and may change in future versions - the user is liable for their application
  warnings.warn(msg, ExperimentalWarning)
/home/ssm-user/src/oq-engine/openquake/hazardlib/gsim/base.py:347: ExperimentalWarning: CanadaSHM6_ActiveCrust_BooreEtAl2014 is experimental and may change in future versions - the user is liable for their application
  warnings.warn(msg, ExperimentalWarning)
/home/ssm-user/src/oq-engine/openquake/hazardlib/gsim/base.py:347: ExperimentalWarning: CanadaSHM6_ActiveCrust_BooreEtAl2014 is experimental and may change in future versions - the user is liable for their application
  warnings.warn(msg, ExperimentalWarning)
/home/ssm-user/src/oq-engine/openquake/hazardlib/gsim/base.py:347: ExperimentalWarning: CanadaSHM6_ActiveCrust_BooreEtAl2014 is experimental and may change in future versions - the user is liable for their application
  warnings.warn(msg, ExperimentalWarning)
/home/ssm-user/src/oq-engine/openquake/hazardlib/gsim/base.py:347: ExperimentalWarning: CanadaSHM6_ActiveCrust_BooreEtAl2014 is experimental and may change in future versions - the user is liable for their application
  warnings.warn(msg, ExperimentalWarning)
/home/ssm-user/src/oq-engine/openquake/hazardlib/gsim/base.py:347: ExperimentalWarning: CanadaSHM6_ActiveCrust_BooreEtAl2014 is experimental and may change in future versions - the user is liable for their application
  warnings.warn(msg, ExperimentalWarning)
/home/ssm-user/src/oq-engine/openquake/hazardlib/gsim/base.py:347: ExperimentalWarning: CanadaSHM6_ActiveCrust_BooreEtAl2014 is experimental and may change in future versions - the user is liable for their application
  warnings.warn(msg, ExperimentalWarning)
/home/ssm-user/src/oq-engine/openquake/hazardlib/gsim/base.py:347: ExperimentalWarning: CanadaSHM6_ActiveCrust_BooreEtAl2014 is experimental and may change in future versions - the user is liable for their application
  warnings.warn(msg, ExperimentalWarning)
/home/ssm-user/src/oq-engine/openquake/hazardlib/gsim/base.py:347: ExperimentalWarning: CanadaSHM6_ActiveCrust_BooreEtAl2014 is experimental and may change in future versions - the user is liable for their application
  warnings.warn(msg, ExperimentalWarning)
/home/ssm-user/src/oq-engine/openquake/hazardlib/gsim/base.py:347: ExperimentalWarning: CanadaSHM6_ActiveCrust_BooreEtAl2014 is experimental and may change in future versions - the user is liable for their application
  warnings.warn(msg, ExperimentalWarning)
/home/ssm-user/src/oq-engine/openquake/hazardlib/gsim/base.py:347: ExperimentalWarning: CanadaSHM6_ActiveCrust_BooreEtAl2014 is experimental and may change in future versions - the user is liable for their application
  warnings.warn(msg, ExperimentalWarning)
/home/ssm-user/src/oq-engine/openquake/hazardlib/gsim/base.py:347: ExperimentalWarning: CanadaSHM6_ActiveCrust_BooreEtAl2014 is experimental and may change in future versions - the user is liable for their application
  warnings.warn(msg, ExperimentalWarning)
[2021-10-29 04:30:27 #173 INFO] root running /mnt/storage/canada-srm2/ebRisk/input/ebRisk_r1_AB_T_EdmontonWest.ini [--hc=172]
[2021-10-29 04:30:27 #173 INFO] Using engine version 3.11.3-git0cccb86798
[2021-10-29 04:30:27 #173 WARNING] Version v3.11.4 of the engine is available, but you are still using version 3.11.3-git0cccb86798
[2021-10-29 04:30:27 #173 WARNING] Using 96 cores on ip-10-70-136-20
[2021-10-29 04:30:27 #173 INFO] Validated nationalModel.xml in 0.01 seconds
[2021-10-29 04:30:27 #173 INFO] Checksum of the input files: 514598877
[2021-10-29 04:30:27 #173 INFO] Reading the risk model if present
[2021-10-29 04:30:51 #173 INFO] Reading /mnt/storage/openquake-inputs/exposure/general-building-stock/oqBldgExp_AB_T_EdmontonWest.xml
[2021-10-29 04:31:00 #173 INFO] Associated 64595 assets to 4217 sites
[2021-10-29 04:31:06 #173 INFO] Reducing risk model from 7260 to 379 taxonomies
[2021-10-29 04:31:07 #173 INFO] minimum_asset_loss={'contents': 0, 'nonstructural': 0, 'occupants': 0, 'structural': 0}
[2021-10-29 04:31:07 #173 INFO] Storing 2695 aggregation keys
[2021-10-29 04:31:08 #173 INFO] Storing risk model
[2021-10-29 04:31:08 #173 INFO] minimum_intensity={'SA(0.3)': 0.02, 'SA(0.6)': 0.05, 'SA(1.0)': 0.05, 'SA(2.0)': 0.05, 'SA(0.5)': 0.05}
[2021-10-29 04:31:08 #173 INFO] Sending 1_210_990 ruptures
  id | name
 951 | Aggregate Event Losses
 950 | Aggregate Loss Curves Statistics
 952 | Aggregate Losses Statistics
 953 | Average Asset Losses Statistics
 958 | Earthquake Ruptures
 954 | Events
 955 | Full Report
 956 | Input Files
 957 | Realizations
 959 | Source Loss Table
[2021-10-29 04:32:09 #173 INFO] Sent 196 tasks, 170.77 MB in 53 seconds
[2021-10-29 04:33:33 #173 INFO] start_ebrisk   1% [196 submitted, 0 queued]
[2021-10-29 04:33:55 #173 INFO] start_ebrisk   2% [196 submitted, 0 queued]
[2021-10-29 04:33:58 #173 INFO] start_ebrisk   3% [196 submitted, 0 queued]
[2021-10-29 04:34:14 #173 INFO] start_ebrisk   4% [196 submitted, 0 queued]
[2021-10-29 04:34:28 #173 INFO] start_ebrisk   5% [196 submitted, 0 queued]
[2021-10-29 04:35:00 #173 INFO] start_ebrisk   6% [196 submitted, 0 queued]
[2021-10-29 04:35:22 #173 INFO] start_ebrisk   7% [196 submitted, 0 queued]
[2021-10-29 04:35:53 #173 INFO] start_ebrisk   8% [196 submitted, 0 queued]
[2021-10-29 04:36:15 #173 INFO] start_ebrisk   9% [196 submitted, 0 queued]
[2021-10-29 04:36:44 #173 INFO] start_ebrisk  10% [196 submitted, 0 queued]
[2021-10-29 04:36:56 #173 INFO] start_ebrisk  11% [196 submitted, 0 queued]
[2021-10-29 04:37:20 #173 INFO] start_ebrisk  12% [196 submitted, 0 queued]
[2021-10-29 04:38:02 #173 INFO] start_ebrisk  13% [196 submitted, 0 queued]
[2021-10-29 04:38:34 #173 INFO] start_ebrisk  14% [196 submitted, 0 queued]
[2021-10-29 04:40:49 #173 INFO] start_ebrisk  15% [196 submitted, 0 queued]
[2021-10-29 04:41:17 #173 INFO] start_ebrisk  16% [196 submitted, 0 queued]
[2021-10-29 04:41:40 #173 INFO] start_ebrisk  17% [196 submitted, 0 queued]
[2021-10-29 04:44:08 #173 INFO] start_ebrisk  18% [196 submitted, 0 queued]
[2021-10-29 05:04:39 #173 INFO] start_ebrisk  19% [196 submitted, 0 queued]
[2021-10-29 05:05:24 #173 INFO] start_ebrisk  20% [196 submitted, 0 queued]
[2021-10-29 05:05:55 #173 INFO] start_ebrisk  21% [196 submitted, 0 queued]
[2021-10-29 05:06:14 #173 INFO] start_ebrisk  22% [196 submitted, 0 queued]
[2021-10-29 05:06:47 #173 INFO] start_ebrisk  23% [196 submitted, 0 queued]
[2021-10-29 05:06:56 #173 INFO] start_ebrisk  24% [196 submitted, 0 queued]
[2021-10-29 05:07:29 #173 INFO] start_ebrisk  25% [196 submitted, 0 queued]
[2021-10-29 05:08:10 #173 INFO] start_ebrisk  26% [196 submitted, 0 queued]
[2021-10-29 05:08:18 #173 INFO] start_ebrisk  27% [196 submitted, 0 queued]
[2021-10-29 05:08:27 #173 INFO] start_ebrisk  28% [196 submitted, 0 queued]
[2021-10-29 05:08:33 #173 INFO] start_ebrisk  29% [196 submitted, 0 queued]
[2021-10-29 05:09:15 #173 INFO] start_ebrisk  30% [196 submitted, 0 queued]
[2021-10-29 05:17:11 #173 INFO] start_ebrisk  31% [196 submitted, 0 queued]
[2021-10-29 05:20:26 #173 INFO] start_ebrisk  32% [196 submitted, 0 queued]
[2021-10-29 05:22:19 #173 INFO] start_ebrisk  33% [196 submitted, 0 queued]
[2021-10-29 05:24:33 #173 INFO] start_ebrisk  34% [196 submitted, 0 queued]
[2021-10-29 05:25:19 #173 INFO] start_ebrisk  35% [196 submitted, 0 queued]
[2021-10-29 05:28:50 #173 INFO] start_ebrisk  36% [196 submitted, 0 queued]
[2021-10-29 05:29:35 #173 INFO] start_ebrisk  37% [196 submitted, 0 queued]
[2021-10-29 05:30:12 #173 INFO] start_ebrisk  38% [196 submitted, 0 queued]
[2021-10-29 05:32:34 #173 INFO] start_ebrisk  39% [196 submitted, 0 queued]
[2021-10-29 05:37:22 #173 INFO] start_ebrisk  40% [196 submitted, 0 queued]
[2021-10-29 05:43:40 #173 INFO] start_ebrisk  41% [196 submitted, 0 queued]
[2021-10-29 05:45:14 #173 INFO] start_ebrisk  42% [196 submitted, 0 queued]
[2021-10-29 05:46:52 #173 INFO] start_ebrisk  43% [196 submitted, 0 queued]
[2021-10-29 05:47:13 #173 INFO] start_ebrisk  44% [196 submitted, 0 queued]
[2021-10-29 05:48:34 #173 INFO] start_ebrisk  45% [196 submitted, 0 queued]
[2021-10-29 05:50:02 #173 INFO] start_ebrisk  46% [196 submitted, 0 queued]
[2021-10-29 05:51:01 #173 INFO] start_ebrisk  47% [196 submitted, 0 queued]
[2021-10-29 05:51:18 #173 INFO] start_ebrisk  48% [196 submitted, 0 queued]
[2021-10-29 05:53:07 #173 INFO] start_ebrisk  49% [196 submitted, 0 queued]
[2021-10-29 05:53:20 #173 INFO] start_ebrisk  50% [196 submitted, 0 queued]
[2021-10-29 05:53:42 #173 INFO] start_ebrisk  51% [196 submitted, 0 queued]
[2021-10-29 05:54:28 #173 INFO] start_ebrisk  52% [196 submitted, 0 queued]
[2021-10-29 05:54:48 #173 INFO] start_ebrisk  53% [196 submitted, 0 queued]
[2021-10-29 05:55:21 #173 INFO] start_ebrisk  54% [196 submitted, 0 queued]
[2021-10-29 05:55:56 #173 INFO] start_ebrisk  55% [196 submitted, 0 queued]
[2021-10-29 05:56:01 #173 INFO] start_ebrisk  56% [196 submitted, 0 queued]
[2021-10-29 05:56:05 #173 INFO] start_ebrisk  57% [196 submitted, 0 queued]
[2021-10-29 05:56:50 #173 INFO] start_ebrisk  58% [196 submitted, 0 queued]
[2021-10-29 05:57:02 #173 INFO] start_ebrisk  59% [196 submitted, 0 queued]
[2021-10-29 05:57:19 #173 INFO] start_ebrisk  60% [196 submitted, 0 queued]
[2021-10-29 05:57:59 #173 INFO] start_ebrisk  61% [196 submitted, 0 queued]
[2021-10-29 05:58:33 #173 INFO] start_ebrisk  62% [196 submitted, 0 queued]
[2021-10-29 05:59:07 #173 INFO] start_ebrisk  63% [196 submitted, 0 queued]
[2021-10-29 05:59:29 #173 INFO] start_ebrisk  64% [196 submitted, 0 queued]
[2021-10-29 05:59:46 #173 INFO] start_ebrisk  65% [196 submitted, 0 queued]
[2021-10-29 05:59:48 #173 INFO] start_ebrisk  66% [196 submitted, 0 queued]
[2021-10-29 06:00:03 #173 INFO] start_ebrisk  67% [196 submitted, 0 queued]
[2021-10-29 06:00:49 #173 INFO] start_ebrisk  68% [196 submitted, 0 queued]
[2021-10-29 06:01:27 #173 INFO] start_ebrisk  69% [196 submitted, 0 queued]
[2021-10-29 06:01:40 #173 INFO] start_ebrisk  70% [196 submitted, 0 queued]
[2021-10-29 06:01:56 #173 INFO] start_ebrisk  71% [196 submitted, 0 queued]
[2021-10-29 06:02:06 #173 INFO] start_ebrisk  72% [196 submitted, 0 queued]
[2021-10-29 06:02:15 #173 INFO] start_ebrisk  73% [196 submitted, 0 queued]
[2021-10-29 06:02:32 #173 INFO] start_ebrisk  74% [196 submitted, 0 queued]
[2021-10-29 06:02:38 #173 INFO] start_ebrisk  75% [196 submitted, 0 queued]
[2021-10-29 06:02:51 #173 INFO] start_ebrisk  76% [196 submitted, 0 queued]
[2021-10-29 06:03:01 #173 INFO] start_ebrisk  77% [196 submitted, 0 queued]
[2021-10-29 06:03:25 #173 INFO] start_ebrisk  78% [196 submitted, 0 queued]
[2021-10-29 06:03:32 #173 INFO] start_ebrisk  79% [196 submitted, 0 queued]
[2021-10-29 06:04:12 #173 INFO] start_ebrisk  80% [196 submitted, 0 queued]
[2021-10-29 06:05:06 #173 INFO] start_ebrisk  81% [196 submitted, 0 queued]
[2021-10-29 06:05:27 #173 INFO] start_ebrisk  82% [196 submitted, 0 queued]
[2021-10-29 06:07:26 #173 INFO] start_ebrisk  83% [196 submitted, 0 queued]
[2021-10-29 06:09:49 #173 INFO] start_ebrisk  84% [196 submitted, 0 queued]
[2021-10-29 06:10:34 #173 INFO] start_ebrisk  85% [196 submitted, 0 queued]
[2021-10-29 06:12:06 #173 INFO] start_ebrisk  86% [196 submitted, 0 queued]
[2021-10-29 06:13:23 #173 INFO] start_ebrisk  87% [196 submitted, 0 queued]
[2021-10-29 06:17:13 #173 INFO] start_ebrisk  88% [196 submitted, 0 queued]
[2021-10-29 06:21:52 #173 INFO] start_ebrisk  89% [196 submitted, 0 queued]
[2021-10-29 06:27:11 #173 INFO] start_ebrisk  90% [196 submitted, 0 queued]
[2021-10-29 06:29:11 #173 INFO] start_ebrisk  91% [196 submitted, 0 queued]
[2021-10-29 06:30:36 #173 INFO] start_ebrisk  92% [196 submitted, 0 queued]
[2021-10-29 06:31:40 #173 INFO] start_ebrisk  93% [196 submitted, 0 queued]
[2021-10-29 06:33:28 #173 INFO] start_ebrisk  94% [196 submitted, 0 queued]
[2021-10-29 06:33:54 #173 INFO] start_ebrisk  95% [196 submitted, 0 queued]
[2021-10-29 06:34:06 #173 INFO] start_ebrisk  96% [196 submitted, 0 queued]
[2021-10-29 06:42:43 #173 INFO] start_ebrisk  97% [196 submitted, 0 queued]
[2021-10-29 07:02:20 #173 INFO] start_ebrisk  98% [196 submitted, 0 queued]
[2021-10-29 07:07:09 #173 INFO] start_ebrisk  99% [196 submitted, 0 queued]
[2021-10-29 07:07:48 #173 INFO] start_ebrisk 100% [196 submitted, 0 queued]
[2021-10-29 07:07:48 #173 INFO] Mean time per core=5927s, std=1037.6s, min=4968s, max=9390s
[2021-10-29 07:07:48 #173 INFO] Received {'alt': '1.74 GB', 'losses_by_A': '192.23 MB', 'momenta': '62.76 MB', 'gmf_info': '8.36 MB', 'events_per_sid': '4 KB'} in 9339 seconds
[2021-10-29 07:07:48 #173 INFO] Produced 9.68 GB of GMFs
[2021-10-29 07:07:48 #173 INFO] Stored 1.74 GB in the agg_loss_table
[2021-10-29 07:07:48 #173 INFO] Building the src_loss_table
[2021-10-29 07:08:15 #173 INFO] Sending 22.48 MB of losses
[2021-10-29 07:08:16 #173 INFO] Sending 18.77 MB of losses
[2021-10-29 07:08:18 #173 INFO] Sending 22.58 MB of losses
[2021-10-29 07:08:19 #173 INFO] Sending 24.25 MB of losses
[2021-10-29 07:08:21 #173 INFO] Sending 23.25 MB of losses
[2021-10-29 07:08:22 #173 INFO] Sending 22.84 MB of losses
[2021-10-29 07:08:24 #173 INFO] Sending 19.81 MB of losses
[2021-10-29 07:08:26 #173 INFO] Sending 20.56 MB of losses
[2021-10-29 07:08:28 #173 INFO] Sending 16.74 MB of losses
[2021-10-29 07:08:30 #173 INFO] Sending 19.25 MB of losses
[2021-10-29 07:08:32 #173 INFO] Sending 26.59 MB of losses
[2021-10-29 07:08:34 #173 INFO] Sending 23.2 MB of losses
[2021-10-29 07:08:36 #173 INFO] Sending 31.28 MB of losses
[2021-10-29 07:08:38 #173 INFO] Sending 23.79 MB of losses
[2021-10-29 07:08:39 #173 INFO] Sending 19.07 MB of losses
[2021-10-29 07:08:40 #173 INFO] Sending 31.88 MB of losses
[2021-10-29 07:08:42 #173 INFO] Sending 24.89 MB of losses
[2021-10-29 07:08:44 #173 INFO] Sending 22.94 MB of losses
[2021-10-29 07:08:46 #173 INFO] Sending 22.96 MB of losses
[2021-10-29 07:08:48 #173 INFO] Sending 24.23 MB of losses
[2021-10-29 07:08:49 #173 INFO] Sending 20.63 MB of losses
[2021-10-29 07:08:51 #173 INFO] Sending 16.23 MB of losses
[2021-10-29 07:08:53 #173 INFO] Sending 11.17 MB of losses
[2021-10-29 07:08:54 #173 INFO] Sending 34.79 MB of losses
[2021-10-29 07:08:56 #173 INFO] Sending 56.74 MB of losses
[2021-10-29 07:08:57 #173 INFO] Sending 19.61 MB of losses
[2021-10-29 07:08:59 #173 INFO] Sending 22.14 MB of losses
[2021-10-29 07:09:00 #173 INFO] Sending 15.04 MB of losses
[2021-10-29 07:09:02 #173 INFO] Sending 19.86 MB of losses
[2021-10-29 07:09:04 #173 INFO] Sending 18.77 MB of losses
[2021-10-29 07:09:06 #173 INFO] Sending 24.43 MB of losses
[2021-10-29 07:09:08 #173 INFO] Sending 17.29 MB of losses
[2021-10-29 07:09:09 #173 INFO] Sending 16.74 MB of losses
[2021-10-29 07:09:11 #173 INFO] Sending 16.1 MB of losses
[2021-10-29 07:09:12 #173 INFO] Sending 14.72 MB of losses
[2021-10-29 07:09:14 #173 INFO] Sending 22.12 MB of losses
[2021-10-29 07:09:15 #173 INFO] Sending 41.62 MB of losses
[2021-10-29 07:09:17 #173 INFO] Sending 30.81 MB of losses
[2021-10-29 07:09:18 #173 INFO] Sending 18.66 MB of losses
[2021-10-29 07:09:20 #173 INFO] Sending 16.74 MB of losses
[2021-10-29 07:09:22 #173 INFO] Sending 17 MB of losses
[2021-10-29 07:09:23 #173 INFO] Sending 23.3 MB of losses
[2021-10-29 07:09:25 #173 INFO] Sending 25.33 MB of losses
[2021-10-29 07:09:26 #173 INFO] Sending 25.38 MB of losses
[2021-10-29 07:09:28 #173 INFO] Sending 37.47 MB of losses
[2021-10-29 07:09:29 #173 INFO] Sending 35.29 MB of losses
[2021-10-29 07:09:31 #173 INFO] Sending 25.6 MB of losses
[2021-10-29 07:09:33 #173 INFO] Sending 18.65 MB of losses
[2021-10-29 07:09:34 #173 INFO] Sending 44.35 MB of losses
[2021-10-29 07:09:36 #173 INFO] Sent 50 tasks, 1.18 GB in 80 seconds
[2021-10-29 07:09:39 #173 INFO] post_risk   2% [50 submitted, 0 queued]
[2021-10-29 07:09:39 #173 INFO] post_risk   4% [50 submitted, 0 queued]
[2021-10-29 07:09:39 #173 INFO] post_risk   6% [50 submitted, 0 queued]
[2021-10-29 07:09:39 #173 INFO] post_risk   8% [50 submitted, 0 queued]
[2021-10-29 07:09:39 #173 INFO] post_risk  10% [50 submitted, 0 queued]
[2021-10-29 07:09:39 #173 INFO] post_risk  12% [50 submitted, 0 queued]
[2021-10-29 07:09:39 #173 INFO] post_risk  14% [50 submitted, 0 queued]
[2021-10-29 07:09:39 #173 INFO] post_risk  16% [50 submitted, 0 queued]
[2021-10-29 07:09:39 #173 INFO] post_risk  18% [50 submitted, 0 queued]
[2021-10-29 07:09:39 #173 INFO] post_risk  20% [50 submitted, 0 queued]
[2021-10-29 07:09:39 #173 INFO] post_risk  22% [50 submitted, 0 queued]
[2021-10-29 07:09:39 #173 INFO] post_risk  24% [50 submitted, 0 queued]
[2021-10-29 07:09:40 #173 INFO] post_risk  26% [50 submitted, 0 queued]
[2021-10-29 07:09:40 #173 INFO] post_risk  28% [50 submitted, 0 queued]
[2021-10-29 07:09:40 #173 INFO] post_risk  30% [50 submitted, 0 queued]
[2021-10-29 07:09:40 #173 INFO] post_risk  32% [50 submitted, 0 queued]
[2021-10-29 07:09:40 #173 INFO] post_risk  34% [50 submitted, 0 queued]
[2021-10-29 07:09:40 #173 INFO] post_risk  36% [50 submitted, 0 queued]
[2021-10-29 07:09:40 #173 INFO] post_risk  38% [50 submitted, 0 queued]
[2021-10-29 07:09:40 #173 INFO] post_risk  40% [50 submitted, 0 queued]
[2021-10-29 07:09:40 #173 INFO] post_risk  42% [50 submitted, 0 queued]
[2021-10-29 07:09:40 #173 INFO] post_risk  44% [50 submitted, 0 queued]
[2021-10-29 07:09:40 #173 INFO] post_risk  46% [50 submitted, 0 queued]
[2021-10-29 07:09:40 #173 INFO] post_risk  48% [50 submitted, 0 queued]
[2021-10-29 07:09:40 #173 INFO] post_risk  50% [50 submitted, 0 queued]
[2021-10-29 07:09:40 #173 INFO] post_risk  52% [50 submitted, 0 queued]
[2021-10-29 07:09:40 #173 INFO] post_risk  54% [50 submitted, 0 queued]
[2021-10-29 07:09:40 #173 INFO] post_risk  56% [50 submitted, 0 queued]
[2021-10-29 07:09:40 #173 INFO] post_risk  57% [50 submitted, 0 queued]
[2021-10-29 07:09:40 #173 INFO] post_risk  60% [50 submitted, 0 queued]
[2021-10-29 07:09:40 #173 INFO] post_risk  62% [50 submitted, 0 queued]
[2021-10-29 07:09:40 #173 INFO] post_risk  64% [50 submitted, 0 queued]
[2021-10-29 07:09:40 #173 INFO] post_risk  66% [50 submitted, 0 queued]
[2021-10-29 07:09:40 #173 INFO] post_risk  68% [50 submitted, 0 queued]
[2021-10-29 07:09:40 #173 INFO] post_risk  70% [50 submitted, 0 queued]
[2021-10-29 07:09:40 #173 INFO] post_risk  72% [50 submitted, 0 queued]
[2021-10-29 07:09:40 #173 INFO] post_risk  74% [50 submitted, 0 queued]
[2021-10-29 07:09:40 #173 INFO] post_risk  76% [50 submitted, 0 queued]
[2021-10-29 07:09:40 #173 INFO] post_risk  78% [50 submitted, 0 queued]
[2021-10-29 07:09:40 #173 INFO] post_risk  80% [50 submitted, 0 queued]
[2021-10-29 07:09:40 #173 INFO] post_risk  82% [50 submitted, 0 queued]
[2021-10-29 07:09:40 #173 INFO] post_risk  84% [50 submitted, 0 queued]
[2021-10-29 07:09:40 #173 INFO] post_risk  86% [50 submitted, 0 queued]
[2021-10-29 07:09:40 #173 INFO] post_risk  88% [50 submitted, 0 queued]
[2021-10-29 07:09:40 #173 INFO] post_risk  90% [50 submitted, 0 queued]
[2021-10-29 07:09:40 #173 INFO] post_risk  92% [50 submitted, 0 queued]
[2021-10-29 07:09:40 #173 INFO] post_risk  94% [50 submitted, 0 queued]
[2021-10-29 07:09:40 #173 INFO] post_risk  96% [50 submitted, 0 queued]
[2021-10-29 07:09:40 #173 INFO] post_risk  98% [50 submitted, 0 queued]
[2021-10-29 07:09:40 #173 INFO] post_risk 100% [50 submitted, 0 queued]
[2021-10-29 07:09:40 #173 INFO] Mean time per core=1s, std=0.1s, min=1s, max=2s
[2021-10-29 07:09:41 #173 INFO] Received {'tot': '72.96 MB'} in 4 seconds
[2021-10-29 07:10:29 #173 INFO] Total portfolio loss
==== ============= ============== ========= ==============
loss contents      nonstructural  occupants structural    
==== ============= ============== ========= ==============
avg  6_852_275_568 26_014_081_723 458       43_652_721_822
==== ============= ============== ========= ==============
[2021-10-29 07:10:29 #173 INFO] Sanity check on agg_losses
[2021-10-29 07:10:31 #173 INFO] Exposing the outputs to the database
[2021-10-29 07:10:31 #173 INFO] Stored 1.86 GB on /root/oqdata/calc_173.hdf5 in 9603 seconds
/home/ssm-user/src/oq-engine/openquake/hazardlib/gsim/base.py:347: ExperimentalWarning: CanadaSHM6_ActiveCrust_BooreEtAl2014 is experimental and may change in future versions - the user is liable for their application
  warnings.warn(msg, ExperimentalWarning)
/home/ssm-user/src/oq-engine/openquake/hazardlib/gsim/base.py:347: ExperimentalWarning: CanadaSHM6_ActiveCrust_BooreEtAl2014 is experimental and may change in future versions - the user is liable for their application
  warnings.warn(msg, ExperimentalWarning)
/home/ssm-user/src/oq-engine/openquake/hazardlib/gsim/base.py:347: ExperimentalWarning: CanadaSHM6_ActiveCrust_BooreEtAl2014 is experimental and may change in future versions - the user is liable for their application
  warnings.warn(msg, ExperimentalWarning)
/home/ssm-user/src/oq-engine/openquake/hazardlib/gsim/base.py:347: ExperimentalWarning: CanadaSHM6_ActiveCrust_BooreEtAl2014 is experimental and may change in future versions - the user is liable for their application
  warnings.warn(msg, ExperimentalWarning)
/home/ssm-user/src/oq-engine/openquake/hazardlib/gsim/base.py:347: ExperimentalWarning: CanadaSHM6_ActiveCrust_BooreEtAl2014 is experimental and may change in future versions - the user is liable for their application
  warnings.warn(msg, ExperimentalWarning)
/home/ssm-user/src/oq-engine/openquake/hazardlib/gsim/base.py:347: ExperimentalWarning: CanadaSHM6_ActiveCrust_BooreEtAl2014 is experimental and may change in future versions - the user is liable for their application
  warnings.warn(msg, ExperimentalWarning)
/home/ssm-user/src/oq-engine/openquake/hazardlib/gsim/base.py:347: ExperimentalWarning: CanadaSHM6_ActiveCrust_BooreEtAl2014 is experimental and may change in future versions - the user is liable for their application
  warnings.warn(msg, ExperimentalWarning)
/home/ssm-user/src/oq-engine/openquake/hazardlib/gsim/base.py:347: ExperimentalWarning: CanadaSHM6_ActiveCrust_BooreEtAl2014 is experimental and may change in future versions - the user is liable for their application
  warnings.warn(msg, ExperimentalWarning)
/home/ssm-user/src/oq-engine/openquake/hazardlib/gsim/base.py:347: ExperimentalWarning: CanadaSHM6_ActiveCrust_BooreEtAl2014 is experimental and may change in future versions - the user is liable for their application
  warnings.warn(msg, ExperimentalWarning)
/home/ssm-user/src/oq-engine/openquake/hazardlib/gsim/base.py:347: ExperimentalWarning: CanadaSHM6_ActiveCrust_BooreEtAl2014 is experimental and may change in future versions - the user is liable for their application
  warnings.warn(msg, ExperimentalWarning)
/home/ssm-user/src/oq-engine/openquake/hazardlib/gsim/base.py:347: ExperimentalWarning: CanadaSHM6_ActiveCrust_BooreEtAl2014 is experimental and may change in future versions - the user is liable for their application
  warnings.warn(msg, ExperimentalWarning)
/home/ssm-user/src/oq-engine/openquake/hazardlib/gsim/base.py:347: ExperimentalWarning: CanadaSHM6_ActiveCrust_BooreEtAl2014 is experimental and may change in future versions - the user is liable for their application
  warnings.warn(msg, ExperimentalWarning)
/home/ssm-user/src/oq-engine/openquake/hazardlib/gsim/base.py:347: ExperimentalWarning: CanadaSHM6_ActiveCrust_BooreEtAl2014 is experimental and may change in future versions - the user is liable for their application
  warnings.warn(msg, ExperimentalWarning)
/home/ssm-user/src/oq-engine/openquake/hazardlib/gsim/base.py:347: ExperimentalWarning: CanadaSHM6_ActiveCrust_BooreEtAl2014 is experimental and may change in future versions - the user is liable for their application
  warnings.warn(msg, ExperimentalWarning)
/home/ssm-user/src/oq-engine/openquake/hazardlib/gsim/base.py:347: ExperimentalWarning: CanadaSHM6_ActiveCrust_BooreEtAl2014 is experimental and may change in future versions - the user is liable for their application
  warnings.warn(msg, ExperimentalWarning)
/home/ssm-user/src/oq-engine/openquake/hazardlib/gsim/base.py:347: ExperimentalWarning: CanadaSHM6_ActiveCrust_BooreEtAl2014 is experimental and may change in future versions - the user is liable for their application
  warnings.warn(msg, ExperimentalWarning)
/home/ssm-user/src/oq-engine/openquake/hazardlib/gsim/base.py:347: ExperimentalWarning: CanadaSHM6_ActiveCrust_BooreEtAl2014 is experimental and may change in future versions - the user is liable for their application
  warnings.warn(msg, ExperimentalWarning)
/home/ssm-user/src/oq-engine/openquake/hazardlib/gsim/base.py:347: ExperimentalWarning: CanadaSHM6_ActiveCrust_BooreEtAl2014 is experimental and may change in future versions - the user is liable for their application
  warnings.warn(msg, ExperimentalWarning)
/home/ssm-user/src/oq-engine/openquake/hazardlib/gsim/base.py:347: ExperimentalWarning: CanadaSHM6_ActiveCrust_BooreEtAl2014 is experimental and may change in future versions - the user is liable for their application
  warnings.warn(msg, ExperimentalWarning)
/home/ssm-user/src/oq-engine/openquake/hazardlib/gsim/base.py:347: ExperimentalWarning: CanadaSHM6_ActiveCrust_BooreEtAl2014 is experimental and may change in future versions - the user is liable for their application
  warnings.warn(msg, ExperimentalWarning)
/home/ssm-user/src/oq-engine/openquake/hazardlib/gsim/base.py:347: ExperimentalWarning: CanadaSHM6_ActiveCrust_BooreEtAl2014 is experimental and may change in future versions - the user is liable for their application
  warnings.warn(msg, ExperimentalWarning)
/home/ssm-user/src/oq-engine/openquake/hazardlib/gsim/base.py:347: ExperimentalWarning: CanadaSHM6_ActiveCrust_BooreEtAl2014 is experimental and may change in future versions - the user is liable for their application
  warnings.warn(msg, ExperimentalWarning)
/home/ssm-user/src/oq-engine/openquake/hazardlib/gsim/base.py:347: ExperimentalWarning: CanadaSHM6_ActiveCrust_BooreEtAl2014 is experimental and may change in future versions - the user is liable for their application
  warnings.warn(msg, ExperimentalWarning)
/home/ssm-user/src/oq-engine/openquake/hazardlib/gsim/base.py:347: ExperimentalWarning: CanadaSHM6_ActiveCrust_BooreEtAl2014 is experimental and may change in future versions - the user is liable for their application
  warnings.warn(msg, ExperimentalWarning)
/home/ssm-user/src/oq-engine/openquake/hazardlib/gsim/base.py:347: ExperimentalWarning: CanadaSHM6_ActiveCrust_BooreEtAl2014 is experimental and may change in future versions - the user is liable for their application
  warnings.warn(msg, ExperimentalWarning)
/home/ssm-user/src/oq-engine/openquake/hazardlib/gsim/base.py:347: ExperimentalWarning: CanadaSHM6_ActiveCrust_BooreEtAl2014 is experimental and may change in future versions - the user is liable for their application
  warnings.warn(msg, ExperimentalWarning)
/home/ssm-user/src/oq-engine/openquake/hazardlib/gsim/base.py:347: ExperimentalWarning: CanadaSHM6_ActiveCrust_BooreEtAl2014 is experimental and may change in future versions - the user is liable for their application
  warnings.warn(msg, ExperimentalWarning)
/home/ssm-user/src/oq-engine/openquake/hazardlib/gsim/base.py:347: ExperimentalWarning: CanadaSHM6_ActiveCrust_BooreEtAl2014 is experimental and may change in future versions - the user is liable for their application
  warnings.warn(msg, ExperimentalWarning)
/home/ssm-user/src/oq-engine/openquake/hazardlib/gsim/base.py:347: ExperimentalWarning: CanadaSHM6_ActiveCrust_BooreEtAl2014 is experimental and may change in future versions - the user is liable for their application
  warnings.warn(msg, ExperimentalWarning)
/home/ssm-user/src/oq-engine/openquake/hazardlib/gsim/base.py:347: ExperimentalWarning: CanadaSHM6_ActiveCrust_BooreEtAl2014 is experimental and may change in future versions - the user is liable for their application
  warnings.warn(msg, ExperimentalWarning)
/home/ssm-user/src/oq-engine/openquake/hazardlib/gsim/base.py:347: ExperimentalWarning: CanadaSHM6_ActiveCrust_BooreEtAl2014 is experimental and may change in future versions - the user is liable for their application
  warnings.warn(msg, ExperimentalWarning)
/home/ssm-user/src/oq-engine/openquake/hazardlib/gsim/base.py:347: ExperimentalWarning: CanadaSHM6_ActiveCrust_BooreEtAl2014 is experimental and may change in future versions - the user is liable for their application
  warnings.warn(msg, ExperimentalWarning)
/home/ssm-user/src/oq-engine/openquake/hazardlib/gsim/base.py:347: ExperimentalWarning: CanadaSHM6_ActiveCrust_BooreEtAl2014 is experimental and may change in future versions - the user is liable for their application
  warnings.warn(msg, ExperimentalWarning)
/home/ssm-user/src/oq-engine/openquake/hazardlib/gsim/base.py:347: ExperimentalWarning: CanadaSHM6_ActiveCrust_BooreEtAl2014 is experimental and may change in future versions - the user is liable for their application
  warnings.warn(msg, ExperimentalWarning)
/home/ssm-user/src/oq-engine/openquake/hazardlib/gsim/base.py:347: ExperimentalWarning: CanadaSHM6_ActiveCrust_BooreEtAl2014 is experimental and may change in future versions - the user is liable for their application
  warnings.warn(msg, ExperimentalWarning)
/home/ssm-user/src/oq-engine/openquake/hazardlib/gsim/base.py:347: ExperimentalWarning: CanadaSHM6_ActiveCrust_BooreEtAl2014 is experimental and may change in future versions - the user is liable for their application
  warnings.warn(msg, ExperimentalWarning)
/home/ssm-user/src/oq-engine/openquake/hazardlib/gsim/base.py:347: ExperimentalWarning: CanadaSHM6_ActiveCrust_BooreEtAl2014 is experimental and may change in future versions - the user is liable for their application
  warnings.warn(msg, ExperimentalWarning)
/home/ssm-user/src/oq-engine/openquake/hazardlib/gsim/base.py:347: ExperimentalWarning: CanadaSHM6_ActiveCrust_BooreEtAl2014 is experimental and may change in future versions - the user is liable for their application
  warnings.warn(msg, ExperimentalWarning)
/home/ssm-user/src/oq-engine/openquake/hazardlib/gsim/base.py:347: ExperimentalWarning: CanadaSHM6_ActiveCrust_BooreEtAl2014 is experimental and may change in future versions - the user is liable for their application
  warnings.warn(msg, ExperimentalWarning)
/home/ssm-user/src/oq-engine/openquake/hazardlib/gsim/base.py:347: ExperimentalWarning: CanadaSHM6_ActiveCrust_BooreEtAl2014 is experimental and may change in future versions - the user is liable for their application
  warnings.warn(msg, ExperimentalWarning)
/home/ssm-user/src/oq-engine/openquake/hazardlib/gsim/base.py:347: ExperimentalWarning: CanadaSHM6_ActiveCrust_BooreEtAl2014 is experimental and may change in future versions - the user is liable for their application
  warnings.warn(msg, ExperimentalWarning)
/home/ssm-user/src/oq-engine/openquake/hazardlib/gsim/base.py:347: ExperimentalWarning: CanadaSHM6_ActiveCrust_BooreEtAl2014 is experimental and may change in future versions - the user is liable for their application
  warnings.warn(msg, ExperimentalWarning)
/home/ssm-user/src/oq-engine/openquake/hazardlib/gsim/base.py:347: ExperimentalWarning: CanadaSHM6_ActiveCrust_BooreEtAl2014 is experimental and may change in future versions - the user is liable for their application
  warnings.warn(msg, ExperimentalWarning)
/home/ssm-user/src/oq-engine/openquake/hazardlib/gsim/base.py:347: ExperimentalWarning: CanadaSHM6_ActiveCrust_BooreEtAl2014 is experimental and may change in future versions - the user is liable for their application
  warnings.warn(msg, ExperimentalWarning)
/home/ssm-user/src/oq-engine/openquake/hazardlib/gsim/base.py:347: ExperimentalWarning: CanadaSHM6_ActiveCrust_BooreEtAl2014 is experimental and may change in future versions - the user is liable for their application
  warnings.warn(msg, ExperimentalWarning)
/home/ssm-user/src/oq-engine/openquake/hazardlib/gsim/base.py:347: ExperimentalWarning: CanadaSHM6_ActiveCrust_BooreEtAl2014 is experimental and may change in future versions - the user is liable for their application
  warnings.warn(msg, ExperimentalWarning)
/home/ssm-user/src/oq-engine/openquake/hazardlib/gsim/base.py:347: ExperimentalWarning: CanadaSHM6_ActiveCrust_BooreEtAl2014 is experimental and may change in future versions - the user is liable for their application
  warnings.warn(msg, ExperimentalWarning)
/home/ssm-user/src/oq-engine/openquake/hazardlib/gsim/base.py:347: ExperimentalWarning: CanadaSHM6_ActiveCrust_BooreEtAl2014 is experimental and may change in future versions - the user is liable for their application
  warnings.warn(msg, ExperimentalWarning)
/home/ssm-user/src/oq-engine/openquake/hazardlib/gsim/base.py:347: ExperimentalWarning: CanadaSHM6_ActiveCrust_BooreEtAl2014 is experimental and may change in future versions - the user is liable for their application
  warnings.warn(msg, ExperimentalWarning)
/home/ssm-user/src/oq-engine/openquake/hazardlib/gsim/base.py:347: ExperimentalWarning: CanadaSHM6_ActiveCrust_BooreEtAl2014 is experimental and may change in future versions - the user is liable for their application
  warnings.warn(msg, ExperimentalWarning)
/home/ssm-user/src/oq-engine/openquake/hazardlib/gsim/base.py:347: ExperimentalWarning: CanadaSHM6_ActiveCrust_BooreEtAl2014 is experimental and may change in future versions - the user is liable for their application
  warnings.warn(msg, ExperimentalWarning)
/home/ssm-user/src/oq-engine/openquake/hazardlib/gsim/base.py:347: ExperimentalWarning: CanadaSHM6_ActiveCrust_BooreEtAl2014 is experimental and may change in future versions - the user is liable for their application
  warnings.warn(msg, ExperimentalWarning)
/home/ssm-user/src/oq-engine/openquake/hazardlib/gsim/base.py:347: ExperimentalWarning: CanadaSHM6_ActiveCrust_BooreEtAl2014 is experimental and may change in future versions - the user is liable for their application
  warnings.warn(msg, ExperimentalWarning)
/home/ssm-user/src/oq-engine/openquake/hazardlib/gsim/base.py:347: ExperimentalWarning: CanadaSHM6_ActiveCrust_BooreEtAl2014 is experimental and may change in future versions - the user is liable for their application
  warnings.warn(msg, ExperimentalWarning)
/home/ssm-user/src/oq-engine/openquake/hazardlib/gsim/base.py:347: ExperimentalWarning: CanadaSHM6_ActiveCrust_BooreEtAl2014 is experimental and may change in future versions - the user is liable for their application
  warnings.warn(msg, ExperimentalWarning)
/home/ssm-user/src/oq-engine/openquake/hazardlib/gsim/base.py:347: ExperimentalWarning: CanadaSHM6_ActiveCrust_BooreEtAl2014 is experimental and may change in future versions - the user is liable for their application
  warnings.warn(msg, ExperimentalWarning)
/home/ssm-user/src/oq-engine/openquake/hazardlib/gsim/base.py:347: ExperimentalWarning: CanadaSHM6_ActiveCrust_BooreEtAl2014 is experimental and may change in future versions - the user is liable for their application
  warnings.warn(msg, ExperimentalWarning)
/home/ssm-user/src/oq-engine/openquake/hazardlib/gsim/base.py:347: ExperimentalWarning: CanadaSHM6_ActiveCrust_BooreEtAl2014 is experimental and may change in future versions - the user is liable for their application
  warnings.warn(msg, ExperimentalWarning)
/home/ssm-user/src/oq-engine/openquake/hazardlib/gsim/base.py:347: ExperimentalWarning: CanadaSHM6_ActiveCrust_BooreEtAl2014 is experimental and may change in future versions - the user is liable for their application
  warnings.warn(msg, ExperimentalWarning)
/home/ssm-user/src/oq-engine/openquake/hazardlib/gsim/base.py:347: ExperimentalWarning: CanadaSHM6_ActiveCrust_BooreEtAl2014 is experimental and may change in future versions - the user is liable for their application
  warnings.warn(msg, ExperimentalWarning)
/home/ssm-user/src/oq-engine/openquake/hazardlib/gsim/base.py:347: ExperimentalWarning: CanadaSHM6_ActiveCrust_BooreEtAl2014 is experimental and may change in future versions - the user is liable for their application
  warnings.warn(msg, ExperimentalWarning)
/home/ssm-user/src/oq-engine/openquake/hazardlib/gsim/base.py:347: ExperimentalWarning: CanadaSHM6_ActiveCrust_BooreEtAl2014 is experimental and may change in future versions - the user is liable for their application
  warnings.warn(msg, ExperimentalWarning)
/home/ssm-user/src/oq-engine/openquake/hazardlib/gsim/base.py:347: ExperimentalWarning: CanadaSHM6_ActiveCrust_BooreEtAl2014 is experimental and may change in future versions - the user is liable for their application
  warnings.warn(msg, ExperimentalWarning)
/home/ssm-user/src/oq-engine/openquake/hazardlib/gsim/base.py:347: ExperimentalWarning: CanadaSHM6_ActiveCrust_BooreEtAl2014 is experimental and may change in future versions - the user is liable for their application
  warnings.warn(msg, ExperimentalWarning)
/home/ssm-user/src/oq-engine/openquake/hazardlib/gsim/base.py:347: ExperimentalWarning: CanadaSHM6_ActiveCrust_BooreEtAl2014 is experimental and may change in future versions - the user is liable for their application
  warnings.warn(msg, ExperimentalWarning)
/home/ssm-user/src/oq-engine/openquake/hazardlib/gsim/base.py:347: ExperimentalWarning: CanadaSHM6_ActiveCrust_BooreEtAl2014 is experimental and may change in future versions - the user is liable for their application
  warnings.warn(msg, ExperimentalWarning)
/home/ssm-user/src/oq-engine/openquake/hazardlib/gsim/base.py:347: ExperimentalWarning: CanadaSHM6_ActiveCrust_BooreEtAl2014 is experimental and may change in future versions - the user is liable for their application
  warnings.warn(msg, ExperimentalWarning)
/home/ssm-user/src/oq-engine/openquake/hazardlib/gsim/base.py:347: ExperimentalWarning: CanadaSHM6_ActiveCrust_BooreEtAl2014 is experimental and may change in future versions - the user is liable for their application
  warnings.warn(msg, ExperimentalWarning)
/home/ssm-user/src/oq-engine/openquake/hazardlib/gsim/base.py:347: ExperimentalWarning: CanadaSHM6_ActiveCrust_BooreEtAl2014 is experimental and may change in future versions - the user is liable for their application
  warnings.warn(msg, ExperimentalWarning)
/home/ssm-user/src/oq-engine/openquake/hazardlib/gsim/base.py:347: ExperimentalWarning: CanadaSHM6_ActiveCrust_BooreEtAl2014 is experimental and may change in future versions - the user is liable for their application
  warnings.warn(msg, ExperimentalWarning)
/home/ssm-user/src/oq-engine/openquake/hazardlib/gsim/base.py:347: ExperimentalWarning: CanadaSHM6_ActiveCrust_BooreEtAl2014 is experimental and may change in future versions - the user is liable for their application
  warnings.warn(msg, ExperimentalWarning)
/home/ssm-user/src/oq-engine/openquake/hazardlib/gsim/base.py:347: ExperimentalWarning: CanadaSHM6_ActiveCrust_BooreEtAl2014 is experimental and may change in future versions - the user is liable for their application
  warnings.warn(msg, ExperimentalWarning)
/home/ssm-user/src/oq-engine/openquake/hazardlib/gsim/base.py:347: ExperimentalWarning: CanadaSHM6_ActiveCrust_BooreEtAl2014 is experimental and may change in future versions - the user is liable for their application
  warnings.warn(msg, ExperimentalWarning)
/home/ssm-user/src/oq-engine/openquake/hazardlib/gsim/base.py:347: ExperimentalWarning: CanadaSHM6_ActiveCrust_BooreEtAl2014 is experimental and may change in future versions - the user is liable for their application
  warnings.warn(msg, ExperimentalWarning)
/home/ssm-user/src/oq-engine/openquake/hazardlib/gsim/base.py:347: ExperimentalWarning: CanadaSHM6_ActiveCrust_BooreEtAl2014 is experimental and may change in future versions - the user is liable for their application
  warnings.warn(msg, ExperimentalWarning)
/home/ssm-user/src/oq-engine/openquake/hazardlib/gsim/base.py:347: ExperimentalWarning: CanadaSHM6_ActiveCrust_BooreEtAl2014 is experimental and may change in future versions - the user is liable for their application
  warnings.warn(msg, ExperimentalWarning)
/home/ssm-user/src/oq-engine/openquake/hazardlib/gsim/base.py:347: ExperimentalWarning: CanadaSHM6_ActiveCrust_BooreEtAl2014 is experimental and may change in future versions - the user is liable for their application
  warnings.warn(msg, ExperimentalWarning)
/home/ssm-user/src/oq-engine/openquake/hazardlib/gsim/base.py:347: ExperimentalWarning: CanadaSHM6_ActiveCrust_BooreEtAl2014 is experimental and may change in future versions - the user is liable for their application
  warnings.warn(msg, ExperimentalWarning)
/home/ssm-user/src/oq-engine/openquake/hazardlib/gsim/base.py:347: ExperimentalWarning: CanadaSHM6_ActiveCrust_BooreEtAl2014 is experimental and may change in future versions - the user is liable for their application
  warnings.warn(msg, ExperimentalWarning)
/home/ssm-user/src/oq-engine/openquake/hazardlib/gsim/base.py:347: ExperimentalWarning: CanadaSHM6_ActiveCrust_BooreEtAl2014 is experimental and may change in future versions - the user is liable for their application
  warnings.warn(msg, ExperimentalWarning)
/home/ssm-user/src/oq-engine/openquake/hazardlib/gsim/base.py:347: ExperimentalWarning: CanadaSHM6_ActiveCrust_BooreEtAl2014 is experimental and may change in future versions - the user is liable for their application
  warnings.warn(msg, ExperimentalWarning)
/home/ssm-user/src/oq-engine/openquake/hazardlib/gsim/base.py:347: ExperimentalWarning: CanadaSHM6_ActiveCrust_BooreEtAl2014 is experimental and may change in future versions - the user is liable for their application
  warnings.warn(msg, ExperimentalWarning)
/home/ssm-user/src/oq-engine/openquake/hazardlib/gsim/base.py:347: ExperimentalWarning: CanadaSHM6_ActiveCrust_BooreEtAl2014 is experimental and may change in future versions - the user is liable for their application
  warnings.warn(msg, ExperimentalWarning)
/home/ssm-user/src/oq-engine/openquake/hazardlib/gsim/base.py:347: ExperimentalWarning: CanadaSHM6_ActiveCrust_BooreEtAl2014 is experimental and may change in future versions - the user is liable for their application
  warnings.warn(msg, ExperimentalWarning)
/home/ssm-user/src/oq-engine/openquake/hazardlib/gsim/base.py:347: ExperimentalWarning: CanadaSHM6_ActiveCrust_BooreEtAl2014 is experimental and may change in future versions - the user is liable for their application
  warnings.warn(msg, ExperimentalWarning)
/home/ssm-user/src/oq-engine/openquake/hazardlib/gsim/base.py:347: ExperimentalWarning: CanadaSHM6_ActiveCrust_BooreEtAl2014 is experimental and may change in future versions - the user is liable for their application
  warnings.warn(msg, ExperimentalWarning)
/home/ssm-user/src/oq-engine/openquake/hazardlib/gsim/base.py:347: ExperimentalWarning: CanadaSHM6_ActiveCrust_BooreEtAl2014 is experimental and may change in future versions - the user is liable for their application
  warnings.warn(msg, ExperimentalWarning)
/home/ssm-user/src/oq-engine/openquake/hazardlib/gsim/base.py:347: ExperimentalWarning: CanadaSHM6_ActiveCrust_BooreEtAl2014 is experimental and may change in future versions - the user is liable for their application
  warnings.warn(msg, ExperimentalWarning)
/home/ssm-user/src/oq-engine/openquake/hazardlib/gsim/base.py:347: ExperimentalWarning: CanadaSHM6_ActiveCrust_BooreEtAl2014 is experimental and may change in future versions - the user is liable for their application
  warnings.warn(msg, ExperimentalWarning)
/home/ssm-user/src/oq-engine/openquake/hazardlib/gsim/base.py:347: ExperimentalWarning: CanadaSHM6_ActiveCrust_BooreEtAl2014 is experimental and may change in future versions - the user is liable for their application
  warnings.warn(msg, ExperimentalWarning)
/home/ssm-user/src/oq-engine/openquake/hazardlib/gsim/base.py:347: ExperimentalWarning: CanadaSHM6_ActiveCrust_BooreEtAl2014 is experimental and may change in future versions - the user is liable for their application
  warnings.warn(msg, ExperimentalWarning)
/home/ssm-user/src/oq-engine/openquake/hazardlib/gsim/base.py:347: ExperimentalWarning: CanadaSHM6_ActiveCrust_BooreEtAl2014 is experimental and may change in future versions - the user is liable for their application
  warnings.warn(msg, ExperimentalWarning)
/home/ssm-user/src/oq-engine/openquake/hazardlib/gsim/base.py:347: ExperimentalWarning: CanadaSHM6_ActiveCrust_BooreEtAl2014 is experimental and may change in future versions - the user is liable for their application
  warnings.warn(msg, ExperimentalWarning)
/home/ssm-user/src/oq-engine/openquake/hazardlib/gsim/base.py:347: ExperimentalWarning: CanadaSHM6_ActiveCrust_BooreEtAl2014 is experimental and may change in future versions - the user is liable for their application
  warnings.warn(msg, ExperimentalWarning)
/home/ssm-user/src/oq-engine/openquake/hazardlib/gsim/base.py:347: ExperimentalWarning: CanadaSHM6_ActiveCrust_BooreEtAl2014 is experimental and may change in future versions - the user is liable for their application
  warnings.warn(msg, ExperimentalWarning)
/home/ssm-user/src/oq-engine/openquake/hazardlib/gsim/base.py:347: ExperimentalWarning: CanadaSHM6_ActiveCrust_BooreEtAl2014 is experimental and may change in future versions - the user is liable for their application
  warnings.warn(msg, ExperimentalWarning)
[2021-10-29 07:10:32 #173 INFO] Stopping the workers
  id | name
 961 | Aggregate Event Losses
 960 | Aggregate Loss Curves Statistics
 962 | Aggregate Losses Statistics
 963 | Average Asset Losses Statistics
 964 | Full Report
 965 | Realizations
 966 | Source Loss Table
