/home/ssm-user/src/oq-engine/openquake/hazardlib/gsim/base.py:347: ExperimentalWarning: CanadaSHM6_ActiveCrust_BooreEtAl2014 is experimental and may change in future versions - the user is liable for their application
  warnings.warn(msg, ExperimentalWarning)
/home/ssm-user/src/oq-engine/openquake/hazardlib/gsim/base.py:347: ExperimentalWarning: CanadaSHM6_ActiveCrust_AbrahamsonEtAl2014 is experimental and may change in future versions - the user is liable for their application
  warnings.warn(msg, ExperimentalWarning)
/home/ssm-user/src/oq-engine/openquake/hazardlib/gsim/base.py:347: ExperimentalWarning: CanadaSHM6_ActiveCrust_BooreEtAl2014 is experimental and may change in future versions - the user is liable for their application
  warnings.warn(msg, ExperimentalWarning)
/home/ssm-user/src/oq-engine/openquake/hazardlib/gsim/base.py:347: ExperimentalWarning: CanadaSHM6_ActiveCrust_CampbellBozorgnia2014 is experimental and may change in future versions - the user is liable for their application
  warnings.warn(msg, ExperimentalWarning)
/home/ssm-user/src/oq-engine/openquake/hazardlib/gsim/base.py:347: ExperimentalWarning: CanadaSHM6_ActiveCrust_ChiouYoungs2014 is experimental and may change in future versions - the user is liable for their application
  warnings.warn(msg, ExperimentalWarning)
[2021-12-07 20:34:14 #219 INFO] root running /mnt/storage/canada-srm2/ebRisk/input/ebRisk_b0_ON_N_LondonRegion.ini [--hc=None]
[2021-12-07 20:34:14 #219 INFO] Using engine version 3.11.3-git0cccb86798
[2021-12-07 20:34:15 #219 WARNING] Version v3.12.1 of the engine is available, but you are still using version 3.11.3-git0cccb86798
[2021-12-07 20:34:15 #219 WARNING] Using 96 cores on ip-10-70-136-20
[2021-12-07 20:34:15 #219 INFO] Validated nationalModel.xml in 0.01 seconds
[2021-12-07 20:34:15 #219 INFO] Checksum of the input files: 514598877
[2021-12-07 20:34:15 #219 INFO] Reading the risk model if present
[2021-12-07 20:34:37 #219 INFO] Reading /mnt/storage/openquake-inputs/exposure/general-building-stock/oqBldgExp_ON_N_LondonRegion.xml
[2021-12-07 20:34:42 #219 INFO] Extracting the hazard sites from the site model
[2021-12-07 20:34:45 #219 INFO] Associated 37982 assets to 978 sites
[2021-12-07 20:34:48 #219 INFO] Reducing risk model from 7260 to 406 taxonomies
[2021-12-07 20:34:49 #219 INFO] minimum_asset_loss={'contents': 0, 'nonstructural': 0, 'occupants': 0, 'structural': 0}
[2021-12-07 20:34:49 #219 INFO] Storing 1176 aggregation keys
[2021-12-07 20:34:49 #219 INFO] Considering 200 logic tree paths out of 24_576
[2021-12-07 20:34:49 #219 INFO] Reading the source model(s) in parallel
[2021-12-07 20:34:53 #219 INFO] read_source_model  16% [6 submitted, 0 queued]
[2021-12-07 20:34:53 #219 INFO] read_source_model  33% [6 submitted, 0 queued]
[2021-12-07 20:34:53 #219 INFO] read_source_model  50% [6 submitted, 0 queued]
[2021-12-07 20:34:53 #219 INFO] read_source_model  66% [6 submitted, 0 queued]
[2021-12-07 20:34:53 #219 INFO] read_source_model  83% [6 submitted, 0 queued]
[2021-12-07 20:34:53 #219 INFO] read_source_model 100% [6 submitted, 0 queued]
[2021-12-07 20:34:53 #219 INFO] Mean time per core=0s, std=0.0s, min=0s, max=0s
[2021-12-07 20:34:53 #219 INFO] Received {'/mnt/storage/CanadaSHM6/OpenQuake_model_files/sources/nationalModel/xml/simplifiedModel/WCan_HYeast_Harctic_simplified_collapsedRates.xml': '157.72 KB', '/mnt/storage/CanadaSHM6/OpenQuake_model_files/sources/nationalModel/xml/simplifiedModel/WCan_H2east_Harctic_simplified_collapsedRates.xml': '152.1 KB', '/mnt/storage/CanadaSHM6/OpenQuake_model_files/sources/nationalModel/xml/simplifiedModel/WCan_HYeast_Rarctic_simplified_collapsedRates.xml': '151.35 KB', '/mnt/storage/CanadaSHM6/OpenQuake_model_files/sources/nationalModel/xml/simplifiedModel/WCan_H2east_Rarctic_simplified_collapsedRates.xml': '145.73 KB', '/mnt/storage/CanadaSHM6/OpenQuake_model_files/sources/nationalModel/xml/simplifiedModel/WCan_R2east_Harctic_simplified_collapsedRates.xml': '137.01 KB', '/mnt/storage/CanadaSHM6/OpenQuake_model_files/sources/nationalModel/xml/simplifiedModel/WCan_R2east_Rarctic_simplified_collapsedRates.xml': '130.86 KB'} in 0 seconds
/home/ssm-user/src/oq-engine/openquake/hazardlib/gsim/base.py:347: ExperimentalWarning: CanadaSHM6_ActiveCrust_BooreEtAl2014 is experimental and may change in future versions - the user is liable for their application
  warnings.warn(msg, ExperimentalWarning)
/home/ssm-user/src/oq-engine/openquake/hazardlib/gsim/base.py:347: ExperimentalWarning: CanadaSHM6_ActiveCrust_BooreEtAl2014 is experimental and may change in future versions - the user is liable for their application
  warnings.warn(msg, ExperimentalWarning)
/home/ssm-user/src/oq-engine/openquake/hazardlib/gsim/base.py:347: ExperimentalWarning: CanadaSHM6_ActiveCrust_BooreEtAl2014 is experimental and may change in future versions - the user is liable for their application
  warnings.warn(msg, ExperimentalWarning)
/home/ssm-user/src/oq-engine/openquake/hazardlib/gsim/base.py:347: ExperimentalWarning: CanadaSHM6_ActiveCrust_BooreEtAl2014 is experimental and may change in future versions - the user is liable for their application
  warnings.warn(msg, ExperimentalWarning)
/home/ssm-user/src/oq-engine/openquake/hazardlib/gsim/base.py:347: ExperimentalWarning: CanadaSHM6_ActiveCrust_BooreEtAl2014 is experimental and may change in future versions - the user is liable for their application
  warnings.warn(msg, ExperimentalWarning)
/home/ssm-user/src/oq-engine/openquake/hazardlib/gsim/base.py:347: ExperimentalWarning: CanadaSHM6_ActiveCrust_BooreEtAl2014 is experimental and may change in future versions - the user is liable for their application
  warnings.warn(msg, ExperimentalWarning)
[2021-12-07 20:34:53 #219 INFO] There are multiple different sources with the same ID [<AreaSource SCCYA;0>, <AreaSource SCCYA;1>]
[2021-12-07 20:34:53 #219 INFO] There are 13 groups and 198 sources with len(et_ids)=3.87
[2021-12-07 20:34:53 #219 INFO] Checking the sources bounding box
[2021-12-07 20:34:53 #219 ERROR] source ACM: The buffer of 600 km is too large, the bounding box is larger than half the globe: 219 degrees
[2021-12-07 20:34:53 #219 INFO] Rupture floating factor = 1.6303030303030304
[2021-12-07 20:34:53 #219 INFO] Rupture spinning factor = 3.2181818181818183
[2021-12-07 20:34:53 #219 INFO] gzipping the input files
[2021-12-07 20:34:58 #219 INFO] Storing risk model
[2021-12-07 20:34:58 #219 INFO] minimum_intensity={'default': 0.05, 'SA(0.3)': 0.02, 'SA(0.6)': 0.05, 'SA(1.0)': 0.05, 'SA(2.0)': 0.05}
[2021-12-07 20:34:58 #219 INFO] Building ruptures
[2021-12-07 20:36:36 #219 INFO] Sending <SourceGroup Subduction IntraSlab30, 1 source(s)>
[2021-12-07 20:36:36 #219 INFO] Sending <SourceGroup Subduction IntraSlab55, 4 source(s)>
[2021-12-07 20:36:36 #219 INFO] Sending <SourceGroup Subduction Interface, 14 source(s)>
[2021-12-07 20:36:36 #219 INFO] Sending <SourceGroup Stable Shallow Crust, 29 source(s)>
[2021-12-07 20:36:36 #219 INFO] Sending <SourceGroup Stable Shallow Crust, 4 source(s)>
[2021-12-07 20:36:36 #219 INFO] Sending <SourceGroup Stable Shallow Crust, 6 source(s)>
[2021-12-07 20:36:36 #219 INFO] Sending <SourceGroup Stable Shallow Crust, 18 source(s)>
[2021-12-07 20:36:36 #219 INFO] Sending <SourceGroup Stable Shallow Crust, 10 source(s)>
[2021-12-07 20:36:36 #219 INFO] Sending <SourceGroup Stable Shallow Crust, 38 source(s)>
[2021-12-07 20:36:36 #219 INFO] Sending <SourceGroup Stable Shallow Crust, 14 source(s)>
[2021-12-07 20:36:36 #219 INFO] Sending <SourceGroup Active Shallow Crust, 1 source(s)>
[2021-12-07 20:36:36 #219 INFO] Sending <SourceGroup Active Shallow Crust, 58 source(s)>
[2021-12-07 20:36:36 #219 INFO] Sending <SourceGroup Active Shallow Crust, 1 source(s)>
[2021-12-07 20:36:39 #219 INFO] Sent 96 tasks, 67.29 MB in 0 seconds
[2021-12-07 20:36:40 #219 INFO] sample_ruptures   1% [98 submitted, 5 queued]
[2021-12-07 20:36:40 #219 INFO] sample_ruptures   2% [99 submitted, 4 queued]
[2021-12-07 20:36:40 #219 INFO] sample_ruptures   3% [100 submitted, 3 queued]
[2021-12-07 20:36:40 #219 INFO] sample_ruptures   4% [101 submitted, 2 queued]
[2021-12-07 20:36:40 #219 INFO] sample_ruptures   5% [102 submitted, 1 queued]
[2021-12-07 20:36:40 #219 INFO] sample_ruptures   6% [103 submitted, 0 queued]
[2021-12-07 20:36:40 #219 INFO] sample_ruptures   7% [103 submitted, 0 queued]
[2021-12-07 20:36:40 #219 INFO] sample_ruptures   8% [103 submitted, 0 queued]
[2021-12-07 20:36:41 #219 INFO] sample_ruptures   9% [103 submitted, 0 queued]
[2021-12-07 20:36:41 #219 INFO] sample_ruptures  10% [103 submitted, 0 queued]
[2021-12-07 20:36:41 #219 INFO] sample_ruptures  11% [103 submitted, 0 queued]
[2021-12-07 20:36:41 #219 INFO] sample_ruptures  12% [103 submitted, 0 queued]
[2021-12-07 20:36:41 #219 INFO] sample_ruptures  13% [103 submitted, 0 queued]
[2021-12-07 20:36:41 #219 INFO] sample_ruptures  14% [103 submitted, 0 queued]
[2021-12-07 20:36:41 #219 INFO] sample_ruptures  15% [103 submitted, 0 queued]
[2021-12-07 20:36:41 #219 INFO] sample_ruptures  16% [103 submitted, 0 queued]
[2021-12-07 20:36:41 #219 INFO] sample_ruptures  17% [103 submitted, 0 queued]
[2021-12-07 20:36:41 #219 INFO] sample_ruptures  18% [103 submitted, 0 queued]
[2021-12-07 20:36:41 #219 INFO] sample_ruptures  19% [103 submitted, 0 queued]
[2021-12-07 20:36:41 #219 INFO] sample_ruptures  20% [103 submitted, 0 queued]
[2021-12-07 20:36:41 #219 INFO] sample_ruptures  21% [103 submitted, 0 queued]
[2021-12-07 20:36:41 #219 INFO] sample_ruptures  22% [103 submitted, 0 queued]
[2021-12-07 20:36:41 #219 INFO] sample_ruptures  23% [103 submitted, 0 queued]
[2021-12-07 20:36:41 #219 INFO] sample_ruptures  24% [103 submitted, 0 queued]
[2021-12-07 20:36:41 #219 INFO] sample_ruptures  25% [103 submitted, 0 queued]
[2021-12-07 20:36:41 #219 INFO] sample_ruptures  26% [103 submitted, 0 queued]
[2021-12-07 20:36:41 #219 INFO] sample_ruptures  27% [103 submitted, 0 queued]
[2021-12-07 20:36:41 #219 INFO] sample_ruptures  28% [103 submitted, 0 queued]
[2021-12-07 20:36:41 #219 INFO] sample_ruptures  29% [103 submitted, 0 queued]
[2021-12-07 20:36:41 #219 INFO] sample_ruptures  30% [103 submitted, 0 queued]
[2021-12-07 20:36:41 #219 INFO] sample_ruptures  31% [103 submitted, 0 queued]
[2021-12-07 20:36:41 #219 INFO] sample_ruptures  32% [103 submitted, 0 queued]
[2021-12-07 20:36:41 #219 INFO] sample_ruptures  33% [103 submitted, 0 queued]
[2021-12-07 20:36:41 #219 INFO] sample_ruptures  34% [103 submitted, 0 queued]
[2021-12-07 20:36:41 #219 INFO] sample_ruptures  35% [103 submitted, 0 queued]
[2021-12-07 20:36:41 #219 INFO] sample_ruptures  36% [103 submitted, 0 queued]
[2021-12-07 20:36:41 #219 INFO] sample_ruptures  37% [103 submitted, 0 queued]
[2021-12-07 20:36:41 #219 INFO] sample_ruptures  38% [103 submitted, 0 queued]
[2021-12-07 20:36:41 #219 INFO] sample_ruptures  39% [103 submitted, 0 queued]
[2021-12-07 20:36:41 #219 INFO] sample_ruptures  40% [103 submitted, 0 queued]
[2021-12-07 20:36:41 #219 INFO] sample_ruptures  41% [103 submitted, 0 queued]
[2021-12-07 20:36:41 #219 INFO] sample_ruptures  42% [103 submitted, 0 queued]
[2021-12-07 20:36:41 #219 INFO] sample_ruptures  43% [103 submitted, 0 queued]
[2021-12-07 20:36:41 #219 INFO] sample_ruptures  44% [103 submitted, 0 queued]
[2021-12-07 20:36:41 #219 INFO] sample_ruptures  45% [103 submitted, 0 queued]
[2021-12-07 20:36:41 #219 INFO] sample_ruptures  46% [103 submitted, 0 queued]
[2021-12-07 20:36:42 #219 INFO] sample_ruptures  47% [103 submitted, 0 queued]
[2021-12-07 20:36:42 #219 INFO] sample_ruptures  48% [103 submitted, 0 queued]
[2021-12-07 20:36:42 #219 INFO] sample_ruptures  49% [103 submitted, 0 queued]
[2021-12-07 20:36:42 #219 INFO] sample_ruptures  50% [103 submitted, 0 queued]
[2021-12-07 20:36:42 #219 INFO] sample_ruptures  51% [103 submitted, 0 queued]
[2021-12-07 20:36:42 #219 INFO] sample_ruptures  52% [103 submitted, 0 queued]
[2021-12-07 20:36:42 #219 INFO] sample_ruptures  53% [103 submitted, 0 queued]
[2021-12-07 20:36:42 #219 INFO] sample_ruptures  54% [103 submitted, 0 queued]
[2021-12-07 20:36:42 #219 INFO] sample_ruptures  55% [103 submitted, 0 queued]
[2021-12-07 20:36:42 #219 INFO] sample_ruptures  56% [103 submitted, 0 queued]
[2021-12-07 20:36:42 #219 INFO] sample_ruptures  57% [103 submitted, 0 queued]
[2021-12-07 20:36:42 #219 INFO] sample_ruptures  58% [103 submitted, 0 queued]
[2021-12-07 20:36:42 #219 INFO] sample_ruptures  59% [103 submitted, 0 queued]
[2021-12-07 20:36:42 #219 INFO] sample_ruptures  60% [103 submitted, 0 queued]
[2021-12-07 20:36:42 #219 INFO] sample_ruptures  61% [103 submitted, 0 queued]
[2021-12-07 20:36:42 #219 INFO] sample_ruptures  62% [103 submitted, 0 queued]
[2021-12-07 20:36:42 #219 INFO] sample_ruptures  63% [103 submitted, 0 queued]
[2021-12-07 20:36:42 #219 INFO] sample_ruptures  64% [103 submitted, 0 queued]
[2021-12-07 20:36:42 #219 INFO] sample_ruptures  65% [103 submitted, 0 queued]
[2021-12-07 20:36:42 #219 INFO] sample_ruptures  66% [103 submitted, 0 queued]
[2021-12-07 20:36:42 #219 INFO] sample_ruptures  67% [103 submitted, 0 queued]
[2021-12-07 20:36:42 #219 INFO] sample_ruptures  68% [103 submitted, 0 queued]
[2021-12-07 20:36:42 #219 INFO] sample_ruptures  69% [103 submitted, 0 queued]
[2021-12-07 20:36:42 #219 INFO] sample_ruptures  70% [103 submitted, 0 queued]
[2021-12-07 20:36:42 #219 INFO] sample_ruptures  71% [103 submitted, 0 queued]
[2021-12-07 20:36:49 #219 INFO] sample_ruptures  72% [103 submitted, 0 queued]
[2021-12-07 20:36:51 #219 INFO] sample_ruptures  73% [103 submitted, 0 queued]
[2021-12-07 20:36:54 #219 INFO] sample_ruptures  74% [103 submitted, 0 queued]
[2021-12-07 20:36:55 #219 INFO] sample_ruptures  75% [103 submitted, 0 queued]
[2021-12-07 20:36:56 #219 INFO] sample_ruptures  76% [103 submitted, 0 queued]
[2021-12-07 20:36:58 #219 INFO] sample_ruptures  77% [103 submitted, 0 queued]
[2021-12-07 20:36:59 #219 INFO] sample_ruptures  78% [103 submitted, 0 queued]
[2021-12-07 20:36:59 #219 INFO] sample_ruptures  79% [103 submitted, 0 queued]
[2021-12-07 20:37:00 #219 INFO] sample_ruptures  80% [103 submitted, 0 queued]
[2021-12-07 20:37:00 #219 INFO] sample_ruptures  81% [103 submitted, 0 queued]
[2021-12-07 20:37:04 #219 INFO] sample_ruptures  82% [103 submitted, 0 queued]
[2021-12-07 20:37:04 #219 INFO] sample_ruptures  83% [103 submitted, 0 queued]
[2021-12-07 20:37:04 #219 INFO] sample_ruptures  84% [103 submitted, 0 queued]
[2021-12-07 20:37:05 #219 INFO] sample_ruptures  85% [103 submitted, 0 queued]
[2021-12-07 20:37:07 #219 INFO] sample_ruptures  86% [103 submitted, 0 queued]
[2021-12-07 20:37:08 #219 INFO] sample_ruptures  87% [103 submitted, 0 queued]
[2021-12-07 20:37:09 #219 INFO] sample_ruptures  88% [103 submitted, 0 queued]
[2021-12-07 20:37:10 #219 INFO] sample_ruptures  89% [103 submitted, 0 queued]
[2021-12-07 20:37:17 #219 INFO] sample_ruptures  90% [103 submitted, 0 queued]
[2021-12-07 20:37:18 #219 INFO] sample_ruptures  91% [103 submitted, 0 queued]
[2021-12-07 20:37:19 #219 INFO] sample_ruptures  92% [103 submitted, 0 queued]
[2021-12-07 20:37:21 #219 INFO] sample_ruptures  93% [103 submitted, 0 queued]
[2021-12-07 20:37:42 #219 INFO] sample_ruptures  94% [103 submitted, 0 queued]
[2021-12-07 20:37:42 #219 INFO] sample_ruptures  95% [103 submitted, 0 queued]
[2021-12-07 20:38:35 #219 INFO] sample_ruptures  96% [103 submitted, 0 queued]
[2021-12-07 20:38:36 #219 INFO] sample_ruptures  97% [103 submitted, 0 queued]
[2021-12-07 20:38:39 #219 INFO] sample_ruptures  98% [103 submitted, 0 queued]
[2021-12-07 20:39:16 #219 INFO] sample_ruptures  99% [103 submitted, 0 queued]
[2021-12-07 20:40:58 #219 INFO] sample_ruptures 100% [103 submitted, 0 queued]
[2021-12-07 20:40:58 #219 INFO] Mean time per core=14s, std=37.5s, min=0s, max=257s
[2021-12-07 20:40:58 #219 INFO] Received {'rup_array': '88.17 MB', 'calc_times': '21.99 KB', 'eff_ruptures': '4.21 KB'} in 259 seconds
[2021-12-07 20:40:58 #219 INFO] There are 200 realization(s)
[2021-12-07 20:40:58 #219 INFO] Reordering the ruptures and storing the events
[2021-12-07 20:40:58 #219 INFO] Associating event_id -> rlz_id for 1_170_559 events and 423_844 ruptures
[2021-12-07 20:41:13 #219 INFO] Sent 194 tasks, 45.45 MB in 13 seconds
[2021-12-07 20:41:18 #219 INFO] Mean time per core=2s, std=1.0s, min=1s, max=5s
[2021-12-07 20:41:18 #219 INFO] Received {'tot': '11.21 MB'} in 4 seconds
[2021-12-07 20:41:26 #219 INFO] minimum_intensity={'SA(0.3)': 0.02, 'SA(0.6)': 0.05, 'SA(1.0)': 0.05, 'SA(2.0)': 0.05, 'SA(0.5)': 0.05}
[2021-12-07 20:41:26 #219 INFO] Sending 423_844 ruptures
[2021-12-07 20:41:49 #219 INFO] Sent 194 tasks, 196.25 MB in 20 seconds
[2021-12-07 20:48:32 #219 INFO] start_ebrisk   1% [194 submitted, 0 queued]
[2021-12-07 20:48:59 #219 INFO] start_ebrisk   2% [194 submitted, 0 queued]
[2021-12-07 20:49:24 #219 INFO] start_ebrisk   3% [194 submitted, 0 queued]
[2021-12-07 20:49:40 #219 INFO] start_ebrisk   4% [194 submitted, 0 queued]
[2021-12-07 20:49:58 #219 INFO] start_ebrisk   5% [194 submitted, 0 queued]
[2021-12-07 20:50:26 #219 INFO] start_ebrisk   6% [194 submitted, 0 queued]
[2021-12-07 20:50:42 #219 INFO] start_ebrisk   7% [194 submitted, 0 queued]
[2021-12-07 20:50:57 #219 INFO] start_ebrisk   8% [194 submitted, 0 queued]
[2021-12-07 20:50:58 #219 INFO] start_ebrisk   9% [194 submitted, 0 queued]
[2021-12-07 20:51:07 #219 INFO] start_ebrisk  10% [194 submitted, 0 queued]
[2021-12-07 20:51:12 #219 INFO] start_ebrisk  11% [194 submitted, 0 queued]
[2021-12-07 20:51:26 #219 INFO] start_ebrisk  12% [194 submitted, 0 queued]
[2021-12-07 20:51:33 #219 INFO] start_ebrisk  13% [194 submitted, 0 queued]
[2021-12-07 20:51:41 #219 INFO] start_ebrisk  14% [194 submitted, 0 queued]
[2021-12-07 20:51:49 #219 INFO] start_ebrisk  15% [194 submitted, 0 queued]
[2021-12-07 20:52:02 #219 INFO] start_ebrisk  16% [194 submitted, 0 queued]
[2021-12-07 20:52:32 #219 INFO] start_ebrisk  17% [194 submitted, 0 queued]
[2021-12-07 20:53:03 #219 INFO] start_ebrisk  18% [194 submitted, 0 queued]
[2021-12-07 20:53:44 #219 INFO] start_ebrisk  19% [194 submitted, 0 queued]
[2021-12-07 20:54:09 #219 INFO] start_ebrisk  20% [194 submitted, 0 queued]
[2021-12-07 20:54:15 #219 INFO] start_ebrisk  21% [194 submitted, 0 queued]
[2021-12-07 20:54:33 #219 INFO] start_ebrisk  22% [194 submitted, 0 queued]
[2021-12-07 20:55:12 #219 INFO] start_ebrisk  23% [194 submitted, 0 queued]
[2021-12-07 20:55:42 #219 INFO] start_ebrisk  24% [194 submitted, 0 queued]
[2021-12-07 20:56:07 #219 INFO] start_ebrisk  25% [194 submitted, 0 queued]
[2021-12-07 20:57:00 #219 INFO] start_ebrisk  26% [194 submitted, 0 queued]
[2021-12-07 20:57:21 #219 INFO] start_ebrisk  27% [194 submitted, 0 queued]
[2021-12-07 20:57:33 #219 INFO] start_ebrisk  28% [194 submitted, 0 queued]
[2021-12-07 20:58:05 #219 INFO] start_ebrisk  29% [194 submitted, 0 queued]
[2021-12-07 20:58:09 #219 INFO] start_ebrisk  30% [194 submitted, 0 queued]
[2021-12-07 20:58:27 #219 INFO] start_ebrisk  31% [194 submitted, 0 queued]
[2021-12-07 20:58:37 #219 INFO] start_ebrisk  32% [194 submitted, 0 queued]
[2021-12-07 20:58:52 #219 INFO] start_ebrisk  33% [194 submitted, 0 queued]
[2021-12-07 20:59:00 #219 INFO] start_ebrisk  34% [194 submitted, 0 queued]
[2021-12-07 20:59:11 #219 INFO] start_ebrisk  35% [194 submitted, 0 queued]
[2021-12-07 20:59:18 #219 INFO] start_ebrisk  36% [194 submitted, 0 queued]
[2021-12-07 20:59:30 #219 INFO] start_ebrisk  37% [194 submitted, 0 queued]
[2021-12-07 20:59:44 #219 INFO] start_ebrisk  38% [194 submitted, 0 queued]
[2021-12-07 21:00:04 #219 INFO] start_ebrisk  39% [194 submitted, 0 queued]
[2021-12-07 21:00:08 #219 INFO] start_ebrisk  40% [194 submitted, 0 queued]
[2021-12-07 21:00:35 #219 INFO] start_ebrisk  41% [194 submitted, 0 queued]
[2021-12-07 21:00:42 #219 INFO] start_ebrisk  42% [194 submitted, 0 queued]
[2021-12-07 21:01:14 #219 INFO] start_ebrisk  43% [194 submitted, 0 queued]
[2021-12-07 21:01:26 #219 INFO] start_ebrisk  44% [194 submitted, 0 queued]
[2021-12-07 21:01:44 #219 INFO] start_ebrisk  45% [194 submitted, 0 queued]
[2021-12-07 21:02:20 #219 INFO] start_ebrisk  46% [194 submitted, 0 queued]
[2021-12-07 21:03:21 #219 INFO] start_ebrisk  47% [194 submitted, 0 queued]
[2021-12-07 21:03:58 #219 INFO] start_ebrisk  48% [194 submitted, 0 queued]
[2021-12-07 21:04:06 #219 INFO] start_ebrisk  49% [194 submitted, 0 queued]
[2021-12-07 21:05:08 #219 INFO] start_ebrisk  50% [194 submitted, 0 queued]
[2021-12-07 21:05:25 #219 INFO] start_ebrisk  51% [194 submitted, 0 queued]
[2021-12-07 21:05:49 #219 INFO] start_ebrisk  52% [194 submitted, 0 queued]
[2021-12-07 21:06:07 #219 INFO] start_ebrisk  53% [194 submitted, 0 queued]
[2021-12-07 21:06:24 #219 INFO] start_ebrisk  54% [194 submitted, 0 queued]
[2021-12-07 21:06:36 #219 INFO] start_ebrisk  55% [194 submitted, 0 queued]
[2021-12-07 21:07:17 #219 INFO] start_ebrisk  56% [194 submitted, 0 queued]
[2021-12-07 21:07:33 #219 INFO] start_ebrisk  57% [194 submitted, 0 queued]
[2021-12-07 21:07:45 #219 INFO] start_ebrisk  58% [194 submitted, 0 queued]
[2021-12-07 21:08:09 #219 INFO] start_ebrisk  59% [194 submitted, 0 queued]
[2021-12-07 21:08:22 #219 INFO] start_ebrisk  60% [194 submitted, 0 queued]
[2021-12-07 21:08:40 #219 INFO] start_ebrisk  61% [194 submitted, 0 queued]
[2021-12-07 21:08:47 #219 INFO] start_ebrisk  62% [194 submitted, 0 queued]
[2021-12-07 21:09:07 #219 INFO] start_ebrisk  63% [194 submitted, 0 queued]
[2021-12-07 21:09:34 #219 INFO] start_ebrisk  64% [194 submitted, 0 queued]
[2021-12-07 21:09:43 #219 INFO] start_ebrisk  65% [194 submitted, 0 queued]
[2021-12-07 21:09:56 #219 INFO] start_ebrisk  66% [194 submitted, 0 queued]
[2021-12-07 21:10:05 #219 INFO] start_ebrisk  67% [194 submitted, 0 queued]
[2021-12-07 21:10:10 #219 INFO] start_ebrisk  68% [194 submitted, 0 queued]
[2021-12-07 21:10:20 #219 INFO] start_ebrisk  69% [194 submitted, 0 queued]
[2021-12-07 21:10:36 #219 INFO] start_ebrisk  70% [194 submitted, 0 queued]
[2021-12-07 21:11:00 #219 INFO] start_ebrisk  71% [194 submitted, 0 queued]
[2021-12-07 21:11:06 #219 INFO] start_ebrisk  72% [194 submitted, 0 queued]
[2021-12-07 21:11:12 #219 INFO] start_ebrisk  73% [194 submitted, 0 queued]
[2021-12-07 21:11:23 #219 INFO] start_ebrisk  74% [194 submitted, 0 queued]
[2021-12-07 21:12:07 #219 INFO] start_ebrisk  75% [194 submitted, 0 queued]
[2021-12-07 21:12:33 #219 INFO] start_ebrisk  76% [194 submitted, 0 queued]
[2021-12-07 21:12:49 #219 INFO] start_ebrisk  77% [194 submitted, 0 queued]
[2021-12-07 21:12:53 #219 INFO] start_ebrisk  78% [194 submitted, 0 queued]
[2021-12-07 21:13:21 #219 INFO] start_ebrisk  79% [194 submitted, 0 queued]
[2021-12-07 21:13:55 #219 INFO] start_ebrisk  80% [194 submitted, 0 queued]
[2021-12-07 21:14:18 #219 INFO] start_ebrisk  81% [194 submitted, 0 queued]
[2021-12-07 21:14:35 #219 INFO] start_ebrisk  82% [194 submitted, 0 queued]
[2021-12-07 21:14:50 #219 INFO] start_ebrisk  83% [194 submitted, 0 queued]
[2021-12-07 21:14:59 #219 INFO] start_ebrisk  84% [194 submitted, 0 queued]
[2021-12-07 21:15:29 #219 INFO] start_ebrisk  85% [194 submitted, 0 queued]
[2021-12-07 21:15:57 #219 INFO] start_ebrisk  86% [194 submitted, 0 queued]
[2021-12-07 21:16:14 #219 INFO] start_ebrisk  87% [194 submitted, 0 queued]
[2021-12-07 21:16:24 #219 INFO] start_ebrisk  88% [194 submitted, 0 queued]
[2021-12-07 21:16:54 #219 INFO] start_ebrisk  89% [194 submitted, 0 queued]
[2021-12-07 21:17:01 #219 INFO] start_ebrisk  90% [194 submitted, 0 queued]
[2021-12-07 21:17:14 #219 INFO] start_ebrisk  91% [194 submitted, 0 queued]
[2021-12-07 21:17:51 #219 INFO] start_ebrisk  92% [194 submitted, 0 queued]
[2021-12-07 21:18:51 #219 INFO] start_ebrisk  93% [194 submitted, 0 queued]
[2021-12-07 21:20:23 #219 INFO] start_ebrisk  94% [194 submitted, 0 queued]
[2021-12-07 21:21:08 #219 INFO] start_ebrisk  95% [194 submitted, 0 queued]
[2021-12-07 21:22:26 #219 INFO] start_ebrisk  96% [194 submitted, 0 queued]
[2021-12-07 21:23:18 #219 INFO] start_ebrisk  97% [194 submitted, 0 queued]
[2021-12-07 21:24:43 #219 INFO] start_ebrisk  98% [194 submitted, 0 queued]
[2021-12-07 21:29:00 #219 INFO] start_ebrisk  99% [194 submitted, 0 queued]
[2021-12-07 21:29:57 #219 INFO] start_ebrisk 100% [194 submitted, 0 queued]
[2021-12-07 21:29:57 #219 INFO] Mean time per core=1900s, std=324.6s, min=1430s, max=2908s
[2021-12-07 21:29:57 #219 INFO] Received {'alt': '1.51 GB', 'losses_by_A': '112.46 MB', 'momenta': '14.5 MB', 'gmf_info': '4.07 MB', 'events_per_sid': '3.98 KB'} in 2888 seconds
[2021-12-07 21:29:57 #219 INFO] Produced 3.19 GB of GMFs
[2021-12-07 21:29:57 #219 INFO] Stored 1.51 GB in the agg_loss_table
[2021-12-07 21:29:57 #219 INFO] Building the src_loss_table
[2021-12-07 21:30:18 #219 INFO] Sending 29.44 MB of losses
[2021-12-07 21:30:19 #219 INFO] Sending 17.92 MB of losses
[2021-12-07 21:30:19 #219 INFO] Sending 20 MB of losses
[2021-12-07 21:30:20 #219 INFO] Sending 16.7 MB of losses
[2021-12-07 21:30:21 #219 INFO] Sending 20.38 MB of losses
[2021-12-07 21:30:22 #219 INFO] Sending 15.71 MB of losses
[2021-12-07 21:30:22 #219 INFO] Sending 15.06 MB of losses
[2021-12-07 21:30:23 #219 INFO] Sending 39.22 MB of losses
[2021-12-07 21:30:24 #219 INFO] Sending 19.88 MB of losses
[2021-12-07 21:30:24 #219 INFO] Sending 35.85 MB of losses
[2021-12-07 21:30:25 #219 INFO] Sending 30.16 MB of losses
[2021-12-07 21:30:26 #219 INFO] Sending 26.02 MB of losses
[2021-12-07 21:30:27 #219 INFO] Sending 34.09 MB of losses
[2021-12-07 21:30:28 #219 INFO] Sending 20.02 MB of losses
[2021-12-07 21:30:28 #219 INFO] Sending 21.76 MB of losses
[2021-12-07 21:30:29 #219 INFO] Sending 16.36 MB of losses
[2021-12-07 21:30:30 #219 INFO] Sending 19.57 MB of losses
[2021-12-07 21:30:30 #219 INFO] Sending 17.28 MB of losses
[2021-12-07 21:30:31 #219 INFO] Sending 16.36 MB of losses
[2021-12-07 21:30:32 #219 INFO] Sending 13.18 MB of losses
[2021-12-07 21:30:32 #219 INFO] Sending 13.46 MB of losses
[2021-12-07 21:30:33 #219 INFO] Sending 17.02 MB of losses
[2021-12-07 21:30:34 #219 INFO] Sending 12.61 MB of losses
[2021-12-07 21:30:35 #219 INFO] Sending 16.31 MB of losses
[2021-12-07 21:30:35 #219 INFO] Sending 15.81 MB of losses
[2021-12-07 21:30:36 #219 INFO] Sending 15.24 MB of losses
[2021-12-07 21:30:37 #219 INFO] Sending 22.09 MB of losses
[2021-12-07 21:30:37 #219 INFO] Sending 23.34 MB of losses
[2021-12-07 21:30:38 #219 INFO] Sending 16.02 MB of losses
[2021-12-07 21:30:39 #219 INFO] Sending 18.59 MB of losses
[2021-12-07 21:30:39 #219 INFO] Sending 13.75 MB of losses
[2021-12-07 21:30:40 #219 INFO] Sending 17.91 MB of losses
[2021-12-07 21:30:41 #219 INFO] Sending 19.99 MB of losses
[2021-12-07 21:30:41 #219 INFO] Sending 17.45 MB of losses
[2021-12-07 21:30:42 #219 INFO] Sending 23.8 MB of losses
[2021-12-07 21:30:43 #219 INFO] Sending 20.58 MB of losses
[2021-12-07 21:30:44 #219 INFO] Sending 17.17 MB of losses
[2021-12-07 21:30:44 #219 INFO] Sending 15.45 MB of losses
[2021-12-07 21:30:45 #219 INFO] Sending 16.45 MB of losses
[2021-12-07 21:30:46 #219 INFO] Sending 22.48 MB of losses
[2021-12-07 21:30:47 #219 INFO] Sending 17.81 MB of losses
[2021-12-07 21:30:47 #219 INFO] Sending 21.49 MB of losses
[2021-12-07 21:30:48 #219 INFO] Sending 20.49 MB of losses
[2021-12-07 21:30:49 #219 INFO] Sending 17.68 MB of losses
[2021-12-07 21:30:49 #219 INFO] Sending 23.23 MB of losses
[2021-12-07 21:30:50 #219 INFO] Sending 16.68 MB of losses
[2021-12-07 21:30:51 #219 INFO] Sending 22.89 MB of losses
[2021-12-07 21:30:52 #219 INFO] Sending 17.25 MB of losses
[2021-12-07 21:30:52 #219 INFO] Sending 20.11 MB of losses
[2021-12-07 21:30:53 #219 INFO] Sending 14.94 MB of losses
[2021-12-07 21:30:54 #219 INFO] Sending 21.67 MB of losses
[2021-12-07 21:30:54 #219 INFO] Sent 52 tasks, 1.01 GB in 35 seconds
[2021-12-07 21:30:56 #219 INFO] post_risk   1% [52 submitted, 0 queued]
[2021-12-07 21:30:56 #219 INFO] post_risk   3% [52 submitted, 0 queued]
[2021-12-07 21:30:56 #219 INFO] post_risk   5% [52 submitted, 0 queued]
[2021-12-07 21:30:56 #219 INFO] post_risk   7% [52 submitted, 0 queued]
[2021-12-07 21:30:56 #219 INFO] post_risk   9% [52 submitted, 0 queued]
[2021-12-07 21:30:56 #219 INFO] post_risk  11% [52 submitted, 0 queued]
[2021-12-07 21:30:56 #219 INFO] post_risk  13% [52 submitted, 0 queued]
[2021-12-07 21:30:56 #219 INFO] post_risk  15% [52 submitted, 0 queued]
[2021-12-07 21:30:56 #219 INFO] post_risk  17% [52 submitted, 0 queued]
[2021-12-07 21:30:56 #219 INFO] post_risk  19% [52 submitted, 0 queued]
[2021-12-07 21:30:56 #219 INFO] post_risk  21% [52 submitted, 0 queued]
[2021-12-07 21:30:56 #219 INFO] post_risk  23% [52 submitted, 0 queued]
[2021-12-07 21:30:56 #219 INFO] post_risk  25% [52 submitted, 0 queued]
[2021-12-07 21:30:56 #219 INFO] post_risk  26% [52 submitted, 0 queued]
[2021-12-07 21:30:56 #219 INFO] post_risk  28% [52 submitted, 0 queued]
[2021-12-07 21:30:56 #219 INFO] post_risk  30% [52 submitted, 0 queued]
[2021-12-07 21:30:56 #219 INFO] post_risk  32% [52 submitted, 0 queued]
[2021-12-07 21:30:56 #219 INFO] post_risk  34% [52 submitted, 0 queued]
[2021-12-07 21:30:56 #219 INFO] post_risk  36% [52 submitted, 0 queued]
[2021-12-07 21:30:56 #219 INFO] post_risk  38% [52 submitted, 0 queued]
[2021-12-07 21:30:56 #219 INFO] post_risk  40% [52 submitted, 0 queued]
[2021-12-07 21:30:56 #219 INFO] post_risk  42% [52 submitted, 0 queued]
[2021-12-07 21:30:56 #219 INFO] post_risk  44% [52 submitted, 0 queued]
[2021-12-07 21:30:56 #219 INFO] post_risk  46% [52 submitted, 0 queued]
[2021-12-07 21:30:56 #219 INFO] post_risk  48% [52 submitted, 0 queued]
[2021-12-07 21:30:56 #219 INFO] post_risk  50% [52 submitted, 0 queued]
[2021-12-07 21:30:56 #219 INFO] post_risk  51% [52 submitted, 0 queued]
[2021-12-07 21:30:56 #219 INFO] post_risk  53% [52 submitted, 0 queued]
[2021-12-07 21:30:56 #219 INFO] post_risk  55% [52 submitted, 0 queued]
[2021-12-07 21:30:56 #219 INFO] post_risk  57% [52 submitted, 0 queued]
[2021-12-07 21:30:56 #219 INFO] post_risk  59% [52 submitted, 0 queued]
[2021-12-07 21:30:56 #219 INFO] post_risk  61% [52 submitted, 0 queued]
[2021-12-07 21:30:56 #219 INFO] post_risk  63% [52 submitted, 0 queued]
[2021-12-07 21:30:56 #219 INFO] post_risk  65% [52 submitted, 0 queued]
[2021-12-07 21:30:56 #219 INFO] post_risk  67% [52 submitted, 0 queued]
[2021-12-07 21:30:56 #219 INFO] post_risk  69% [52 submitted, 0 queued]
[2021-12-07 21:30:56 #219 INFO] post_risk  71% [52 submitted, 0 queued]
[2021-12-07 21:30:56 #219 INFO] post_risk  73% [52 submitted, 0 queued]
[2021-12-07 21:30:56 #219 INFO] post_risk  75% [52 submitted, 0 queued]
[2021-12-07 21:30:57 #219 INFO] post_risk  76% [52 submitted, 0 queued]
[2021-12-07 21:30:57 #219 INFO] post_risk  78% [52 submitted, 0 queued]
[2021-12-07 21:30:57 #219 INFO] post_risk  80% [52 submitted, 0 queued]
[2021-12-07 21:30:57 #219 INFO] post_risk  82% [52 submitted, 0 queued]
[2021-12-07 21:30:57 #219 INFO] post_risk  84% [52 submitted, 0 queued]
[2021-12-07 21:30:57 #219 INFO] post_risk  86% [52 submitted, 0 queued]
[2021-12-07 21:30:57 #219 INFO] post_risk  88% [52 submitted, 0 queued]
[2021-12-07 21:30:57 #219 INFO] post_risk  90% [52 submitted, 0 queued]
[2021-12-07 21:30:57 #219 INFO] post_risk  92% [52 submitted, 0 queued]
[2021-12-07 21:30:57 #219 INFO] post_risk  94% [52 submitted, 0 queued]
[2021-12-07 21:30:57 #219 INFO] post_risk  96% [52 submitted, 0 queued]
[2021-12-07 21:30:57 #219 INFO] post_risk  98% [52 submitted, 0 queued]
[2021-12-07 21:30:57 #219 INFO] post_risk 100% [52 submitted, 0 queued]
[2021-12-07 21:30:57 #219 INFO] Mean time per core=0s, std=0.1s, min=0s, max=1s
[2021-12-07 21:30:57 #219 INFO] Received {'tot': '32.98 MB'} in 2 seconds
[2021-12-07 21:31:21 #219 INFO] Total portfolio loss
==== ============== ============== ========= ==============
loss contents       nonstructural  occupants structural    
==== ============== ============== ========= ==============
avg  11_410_065_416 46_820_781_246 965       59_673_144_295
==== ============== ============== ========= ==============
[2021-12-07 21:31:21 #219 INFO] Sanity check on agg_losses
[2021-12-07 21:31:22 #219 INFO] Exposing the outputs to the database
[2021-12-07 21:31:22 #219 INFO] Stored 1.67 GB on /root/oqdata/calc_219.hdf5 in 3427 seconds
/home/ssm-user/src/oq-engine/openquake/hazardlib/gsim/base.py:347: ExperimentalWarning: CanadaSHM6_ActiveCrust_BooreEtAl2014 is experimental and may change in future versions - the user is liable for their application
  warnings.warn(msg, ExperimentalWarning)
/home/ssm-user/src/oq-engine/openquake/hazardlib/gsim/base.py:347: ExperimentalWarning: CanadaSHM6_ActiveCrust_BooreEtAl2014 is experimental and may change in future versions - the user is liable for their application
  warnings.warn(msg, ExperimentalWarning)
/home/ssm-user/src/oq-engine/openquake/hazardlib/gsim/base.py:347: ExperimentalWarning: CanadaSHM6_ActiveCrust_BooreEtAl2014 is experimental and may change in future versions - the user is liable for their application
  warnings.warn(msg, ExperimentalWarning)
/home/ssm-user/src/oq-engine/openquake/hazardlib/gsim/base.py:347: ExperimentalWarning: CanadaSHM6_ActiveCrust_BooreEtAl2014 is experimental and may change in future versions - the user is liable for their application
  warnings.warn(msg, ExperimentalWarning)
/home/ssm-user/src/oq-engine/openquake/hazardlib/gsim/base.py:347: ExperimentalWarning: CanadaSHM6_ActiveCrust_BooreEtAl2014 is experimental and may change in future versions - the user is liable for their application
  warnings.warn(msg, ExperimentalWarning)
/home/ssm-user/src/oq-engine/openquake/hazardlib/gsim/base.py:347: ExperimentalWarning: CanadaSHM6_ActiveCrust_BooreEtAl2014 is experimental and may change in future versions - the user is liable for their application
  warnings.warn(msg, ExperimentalWarning)
/home/ssm-user/src/oq-engine/openquake/hazardlib/gsim/base.py:347: ExperimentalWarning: CanadaSHM6_ActiveCrust_BooreEtAl2014 is experimental and may change in future versions - the user is liable for their application
  warnings.warn(msg, ExperimentalWarning)
/home/ssm-user/src/oq-engine/openquake/hazardlib/gsim/base.py:347: ExperimentalWarning: CanadaSHM6_ActiveCrust_BooreEtAl2014 is experimental and may change in future versions - the user is liable for their application
  warnings.warn(msg, ExperimentalWarning)
/home/ssm-user/src/oq-engine/openquake/hazardlib/gsim/base.py:347: ExperimentalWarning: CanadaSHM6_ActiveCrust_BooreEtAl2014 is experimental and may change in future versions - the user is liable for their application
  warnings.warn(msg, ExperimentalWarning)
/home/ssm-user/src/oq-engine/openquake/hazardlib/gsim/base.py:347: ExperimentalWarning: CanadaSHM6_ActiveCrust_BooreEtAl2014 is experimental and may change in future versions - the user is liable for their application
  warnings.warn(msg, ExperimentalWarning)
/home/ssm-user/src/oq-engine/openquake/hazardlib/gsim/base.py:347: ExperimentalWarning: CanadaSHM6_ActiveCrust_BooreEtAl2014 is experimental and may change in future versions - the user is liable for their application
  warnings.warn(msg, ExperimentalWarning)
/home/ssm-user/src/oq-engine/openquake/hazardlib/gsim/base.py:347: ExperimentalWarning: CanadaSHM6_ActiveCrust_BooreEtAl2014 is experimental and may change in future versions - the user is liable for their application
  warnings.warn(msg, ExperimentalWarning)
/home/ssm-user/src/oq-engine/openquake/hazardlib/gsim/base.py:347: ExperimentalWarning: CanadaSHM6_ActiveCrust_BooreEtAl2014 is experimental and may change in future versions - the user is liable for their application
  warnings.warn(msg, ExperimentalWarning)
/home/ssm-user/src/oq-engine/openquake/hazardlib/gsim/base.py:347: ExperimentalWarning: CanadaSHM6_ActiveCrust_BooreEtAl2014 is experimental and may change in future versions - the user is liable for their application
  warnings.warn(msg, ExperimentalWarning)
/home/ssm-user/src/oq-engine/openquake/hazardlib/gsim/base.py:347: ExperimentalWarning: CanadaSHM6_ActiveCrust_BooreEtAl2014 is experimental and may change in future versions - the user is liable for their application
  warnings.warn(msg, ExperimentalWarning)
/home/ssm-user/src/oq-engine/openquake/hazardlib/gsim/base.py:347: ExperimentalWarning: CanadaSHM6_ActiveCrust_BooreEtAl2014 is experimental and may change in future versions - the user is liable for their application
  warnings.warn(msg, ExperimentalWarning)
/home/ssm-user/src/oq-engine/openquake/hazardlib/gsim/base.py:347: ExperimentalWarning: CanadaSHM6_ActiveCrust_BooreEtAl2014 is experimental and may change in future versions - the user is liable for their application
  warnings.warn(msg, ExperimentalWarning)
/home/ssm-user/src/oq-engine/openquake/hazardlib/gsim/base.py:347: ExperimentalWarning: CanadaSHM6_ActiveCrust_BooreEtAl2014 is experimental and may change in future versions - the user is liable for their application
  warnings.warn(msg, ExperimentalWarning)
/home/ssm-user/src/oq-engine/openquake/hazardlib/gsim/base.py:347: ExperimentalWarning: CanadaSHM6_ActiveCrust_BooreEtAl2014 is experimental and may change in future versions - the user is liable for their application
  warnings.warn(msg, ExperimentalWarning)
/home/ssm-user/src/oq-engine/openquake/hazardlib/gsim/base.py:347: ExperimentalWarning: CanadaSHM6_ActiveCrust_BooreEtAl2014 is experimental and may change in future versions - the user is liable for their application
  warnings.warn(msg, ExperimentalWarning)
/home/ssm-user/src/oq-engine/openquake/hazardlib/gsim/base.py:347: ExperimentalWarning: CanadaSHM6_ActiveCrust_BooreEtAl2014 is experimental and may change in future versions - the user is liable for their application
  warnings.warn(msg, ExperimentalWarning)
/home/ssm-user/src/oq-engine/openquake/hazardlib/gsim/base.py:347: ExperimentalWarning: CanadaSHM6_ActiveCrust_BooreEtAl2014 is experimental and may change in future versions - the user is liable for their application
  warnings.warn(msg, ExperimentalWarning)
/home/ssm-user/src/oq-engine/openquake/hazardlib/gsim/base.py:347: ExperimentalWarning: CanadaSHM6_ActiveCrust_BooreEtAl2014 is experimental and may change in future versions - the user is liable for their application
  warnings.warn(msg, ExperimentalWarning)
/home/ssm-user/src/oq-engine/openquake/hazardlib/gsim/base.py:347: ExperimentalWarning: CanadaSHM6_ActiveCrust_BooreEtAl2014 is experimental and may change in future versions - the user is liable for their application
  warnings.warn(msg, ExperimentalWarning)
/home/ssm-user/src/oq-engine/openquake/hazardlib/gsim/base.py:347: ExperimentalWarning: CanadaSHM6_ActiveCrust_BooreEtAl2014 is experimental and may change in future versions - the user is liable for their application
  warnings.warn(msg, ExperimentalWarning)
/home/ssm-user/src/oq-engine/openquake/hazardlib/gsim/base.py:347: ExperimentalWarning: CanadaSHM6_ActiveCrust_BooreEtAl2014 is experimental and may change in future versions - the user is liable for their application
  warnings.warn(msg, ExperimentalWarning)
/home/ssm-user/src/oq-engine/openquake/hazardlib/gsim/base.py:347: ExperimentalWarning: CanadaSHM6_ActiveCrust_BooreEtAl2014 is experimental and may change in future versions - the user is liable for their application
  warnings.warn(msg, ExperimentalWarning)
/home/ssm-user/src/oq-engine/openquake/hazardlib/gsim/base.py:347: ExperimentalWarning: CanadaSHM6_ActiveCrust_BooreEtAl2014 is experimental and may change in future versions - the user is liable for their application
  warnings.warn(msg, ExperimentalWarning)
/home/ssm-user/src/oq-engine/openquake/hazardlib/gsim/base.py:347: ExperimentalWarning: CanadaSHM6_ActiveCrust_BooreEtAl2014 is experimental and may change in future versions - the user is liable for their application
  warnings.warn(msg, ExperimentalWarning)
/home/ssm-user/src/oq-engine/openquake/hazardlib/gsim/base.py:347: ExperimentalWarning: CanadaSHM6_ActiveCrust_BooreEtAl2014 is experimental and may change in future versions - the user is liable for their application
  warnings.warn(msg, ExperimentalWarning)
/home/ssm-user/src/oq-engine/openquake/hazardlib/gsim/base.py:347: ExperimentalWarning: CanadaSHM6_ActiveCrust_BooreEtAl2014 is experimental and may change in future versions - the user is liable for their application
  warnings.warn(msg, ExperimentalWarning)
/home/ssm-user/src/oq-engine/openquake/hazardlib/gsim/base.py:347: ExperimentalWarning: CanadaSHM6_ActiveCrust_BooreEtAl2014 is experimental and may change in future versions - the user is liable for their application
  warnings.warn(msg, ExperimentalWarning)
/home/ssm-user/src/oq-engine/openquake/hazardlib/gsim/base.py:347: ExperimentalWarning: CanadaSHM6_ActiveCrust_BooreEtAl2014 is experimental and may change in future versions - the user is liable for their application
  warnings.warn(msg, ExperimentalWarning)
/home/ssm-user/src/oq-engine/openquake/hazardlib/gsim/base.py:347: ExperimentalWarning: CanadaSHM6_ActiveCrust_BooreEtAl2014 is experimental and may change in future versions - the user is liable for their application
  warnings.warn(msg, ExperimentalWarning)
/home/ssm-user/src/oq-engine/openquake/hazardlib/gsim/base.py:347: ExperimentalWarning: CanadaSHM6_ActiveCrust_BooreEtAl2014 is experimental and may change in future versions - the user is liable for their application
  warnings.warn(msg, ExperimentalWarning)
/home/ssm-user/src/oq-engine/openquake/hazardlib/gsim/base.py:347: ExperimentalWarning: CanadaSHM6_ActiveCrust_BooreEtAl2014 is experimental and may change in future versions - the user is liable for their application
  warnings.warn(msg, ExperimentalWarning)
/home/ssm-user/src/oq-engine/openquake/hazardlib/gsim/base.py:347: ExperimentalWarning: CanadaSHM6_ActiveCrust_BooreEtAl2014 is experimental and may change in future versions - the user is liable for their application
  warnings.warn(msg, ExperimentalWarning)
/home/ssm-user/src/oq-engine/openquake/hazardlib/gsim/base.py:347: ExperimentalWarning: CanadaSHM6_ActiveCrust_BooreEtAl2014 is experimental and may change in future versions - the user is liable for their application
  warnings.warn(msg, ExperimentalWarning)
/home/ssm-user/src/oq-engine/openquake/hazardlib/gsim/base.py:347: ExperimentalWarning: CanadaSHM6_ActiveCrust_BooreEtAl2014 is experimental and may change in future versions - the user is liable for their application
  warnings.warn(msg, ExperimentalWarning)
/home/ssm-user/src/oq-engine/openquake/hazardlib/gsim/base.py:347: ExperimentalWarning: CanadaSHM6_ActiveCrust_BooreEtAl2014 is experimental and may change in future versions - the user is liable for their application
  warnings.warn(msg, ExperimentalWarning)
/home/ssm-user/src/oq-engine/openquake/hazardlib/gsim/base.py:347: ExperimentalWarning: CanadaSHM6_ActiveCrust_BooreEtAl2014 is experimental and may change in future versions - the user is liable for their application
  warnings.warn(msg, ExperimentalWarning)
/home/ssm-user/src/oq-engine/openquake/hazardlib/gsim/base.py:347: ExperimentalWarning: CanadaSHM6_ActiveCrust_BooreEtAl2014 is experimental and may change in future versions - the user is liable for their application
  warnings.warn(msg, ExperimentalWarning)
/home/ssm-user/src/oq-engine/openquake/hazardlib/gsim/base.py:347: ExperimentalWarning: CanadaSHM6_ActiveCrust_BooreEtAl2014 is experimental and may change in future versions - the user is liable for their application
  warnings.warn(msg, ExperimentalWarning)
/home/ssm-user/src/oq-engine/openquake/hazardlib/gsim/base.py:347: ExperimentalWarning: CanadaSHM6_ActiveCrust_BooreEtAl2014 is experimental and may change in future versions - the user is liable for their application
  warnings.warn(msg, ExperimentalWarning)
/home/ssm-user/src/oq-engine/openquake/hazardlib/gsim/base.py:347: ExperimentalWarning: CanadaSHM6_ActiveCrust_BooreEtAl2014 is experimental and may change in future versions - the user is liable for their application
  warnings.warn(msg, ExperimentalWarning)
/home/ssm-user/src/oq-engine/openquake/hazardlib/gsim/base.py:347: ExperimentalWarning: CanadaSHM6_ActiveCrust_BooreEtAl2014 is experimental and may change in future versions - the user is liable for their application
  warnings.warn(msg, ExperimentalWarning)
/home/ssm-user/src/oq-engine/openquake/hazardlib/gsim/base.py:347: ExperimentalWarning: CanadaSHM6_ActiveCrust_BooreEtAl2014 is experimental and may change in future versions - the user is liable for their application
  warnings.warn(msg, ExperimentalWarning)
/home/ssm-user/src/oq-engine/openquake/hazardlib/gsim/base.py:347: ExperimentalWarning: CanadaSHM6_ActiveCrust_BooreEtAl2014 is experimental and may change in future versions - the user is liable for their application
  warnings.warn(msg, ExperimentalWarning)
/home/ssm-user/src/oq-engine/openquake/hazardlib/gsim/base.py:347: ExperimentalWarning: CanadaSHM6_ActiveCrust_BooreEtAl2014 is experimental and may change in future versions - the user is liable for their application
  warnings.warn(msg, ExperimentalWarning)
/home/ssm-user/src/oq-engine/openquake/hazardlib/gsim/base.py:347: ExperimentalWarning: CanadaSHM6_ActiveCrust_BooreEtAl2014 is experimental and may change in future versions - the user is liable for their application
  warnings.warn(msg, ExperimentalWarning)
/home/ssm-user/src/oq-engine/openquake/hazardlib/gsim/base.py:347: ExperimentalWarning: CanadaSHM6_ActiveCrust_BooreEtAl2014 is experimental and may change in future versions - the user is liable for their application
  warnings.warn(msg, ExperimentalWarning)
/home/ssm-user/src/oq-engine/openquake/hazardlib/gsim/base.py:347: ExperimentalWarning: CanadaSHM6_ActiveCrust_BooreEtAl2014 is experimental and may change in future versions - the user is liable for their application
  warnings.warn(msg, ExperimentalWarning)
/home/ssm-user/src/oq-engine/openquake/hazardlib/gsim/base.py:347: ExperimentalWarning: CanadaSHM6_ActiveCrust_BooreEtAl2014 is experimental and may change in future versions - the user is liable for their application
  warnings.warn(msg, ExperimentalWarning)
/home/ssm-user/src/oq-engine/openquake/hazardlib/gsim/base.py:347: ExperimentalWarning: CanadaSHM6_ActiveCrust_BooreEtAl2014 is experimental and may change in future versions - the user is liable for their application
  warnings.warn(msg, ExperimentalWarning)
/home/ssm-user/src/oq-engine/openquake/hazardlib/gsim/base.py:347: ExperimentalWarning: CanadaSHM6_ActiveCrust_BooreEtAl2014 is experimental and may change in future versions - the user is liable for their application
  warnings.warn(msg, ExperimentalWarning)
/home/ssm-user/src/oq-engine/openquake/hazardlib/gsim/base.py:347: ExperimentalWarning: CanadaSHM6_ActiveCrust_BooreEtAl2014 is experimental and may change in future versions - the user is liable for their application
  warnings.warn(msg, ExperimentalWarning)
/home/ssm-user/src/oq-engine/openquake/hazardlib/gsim/base.py:347: ExperimentalWarning: CanadaSHM6_ActiveCrust_BooreEtAl2014 is experimental and may change in future versions - the user is liable for their application
  warnings.warn(msg, ExperimentalWarning)
/home/ssm-user/src/oq-engine/openquake/hazardlib/gsim/base.py:347: ExperimentalWarning: CanadaSHM6_ActiveCrust_BooreEtAl2014 is experimental and may change in future versions - the user is liable for their application
  warnings.warn(msg, ExperimentalWarning)
/home/ssm-user/src/oq-engine/openquake/hazardlib/gsim/base.py:347: ExperimentalWarning: CanadaSHM6_ActiveCrust_BooreEtAl2014 is experimental and may change in future versions - the user is liable for their application
  warnings.warn(msg, ExperimentalWarning)
/home/ssm-user/src/oq-engine/openquake/hazardlib/gsim/base.py:347: ExperimentalWarning: CanadaSHM6_ActiveCrust_BooreEtAl2014 is experimental and may change in future versions - the user is liable for their application
  warnings.warn(msg, ExperimentalWarning)
/home/ssm-user/src/oq-engine/openquake/hazardlib/gsim/base.py:347: ExperimentalWarning: CanadaSHM6_ActiveCrust_BooreEtAl2014 is experimental and may change in future versions - the user is liable for their application
  warnings.warn(msg, ExperimentalWarning)
/home/ssm-user/src/oq-engine/openquake/hazardlib/gsim/base.py:347: ExperimentalWarning: CanadaSHM6_ActiveCrust_BooreEtAl2014 is experimental and may change in future versions - the user is liable for their application
  warnings.warn(msg, ExperimentalWarning)
/home/ssm-user/src/oq-engine/openquake/hazardlib/gsim/base.py:347: ExperimentalWarning: CanadaSHM6_ActiveCrust_BooreEtAl2014 is experimental and may change in future versions - the user is liable for their application
  warnings.warn(msg, ExperimentalWarning)
/home/ssm-user/src/oq-engine/openquake/hazardlib/gsim/base.py:347: ExperimentalWarning: CanadaSHM6_ActiveCrust_BooreEtAl2014 is experimental and may change in future versions - the user is liable for their application
  warnings.warn(msg, ExperimentalWarning)
/home/ssm-user/src/oq-engine/openquake/hazardlib/gsim/base.py:347: ExperimentalWarning: CanadaSHM6_ActiveCrust_BooreEtAl2014 is experimental and may change in future versions - the user is liable for their application
  warnings.warn(msg, ExperimentalWarning)
/home/ssm-user/src/oq-engine/openquake/hazardlib/gsim/base.py:347: ExperimentalWarning: CanadaSHM6_ActiveCrust_BooreEtAl2014 is experimental and may change in future versions - the user is liable for their application
  warnings.warn(msg, ExperimentalWarning)
/home/ssm-user/src/oq-engine/openquake/hazardlib/gsim/base.py:347: ExperimentalWarning: CanadaSHM6_ActiveCrust_BooreEtAl2014 is experimental and may change in future versions - the user is liable for their application
  warnings.warn(msg, ExperimentalWarning)
/home/ssm-user/src/oq-engine/openquake/hazardlib/gsim/base.py:347: ExperimentalWarning: CanadaSHM6_ActiveCrust_BooreEtAl2014 is experimental and may change in future versions - the user is liable for their application
  warnings.warn(msg, ExperimentalWarning)
/home/ssm-user/src/oq-engine/openquake/hazardlib/gsim/base.py:347: ExperimentalWarning: CanadaSHM6_ActiveCrust_BooreEtAl2014 is experimental and may change in future versions - the user is liable for their application
  warnings.warn(msg, ExperimentalWarning)
/home/ssm-user/src/oq-engine/openquake/hazardlib/gsim/base.py:347: ExperimentalWarning: CanadaSHM6_ActiveCrust_BooreEtAl2014 is experimental and may change in future versions - the user is liable for their application
  warnings.warn(msg, ExperimentalWarning)
/home/ssm-user/src/oq-engine/openquake/hazardlib/gsim/base.py:347: ExperimentalWarning: CanadaSHM6_ActiveCrust_BooreEtAl2014 is experimental and may change in future versions - the user is liable for their application
  warnings.warn(msg, ExperimentalWarning)
/home/ssm-user/src/oq-engine/openquake/hazardlib/gsim/base.py:347: ExperimentalWarning: CanadaSHM6_ActiveCrust_BooreEtAl2014 is experimental and may change in future versions - the user is liable for their application
  warnings.warn(msg, ExperimentalWarning)
/home/ssm-user/src/oq-engine/openquake/hazardlib/gsim/base.py:347: ExperimentalWarning: CanadaSHM6_ActiveCrust_BooreEtAl2014 is experimental and may change in future versions - the user is liable for their application
  warnings.warn(msg, ExperimentalWarning)
/home/ssm-user/src/oq-engine/openquake/hazardlib/gsim/base.py:347: ExperimentalWarning: CanadaSHM6_ActiveCrust_BooreEtAl2014 is experimental and may change in future versions - the user is liable for their application
  warnings.warn(msg, ExperimentalWarning)
/home/ssm-user/src/oq-engine/openquake/hazardlib/gsim/base.py:347: ExperimentalWarning: CanadaSHM6_ActiveCrust_BooreEtAl2014 is experimental and may change in future versions - the user is liable for their application
  warnings.warn(msg, ExperimentalWarning)
/home/ssm-user/src/oq-engine/openquake/hazardlib/gsim/base.py:347: ExperimentalWarning: CanadaSHM6_ActiveCrust_BooreEtAl2014 is experimental and may change in future versions - the user is liable for their application
  warnings.warn(msg, ExperimentalWarning)
/home/ssm-user/src/oq-engine/openquake/hazardlib/gsim/base.py:347: ExperimentalWarning: CanadaSHM6_ActiveCrust_BooreEtAl2014 is experimental and may change in future versions - the user is liable for their application
  warnings.warn(msg, ExperimentalWarning)
/home/ssm-user/src/oq-engine/openquake/hazardlib/gsim/base.py:347: ExperimentalWarning: CanadaSHM6_ActiveCrust_BooreEtAl2014 is experimental and may change in future versions - the user is liable for their application
  warnings.warn(msg, ExperimentalWarning)
/home/ssm-user/src/oq-engine/openquake/hazardlib/gsim/base.py:347: ExperimentalWarning: CanadaSHM6_ActiveCrust_BooreEtAl2014 is experimental and may change in future versions - the user is liable for their application
  warnings.warn(msg, ExperimentalWarning)
/home/ssm-user/src/oq-engine/openquake/hazardlib/gsim/base.py:347: ExperimentalWarning: CanadaSHM6_ActiveCrust_BooreEtAl2014 is experimental and may change in future versions - the user is liable for their application
  warnings.warn(msg, ExperimentalWarning)
/home/ssm-user/src/oq-engine/openquake/hazardlib/gsim/base.py:347: ExperimentalWarning: CanadaSHM6_ActiveCrust_BooreEtAl2014 is experimental and may change in future versions - the user is liable for their application
  warnings.warn(msg, ExperimentalWarning)
/home/ssm-user/src/oq-engine/openquake/hazardlib/gsim/base.py:347: ExperimentalWarning: CanadaSHM6_ActiveCrust_BooreEtAl2014 is experimental and may change in future versions - the user is liable for their application
  warnings.warn(msg, ExperimentalWarning)
/home/ssm-user/src/oq-engine/openquake/hazardlib/gsim/base.py:347: ExperimentalWarning: CanadaSHM6_ActiveCrust_BooreEtAl2014 is experimental and may change in future versions - the user is liable for their application
  warnings.warn(msg, ExperimentalWarning)
/home/ssm-user/src/oq-engine/openquake/hazardlib/gsim/base.py:347: ExperimentalWarning: CanadaSHM6_ActiveCrust_BooreEtAl2014 is experimental and may change in future versions - the user is liable for their application
  warnings.warn(msg, ExperimentalWarning)
/home/ssm-user/src/oq-engine/openquake/hazardlib/gsim/base.py:347: ExperimentalWarning: CanadaSHM6_ActiveCrust_BooreEtAl2014 is experimental and may change in future versions - the user is liable for their application
  warnings.warn(msg, ExperimentalWarning)
/home/ssm-user/src/oq-engine/openquake/hazardlib/gsim/base.py:347: ExperimentalWarning: CanadaSHM6_ActiveCrust_BooreEtAl2014 is experimental and may change in future versions - the user is liable for their application
  warnings.warn(msg, ExperimentalWarning)
/home/ssm-user/src/oq-engine/openquake/hazardlib/gsim/base.py:347: ExperimentalWarning: CanadaSHM6_ActiveCrust_BooreEtAl2014 is experimental and may change in future versions - the user is liable for their application
  warnings.warn(msg, ExperimentalWarning)
/home/ssm-user/src/oq-engine/openquake/hazardlib/gsim/base.py:347: ExperimentalWarning: CanadaSHM6_ActiveCrust_BooreEtAl2014 is experimental and may change in future versions - the user is liable for their application
  warnings.warn(msg, ExperimentalWarning)
/home/ssm-user/src/oq-engine/openquake/hazardlib/gsim/base.py:347: ExperimentalWarning: CanadaSHM6_ActiveCrust_BooreEtAl2014 is experimental and may change in future versions - the user is liable for their application
  warnings.warn(msg, ExperimentalWarning)
/home/ssm-user/src/oq-engine/openquake/hazardlib/gsim/base.py:347: ExperimentalWarning: CanadaSHM6_ActiveCrust_BooreEtAl2014 is experimental and may change in future versions - the user is liable for their application
  warnings.warn(msg, ExperimentalWarning)
/home/ssm-user/src/oq-engine/openquake/hazardlib/gsim/base.py:347: ExperimentalWarning: CanadaSHM6_ActiveCrust_BooreEtAl2014 is experimental and may change in future versions - the user is liable for their application
  warnings.warn(msg, ExperimentalWarning)
/home/ssm-user/src/oq-engine/openquake/hazardlib/gsim/base.py:347: ExperimentalWarning: CanadaSHM6_ActiveCrust_BooreEtAl2014 is experimental and may change in future versions - the user is liable for their application
  warnings.warn(msg, ExperimentalWarning)
/home/ssm-user/src/oq-engine/openquake/hazardlib/gsim/base.py:347: ExperimentalWarning: CanadaSHM6_ActiveCrust_BooreEtAl2014 is experimental and may change in future versions - the user is liable for their application
  warnings.warn(msg, ExperimentalWarning)
/home/ssm-user/src/oq-engine/openquake/hazardlib/gsim/base.py:347: ExperimentalWarning: CanadaSHM6_ActiveCrust_BooreEtAl2014 is experimental and may change in future versions - the user is liable for their application
  warnings.warn(msg, ExperimentalWarning)
/home/ssm-user/src/oq-engine/openquake/hazardlib/gsim/base.py:347: ExperimentalWarning: CanadaSHM6_ActiveCrust_BooreEtAl2014 is experimental and may change in future versions - the user is liable for their application
  warnings.warn(msg, ExperimentalWarning)
/home/ssm-user/src/oq-engine/openquake/hazardlib/gsim/base.py:347: ExperimentalWarning: CanadaSHM6_ActiveCrust_BooreEtAl2014 is experimental and may change in future versions - the user is liable for their application
  warnings.warn(msg, ExperimentalWarning)
[2021-12-07 21:31:22 #220 INFO] root running /mnt/storage/canada-srm2/ebRisk/input/ebRisk_r1_ON_N_LondonRegion.ini [--hc=219]
[2021-12-07 21:31:22 #220 INFO] Using engine version 3.11.3-git0cccb86798
[2021-12-07 21:31:23 #220 WARNING] Version v3.12.1 of the engine is available, but you are still using version 3.11.3-git0cccb86798
[2021-12-07 21:31:23 #220 WARNING] Using 96 cores on ip-10-70-136-20
[2021-12-07 21:31:23 #220 INFO] Validated nationalModel.xml in 0.01 seconds
[2021-12-07 21:31:23 #220 INFO] Checksum of the input files: 514598877
[2021-12-07 21:31:23 #220 INFO] Reading the risk model if present
[2021-12-07 21:31:47 #220 INFO] Reading /mnt/storage/openquake-inputs/exposure/general-building-stock/oqBldgExp_ON_N_LondonRegion.xml
[2021-12-07 21:31:52 #220 INFO] Associated 37982 assets to 978 sites
[2021-12-07 21:31:56 #220 INFO] Reducing risk model from 7260 to 289 taxonomies
[2021-12-07 21:31:57 #220 INFO] minimum_asset_loss={'contents': 0, 'nonstructural': 0, 'occupants': 0, 'structural': 0}
[2021-12-07 21:31:57 #220 INFO] Storing 1176 aggregation keys
[2021-12-07 21:31:57 #220 INFO] Storing risk model
[2021-12-07 21:31:57 #220 INFO] minimum_intensity={'SA(0.3)': 0.02, 'SA(0.6)': 0.05, 'SA(1.0)': 0.05, 'SA(2.0)': 0.05, 'SA(0.5)': 0.05}
[2021-12-07 21:31:57 #220 INFO] Sending 423_844 ruptures
  id | name
1274 | Aggregate Event Losses
1273 | Aggregate Loss Curves Statistics
1275 | Aggregate Losses Statistics
1276 | Average Asset Losses Statistics
1281 | Earthquake Ruptures
1277 | Events
1278 | Full Report
1279 | Input Files
1280 | Realizations
1282 | Source Loss Table
[2021-12-07 21:32:23 #220 INFO] Sent 194 tasks, 195.45 MB in 20 seconds
[2021-12-07 21:39:02 #220 INFO] start_ebrisk   1% [194 submitted, 0 queued]
[2021-12-07 21:39:29 #220 INFO] start_ebrisk   2% [194 submitted, 0 queued]
[2021-12-07 21:39:52 #220 INFO] start_ebrisk   3% [194 submitted, 0 queued]
[2021-12-07 21:40:19 #220 INFO] start_ebrisk   4% [194 submitted, 0 queued]
[2021-12-07 21:40:28 #220 INFO] start_ebrisk   5% [194 submitted, 0 queued]
[2021-12-07 21:40:57 #220 INFO] start_ebrisk   6% [194 submitted, 0 queued]
[2021-12-07 21:41:11 #220 INFO] start_ebrisk   7% [194 submitted, 0 queued]
[2021-12-07 21:41:20 #220 INFO] start_ebrisk   8% [194 submitted, 0 queued]
[2021-12-07 21:41:23 #220 INFO] start_ebrisk   9% [194 submitted, 0 queued]
[2021-12-07 21:41:30 #220 INFO] start_ebrisk  10% [194 submitted, 0 queued]
[2021-12-07 21:41:51 #220 INFO] start_ebrisk  11% [194 submitted, 0 queued]
[2021-12-07 21:41:54 #220 INFO] start_ebrisk  12% [194 submitted, 0 queued]
[2021-12-07 21:42:05 #220 INFO] start_ebrisk  13% [194 submitted, 0 queued]
[2021-12-07 21:42:08 #220 INFO] start_ebrisk  14% [194 submitted, 0 queued]
[2021-12-07 21:42:13 #220 INFO] start_ebrisk  15% [194 submitted, 0 queued]
[2021-12-07 21:42:17 #220 INFO] start_ebrisk  16% [194 submitted, 0 queued]
[2021-12-07 21:42:35 #220 INFO] start_ebrisk  17% [194 submitted, 0 queued]
[2021-12-07 21:43:23 #220 INFO] start_ebrisk  18% [194 submitted, 0 queued]
[2021-12-07 21:44:06 #220 INFO] start_ebrisk  19% [194 submitted, 0 queued]
[2021-12-07 21:44:19 #220 INFO] start_ebrisk  20% [194 submitted, 0 queued]
[2021-12-07 21:44:33 #220 INFO] start_ebrisk  21% [194 submitted, 0 queued]
[2021-12-07 21:44:48 #220 INFO] start_ebrisk  22% [194 submitted, 0 queued]
[2021-12-07 21:45:35 #220 INFO] start_ebrisk  23% [194 submitted, 0 queued]
[2021-12-07 21:45:54 #220 INFO] start_ebrisk  24% [194 submitted, 0 queued]
[2021-12-07 21:46:19 #220 INFO] start_ebrisk  25% [194 submitted, 0 queued]
[2021-12-07 21:46:39 #220 INFO] start_ebrisk  26% [194 submitted, 0 queued]
[2021-12-07 21:47:27 #220 INFO] start_ebrisk  27% [194 submitted, 0 queued]
[2021-12-07 21:47:54 #220 INFO] start_ebrisk  28% [194 submitted, 0 queued]
[2021-12-07 21:48:05 #220 INFO] start_ebrisk  29% [194 submitted, 0 queued]
[2021-12-07 21:48:16 #220 INFO] start_ebrisk  30% [194 submitted, 0 queued]
[2021-12-07 21:48:34 #220 INFO] start_ebrisk  31% [194 submitted, 0 queued]
[2021-12-07 21:48:41 #220 INFO] start_ebrisk  32% [194 submitted, 0 queued]
[2021-12-07 21:48:45 #220 INFO] start_ebrisk  33% [194 submitted, 0 queued]
[2021-12-07 21:48:54 #220 INFO] start_ebrisk  34% [194 submitted, 0 queued]
[2021-12-07 21:49:09 #220 INFO] start_ebrisk  35% [194 submitted, 0 queued]
[2021-12-07 21:49:28 #220 INFO] start_ebrisk  36% [194 submitted, 0 queued]
[2021-12-07 21:49:32 #220 INFO] start_ebrisk  37% [194 submitted, 0 queued]
[2021-12-07 21:49:36 #220 INFO] start_ebrisk  38% [194 submitted, 0 queued]
[2021-12-07 21:49:53 #220 INFO] start_ebrisk  39% [194 submitted, 0 queued]
[2021-12-07 21:50:25 #220 INFO] start_ebrisk  40% [194 submitted, 0 queued]
[2021-12-07 21:50:33 #220 INFO] start_ebrisk  41% [194 submitted, 0 queued]
[2021-12-07 21:50:36 #220 INFO] start_ebrisk  42% [194 submitted, 0 queued]
[2021-12-07 21:51:10 #220 INFO] start_ebrisk  43% [194 submitted, 0 queued]
[2021-12-07 21:51:16 #220 INFO] start_ebrisk  44% [194 submitted, 0 queued]
[2021-12-07 21:51:52 #220 INFO] start_ebrisk  45% [194 submitted, 0 queued]
[2021-12-07 21:51:58 #220 INFO] start_ebrisk  46% [194 submitted, 0 queued]
[2021-12-07 21:52:17 #220 INFO] start_ebrisk  47% [194 submitted, 0 queued]
[2021-12-07 21:53:25 #220 INFO] start_ebrisk  48% [194 submitted, 0 queued]
[2021-12-07 21:54:25 #220 INFO] start_ebrisk  49% [194 submitted, 0 queued]
[2021-12-07 21:54:35 #220 INFO] start_ebrisk  50% [194 submitted, 0 queued]
[2021-12-07 21:55:18 #220 INFO] start_ebrisk  51% [194 submitted, 0 queued]
[2021-12-07 21:55:46 #220 INFO] start_ebrisk  52% [194 submitted, 0 queued]
[2021-12-07 21:56:20 #220 INFO] start_ebrisk  53% [194 submitted, 0 queued]
[2021-12-07 21:56:30 #220 INFO] start_ebrisk  54% [194 submitted, 0 queued]
[2021-12-07 21:56:34 #220 INFO] start_ebrisk  55% [194 submitted, 0 queued]
[2021-12-07 21:56:57 #220 INFO] start_ebrisk  56% [194 submitted, 0 queued]
[2021-12-07 21:57:07 #220 INFO] start_ebrisk  57% [194 submitted, 0 queued]
[2021-12-07 21:57:20 #220 INFO] start_ebrisk  58% [194 submitted, 0 queued]
[2021-12-07 21:57:51 #220 INFO] start_ebrisk  59% [194 submitted, 0 queued]
[2021-12-07 21:58:15 #220 INFO] start_ebrisk  60% [194 submitted, 0 queued]
[2021-12-07 21:58:28 #220 INFO] start_ebrisk  61% [194 submitted, 0 queued]
[2021-12-07 21:58:30 #220 INFO] start_ebrisk  62% [194 submitted, 0 queued]
[2021-12-07 21:58:41 #220 INFO] start_ebrisk  63% [194 submitted, 0 queued]
[2021-12-07 21:59:03 #220 INFO] start_ebrisk  64% [194 submitted, 0 queued]
[2021-12-07 21:59:35 #220 INFO] start_ebrisk  65% [194 submitted, 0 queued]
[2021-12-07 21:59:50 #220 INFO] start_ebrisk  66% [194 submitted, 0 queued]
[2021-12-07 21:59:51 #220 INFO] start_ebrisk  67% [194 submitted, 0 queued]
[2021-12-07 21:59:55 #220 INFO] start_ebrisk  68% [194 submitted, 0 queued]
[2021-12-07 22:00:11 #220 INFO] start_ebrisk  69% [194 submitted, 0 queued]
[2021-12-07 22:00:20 #220 INFO] start_ebrisk  70% [194 submitted, 0 queued]
[2021-12-07 22:00:36 #220 INFO] start_ebrisk  71% [194 submitted, 0 queued]
[2021-12-07 22:00:38 #220 INFO] start_ebrisk  72% [194 submitted, 0 queued]
[2021-12-07 22:00:41 #220 INFO] start_ebrisk  73% [194 submitted, 0 queued]
[2021-12-07 22:00:49 #220 INFO] start_ebrisk  74% [194 submitted, 0 queued]
[2021-12-07 22:01:05 #220 INFO] start_ebrisk  75% [194 submitted, 0 queued]
[2021-12-07 22:01:30 #220 INFO] start_ebrisk  76% [194 submitted, 0 queued]
[2021-12-07 22:02:00 #220 INFO] start_ebrisk  77% [194 submitted, 0 queued]
[2021-12-07 22:02:16 #220 INFO] start_ebrisk  78% [194 submitted, 0 queued]
[2021-12-07 22:02:43 #220 INFO] start_ebrisk  79% [194 submitted, 0 queued]
[2021-12-07 22:02:50 #220 INFO] start_ebrisk  80% [194 submitted, 0 queued]
[2021-12-07 22:02:59 #220 INFO] start_ebrisk  81% [194 submitted, 0 queued]
[2021-12-07 22:03:01 #220 INFO] start_ebrisk  82% [194 submitted, 0 queued]
[2021-12-07 22:03:14 #220 INFO] start_ebrisk  83% [194 submitted, 0 queued]
[2021-12-07 22:03:54 #220 INFO] start_ebrisk  84% [194 submitted, 0 queued]
[2021-12-07 22:04:07 #220 INFO] start_ebrisk  85% [194 submitted, 0 queued]
[2021-12-07 22:05:15 #220 INFO] start_ebrisk  86% [194 submitted, 0 queued]
[2021-12-07 22:05:21 #220 INFO] start_ebrisk  87% [194 submitted, 0 queued]
[2021-12-07 22:05:36 #220 INFO] start_ebrisk  88% [194 submitted, 0 queued]
[2021-12-07 22:05:44 #220 INFO] start_ebrisk  89% [194 submitted, 0 queued]
[2021-12-07 22:06:14 #220 INFO] start_ebrisk  90% [194 submitted, 0 queued]
[2021-12-07 22:06:18 #220 INFO] start_ebrisk  91% [194 submitted, 0 queued]
[2021-12-07 22:06:19 #220 INFO] start_ebrisk  92% [194 submitted, 0 queued]
[2021-12-07 22:07:30 #220 INFO] start_ebrisk  93% [194 submitted, 0 queued]
[2021-12-07 22:08:56 #220 INFO] start_ebrisk  94% [194 submitted, 0 queued]
[2021-12-07 22:09:58 #220 INFO] start_ebrisk  95% [194 submitted, 0 queued]
[2021-12-07 22:11:18 #220 INFO] start_ebrisk  96% [194 submitted, 0 queued]
[2021-12-07 22:11:53 #220 INFO] start_ebrisk  97% [194 submitted, 0 queued]
[2021-12-07 22:12:34 #220 INFO] start_ebrisk  98% [194 submitted, 0 queued]
[2021-12-07 22:15:58 #220 INFO] start_ebrisk  99% [194 submitted, 0 queued]
[2021-12-07 22:16:41 #220 INFO] start_ebrisk 100% [194 submitted, 0 queued]
[2021-12-07 22:16:41 #220 INFO] Mean time per core=1818s, std=289.7s, min=1389s, max=2674s
[2021-12-07 22:16:41 #220 INFO] Received {'alt': '1.38 GB', 'losses_by_A': '112.46 MB', 'momenta': '14.5 MB', 'gmf_info': '4.07 MB', 'events_per_sid': '3.98 KB'} in 2658 seconds
[2021-12-07 22:16:41 #220 INFO] Produced 3.19 GB of GMFs
[2021-12-07 22:16:41 #220 INFO] Stored 1.38 GB in the agg_loss_table
[2021-12-07 22:16:41 #220 INFO] Building the src_loss_table
[2021-12-07 22:17:00 #220 INFO] Sending 27.56 MB of losses
[2021-12-07 22:17:01 #220 INFO] Sending 16.02 MB of losses
[2021-12-07 22:17:02 #220 INFO] Sending 18.18 MB of losses
[2021-12-07 22:17:02 #220 INFO] Sending 15.67 MB of losses
[2021-12-07 22:17:03 #220 INFO] Sending 19.01 MB of losses
[2021-12-07 22:17:04 #220 INFO] Sending 13.68 MB of losses
[2021-12-07 22:17:04 #220 INFO] Sending 13.38 MB of losses
[2021-12-07 22:17:05 #220 INFO] Sending 36.48 MB of losses
[2021-12-07 22:17:06 #220 INFO] Sending 18.07 MB of losses
[2021-12-07 22:17:06 #220 INFO] Sending 33.15 MB of losses
[2021-12-07 22:17:07 #220 INFO] Sending 26.32 MB of losses
[2021-12-07 22:17:08 #220 INFO] Sending 24.01 MB of losses
[2021-12-07 22:17:09 #220 INFO] Sending 31.93 MB of losses
[2021-12-07 22:17:09 #220 INFO] Sending 17.47 MB of losses
[2021-12-07 22:17:10 #220 INFO] Sending 19.97 MB of losses
[2021-12-07 22:17:11 #220 INFO] Sending 14.89 MB of losses
[2021-12-07 22:17:11 #220 INFO] Sending 18.03 MB of losses
[2021-12-07 22:17:13 #220 INFO] Sending 15.78 MB of losses
[2021-12-07 22:17:13 #220 INFO] Sending 15.23 MB of losses
[2021-12-07 22:17:14 #220 INFO] Sending 11.56 MB of losses
[2021-12-07 22:17:15 #220 INFO] Sending 12.21 MB of losses
[2021-12-07 22:17:15 #220 INFO] Sending 15.97 MB of losses
[2021-12-07 22:17:16 #220 INFO] Sending 11.35 MB of losses
[2021-12-07 22:17:17 #220 INFO] Sending 14.99 MB of losses
[2021-12-07 22:17:17 #220 INFO] Sending 14.34 MB of losses
[2021-12-07 22:17:18 #220 INFO] Sending 14.02 MB of losses
[2021-12-07 22:17:19 #220 INFO] Sending 19.65 MB of losses
[2021-12-07 22:17:19 #220 INFO] Sending 21.93 MB of losses
[2021-12-07 22:17:20 #220 INFO] Sending 14.64 MB of losses
[2021-12-07 22:17:21 #220 INFO] Sending 17.49 MB of losses
[2021-12-07 22:17:22 #220 INFO] Sending 12.16 MB of losses
[2021-12-07 22:17:22 #220 INFO] Sending 16.47 MB of losses
[2021-12-07 22:17:23 #220 INFO] Sending 18.46 MB of losses
[2021-12-07 22:17:24 #220 INFO] Sending 16.14 MB of losses
[2021-12-07 22:17:24 #220 INFO] Sending 22.42 MB of losses
[2021-12-07 22:17:25 #220 INFO] Sending 19.02 MB of losses
[2021-12-07 22:17:26 #220 INFO] Sending 15.75 MB of losses
[2021-12-07 22:17:26 #220 INFO] Sending 13.85 MB of losses
[2021-12-07 22:17:27 #220 INFO] Sending 15.14 MB of losses
[2021-12-07 22:17:28 #220 INFO] Sending 21.43 MB of losses
[2021-12-07 22:17:28 #220 INFO] Sending 15.71 MB of losses
[2021-12-07 22:17:29 #220 INFO] Sending 20.2 MB of losses
[2021-12-07 22:17:30 #220 INFO] Sending 18.6 MB of losses
[2021-12-07 22:17:30 #220 INFO] Sending 16.11 MB of losses
[2021-12-07 22:17:31 #220 INFO] Sending 21.4 MB of losses
[2021-12-07 22:17:32 #220 INFO] Sending 15.15 MB of losses
[2021-12-07 22:17:32 #220 INFO] Sending 21.16 MB of losses
[2021-12-07 22:17:34 #220 INFO] Sending 16.03 MB of losses
[2021-12-07 22:17:34 #220 INFO] Sending 18.59 MB of losses
[2021-12-07 22:17:35 #220 INFO] Sending 13.65 MB of losses
[2021-12-07 22:17:36 #220 INFO] Sending 20.35 MB of losses
[2021-12-07 22:17:36 #220 INFO] Sent 52 tasks, 952.73 MB in 35 seconds
[2021-12-07 22:17:38 #220 INFO] post_risk   1% [52 submitted, 0 queued]
[2021-12-07 22:17:38 #220 INFO] post_risk   3% [52 submitted, 0 queued]
[2021-12-07 22:17:39 #220 INFO] post_risk   5% [52 submitted, 0 queued]
[2021-12-07 22:17:39 #220 INFO] post_risk   7% [52 submitted, 0 queued]
[2021-12-07 22:17:39 #220 INFO] post_risk   9% [52 submitted, 0 queued]
[2021-12-07 22:17:39 #220 INFO] post_risk  11% [52 submitted, 0 queued]
[2021-12-07 22:17:39 #220 INFO] post_risk  13% [52 submitted, 0 queued]
[2021-12-07 22:17:39 #220 INFO] post_risk  15% [52 submitted, 0 queued]
[2021-12-07 22:17:39 #220 INFO] post_risk  17% [52 submitted, 0 queued]
[2021-12-07 22:17:39 #220 INFO] post_risk  19% [52 submitted, 0 queued]
[2021-12-07 22:17:39 #220 INFO] post_risk  21% [52 submitted, 0 queued]
[2021-12-07 22:17:39 #220 INFO] post_risk  23% [52 submitted, 0 queued]
[2021-12-07 22:17:39 #220 INFO] post_risk  25% [52 submitted, 0 queued]
[2021-12-07 22:17:39 #220 INFO] post_risk  26% [52 submitted, 0 queued]
[2021-12-07 22:17:39 #220 INFO] post_risk  28% [52 submitted, 0 queued]
[2021-12-07 22:17:39 #220 INFO] post_risk  30% [52 submitted, 0 queued]
[2021-12-07 22:17:39 #220 INFO] post_risk  32% [52 submitted, 0 queued]
[2021-12-07 22:17:39 #220 INFO] post_risk  34% [52 submitted, 0 queued]
[2021-12-07 22:17:39 #220 INFO] post_risk  36% [52 submitted, 0 queued]
[2021-12-07 22:17:39 #220 INFO] post_risk  38% [52 submitted, 0 queued]
[2021-12-07 22:17:39 #220 INFO] post_risk  40% [52 submitted, 0 queued]
[2021-12-07 22:17:39 #220 INFO] post_risk  42% [52 submitted, 0 queued]
[2021-12-07 22:17:39 #220 INFO] post_risk  44% [52 submitted, 0 queued]
[2021-12-07 22:17:39 #220 INFO] post_risk  46% [52 submitted, 0 queued]
[2021-12-07 22:17:39 #220 INFO] post_risk  48% [52 submitted, 0 queued]
[2021-12-07 22:17:39 #220 INFO] post_risk  50% [52 submitted, 0 queued]
[2021-12-07 22:17:39 #220 INFO] post_risk  51% [52 submitted, 0 queued]
[2021-12-07 22:17:39 #220 INFO] post_risk  53% [52 submitted, 0 queued]
[2021-12-07 22:17:39 #220 INFO] post_risk  55% [52 submitted, 0 queued]
[2021-12-07 22:17:39 #220 INFO] post_risk  57% [52 submitted, 0 queued]
[2021-12-07 22:17:39 #220 INFO] post_risk  59% [52 submitted, 0 queued]
[2021-12-07 22:17:39 #220 INFO] post_risk  61% [52 submitted, 0 queued]
[2021-12-07 22:17:39 #220 INFO] post_risk  63% [52 submitted, 0 queued]
[2021-12-07 22:17:39 #220 INFO] post_risk  65% [52 submitted, 0 queued]
[2021-12-07 22:17:39 #220 INFO] post_risk  67% [52 submitted, 0 queued]
[2021-12-07 22:17:39 #220 INFO] post_risk  69% [52 submitted, 0 queued]
[2021-12-07 22:17:39 #220 INFO] post_risk  71% [52 submitted, 0 queued]
[2021-12-07 22:17:39 #220 INFO] post_risk  73% [52 submitted, 0 queued]
[2021-12-07 22:17:39 #220 INFO] post_risk  75% [52 submitted, 0 queued]
[2021-12-07 22:17:39 #220 INFO] post_risk  76% [52 submitted, 0 queued]
[2021-12-07 22:17:39 #220 INFO] post_risk  78% [52 submitted, 0 queued]
[2021-12-07 22:17:39 #220 INFO] post_risk  80% [52 submitted, 0 queued]
[2021-12-07 22:17:39 #220 INFO] post_risk  82% [52 submitted, 0 queued]
[2021-12-07 22:17:39 #220 INFO] post_risk  84% [52 submitted, 0 queued]
[2021-12-07 22:17:39 #220 INFO] post_risk  86% [52 submitted, 0 queued]
[2021-12-07 22:17:39 #220 INFO] post_risk  88% [52 submitted, 0 queued]
[2021-12-07 22:17:39 #220 INFO] post_risk  90% [52 submitted, 0 queued]
[2021-12-07 22:17:39 #220 INFO] post_risk  92% [52 submitted, 0 queued]
[2021-12-07 22:17:39 #220 INFO] post_risk  94% [52 submitted, 0 queued]
[2021-12-07 22:17:39 #220 INFO] post_risk  96% [52 submitted, 0 queued]
[2021-12-07 22:17:39 #220 INFO] post_risk  98% [52 submitted, 0 queued]
[2021-12-07 22:17:39 #220 INFO] post_risk 100% [52 submitted, 0 queued]
[2021-12-07 22:17:39 #220 INFO] Mean time per core=0s, std=0.1s, min=0s, max=1s
[2021-12-07 22:17:39 #220 INFO] Received {'tot': '32.98 MB'} in 3 seconds
[2021-12-07 22:18:02 #220 INFO] Total portfolio loss
==== ============= ============== ========= ==============
loss contents      nonstructural  occupants structural    
==== ============= ============== ========= ==============
avg  6_643_397_328 24_871_168_579 357       28_860_679_618
==== ============= ============== ========= ==============
[2021-12-07 22:18:02 #220 INFO] Sanity check on agg_losses
[2021-12-07 22:18:04 #220 INFO] Exposing the outputs to the database
[2021-12-07 22:18:04 #220 INFO] Stored 1.44 GB on /root/oqdata/calc_220.hdf5 in 2800 seconds
/home/ssm-user/src/oq-engine/openquake/hazardlib/gsim/base.py:347: ExperimentalWarning: CanadaSHM6_ActiveCrust_BooreEtAl2014 is experimental and may change in future versions - the user is liable for their application
  warnings.warn(msg, ExperimentalWarning)
/home/ssm-user/src/oq-engine/openquake/hazardlib/gsim/base.py:347: ExperimentalWarning: CanadaSHM6_ActiveCrust_BooreEtAl2014 is experimental and may change in future versions - the user is liable for their application
  warnings.warn(msg, ExperimentalWarning)
/home/ssm-user/src/oq-engine/openquake/hazardlib/gsim/base.py:347: ExperimentalWarning: CanadaSHM6_ActiveCrust_BooreEtAl2014 is experimental and may change in future versions - the user is liable for their application
  warnings.warn(msg, ExperimentalWarning)
/home/ssm-user/src/oq-engine/openquake/hazardlib/gsim/base.py:347: ExperimentalWarning: CanadaSHM6_ActiveCrust_BooreEtAl2014 is experimental and may change in future versions - the user is liable for their application
  warnings.warn(msg, ExperimentalWarning)
/home/ssm-user/src/oq-engine/openquake/hazardlib/gsim/base.py:347: ExperimentalWarning: CanadaSHM6_ActiveCrust_BooreEtAl2014 is experimental and may change in future versions - the user is liable for their application
  warnings.warn(msg, ExperimentalWarning)
/home/ssm-user/src/oq-engine/openquake/hazardlib/gsim/base.py:347: ExperimentalWarning: CanadaSHM6_ActiveCrust_BooreEtAl2014 is experimental and may change in future versions - the user is liable for their application
  warnings.warn(msg, ExperimentalWarning)
/home/ssm-user/src/oq-engine/openquake/hazardlib/gsim/base.py:347: ExperimentalWarning: CanadaSHM6_ActiveCrust_BooreEtAl2014 is experimental and may change in future versions - the user is liable for their application
  warnings.warn(msg, ExperimentalWarning)
/home/ssm-user/src/oq-engine/openquake/hazardlib/gsim/base.py:347: ExperimentalWarning: CanadaSHM6_ActiveCrust_BooreEtAl2014 is experimental and may change in future versions - the user is liable for their application
  warnings.warn(msg, ExperimentalWarning)
/home/ssm-user/src/oq-engine/openquake/hazardlib/gsim/base.py:347: ExperimentalWarning: CanadaSHM6_ActiveCrust_BooreEtAl2014 is experimental and may change in future versions - the user is liable for their application
  warnings.warn(msg, ExperimentalWarning)
/home/ssm-user/src/oq-engine/openquake/hazardlib/gsim/base.py:347: ExperimentalWarning: CanadaSHM6_ActiveCrust_BooreEtAl2014 is experimental and may change in future versions - the user is liable for their application
  warnings.warn(msg, ExperimentalWarning)
/home/ssm-user/src/oq-engine/openquake/hazardlib/gsim/base.py:347: ExperimentalWarning: CanadaSHM6_ActiveCrust_BooreEtAl2014 is experimental and may change in future versions - the user is liable for their application
  warnings.warn(msg, ExperimentalWarning)
/home/ssm-user/src/oq-engine/openquake/hazardlib/gsim/base.py:347: ExperimentalWarning: CanadaSHM6_ActiveCrust_BooreEtAl2014 is experimental and may change in future versions - the user is liable for their application
  warnings.warn(msg, ExperimentalWarning)
/home/ssm-user/src/oq-engine/openquake/hazardlib/gsim/base.py:347: ExperimentalWarning: CanadaSHM6_ActiveCrust_BooreEtAl2014 is experimental and may change in future versions - the user is liable for their application
  warnings.warn(msg, ExperimentalWarning)
/home/ssm-user/src/oq-engine/openquake/hazardlib/gsim/base.py:347: ExperimentalWarning: CanadaSHM6_ActiveCrust_BooreEtAl2014 is experimental and may change in future versions - the user is liable for their application
  warnings.warn(msg, ExperimentalWarning)
/home/ssm-user/src/oq-engine/openquake/hazardlib/gsim/base.py:347: ExperimentalWarning: CanadaSHM6_ActiveCrust_BooreEtAl2014 is experimental and may change in future versions - the user is liable for their application
  warnings.warn(msg, ExperimentalWarning)
/home/ssm-user/src/oq-engine/openquake/hazardlib/gsim/base.py:347: ExperimentalWarning: CanadaSHM6_ActiveCrust_BooreEtAl2014 is experimental and may change in future versions - the user is liable for their application
  warnings.warn(msg, ExperimentalWarning)
/home/ssm-user/src/oq-engine/openquake/hazardlib/gsim/base.py:347: ExperimentalWarning: CanadaSHM6_ActiveCrust_BooreEtAl2014 is experimental and may change in future versions - the user is liable for their application
  warnings.warn(msg, ExperimentalWarning)
/home/ssm-user/src/oq-engine/openquake/hazardlib/gsim/base.py:347: ExperimentalWarning: CanadaSHM6_ActiveCrust_BooreEtAl2014 is experimental and may change in future versions - the user is liable for their application
  warnings.warn(msg, ExperimentalWarning)
/home/ssm-user/src/oq-engine/openquake/hazardlib/gsim/base.py:347: ExperimentalWarning: CanadaSHM6_ActiveCrust_BooreEtAl2014 is experimental and may change in future versions - the user is liable for their application
  warnings.warn(msg, ExperimentalWarning)
/home/ssm-user/src/oq-engine/openquake/hazardlib/gsim/base.py:347: ExperimentalWarning: CanadaSHM6_ActiveCrust_BooreEtAl2014 is experimental and may change in future versions - the user is liable for their application
  warnings.warn(msg, ExperimentalWarning)
/home/ssm-user/src/oq-engine/openquake/hazardlib/gsim/base.py:347: ExperimentalWarning: CanadaSHM6_ActiveCrust_BooreEtAl2014 is experimental and may change in future versions - the user is liable for their application
  warnings.warn(msg, ExperimentalWarning)
/home/ssm-user/src/oq-engine/openquake/hazardlib/gsim/base.py:347: ExperimentalWarning: CanadaSHM6_ActiveCrust_BooreEtAl2014 is experimental and may change in future versions - the user is liable for their application
  warnings.warn(msg, ExperimentalWarning)
/home/ssm-user/src/oq-engine/openquake/hazardlib/gsim/base.py:347: ExperimentalWarning: CanadaSHM6_ActiveCrust_BooreEtAl2014 is experimental and may change in future versions - the user is liable for their application
  warnings.warn(msg, ExperimentalWarning)
/home/ssm-user/src/oq-engine/openquake/hazardlib/gsim/base.py:347: ExperimentalWarning: CanadaSHM6_ActiveCrust_BooreEtAl2014 is experimental and may change in future versions - the user is liable for their application
  warnings.warn(msg, ExperimentalWarning)
/home/ssm-user/src/oq-engine/openquake/hazardlib/gsim/base.py:347: ExperimentalWarning: CanadaSHM6_ActiveCrust_BooreEtAl2014 is experimental and may change in future versions - the user is liable for their application
  warnings.warn(msg, ExperimentalWarning)
/home/ssm-user/src/oq-engine/openquake/hazardlib/gsim/base.py:347: ExperimentalWarning: CanadaSHM6_ActiveCrust_BooreEtAl2014 is experimental and may change in future versions - the user is liable for their application
  warnings.warn(msg, ExperimentalWarning)
/home/ssm-user/src/oq-engine/openquake/hazardlib/gsim/base.py:347: ExperimentalWarning: CanadaSHM6_ActiveCrust_BooreEtAl2014 is experimental and may change in future versions - the user is liable for their application
  warnings.warn(msg, ExperimentalWarning)
/home/ssm-user/src/oq-engine/openquake/hazardlib/gsim/base.py:347: ExperimentalWarning: CanadaSHM6_ActiveCrust_BooreEtAl2014 is experimental and may change in future versions - the user is liable for their application
  warnings.warn(msg, ExperimentalWarning)
/home/ssm-user/src/oq-engine/openquake/hazardlib/gsim/base.py:347: ExperimentalWarning: CanadaSHM6_ActiveCrust_BooreEtAl2014 is experimental and may change in future versions - the user is liable for their application
  warnings.warn(msg, ExperimentalWarning)
/home/ssm-user/src/oq-engine/openquake/hazardlib/gsim/base.py:347: ExperimentalWarning: CanadaSHM6_ActiveCrust_BooreEtAl2014 is experimental and may change in future versions - the user is liable for their application
  warnings.warn(msg, ExperimentalWarning)
/home/ssm-user/src/oq-engine/openquake/hazardlib/gsim/base.py:347: ExperimentalWarning: CanadaSHM6_ActiveCrust_BooreEtAl2014 is experimental and may change in future versions - the user is liable for their application
  warnings.warn(msg, ExperimentalWarning)
/home/ssm-user/src/oq-engine/openquake/hazardlib/gsim/base.py:347: ExperimentalWarning: CanadaSHM6_ActiveCrust_BooreEtAl2014 is experimental and may change in future versions - the user is liable for their application
  warnings.warn(msg, ExperimentalWarning)
/home/ssm-user/src/oq-engine/openquake/hazardlib/gsim/base.py:347: ExperimentalWarning: CanadaSHM6_ActiveCrust_BooreEtAl2014 is experimental and may change in future versions - the user is liable for their application
  warnings.warn(msg, ExperimentalWarning)
/home/ssm-user/src/oq-engine/openquake/hazardlib/gsim/base.py:347: ExperimentalWarning: CanadaSHM6_ActiveCrust_BooreEtAl2014 is experimental and may change in future versions - the user is liable for their application
  warnings.warn(msg, ExperimentalWarning)
/home/ssm-user/src/oq-engine/openquake/hazardlib/gsim/base.py:347: ExperimentalWarning: CanadaSHM6_ActiveCrust_BooreEtAl2014 is experimental and may change in future versions - the user is liable for their application
  warnings.warn(msg, ExperimentalWarning)
/home/ssm-user/src/oq-engine/openquake/hazardlib/gsim/base.py:347: ExperimentalWarning: CanadaSHM6_ActiveCrust_BooreEtAl2014 is experimental and may change in future versions - the user is liable for their application
  warnings.warn(msg, ExperimentalWarning)
/home/ssm-user/src/oq-engine/openquake/hazardlib/gsim/base.py:347: ExperimentalWarning: CanadaSHM6_ActiveCrust_BooreEtAl2014 is experimental and may change in future versions - the user is liable for their application
  warnings.warn(msg, ExperimentalWarning)
/home/ssm-user/src/oq-engine/openquake/hazardlib/gsim/base.py:347: ExperimentalWarning: CanadaSHM6_ActiveCrust_BooreEtAl2014 is experimental and may change in future versions - the user is liable for their application
  warnings.warn(msg, ExperimentalWarning)
/home/ssm-user/src/oq-engine/openquake/hazardlib/gsim/base.py:347: ExperimentalWarning: CanadaSHM6_ActiveCrust_BooreEtAl2014 is experimental and may change in future versions - the user is liable for their application
  warnings.warn(msg, ExperimentalWarning)
/home/ssm-user/src/oq-engine/openquake/hazardlib/gsim/base.py:347: ExperimentalWarning: CanadaSHM6_ActiveCrust_BooreEtAl2014 is experimental and may change in future versions - the user is liable for their application
  warnings.warn(msg, ExperimentalWarning)
/home/ssm-user/src/oq-engine/openquake/hazardlib/gsim/base.py:347: ExperimentalWarning: CanadaSHM6_ActiveCrust_BooreEtAl2014 is experimental and may change in future versions - the user is liable for their application
  warnings.warn(msg, ExperimentalWarning)
/home/ssm-user/src/oq-engine/openquake/hazardlib/gsim/base.py:347: ExperimentalWarning: CanadaSHM6_ActiveCrust_BooreEtAl2014 is experimental and may change in future versions - the user is liable for their application
  warnings.warn(msg, ExperimentalWarning)
/home/ssm-user/src/oq-engine/openquake/hazardlib/gsim/base.py:347: ExperimentalWarning: CanadaSHM6_ActiveCrust_BooreEtAl2014 is experimental and may change in future versions - the user is liable for their application
  warnings.warn(msg, ExperimentalWarning)
/home/ssm-user/src/oq-engine/openquake/hazardlib/gsim/base.py:347: ExperimentalWarning: CanadaSHM6_ActiveCrust_BooreEtAl2014 is experimental and may change in future versions - the user is liable for their application
  warnings.warn(msg, ExperimentalWarning)
/home/ssm-user/src/oq-engine/openquake/hazardlib/gsim/base.py:347: ExperimentalWarning: CanadaSHM6_ActiveCrust_BooreEtAl2014 is experimental and may change in future versions - the user is liable for their application
  warnings.warn(msg, ExperimentalWarning)
/home/ssm-user/src/oq-engine/openquake/hazardlib/gsim/base.py:347: ExperimentalWarning: CanadaSHM6_ActiveCrust_BooreEtAl2014 is experimental and may change in future versions - the user is liable for their application
  warnings.warn(msg, ExperimentalWarning)
/home/ssm-user/src/oq-engine/openquake/hazardlib/gsim/base.py:347: ExperimentalWarning: CanadaSHM6_ActiveCrust_BooreEtAl2014 is experimental and may change in future versions - the user is liable for their application
  warnings.warn(msg, ExperimentalWarning)
/home/ssm-user/src/oq-engine/openquake/hazardlib/gsim/base.py:347: ExperimentalWarning: CanadaSHM6_ActiveCrust_BooreEtAl2014 is experimental and may change in future versions - the user is liable for their application
  warnings.warn(msg, ExperimentalWarning)
/home/ssm-user/src/oq-engine/openquake/hazardlib/gsim/base.py:347: ExperimentalWarning: CanadaSHM6_ActiveCrust_BooreEtAl2014 is experimental and may change in future versions - the user is liable for their application
  warnings.warn(msg, ExperimentalWarning)
/home/ssm-user/src/oq-engine/openquake/hazardlib/gsim/base.py:347: ExperimentalWarning: CanadaSHM6_ActiveCrust_BooreEtAl2014 is experimental and may change in future versions - the user is liable for their application
  warnings.warn(msg, ExperimentalWarning)
/home/ssm-user/src/oq-engine/openquake/hazardlib/gsim/base.py:347: ExperimentalWarning: CanadaSHM6_ActiveCrust_BooreEtAl2014 is experimental and may change in future versions - the user is liable for their application
  warnings.warn(msg, ExperimentalWarning)
/home/ssm-user/src/oq-engine/openquake/hazardlib/gsim/base.py:347: ExperimentalWarning: CanadaSHM6_ActiveCrust_BooreEtAl2014 is experimental and may change in future versions - the user is liable for their application
  warnings.warn(msg, ExperimentalWarning)
/home/ssm-user/src/oq-engine/openquake/hazardlib/gsim/base.py:347: ExperimentalWarning: CanadaSHM6_ActiveCrust_BooreEtAl2014 is experimental and may change in future versions - the user is liable for their application
  warnings.warn(msg, ExperimentalWarning)
/home/ssm-user/src/oq-engine/openquake/hazardlib/gsim/base.py:347: ExperimentalWarning: CanadaSHM6_ActiveCrust_BooreEtAl2014 is experimental and may change in future versions - the user is liable for their application
  warnings.warn(msg, ExperimentalWarning)
/home/ssm-user/src/oq-engine/openquake/hazardlib/gsim/base.py:347: ExperimentalWarning: CanadaSHM6_ActiveCrust_BooreEtAl2014 is experimental and may change in future versions - the user is liable for their application
  warnings.warn(msg, ExperimentalWarning)
/home/ssm-user/src/oq-engine/openquake/hazardlib/gsim/base.py:347: ExperimentalWarning: CanadaSHM6_ActiveCrust_BooreEtAl2014 is experimental and may change in future versions - the user is liable for their application
  warnings.warn(msg, ExperimentalWarning)
/home/ssm-user/src/oq-engine/openquake/hazardlib/gsim/base.py:347: ExperimentalWarning: CanadaSHM6_ActiveCrust_BooreEtAl2014 is experimental and may change in future versions - the user is liable for their application
  warnings.warn(msg, ExperimentalWarning)
/home/ssm-user/src/oq-engine/openquake/hazardlib/gsim/base.py:347: ExperimentalWarning: CanadaSHM6_ActiveCrust_BooreEtAl2014 is experimental and may change in future versions - the user is liable for their application
  warnings.warn(msg, ExperimentalWarning)
/home/ssm-user/src/oq-engine/openquake/hazardlib/gsim/base.py:347: ExperimentalWarning: CanadaSHM6_ActiveCrust_BooreEtAl2014 is experimental and may change in future versions - the user is liable for their application
  warnings.warn(msg, ExperimentalWarning)
/home/ssm-user/src/oq-engine/openquake/hazardlib/gsim/base.py:347: ExperimentalWarning: CanadaSHM6_ActiveCrust_BooreEtAl2014 is experimental and may change in future versions - the user is liable for their application
  warnings.warn(msg, ExperimentalWarning)
/home/ssm-user/src/oq-engine/openquake/hazardlib/gsim/base.py:347: ExperimentalWarning: CanadaSHM6_ActiveCrust_BooreEtAl2014 is experimental and may change in future versions - the user is liable for their application
  warnings.warn(msg, ExperimentalWarning)
/home/ssm-user/src/oq-engine/openquake/hazardlib/gsim/base.py:347: ExperimentalWarning: CanadaSHM6_ActiveCrust_BooreEtAl2014 is experimental and may change in future versions - the user is liable for their application
  warnings.warn(msg, ExperimentalWarning)
/home/ssm-user/src/oq-engine/openquake/hazardlib/gsim/base.py:347: ExperimentalWarning: CanadaSHM6_ActiveCrust_BooreEtAl2014 is experimental and may change in future versions - the user is liable for their application
  warnings.warn(msg, ExperimentalWarning)
/home/ssm-user/src/oq-engine/openquake/hazardlib/gsim/base.py:347: ExperimentalWarning: CanadaSHM6_ActiveCrust_BooreEtAl2014 is experimental and may change in future versions - the user is liable for their application
  warnings.warn(msg, ExperimentalWarning)
/home/ssm-user/src/oq-engine/openquake/hazardlib/gsim/base.py:347: ExperimentalWarning: CanadaSHM6_ActiveCrust_BooreEtAl2014 is experimental and may change in future versions - the user is liable for their application
  warnings.warn(msg, ExperimentalWarning)
/home/ssm-user/src/oq-engine/openquake/hazardlib/gsim/base.py:347: ExperimentalWarning: CanadaSHM6_ActiveCrust_BooreEtAl2014 is experimental and may change in future versions - the user is liable for their application
  warnings.warn(msg, ExperimentalWarning)
/home/ssm-user/src/oq-engine/openquake/hazardlib/gsim/base.py:347: ExperimentalWarning: CanadaSHM6_ActiveCrust_BooreEtAl2014 is experimental and may change in future versions - the user is liable for their application
  warnings.warn(msg, ExperimentalWarning)
/home/ssm-user/src/oq-engine/openquake/hazardlib/gsim/base.py:347: ExperimentalWarning: CanadaSHM6_ActiveCrust_BooreEtAl2014 is experimental and may change in future versions - the user is liable for their application
  warnings.warn(msg, ExperimentalWarning)
/home/ssm-user/src/oq-engine/openquake/hazardlib/gsim/base.py:347: ExperimentalWarning: CanadaSHM6_ActiveCrust_BooreEtAl2014 is experimental and may change in future versions - the user is liable for their application
  warnings.warn(msg, ExperimentalWarning)
/home/ssm-user/src/oq-engine/openquake/hazardlib/gsim/base.py:347: ExperimentalWarning: CanadaSHM6_ActiveCrust_BooreEtAl2014 is experimental and may change in future versions - the user is liable for their application
  warnings.warn(msg, ExperimentalWarning)
/home/ssm-user/src/oq-engine/openquake/hazardlib/gsim/base.py:347: ExperimentalWarning: CanadaSHM6_ActiveCrust_BooreEtAl2014 is experimental and may change in future versions - the user is liable for their application
  warnings.warn(msg, ExperimentalWarning)
/home/ssm-user/src/oq-engine/openquake/hazardlib/gsim/base.py:347: ExperimentalWarning: CanadaSHM6_ActiveCrust_BooreEtAl2014 is experimental and may change in future versions - the user is liable for their application
  warnings.warn(msg, ExperimentalWarning)
/home/ssm-user/src/oq-engine/openquake/hazardlib/gsim/base.py:347: ExperimentalWarning: CanadaSHM6_ActiveCrust_BooreEtAl2014 is experimental and may change in future versions - the user is liable for their application
  warnings.warn(msg, ExperimentalWarning)
/home/ssm-user/src/oq-engine/openquake/hazardlib/gsim/base.py:347: ExperimentalWarning: CanadaSHM6_ActiveCrust_BooreEtAl2014 is experimental and may change in future versions - the user is liable for their application
  warnings.warn(msg, ExperimentalWarning)
/home/ssm-user/src/oq-engine/openquake/hazardlib/gsim/base.py:347: ExperimentalWarning: CanadaSHM6_ActiveCrust_BooreEtAl2014 is experimental and may change in future versions - the user is liable for their application
  warnings.warn(msg, ExperimentalWarning)
/home/ssm-user/src/oq-engine/openquake/hazardlib/gsim/base.py:347: ExperimentalWarning: CanadaSHM6_ActiveCrust_BooreEtAl2014 is experimental and may change in future versions - the user is liable for their application
  warnings.warn(msg, ExperimentalWarning)
/home/ssm-user/src/oq-engine/openquake/hazardlib/gsim/base.py:347: ExperimentalWarning: CanadaSHM6_ActiveCrust_BooreEtAl2014 is experimental and may change in future versions - the user is liable for their application
  warnings.warn(msg, ExperimentalWarning)
/home/ssm-user/src/oq-engine/openquake/hazardlib/gsim/base.py:347: ExperimentalWarning: CanadaSHM6_ActiveCrust_BooreEtAl2014 is experimental and may change in future versions - the user is liable for their application
  warnings.warn(msg, ExperimentalWarning)
/home/ssm-user/src/oq-engine/openquake/hazardlib/gsim/base.py:347: ExperimentalWarning: CanadaSHM6_ActiveCrust_BooreEtAl2014 is experimental and may change in future versions - the user is liable for their application
  warnings.warn(msg, ExperimentalWarning)
/home/ssm-user/src/oq-engine/openquake/hazardlib/gsim/base.py:347: ExperimentalWarning: CanadaSHM6_ActiveCrust_BooreEtAl2014 is experimental and may change in future versions - the user is liable for their application
  warnings.warn(msg, ExperimentalWarning)
/home/ssm-user/src/oq-engine/openquake/hazardlib/gsim/base.py:347: ExperimentalWarning: CanadaSHM6_ActiveCrust_BooreEtAl2014 is experimental and may change in future versions - the user is liable for their application
  warnings.warn(msg, ExperimentalWarning)
/home/ssm-user/src/oq-engine/openquake/hazardlib/gsim/base.py:347: ExperimentalWarning: CanadaSHM6_ActiveCrust_BooreEtAl2014 is experimental and may change in future versions - the user is liable for their application
  warnings.warn(msg, ExperimentalWarning)
/home/ssm-user/src/oq-engine/openquake/hazardlib/gsim/base.py:347: ExperimentalWarning: CanadaSHM6_ActiveCrust_BooreEtAl2014 is experimental and may change in future versions - the user is liable for their application
  warnings.warn(msg, ExperimentalWarning)
/home/ssm-user/src/oq-engine/openquake/hazardlib/gsim/base.py:347: ExperimentalWarning: CanadaSHM6_ActiveCrust_BooreEtAl2014 is experimental and may change in future versions - the user is liable for their application
  warnings.warn(msg, ExperimentalWarning)
/home/ssm-user/src/oq-engine/openquake/hazardlib/gsim/base.py:347: ExperimentalWarning: CanadaSHM6_ActiveCrust_BooreEtAl2014 is experimental and may change in future versions - the user is liable for their application
  warnings.warn(msg, ExperimentalWarning)
/home/ssm-user/src/oq-engine/openquake/hazardlib/gsim/base.py:347: ExperimentalWarning: CanadaSHM6_ActiveCrust_BooreEtAl2014 is experimental and may change in future versions - the user is liable for their application
  warnings.warn(msg, ExperimentalWarning)
/home/ssm-user/src/oq-engine/openquake/hazardlib/gsim/base.py:347: ExperimentalWarning: CanadaSHM6_ActiveCrust_BooreEtAl2014 is experimental and may change in future versions - the user is liable for their application
  warnings.warn(msg, ExperimentalWarning)
/home/ssm-user/src/oq-engine/openquake/hazardlib/gsim/base.py:347: ExperimentalWarning: CanadaSHM6_ActiveCrust_BooreEtAl2014 is experimental and may change in future versions - the user is liable for their application
  warnings.warn(msg, ExperimentalWarning)
/home/ssm-user/src/oq-engine/openquake/hazardlib/gsim/base.py:347: ExperimentalWarning: CanadaSHM6_ActiveCrust_BooreEtAl2014 is experimental and may change in future versions - the user is liable for their application
  warnings.warn(msg, ExperimentalWarning)
/home/ssm-user/src/oq-engine/openquake/hazardlib/gsim/base.py:347: ExperimentalWarning: CanadaSHM6_ActiveCrust_BooreEtAl2014 is experimental and may change in future versions - the user is liable for their application
  warnings.warn(msg, ExperimentalWarning)
/home/ssm-user/src/oq-engine/openquake/hazardlib/gsim/base.py:347: ExperimentalWarning: CanadaSHM6_ActiveCrust_BooreEtAl2014 is experimental and may change in future versions - the user is liable for their application
  warnings.warn(msg, ExperimentalWarning)
/home/ssm-user/src/oq-engine/openquake/hazardlib/gsim/base.py:347: ExperimentalWarning: CanadaSHM6_ActiveCrust_BooreEtAl2014 is experimental and may change in future versions - the user is liable for their application
  warnings.warn(msg, ExperimentalWarning)
/home/ssm-user/src/oq-engine/openquake/hazardlib/gsim/base.py:347: ExperimentalWarning: CanadaSHM6_ActiveCrust_BooreEtAl2014 is experimental and may change in future versions - the user is liable for their application
  warnings.warn(msg, ExperimentalWarning)
/home/ssm-user/src/oq-engine/openquake/hazardlib/gsim/base.py:347: ExperimentalWarning: CanadaSHM6_ActiveCrust_BooreEtAl2014 is experimental and may change in future versions - the user is liable for their application
  warnings.warn(msg, ExperimentalWarning)
/home/ssm-user/src/oq-engine/openquake/hazardlib/gsim/base.py:347: ExperimentalWarning: CanadaSHM6_ActiveCrust_BooreEtAl2014 is experimental and may change in future versions - the user is liable for their application
  warnings.warn(msg, ExperimentalWarning)
/home/ssm-user/src/oq-engine/openquake/hazardlib/gsim/base.py:347: ExperimentalWarning: CanadaSHM6_ActiveCrust_BooreEtAl2014 is experimental and may change in future versions - the user is liable for their application
  warnings.warn(msg, ExperimentalWarning)
[2021-12-07 22:18:04 #220 INFO] Stopping the workers
  id | name
1284 | Aggregate Event Losses
1283 | Aggregate Loss Curves Statistics
1285 | Aggregate Losses Statistics
1286 | Average Asset Losses Statistics
1287 | Full Report
1288 | Realizations
1289 | Source Loss Table
