[2020-10-17 02:09:37 #1252 INFO] murray.journeay running /mnt/data/shared/canada-2020/canada-srm2/ebRisk/input/ebRisk_r2_ON3540.ini [--hc=None]
[2020-10-17 02:09:37 #1252 INFO] Using engine version 3.11.0-git4f03c56
[2020-10-17 02:09:38 #1252 WARNING] Using 64 cores on gem-compute
[2020-10-17 02:09:38 #1252 INFO] Validated nationalModel.xml in 0.01 seconds
[2020-10-17 02:09:38 #1252 INFO] Checksum of the input files: 2804627169
[2020-10-17 02:09:38 #1252 INFO] Reading the risk model if present
[2020-10-17 02:09:51 #1252 INFO] Reading /mnt/data/shared/canada-2020/model-inputs/exposure/general-building-stock/oqBldgExp_ON3540.xml
[2020-10-17 02:09:58 #1252 INFO] Extracting the hazard sites from the site model
[2020-10-17 02:10:00 #1252 INFO] Associated 81335 assets to 2280 sites
[2020-10-17 02:10:04 #1252 INFO] Reducing risk model from 7260 to 490 taxonomies
[2020-10-17 02:10:06 #1252 INFO] Considering 50 logic tree paths out of 24_576
[2020-10-17 02:10:06 #1252 INFO] 6 effective smlt realization(s)
[2020-10-17 02:10:06 #1252 INFO] Reading the source model(s) in parallel
[2020-10-17 02:10:08 #1252 INFO] read_source_model  16% [6 submitted, 0 queued]
[2020-10-17 02:10:08 #1252 INFO] read_source_model  33% [6 submitted, 0 queued]
[2020-10-17 02:10:08 #1252 INFO] read_source_model  50% [6 submitted, 0 queued]
[2020-10-17 02:10:08 #1252 INFO] read_source_model  66% [6 submitted, 0 queued]
[2020-10-17 02:10:08 #1252 INFO] read_source_model  83% [6 submitted, 0 queued]
[2020-10-17 02:10:08 #1252 INFO] read_source_model 100% [6 submitted, 0 queued]
[2020-10-17 02:10:08 #1252 INFO] Received {'/mnt/data/shared/canada-2020/CanadaSHM6/OpenQuake_model_files/sources/nationalModel/xml/simplifiedModel/WCan_HYeast_Harctic_simplified_collapsedRates.xml': '141.06 KB', '/mnt/data/shared/canada-2020/CanadaSHM6/OpenQuake_model_files/sources/nationalModel/xml/simplifiedModel/WCan_H2east_Harctic_simplified_collapsedRates.xml': '135.23 KB', '/mnt/data/shared/canada-2020/CanadaSHM6/OpenQuake_model_files/sources/nationalModel/xml/simplifiedModel/WCan_HYeast_Rarctic_simplified_collapsedRates.xml': '134.61 KB', '/mnt/data/shared/canada-2020/CanadaSHM6/OpenQuake_model_files/sources/nationalModel/xml/simplifiedModel/WCan_H2east_Rarctic_simplified_collapsedRates.xml': '128.78 KB', '/mnt/data/shared/canada-2020/CanadaSHM6/OpenQuake_model_files/sources/nationalModel/xml/simplifiedModel/WCan_R2east_Harctic_simplified_collapsedRates.xml': '119.91 KB', '/mnt/data/shared/canada-2020/CanadaSHM6/OpenQuake_model_files/sources/nationalModel/xml/simplifiedModel/WCan_R2east_Rarctic_simplified_collapsedRates.xml': '113.68 KB'} in 1 seconds
[2020-10-17 02:10:09 #1252 WARNING] There are multiple different sources with the same ID [<AreaSource SCCCT>, <AreaSource SCCCT>, <AreaSource SCCCT>, <AreaSource SCCCT>, <AreaSource SCCCT>, <AreaSource SCCCT>]
[2020-10-17 02:11:40 #1252 INFO] There are 195 sources
[2020-10-17 02:11:40 #1252 INFO] Checking the sources bounding box
[2020-10-17 02:11:40 #1252 ERROR] source ACM: The buffer of 600 km is too large, the bounding box is larger than half the globe: 219 degrees
[2020-10-17 02:11:40 #1252 INFO] Rupture floating factor = 1.6265060240963856
[2020-10-17 02:11:40 #1252 INFO] Rupture spinning factor = 3.2710843373493974
[2020-10-17 02:11:40 #1252 INFO] gzipping the input files
[2020-10-17 02:11:44 #1252 INFO] Storing risk model
[2020-10-17 02:11:46 #1252 INFO] minimum_intensity={'SA(0.3)': 0.1, 'SA(0.6)': 0.05, 'SA(1.0)': 0.05, 'SA(2.0)': 0.05, 'SA(0.5)': 0.1}
[2020-10-17 02:11:46 #1252 INFO] Building ruptures
[2020-10-17 02:11:46 #1252 INFO] Sending <SourceGroup Subduction IntraSlab30, 1 source(s)>
[2020-10-17 02:11:46 #1252 INFO] Sending <SourceGroup Subduction IntraSlab55, 4 source(s)>
[2020-10-17 02:11:46 #1252 INFO] Sending <SourceGroup Subduction Interface, 13 source(s)>
[2020-10-17 02:11:46 #1252 INFO] Sending <SourceGroup Stable Shallow Crust, 120 source(s)>
[2020-10-17 02:11:46 #1252 INFO] Sending <SourceGroup Active Shallow Crust, 59 source(s)>
[2020-10-17 02:11:48 #1252 INFO] Sent 64 tasks, 63.99 MB in 0 seconds
[2020-10-17 02:11:49 #1252 INFO] sample_ruptures   1% [65 submitted, 19 queued]
[2020-10-17 02:11:49 #1252 INFO] sample_ruptures   2% [66 submitted, 18 queued]
[2020-10-17 02:11:49 #1252 INFO] sample_ruptures   3% [67 submitted, 17 queued]
[2020-10-17 02:11:49 #1252 INFO] sample_ruptures   4% [68 submitted, 16 queued]
[2020-10-17 02:11:49 #1252 INFO] sample_ruptures   5% [69 submitted, 15 queued]
[2020-10-17 02:11:49 #1252 INFO] sample_ruptures   7% [70 submitted, 14 queued]
[2020-10-17 02:11:50 #1252 INFO] sample_ruptures   8% [71 submitted, 13 queued]
[2020-10-17 02:11:50 #1252 INFO] sample_ruptures   9% [72 submitted, 12 queued]
[2020-10-17 02:11:50 #1252 INFO] sample_ruptures  10% [73 submitted, 11 queued]
[2020-10-17 02:11:50 #1252 INFO] sample_ruptures  11% [74 submitted, 10 queued]
[2020-10-17 02:11:50 #1252 INFO] sample_ruptures  13% [75 submitted, 9 queued]
[2020-10-17 02:11:50 #1252 INFO] sample_ruptures  14% [76 submitted, 8 queued]
[2020-10-17 02:11:50 #1252 INFO] sample_ruptures  15% [77 submitted, 7 queued]
[2020-10-17 02:11:50 #1252 INFO] sample_ruptures  16% [78 submitted, 6 queued]
[2020-10-17 02:11:50 #1252 INFO] sample_ruptures  17% [79 submitted, 5 queued]
[2020-10-17 02:11:50 #1252 INFO] sample_ruptures  19% [80 submitted, 4 queued]
[2020-10-17 02:11:50 #1252 INFO] sample_ruptures  20% [81 submitted, 3 queued]
[2020-10-17 02:11:50 #1252 INFO] sample_ruptures  21% [82 submitted, 2 queued]
[2020-10-17 02:11:50 #1252 INFO] sample_ruptures  22% [83 submitted, 1 queued]
[2020-10-17 02:11:50 #1252 INFO] sample_ruptures  23% [84 submitted, 0 queued]
[2020-10-17 02:11:50 #1252 INFO] sample_ruptures  25% [84 submitted, 0 queued]
[2020-10-17 02:11:50 #1252 INFO] sample_ruptures  26% [84 submitted, 0 queued]
[2020-10-17 02:11:50 #1252 INFO] sample_ruptures  27% [84 submitted, 0 queued]
[2020-10-17 02:11:51 #1252 INFO] sample_ruptures  28% [84 submitted, 0 queued]
[2020-10-17 02:11:51 #1252 INFO] sample_ruptures  29% [84 submitted, 0 queued]
[2020-10-17 02:11:51 #1252 INFO] sample_ruptures  30% [84 submitted, 0 queued]
[2020-10-17 02:11:51 #1252 INFO] sample_ruptures  32% [84 submitted, 0 queued]
[2020-10-17 02:11:51 #1252 INFO] sample_ruptures  33% [84 submitted, 0 queued]
[2020-10-17 02:11:51 #1252 INFO] sample_ruptures  34% [84 submitted, 0 queued]
[2020-10-17 02:11:51 #1252 INFO] sample_ruptures  35% [84 submitted, 0 queued]
[2020-10-17 02:11:51 #1252 INFO] sample_ruptures  36% [84 submitted, 0 queued]
[2020-10-17 02:11:51 #1252 INFO] sample_ruptures  38% [84 submitted, 0 queued]
[2020-10-17 02:11:51 #1252 INFO] sample_ruptures  39% [84 submitted, 0 queued]
[2020-10-17 02:11:51 #1252 INFO] sample_ruptures  40% [84 submitted, 0 queued]
[2020-10-17 02:11:51 #1252 INFO] sample_ruptures  41% [84 submitted, 0 queued]
[2020-10-17 02:11:51 #1252 INFO] sample_ruptures  42% [84 submitted, 0 queued]
[2020-10-17 02:11:51 #1252 INFO] sample_ruptures  44% [84 submitted, 0 queued]
[2020-10-17 02:11:51 #1252 INFO] sample_ruptures  45% [84 submitted, 0 queued]
[2020-10-17 02:11:51 #1252 INFO] sample_ruptures  46% [84 submitted, 0 queued]
[2020-10-17 02:11:51 #1252 INFO] sample_ruptures  47% [84 submitted, 0 queued]
[2020-10-17 02:11:51 #1252 INFO] sample_ruptures  48% [84 submitted, 0 queued]
[2020-10-17 02:11:51 #1252 INFO] sample_ruptures  50% [84 submitted, 0 queued]
[2020-10-17 02:11:51 #1252 INFO] sample_ruptures  51% [84 submitted, 0 queued]
[2020-10-17 02:11:51 #1252 INFO] sample_ruptures  52% [84 submitted, 0 queued]
[2020-10-17 02:11:51 #1252 INFO] sample_ruptures  53% [84 submitted, 0 queued]
[2020-10-17 02:11:51 #1252 INFO] sample_ruptures  54% [84 submitted, 0 queued]
[2020-10-17 02:11:51 #1252 INFO] sample_ruptures  55% [84 submitted, 0 queued]
[2020-10-17 02:11:51 #1252 INFO] sample_ruptures  57% [84 submitted, 0 queued]
[2020-10-17 02:11:52 #1252 INFO] sample_ruptures  58% [84 submitted, 0 queued]
[2020-10-17 02:11:52 #1252 INFO] sample_ruptures  59% [84 submitted, 0 queued]
[2020-10-17 02:11:56 #1252 INFO] sample_ruptures  60% [84 submitted, 0 queued]
[2020-10-17 02:11:56 #1252 INFO] sample_ruptures  61% [84 submitted, 0 queued]
[2020-10-17 02:11:58 #1252 INFO] sample_ruptures  63% [84 submitted, 0 queued]
[2020-10-17 02:11:58 #1252 INFO] sample_ruptures  64% [84 submitted, 0 queued]
[2020-10-17 02:11:59 #1252 INFO] sample_ruptures  65% [84 submitted, 0 queued]
[2020-10-17 02:11:59 #1252 INFO] sample_ruptures  66% [84 submitted, 0 queued]
[2020-10-17 02:11:59 #1252 INFO] sample_ruptures  67% [84 submitted, 0 queued]
[2020-10-17 02:11:59 #1252 INFO] sample_ruptures  69% [84 submitted, 0 queued]
[2020-10-17 02:12:00 #1252 INFO] sample_ruptures  70% [84 submitted, 0 queued]
[2020-10-17 02:12:00 #1252 INFO] sample_ruptures  71% [84 submitted, 0 queued]
[2020-10-17 02:12:00 #1252 INFO] sample_ruptures  72% [84 submitted, 0 queued]
[2020-10-17 02:12:01 #1252 INFO] sample_ruptures  73% [84 submitted, 0 queued]
[2020-10-17 02:12:02 #1252 INFO] sample_ruptures  75% [84 submitted, 0 queued]
[2020-10-17 02:12:02 #1252 INFO] sample_ruptures  76% [84 submitted, 0 queued]
[2020-10-17 02:12:02 #1252 INFO] sample_ruptures  77% [84 submitted, 0 queued]
[2020-10-17 02:12:02 #1252 INFO] sample_ruptures  78% [84 submitted, 0 queued]
[2020-10-17 02:12:03 #1252 INFO] sample_ruptures  79% [84 submitted, 0 queued]
[2020-10-17 02:12:04 #1252 INFO] sample_ruptures  80% [84 submitted, 0 queued]
[2020-10-17 02:12:05 #1252 INFO] sample_ruptures  82% [84 submitted, 0 queued]
[2020-10-17 02:12:06 #1252 INFO] sample_ruptures  83% [84 submitted, 0 queued]
[2020-10-17 02:12:07 #1252 INFO] sample_ruptures  84% [84 submitted, 0 queued]
[2020-10-17 02:12:07 #1252 INFO] sample_ruptures  85% [84 submitted, 0 queued]
[2020-10-17 02:12:08 #1252 INFO] sample_ruptures  86% [84 submitted, 0 queued]
[2020-10-17 02:12:10 #1252 INFO] sample_ruptures  88% [84 submitted, 0 queued]
[2020-10-17 02:12:11 #1252 INFO] sample_ruptures  89% [84 submitted, 0 queued]
[2020-10-17 02:12:12 #1252 INFO] sample_ruptures  90% [84 submitted, 0 queued]
[2020-10-17 02:12:17 #1252 INFO] sample_ruptures  91% [84 submitted, 0 queued]
[2020-10-17 02:12:23 #1252 INFO] sample_ruptures  92% [84 submitted, 0 queued]
[2020-10-17 02:12:30 #1252 INFO] sample_ruptures  94% [84 submitted, 0 queued]
[2020-10-17 02:12:33 #1252 INFO] sample_ruptures  95% [84 submitted, 0 queued]
[2020-10-17 02:12:36 #1252 INFO] sample_ruptures  96% [84 submitted, 0 queued]
[2020-10-17 02:12:38 #1252 INFO] sample_ruptures  97% [84 submitted, 0 queued]
[2020-10-17 02:12:39 #1252 INFO] sample_ruptures  98% [84 submitted, 0 queued]
[2020-10-17 02:13:24 #1252 INFO] sample_ruptures 100% [84 submitted, 0 queued]
[2020-10-17 02:13:24 #1252 INFO] Received {'rup_array': '38.84 MB', 'calc_times': '21.27 KB', 'eff_ruptures': '3.67 KB'} in 96 seconds
[2020-10-17 02:13:24 #1252 INFO] There are 50 realization(s)
[2020-10-17 02:13:24 #1252 INFO] Reordering the ruptures and storing the events
[2020-10-17 02:13:24 #1252 INFO] Associating event_id -> rlz_id for 326_395 events and 208_565 ruptures
[2020-10-17 02:13:30 #1252 INFO] Sent 131 tasks, 22.6 MB in 5 seconds
[2020-10-17 02:13:32 #1252 INFO] Received {'tot': '3.15 MB'} in 1 seconds
[2020-10-17 02:13:34 #1252 INFO] minimum_asset_loss={'contents': 0, 'nonstructural': 0, 'structural': 0}
[2020-10-17 02:13:37 #1252 INFO] minimum_intensity={'SA(0.3)': 0.1, 'SA(0.6)': 0.05, 'SA(1.0)': 0.05, 'SA(2.0)': 0.05, 'SA(0.5)': 0.1}
[2020-10-17 02:13:37 #1252 INFO] Sending 208_565 ruptures
[2020-10-17 02:13:47 #1252 INFO] Sent 131 tasks, 64.54 MB in 9 seconds
[2020-10-17 02:16:39 #1252 INFO] start_ebrisk   1% [131 submitted, 0 queued]
[2020-10-17 02:16:52 #1252 INFO] start_ebrisk   2% [131 submitted, 0 queued]
[2020-10-17 02:17:58 #1252 INFO] start_ebrisk   3% [131 submitted, 0 queued]
[2020-10-17 02:18:07 #1252 INFO] start_ebrisk   4% [131 submitted, 0 queued]
[2020-10-17 02:18:09 #1252 INFO] start_ebrisk   5% [131 submitted, 0 queued]
[2020-10-17 02:18:31 #1252 INFO] start_ebrisk   6% [131 submitted, 0 queued]
[2020-10-17 02:18:55 #1252 INFO] start_ebrisk   7% [131 submitted, 0 queued]
[2020-10-17 02:19:28 #1252 INFO] start_ebrisk   8% [131 submitted, 0 queued]
[2020-10-17 02:19:37 #1252 INFO] start_ebrisk   9% [131 submitted, 0 queued]
[2020-10-17 02:19:51 #1252 INFO] start_ebrisk  10% [131 submitted, 0 queued]
[2020-10-17 02:19:54 #1252 INFO] start_ebrisk  11% [131 submitted, 0 queued]
[2020-10-17 02:19:54 #1252 INFO] start_ebrisk  12% [131 submitted, 0 queued]
[2020-10-17 02:20:26 #1252 INFO] start_ebrisk  13% [131 submitted, 0 queued]
[2020-10-17 02:20:27 #1252 INFO] start_ebrisk  14% [131 submitted, 0 queued]
[2020-10-17 02:20:27 #1252 INFO] start_ebrisk  15% [131 submitted, 0 queued]
[2020-10-17 02:20:27 #1252 INFO] start_ebrisk  16% [131 submitted, 0 queued]
[2020-10-17 02:20:51 #1252 INFO] start_ebrisk  17% [131 submitted, 0 queued]
[2020-10-17 02:20:56 #1252 INFO] start_ebrisk  18% [131 submitted, 0 queued]
[2020-10-17 02:21:00 #1252 INFO] start_ebrisk  19% [131 submitted, 0 queued]
[2020-10-17 02:21:01 #1252 INFO] start_ebrisk  20% [131 submitted, 0 queued]
[2020-10-17 02:21:08 #1252 INFO] start_ebrisk  21% [131 submitted, 0 queued]
[2020-10-17 02:21:11 #1252 INFO] start_ebrisk  22% [131 submitted, 0 queued]
[2020-10-17 02:21:14 #1252 INFO] start_ebrisk  23% [131 submitted, 0 queued]
[2020-10-17 02:21:14 #1252 INFO] start_ebrisk  24% [131 submitted, 0 queued]
[2020-10-17 02:21:20 #1252 INFO] start_ebrisk  25% [131 submitted, 0 queued]
[2020-10-17 02:21:29 #1252 INFO] start_ebrisk  26% [131 submitted, 0 queued]
[2020-10-17 02:21:47 #1252 INFO] start_ebrisk  27% [131 submitted, 0 queued]
[2020-10-17 02:22:02 #1252 INFO] start_ebrisk  28% [131 submitted, 0 queued]
[2020-10-17 02:22:02 #1252 INFO] start_ebrisk  29% [131 submitted, 0 queued]
[2020-10-17 02:22:02 #1252 INFO] start_ebrisk  30% [131 submitted, 0 queued]
[2020-10-17 02:22:02 #1252 INFO] start_ebrisk  31% [131 submitted, 0 queued]
[2020-10-17 02:22:03 #1252 INFO] start_ebrisk  32% [131 submitted, 0 queued]
[2020-10-17 02:22:15 #1252 INFO] start_ebrisk  33% [131 submitted, 0 queued]
[2020-10-17 02:22:19 #1252 INFO] start_ebrisk  34% [131 submitted, 0 queued]
[2020-10-17 02:22:19 #1252 INFO] start_ebrisk  35% [131 submitted, 0 queued]
[2020-10-17 02:22:27 #1252 INFO] start_ebrisk  36% [131 submitted, 0 queued]
[2020-10-17 02:22:31 #1252 INFO] start_ebrisk  37% [131 submitted, 0 queued]
[2020-10-17 02:22:32 #1252 INFO] start_ebrisk  38% [131 submitted, 0 queued]
[2020-10-17 02:23:00 #1252 INFO] start_ebrisk  39% [131 submitted, 0 queued]
[2020-10-17 02:23:05 #1252 INFO] start_ebrisk  40% [131 submitted, 0 queued]
[2020-10-17 02:23:07 #1252 INFO] start_ebrisk  41% [131 submitted, 0 queued]
[2020-10-17 02:23:22 #1252 INFO] start_ebrisk  42% [131 submitted, 0 queued]
[2020-10-17 02:23:27 #1252 INFO] start_ebrisk  43% [131 submitted, 0 queued]
[2020-10-17 02:23:37 #1252 INFO] start_ebrisk  44% [131 submitted, 0 queued]
[2020-10-17 02:23:46 #1252 INFO] start_ebrisk  45% [131 submitted, 0 queued]
[2020-10-17 02:24:02 #1252 INFO] start_ebrisk  46% [131 submitted, 0 queued]
[2020-10-17 02:24:12 #1252 INFO] start_ebrisk  47% [131 submitted, 0 queued]
[2020-10-17 02:24:18 #1252 INFO] start_ebrisk  48% [131 submitted, 0 queued]
[2020-10-17 02:24:32 #1252 INFO] start_ebrisk  49% [131 submitted, 0 queued]
[2020-10-17 02:24:37 #1252 INFO] start_ebrisk  50% [131 submitted, 0 queued]
[2020-10-17 02:24:50 #1252 INFO] start_ebrisk  51% [131 submitted, 0 queued]
[2020-10-17 02:24:54 #1252 INFO] start_ebrisk  52% [131 submitted, 0 queued]
[2020-10-17 02:25:11 #1252 INFO] start_ebrisk  53% [131 submitted, 0 queued]
[2020-10-17 02:25:14 #1252 INFO] start_ebrisk  54% [131 submitted, 0 queued]
[2020-10-17 02:25:35 #1252 INFO] start_ebrisk  55% [131 submitted, 0 queued]
[2020-10-17 02:25:37 #1252 INFO] start_ebrisk  56% [131 submitted, 0 queued]
[2020-10-17 02:25:43 #1252 INFO] start_ebrisk  57% [131 submitted, 0 queued]
[2020-10-17 02:25:57 #1252 INFO] start_ebrisk  58% [131 submitted, 0 queued]
[2020-10-17 02:26:01 #1252 INFO] start_ebrisk  59% [131 submitted, 0 queued]
[2020-10-17 02:26:08 #1252 INFO] start_ebrisk  60% [131 submitted, 0 queued]
[2020-10-17 02:26:10 #1252 INFO] start_ebrisk  61% [131 submitted, 0 queued]
[2020-10-17 02:26:18 #1252 INFO] start_ebrisk  62% [131 submitted, 0 queued]
[2020-10-17 02:26:21 #1252 INFO] start_ebrisk  63% [131 submitted, 0 queued]
[2020-10-17 02:26:21 #1252 INFO] start_ebrisk  64% [131 submitted, 0 queued]
[2020-10-17 02:26:23 #1252 INFO] start_ebrisk  65% [131 submitted, 0 queued]
[2020-10-17 02:26:27 #1252 INFO] start_ebrisk  66% [131 submitted, 0 queued]
[2020-10-17 02:26:30 #1252 INFO] start_ebrisk  67% [131 submitted, 0 queued]
[2020-10-17 02:26:39 #1252 INFO] start_ebrisk  68% [131 submitted, 0 queued]
[2020-10-17 02:26:42 #1252 INFO] start_ebrisk  69% [131 submitted, 0 queued]
[2020-10-17 02:26:44 #1252 INFO] start_ebrisk  70% [131 submitted, 0 queued]
[2020-10-17 02:26:49 #1252 INFO] start_ebrisk  71% [131 submitted, 0 queued]
[2020-10-17 02:26:55 #1252 INFO] start_ebrisk  72% [131 submitted, 0 queued]
[2020-10-17 02:26:57 #1252 INFO] start_ebrisk  73% [131 submitted, 0 queued]
[2020-10-17 02:27:00 #1252 INFO] start_ebrisk  74% [131 submitted, 0 queued]
[2020-10-17 02:27:07 #1252 INFO] start_ebrisk  75% [131 submitted, 0 queued]
[2020-10-17 02:27:07 #1252 INFO] start_ebrisk  76% [131 submitted, 0 queued]
[2020-10-17 02:27:07 #1252 INFO] start_ebrisk  77% [131 submitted, 0 queued]
[2020-10-17 02:27:07 #1252 INFO] start_ebrisk  78% [131 submitted, 0 queued]
[2020-10-17 02:27:07 #1252 INFO] start_ebrisk  79% [131 submitted, 0 queued]
[2020-10-17 02:27:07 #1252 INFO] start_ebrisk  80% [131 submitted, 0 queued]
[2020-10-17 02:27:10 #1252 INFO] start_ebrisk  81% [131 submitted, 0 queued]
[2020-10-17 02:27:10 #1252 INFO] start_ebrisk  82% [131 submitted, 0 queued]
[2020-10-17 02:27:13 #1252 INFO] start_ebrisk  83% [131 submitted, 0 queued]
[2020-10-17 02:27:19 #1252 INFO] start_ebrisk  84% [131 submitted, 0 queued]
[2020-10-17 02:27:21 #1252 INFO] start_ebrisk  85% [131 submitted, 0 queued]
[2020-10-17 02:27:21 #1252 INFO] start_ebrisk  86% [131 submitted, 0 queued]
[2020-10-17 02:27:45 #1252 INFO] start_ebrisk  87% [131 submitted, 0 queued]
[2020-10-17 02:28:02 #1252 INFO] start_ebrisk  88% [131 submitted, 0 queued]
[2020-10-17 02:28:08 #1252 INFO] start_ebrisk  89% [131 submitted, 0 queued]
[2020-10-17 02:28:11 #1252 INFO] start_ebrisk  90% [131 submitted, 0 queued]
[2020-10-17 02:28:16 #1252 INFO] start_ebrisk  91% [131 submitted, 0 queued]
[2020-10-17 02:28:18 #1252 INFO] start_ebrisk  92% [131 submitted, 0 queued]
[2020-10-17 02:28:26 #1252 INFO] start_ebrisk  93% [131 submitted, 0 queued]
[2020-10-17 02:28:45 #1252 INFO] start_ebrisk  94% [131 submitted, 0 queued]
[2020-10-17 02:28:50 #1252 INFO] start_ebrisk  95% [131 submitted, 0 queued]
[2020-10-17 02:28:53 #1252 INFO] start_ebrisk  96% [131 submitted, 0 queued]
[2020-10-17 02:29:07 #1252 INFO] start_ebrisk  97% [131 submitted, 0 queued]
[2020-10-17 02:29:08 #1252 INFO] start_ebrisk  98% [131 submitted, 0 queued]
[2020-10-17 02:29:09 #1252 INFO] start_ebrisk  99% [131 submitted, 0 queued]
[2020-10-17 02:29:09 #1252 INFO] start_ebrisk 100% [131 submitted, 0 queued]
[2020-10-17 02:29:09 #1252 INFO] Received {'alt': '180.8 MB', 'losses_by_A': '121.96 MB', 'gmf_info': '780.59 KB', 'elt': '600.92 KB', 'numlosses': '21.11 KB', 'events_per_sid': '2.69 KB'} in 922 seconds
[2020-10-17 02:29:09 #1252 INFO] Produced 520.57 MB of GMFs
[2020-10-17 02:29:09 #1252 INFO] Considered 599_511_224 / 1_643_141_795 losses
[2020-10-17 02:29:10 #1252 INFO] Building src_loss_table
[2020-10-17 02:29:10 #1252 INFO] Producing 3(loss_types) x 61(fsauid) x 6(GenOcc) x 7(GenType) loss curves
[2020-10-17 02:29:18 #1252 INFO] post_ebrisk   1% [90 submitted, 2472 queued]
[2020-10-17 02:29:19 #1252 INFO] post_ebrisk   2% [116 submitted, 2446 queued]
[2020-10-17 02:29:26 #1252 INFO] post_ebrisk   3% [141 submitted, 2421 queued]
[2020-10-17 02:29:26 #1252 INFO] post_ebrisk   4% [167 submitted, 2395 queued]
[2020-10-17 02:29:27 #1252 INFO] post_ebrisk   5% [193 submitted, 2369 queued]
[2020-10-17 02:29:34 #1252 INFO] post_ebrisk   6% [218 submitted, 2344 queued]
[2020-10-17 02:29:34 #1252 INFO] post_ebrisk   7% [244 submitted, 2318 queued]
[2020-10-17 02:29:42 #1252 INFO] post_ebrisk   8% [269 submitted, 2293 queued]
[2020-10-17 02:29:42 #1252 INFO] post_ebrisk   9% [295 submitted, 2267 queued]
[2020-10-17 02:29:43 #1252 INFO] post_ebrisk  10% [321 submitted, 2241 queued]
[2020-10-17 02:29:50 #1252 INFO] post_ebrisk  11% [346 submitted, 2216 queued]
[2020-10-17 02:29:50 #1252 INFO] post_ebrisk  12% [372 submitted, 2190 queued]
[2020-10-17 02:29:58 #1252 INFO] post_ebrisk  13% [398 submitted, 2164 queued]
[2020-10-17 02:29:58 #1252 INFO] post_ebrisk  14% [423 submitted, 2139 queued]
[2020-10-17 02:29:58 #1252 INFO] post_ebrisk  15% [449 submitted, 2113 queued]
[2020-10-17 02:30:06 #1252 INFO] post_ebrisk  16% [474 submitted, 2088 queued]
[2020-10-17 02:30:06 #1252 INFO] post_ebrisk  17% [500 submitted, 2062 queued]
[2020-10-17 02:30:14 #1252 INFO] post_ebrisk  18% [526 submitted, 2036 queued]
[2020-10-17 02:30:14 #1252 INFO] post_ebrisk  19% [551 submitted, 2011 queued]
[2020-10-17 02:30:14 #1252 INFO] post_ebrisk  20% [577 submitted, 1985 queued]
[2020-10-17 02:30:22 #1252 INFO] post_ebrisk  21% [603 submitted, 1959 queued]
[2020-10-17 02:30:22 #1252 INFO] post_ebrisk  22% [628 submitted, 1934 queued]
[2020-10-17 02:30:30 #1252 INFO] post_ebrisk  23% [654 submitted, 1908 queued]
[2020-10-17 02:30:30 #1252 INFO] post_ebrisk  24% [679 submitted, 1883 queued]
[2020-10-17 02:30:30 #1252 INFO] post_ebrisk  25% [705 submitted, 1857 queued]
[2020-10-17 02:30:38 #1252 INFO] post_ebrisk  26% [731 submitted, 1831 queued]
[2020-10-17 02:30:38 #1252 INFO] post_ebrisk  27% [756 submitted, 1806 queued]
[2020-10-17 02:30:46 #1252 INFO] post_ebrisk  28% [782 submitted, 1780 queued]
[2020-10-17 02:30:46 #1252 INFO] post_ebrisk  29% [807 submitted, 1755 queued]
[2020-10-17 02:30:46 #1252 INFO] post_ebrisk  30% [833 submitted, 1729 queued]
[2020-10-17 02:30:54 #1252 INFO] post_ebrisk  31% [859 submitted, 1703 queued]
[2020-10-17 02:30:54 #1252 INFO] post_ebrisk  32% [884 submitted, 1678 queued]
[2020-10-17 02:30:54 #1252 INFO] post_ebrisk  33% [910 submitted, 1652 queued]
[2020-10-17 02:31:02 #1252 INFO] post_ebrisk  34% [936 submitted, 1626 queued]
[2020-10-17 02:31:02 #1252 INFO] post_ebrisk  35% [961 submitted, 1601 queued]
[2020-10-17 02:31:10 #1252 INFO] post_ebrisk  36% [987 submitted, 1575 queued]
[2020-10-17 02:31:10 #1252 INFO] post_ebrisk  37% [1012 submitted, 1550 queued]
[2020-10-17 02:31:10 #1252 INFO] post_ebrisk  38% [1038 submitted, 1524 queued]
[2020-10-17 02:31:18 #1252 INFO] post_ebrisk  39% [1064 submitted, 1498 queued]
[2020-10-17 02:31:18 #1252 INFO] post_ebrisk  40% [1089 submitted, 1473 queued]
[2020-10-17 02:31:26 #1252 INFO] post_ebrisk  41% [1115 submitted, 1447 queued]
[2020-10-17 02:31:26 #1252 INFO] post_ebrisk  42% [1141 submitted, 1421 queued]
[2020-10-17 02:31:26 #1252 INFO] post_ebrisk  43% [1166 submitted, 1396 queued]
[2020-10-17 02:31:34 #1252 INFO] post_ebrisk  44% [1192 submitted, 1370 queued]
[2020-10-17 02:31:34 #1252 INFO] post_ebrisk  45% [1217 submitted, 1345 queued]
[2020-10-17 02:31:41 #1252 INFO] post_ebrisk  46% [1243 submitted, 1319 queued]
[2020-10-17 02:31:42 #1252 INFO] post_ebrisk  47% [1269 submitted, 1293 queued]
[2020-10-17 02:31:42 #1252 INFO] post_ebrisk  48% [1294 submitted, 1268 queued]
[2020-10-17 02:31:50 #1252 INFO] post_ebrisk  49% [1320 submitted, 1242 queued]
[2020-10-17 02:31:50 #1252 INFO] post_ebrisk  50% [1345 submitted, 1217 queued]
[2020-10-17 02:31:58 #1252 INFO] post_ebrisk  51% [1371 submitted, 1191 queued]
[2020-10-17 02:31:58 #1252 INFO] post_ebrisk  52% [1397 submitted, 1165 queued]
[2020-10-17 02:31:58 #1252 INFO] post_ebrisk  53% [1422 submitted, 1140 queued]
[2020-10-17 02:32:06 #1252 INFO] post_ebrisk  54% [1448 submitted, 1114 queued]
[2020-10-17 02:32:06 #1252 INFO] post_ebrisk  55% [1474 submitted, 1088 queued]
[2020-10-17 02:32:14 #1252 INFO] post_ebrisk  56% [1499 submitted, 1063 queued]
[2020-10-17 02:32:14 #1252 INFO] post_ebrisk  57% [1525 submitted, 1037 queued]
[2020-10-17 02:32:15 #1252 INFO] post_ebrisk  58% [1550 submitted, 1012 queued]
[2020-10-17 02:32:22 #1252 INFO] post_ebrisk  59% [1576 submitted, 986 queued]
[2020-10-17 02:32:22 #1252 INFO] post_ebrisk  60% [1602 submitted, 960 queued]
[2020-10-17 02:32:25 #1252 INFO] post_ebrisk  61% [1627 submitted, 935 queued]
[2020-10-17 02:32:30 #1252 INFO] post_ebrisk  62% [1653 submitted, 909 queued]
[2020-10-17 02:32:30 #1252 INFO] post_ebrisk  63% [1679 submitted, 883 queued]
[2020-10-17 02:32:38 #1252 INFO] post_ebrisk  64% [1704 submitted, 858 queued]
[2020-10-17 02:32:38 #1252 INFO] post_ebrisk  65% [1730 submitted, 832 queued]
[2020-10-17 02:32:39 #1252 INFO] post_ebrisk  66% [1755 submitted, 807 queued]
[2020-10-17 02:32:46 #1252 INFO] post_ebrisk  67% [1781 submitted, 781 queued]
[2020-10-17 02:32:47 #1252 INFO] post_ebrisk  68% [1807 submitted, 755 queued]
[2020-10-17 02:32:54 #1252 INFO] post_ebrisk  69% [1832 submitted, 730 queued]
[2020-10-17 02:32:54 #1252 INFO] post_ebrisk  70% [1858 submitted, 704 queued]
[2020-10-17 02:32:55 #1252 INFO] post_ebrisk  71% [1884 submitted, 678 queued]
[2020-10-17 02:33:02 #1252 INFO] post_ebrisk  72% [1909 submitted, 653 queued]
[2020-10-17 02:33:03 #1252 INFO] post_ebrisk  73% [1935 submitted, 627 queued]
[2020-10-17 02:33:10 #1252 INFO] post_ebrisk  74% [1960 submitted, 602 queued]
[2020-10-17 02:33:11 #1252 INFO] post_ebrisk  75% [1986 submitted, 576 queued]
[2020-10-17 02:33:11 #1252 INFO] post_ebrisk  76% [2012 submitted, 550 queued]
[2020-10-17 02:33:18 #1252 INFO] post_ebrisk  77% [2037 submitted, 525 queued]
[2020-10-17 02:33:19 #1252 INFO] post_ebrisk  78% [2063 submitted, 499 queued]
[2020-10-17 02:33:26 #1252 INFO] post_ebrisk  79% [2088 submitted, 474 queued]
[2020-10-17 02:33:27 #1252 INFO] post_ebrisk  80% [2114 submitted, 448 queued]
[2020-10-17 02:33:27 #1252 INFO] post_ebrisk  81% [2140 submitted, 422 queued]
[2020-10-17 02:33:34 #1252 INFO] post_ebrisk  82% [2165 submitted, 397 queued]
[2020-10-17 02:33:35 #1252 INFO] post_ebrisk  83% [2191 submitted, 371 queued]
[2020-10-17 02:33:42 #1252 INFO] post_ebrisk  84% [2217 submitted, 345 queued]
[2020-10-17 02:33:42 #1252 INFO] post_ebrisk  85% [2242 submitted, 320 queued]
[2020-10-17 02:33:43 #1252 INFO] post_ebrisk  86% [2268 submitted, 294 queued]
[2020-10-17 02:33:50 #1252 INFO] post_ebrisk  87% [2293 submitted, 269 queued]
[2020-10-17 02:33:51 #1252 INFO] post_ebrisk  88% [2319 submitted, 243 queued]
[2020-10-17 02:33:51 #1252 INFO] post_ebrisk  89% [2345 submitted, 217 queued]
[2020-10-17 02:33:58 #1252 INFO] post_ebrisk  90% [2370 submitted, 192 queued]
[2020-10-17 02:33:59 #1252 INFO] post_ebrisk  91% [2396 submitted, 166 queued]
[2020-10-17 02:34:06 #1252 INFO] post_ebrisk  92% [2422 submitted, 140 queued]
[2020-10-17 02:34:07 #1252 INFO] post_ebrisk  93% [2447 submitted, 115 queued]
[2020-10-17 02:34:07 #1252 INFO] post_ebrisk  94% [2473 submitted, 89 queued]
[2020-10-17 02:34:14 #1252 INFO] post_ebrisk  95% [2498 submitted, 64 queued]
[2020-10-17 02:34:15 #1252 INFO] post_ebrisk  96% [2524 submitted, 38 queued]
[2020-10-17 02:34:22 #1252 INFO] post_ebrisk  97% [2550 submitted, 12 queued]
[2020-10-17 02:34:22 #1252 INFO] post_ebrisk  98% [2562 submitted, 0 queued]
[2020-10-17 02:34:22 #1252 INFO] post_ebrisk  99% [2562 submitted, 0 queued]
[2020-10-17 02:34:25 #1252 INFO] post_ebrisk 100% [2562 submitted, 0 queued]
[2020-10-17 02:34:25 #1252 INFO] Received {'tot': '48.01 MB'} in 315 seconds
[2020-10-17 02:34:26 #1252 INFO] Mean portfolio loss
============== ============== ==============
contents       nonstructural  structural    
============== ============== ==============
10_535_869_440 45_189_468_160 44_865_474_560
============== ============== ==============
[2020-10-17 02:34:26 #1252 INFO] Sanity check on agg_losses/tot_losses
[2020-10-17 02:34:26 #1252 INFO] Exposing the outputs to the database
[2020-10-17 02:34:26 #1252 INFO] Stored 277.33 MB on /mnt/data/murray.journeay/oqdata/calc_1252.hdf5 in 1488 seconds
  id | name
6245 | Aggregate Event Losses
6237 | Aggregate Loss Curves
6238 | Aggregate Loss Curves Statistics
6239 | Aggregate Losses
6240 | Aggregate Losses Statistics
6241 | Average Asset Losses Statistics
6247 | Earthquake Ruptures
6242 | Events
6243 | Full Report
6244 | Input Files
 ... | 6 additional output(s)
Some outputs were not shown. You can see the full list with the command
`oq engine --list-outputs 1252`
