/home/ssm-user/src/oq-engine/openquake/hazardlib/gsim/base.py:347: ExperimentalWarning: CanadaSHM6_ActiveCrust_BooreEtAl2014 is experimental and may change in future versions - the user is liable for their application
  warnings.warn(msg, ExperimentalWarning)
/home/ssm-user/src/oq-engine/openquake/hazardlib/gsim/base.py:347: ExperimentalWarning: CanadaSHM6_ActiveCrust_AbrahamsonEtAl2014 is experimental and may change in future versions - the user is liable for their application
  warnings.warn(msg, ExperimentalWarning)
/home/ssm-user/src/oq-engine/openquake/hazardlib/gsim/base.py:347: ExperimentalWarning: CanadaSHM6_ActiveCrust_BooreEtAl2014 is experimental and may change in future versions - the user is liable for their application
  warnings.warn(msg, ExperimentalWarning)
/home/ssm-user/src/oq-engine/openquake/hazardlib/gsim/base.py:347: ExperimentalWarning: CanadaSHM6_ActiveCrust_CampbellBozorgnia2014 is experimental and may change in future versions - the user is liable for their application
  warnings.warn(msg, ExperimentalWarning)
/home/ssm-user/src/oq-engine/openquake/hazardlib/gsim/base.py:347: ExperimentalWarning: CanadaSHM6_ActiveCrust_ChiouYoungs2014 is experimental and may change in future versions - the user is liable for their application
  warnings.warn(msg, ExperimentalWarning)
[2021-12-05 13:37:40 #203 INFO] root running /mnt/storage/canada-srm2/ebRisk/input/ebRisk_b0_ON_K_Misc.ini [--hc=None]
[2021-12-05 13:37:40 #203 INFO] Using engine version 3.11.3-git0cccb86798
[2021-12-05 13:37:40 #203 WARNING] Version v3.12.1 of the engine is available, but you are still using version 3.11.3-git0cccb86798
[2021-12-05 13:37:40 #203 WARNING] Using 96 cores on ip-10-70-136-20
[2021-12-05 13:37:40 #203 INFO] Validated nationalModel.xml in 0.01 seconds
[2021-12-05 13:37:41 #203 INFO] Checksum of the input files: 514598877
[2021-12-05 13:37:41 #203 INFO] Reading the risk model if present
[2021-12-05 13:38:03 #203 INFO] Reading /mnt/storage/openquake-inputs/exposure/general-building-stock/oqBldgExp_ON_K_Misc.xml
[2021-12-05 13:38:05 #203 INFO] Extracting the hazard sites from the site model
[2021-12-05 13:38:08 #203 INFO] Associated 17488 assets to 3483 sites
[2021-12-05 13:38:10 #203 INFO] Reducing risk model from 7260 to 348 taxonomies
[2021-12-05 13:38:11 #203 INFO] minimum_asset_loss={'contents': 0, 'nonstructural': 0, 'occupants': 0, 'structural': 0}
[2021-12-05 13:38:11 #203 INFO] Storing 294 aggregation keys
[2021-12-05 13:38:11 #203 INFO] Considering 200 logic tree paths out of 24_576
[2021-12-05 13:38:11 #203 INFO] Reading the source model(s) in parallel
[2021-12-05 13:38:14 #203 INFO] read_source_model  16% [6 submitted, 0 queued]
[2021-12-05 13:38:14 #203 INFO] read_source_model  33% [6 submitted, 0 queued]
[2021-12-05 13:38:14 #203 INFO] read_source_model  50% [6 submitted, 0 queued]
[2021-12-05 13:38:14 #203 INFO] read_source_model  66% [6 submitted, 0 queued]
[2021-12-05 13:38:14 #203 INFO] read_source_model  83% [6 submitted, 0 queued]
[2021-12-05 13:38:14 #203 INFO] read_source_model 100% [6 submitted, 0 queued]
[2021-12-05 13:38:14 #203 INFO] Mean time per core=0s, std=0.0s, min=0s, max=0s
[2021-12-05 13:38:14 #203 INFO] Received {'/mnt/storage/CanadaSHM6/OpenQuake_model_files/sources/nationalModel/xml/simplifiedModel/WCan_HYeast_Harctic_simplified_collapsedRates.xml': '157.72 KB', '/mnt/storage/CanadaSHM6/OpenQuake_model_files/sources/nationalModel/xml/simplifiedModel/WCan_H2east_Harctic_simplified_collapsedRates.xml': '152.1 KB', '/mnt/storage/CanadaSHM6/OpenQuake_model_files/sources/nationalModel/xml/simplifiedModel/WCan_HYeast_Rarctic_simplified_collapsedRates.xml': '151.35 KB', '/mnt/storage/CanadaSHM6/OpenQuake_model_files/sources/nationalModel/xml/simplifiedModel/WCan_H2east_Rarctic_simplified_collapsedRates.xml': '145.73 KB', '/mnt/storage/CanadaSHM6/OpenQuake_model_files/sources/nationalModel/xml/simplifiedModel/WCan_R2east_Harctic_simplified_collapsedRates.xml': '137.01 KB', '/mnt/storage/CanadaSHM6/OpenQuake_model_files/sources/nationalModel/xml/simplifiedModel/WCan_R2east_Rarctic_simplified_collapsedRates.xml': '130.86 KB'} in 0 seconds
/home/ssm-user/src/oq-engine/openquake/hazardlib/gsim/base.py:347: ExperimentalWarning: CanadaSHM6_ActiveCrust_BooreEtAl2014 is experimental and may change in future versions - the user is liable for their application
  warnings.warn(msg, ExperimentalWarning)
/home/ssm-user/src/oq-engine/openquake/hazardlib/gsim/base.py:347: ExperimentalWarning: CanadaSHM6_ActiveCrust_BooreEtAl2014 is experimental and may change in future versions - the user is liable for their application
  warnings.warn(msg, ExperimentalWarning)
/home/ssm-user/src/oq-engine/openquake/hazardlib/gsim/base.py:347: ExperimentalWarning: CanadaSHM6_ActiveCrust_BooreEtAl2014 is experimental and may change in future versions - the user is liable for their application
  warnings.warn(msg, ExperimentalWarning)
/home/ssm-user/src/oq-engine/openquake/hazardlib/gsim/base.py:347: ExperimentalWarning: CanadaSHM6_ActiveCrust_BooreEtAl2014 is experimental and may change in future versions - the user is liable for their application
  warnings.warn(msg, ExperimentalWarning)
/home/ssm-user/src/oq-engine/openquake/hazardlib/gsim/base.py:347: ExperimentalWarning: CanadaSHM6_ActiveCrust_BooreEtAl2014 is experimental and may change in future versions - the user is liable for their application
  warnings.warn(msg, ExperimentalWarning)
/home/ssm-user/src/oq-engine/openquake/hazardlib/gsim/base.py:347: ExperimentalWarning: CanadaSHM6_ActiveCrust_BooreEtAl2014 is experimental and may change in future versions - the user is liable for their application
  warnings.warn(msg, ExperimentalWarning)
[2021-12-05 13:38:14 #203 INFO] There are multiple different sources with the same ID [<AreaSource SCCYA;0>, <AreaSource SCCYA;1>]
[2021-12-05 13:38:14 #203 INFO] There are 13 groups and 198 sources with len(et_ids)=3.87
[2021-12-05 13:38:14 #203 INFO] Checking the sources bounding box
[2021-12-05 13:38:15 #203 ERROR] source ACM: The buffer of 600 km is too large, the bounding box is larger than half the globe: 219 degrees
[2021-12-05 13:38:15 #203 INFO] Rupture floating factor = 1.6303030303030304
[2021-12-05 13:38:15 #203 INFO] Rupture spinning factor = 3.2181818181818183
[2021-12-05 13:38:15 #203 INFO] gzipping the input files
[2021-12-05 13:38:19 #203 INFO] Storing risk model
[2021-12-05 13:38:19 #203 INFO] minimum_intensity={'default': 0.05, 'SA(0.3)': 0.02, 'SA(0.6)': 0.05, 'SA(1.0)': 0.05, 'SA(2.0)': 0.05}
[2021-12-05 13:38:19 #203 INFO] Building ruptures
[2021-12-05 13:39:54 #203 INFO] Sending <SourceGroup Subduction IntraSlab30, 1 source(s)>
[2021-12-05 13:39:54 #203 INFO] Sending <SourceGroup Subduction IntraSlab55, 4 source(s)>
[2021-12-05 13:39:54 #203 INFO] Sending <SourceGroup Subduction Interface, 14 source(s)>
[2021-12-05 13:39:54 #203 INFO] Sending <SourceGroup Stable Shallow Crust, 29 source(s)>
[2021-12-05 13:39:54 #203 INFO] Sending <SourceGroup Stable Shallow Crust, 4 source(s)>
[2021-12-05 13:39:54 #203 INFO] Sending <SourceGroup Stable Shallow Crust, 6 source(s)>
[2021-12-05 13:39:54 #203 INFO] Sending <SourceGroup Stable Shallow Crust, 18 source(s)>
[2021-12-05 13:39:54 #203 INFO] Sending <SourceGroup Stable Shallow Crust, 10 source(s)>
[2021-12-05 13:39:54 #203 INFO] Sending <SourceGroup Stable Shallow Crust, 38 source(s)>
[2021-12-05 13:39:54 #203 INFO] Sending <SourceGroup Stable Shallow Crust, 14 source(s)>
[2021-12-05 13:39:54 #203 INFO] Sending <SourceGroup Active Shallow Crust, 1 source(s)>
[2021-12-05 13:39:54 #203 INFO] Sending <SourceGroup Active Shallow Crust, 58 source(s)>
[2021-12-05 13:39:54 #203 INFO] Sending <SourceGroup Active Shallow Crust, 1 source(s)>
[2021-12-05 13:39:57 #203 INFO] Sent 96 tasks, 79.67 MB in 0 seconds
[2021-12-05 13:39:58 #203 INFO] sample_ruptures   1% [98 submitted, 5 queued]
[2021-12-05 13:39:58 #203 INFO] sample_ruptures   2% [99 submitted, 4 queued]
[2021-12-05 13:39:58 #203 INFO] sample_ruptures   3% [100 submitted, 3 queued]
[2021-12-05 13:39:58 #203 INFO] sample_ruptures   4% [101 submitted, 2 queued]
[2021-12-05 13:39:58 #203 INFO] sample_ruptures   5% [102 submitted, 1 queued]
[2021-12-05 13:39:58 #203 INFO] sample_ruptures   6% [103 submitted, 0 queued]
[2021-12-05 13:39:58 #203 INFO] sample_ruptures   7% [103 submitted, 0 queued]
[2021-12-05 13:39:58 #203 INFO] sample_ruptures   8% [103 submitted, 0 queued]
[2021-12-05 13:39:59 #203 INFO] sample_ruptures   9% [103 submitted, 0 queued]
[2021-12-05 13:39:59 #203 INFO] sample_ruptures  10% [103 submitted, 0 queued]
[2021-12-05 13:39:59 #203 INFO] sample_ruptures  11% [103 submitted, 0 queued]
[2021-12-05 13:39:59 #203 INFO] sample_ruptures  12% [103 submitted, 0 queued]
[2021-12-05 13:39:59 #203 INFO] sample_ruptures  13% [103 submitted, 0 queued]
[2021-12-05 13:39:59 #203 INFO] sample_ruptures  14% [103 submitted, 0 queued]
[2021-12-05 13:39:59 #203 INFO] sample_ruptures  15% [103 submitted, 0 queued]
[2021-12-05 13:39:59 #203 INFO] sample_ruptures  16% [103 submitted, 0 queued]
[2021-12-05 13:39:59 #203 INFO] sample_ruptures  17% [103 submitted, 0 queued]
[2021-12-05 13:39:59 #203 INFO] sample_ruptures  18% [103 submitted, 0 queued]
[2021-12-05 13:39:59 #203 INFO] sample_ruptures  19% [103 submitted, 0 queued]
[2021-12-05 13:39:59 #203 INFO] sample_ruptures  20% [103 submitted, 0 queued]
[2021-12-05 13:39:59 #203 INFO] sample_ruptures  21% [103 submitted, 0 queued]
[2021-12-05 13:39:59 #203 INFO] sample_ruptures  22% [103 submitted, 0 queued]
[2021-12-05 13:39:59 #203 INFO] sample_ruptures  23% [103 submitted, 0 queued]
[2021-12-05 13:39:59 #203 INFO] sample_ruptures  24% [103 submitted, 0 queued]
[2021-12-05 13:39:59 #203 INFO] sample_ruptures  25% [103 submitted, 0 queued]
[2021-12-05 13:39:59 #203 INFO] sample_ruptures  26% [103 submitted, 0 queued]
[2021-12-05 13:39:59 #203 INFO] sample_ruptures  27% [103 submitted, 0 queued]
[2021-12-05 13:39:59 #203 INFO] sample_ruptures  28% [103 submitted, 0 queued]
[2021-12-05 13:39:59 #203 INFO] sample_ruptures  29% [103 submitted, 0 queued]
[2021-12-05 13:39:59 #203 INFO] sample_ruptures  30% [103 submitted, 0 queued]
[2021-12-05 13:39:59 #203 INFO] sample_ruptures  31% [103 submitted, 0 queued]
[2021-12-05 13:39:59 #203 INFO] sample_ruptures  32% [103 submitted, 0 queued]
[2021-12-05 13:39:59 #203 INFO] sample_ruptures  33% [103 submitted, 0 queued]
[2021-12-05 13:39:59 #203 INFO] sample_ruptures  34% [103 submitted, 0 queued]
[2021-12-05 13:39:59 #203 INFO] sample_ruptures  35% [103 submitted, 0 queued]
[2021-12-05 13:39:59 #203 INFO] sample_ruptures  36% [103 submitted, 0 queued]
[2021-12-05 13:39:59 #203 INFO] sample_ruptures  37% [103 submitted, 0 queued]
[2021-12-05 13:39:59 #203 INFO] sample_ruptures  38% [103 submitted, 0 queued]
[2021-12-05 13:39:59 #203 INFO] sample_ruptures  39% [103 submitted, 0 queued]
[2021-12-05 13:39:59 #203 INFO] sample_ruptures  40% [103 submitted, 0 queued]
[2021-12-05 13:39:59 #203 INFO] sample_ruptures  41% [103 submitted, 0 queued]
[2021-12-05 13:39:59 #203 INFO] sample_ruptures  42% [103 submitted, 0 queued]
[2021-12-05 13:39:59 #203 INFO] sample_ruptures  43% [103 submitted, 0 queued]
[2021-12-05 13:39:59 #203 INFO] sample_ruptures  44% [103 submitted, 0 queued]
[2021-12-05 13:39:59 #203 INFO] sample_ruptures  45% [103 submitted, 0 queued]
[2021-12-05 13:39:59 #203 INFO] sample_ruptures  46% [103 submitted, 0 queued]
[2021-12-05 13:39:59 #203 INFO] sample_ruptures  47% [103 submitted, 0 queued]
[2021-12-05 13:39:59 #203 INFO] sample_ruptures  48% [103 submitted, 0 queued]
[2021-12-05 13:39:59 #203 INFO] sample_ruptures  49% [103 submitted, 0 queued]
[2021-12-05 13:39:59 #203 INFO] sample_ruptures  50% [103 submitted, 0 queued]
[2021-12-05 13:40:00 #203 INFO] sample_ruptures  51% [103 submitted, 0 queued]
[2021-12-05 13:40:00 #203 INFO] sample_ruptures  52% [103 submitted, 0 queued]
[2021-12-05 13:40:00 #203 INFO] sample_ruptures  53% [103 submitted, 0 queued]
[2021-12-05 13:40:00 #203 INFO] sample_ruptures  54% [103 submitted, 0 queued]
[2021-12-05 13:40:00 #203 INFO] sample_ruptures  55% [103 submitted, 0 queued]
[2021-12-05 13:40:00 #203 INFO] sample_ruptures  56% [103 submitted, 0 queued]
[2021-12-05 13:40:00 #203 INFO] sample_ruptures  57% [103 submitted, 0 queued]
[2021-12-05 13:40:00 #203 INFO] sample_ruptures  58% [103 submitted, 0 queued]
[2021-12-05 13:40:00 #203 INFO] sample_ruptures  59% [103 submitted, 0 queued]
[2021-12-05 13:40:00 #203 INFO] sample_ruptures  60% [103 submitted, 0 queued]
[2021-12-05 13:40:00 #203 INFO] sample_ruptures  61% [103 submitted, 0 queued]
[2021-12-05 13:40:00 #203 INFO] sample_ruptures  62% [103 submitted, 0 queued]
[2021-12-05 13:40:00 #203 INFO] sample_ruptures  63% [103 submitted, 0 queued]
[2021-12-05 13:40:00 #203 INFO] sample_ruptures  64% [103 submitted, 0 queued]
[2021-12-05 13:40:00 #203 INFO] sample_ruptures  65% [103 submitted, 0 queued]
[2021-12-05 13:40:00 #203 INFO] sample_ruptures  66% [103 submitted, 0 queued]
[2021-12-05 13:40:00 #203 INFO] sample_ruptures  67% [103 submitted, 0 queued]
[2021-12-05 13:40:00 #203 INFO] sample_ruptures  68% [103 submitted, 0 queued]
[2021-12-05 13:40:17 #203 INFO] sample_ruptures  69% [103 submitted, 0 queued]
[2021-12-05 13:40:20 #203 INFO] sample_ruptures  70% [103 submitted, 0 queued]
[2021-12-05 13:40:20 #203 INFO] sample_ruptures  71% [103 submitted, 0 queued]
[2021-12-05 13:40:22 #203 INFO] sample_ruptures  72% [103 submitted, 0 queued]
[2021-12-05 13:40:23 #203 INFO] sample_ruptures  73% [103 submitted, 0 queued]
[2021-12-05 13:40:25 #203 INFO] sample_ruptures  74% [103 submitted, 0 queued]
[2021-12-05 13:40:25 #203 INFO] sample_ruptures  75% [103 submitted, 0 queued]
[2021-12-05 13:40:28 #203 INFO] sample_ruptures  76% [103 submitted, 0 queued]
[2021-12-05 13:40:31 #203 INFO] sample_ruptures  77% [103 submitted, 0 queued]
[2021-12-05 13:40:31 #203 INFO] sample_ruptures  78% [103 submitted, 0 queued]
[2021-12-05 13:40:34 #203 INFO] sample_ruptures  79% [103 submitted, 0 queued]
[2021-12-05 13:40:35 #203 INFO] sample_ruptures  80% [103 submitted, 0 queued]
[2021-12-05 13:40:38 #203 INFO] sample_ruptures  81% [103 submitted, 0 queued]
[2021-12-05 13:40:39 #203 INFO] sample_ruptures  82% [103 submitted, 0 queued]
[2021-12-05 13:40:40 #203 INFO] sample_ruptures  83% [103 submitted, 0 queued]
[2021-12-05 13:40:40 #203 INFO] sample_ruptures  84% [103 submitted, 0 queued]
[2021-12-05 13:40:43 #203 INFO] sample_ruptures  85% [103 submitted, 0 queued]
[2021-12-05 13:40:44 #203 INFO] sample_ruptures  86% [103 submitted, 0 queued]
[2021-12-05 13:40:49 #203 INFO] sample_ruptures  87% [103 submitted, 0 queued]
[2021-12-05 13:41:01 #203 INFO] sample_ruptures  88% [103 submitted, 0 queued]
[2021-12-05 13:41:15 #203 INFO] sample_ruptures  89% [103 submitted, 0 queued]
[2021-12-05 13:41:27 #203 INFO] sample_ruptures  90% [103 submitted, 0 queued]
[2021-12-05 13:41:46 #203 INFO] sample_ruptures  91% [103 submitted, 0 queued]
[2021-12-05 13:41:48 #203 INFO] sample_ruptures  92% [103 submitted, 0 queued]
[2021-12-05 13:41:56 #203 INFO] sample_ruptures  93% [103 submitted, 0 queued]
[2021-12-05 13:41:56 #203 INFO] sample_ruptures  94% [103 submitted, 0 queued]
[2021-12-05 13:41:57 #203 INFO] sample_ruptures  95% [103 submitted, 0 queued]
[2021-12-05 13:41:58 #203 INFO] sample_ruptures  96% [103 submitted, 0 queued]
[2021-12-05 13:41:58 #203 INFO] sample_ruptures  97% [103 submitted, 0 queued]
[2021-12-05 13:42:05 #203 INFO] sample_ruptures  98% [103 submitted, 0 queued]
[2021-12-05 13:42:40 #203 INFO] sample_ruptures  99% [103 submitted, 0 queued]
[2021-12-05 13:44:19 #203 INFO] sample_ruptures 100% [103 submitted, 0 queued]
[2021-12-05 13:44:19 #203 INFO] Mean time per core=23s, std=45.4s, min=0s, max=261s
[2021-12-05 13:44:19 #203 INFO] Received {'rup_array': '166.93 MB', 'calc_times': '22.88 KB', 'eff_ruptures': '4.31 KB'} in 262 seconds
[2021-12-05 13:44:19 #203 INFO] There are 200 realization(s)
[2021-12-05 13:44:19 #203 INFO] Reordering the ruptures and storing the events
[2021-12-05 13:44:20 #203 INFO] Associating event_id -> rlz_id for 2_247_574 events and 802_497 ruptures
[2021-12-05 13:44:47 #203 INFO] Sent 195 tasks, 85.9 MB in 25 seconds
[2021-12-05 13:44:53 #203 INFO] Mean time per core=5s, std=1.5s, min=2s, max=8s
[2021-12-05 13:44:53 #203 INFO] Received {'tot': '21.48 MB'} in 5 seconds
[2021-12-05 13:45:05 #203 INFO] minimum_intensity={'SA(0.3)': 0.02, 'SA(0.6)': 0.05, 'SA(1.0)': 0.05, 'SA(2.0)': 0.05, 'SA(0.5)': 0.05}
[2021-12-05 13:45:05 #203 INFO] Sending 802_497 ruptures
[2021-12-05 13:45:41 #203 INFO] Sent 195 tasks, 236.22 MB in 33 seconds
[2021-12-05 14:50:28 #203 INFO] start_ebrisk   1% [195 submitted, 0 queued]
[2021-12-05 14:54:40 #203 INFO] start_ebrisk   2% [195 submitted, 0 queued]
[2021-12-05 14:58:28 #203 INFO] start_ebrisk   3% [195 submitted, 0 queued]
[2021-12-05 14:59:36 #203 INFO] start_ebrisk   4% [195 submitted, 0 queued]
[2021-12-05 15:00:05 #203 INFO] start_ebrisk   5% [195 submitted, 0 queued]
[2021-12-05 15:00:40 #203 INFO] start_ebrisk   6% [195 submitted, 0 queued]
[2021-12-05 15:02:10 #203 INFO] start_ebrisk   7% [195 submitted, 0 queued]
[2021-12-05 15:02:59 #203 INFO] start_ebrisk   8% [195 submitted, 0 queued]
[2021-12-05 15:05:11 #203 INFO] start_ebrisk   9% [195 submitted, 0 queued]
[2021-12-05 15:07:24 #203 INFO] start_ebrisk  10% [195 submitted, 0 queued]
[2021-12-05 15:07:56 #203 INFO] start_ebrisk  11% [195 submitted, 0 queued]
[2021-12-05 15:10:01 #203 INFO] start_ebrisk  12% [195 submitted, 0 queued]
[2021-12-05 15:11:03 #203 INFO] start_ebrisk  13% [195 submitted, 0 queued]
[2021-12-05 15:12:02 #203 INFO] start_ebrisk  14% [195 submitted, 0 queued]
[2021-12-05 15:13:01 #203 INFO] start_ebrisk  15% [195 submitted, 0 queued]
[2021-12-05 15:13:29 #203 INFO] start_ebrisk  16% [195 submitted, 0 queued]
[2021-12-05 15:14:04 #203 INFO] start_ebrisk  17% [195 submitted, 0 queued]
[2021-12-05 15:14:34 #203 INFO] start_ebrisk  18% [195 submitted, 0 queued]
[2021-12-05 15:14:45 #203 INFO] start_ebrisk  19% [195 submitted, 0 queued]
[2021-12-05 15:15:06 #203 INFO] start_ebrisk  20% [195 submitted, 0 queued]
[2021-12-05 15:15:24 #203 INFO] start_ebrisk  21% [195 submitted, 0 queued]
[2021-12-05 15:15:47 #203 INFO] start_ebrisk  22% [195 submitted, 0 queued]
[2021-12-05 15:16:00 #203 INFO] start_ebrisk  23% [195 submitted, 0 queued]
[2021-12-05 15:16:56 #203 INFO] start_ebrisk  24% [195 submitted, 0 queued]
[2021-12-05 15:17:08 #203 INFO] start_ebrisk  25% [195 submitted, 0 queued]
[2021-12-05 15:18:36 #203 INFO] start_ebrisk  26% [195 submitted, 0 queued]
[2021-12-05 15:18:50 #203 INFO] start_ebrisk  27% [195 submitted, 0 queued]
[2021-12-05 15:19:37 #203 INFO] start_ebrisk  28% [195 submitted, 0 queued]
[2021-12-05 15:22:00 #203 INFO] start_ebrisk  29% [195 submitted, 0 queued]
[2021-12-05 15:22:43 #203 INFO] start_ebrisk  30% [195 submitted, 0 queued]
[2021-12-05 15:23:10 #203 INFO] start_ebrisk  31% [195 submitted, 0 queued]
[2021-12-05 15:23:33 #203 INFO] start_ebrisk  32% [195 submitted, 0 queued]
[2021-12-05 15:24:30 #203 INFO] start_ebrisk  33% [195 submitted, 0 queued]
[2021-12-05 15:26:17 #203 INFO] start_ebrisk  34% [195 submitted, 0 queued]
[2021-12-05 15:27:54 #203 INFO] start_ebrisk  35% [195 submitted, 0 queued]
[2021-12-05 15:29:41 #203 INFO] start_ebrisk  36% [195 submitted, 0 queued]
[2021-12-05 15:29:57 #203 INFO] start_ebrisk  37% [195 submitted, 0 queued]
[2021-12-05 15:30:54 #203 INFO] start_ebrisk  38% [195 submitted, 0 queued]
[2021-12-05 15:32:51 #203 INFO] start_ebrisk  39% [195 submitted, 0 queued]
[2021-12-05 15:33:04 #203 INFO] start_ebrisk  40% [195 submitted, 0 queued]
[2021-12-05 15:33:42 #203 INFO] start_ebrisk  41% [195 submitted, 0 queued]
[2021-12-05 15:36:45 #203 INFO] start_ebrisk  42% [195 submitted, 0 queued]
[2021-12-05 15:39:22 #203 INFO] start_ebrisk  43% [195 submitted, 0 queued]
[2021-12-05 15:40:24 #203 INFO] start_ebrisk  44% [195 submitted, 0 queued]
[2021-12-05 15:42:43 #203 INFO] start_ebrisk  45% [195 submitted, 0 queued]
[2021-12-05 15:43:55 #203 INFO] start_ebrisk  46% [195 submitted, 0 queued]
[2021-12-05 15:46:05 #203 INFO] start_ebrisk  47% [195 submitted, 0 queued]
[2021-12-05 15:49:32 #203 INFO] start_ebrisk  48% [195 submitted, 0 queued]
[2021-12-05 16:01:46 #203 INFO] start_ebrisk  49% [195 submitted, 0 queued]
[2021-12-05 16:07:14 #203 INFO] start_ebrisk  50% [195 submitted, 0 queued]
[2021-12-05 16:13:24 #203 INFO] start_ebrisk  51% [195 submitted, 0 queued]
[2021-12-05 16:17:42 #203 INFO] start_ebrisk  52% [195 submitted, 0 queued]
[2021-12-05 16:24:11 #203 INFO] start_ebrisk  53% [195 submitted, 0 queued]
[2021-12-05 16:26:16 #203 INFO] start_ebrisk  54% [195 submitted, 0 queued]
[2021-12-05 16:28:53 #203 INFO] start_ebrisk  55% [195 submitted, 0 queued]
[2021-12-05 16:32:05 #203 INFO] start_ebrisk  56% [195 submitted, 0 queued]
[2021-12-05 16:32:18 #203 INFO] start_ebrisk  57% [195 submitted, 0 queued]
[2021-12-05 16:34:26 #203 INFO] start_ebrisk  58% [195 submitted, 0 queued]
[2021-12-05 16:35:14 #203 INFO] start_ebrisk  59% [195 submitted, 0 queued]
[2021-12-05 16:35:45 #203 INFO] start_ebrisk  60% [195 submitted, 0 queued]
[2021-12-05 16:37:26 #203 INFO] start_ebrisk  61% [195 submitted, 0 queued]
[2021-12-05 16:37:43 #203 INFO] start_ebrisk  62% [195 submitted, 0 queued]
[2021-12-05 16:38:19 #203 INFO] start_ebrisk  63% [195 submitted, 0 queued]
[2021-12-05 16:39:01 #203 INFO] start_ebrisk  64% [195 submitted, 0 queued]
[2021-12-05 16:41:18 #203 INFO] start_ebrisk  65% [195 submitted, 0 queued]
[2021-12-05 16:42:25 #203 INFO] start_ebrisk  66% [195 submitted, 0 queued]
[2021-12-05 16:43:43 #203 INFO] start_ebrisk  67% [195 submitted, 0 queued]
[2021-12-05 16:44:41 #203 INFO] start_ebrisk  68% [195 submitted, 0 queued]
[2021-12-05 16:45:31 #203 INFO] start_ebrisk  69% [195 submitted, 0 queued]
[2021-12-05 16:46:37 #203 INFO] start_ebrisk  70% [195 submitted, 0 queued]
[2021-12-05 16:46:42 #203 INFO] start_ebrisk  71% [195 submitted, 0 queued]
[2021-12-05 16:47:36 #203 INFO] start_ebrisk  72% [195 submitted, 0 queued]
[2021-12-05 16:48:50 #203 INFO] start_ebrisk  73% [195 submitted, 0 queued]
[2021-12-05 16:49:03 #203 INFO] start_ebrisk  74% [195 submitted, 0 queued]
[2021-12-05 16:49:44 #203 INFO] start_ebrisk  75% [195 submitted, 0 queued]
[2021-12-05 16:50:55 #203 INFO] start_ebrisk  76% [195 submitted, 0 queued]
[2021-12-05 16:51:00 #203 INFO] start_ebrisk  77% [195 submitted, 0 queued]
[2021-12-05 16:51:42 #203 INFO] start_ebrisk  78% [195 submitted, 0 queued]
[2021-12-05 16:53:33 #203 INFO] start_ebrisk  79% [195 submitted, 0 queued]
[2021-12-05 16:53:52 #203 INFO] start_ebrisk  80% [195 submitted, 0 queued]
[2021-12-05 16:54:01 #203 INFO] start_ebrisk  81% [195 submitted, 0 queued]
[2021-12-05 16:55:07 #203 INFO] start_ebrisk  82% [195 submitted, 0 queued]
[2021-12-05 16:56:51 #203 INFO] start_ebrisk  83% [195 submitted, 0 queued]
[2021-12-05 16:58:24 #203 INFO] start_ebrisk  84% [195 submitted, 0 queued]
[2021-12-05 16:59:09 #203 INFO] start_ebrisk  85% [195 submitted, 0 queued]
[2021-12-05 17:00:20 #203 INFO] start_ebrisk  86% [195 submitted, 0 queued]
[2021-12-05 17:02:24 #203 INFO] start_ebrisk  87% [195 submitted, 0 queued]
[2021-12-05 17:02:57 #203 INFO] start_ebrisk  88% [195 submitted, 0 queued]
[2021-12-05 17:04:49 #203 INFO] start_ebrisk  89% [195 submitted, 0 queued]
[2021-12-05 17:05:37 #203 INFO] start_ebrisk  90% [195 submitted, 0 queued]
[2021-12-05 17:10:09 #203 INFO] start_ebrisk  91% [195 submitted, 0 queued]
[2021-12-05 17:11:01 #203 INFO] start_ebrisk  92% [195 submitted, 0 queued]
[2021-12-05 17:12:34 #203 INFO] start_ebrisk  93% [195 submitted, 0 queued]
[2021-12-05 17:14:39 #203 INFO] start_ebrisk  94% [195 submitted, 0 queued]
[2021-12-05 17:17:08 #203 INFO] start_ebrisk  95% [195 submitted, 0 queued]
[2021-12-05 17:20:16 #203 INFO] start_ebrisk  96% [195 submitted, 0 queued]
[2021-12-05 17:25:08 #203 INFO] start_ebrisk  97% [195 submitted, 0 queued]
[2021-12-05 17:29:08 #203 INFO] start_ebrisk  98% [195 submitted, 0 queued]
[2021-12-05 17:41:06 #203 INFO] start_ebrisk  99% [195 submitted, 0 queued]
[2021-12-05 17:48:30 #203 INFO] start_ebrisk 100% [195 submitted, 0 queued]
[2021-12-05 17:48:30 #203 INFO] Mean time per core=11212s, std=1121.3s, min=8885s, max=14598s
[2021-12-05 17:48:30 #203 INFO] Received {'alt': '1.72 GB', 'losses_by_A': '52.06 MB', 'momenta': '51.84 MB', 'gmf_info': '9.07 MB', 'events_per_sid': '4 KB'} in 14568 seconds
[2021-12-05 17:48:30 #203 INFO] Produced 38.62 GB of GMFs
[2021-12-05 17:48:30 #203 INFO] Stored 1.72 GB in the agg_loss_table
[2021-12-05 17:48:30 #203 INFO] Building the src_loss_table
[2021-12-05 17:48:59 #203 INFO] Sending 45.52 MB of losses
[2021-12-05 17:49:00 #203 INFO] Sending 24.38 MB of losses
[2021-12-05 17:49:00 #203 INFO] Sending 19.37 MB of losses
[2021-12-05 17:49:00 #203 INFO] Sending 40.51 MB of losses
[2021-12-05 17:49:00 #203 INFO] Sending 24.59 MB of losses
[2021-12-05 17:49:00 #203 INFO] Sending 28.76 MB of losses
[2021-12-05 17:49:01 #203 INFO] Sending 18.54 MB of losses
[2021-12-05 17:49:01 #203 INFO] Sending 16.62 MB of losses
[2021-12-05 17:49:01 #203 INFO] Sending 12.5 MB of losses
[2021-12-05 17:49:01 #203 INFO] Sending 36.71 MB of losses
[2021-12-05 17:49:02 #203 INFO] Sending 26.37 MB of losses
[2021-12-05 17:49:02 #203 INFO] Sending 20.88 MB of losses
[2021-12-05 17:49:02 #203 INFO] Sending 28.77 MB of losses
[2021-12-05 17:49:02 #203 INFO] Sending 22.16 MB of losses
[2021-12-05 17:49:02 #203 INFO] Sending 21.04 MB of losses
[2021-12-05 17:49:02 #203 INFO] Sending 19.2 MB of losses
[2021-12-05 17:49:03 #203 INFO] Sending 20.3 MB of losses
[2021-12-05 17:49:03 #203 INFO] Sending 14.63 MB of losses
[2021-12-05 17:49:03 #203 INFO] Sending 30.53 MB of losses
[2021-12-05 17:49:03 #203 INFO] Sending 27 MB of losses
[2021-12-05 17:49:04 #203 INFO] Sending 28.8 MB of losses
[2021-12-05 17:49:04 #203 INFO] Sending 27.49 MB of losses
[2021-12-05 17:49:04 #203 INFO] Sending 32.46 MB of losses
[2021-12-05 17:49:04 #203 INFO] Sending 23.21 MB of losses
[2021-12-05 17:49:04 #203 INFO] Sending 19.85 MB of losses
[2021-12-05 17:49:05 #203 INFO] Sending 20.12 MB of losses
[2021-12-05 17:49:05 #203 INFO] Sending 19.54 MB of losses
[2021-12-05 17:49:05 #203 INFO] Sending 30.28 MB of losses
[2021-12-05 17:49:05 #203 INFO] Sending 39.11 MB of losses
[2021-12-05 17:49:05 #203 INFO] Sending 20.21 MB of losses
[2021-12-05 17:49:06 #203 INFO] Sending 21.87 MB of losses
[2021-12-05 17:49:06 #203 INFO] Sending 28.64 MB of losses
[2021-12-05 17:49:06 #203 INFO] Sending 20.5 MB of losses
[2021-12-05 17:49:06 #203 INFO] Sending 11.97 MB of losses
[2021-12-05 17:49:07 #203 INFO] Sending 21.03 MB of losses
[2021-12-05 17:49:07 #203 INFO] Sending 14.47 MB of losses
[2021-12-05 17:49:07 #203 INFO] Sending 27.78 MB of losses
[2021-12-05 17:49:07 #203 INFO] Sending 21.62 MB of losses
[2021-12-05 17:49:07 #203 INFO] Sending 16.37 MB of losses
[2021-12-05 17:49:08 #203 INFO] Sending 26.12 MB of losses
[2021-12-05 17:49:08 #203 INFO] Sending 27.17 MB of losses
[2021-12-05 17:49:08 #203 INFO] Sending 24.09 MB of losses
[2021-12-05 17:49:08 #203 INFO] Sending 22.15 MB of losses
[2021-12-05 17:49:08 #203 INFO] Sending 17.43 MB of losses
[2021-12-05 17:49:09 #203 INFO] Sending 8.6 MB of losses
[2021-12-05 17:49:09 #203 INFO] Sending 14.91 MB of losses
[2021-12-05 17:49:09 #203 INFO] Sending 18.89 MB of losses
[2021-12-05 17:49:09 #203 INFO] Sending 26.53 MB of losses
[2021-12-05 17:49:09 #203 INFO] Sending 11.59 MB of losses
[2021-12-05 17:49:10 #203 INFO] Sending 12.54 MB of losses
[2021-12-05 17:49:10 #203 INFO] Sent 51 tasks, 1.15 GB in 10 seconds
[2021-12-05 17:49:10 #203 INFO] post_risk   1% [51 submitted, 0 queued]
[2021-12-05 17:49:11 #203 INFO] post_risk   3% [51 submitted, 0 queued]
[2021-12-05 17:49:11 #203 INFO] post_risk   5% [51 submitted, 0 queued]
[2021-12-05 17:49:11 #203 INFO] post_risk   7% [51 submitted, 0 queued]
[2021-12-05 17:49:11 #203 INFO] post_risk   9% [51 submitted, 0 queued]
[2021-12-05 17:49:11 #203 INFO] post_risk  11% [51 submitted, 0 queued]
[2021-12-05 17:49:11 #203 INFO] post_risk  13% [51 submitted, 0 queued]
[2021-12-05 17:49:11 #203 INFO] post_risk  15% [51 submitted, 0 queued]
[2021-12-05 17:49:11 #203 INFO] post_risk  17% [51 submitted, 0 queued]
[2021-12-05 17:49:11 #203 INFO] post_risk  19% [51 submitted, 0 queued]
[2021-12-05 17:49:11 #203 INFO] post_risk  21% [51 submitted, 0 queued]
[2021-12-05 17:49:11 #203 INFO] post_risk  23% [51 submitted, 0 queued]
[2021-12-05 17:49:11 #203 INFO] post_risk  25% [51 submitted, 0 queued]
[2021-12-05 17:49:11 #203 INFO] post_risk  27% [51 submitted, 0 queued]
[2021-12-05 17:49:11 #203 INFO] post_risk  29% [51 submitted, 0 queued]
[2021-12-05 17:49:11 #203 INFO] post_risk  31% [51 submitted, 0 queued]
[2021-12-05 17:49:11 #203 INFO] post_risk  33% [51 submitted, 0 queued]
[2021-12-05 17:49:11 #203 INFO] post_risk  35% [51 submitted, 0 queued]
[2021-12-05 17:49:11 #203 INFO] post_risk  37% [51 submitted, 0 queued]
[2021-12-05 17:49:11 #203 INFO] post_risk  39% [51 submitted, 0 queued]
[2021-12-05 17:49:11 #203 INFO] post_risk  41% [51 submitted, 0 queued]
[2021-12-05 17:49:11 #203 INFO] post_risk  43% [51 submitted, 0 queued]
[2021-12-05 17:49:11 #203 INFO] post_risk  45% [51 submitted, 0 queued]
[2021-12-05 17:49:11 #203 INFO] post_risk  47% [51 submitted, 0 queued]
[2021-12-05 17:49:11 #203 INFO] post_risk  49% [51 submitted, 0 queued]
[2021-12-05 17:49:11 #203 INFO] post_risk  50% [51 submitted, 0 queued]
[2021-12-05 17:49:11 #203 INFO] post_risk  52% [51 submitted, 0 queued]
[2021-12-05 17:49:11 #203 INFO] post_risk  54% [51 submitted, 0 queued]
[2021-12-05 17:49:11 #203 INFO] post_risk  56% [51 submitted, 0 queued]
[2021-12-05 17:49:11 #203 INFO] post_risk  58% [51 submitted, 0 queued]
[2021-12-05 17:49:11 #203 INFO] post_risk  60% [51 submitted, 0 queued]
[2021-12-05 17:49:11 #203 INFO] post_risk  62% [51 submitted, 0 queued]
[2021-12-05 17:49:11 #203 INFO] post_risk  64% [51 submitted, 0 queued]
[2021-12-05 17:49:11 #203 INFO] post_risk  66% [51 submitted, 0 queued]
[2021-12-05 17:49:11 #203 INFO] post_risk  68% [51 submitted, 0 queued]
[2021-12-05 17:49:11 #203 INFO] post_risk  70% [51 submitted, 0 queued]
[2021-12-05 17:49:11 #203 INFO] post_risk  72% [51 submitted, 0 queued]
[2021-12-05 17:49:11 #203 INFO] post_risk  74% [51 submitted, 0 queued]
[2021-12-05 17:49:11 #203 INFO] post_risk  76% [51 submitted, 0 queued]
[2021-12-05 17:49:11 #203 INFO] post_risk  78% [51 submitted, 0 queued]
[2021-12-05 17:49:11 #203 INFO] post_risk  80% [51 submitted, 0 queued]
[2021-12-05 17:49:11 #203 INFO] post_risk  82% [51 submitted, 0 queued]
[2021-12-05 17:49:11 #203 INFO] post_risk  84% [51 submitted, 0 queued]
[2021-12-05 17:49:11 #203 INFO] post_risk  86% [51 submitted, 0 queued]
[2021-12-05 17:49:11 #203 INFO] post_risk  88% [51 submitted, 0 queued]
[2021-12-05 17:49:11 #203 INFO] post_risk  90% [51 submitted, 0 queued]
[2021-12-05 17:49:11 #203 INFO] post_risk  92% [51 submitted, 0 queued]
[2021-12-05 17:49:11 #203 INFO] post_risk  94% [51 submitted, 0 queued]
[2021-12-05 17:49:11 #203 INFO] post_risk  96% [51 submitted, 0 queued]
[2021-12-05 17:49:11 #203 INFO] post_risk  98% [51 submitted, 0 queued]
[2021-12-05 17:49:11 #203 INFO] post_risk 100% [51 submitted, 0 queued]
[2021-12-05 17:49:11 #203 INFO] Mean time per core=0s, std=0.1s, min=0s, max=0s
[2021-12-05 17:49:11 #203 INFO] Received {'tot': '8.1 MB'} in 1 seconds
[2021-12-05 17:49:21 #203 INFO] Total portfolio loss
==== ============== ============== ========= ==============
loss contents       nonstructural  occupants structural    
==== ============== ============== ========= ==============
avg  15_904_981_627 65_199_305_235 1_329     69_292_617_088
==== ============== ============== ========= ==============
[2021-12-05 17:49:21 #203 INFO] Sanity check on agg_losses
[2021-12-05 17:49:22 #203 INFO] Exposing the outputs to the database
[2021-12-05 17:49:22 #203 INFO] Stored 1.94 GB on /root/oqdata/calc_203.hdf5 in 15101 seconds
/home/ssm-user/src/oq-engine/openquake/hazardlib/gsim/base.py:347: ExperimentalWarning: CanadaSHM6_ActiveCrust_BooreEtAl2014 is experimental and may change in future versions - the user is liable for their application
  warnings.warn(msg, ExperimentalWarning)
/home/ssm-user/src/oq-engine/openquake/hazardlib/gsim/base.py:347: ExperimentalWarning: CanadaSHM6_ActiveCrust_BooreEtAl2014 is experimental and may change in future versions - the user is liable for their application
  warnings.warn(msg, ExperimentalWarning)
/home/ssm-user/src/oq-engine/openquake/hazardlib/gsim/base.py:347: ExperimentalWarning: CanadaSHM6_ActiveCrust_BooreEtAl2014 is experimental and may change in future versions - the user is liable for their application
  warnings.warn(msg, ExperimentalWarning)
/home/ssm-user/src/oq-engine/openquake/hazardlib/gsim/base.py:347: ExperimentalWarning: CanadaSHM6_ActiveCrust_BooreEtAl2014 is experimental and may change in future versions - the user is liable for their application
  warnings.warn(msg, ExperimentalWarning)
/home/ssm-user/src/oq-engine/openquake/hazardlib/gsim/base.py:347: ExperimentalWarning: CanadaSHM6_ActiveCrust_BooreEtAl2014 is experimental and may change in future versions - the user is liable for their application
  warnings.warn(msg, ExperimentalWarning)
/home/ssm-user/src/oq-engine/openquake/hazardlib/gsim/base.py:347: ExperimentalWarning: CanadaSHM6_ActiveCrust_BooreEtAl2014 is experimental and may change in future versions - the user is liable for their application
  warnings.warn(msg, ExperimentalWarning)
/home/ssm-user/src/oq-engine/openquake/hazardlib/gsim/base.py:347: ExperimentalWarning: CanadaSHM6_ActiveCrust_BooreEtAl2014 is experimental and may change in future versions - the user is liable for their application
  warnings.warn(msg, ExperimentalWarning)
/home/ssm-user/src/oq-engine/openquake/hazardlib/gsim/base.py:347: ExperimentalWarning: CanadaSHM6_ActiveCrust_BooreEtAl2014 is experimental and may change in future versions - the user is liable for their application
  warnings.warn(msg, ExperimentalWarning)
/home/ssm-user/src/oq-engine/openquake/hazardlib/gsim/base.py:347: ExperimentalWarning: CanadaSHM6_ActiveCrust_BooreEtAl2014 is experimental and may change in future versions - the user is liable for their application
  warnings.warn(msg, ExperimentalWarning)
/home/ssm-user/src/oq-engine/openquake/hazardlib/gsim/base.py:347: ExperimentalWarning: CanadaSHM6_ActiveCrust_BooreEtAl2014 is experimental and may change in future versions - the user is liable for their application
  warnings.warn(msg, ExperimentalWarning)
/home/ssm-user/src/oq-engine/openquake/hazardlib/gsim/base.py:347: ExperimentalWarning: CanadaSHM6_ActiveCrust_BooreEtAl2014 is experimental and may change in future versions - the user is liable for their application
  warnings.warn(msg, ExperimentalWarning)
/home/ssm-user/src/oq-engine/openquake/hazardlib/gsim/base.py:347: ExperimentalWarning: CanadaSHM6_ActiveCrust_BooreEtAl2014 is experimental and may change in future versions - the user is liable for their application
  warnings.warn(msg, ExperimentalWarning)
/home/ssm-user/src/oq-engine/openquake/hazardlib/gsim/base.py:347: ExperimentalWarning: CanadaSHM6_ActiveCrust_BooreEtAl2014 is experimental and may change in future versions - the user is liable for their application
  warnings.warn(msg, ExperimentalWarning)
/home/ssm-user/src/oq-engine/openquake/hazardlib/gsim/base.py:347: ExperimentalWarning: CanadaSHM6_ActiveCrust_BooreEtAl2014 is experimental and may change in future versions - the user is liable for their application
  warnings.warn(msg, ExperimentalWarning)
/home/ssm-user/src/oq-engine/openquake/hazardlib/gsim/base.py:347: ExperimentalWarning: CanadaSHM6_ActiveCrust_BooreEtAl2014 is experimental and may change in future versions - the user is liable for their application
  warnings.warn(msg, ExperimentalWarning)
/home/ssm-user/src/oq-engine/openquake/hazardlib/gsim/base.py:347: ExperimentalWarning: CanadaSHM6_ActiveCrust_BooreEtAl2014 is experimental and may change in future versions - the user is liable for their application
  warnings.warn(msg, ExperimentalWarning)
/home/ssm-user/src/oq-engine/openquake/hazardlib/gsim/base.py:347: ExperimentalWarning: CanadaSHM6_ActiveCrust_BooreEtAl2014 is experimental and may change in future versions - the user is liable for their application
  warnings.warn(msg, ExperimentalWarning)
/home/ssm-user/src/oq-engine/openquake/hazardlib/gsim/base.py:347: ExperimentalWarning: CanadaSHM6_ActiveCrust_BooreEtAl2014 is experimental and may change in future versions - the user is liable for their application
  warnings.warn(msg, ExperimentalWarning)
/home/ssm-user/src/oq-engine/openquake/hazardlib/gsim/base.py:347: ExperimentalWarning: CanadaSHM6_ActiveCrust_BooreEtAl2014 is experimental and may change in future versions - the user is liable for their application
  warnings.warn(msg, ExperimentalWarning)
/home/ssm-user/src/oq-engine/openquake/hazardlib/gsim/base.py:347: ExperimentalWarning: CanadaSHM6_ActiveCrust_BooreEtAl2014 is experimental and may change in future versions - the user is liable for their application
  warnings.warn(msg, ExperimentalWarning)
/home/ssm-user/src/oq-engine/openquake/hazardlib/gsim/base.py:347: ExperimentalWarning: CanadaSHM6_ActiveCrust_BooreEtAl2014 is experimental and may change in future versions - the user is liable for their application
  warnings.warn(msg, ExperimentalWarning)
/home/ssm-user/src/oq-engine/openquake/hazardlib/gsim/base.py:347: ExperimentalWarning: CanadaSHM6_ActiveCrust_BooreEtAl2014 is experimental and may change in future versions - the user is liable for their application
  warnings.warn(msg, ExperimentalWarning)
/home/ssm-user/src/oq-engine/openquake/hazardlib/gsim/base.py:347: ExperimentalWarning: CanadaSHM6_ActiveCrust_BooreEtAl2014 is experimental and may change in future versions - the user is liable for their application
  warnings.warn(msg, ExperimentalWarning)
/home/ssm-user/src/oq-engine/openquake/hazardlib/gsim/base.py:347: ExperimentalWarning: CanadaSHM6_ActiveCrust_BooreEtAl2014 is experimental and may change in future versions - the user is liable for their application
  warnings.warn(msg, ExperimentalWarning)
/home/ssm-user/src/oq-engine/openquake/hazardlib/gsim/base.py:347: ExperimentalWarning: CanadaSHM6_ActiveCrust_BooreEtAl2014 is experimental and may change in future versions - the user is liable for their application
  warnings.warn(msg, ExperimentalWarning)
/home/ssm-user/src/oq-engine/openquake/hazardlib/gsim/base.py:347: ExperimentalWarning: CanadaSHM6_ActiveCrust_BooreEtAl2014 is experimental and may change in future versions - the user is liable for their application
  warnings.warn(msg, ExperimentalWarning)
/home/ssm-user/src/oq-engine/openquake/hazardlib/gsim/base.py:347: ExperimentalWarning: CanadaSHM6_ActiveCrust_BooreEtAl2014 is experimental and may change in future versions - the user is liable for their application
  warnings.warn(msg, ExperimentalWarning)
/home/ssm-user/src/oq-engine/openquake/hazardlib/gsim/base.py:347: ExperimentalWarning: CanadaSHM6_ActiveCrust_BooreEtAl2014 is experimental and may change in future versions - the user is liable for their application
  warnings.warn(msg, ExperimentalWarning)
/home/ssm-user/src/oq-engine/openquake/hazardlib/gsim/base.py:347: ExperimentalWarning: CanadaSHM6_ActiveCrust_BooreEtAl2014 is experimental and may change in future versions - the user is liable for their application
  warnings.warn(msg, ExperimentalWarning)
/home/ssm-user/src/oq-engine/openquake/hazardlib/gsim/base.py:347: ExperimentalWarning: CanadaSHM6_ActiveCrust_BooreEtAl2014 is experimental and may change in future versions - the user is liable for their application
  warnings.warn(msg, ExperimentalWarning)
/home/ssm-user/src/oq-engine/openquake/hazardlib/gsim/base.py:347: ExperimentalWarning: CanadaSHM6_ActiveCrust_BooreEtAl2014 is experimental and may change in future versions - the user is liable for their application
  warnings.warn(msg, ExperimentalWarning)
/home/ssm-user/src/oq-engine/openquake/hazardlib/gsim/base.py:347: ExperimentalWarning: CanadaSHM6_ActiveCrust_BooreEtAl2014 is experimental and may change in future versions - the user is liable for their application
  warnings.warn(msg, ExperimentalWarning)
/home/ssm-user/src/oq-engine/openquake/hazardlib/gsim/base.py:347: ExperimentalWarning: CanadaSHM6_ActiveCrust_BooreEtAl2014 is experimental and may change in future versions - the user is liable for their application
  warnings.warn(msg, ExperimentalWarning)
/home/ssm-user/src/oq-engine/openquake/hazardlib/gsim/base.py:347: ExperimentalWarning: CanadaSHM6_ActiveCrust_BooreEtAl2014 is experimental and may change in future versions - the user is liable for their application
  warnings.warn(msg, ExperimentalWarning)
/home/ssm-user/src/oq-engine/openquake/hazardlib/gsim/base.py:347: ExperimentalWarning: CanadaSHM6_ActiveCrust_BooreEtAl2014 is experimental and may change in future versions - the user is liable for their application
  warnings.warn(msg, ExperimentalWarning)
/home/ssm-user/src/oq-engine/openquake/hazardlib/gsim/base.py:347: ExperimentalWarning: CanadaSHM6_ActiveCrust_BooreEtAl2014 is experimental and may change in future versions - the user is liable for their application
  warnings.warn(msg, ExperimentalWarning)
/home/ssm-user/src/oq-engine/openquake/hazardlib/gsim/base.py:347: ExperimentalWarning: CanadaSHM6_ActiveCrust_BooreEtAl2014 is experimental and may change in future versions - the user is liable for their application
  warnings.warn(msg, ExperimentalWarning)
/home/ssm-user/src/oq-engine/openquake/hazardlib/gsim/base.py:347: ExperimentalWarning: CanadaSHM6_ActiveCrust_BooreEtAl2014 is experimental and may change in future versions - the user is liable for their application
  warnings.warn(msg, ExperimentalWarning)
/home/ssm-user/src/oq-engine/openquake/hazardlib/gsim/base.py:347: ExperimentalWarning: CanadaSHM6_ActiveCrust_BooreEtAl2014 is experimental and may change in future versions - the user is liable for their application
  warnings.warn(msg, ExperimentalWarning)
/home/ssm-user/src/oq-engine/openquake/hazardlib/gsim/base.py:347: ExperimentalWarning: CanadaSHM6_ActiveCrust_BooreEtAl2014 is experimental and may change in future versions - the user is liable for their application
  warnings.warn(msg, ExperimentalWarning)
/home/ssm-user/src/oq-engine/openquake/hazardlib/gsim/base.py:347: ExperimentalWarning: CanadaSHM6_ActiveCrust_BooreEtAl2014 is experimental and may change in future versions - the user is liable for their application
  warnings.warn(msg, ExperimentalWarning)
/home/ssm-user/src/oq-engine/openquake/hazardlib/gsim/base.py:347: ExperimentalWarning: CanadaSHM6_ActiveCrust_BooreEtAl2014 is experimental and may change in future versions - the user is liable for their application
  warnings.warn(msg, ExperimentalWarning)
/home/ssm-user/src/oq-engine/openquake/hazardlib/gsim/base.py:347: ExperimentalWarning: CanadaSHM6_ActiveCrust_BooreEtAl2014 is experimental and may change in future versions - the user is liable for their application
  warnings.warn(msg, ExperimentalWarning)
/home/ssm-user/src/oq-engine/openquake/hazardlib/gsim/base.py:347: ExperimentalWarning: CanadaSHM6_ActiveCrust_BooreEtAl2014 is experimental and may change in future versions - the user is liable for their application
  warnings.warn(msg, ExperimentalWarning)
/home/ssm-user/src/oq-engine/openquake/hazardlib/gsim/base.py:347: ExperimentalWarning: CanadaSHM6_ActiveCrust_BooreEtAl2014 is experimental and may change in future versions - the user is liable for their application
  warnings.warn(msg, ExperimentalWarning)
/home/ssm-user/src/oq-engine/openquake/hazardlib/gsim/base.py:347: ExperimentalWarning: CanadaSHM6_ActiveCrust_BooreEtAl2014 is experimental and may change in future versions - the user is liable for their application
  warnings.warn(msg, ExperimentalWarning)
/home/ssm-user/src/oq-engine/openquake/hazardlib/gsim/base.py:347: ExperimentalWarning: CanadaSHM6_ActiveCrust_BooreEtAl2014 is experimental and may change in future versions - the user is liable for their application
  warnings.warn(msg, ExperimentalWarning)
/home/ssm-user/src/oq-engine/openquake/hazardlib/gsim/base.py:347: ExperimentalWarning: CanadaSHM6_ActiveCrust_BooreEtAl2014 is experimental and may change in future versions - the user is liable for their application
  warnings.warn(msg, ExperimentalWarning)
/home/ssm-user/src/oq-engine/openquake/hazardlib/gsim/base.py:347: ExperimentalWarning: CanadaSHM6_ActiveCrust_BooreEtAl2014 is experimental and may change in future versions - the user is liable for their application
  warnings.warn(msg, ExperimentalWarning)
/home/ssm-user/src/oq-engine/openquake/hazardlib/gsim/base.py:347: ExperimentalWarning: CanadaSHM6_ActiveCrust_BooreEtAl2014 is experimental and may change in future versions - the user is liable for their application
  warnings.warn(msg, ExperimentalWarning)
/home/ssm-user/src/oq-engine/openquake/hazardlib/gsim/base.py:347: ExperimentalWarning: CanadaSHM6_ActiveCrust_BooreEtAl2014 is experimental and may change in future versions - the user is liable for their application
  warnings.warn(msg, ExperimentalWarning)
/home/ssm-user/src/oq-engine/openquake/hazardlib/gsim/base.py:347: ExperimentalWarning: CanadaSHM6_ActiveCrust_BooreEtAl2014 is experimental and may change in future versions - the user is liable for their application
  warnings.warn(msg, ExperimentalWarning)
/home/ssm-user/src/oq-engine/openquake/hazardlib/gsim/base.py:347: ExperimentalWarning: CanadaSHM6_ActiveCrust_BooreEtAl2014 is experimental and may change in future versions - the user is liable for their application
  warnings.warn(msg, ExperimentalWarning)
/home/ssm-user/src/oq-engine/openquake/hazardlib/gsim/base.py:347: ExperimentalWarning: CanadaSHM6_ActiveCrust_BooreEtAl2014 is experimental and may change in future versions - the user is liable for their application
  warnings.warn(msg, ExperimentalWarning)
/home/ssm-user/src/oq-engine/openquake/hazardlib/gsim/base.py:347: ExperimentalWarning: CanadaSHM6_ActiveCrust_BooreEtAl2014 is experimental and may change in future versions - the user is liable for their application
  warnings.warn(msg, ExperimentalWarning)
/home/ssm-user/src/oq-engine/openquake/hazardlib/gsim/base.py:347: ExperimentalWarning: CanadaSHM6_ActiveCrust_BooreEtAl2014 is experimental and may change in future versions - the user is liable for their application
  warnings.warn(msg, ExperimentalWarning)
/home/ssm-user/src/oq-engine/openquake/hazardlib/gsim/base.py:347: ExperimentalWarning: CanadaSHM6_ActiveCrust_BooreEtAl2014 is experimental and may change in future versions - the user is liable for their application
  warnings.warn(msg, ExperimentalWarning)
/home/ssm-user/src/oq-engine/openquake/hazardlib/gsim/base.py:347: ExperimentalWarning: CanadaSHM6_ActiveCrust_BooreEtAl2014 is experimental and may change in future versions - the user is liable for their application
  warnings.warn(msg, ExperimentalWarning)
/home/ssm-user/src/oq-engine/openquake/hazardlib/gsim/base.py:347: ExperimentalWarning: CanadaSHM6_ActiveCrust_BooreEtAl2014 is experimental and may change in future versions - the user is liable for their application
  warnings.warn(msg, ExperimentalWarning)
/home/ssm-user/src/oq-engine/openquake/hazardlib/gsim/base.py:347: ExperimentalWarning: CanadaSHM6_ActiveCrust_BooreEtAl2014 is experimental and may change in future versions - the user is liable for their application
  warnings.warn(msg, ExperimentalWarning)
/home/ssm-user/src/oq-engine/openquake/hazardlib/gsim/base.py:347: ExperimentalWarning: CanadaSHM6_ActiveCrust_BooreEtAl2014 is experimental and may change in future versions - the user is liable for their application
  warnings.warn(msg, ExperimentalWarning)
/home/ssm-user/src/oq-engine/openquake/hazardlib/gsim/base.py:347: ExperimentalWarning: CanadaSHM6_ActiveCrust_BooreEtAl2014 is experimental and may change in future versions - the user is liable for their application
  warnings.warn(msg, ExperimentalWarning)
/home/ssm-user/src/oq-engine/openquake/hazardlib/gsim/base.py:347: ExperimentalWarning: CanadaSHM6_ActiveCrust_BooreEtAl2014 is experimental and may change in future versions - the user is liable for their application
  warnings.warn(msg, ExperimentalWarning)
/home/ssm-user/src/oq-engine/openquake/hazardlib/gsim/base.py:347: ExperimentalWarning: CanadaSHM6_ActiveCrust_BooreEtAl2014 is experimental and may change in future versions - the user is liable for their application
  warnings.warn(msg, ExperimentalWarning)
/home/ssm-user/src/oq-engine/openquake/hazardlib/gsim/base.py:347: ExperimentalWarning: CanadaSHM6_ActiveCrust_BooreEtAl2014 is experimental and may change in future versions - the user is liable for their application
  warnings.warn(msg, ExperimentalWarning)
/home/ssm-user/src/oq-engine/openquake/hazardlib/gsim/base.py:347: ExperimentalWarning: CanadaSHM6_ActiveCrust_BooreEtAl2014 is experimental and may change in future versions - the user is liable for their application
  warnings.warn(msg, ExperimentalWarning)
/home/ssm-user/src/oq-engine/openquake/hazardlib/gsim/base.py:347: ExperimentalWarning: CanadaSHM6_ActiveCrust_BooreEtAl2014 is experimental and may change in future versions - the user is liable for their application
  warnings.warn(msg, ExperimentalWarning)
/home/ssm-user/src/oq-engine/openquake/hazardlib/gsim/base.py:347: ExperimentalWarning: CanadaSHM6_ActiveCrust_BooreEtAl2014 is experimental and may change in future versions - the user is liable for their application
  warnings.warn(msg, ExperimentalWarning)
/home/ssm-user/src/oq-engine/openquake/hazardlib/gsim/base.py:347: ExperimentalWarning: CanadaSHM6_ActiveCrust_BooreEtAl2014 is experimental and may change in future versions - the user is liable for their application
  warnings.warn(msg, ExperimentalWarning)
/home/ssm-user/src/oq-engine/openquake/hazardlib/gsim/base.py:347: ExperimentalWarning: CanadaSHM6_ActiveCrust_BooreEtAl2014 is experimental and may change in future versions - the user is liable for their application
  warnings.warn(msg, ExperimentalWarning)
/home/ssm-user/src/oq-engine/openquake/hazardlib/gsim/base.py:347: ExperimentalWarning: CanadaSHM6_ActiveCrust_BooreEtAl2014 is experimental and may change in future versions - the user is liable for their application
  warnings.warn(msg, ExperimentalWarning)
/home/ssm-user/src/oq-engine/openquake/hazardlib/gsim/base.py:347: ExperimentalWarning: CanadaSHM6_ActiveCrust_BooreEtAl2014 is experimental and may change in future versions - the user is liable for their application
  warnings.warn(msg, ExperimentalWarning)
/home/ssm-user/src/oq-engine/openquake/hazardlib/gsim/base.py:347: ExperimentalWarning: CanadaSHM6_ActiveCrust_BooreEtAl2014 is experimental and may change in future versions - the user is liable for their application
  warnings.warn(msg, ExperimentalWarning)
/home/ssm-user/src/oq-engine/openquake/hazardlib/gsim/base.py:347: ExperimentalWarning: CanadaSHM6_ActiveCrust_BooreEtAl2014 is experimental and may change in future versions - the user is liable for their application
  warnings.warn(msg, ExperimentalWarning)
/home/ssm-user/src/oq-engine/openquake/hazardlib/gsim/base.py:347: ExperimentalWarning: CanadaSHM6_ActiveCrust_BooreEtAl2014 is experimental and may change in future versions - the user is liable for their application
  warnings.warn(msg, ExperimentalWarning)
/home/ssm-user/src/oq-engine/openquake/hazardlib/gsim/base.py:347: ExperimentalWarning: CanadaSHM6_ActiveCrust_BooreEtAl2014 is experimental and may change in future versions - the user is liable for their application
  warnings.warn(msg, ExperimentalWarning)
/home/ssm-user/src/oq-engine/openquake/hazardlib/gsim/base.py:347: ExperimentalWarning: CanadaSHM6_ActiveCrust_BooreEtAl2014 is experimental and may change in future versions - the user is liable for their application
  warnings.warn(msg, ExperimentalWarning)
/home/ssm-user/src/oq-engine/openquake/hazardlib/gsim/base.py:347: ExperimentalWarning: CanadaSHM6_ActiveCrust_BooreEtAl2014 is experimental and may change in future versions - the user is liable for their application
  warnings.warn(msg, ExperimentalWarning)
/home/ssm-user/src/oq-engine/openquake/hazardlib/gsim/base.py:347: ExperimentalWarning: CanadaSHM6_ActiveCrust_BooreEtAl2014 is experimental and may change in future versions - the user is liable for their application
  warnings.warn(msg, ExperimentalWarning)
/home/ssm-user/src/oq-engine/openquake/hazardlib/gsim/base.py:347: ExperimentalWarning: CanadaSHM6_ActiveCrust_BooreEtAl2014 is experimental and may change in future versions - the user is liable for their application
  warnings.warn(msg, ExperimentalWarning)
/home/ssm-user/src/oq-engine/openquake/hazardlib/gsim/base.py:347: ExperimentalWarning: CanadaSHM6_ActiveCrust_BooreEtAl2014 is experimental and may change in future versions - the user is liable for their application
  warnings.warn(msg, ExperimentalWarning)
/home/ssm-user/src/oq-engine/openquake/hazardlib/gsim/base.py:347: ExperimentalWarning: CanadaSHM6_ActiveCrust_BooreEtAl2014 is experimental and may change in future versions - the user is liable for their application
  warnings.warn(msg, ExperimentalWarning)
/home/ssm-user/src/oq-engine/openquake/hazardlib/gsim/base.py:347: ExperimentalWarning: CanadaSHM6_ActiveCrust_BooreEtAl2014 is experimental and may change in future versions - the user is liable for their application
  warnings.warn(msg, ExperimentalWarning)
/home/ssm-user/src/oq-engine/openquake/hazardlib/gsim/base.py:347: ExperimentalWarning: CanadaSHM6_ActiveCrust_BooreEtAl2014 is experimental and may change in future versions - the user is liable for their application
  warnings.warn(msg, ExperimentalWarning)
/home/ssm-user/src/oq-engine/openquake/hazardlib/gsim/base.py:347: ExperimentalWarning: CanadaSHM6_ActiveCrust_BooreEtAl2014 is experimental and may change in future versions - the user is liable for their application
  warnings.warn(msg, ExperimentalWarning)
/home/ssm-user/src/oq-engine/openquake/hazardlib/gsim/base.py:347: ExperimentalWarning: CanadaSHM6_ActiveCrust_BooreEtAl2014 is experimental and may change in future versions - the user is liable for their application
  warnings.warn(msg, ExperimentalWarning)
/home/ssm-user/src/oq-engine/openquake/hazardlib/gsim/base.py:347: ExperimentalWarning: CanadaSHM6_ActiveCrust_BooreEtAl2014 is experimental and may change in future versions - the user is liable for their application
  warnings.warn(msg, ExperimentalWarning)
/home/ssm-user/src/oq-engine/openquake/hazardlib/gsim/base.py:347: ExperimentalWarning: CanadaSHM6_ActiveCrust_BooreEtAl2014 is experimental and may change in future versions - the user is liable for their application
  warnings.warn(msg, ExperimentalWarning)
/home/ssm-user/src/oq-engine/openquake/hazardlib/gsim/base.py:347: ExperimentalWarning: CanadaSHM6_ActiveCrust_BooreEtAl2014 is experimental and may change in future versions - the user is liable for their application
  warnings.warn(msg, ExperimentalWarning)
/home/ssm-user/src/oq-engine/openquake/hazardlib/gsim/base.py:347: ExperimentalWarning: CanadaSHM6_ActiveCrust_BooreEtAl2014 is experimental and may change in future versions - the user is liable for their application
  warnings.warn(msg, ExperimentalWarning)
/home/ssm-user/src/oq-engine/openquake/hazardlib/gsim/base.py:347: ExperimentalWarning: CanadaSHM6_ActiveCrust_BooreEtAl2014 is experimental and may change in future versions - the user is liable for their application
  warnings.warn(msg, ExperimentalWarning)
/home/ssm-user/src/oq-engine/openquake/hazardlib/gsim/base.py:347: ExperimentalWarning: CanadaSHM6_ActiveCrust_BooreEtAl2014 is experimental and may change in future versions - the user is liable for their application
  warnings.warn(msg, ExperimentalWarning)
/home/ssm-user/src/oq-engine/openquake/hazardlib/gsim/base.py:347: ExperimentalWarning: CanadaSHM6_ActiveCrust_BooreEtAl2014 is experimental and may change in future versions - the user is liable for their application
  warnings.warn(msg, ExperimentalWarning)
/home/ssm-user/src/oq-engine/openquake/hazardlib/gsim/base.py:347: ExperimentalWarning: CanadaSHM6_ActiveCrust_BooreEtAl2014 is experimental and may change in future versions - the user is liable for their application
  warnings.warn(msg, ExperimentalWarning)
/home/ssm-user/src/oq-engine/openquake/hazardlib/gsim/base.py:347: ExperimentalWarning: CanadaSHM6_ActiveCrust_BooreEtAl2014 is experimental and may change in future versions - the user is liable for their application
  warnings.warn(msg, ExperimentalWarning)
/home/ssm-user/src/oq-engine/openquake/hazardlib/gsim/base.py:347: ExperimentalWarning: CanadaSHM6_ActiveCrust_BooreEtAl2014 is experimental and may change in future versions - the user is liable for their application
  warnings.warn(msg, ExperimentalWarning)
[2021-12-05 17:49:23 #204 INFO] root running /mnt/storage/canada-srm2/ebRisk/input/ebRisk_r1_ON_K_Misc.ini [--hc=203]
[2021-12-05 17:49:23 #204 INFO] Using engine version 3.11.3-git0cccb86798
[2021-12-05 17:49:23 #204 WARNING] Version v3.12.1 of the engine is available, but you are still using version 3.11.3-git0cccb86798
[2021-12-05 17:49:23 #204 WARNING] Using 96 cores on ip-10-70-136-20
[2021-12-05 17:49:23 #204 INFO] Validated nationalModel.xml in 0.01 seconds
[2021-12-05 17:49:23 #204 INFO] Checksum of the input files: 514598877
[2021-12-05 17:49:23 #204 INFO] Reading the risk model if present
[2021-12-05 17:49:48 #204 INFO] Reading /mnt/storage/openquake-inputs/exposure/general-building-stock/oqBldgExp_ON_K_Misc.xml
[2021-12-05 17:49:50 #204 INFO] Associated 17488 assets to 3483 sites
[2021-12-05 17:49:52 #204 INFO] Reducing risk model from 7260 to 213 taxonomies
[2021-12-05 17:49:53 #204 INFO] minimum_asset_loss={'contents': 0, 'nonstructural': 0, 'occupants': 0, 'structural': 0}
[2021-12-05 17:49:53 #204 INFO] Storing 294 aggregation keys
[2021-12-05 17:49:53 #204 INFO] Storing risk model
[2021-12-05 17:49:54 #204 INFO] minimum_intensity={'SA(0.3)': 0.02, 'SA(0.6)': 0.05, 'SA(1.0)': 0.05, 'SA(2.0)': 0.05, 'SA(0.5)': 0.05}
[2021-12-05 17:49:54 #204 INFO] Sending 802_497 ruptures
  id | name
1138 | Aggregate Event Losses
1137 | Aggregate Loss Curves Statistics
1139 | Aggregate Losses Statistics
1140 | Average Asset Losses Statistics
1145 | Earthquake Ruptures
1141 | Events
1142 | Full Report
1143 | Input Files
1144 | Realizations
1146 | Source Loss Table
[2021-12-05 17:50:37 #204 INFO] Sent 195 tasks, 235.42 MB in 37 seconds
[2021-12-05 18:54:53 #204 INFO] start_ebrisk   1% [195 submitted, 0 queued]
[2021-12-05 18:57:31 #204 INFO] start_ebrisk   2% [195 submitted, 0 queued]
[2021-12-05 19:02:22 #204 INFO] start_ebrisk   3% [195 submitted, 0 queued]
[2021-12-05 19:03:09 #204 INFO] start_ebrisk   4% [195 submitted, 0 queued]
[2021-12-05 19:03:30 #204 INFO] start_ebrisk   5% [195 submitted, 0 queued]
[2021-12-05 19:06:15 #204 INFO] start_ebrisk   6% [195 submitted, 0 queued]
[2021-12-05 19:06:32 #204 INFO] start_ebrisk   7% [195 submitted, 0 queued]
[2021-12-05 19:07:54 #204 INFO] start_ebrisk   8% [195 submitted, 0 queued]
[2021-12-05 19:09:28 #204 INFO] start_ebrisk   9% [195 submitted, 0 queued]
[2021-12-05 19:11:52 #204 INFO] start_ebrisk  10% [195 submitted, 0 queued]
[2021-12-05 19:13:03 #204 INFO] start_ebrisk  11% [195 submitted, 0 queued]
[2021-12-05 19:13:58 #204 INFO] start_ebrisk  12% [195 submitted, 0 queued]
[2021-12-05 19:15:04 #204 INFO] start_ebrisk  13% [195 submitted, 0 queued]
[2021-12-05 19:15:09 #204 INFO] start_ebrisk  14% [195 submitted, 0 queued]
[2021-12-05 19:15:42 #204 INFO] start_ebrisk  15% [195 submitted, 0 queued]
[2021-12-05 19:17:13 #204 INFO] start_ebrisk  16% [195 submitted, 0 queued]
[2021-12-05 19:17:33 #204 INFO] start_ebrisk  17% [195 submitted, 0 queued]
[2021-12-05 19:17:56 #204 INFO] start_ebrisk  18% [195 submitted, 0 queued]
[2021-12-05 19:18:30 #204 INFO] start_ebrisk  19% [195 submitted, 0 queued]
[2021-12-05 19:18:45 #204 INFO] start_ebrisk  20% [195 submitted, 0 queued]
[2021-12-05 19:19:00 #204 INFO] start_ebrisk  21% [195 submitted, 0 queued]
[2021-12-05 19:19:20 #204 INFO] start_ebrisk  22% [195 submitted, 0 queued]
[2021-12-05 19:19:31 #204 INFO] start_ebrisk  23% [195 submitted, 0 queued]
[2021-12-05 19:19:38 #204 INFO] start_ebrisk  24% [195 submitted, 0 queued]
[2021-12-05 19:19:56 #204 INFO] start_ebrisk  25% [195 submitted, 0 queued]
[2021-12-05 19:20:32 #204 INFO] start_ebrisk  26% [195 submitted, 0 queued]
[2021-12-05 19:21:03 #204 INFO] start_ebrisk  27% [195 submitted, 0 queued]
[2021-12-05 19:22:19 #204 INFO] start_ebrisk  28% [195 submitted, 0 queued]
[2021-12-05 19:24:43 #204 INFO] start_ebrisk  29% [195 submitted, 0 queued]
[2021-12-05 19:25:14 #204 INFO] start_ebrisk  30% [195 submitted, 0 queued]
[2021-12-05 19:25:21 #204 INFO] start_ebrisk  31% [195 submitted, 0 queued]
[2021-12-05 19:25:44 #204 INFO] start_ebrisk  32% [195 submitted, 0 queued]
[2021-12-05 19:27:14 #204 INFO] start_ebrisk  33% [195 submitted, 0 queued]
[2021-12-05 19:28:28 #204 INFO] start_ebrisk  34% [195 submitted, 0 queued]
[2021-12-05 19:28:54 #204 INFO] start_ebrisk  35% [195 submitted, 0 queued]
[2021-12-05 19:30:31 #204 INFO] start_ebrisk  36% [195 submitted, 0 queued]
[2021-12-05 19:31:25 #204 INFO] start_ebrisk  37% [195 submitted, 0 queued]
[2021-12-05 19:33:18 #204 INFO] start_ebrisk  38% [195 submitted, 0 queued]
[2021-12-05 19:33:23 #204 INFO] start_ebrisk  39% [195 submitted, 0 queued]
[2021-12-05 19:35:04 #204 INFO] start_ebrisk  40% [195 submitted, 0 queued]
[2021-12-05 19:37:28 #204 INFO] start_ebrisk  41% [195 submitted, 0 queued]
[2021-12-05 19:38:26 #204 INFO] start_ebrisk  42% [195 submitted, 0 queued]
[2021-12-05 19:41:31 #204 INFO] start_ebrisk  43% [195 submitted, 0 queued]
[2021-12-05 19:43:05 #204 INFO] start_ebrisk  44% [195 submitted, 0 queued]
[2021-12-05 19:44:06 #204 INFO] start_ebrisk  45% [195 submitted, 0 queued]
[2021-12-05 19:45:38 #204 INFO] start_ebrisk  46% [195 submitted, 0 queued]
[2021-12-05 19:47:53 #204 INFO] start_ebrisk  47% [195 submitted, 0 queued]
[2021-12-05 19:48:21 #204 INFO] start_ebrisk  48% [195 submitted, 0 queued]
[2021-12-05 20:02:36 #204 INFO] start_ebrisk  49% [195 submitted, 0 queued]
[2021-12-05 20:08:56 #204 INFO] start_ebrisk  50% [195 submitted, 0 queued]
[2021-12-05 20:15:46 #204 INFO] start_ebrisk  51% [195 submitted, 0 queued]
[2021-12-05 20:22:17 #204 INFO] start_ebrisk  52% [195 submitted, 0 queued]
[2021-12-05 20:24:12 #204 INFO] start_ebrisk  53% [195 submitted, 0 queued]
[2021-12-05 20:27:51 #204 INFO] start_ebrisk  54% [195 submitted, 0 queued]
[2021-12-05 20:30:34 #204 INFO] start_ebrisk  55% [195 submitted, 0 queued]
[2021-12-05 20:32:50 #204 INFO] start_ebrisk  56% [195 submitted, 0 queued]
[2021-12-05 20:34:47 #204 INFO] start_ebrisk  57% [195 submitted, 0 queued]
[2021-12-05 20:36:35 #204 INFO] start_ebrisk  58% [195 submitted, 0 queued]
[2021-12-05 20:37:53 #204 INFO] start_ebrisk  59% [195 submitted, 0 queued]
[2021-12-05 20:38:45 #204 INFO] start_ebrisk  60% [195 submitted, 0 queued]
[2021-12-05 20:39:53 #204 INFO] start_ebrisk  61% [195 submitted, 0 queued]
[2021-12-05 20:41:39 #204 INFO] start_ebrisk  62% [195 submitted, 0 queued]
[2021-12-05 20:42:11 #204 INFO] start_ebrisk  63% [195 submitted, 0 queued]
[2021-12-05 20:42:24 #204 INFO] start_ebrisk  64% [195 submitted, 0 queued]
[2021-12-05 20:43:00 #204 INFO] start_ebrisk  65% [195 submitted, 0 queued]
[2021-12-05 20:43:35 #204 INFO] start_ebrisk  66% [195 submitted, 0 queued]
[2021-12-05 20:44:24 #204 INFO] start_ebrisk  67% [195 submitted, 0 queued]
[2021-12-05 20:45:51 #204 INFO] start_ebrisk  68% [195 submitted, 0 queued]
[2021-12-05 20:46:59 #204 INFO] start_ebrisk  69% [195 submitted, 0 queued]
[2021-12-05 20:47:38 #204 INFO] start_ebrisk  70% [195 submitted, 0 queued]
[2021-12-05 20:48:11 #204 INFO] start_ebrisk  71% [195 submitted, 0 queued]
[2021-12-05 20:48:51 #204 INFO] start_ebrisk  72% [195 submitted, 0 queued]
[2021-12-05 20:49:11 #204 INFO] start_ebrisk  73% [195 submitted, 0 queued]
[2021-12-05 20:50:14 #204 INFO] start_ebrisk  74% [195 submitted, 0 queued]
[2021-12-05 20:50:54 #204 INFO] start_ebrisk  75% [195 submitted, 0 queued]
[2021-12-05 20:51:17 #204 INFO] start_ebrisk  76% [195 submitted, 0 queued]
[2021-12-05 20:52:37 #204 INFO] start_ebrisk  77% [195 submitted, 0 queued]
[2021-12-05 20:53:44 #204 INFO] start_ebrisk  78% [195 submitted, 0 queued]
[2021-12-05 20:54:25 #204 INFO] start_ebrisk  79% [195 submitted, 0 queued]
[2021-12-05 20:55:10 #204 INFO] start_ebrisk  80% [195 submitted, 0 queued]
[2021-12-05 20:55:23 #204 INFO] start_ebrisk  81% [195 submitted, 0 queued]
[2021-12-05 20:55:47 #204 INFO] start_ebrisk  82% [195 submitted, 0 queued]
[2021-12-05 20:56:13 #204 INFO] start_ebrisk  83% [195 submitted, 0 queued]
[2021-12-05 20:58:26 #204 INFO] start_ebrisk  84% [195 submitted, 0 queued]
[2021-12-05 20:59:59 #204 INFO] start_ebrisk  85% [195 submitted, 0 queued]
[2021-12-05 21:01:35 #204 INFO] start_ebrisk  86% [195 submitted, 0 queued]
[2021-12-05 21:01:40 #204 INFO] start_ebrisk  87% [195 submitted, 0 queued]
[2021-12-05 21:01:46 #204 INFO] start_ebrisk  88% [195 submitted, 0 queued]
[2021-12-05 21:02:24 #204 INFO] start_ebrisk  89% [195 submitted, 0 queued]
[2021-12-05 21:07:08 #204 INFO] start_ebrisk  90% [195 submitted, 0 queued]
[2021-12-05 21:08:39 #204 INFO] start_ebrisk  91% [195 submitted, 0 queued]
[2021-12-05 21:09:38 #204 INFO] start_ebrisk  92% [195 submitted, 0 queued]
[2021-12-05 21:10:53 #204 INFO] start_ebrisk  93% [195 submitted, 0 queued]
[2021-12-05 21:13:07 #204 INFO] start_ebrisk  94% [195 submitted, 0 queued]
[2021-12-05 21:17:39 #204 INFO] start_ebrisk  95% [195 submitted, 0 queued]
[2021-12-05 21:18:08 #204 INFO] start_ebrisk  96% [195 submitted, 0 queued]
[2021-12-05 21:25:13 #204 INFO] start_ebrisk  97% [195 submitted, 0 queued]
[2021-12-05 21:27:05 #204 INFO] start_ebrisk  98% [195 submitted, 0 queued]
[2021-12-05 21:43:07 #204 INFO] start_ebrisk  99% [195 submitted, 0 queued]
[2021-12-05 21:44:50 #204 INFO] start_ebrisk 100% [195 submitted, 0 queued]
[2021-12-05 21:44:50 #204 INFO] Mean time per core=10967s, std=1048.6s, min=8739s, max=14080s
[2021-12-05 21:44:50 #204 INFO] Received {'alt': '1.58 GB', 'losses_by_A': '52.06 MB', 'momenta': '51.84 MB', 'gmf_info': '9.07 MB', 'events_per_sid': '4 KB'} in 14053 seconds
[2021-12-05 21:44:50 #204 INFO] Produced 38.62 GB of GMFs
[2021-12-05 21:44:50 #204 INFO] Stored 1.58 GB in the agg_loss_table
[2021-12-05 21:44:50 #204 INFO] Building the src_loss_table
[2021-12-05 21:45:16 #204 INFO] Sending 42.54 MB of losses
[2021-12-05 21:45:16 #204 INFO] Sending 23.35 MB of losses
[2021-12-05 21:45:16 #204 INFO] Sending 17.37 MB of losses
[2021-12-05 21:45:16 #204 INFO] Sending 36.34 MB of losses
[2021-12-05 21:45:17 #204 INFO] Sending 22.09 MB of losses
[2021-12-05 21:45:17 #204 INFO] Sending 25.45 MB of losses
[2021-12-05 21:45:17 #204 INFO] Sending 16.42 MB of losses
[2021-12-05 21:45:17 #204 INFO] Sending 16.45 MB of losses
[2021-12-05 21:45:17 #204 INFO] Sending 10.13 MB of losses
[2021-12-05 21:45:17 #204 INFO] Sending 36.71 MB of losses
[2021-12-05 21:45:18 #204 INFO] Sending 24.18 MB of losses
[2021-12-05 21:45:18 #204 INFO] Sending 18.98 MB of losses
[2021-12-05 21:45:18 #204 INFO] Sending 25.16 MB of losses
[2021-12-05 21:45:18 #204 INFO] Sending 21.79 MB of losses
[2021-12-05 21:45:18 #204 INFO] Sending 19.31 MB of losses
[2021-12-05 21:45:19 #204 INFO] Sending 16.21 MB of losses
[2021-12-05 21:45:19 #204 INFO] Sending 18.79 MB of losses
[2021-12-05 21:45:19 #204 INFO] Sending 12.93 MB of losses
[2021-12-05 21:45:19 #204 INFO] Sending 29.55 MB of losses
[2021-12-05 21:45:19 #204 INFO] Sending 25.26 MB of losses
[2021-12-05 21:45:20 #204 INFO] Sending 26.16 MB of losses
[2021-12-05 21:45:20 #204 INFO] Sending 24.5 MB of losses
[2021-12-05 21:45:20 #204 INFO] Sending 30.15 MB of losses
[2021-12-05 21:45:20 #204 INFO] Sending 19.48 MB of losses
[2021-12-05 21:45:20 #204 INFO] Sending 17.66 MB of losses
[2021-12-05 21:45:21 #204 INFO] Sending 17.97 MB of losses
[2021-12-05 21:45:21 #204 INFO] Sending 17.43 MB of losses
[2021-12-05 21:45:21 #204 INFO] Sending 30.28 MB of losses
[2021-12-05 21:45:21 #204 INFO] Sending 36.93 MB of losses
[2021-12-05 21:45:21 #204 INFO] Sending 19.11 MB of losses
[2021-12-05 21:45:22 #204 INFO] Sending 18.93 MB of losses
[2021-12-05 21:45:22 #204 INFO] Sending 25.5 MB of losses
[2021-12-05 21:45:22 #204 INFO] Sending 18.54 MB of losses
[2021-12-05 21:45:22 #204 INFO] Sending 8.24 MB of losses
[2021-12-05 21:45:22 #204 INFO] Sending 19.67 MB of losses
[2021-12-05 21:45:23 #204 INFO] Sending 11.72 MB of losses
[2021-12-05 21:45:23 #204 INFO] Sending 25.84 MB of losses
[2021-12-05 21:45:23 #204 INFO] Sending 20.61 MB of losses
[2021-12-05 21:45:23 #204 INFO] Sending 14.22 MB of losses
[2021-12-05 21:45:23 #204 INFO] Sending 25.96 MB of losses
[2021-12-05 21:45:24 #204 INFO] Sending 23.85 MB of losses
[2021-12-05 21:45:24 #204 INFO] Sending 21.74 MB of losses
[2021-12-05 21:45:24 #204 INFO] Sending 19.25 MB of losses
[2021-12-05 21:45:24 #204 INFO] Sending 15.75 MB of losses
[2021-12-05 21:45:24 #204 INFO] Sending 8.18 MB of losses
[2021-12-05 21:45:25 #204 INFO] Sending 13.74 MB of losses
[2021-12-05 21:45:25 #204 INFO] Sending 18.37 MB of losses
[2021-12-05 21:45:25 #204 INFO] Sending 25.78 MB of losses
[2021-12-05 21:45:25 #204 INFO] Sending 10.44 MB of losses
[2021-12-05 21:45:25 #204 INFO] Sending 10.56 MB of losses
[2021-12-05 21:45:25 #204 INFO] Sent 51 tasks, 1.05 GB in 9 seconds
[2021-12-05 21:45:26 #204 INFO] post_risk   1% [51 submitted, 0 queued]
[2021-12-05 21:45:26 #204 INFO] post_risk   3% [51 submitted, 0 queued]
[2021-12-05 21:45:26 #204 INFO] post_risk   5% [51 submitted, 0 queued]
[2021-12-05 21:45:26 #204 INFO] post_risk   7% [51 submitted, 0 queued]
[2021-12-05 21:45:26 #204 INFO] post_risk   9% [51 submitted, 0 queued]
[2021-12-05 21:45:26 #204 INFO] post_risk  11% [51 submitted, 0 queued]
[2021-12-05 21:45:26 #204 INFO] post_risk  13% [51 submitted, 0 queued]
[2021-12-05 21:45:26 #204 INFO] post_risk  15% [51 submitted, 0 queued]
[2021-12-05 21:45:26 #204 INFO] post_risk  17% [51 submitted, 0 queued]
[2021-12-05 21:45:26 #204 INFO] post_risk  19% [51 submitted, 0 queued]
[2021-12-05 21:45:26 #204 INFO] post_risk  21% [51 submitted, 0 queued]
[2021-12-05 21:45:26 #204 INFO] post_risk  23% [51 submitted, 0 queued]
[2021-12-05 21:45:26 #204 INFO] post_risk  25% [51 submitted, 0 queued]
[2021-12-05 21:45:26 #204 INFO] post_risk  27% [51 submitted, 0 queued]
[2021-12-05 21:45:26 #204 INFO] post_risk  29% [51 submitted, 0 queued]
[2021-12-05 21:45:26 #204 INFO] post_risk  31% [51 submitted, 0 queued]
[2021-12-05 21:45:26 #204 INFO] post_risk  33% [51 submitted, 0 queued]
[2021-12-05 21:45:26 #204 INFO] post_risk  35% [51 submitted, 0 queued]
[2021-12-05 21:45:26 #204 INFO] post_risk  37% [51 submitted, 0 queued]
[2021-12-05 21:45:26 #204 INFO] post_risk  39% [51 submitted, 0 queued]
[2021-12-05 21:45:26 #204 INFO] post_risk  41% [51 submitted, 0 queued]
[2021-12-05 21:45:26 #204 INFO] post_risk  43% [51 submitted, 0 queued]
[2021-12-05 21:45:26 #204 INFO] post_risk  45% [51 submitted, 0 queued]
[2021-12-05 21:45:26 #204 INFO] post_risk  47% [51 submitted, 0 queued]
[2021-12-05 21:45:26 #204 INFO] post_risk  49% [51 submitted, 0 queued]
[2021-12-05 21:45:27 #204 INFO] post_risk  50% [51 submitted, 0 queued]
[2021-12-05 21:45:27 #204 INFO] post_risk  52% [51 submitted, 0 queued]
[2021-12-05 21:45:27 #204 INFO] post_risk  54% [51 submitted, 0 queued]
[2021-12-05 21:45:27 #204 INFO] post_risk  56% [51 submitted, 0 queued]
[2021-12-05 21:45:27 #204 INFO] post_risk  58% [51 submitted, 0 queued]
[2021-12-05 21:45:27 #204 INFO] post_risk  60% [51 submitted, 0 queued]
[2021-12-05 21:45:27 #204 INFO] post_risk  62% [51 submitted, 0 queued]
[2021-12-05 21:45:27 #204 INFO] post_risk  64% [51 submitted, 0 queued]
[2021-12-05 21:45:27 #204 INFO] post_risk  66% [51 submitted, 0 queued]
[2021-12-05 21:45:27 #204 INFO] post_risk  68% [51 submitted, 0 queued]
[2021-12-05 21:45:27 #204 INFO] post_risk  70% [51 submitted, 0 queued]
[2021-12-05 21:45:27 #204 INFO] post_risk  72% [51 submitted, 0 queued]
[2021-12-05 21:45:27 #204 INFO] post_risk  74% [51 submitted, 0 queued]
[2021-12-05 21:45:27 #204 INFO] post_risk  76% [51 submitted, 0 queued]
[2021-12-05 21:45:27 #204 INFO] post_risk  78% [51 submitted, 0 queued]
[2021-12-05 21:45:27 #204 INFO] post_risk  80% [51 submitted, 0 queued]
[2021-12-05 21:45:27 #204 INFO] post_risk  82% [51 submitted, 0 queued]
[2021-12-05 21:45:27 #204 INFO] post_risk  84% [51 submitted, 0 queued]
[2021-12-05 21:45:27 #204 INFO] post_risk  86% [51 submitted, 0 queued]
[2021-12-05 21:45:27 #204 INFO] post_risk  88% [51 submitted, 0 queued]
[2021-12-05 21:45:27 #204 INFO] post_risk  90% [51 submitted, 0 queued]
[2021-12-05 21:45:27 #204 INFO] post_risk  92% [51 submitted, 0 queued]
[2021-12-05 21:45:27 #204 INFO] post_risk  94% [51 submitted, 0 queued]
[2021-12-05 21:45:27 #204 INFO] post_risk  96% [51 submitted, 0 queued]
[2021-12-05 21:45:27 #204 INFO] post_risk  98% [51 submitted, 0 queued]
[2021-12-05 21:45:27 #204 INFO] post_risk 100% [51 submitted, 0 queued]
[2021-12-05 21:45:27 #204 INFO] Mean time per core=0s, std=0.1s, min=0s, max=0s
[2021-12-05 21:45:27 #204 INFO] Received {'tot': '8.1 MB'} in 1 seconds
[2021-12-05 21:45:36 #204 INFO] Total portfolio loss
==== ============= ============== ========= ==============
loss contents      nonstructural  occupants structural    
==== ============= ============== ========= ==============
avg  8_447_219_127 33_932_134_107 488       35_572_719_496
==== ============= ============== ========= ==============
[2021-12-05 21:45:36 #204 INFO] Sanity check on agg_losses
[2021-12-05 21:45:37 #204 INFO] Exposing the outputs to the database
[2021-12-05 21:45:37 #204 INFO] Stored 1.61 GB on /root/oqdata/calc_204.hdf5 in 14173 seconds
/home/ssm-user/src/oq-engine/openquake/hazardlib/gsim/base.py:347: ExperimentalWarning: CanadaSHM6_ActiveCrust_BooreEtAl2014 is experimental and may change in future versions - the user is liable for their application
  warnings.warn(msg, ExperimentalWarning)
/home/ssm-user/src/oq-engine/openquake/hazardlib/gsim/base.py:347: ExperimentalWarning: CanadaSHM6_ActiveCrust_BooreEtAl2014 is experimental and may change in future versions - the user is liable for their application
  warnings.warn(msg, ExperimentalWarning)
/home/ssm-user/src/oq-engine/openquake/hazardlib/gsim/base.py:347: ExperimentalWarning: CanadaSHM6_ActiveCrust_BooreEtAl2014 is experimental and may change in future versions - the user is liable for their application
  warnings.warn(msg, ExperimentalWarning)
/home/ssm-user/src/oq-engine/openquake/hazardlib/gsim/base.py:347: ExperimentalWarning: CanadaSHM6_ActiveCrust_BooreEtAl2014 is experimental and may change in future versions - the user is liable for their application
  warnings.warn(msg, ExperimentalWarning)
/home/ssm-user/src/oq-engine/openquake/hazardlib/gsim/base.py:347: ExperimentalWarning: CanadaSHM6_ActiveCrust_BooreEtAl2014 is experimental and may change in future versions - the user is liable for their application
  warnings.warn(msg, ExperimentalWarning)
/home/ssm-user/src/oq-engine/openquake/hazardlib/gsim/base.py:347: ExperimentalWarning: CanadaSHM6_ActiveCrust_BooreEtAl2014 is experimental and may change in future versions - the user is liable for their application
  warnings.warn(msg, ExperimentalWarning)
/home/ssm-user/src/oq-engine/openquake/hazardlib/gsim/base.py:347: ExperimentalWarning: CanadaSHM6_ActiveCrust_BooreEtAl2014 is experimental and may change in future versions - the user is liable for their application
  warnings.warn(msg, ExperimentalWarning)
/home/ssm-user/src/oq-engine/openquake/hazardlib/gsim/base.py:347: ExperimentalWarning: CanadaSHM6_ActiveCrust_BooreEtAl2014 is experimental and may change in future versions - the user is liable for their application
  warnings.warn(msg, ExperimentalWarning)
/home/ssm-user/src/oq-engine/openquake/hazardlib/gsim/base.py:347: ExperimentalWarning: CanadaSHM6_ActiveCrust_BooreEtAl2014 is experimental and may change in future versions - the user is liable for their application
  warnings.warn(msg, ExperimentalWarning)
/home/ssm-user/src/oq-engine/openquake/hazardlib/gsim/base.py:347: ExperimentalWarning: CanadaSHM6_ActiveCrust_BooreEtAl2014 is experimental and may change in future versions - the user is liable for their application
  warnings.warn(msg, ExperimentalWarning)
/home/ssm-user/src/oq-engine/openquake/hazardlib/gsim/base.py:347: ExperimentalWarning: CanadaSHM6_ActiveCrust_BooreEtAl2014 is experimental and may change in future versions - the user is liable for their application
  warnings.warn(msg, ExperimentalWarning)
/home/ssm-user/src/oq-engine/openquake/hazardlib/gsim/base.py:347: ExperimentalWarning: CanadaSHM6_ActiveCrust_BooreEtAl2014 is experimental and may change in future versions - the user is liable for their application
  warnings.warn(msg, ExperimentalWarning)
/home/ssm-user/src/oq-engine/openquake/hazardlib/gsim/base.py:347: ExperimentalWarning: CanadaSHM6_ActiveCrust_BooreEtAl2014 is experimental and may change in future versions - the user is liable for their application
  warnings.warn(msg, ExperimentalWarning)
/home/ssm-user/src/oq-engine/openquake/hazardlib/gsim/base.py:347: ExperimentalWarning: CanadaSHM6_ActiveCrust_BooreEtAl2014 is experimental and may change in future versions - the user is liable for their application
  warnings.warn(msg, ExperimentalWarning)
/home/ssm-user/src/oq-engine/openquake/hazardlib/gsim/base.py:347: ExperimentalWarning: CanadaSHM6_ActiveCrust_BooreEtAl2014 is experimental and may change in future versions - the user is liable for their application
  warnings.warn(msg, ExperimentalWarning)
/home/ssm-user/src/oq-engine/openquake/hazardlib/gsim/base.py:347: ExperimentalWarning: CanadaSHM6_ActiveCrust_BooreEtAl2014 is experimental and may change in future versions - the user is liable for their application
  warnings.warn(msg, ExperimentalWarning)
/home/ssm-user/src/oq-engine/openquake/hazardlib/gsim/base.py:347: ExperimentalWarning: CanadaSHM6_ActiveCrust_BooreEtAl2014 is experimental and may change in future versions - the user is liable for their application
  warnings.warn(msg, ExperimentalWarning)
/home/ssm-user/src/oq-engine/openquake/hazardlib/gsim/base.py:347: ExperimentalWarning: CanadaSHM6_ActiveCrust_BooreEtAl2014 is experimental and may change in future versions - the user is liable for their application
  warnings.warn(msg, ExperimentalWarning)
/home/ssm-user/src/oq-engine/openquake/hazardlib/gsim/base.py:347: ExperimentalWarning: CanadaSHM6_ActiveCrust_BooreEtAl2014 is experimental and may change in future versions - the user is liable for their application
  warnings.warn(msg, ExperimentalWarning)
/home/ssm-user/src/oq-engine/openquake/hazardlib/gsim/base.py:347: ExperimentalWarning: CanadaSHM6_ActiveCrust_BooreEtAl2014 is experimental and may change in future versions - the user is liable for their application
  warnings.warn(msg, ExperimentalWarning)
/home/ssm-user/src/oq-engine/openquake/hazardlib/gsim/base.py:347: ExperimentalWarning: CanadaSHM6_ActiveCrust_BooreEtAl2014 is experimental and may change in future versions - the user is liable for their application
  warnings.warn(msg, ExperimentalWarning)
/home/ssm-user/src/oq-engine/openquake/hazardlib/gsim/base.py:347: ExperimentalWarning: CanadaSHM6_ActiveCrust_BooreEtAl2014 is experimental and may change in future versions - the user is liable for their application
  warnings.warn(msg, ExperimentalWarning)
/home/ssm-user/src/oq-engine/openquake/hazardlib/gsim/base.py:347: ExperimentalWarning: CanadaSHM6_ActiveCrust_BooreEtAl2014 is experimental and may change in future versions - the user is liable for their application
  warnings.warn(msg, ExperimentalWarning)
/home/ssm-user/src/oq-engine/openquake/hazardlib/gsim/base.py:347: ExperimentalWarning: CanadaSHM6_ActiveCrust_BooreEtAl2014 is experimental and may change in future versions - the user is liable for their application
  warnings.warn(msg, ExperimentalWarning)
/home/ssm-user/src/oq-engine/openquake/hazardlib/gsim/base.py:347: ExperimentalWarning: CanadaSHM6_ActiveCrust_BooreEtAl2014 is experimental and may change in future versions - the user is liable for their application
  warnings.warn(msg, ExperimentalWarning)
/home/ssm-user/src/oq-engine/openquake/hazardlib/gsim/base.py:347: ExperimentalWarning: CanadaSHM6_ActiveCrust_BooreEtAl2014 is experimental and may change in future versions - the user is liable for their application
  warnings.warn(msg, ExperimentalWarning)
/home/ssm-user/src/oq-engine/openquake/hazardlib/gsim/base.py:347: ExperimentalWarning: CanadaSHM6_ActiveCrust_BooreEtAl2014 is experimental and may change in future versions - the user is liable for their application
  warnings.warn(msg, ExperimentalWarning)
/home/ssm-user/src/oq-engine/openquake/hazardlib/gsim/base.py:347: ExperimentalWarning: CanadaSHM6_ActiveCrust_BooreEtAl2014 is experimental and may change in future versions - the user is liable for their application
  warnings.warn(msg, ExperimentalWarning)
/home/ssm-user/src/oq-engine/openquake/hazardlib/gsim/base.py:347: ExperimentalWarning: CanadaSHM6_ActiveCrust_BooreEtAl2014 is experimental and may change in future versions - the user is liable for their application
  warnings.warn(msg, ExperimentalWarning)
/home/ssm-user/src/oq-engine/openquake/hazardlib/gsim/base.py:347: ExperimentalWarning: CanadaSHM6_ActiveCrust_BooreEtAl2014 is experimental and may change in future versions - the user is liable for their application
  warnings.warn(msg, ExperimentalWarning)
/home/ssm-user/src/oq-engine/openquake/hazardlib/gsim/base.py:347: ExperimentalWarning: CanadaSHM6_ActiveCrust_BooreEtAl2014 is experimental and may change in future versions - the user is liable for their application
  warnings.warn(msg, ExperimentalWarning)
/home/ssm-user/src/oq-engine/openquake/hazardlib/gsim/base.py:347: ExperimentalWarning: CanadaSHM6_ActiveCrust_BooreEtAl2014 is experimental and may change in future versions - the user is liable for their application
  warnings.warn(msg, ExperimentalWarning)
/home/ssm-user/src/oq-engine/openquake/hazardlib/gsim/base.py:347: ExperimentalWarning: CanadaSHM6_ActiveCrust_BooreEtAl2014 is experimental and may change in future versions - the user is liable for their application
  warnings.warn(msg, ExperimentalWarning)
/home/ssm-user/src/oq-engine/openquake/hazardlib/gsim/base.py:347: ExperimentalWarning: CanadaSHM6_ActiveCrust_BooreEtAl2014 is experimental and may change in future versions - the user is liable for their application
  warnings.warn(msg, ExperimentalWarning)
/home/ssm-user/src/oq-engine/openquake/hazardlib/gsim/base.py:347: ExperimentalWarning: CanadaSHM6_ActiveCrust_BooreEtAl2014 is experimental and may change in future versions - the user is liable for their application
  warnings.warn(msg, ExperimentalWarning)
/home/ssm-user/src/oq-engine/openquake/hazardlib/gsim/base.py:347: ExperimentalWarning: CanadaSHM6_ActiveCrust_BooreEtAl2014 is experimental and may change in future versions - the user is liable for their application
  warnings.warn(msg, ExperimentalWarning)
/home/ssm-user/src/oq-engine/openquake/hazardlib/gsim/base.py:347: ExperimentalWarning: CanadaSHM6_ActiveCrust_BooreEtAl2014 is experimental and may change in future versions - the user is liable for their application
  warnings.warn(msg, ExperimentalWarning)
/home/ssm-user/src/oq-engine/openquake/hazardlib/gsim/base.py:347: ExperimentalWarning: CanadaSHM6_ActiveCrust_BooreEtAl2014 is experimental and may change in future versions - the user is liable for their application
  warnings.warn(msg, ExperimentalWarning)
/home/ssm-user/src/oq-engine/openquake/hazardlib/gsim/base.py:347: ExperimentalWarning: CanadaSHM6_ActiveCrust_BooreEtAl2014 is experimental and may change in future versions - the user is liable for their application
  warnings.warn(msg, ExperimentalWarning)
/home/ssm-user/src/oq-engine/openquake/hazardlib/gsim/base.py:347: ExperimentalWarning: CanadaSHM6_ActiveCrust_BooreEtAl2014 is experimental and may change in future versions - the user is liable for their application
  warnings.warn(msg, ExperimentalWarning)
/home/ssm-user/src/oq-engine/openquake/hazardlib/gsim/base.py:347: ExperimentalWarning: CanadaSHM6_ActiveCrust_BooreEtAl2014 is experimental and may change in future versions - the user is liable for their application
  warnings.warn(msg, ExperimentalWarning)
/home/ssm-user/src/oq-engine/openquake/hazardlib/gsim/base.py:347: ExperimentalWarning: CanadaSHM6_ActiveCrust_BooreEtAl2014 is experimental and may change in future versions - the user is liable for their application
  warnings.warn(msg, ExperimentalWarning)
/home/ssm-user/src/oq-engine/openquake/hazardlib/gsim/base.py:347: ExperimentalWarning: CanadaSHM6_ActiveCrust_BooreEtAl2014 is experimental and may change in future versions - the user is liable for their application
  warnings.warn(msg, ExperimentalWarning)
/home/ssm-user/src/oq-engine/openquake/hazardlib/gsim/base.py:347: ExperimentalWarning: CanadaSHM6_ActiveCrust_BooreEtAl2014 is experimental and may change in future versions - the user is liable for their application
  warnings.warn(msg, ExperimentalWarning)
/home/ssm-user/src/oq-engine/openquake/hazardlib/gsim/base.py:347: ExperimentalWarning: CanadaSHM6_ActiveCrust_BooreEtAl2014 is experimental and may change in future versions - the user is liable for their application
  warnings.warn(msg, ExperimentalWarning)
/home/ssm-user/src/oq-engine/openquake/hazardlib/gsim/base.py:347: ExperimentalWarning: CanadaSHM6_ActiveCrust_BooreEtAl2014 is experimental and may change in future versions - the user is liable for their application
  warnings.warn(msg, ExperimentalWarning)
/home/ssm-user/src/oq-engine/openquake/hazardlib/gsim/base.py:347: ExperimentalWarning: CanadaSHM6_ActiveCrust_BooreEtAl2014 is experimental and may change in future versions - the user is liable for their application
  warnings.warn(msg, ExperimentalWarning)
/home/ssm-user/src/oq-engine/openquake/hazardlib/gsim/base.py:347: ExperimentalWarning: CanadaSHM6_ActiveCrust_BooreEtAl2014 is experimental and may change in future versions - the user is liable for their application
  warnings.warn(msg, ExperimentalWarning)
/home/ssm-user/src/oq-engine/openquake/hazardlib/gsim/base.py:347: ExperimentalWarning: CanadaSHM6_ActiveCrust_BooreEtAl2014 is experimental and may change in future versions - the user is liable for their application
  warnings.warn(msg, ExperimentalWarning)
/home/ssm-user/src/oq-engine/openquake/hazardlib/gsim/base.py:347: ExperimentalWarning: CanadaSHM6_ActiveCrust_BooreEtAl2014 is experimental and may change in future versions - the user is liable for their application
  warnings.warn(msg, ExperimentalWarning)
/home/ssm-user/src/oq-engine/openquake/hazardlib/gsim/base.py:347: ExperimentalWarning: CanadaSHM6_ActiveCrust_BooreEtAl2014 is experimental and may change in future versions - the user is liable for their application
  warnings.warn(msg, ExperimentalWarning)
/home/ssm-user/src/oq-engine/openquake/hazardlib/gsim/base.py:347: ExperimentalWarning: CanadaSHM6_ActiveCrust_BooreEtAl2014 is experimental and may change in future versions - the user is liable for their application
  warnings.warn(msg, ExperimentalWarning)
/home/ssm-user/src/oq-engine/openquake/hazardlib/gsim/base.py:347: ExperimentalWarning: CanadaSHM6_ActiveCrust_BooreEtAl2014 is experimental and may change in future versions - the user is liable for their application
  warnings.warn(msg, ExperimentalWarning)
/home/ssm-user/src/oq-engine/openquake/hazardlib/gsim/base.py:347: ExperimentalWarning: CanadaSHM6_ActiveCrust_BooreEtAl2014 is experimental and may change in future versions - the user is liable for their application
  warnings.warn(msg, ExperimentalWarning)
/home/ssm-user/src/oq-engine/openquake/hazardlib/gsim/base.py:347: ExperimentalWarning: CanadaSHM6_ActiveCrust_BooreEtAl2014 is experimental and may change in future versions - the user is liable for their application
  warnings.warn(msg, ExperimentalWarning)
/home/ssm-user/src/oq-engine/openquake/hazardlib/gsim/base.py:347: ExperimentalWarning: CanadaSHM6_ActiveCrust_BooreEtAl2014 is experimental and may change in future versions - the user is liable for their application
  warnings.warn(msg, ExperimentalWarning)
/home/ssm-user/src/oq-engine/openquake/hazardlib/gsim/base.py:347: ExperimentalWarning: CanadaSHM6_ActiveCrust_BooreEtAl2014 is experimental and may change in future versions - the user is liable for their application
  warnings.warn(msg, ExperimentalWarning)
/home/ssm-user/src/oq-engine/openquake/hazardlib/gsim/base.py:347: ExperimentalWarning: CanadaSHM6_ActiveCrust_BooreEtAl2014 is experimental and may change in future versions - the user is liable for their application
  warnings.warn(msg, ExperimentalWarning)
/home/ssm-user/src/oq-engine/openquake/hazardlib/gsim/base.py:347: ExperimentalWarning: CanadaSHM6_ActiveCrust_BooreEtAl2014 is experimental and may change in future versions - the user is liable for their application
  warnings.warn(msg, ExperimentalWarning)
/home/ssm-user/src/oq-engine/openquake/hazardlib/gsim/base.py:347: ExperimentalWarning: CanadaSHM6_ActiveCrust_BooreEtAl2014 is experimental and may change in future versions - the user is liable for their application
  warnings.warn(msg, ExperimentalWarning)
/home/ssm-user/src/oq-engine/openquake/hazardlib/gsim/base.py:347: ExperimentalWarning: CanadaSHM6_ActiveCrust_BooreEtAl2014 is experimental and may change in future versions - the user is liable for their application
  warnings.warn(msg, ExperimentalWarning)
/home/ssm-user/src/oq-engine/openquake/hazardlib/gsim/base.py:347: ExperimentalWarning: CanadaSHM6_ActiveCrust_BooreEtAl2014 is experimental and may change in future versions - the user is liable for their application
  warnings.warn(msg, ExperimentalWarning)
/home/ssm-user/src/oq-engine/openquake/hazardlib/gsim/base.py:347: ExperimentalWarning: CanadaSHM6_ActiveCrust_BooreEtAl2014 is experimental and may change in future versions - the user is liable for their application
  warnings.warn(msg, ExperimentalWarning)
/home/ssm-user/src/oq-engine/openquake/hazardlib/gsim/base.py:347: ExperimentalWarning: CanadaSHM6_ActiveCrust_BooreEtAl2014 is experimental and may change in future versions - the user is liable for their application
  warnings.warn(msg, ExperimentalWarning)
/home/ssm-user/src/oq-engine/openquake/hazardlib/gsim/base.py:347: ExperimentalWarning: CanadaSHM6_ActiveCrust_BooreEtAl2014 is experimental and may change in future versions - the user is liable for their application
  warnings.warn(msg, ExperimentalWarning)
/home/ssm-user/src/oq-engine/openquake/hazardlib/gsim/base.py:347: ExperimentalWarning: CanadaSHM6_ActiveCrust_BooreEtAl2014 is experimental and may change in future versions - the user is liable for their application
  warnings.warn(msg, ExperimentalWarning)
/home/ssm-user/src/oq-engine/openquake/hazardlib/gsim/base.py:347: ExperimentalWarning: CanadaSHM6_ActiveCrust_BooreEtAl2014 is experimental and may change in future versions - the user is liable for their application
  warnings.warn(msg, ExperimentalWarning)
/home/ssm-user/src/oq-engine/openquake/hazardlib/gsim/base.py:347: ExperimentalWarning: CanadaSHM6_ActiveCrust_BooreEtAl2014 is experimental and may change in future versions - the user is liable for their application
  warnings.warn(msg, ExperimentalWarning)
/home/ssm-user/src/oq-engine/openquake/hazardlib/gsim/base.py:347: ExperimentalWarning: CanadaSHM6_ActiveCrust_BooreEtAl2014 is experimental and may change in future versions - the user is liable for their application
  warnings.warn(msg, ExperimentalWarning)
/home/ssm-user/src/oq-engine/openquake/hazardlib/gsim/base.py:347: ExperimentalWarning: CanadaSHM6_ActiveCrust_BooreEtAl2014 is experimental and may change in future versions - the user is liable for their application
  warnings.warn(msg, ExperimentalWarning)
/home/ssm-user/src/oq-engine/openquake/hazardlib/gsim/base.py:347: ExperimentalWarning: CanadaSHM6_ActiveCrust_BooreEtAl2014 is experimental and may change in future versions - the user is liable for their application
  warnings.warn(msg, ExperimentalWarning)
/home/ssm-user/src/oq-engine/openquake/hazardlib/gsim/base.py:347: ExperimentalWarning: CanadaSHM6_ActiveCrust_BooreEtAl2014 is experimental and may change in future versions - the user is liable for their application
  warnings.warn(msg, ExperimentalWarning)
/home/ssm-user/src/oq-engine/openquake/hazardlib/gsim/base.py:347: ExperimentalWarning: CanadaSHM6_ActiveCrust_BooreEtAl2014 is experimental and may change in future versions - the user is liable for their application
  warnings.warn(msg, ExperimentalWarning)
/home/ssm-user/src/oq-engine/openquake/hazardlib/gsim/base.py:347: ExperimentalWarning: CanadaSHM6_ActiveCrust_BooreEtAl2014 is experimental and may change in future versions - the user is liable for their application
  warnings.warn(msg, ExperimentalWarning)
/home/ssm-user/src/oq-engine/openquake/hazardlib/gsim/base.py:347: ExperimentalWarning: CanadaSHM6_ActiveCrust_BooreEtAl2014 is experimental and may change in future versions - the user is liable for their application
  warnings.warn(msg, ExperimentalWarning)
/home/ssm-user/src/oq-engine/openquake/hazardlib/gsim/base.py:347: ExperimentalWarning: CanadaSHM6_ActiveCrust_BooreEtAl2014 is experimental and may change in future versions - the user is liable for their application
  warnings.warn(msg, ExperimentalWarning)
/home/ssm-user/src/oq-engine/openquake/hazardlib/gsim/base.py:347: ExperimentalWarning: CanadaSHM6_ActiveCrust_BooreEtAl2014 is experimental and may change in future versions - the user is liable for their application
  warnings.warn(msg, ExperimentalWarning)
/home/ssm-user/src/oq-engine/openquake/hazardlib/gsim/base.py:347: ExperimentalWarning: CanadaSHM6_ActiveCrust_BooreEtAl2014 is experimental and may change in future versions - the user is liable for their application
  warnings.warn(msg, ExperimentalWarning)
/home/ssm-user/src/oq-engine/openquake/hazardlib/gsim/base.py:347: ExperimentalWarning: CanadaSHM6_ActiveCrust_BooreEtAl2014 is experimental and may change in future versions - the user is liable for their application
  warnings.warn(msg, ExperimentalWarning)
/home/ssm-user/src/oq-engine/openquake/hazardlib/gsim/base.py:347: ExperimentalWarning: CanadaSHM6_ActiveCrust_BooreEtAl2014 is experimental and may change in future versions - the user is liable for their application
  warnings.warn(msg, ExperimentalWarning)
/home/ssm-user/src/oq-engine/openquake/hazardlib/gsim/base.py:347: ExperimentalWarning: CanadaSHM6_ActiveCrust_BooreEtAl2014 is experimental and may change in future versions - the user is liable for their application
  warnings.warn(msg, ExperimentalWarning)
/home/ssm-user/src/oq-engine/openquake/hazardlib/gsim/base.py:347: ExperimentalWarning: CanadaSHM6_ActiveCrust_BooreEtAl2014 is experimental and may change in future versions - the user is liable for their application
  warnings.warn(msg, ExperimentalWarning)
/home/ssm-user/src/oq-engine/openquake/hazardlib/gsim/base.py:347: ExperimentalWarning: CanadaSHM6_ActiveCrust_BooreEtAl2014 is experimental and may change in future versions - the user is liable for their application
  warnings.warn(msg, ExperimentalWarning)
/home/ssm-user/src/oq-engine/openquake/hazardlib/gsim/base.py:347: ExperimentalWarning: CanadaSHM6_ActiveCrust_BooreEtAl2014 is experimental and may change in future versions - the user is liable for their application
  warnings.warn(msg, ExperimentalWarning)
/home/ssm-user/src/oq-engine/openquake/hazardlib/gsim/base.py:347: ExperimentalWarning: CanadaSHM6_ActiveCrust_BooreEtAl2014 is experimental and may change in future versions - the user is liable for their application
  warnings.warn(msg, ExperimentalWarning)
/home/ssm-user/src/oq-engine/openquake/hazardlib/gsim/base.py:347: ExperimentalWarning: CanadaSHM6_ActiveCrust_BooreEtAl2014 is experimental and may change in future versions - the user is liable for their application
  warnings.warn(msg, ExperimentalWarning)
/home/ssm-user/src/oq-engine/openquake/hazardlib/gsim/base.py:347: ExperimentalWarning: CanadaSHM6_ActiveCrust_BooreEtAl2014 is experimental and may change in future versions - the user is liable for their application
  warnings.warn(msg, ExperimentalWarning)
/home/ssm-user/src/oq-engine/openquake/hazardlib/gsim/base.py:347: ExperimentalWarning: CanadaSHM6_ActiveCrust_BooreEtAl2014 is experimental and may change in future versions - the user is liable for their application
  warnings.warn(msg, ExperimentalWarning)
/home/ssm-user/src/oq-engine/openquake/hazardlib/gsim/base.py:347: ExperimentalWarning: CanadaSHM6_ActiveCrust_BooreEtAl2014 is experimental and may change in future versions - the user is liable for their application
  warnings.warn(msg, ExperimentalWarning)
/home/ssm-user/src/oq-engine/openquake/hazardlib/gsim/base.py:347: ExperimentalWarning: CanadaSHM6_ActiveCrust_BooreEtAl2014 is experimental and may change in future versions - the user is liable for their application
  warnings.warn(msg, ExperimentalWarning)
/home/ssm-user/src/oq-engine/openquake/hazardlib/gsim/base.py:347: ExperimentalWarning: CanadaSHM6_ActiveCrust_BooreEtAl2014 is experimental and may change in future versions - the user is liable for their application
  warnings.warn(msg, ExperimentalWarning)
/home/ssm-user/src/oq-engine/openquake/hazardlib/gsim/base.py:347: ExperimentalWarning: CanadaSHM6_ActiveCrust_BooreEtAl2014 is experimental and may change in future versions - the user is liable for their application
  warnings.warn(msg, ExperimentalWarning)
/home/ssm-user/src/oq-engine/openquake/hazardlib/gsim/base.py:347: ExperimentalWarning: CanadaSHM6_ActiveCrust_BooreEtAl2014 is experimental and may change in future versions - the user is liable for their application
  warnings.warn(msg, ExperimentalWarning)
/home/ssm-user/src/oq-engine/openquake/hazardlib/gsim/base.py:347: ExperimentalWarning: CanadaSHM6_ActiveCrust_BooreEtAl2014 is experimental and may change in future versions - the user is liable for their application
  warnings.warn(msg, ExperimentalWarning)
/home/ssm-user/src/oq-engine/openquake/hazardlib/gsim/base.py:347: ExperimentalWarning: CanadaSHM6_ActiveCrust_BooreEtAl2014 is experimental and may change in future versions - the user is liable for their application
  warnings.warn(msg, ExperimentalWarning)
/home/ssm-user/src/oq-engine/openquake/hazardlib/gsim/base.py:347: ExperimentalWarning: CanadaSHM6_ActiveCrust_BooreEtAl2014 is experimental and may change in future versions - the user is liable for their application
  warnings.warn(msg, ExperimentalWarning)
[2021-12-05 21:45:37 #204 INFO] Stopping the workers
  id | name
1148 | Aggregate Event Losses
1147 | Aggregate Loss Curves Statistics
1149 | Aggregate Losses Statistics
1150 | Average Asset Losses Statistics
1151 | Full Report
1152 | Realizations
1153 | Source Loss Table
