/home/ssm-user/src/oq-engine/openquake/hazardlib/gsim/base.py:347: ExperimentalWarning: CanadaSHM6_ActiveCrust_BooreEtAl2014 is experimental and may change in future versions - the user is liable for their application
  warnings.warn(msg, ExperimentalWarning)
/home/ssm-user/src/oq-engine/openquake/hazardlib/gsim/base.py:347: ExperimentalWarning: CanadaSHM6_ActiveCrust_AbrahamsonEtAl2014 is experimental and may change in future versions - the user is liable for their application
  warnings.warn(msg, ExperimentalWarning)
/home/ssm-user/src/oq-engine/openquake/hazardlib/gsim/base.py:347: ExperimentalWarning: CanadaSHM6_ActiveCrust_BooreEtAl2014 is experimental and may change in future versions - the user is liable for their application
  warnings.warn(msg, ExperimentalWarning)
/home/ssm-user/src/oq-engine/openquake/hazardlib/gsim/base.py:347: ExperimentalWarning: CanadaSHM6_ActiveCrust_CampbellBozorgnia2014 is experimental and may change in future versions - the user is liable for their application
  warnings.warn(msg, ExperimentalWarning)
/home/ssm-user/src/oq-engine/openquake/hazardlib/gsim/base.py:347: ExperimentalWarning: CanadaSHM6_ActiveCrust_ChiouYoungs2014 is experimental and may change in future versions - the user is liable for their application
  warnings.warn(msg, ExperimentalWarning)
[2021-12-07 09:18:08 #213 INFO] root running /mnt/storage/canada-srm2/ebRisk/input/ebRisk_b0_ON_L_Peel.ini [--hc=None]
[2021-12-07 09:18:08 #213 INFO] Using engine version 3.11.3-git0cccb86798
[2021-12-07 09:18:08 #213 WARNING] Version v3.12.1 of the engine is available, but you are still using version 3.11.3-git0cccb86798
[2021-12-07 09:18:08 #213 WARNING] Using 96 cores on ip-10-70-136-20
[2021-12-07 09:18:08 #213 INFO] Validated nationalModel.xml in 0.01 seconds
[2021-12-07 09:18:08 #213 INFO] Checksum of the input files: 514598877
[2021-12-07 09:18:08 #213 INFO] Reading the risk model if present
[2021-12-07 09:18:30 #213 INFO] Reading /mnt/storage/openquake-inputs/exposure/general-building-stock/oqBldgExp_ON_L_Peel.xml
[2021-12-07 09:18:35 #213 INFO] Extracting the hazard sites from the site model
[2021-12-07 09:18:38 #213 INFO] Associated 38446 assets to 2009 sites
[2021-12-07 09:18:41 #213 INFO] Reducing risk model from 7260 to 496 taxonomies
[2021-12-07 09:18:42 #213 INFO] minimum_asset_loss={'contents': 0, 'nonstructural': 0, 'occupants': 0, 'structural': 0}
[2021-12-07 09:18:42 #213 INFO] Storing 1568 aggregation keys
[2021-12-07 09:18:43 #213 INFO] Considering 200 logic tree paths out of 24_576
[2021-12-07 09:18:43 #213 INFO] Reading the source model(s) in parallel
[2021-12-07 09:18:46 #213 INFO] read_source_model  16% [6 submitted, 0 queued]
[2021-12-07 09:18:46 #213 INFO] read_source_model  33% [6 submitted, 0 queued]
[2021-12-07 09:18:46 #213 INFO] read_source_model  50% [6 submitted, 0 queued]
[2021-12-07 09:18:46 #213 INFO] read_source_model  66% [6 submitted, 0 queued]
[2021-12-07 09:18:46 #213 INFO] read_source_model  83% [6 submitted, 0 queued]
[2021-12-07 09:18:46 #213 INFO] read_source_model 100% [6 submitted, 0 queued]
[2021-12-07 09:18:46 #213 INFO] Mean time per core=0s, std=0.0s, min=0s, max=0s
[2021-12-07 09:18:46 #213 INFO] Received {'/mnt/storage/CanadaSHM6/OpenQuake_model_files/sources/nationalModel/xml/simplifiedModel/WCan_HYeast_Harctic_simplified_collapsedRates.xml': '157.72 KB', '/mnt/storage/CanadaSHM6/OpenQuake_model_files/sources/nationalModel/xml/simplifiedModel/WCan_H2east_Harctic_simplified_collapsedRates.xml': '152.1 KB', '/mnt/storage/CanadaSHM6/OpenQuake_model_files/sources/nationalModel/xml/simplifiedModel/WCan_HYeast_Rarctic_simplified_collapsedRates.xml': '151.35 KB', '/mnt/storage/CanadaSHM6/OpenQuake_model_files/sources/nationalModel/xml/simplifiedModel/WCan_H2east_Rarctic_simplified_collapsedRates.xml': '145.73 KB', '/mnt/storage/CanadaSHM6/OpenQuake_model_files/sources/nationalModel/xml/simplifiedModel/WCan_R2east_Harctic_simplified_collapsedRates.xml': '137.01 KB', '/mnt/storage/CanadaSHM6/OpenQuake_model_files/sources/nationalModel/xml/simplifiedModel/WCan_R2east_Rarctic_simplified_collapsedRates.xml': '130.86 KB'} in 0 seconds
/home/ssm-user/src/oq-engine/openquake/hazardlib/gsim/base.py:347: ExperimentalWarning: CanadaSHM6_ActiveCrust_BooreEtAl2014 is experimental and may change in future versions - the user is liable for their application
  warnings.warn(msg, ExperimentalWarning)
/home/ssm-user/src/oq-engine/openquake/hazardlib/gsim/base.py:347: ExperimentalWarning: CanadaSHM6_ActiveCrust_BooreEtAl2014 is experimental and may change in future versions - the user is liable for their application
  warnings.warn(msg, ExperimentalWarning)
/home/ssm-user/src/oq-engine/openquake/hazardlib/gsim/base.py:347: ExperimentalWarning: CanadaSHM6_ActiveCrust_BooreEtAl2014 is experimental and may change in future versions - the user is liable for their application
  warnings.warn(msg, ExperimentalWarning)
/home/ssm-user/src/oq-engine/openquake/hazardlib/gsim/base.py:347: ExperimentalWarning: CanadaSHM6_ActiveCrust_BooreEtAl2014 is experimental and may change in future versions - the user is liable for their application
  warnings.warn(msg, ExperimentalWarning)
/home/ssm-user/src/oq-engine/openquake/hazardlib/gsim/base.py:347: ExperimentalWarning: CanadaSHM6_ActiveCrust_BooreEtAl2014 is experimental and may change in future versions - the user is liable for their application
  warnings.warn(msg, ExperimentalWarning)
[2021-12-07 09:18:46 #213 INFO] There are multiple different sources with the same ID [<AreaSource SCCYA;0>, <AreaSource SCCYA;1>]
[2021-12-07 09:18:46 #213 INFO] There are 13 groups and 198 sources with len(et_ids)=3.87
[2021-12-07 09:18:46 #213 INFO] Checking the sources bounding box
[2021-12-07 09:18:46 #213 ERROR] source ACM: The buffer of 600 km is too large, the bounding box is larger than half the globe: 219 degrees
[2021-12-07 09:18:47 #213 INFO] Rupture floating factor = 1.6303030303030304
[2021-12-07 09:18:47 #213 INFO] Rupture spinning factor = 3.2181818181818183
[2021-12-07 09:18:47 #213 INFO] gzipping the input files
[2021-12-07 09:18:51 #213 INFO] Storing risk model
[2021-12-07 09:18:51 #213 INFO] minimum_intensity={'default': 0.05, 'SA(0.3)': 0.02, 'SA(0.6)': 0.05, 'SA(1.0)': 0.05, 'SA(2.0)': 0.05}
[2021-12-07 09:18:51 #213 INFO] Building ruptures
[2021-12-07 09:20:30 #213 INFO] Sending <SourceGroup Subduction IntraSlab30, 1 source(s)>
[2021-12-07 09:20:30 #213 INFO] Sending <SourceGroup Subduction IntraSlab55, 4 source(s)>
[2021-12-07 09:20:30 #213 INFO] Sending <SourceGroup Subduction Interface, 14 source(s)>
[2021-12-07 09:20:30 #213 INFO] Sending <SourceGroup Stable Shallow Crust, 29 source(s)>
[2021-12-07 09:20:30 #213 INFO] Sending <SourceGroup Stable Shallow Crust, 4 source(s)>
[2021-12-07 09:20:30 #213 INFO] Sending <SourceGroup Stable Shallow Crust, 6 source(s)>
[2021-12-07 09:20:30 #213 INFO] Sending <SourceGroup Stable Shallow Crust, 18 source(s)>
[2021-12-07 09:20:30 #213 INFO] Sending <SourceGroup Stable Shallow Crust, 10 source(s)>
[2021-12-07 09:20:30 #213 INFO] Sending <SourceGroup Stable Shallow Crust, 38 source(s)>
[2021-12-07 09:20:30 #213 INFO] Sending <SourceGroup Stable Shallow Crust, 14 source(s)>
[2021-12-07 09:20:30 #213 INFO] Sending <SourceGroup Active Shallow Crust, 1 source(s)>
[2021-12-07 09:20:30 #213 INFO] Sending <SourceGroup Active Shallow Crust, 58 source(s)>
[2021-12-07 09:20:30 #213 INFO] Sending <SourceGroup Active Shallow Crust, 1 source(s)>
[2021-12-07 09:20:33 #213 INFO] Sent 96 tasks, 72.39 MB in 0 seconds
[2021-12-07 09:20:33 #213 INFO] sample_ruptures   1% [98 submitted, 5 queued]
[2021-12-07 09:20:33 #213 INFO] sample_ruptures   2% [99 submitted, 4 queued]
[2021-12-07 09:20:33 #213 INFO] sample_ruptures   3% [100 submitted, 3 queued]
[2021-12-07 09:20:33 #213 INFO] sample_ruptures   4% [101 submitted, 2 queued]
[2021-12-07 09:20:33 #213 INFO] sample_ruptures   5% [102 submitted, 1 queued]
[2021-12-07 09:20:33 #213 INFO] sample_ruptures   6% [103 submitted, 0 queued]
[2021-12-07 09:20:33 #213 INFO] sample_ruptures   7% [103 submitted, 0 queued]
[2021-12-07 09:20:33 #213 INFO] sample_ruptures   8% [103 submitted, 0 queued]
[2021-12-07 09:20:33 #213 INFO] sample_ruptures   9% [103 submitted, 0 queued]
[2021-12-07 09:20:34 #213 INFO] sample_ruptures  10% [103 submitted, 0 queued]
[2021-12-07 09:20:34 #213 INFO] sample_ruptures  11% [103 submitted, 0 queued]
[2021-12-07 09:20:34 #213 INFO] sample_ruptures  12% [103 submitted, 0 queued]
[2021-12-07 09:20:34 #213 INFO] sample_ruptures  13% [103 submitted, 0 queued]
[2021-12-07 09:20:34 #213 INFO] sample_ruptures  14% [103 submitted, 0 queued]
[2021-12-07 09:20:34 #213 INFO] sample_ruptures  15% [103 submitted, 0 queued]
[2021-12-07 09:20:34 #213 INFO] sample_ruptures  16% [103 submitted, 0 queued]
[2021-12-07 09:20:34 #213 INFO] sample_ruptures  17% [103 submitted, 0 queued]
[2021-12-07 09:20:34 #213 INFO] sample_ruptures  18% [103 submitted, 0 queued]
[2021-12-07 09:20:34 #213 INFO] sample_ruptures  19% [103 submitted, 0 queued]
[2021-12-07 09:20:34 #213 INFO] sample_ruptures  20% [103 submitted, 0 queued]
[2021-12-07 09:20:34 #213 INFO] sample_ruptures  21% [103 submitted, 0 queued]
[2021-12-07 09:20:34 #213 INFO] sample_ruptures  22% [103 submitted, 0 queued]
[2021-12-07 09:20:34 #213 INFO] sample_ruptures  23% [103 submitted, 0 queued]
[2021-12-07 09:20:34 #213 INFO] sample_ruptures  24% [103 submitted, 0 queued]
[2021-12-07 09:20:34 #213 INFO] sample_ruptures  25% [103 submitted, 0 queued]
[2021-12-07 09:20:34 #213 INFO] sample_ruptures  26% [103 submitted, 0 queued]
[2021-12-07 09:20:34 #213 INFO] sample_ruptures  27% [103 submitted, 0 queued]
[2021-12-07 09:20:34 #213 INFO] sample_ruptures  28% [103 submitted, 0 queued]
[2021-12-07 09:20:34 #213 INFO] sample_ruptures  29% [103 submitted, 0 queued]
[2021-12-07 09:20:34 #213 INFO] sample_ruptures  30% [103 submitted, 0 queued]
[2021-12-07 09:20:34 #213 INFO] sample_ruptures  31% [103 submitted, 0 queued]
[2021-12-07 09:20:34 #213 INFO] sample_ruptures  32% [103 submitted, 0 queued]
[2021-12-07 09:20:34 #213 INFO] sample_ruptures  33% [103 submitted, 0 queued]
[2021-12-07 09:20:35 #213 INFO] sample_ruptures  34% [103 submitted, 0 queued]
[2021-12-07 09:20:35 #213 INFO] sample_ruptures  35% [103 submitted, 0 queued]
[2021-12-07 09:20:35 #213 INFO] sample_ruptures  36% [103 submitted, 0 queued]
[2021-12-07 09:20:35 #213 INFO] sample_ruptures  37% [103 submitted, 0 queued]
[2021-12-07 09:20:35 #213 INFO] sample_ruptures  38% [103 submitted, 0 queued]
[2021-12-07 09:20:35 #213 INFO] sample_ruptures  39% [103 submitted, 0 queued]
[2021-12-07 09:20:35 #213 INFO] sample_ruptures  40% [103 submitted, 0 queued]
[2021-12-07 09:20:35 #213 INFO] sample_ruptures  41% [103 submitted, 0 queued]
[2021-12-07 09:20:35 #213 INFO] sample_ruptures  42% [103 submitted, 0 queued]
[2021-12-07 09:20:35 #213 INFO] sample_ruptures  43% [103 submitted, 0 queued]
[2021-12-07 09:20:35 #213 INFO] sample_ruptures  44% [103 submitted, 0 queued]
[2021-12-07 09:20:35 #213 INFO] sample_ruptures  45% [103 submitted, 0 queued]
[2021-12-07 09:20:35 #213 INFO] sample_ruptures  46% [103 submitted, 0 queued]
[2021-12-07 09:20:35 #213 INFO] sample_ruptures  47% [103 submitted, 0 queued]
[2021-12-07 09:20:35 #213 INFO] sample_ruptures  48% [103 submitted, 0 queued]
[2021-12-07 09:20:35 #213 INFO] sample_ruptures  49% [103 submitted, 0 queued]
[2021-12-07 09:20:35 #213 INFO] sample_ruptures  50% [103 submitted, 0 queued]
[2021-12-07 09:20:35 #213 INFO] sample_ruptures  51% [103 submitted, 0 queued]
[2021-12-07 09:20:35 #213 INFO] sample_ruptures  52% [103 submitted, 0 queued]
[2021-12-07 09:20:35 #213 INFO] sample_ruptures  53% [103 submitted, 0 queued]
[2021-12-07 09:20:35 #213 INFO] sample_ruptures  54% [103 submitted, 0 queued]
[2021-12-07 09:20:35 #213 INFO] sample_ruptures  55% [103 submitted, 0 queued]
[2021-12-07 09:20:35 #213 INFO] sample_ruptures  56% [103 submitted, 0 queued]
[2021-12-07 09:20:35 #213 INFO] sample_ruptures  57% [103 submitted, 0 queued]
[2021-12-07 09:20:35 #213 INFO] sample_ruptures  58% [103 submitted, 0 queued]
[2021-12-07 09:20:35 #213 INFO] sample_ruptures  59% [103 submitted, 0 queued]
[2021-12-07 09:20:35 #213 INFO] sample_ruptures  60% [103 submitted, 0 queued]
[2021-12-07 09:20:35 #213 INFO] sample_ruptures  61% [103 submitted, 0 queued]
[2021-12-07 09:20:35 #213 INFO] sample_ruptures  62% [103 submitted, 0 queued]
[2021-12-07 09:20:35 #213 INFO] sample_ruptures  63% [103 submitted, 0 queued]
[2021-12-07 09:20:35 #213 INFO] sample_ruptures  64% [103 submitted, 0 queued]
[2021-12-07 09:20:35 #213 INFO] sample_ruptures  65% [103 submitted, 0 queued]
[2021-12-07 09:20:35 #213 INFO] sample_ruptures  66% [103 submitted, 0 queued]
[2021-12-07 09:20:35 #213 INFO] sample_ruptures  67% [103 submitted, 0 queued]
[2021-12-07 09:20:35 #213 INFO] sample_ruptures  68% [103 submitted, 0 queued]
[2021-12-07 09:20:35 #213 INFO] sample_ruptures  69% [103 submitted, 0 queued]
[2021-12-07 09:20:35 #213 INFO] sample_ruptures  70% [103 submitted, 0 queued]
[2021-12-07 09:20:35 #213 INFO] sample_ruptures  71% [103 submitted, 0 queued]
[2021-12-07 09:20:35 #213 INFO] sample_ruptures  72% [103 submitted, 0 queued]
[2021-12-07 09:20:44 #213 INFO] sample_ruptures  73% [103 submitted, 0 queued]
[2021-12-07 09:20:45 #213 INFO] sample_ruptures  74% [103 submitted, 0 queued]
[2021-12-07 09:20:51 #213 INFO] sample_ruptures  75% [103 submitted, 0 queued]
[2021-12-07 09:20:52 #213 INFO] sample_ruptures  76% [103 submitted, 0 queued]
[2021-12-07 09:20:52 #213 INFO] sample_ruptures  77% [103 submitted, 0 queued]
[2021-12-07 09:20:54 #213 INFO] sample_ruptures  78% [103 submitted, 0 queued]
[2021-12-07 09:20:54 #213 INFO] sample_ruptures  79% [103 submitted, 0 queued]
[2021-12-07 09:20:56 #213 INFO] sample_ruptures  80% [103 submitted, 0 queued]
[2021-12-07 09:20:58 #213 INFO] sample_ruptures  81% [103 submitted, 0 queued]
[2021-12-07 09:20:59 #213 INFO] sample_ruptures  82% [103 submitted, 0 queued]
[2021-12-07 09:20:59 #213 INFO] sample_ruptures  83% [103 submitted, 0 queued]
[2021-12-07 09:21:04 #213 INFO] sample_ruptures  84% [103 submitted, 0 queued]
[2021-12-07 09:21:07 #213 INFO] sample_ruptures  85% [103 submitted, 0 queued]
[2021-12-07 09:21:07 #213 INFO] sample_ruptures  86% [103 submitted, 0 queued]
[2021-12-07 09:21:08 #213 INFO] sample_ruptures  87% [103 submitted, 0 queued]
[2021-12-07 09:21:09 #213 INFO] sample_ruptures  88% [103 submitted, 0 queued]
[2021-12-07 09:21:13 #213 INFO] sample_ruptures  89% [103 submitted, 0 queued]
[2021-12-07 09:21:16 #213 INFO] sample_ruptures  90% [103 submitted, 0 queued]
[2021-12-07 09:21:24 #213 INFO] sample_ruptures  91% [103 submitted, 0 queued]
[2021-12-07 09:21:37 #213 INFO] sample_ruptures  92% [103 submitted, 0 queued]
[2021-12-07 09:21:45 #213 INFO] sample_ruptures  93% [103 submitted, 0 queued]
[2021-12-07 09:21:45 #213 INFO] sample_ruptures  94% [103 submitted, 0 queued]
[2021-12-07 09:21:47 #213 INFO] sample_ruptures  95% [103 submitted, 0 queued]
[2021-12-07 09:22:29 #213 INFO] sample_ruptures  96% [103 submitted, 0 queued]
[2021-12-07 09:22:30 #213 INFO] sample_ruptures  97% [103 submitted, 0 queued]
[2021-12-07 09:22:34 #213 INFO] sample_ruptures  98% [103 submitted, 0 queued]
[2021-12-07 09:23:13 #213 INFO] sample_ruptures  99% [103 submitted, 0 queued]
[2021-12-07 09:24:52 #213 INFO] sample_ruptures 100% [103 submitted, 0 queued]
[2021-12-07 09:24:52 #213 INFO] Mean time per core=16s, std=39.2s, min=0s, max=258s
[2021-12-07 09:24:52 #213 INFO] Received {'rup_array': '100.23 MB', 'calc_times': '22.25 KB', 'eff_ruptures': '4.24 KB'} in 260 seconds
[2021-12-07 09:24:53 #213 INFO] There are 200 realization(s)
[2021-12-07 09:24:53 #213 INFO] Reordering the ruptures and storing the events
[2021-12-07 09:24:53 #213 INFO] Associating event_id -> rlz_id for 1_329_385 events and 481_811 ruptures
[2021-12-07 09:25:10 #213 INFO] Sent 195 tasks, 51.65 MB in 15 seconds
[2021-12-07 09:25:14 #213 INFO] Mean time per core=3s, std=1.3s, min=0s, max=7s
[2021-12-07 09:25:14 #213 INFO] Received {'tot': '12.73 MB'} in 4 seconds
[2021-12-07 09:25:21 #213 INFO] minimum_intensity={'SA(0.3)': 0.02, 'SA(0.6)': 0.05, 'SA(1.0)': 0.05, 'SA(2.0)': 0.05, 'SA(0.5)': 0.05}
[2021-12-07 09:25:21 #213 INFO] Sending 481_811 ruptures
[2021-12-07 09:25:44 #213 INFO] Sent 195 tasks, 203.83 MB in 20 seconds
[2021-12-07 09:32:19 #213 INFO] start_ebrisk   1% [195 submitted, 0 queued]
[2021-12-07 09:45:33 #213 INFO] start_ebrisk   2% [195 submitted, 0 queued]
[2021-12-07 09:50:50 #213 INFO] start_ebrisk   3% [195 submitted, 0 queued]
[2021-12-07 09:56:37 #213 INFO] start_ebrisk   4% [195 submitted, 0 queued]
[2021-12-07 09:56:58 #213 INFO] start_ebrisk   5% [195 submitted, 0 queued]
[2021-12-07 09:57:04 #213 INFO] start_ebrisk   6% [195 submitted, 0 queued]
[2021-12-07 09:57:15 #213 INFO] start_ebrisk   7% [195 submitted, 0 queued]
[2021-12-07 09:57:39 #213 INFO] start_ebrisk   8% [195 submitted, 0 queued]
[2021-12-07 09:57:44 #213 INFO] start_ebrisk   9% [195 submitted, 0 queued]
[2021-12-07 09:57:51 #213 INFO] start_ebrisk  10% [195 submitted, 0 queued]
[2021-12-07 09:57:55 #213 INFO] start_ebrisk  11% [195 submitted, 0 queued]
[2021-12-07 09:58:11 #213 INFO] start_ebrisk  12% [195 submitted, 0 queued]
[2021-12-07 09:58:15 #213 INFO] start_ebrisk  13% [195 submitted, 0 queued]
[2021-12-07 09:58:22 #213 INFO] start_ebrisk  14% [195 submitted, 0 queued]
[2021-12-07 09:58:31 #213 INFO] start_ebrisk  15% [195 submitted, 0 queued]
[2021-12-07 09:58:36 #213 INFO] start_ebrisk  16% [195 submitted, 0 queued]
[2021-12-07 09:58:45 #213 INFO] start_ebrisk  17% [195 submitted, 0 queued]
[2021-12-07 09:58:58 #213 INFO] start_ebrisk  18% [195 submitted, 0 queued]
[2021-12-07 09:59:04 #213 INFO] start_ebrisk  19% [195 submitted, 0 queued]
[2021-12-07 09:59:06 #213 INFO] start_ebrisk  20% [195 submitted, 0 queued]
[2021-12-07 09:59:14 #213 INFO] start_ebrisk  21% [195 submitted, 0 queued]
[2021-12-07 09:59:20 #213 INFO] start_ebrisk  22% [195 submitted, 0 queued]
[2021-12-07 09:59:21 #213 INFO] start_ebrisk  23% [195 submitted, 0 queued]
[2021-12-07 09:59:51 #213 INFO] start_ebrisk  24% [195 submitted, 0 queued]
[2021-12-07 10:00:02 #213 INFO] start_ebrisk  25% [195 submitted, 0 queued]
[2021-12-07 10:00:20 #213 INFO] start_ebrisk  26% [195 submitted, 0 queued]
[2021-12-07 10:00:49 #213 INFO] start_ebrisk  27% [195 submitted, 0 queued]
[2021-12-07 10:01:05 #213 INFO] start_ebrisk  28% [195 submitted, 0 queued]
[2021-12-07 10:01:19 #213 INFO] start_ebrisk  29% [195 submitted, 0 queued]
[2021-12-07 10:01:30 #213 INFO] start_ebrisk  30% [195 submitted, 0 queued]
[2021-12-07 10:01:40 #213 INFO] start_ebrisk  31% [195 submitted, 0 queued]
[2021-12-07 10:01:49 #213 INFO] start_ebrisk  32% [195 submitted, 0 queued]
[2021-12-07 10:02:32 #213 INFO] start_ebrisk  33% [195 submitted, 0 queued]
[2021-12-07 10:02:58 #213 INFO] start_ebrisk  34% [195 submitted, 0 queued]
[2021-12-07 10:03:14 #213 INFO] start_ebrisk  35% [195 submitted, 0 queued]
[2021-12-07 10:03:30 #213 INFO] start_ebrisk  36% [195 submitted, 0 queued]
[2021-12-07 10:04:27 #213 INFO] start_ebrisk  37% [195 submitted, 0 queued]
[2021-12-07 10:04:45 #213 INFO] start_ebrisk  38% [195 submitted, 0 queued]
[2021-12-07 10:05:29 #213 INFO] start_ebrisk  39% [195 submitted, 0 queued]
[2021-12-07 10:05:42 #213 INFO] start_ebrisk  40% [195 submitted, 0 queued]
[2021-12-07 10:07:03 #213 INFO] start_ebrisk  41% [195 submitted, 0 queued]
[2021-12-07 10:08:10 #213 INFO] start_ebrisk  42% [195 submitted, 0 queued]
[2021-12-07 10:08:52 #213 INFO] start_ebrisk  43% [195 submitted, 0 queued]
[2021-12-07 10:11:14 #213 INFO] start_ebrisk  44% [195 submitted, 0 queued]
[2021-12-07 10:13:07 #213 INFO] start_ebrisk  45% [195 submitted, 0 queued]
[2021-12-07 10:17:29 #213 INFO] start_ebrisk  46% [195 submitted, 0 queued]
[2021-12-07 10:22:34 #213 INFO] start_ebrisk  47% [195 submitted, 0 queued]
[2021-12-07 10:24:11 #213 INFO] start_ebrisk  48% [195 submitted, 0 queued]
[2021-12-07 10:24:52 #213 INFO] start_ebrisk  49% [195 submitted, 0 queued]
[2021-12-07 10:26:35 #213 INFO] start_ebrisk  50% [195 submitted, 0 queued]
[2021-12-07 10:27:45 #213 INFO] start_ebrisk  51% [195 submitted, 0 queued]
[2021-12-07 10:28:28 #213 INFO] start_ebrisk  52% [195 submitted, 0 queued]
[2021-12-07 10:28:39 #213 INFO] start_ebrisk  53% [195 submitted, 0 queued]
[2021-12-07 10:30:02 #213 INFO] start_ebrisk  54% [195 submitted, 0 queued]
[2021-12-07 10:30:27 #213 INFO] start_ebrisk  55% [195 submitted, 0 queued]
[2021-12-07 10:31:05 #213 INFO] start_ebrisk  56% [195 submitted, 0 queued]
[2021-12-07 10:31:14 #213 INFO] start_ebrisk  57% [195 submitted, 0 queued]
[2021-12-07 10:31:21 #213 INFO] start_ebrisk  58% [195 submitted, 0 queued]
[2021-12-07 10:31:38 #213 INFO] start_ebrisk  59% [195 submitted, 0 queued]
[2021-12-07 10:31:39 #213 INFO] start_ebrisk  60% [195 submitted, 0 queued]
[2021-12-07 10:31:50 #213 INFO] start_ebrisk  61% [195 submitted, 0 queued]
[2021-12-07 10:32:04 #213 INFO] start_ebrisk  62% [195 submitted, 0 queued]
[2021-12-07 10:32:10 #213 INFO] start_ebrisk  63% [195 submitted, 0 queued]
[2021-12-07 10:32:12 #213 INFO] start_ebrisk  64% [195 submitted, 0 queued]
[2021-12-07 10:32:13 #213 INFO] start_ebrisk  65% [195 submitted, 0 queued]
[2021-12-07 10:32:20 #213 INFO] start_ebrisk  66% [195 submitted, 0 queued]
[2021-12-07 10:33:06 #213 INFO] start_ebrisk  67% [195 submitted, 0 queued]
[2021-12-07 10:33:42 #213 INFO] start_ebrisk  68% [195 submitted, 0 queued]
[2021-12-07 10:34:19 #213 INFO] start_ebrisk  69% [195 submitted, 0 queued]
[2021-12-07 10:34:24 #213 INFO] start_ebrisk  70% [195 submitted, 0 queued]
[2021-12-07 10:34:54 #213 INFO] start_ebrisk  71% [195 submitted, 0 queued]
[2021-12-07 10:35:01 #213 INFO] start_ebrisk  72% [195 submitted, 0 queued]
[2021-12-07 10:35:41 #213 INFO] start_ebrisk  73% [195 submitted, 0 queued]
[2021-12-07 10:36:10 #213 INFO] start_ebrisk  74% [195 submitted, 0 queued]
[2021-12-07 10:37:04 #213 INFO] start_ebrisk  75% [195 submitted, 0 queued]
[2021-12-07 10:37:17 #213 INFO] start_ebrisk  76% [195 submitted, 0 queued]
[2021-12-07 10:37:40 #213 INFO] start_ebrisk  77% [195 submitted, 0 queued]
[2021-12-07 10:38:29 #213 INFO] start_ebrisk  78% [195 submitted, 0 queued]
[2021-12-07 10:39:01 #213 INFO] start_ebrisk  79% [195 submitted, 0 queued]
[2021-12-07 10:39:33 #213 INFO] start_ebrisk  80% [195 submitted, 0 queued]
[2021-12-07 10:40:07 #213 INFO] start_ebrisk  81% [195 submitted, 0 queued]
[2021-12-07 10:40:11 #213 INFO] start_ebrisk  82% [195 submitted, 0 queued]
[2021-12-07 10:40:39 #213 INFO] start_ebrisk  83% [195 submitted, 0 queued]
[2021-12-07 10:40:45 #213 INFO] start_ebrisk  84% [195 submitted, 0 queued]
[2021-12-07 10:40:53 #213 INFO] start_ebrisk  85% [195 submitted, 0 queued]
[2021-12-07 10:43:05 #213 INFO] start_ebrisk  86% [195 submitted, 0 queued]
[2021-12-07 10:43:14 #213 INFO] start_ebrisk  87% [195 submitted, 0 queued]
[2021-12-07 10:44:42 #213 INFO] start_ebrisk  88% [195 submitted, 0 queued]
[2021-12-07 10:45:57 #213 INFO] start_ebrisk  89% [195 submitted, 0 queued]
[2021-12-07 10:47:21 #213 INFO] start_ebrisk  90% [195 submitted, 0 queued]
[2021-12-07 10:48:32 #213 INFO] start_ebrisk  91% [195 submitted, 0 queued]
[2021-12-07 10:49:11 #213 INFO] start_ebrisk  92% [195 submitted, 0 queued]
[2021-12-07 10:51:49 #213 INFO] start_ebrisk  93% [195 submitted, 0 queued]
[2021-12-07 10:51:57 #213 INFO] start_ebrisk  94% [195 submitted, 0 queued]
[2021-12-07 10:52:00 #213 INFO] start_ebrisk  95% [195 submitted, 0 queued]
[2021-12-07 10:53:09 #213 INFO] start_ebrisk  96% [195 submitted, 0 queued]
[2021-12-07 10:53:31 #213 INFO] start_ebrisk  97% [195 submitted, 0 queued]
[2021-12-07 10:54:33 #213 INFO] start_ebrisk  98% [195 submitted, 0 queued]
[2021-12-07 10:57:31 #213 INFO] start_ebrisk  99% [195 submitted, 0 queued]
[2021-12-07 11:14:05 #213 INFO] start_ebrisk 100% [195 submitted, 0 queued]
[2021-12-07 11:14:05 #213 INFO] Mean time per core=4423s, std=518.6s, min=3739s, max=6517s
[2021-12-07 11:14:05 #213 INFO] Received {'alt': '3.17 GB', 'losses_by_A': '114.42 MB', 'momenta': '29.91 MB', 'gmf_info': '5.11 MB', 'events_per_sid': '4 KB'} in 6500 seconds
[2021-12-07 11:14:05 #213 INFO] Produced 8.52 GB of GMFs
[2021-12-07 11:14:05 #213 INFO] Stored 3.17 GB in the agg_loss_table
[2021-12-07 11:14:05 #213 INFO] Building the src_loss_table
[2021-12-07 11:14:45 #213 INFO] Sending 53.62 MB of losses
[2021-12-07 11:14:46 #213 INFO] Sending 41.76 MB of losses
[2021-12-07 11:14:47 #213 INFO] Sending 34.58 MB of losses
[2021-12-07 11:14:48 #213 INFO] Sending 38.23 MB of losses
[2021-12-07 11:14:49 #213 INFO] Sending 40.97 MB of losses
[2021-12-07 11:14:50 #213 INFO] Sending 41.4 MB of losses
[2021-12-07 11:14:51 #213 INFO] Sending 51.24 MB of losses
[2021-12-07 11:14:52 #213 INFO] Sending 40.87 MB of losses
[2021-12-07 11:14:53 #213 INFO] Sending 36.57 MB of losses
[2021-12-07 11:14:54 #213 INFO] Sending 44.54 MB of losses
[2021-12-07 11:14:55 #213 INFO] Sending 40.34 MB of losses
[2021-12-07 11:14:56 #213 INFO] Sending 37.01 MB of losses
[2021-12-07 11:14:57 #213 INFO] Sending 47.11 MB of losses
[2021-12-07 11:14:58 #213 INFO] Sending 31.02 MB of losses
[2021-12-07 11:14:59 #213 INFO] Sending 43.25 MB of losses
[2021-12-07 11:15:00 #213 INFO] Sending 33.86 MB of losses
[2021-12-07 11:15:01 #213 INFO] Sending 52.74 MB of losses
[2021-12-07 11:15:02 #213 INFO] Sending 38.97 MB of losses
[2021-12-07 11:15:03 #213 INFO] Sending 40.18 MB of losses
[2021-12-07 11:15:04 #213 INFO] Sending 45.48 MB of losses
[2021-12-07 11:15:05 #213 INFO] Sending 39.55 MB of losses
[2021-12-07 11:15:06 #213 INFO] Sending 50.15 MB of losses
[2021-12-07 11:15:07 #213 INFO] Sending 40.74 MB of losses
[2021-12-07 11:15:08 #213 INFO] Sending 37.65 MB of losses
[2021-12-07 11:15:09 #213 INFO] Sending 51.86 MB of losses
[2021-12-07 11:15:10 #213 INFO] Sending 36.77 MB of losses
[2021-12-07 11:15:11 #213 INFO] Sending 46.44 MB of losses
[2021-12-07 11:15:12 #213 INFO] Sending 54.75 MB of losses
[2021-12-07 11:15:13 #213 INFO] Sending 40.43 MB of losses
[2021-12-07 11:15:14 #213 INFO] Sending 43.89 MB of losses
[2021-12-07 11:15:15 #213 INFO] Sending 45.88 MB of losses
[2021-12-07 11:15:16 #213 INFO] Sending 43.8 MB of losses
[2021-12-07 11:15:17 #213 INFO] Sending 46.63 MB of losses
[2021-12-07 11:15:18 #213 INFO] Sending 34.21 MB of losses
[2021-12-07 11:15:18 #213 INFO] Sending 53.99 MB of losses
[2021-12-07 11:15:19 #213 INFO] Sending 44.66 MB of losses
[2021-12-07 11:15:21 #213 INFO] Sending 37.05 MB of losses
[2021-12-07 11:15:22 #213 INFO] Sending 44.69 MB of losses
[2021-12-07 11:15:23 #213 INFO] Sending 34.2 MB of losses
[2021-12-07 11:15:24 #213 INFO] Sending 37.57 MB of losses
[2021-12-07 11:15:24 #213 INFO] Sending 37.1 MB of losses
[2021-12-07 11:15:25 #213 INFO] Sending 34.69 MB of losses
[2021-12-07 11:15:26 #213 INFO] Sending 40.88 MB of losses
[2021-12-07 11:15:27 #213 INFO] Sending 32.49 MB of losses
[2021-12-07 11:15:28 #213 INFO] Sending 40.84 MB of losses
[2021-12-07 11:15:29 #213 INFO] Sending 43.9 MB of losses
[2021-12-07 11:15:30 #213 INFO] Sending 40.35 MB of losses
[2021-12-07 11:15:31 #213 INFO] Sending 39.91 MB of losses
[2021-12-07 11:15:32 #213 INFO] Sending 55.66 MB of losses
[2021-12-07 11:15:33 #213 INFO] Sending 34.61 MB of losses
[2021-12-07 11:15:34 #213 INFO] Sending 40.73 MB of losses
[2021-12-07 11:15:35 #213 INFO] Sent 52 tasks, 2.12 GB in 49 seconds
[2021-12-07 11:15:37 #213 INFO] post_risk   1% [52 submitted, 0 queued]
[2021-12-07 11:15:38 #213 INFO] post_risk   3% [52 submitted, 0 queued]
[2021-12-07 11:15:38 #213 INFO] post_risk   5% [52 submitted, 0 queued]
[2021-12-07 11:15:38 #213 INFO] post_risk   7% [52 submitted, 0 queued]
[2021-12-07 11:15:38 #213 INFO] post_risk   9% [52 submitted, 0 queued]
[2021-12-07 11:15:38 #213 INFO] post_risk  11% [52 submitted, 0 queued]
[2021-12-07 11:15:38 #213 INFO] post_risk  13% [52 submitted, 0 queued]
[2021-12-07 11:15:38 #213 INFO] post_risk  15% [52 submitted, 0 queued]
[2021-12-07 11:15:38 #213 INFO] post_risk  17% [52 submitted, 0 queued]
[2021-12-07 11:15:38 #213 INFO] post_risk  19% [52 submitted, 0 queued]
[2021-12-07 11:15:38 #213 INFO] post_risk  21% [52 submitted, 0 queued]
[2021-12-07 11:15:38 #213 INFO] post_risk  23% [52 submitted, 0 queued]
[2021-12-07 11:15:38 #213 INFO] post_risk  25% [52 submitted, 0 queued]
[2021-12-07 11:15:38 #213 INFO] post_risk  26% [52 submitted, 0 queued]
[2021-12-07 11:15:38 #213 INFO] post_risk  28% [52 submitted, 0 queued]
[2021-12-07 11:15:38 #213 INFO] post_risk  30% [52 submitted, 0 queued]
[2021-12-07 11:15:38 #213 INFO] post_risk  32% [52 submitted, 0 queued]
[2021-12-07 11:15:38 #213 INFO] post_risk  34% [52 submitted, 0 queued]
[2021-12-07 11:15:38 #213 INFO] post_risk  36% [52 submitted, 0 queued]
[2021-12-07 11:15:38 #213 INFO] post_risk  38% [52 submitted, 0 queued]
[2021-12-07 11:15:38 #213 INFO] post_risk  40% [52 submitted, 0 queued]
[2021-12-07 11:15:38 #213 INFO] post_risk  42% [52 submitted, 0 queued]
[2021-12-07 11:15:38 #213 INFO] post_risk  44% [52 submitted, 0 queued]
[2021-12-07 11:15:38 #213 INFO] post_risk  46% [52 submitted, 0 queued]
[2021-12-07 11:15:38 #213 INFO] post_risk  48% [52 submitted, 0 queued]
[2021-12-07 11:15:38 #213 INFO] post_risk  50% [52 submitted, 0 queued]
[2021-12-07 11:15:38 #213 INFO] post_risk  51% [52 submitted, 0 queued]
[2021-12-07 11:15:38 #213 INFO] post_risk  53% [52 submitted, 0 queued]
[2021-12-07 11:15:38 #213 INFO] post_risk  55% [52 submitted, 0 queued]
[2021-12-07 11:15:38 #213 INFO] post_risk  57% [52 submitted, 0 queued]
[2021-12-07 11:15:38 #213 INFO] post_risk  59% [52 submitted, 0 queued]
[2021-12-07 11:15:38 #213 INFO] post_risk  61% [52 submitted, 0 queued]
[2021-12-07 11:15:38 #213 INFO] post_risk  63% [52 submitted, 0 queued]
[2021-12-07 11:15:38 #213 INFO] post_risk  65% [52 submitted, 0 queued]
[2021-12-07 11:15:38 #213 INFO] post_risk  67% [52 submitted, 0 queued]
[2021-12-07 11:15:38 #213 INFO] post_risk  69% [52 submitted, 0 queued]
[2021-12-07 11:15:38 #213 INFO] post_risk  71% [52 submitted, 0 queued]
[2021-12-07 11:15:38 #213 INFO] post_risk  73% [52 submitted, 0 queued]
[2021-12-07 11:15:38 #213 INFO] post_risk  75% [52 submitted, 0 queued]
[2021-12-07 11:15:38 #213 INFO] post_risk  76% [52 submitted, 0 queued]
[2021-12-07 11:15:38 #213 INFO] post_risk  78% [52 submitted, 0 queued]
[2021-12-07 11:15:38 #213 INFO] post_risk  80% [52 submitted, 0 queued]
[2021-12-07 11:15:38 #213 INFO] post_risk  82% [52 submitted, 0 queued]
[2021-12-07 11:15:38 #213 INFO] post_risk  84% [52 submitted, 0 queued]
[2021-12-07 11:15:38 #213 INFO] post_risk  86% [52 submitted, 0 queued]
[2021-12-07 11:15:38 #213 INFO] post_risk  88% [52 submitted, 0 queued]
[2021-12-07 11:15:38 #213 INFO] post_risk  90% [52 submitted, 0 queued]
[2021-12-07 11:15:38 #213 INFO] post_risk  92% [52 submitted, 0 queued]
[2021-12-07 11:15:38 #213 INFO] post_risk  94% [52 submitted, 0 queued]
[2021-12-07 11:15:38 #213 INFO] post_risk  96% [52 submitted, 0 queued]
[2021-12-07 11:15:38 #213 INFO] post_risk  98% [52 submitted, 0 queued]
[2021-12-07 11:15:38 #213 INFO] post_risk 100% [52 submitted, 0 queued]
[2021-12-07 11:15:38 #213 INFO] Mean time per core=1s, std=0.1s, min=0s, max=1s
[2021-12-07 11:15:39 #213 INFO] Received {'tot': '44.11 MB'} in 3 seconds
[2021-12-07 11:16:13 #213 INFO] Total portfolio loss
==== ============== =============== ========= ===============
loss contents       nonstructural   occupants structural     
==== ============== =============== ========= ===============
avg  39_445_390_310 156_825_751_698 4_064     159_254_579_697
==== ============== =============== ========= ===============
[2021-12-07 11:16:13 #213 INFO] Sanity check on agg_losses
[2021-12-07 11:16:14 #213 INFO] Exposing the outputs to the database
[2021-12-07 11:16:14 #213 INFO] Stored 3.36 GB on /root/oqdata/calc_213.hdf5 in 7085 seconds
/home/ssm-user/src/oq-engine/openquake/hazardlib/gsim/base.py:347: ExperimentalWarning: CanadaSHM6_ActiveCrust_BooreEtAl2014 is experimental and may change in future versions - the user is liable for their application
  warnings.warn(msg, ExperimentalWarning)
/home/ssm-user/src/oq-engine/openquake/hazardlib/gsim/base.py:347: ExperimentalWarning: CanadaSHM6_ActiveCrust_BooreEtAl2014 is experimental and may change in future versions - the user is liable for their application
  warnings.warn(msg, ExperimentalWarning)
/home/ssm-user/src/oq-engine/openquake/hazardlib/gsim/base.py:347: ExperimentalWarning: CanadaSHM6_ActiveCrust_BooreEtAl2014 is experimental and may change in future versions - the user is liable for their application
  warnings.warn(msg, ExperimentalWarning)
/home/ssm-user/src/oq-engine/openquake/hazardlib/gsim/base.py:347: ExperimentalWarning: CanadaSHM6_ActiveCrust_BooreEtAl2014 is experimental and may change in future versions - the user is liable for their application
  warnings.warn(msg, ExperimentalWarning)
/home/ssm-user/src/oq-engine/openquake/hazardlib/gsim/base.py:347: ExperimentalWarning: CanadaSHM6_ActiveCrust_BooreEtAl2014 is experimental and may change in future versions - the user is liable for their application
  warnings.warn(msg, ExperimentalWarning)
/home/ssm-user/src/oq-engine/openquake/hazardlib/gsim/base.py:347: ExperimentalWarning: CanadaSHM6_ActiveCrust_BooreEtAl2014 is experimental and may change in future versions - the user is liable for their application
  warnings.warn(msg, ExperimentalWarning)
/home/ssm-user/src/oq-engine/openquake/hazardlib/gsim/base.py:347: ExperimentalWarning: CanadaSHM6_ActiveCrust_BooreEtAl2014 is experimental and may change in future versions - the user is liable for their application
  warnings.warn(msg, ExperimentalWarning)
/home/ssm-user/src/oq-engine/openquake/hazardlib/gsim/base.py:347: ExperimentalWarning: CanadaSHM6_ActiveCrust_BooreEtAl2014 is experimental and may change in future versions - the user is liable for their application
  warnings.warn(msg, ExperimentalWarning)
/home/ssm-user/src/oq-engine/openquake/hazardlib/gsim/base.py:347: ExperimentalWarning: CanadaSHM6_ActiveCrust_BooreEtAl2014 is experimental and may change in future versions - the user is liable for their application
  warnings.warn(msg, ExperimentalWarning)
/home/ssm-user/src/oq-engine/openquake/hazardlib/gsim/base.py:347: ExperimentalWarning: CanadaSHM6_ActiveCrust_BooreEtAl2014 is experimental and may change in future versions - the user is liable for their application
  warnings.warn(msg, ExperimentalWarning)
/home/ssm-user/src/oq-engine/openquake/hazardlib/gsim/base.py:347: ExperimentalWarning: CanadaSHM6_ActiveCrust_BooreEtAl2014 is experimental and may change in future versions - the user is liable for their application
  warnings.warn(msg, ExperimentalWarning)
/home/ssm-user/src/oq-engine/openquake/hazardlib/gsim/base.py:347: ExperimentalWarning: CanadaSHM6_ActiveCrust_BooreEtAl2014 is experimental and may change in future versions - the user is liable for their application
  warnings.warn(msg, ExperimentalWarning)
/home/ssm-user/src/oq-engine/openquake/hazardlib/gsim/base.py:347: ExperimentalWarning: CanadaSHM6_ActiveCrust_BooreEtAl2014 is experimental and may change in future versions - the user is liable for their application
  warnings.warn(msg, ExperimentalWarning)
/home/ssm-user/src/oq-engine/openquake/hazardlib/gsim/base.py:347: ExperimentalWarning: CanadaSHM6_ActiveCrust_BooreEtAl2014 is experimental and may change in future versions - the user is liable for their application
  warnings.warn(msg, ExperimentalWarning)
/home/ssm-user/src/oq-engine/openquake/hazardlib/gsim/base.py:347: ExperimentalWarning: CanadaSHM6_ActiveCrust_BooreEtAl2014 is experimental and may change in future versions - the user is liable for their application
  warnings.warn(msg, ExperimentalWarning)
/home/ssm-user/src/oq-engine/openquake/hazardlib/gsim/base.py:347: ExperimentalWarning: CanadaSHM6_ActiveCrust_BooreEtAl2014 is experimental and may change in future versions - the user is liable for their application
  warnings.warn(msg, ExperimentalWarning)
/home/ssm-user/src/oq-engine/openquake/hazardlib/gsim/base.py:347: ExperimentalWarning: CanadaSHM6_ActiveCrust_BooreEtAl2014 is experimental and may change in future versions - the user is liable for their application
  warnings.warn(msg, ExperimentalWarning)
/home/ssm-user/src/oq-engine/openquake/hazardlib/gsim/base.py:347: ExperimentalWarning: CanadaSHM6_ActiveCrust_BooreEtAl2014 is experimental and may change in future versions - the user is liable for their application
  warnings.warn(msg, ExperimentalWarning)
/home/ssm-user/src/oq-engine/openquake/hazardlib/gsim/base.py:347: ExperimentalWarning: CanadaSHM6_ActiveCrust_BooreEtAl2014 is experimental and may change in future versions - the user is liable for their application
  warnings.warn(msg, ExperimentalWarning)
/home/ssm-user/src/oq-engine/openquake/hazardlib/gsim/base.py:347: ExperimentalWarning: CanadaSHM6_ActiveCrust_BooreEtAl2014 is experimental and may change in future versions - the user is liable for their application
  warnings.warn(msg, ExperimentalWarning)
/home/ssm-user/src/oq-engine/openquake/hazardlib/gsim/base.py:347: ExperimentalWarning: CanadaSHM6_ActiveCrust_BooreEtAl2014 is experimental and may change in future versions - the user is liable for their application
  warnings.warn(msg, ExperimentalWarning)
/home/ssm-user/src/oq-engine/openquake/hazardlib/gsim/base.py:347: ExperimentalWarning: CanadaSHM6_ActiveCrust_BooreEtAl2014 is experimental and may change in future versions - the user is liable for their application
  warnings.warn(msg, ExperimentalWarning)
/home/ssm-user/src/oq-engine/openquake/hazardlib/gsim/base.py:347: ExperimentalWarning: CanadaSHM6_ActiveCrust_BooreEtAl2014 is experimental and may change in future versions - the user is liable for their application
  warnings.warn(msg, ExperimentalWarning)
/home/ssm-user/src/oq-engine/openquake/hazardlib/gsim/base.py:347: ExperimentalWarning: CanadaSHM6_ActiveCrust_BooreEtAl2014 is experimental and may change in future versions - the user is liable for their application
  warnings.warn(msg, ExperimentalWarning)
/home/ssm-user/src/oq-engine/openquake/hazardlib/gsim/base.py:347: ExperimentalWarning: CanadaSHM6_ActiveCrust_BooreEtAl2014 is experimental and may change in future versions - the user is liable for their application
  warnings.warn(msg, ExperimentalWarning)
/home/ssm-user/src/oq-engine/openquake/hazardlib/gsim/base.py:347: ExperimentalWarning: CanadaSHM6_ActiveCrust_BooreEtAl2014 is experimental and may change in future versions - the user is liable for their application
  warnings.warn(msg, ExperimentalWarning)
/home/ssm-user/src/oq-engine/openquake/hazardlib/gsim/base.py:347: ExperimentalWarning: CanadaSHM6_ActiveCrust_BooreEtAl2014 is experimental and may change in future versions - the user is liable for their application
  warnings.warn(msg, ExperimentalWarning)
/home/ssm-user/src/oq-engine/openquake/hazardlib/gsim/base.py:347: ExperimentalWarning: CanadaSHM6_ActiveCrust_BooreEtAl2014 is experimental and may change in future versions - the user is liable for their application
  warnings.warn(msg, ExperimentalWarning)
/home/ssm-user/src/oq-engine/openquake/hazardlib/gsim/base.py:347: ExperimentalWarning: CanadaSHM6_ActiveCrust_BooreEtAl2014 is experimental and may change in future versions - the user is liable for their application
  warnings.warn(msg, ExperimentalWarning)
/home/ssm-user/src/oq-engine/openquake/hazardlib/gsim/base.py:347: ExperimentalWarning: CanadaSHM6_ActiveCrust_BooreEtAl2014 is experimental and may change in future versions - the user is liable for their application
  warnings.warn(msg, ExperimentalWarning)
/home/ssm-user/src/oq-engine/openquake/hazardlib/gsim/base.py:347: ExperimentalWarning: CanadaSHM6_ActiveCrust_BooreEtAl2014 is experimental and may change in future versions - the user is liable for their application
  warnings.warn(msg, ExperimentalWarning)
/home/ssm-user/src/oq-engine/openquake/hazardlib/gsim/base.py:347: ExperimentalWarning: CanadaSHM6_ActiveCrust_BooreEtAl2014 is experimental and may change in future versions - the user is liable for their application
  warnings.warn(msg, ExperimentalWarning)
/home/ssm-user/src/oq-engine/openquake/hazardlib/gsim/base.py:347: ExperimentalWarning: CanadaSHM6_ActiveCrust_BooreEtAl2014 is experimental and may change in future versions - the user is liable for their application
  warnings.warn(msg, ExperimentalWarning)
/home/ssm-user/src/oq-engine/openquake/hazardlib/gsim/base.py:347: ExperimentalWarning: CanadaSHM6_ActiveCrust_BooreEtAl2014 is experimental and may change in future versions - the user is liable for their application
  warnings.warn(msg, ExperimentalWarning)
/home/ssm-user/src/oq-engine/openquake/hazardlib/gsim/base.py:347: ExperimentalWarning: CanadaSHM6_ActiveCrust_BooreEtAl2014 is experimental and may change in future versions - the user is liable for their application
  warnings.warn(msg, ExperimentalWarning)
/home/ssm-user/src/oq-engine/openquake/hazardlib/gsim/base.py:347: ExperimentalWarning: CanadaSHM6_ActiveCrust_BooreEtAl2014 is experimental and may change in future versions - the user is liable for their application
  warnings.warn(msg, ExperimentalWarning)
/home/ssm-user/src/oq-engine/openquake/hazardlib/gsim/base.py:347: ExperimentalWarning: CanadaSHM6_ActiveCrust_BooreEtAl2014 is experimental and may change in future versions - the user is liable for their application
  warnings.warn(msg, ExperimentalWarning)
/home/ssm-user/src/oq-engine/openquake/hazardlib/gsim/base.py:347: ExperimentalWarning: CanadaSHM6_ActiveCrust_BooreEtAl2014 is experimental and may change in future versions - the user is liable for their application
  warnings.warn(msg, ExperimentalWarning)
/home/ssm-user/src/oq-engine/openquake/hazardlib/gsim/base.py:347: ExperimentalWarning: CanadaSHM6_ActiveCrust_BooreEtAl2014 is experimental and may change in future versions - the user is liable for their application
  warnings.warn(msg, ExperimentalWarning)
/home/ssm-user/src/oq-engine/openquake/hazardlib/gsim/base.py:347: ExperimentalWarning: CanadaSHM6_ActiveCrust_BooreEtAl2014 is experimental and may change in future versions - the user is liable for their application
  warnings.warn(msg, ExperimentalWarning)
/home/ssm-user/src/oq-engine/openquake/hazardlib/gsim/base.py:347: ExperimentalWarning: CanadaSHM6_ActiveCrust_BooreEtAl2014 is experimental and may change in future versions - the user is liable for their application
  warnings.warn(msg, ExperimentalWarning)
/home/ssm-user/src/oq-engine/openquake/hazardlib/gsim/base.py:347: ExperimentalWarning: CanadaSHM6_ActiveCrust_BooreEtAl2014 is experimental and may change in future versions - the user is liable for their application
  warnings.warn(msg, ExperimentalWarning)
/home/ssm-user/src/oq-engine/openquake/hazardlib/gsim/base.py:347: ExperimentalWarning: CanadaSHM6_ActiveCrust_BooreEtAl2014 is experimental and may change in future versions - the user is liable for their application
  warnings.warn(msg, ExperimentalWarning)
/home/ssm-user/src/oq-engine/openquake/hazardlib/gsim/base.py:347: ExperimentalWarning: CanadaSHM6_ActiveCrust_BooreEtAl2014 is experimental and may change in future versions - the user is liable for their application
  warnings.warn(msg, ExperimentalWarning)
/home/ssm-user/src/oq-engine/openquake/hazardlib/gsim/base.py:347: ExperimentalWarning: CanadaSHM6_ActiveCrust_BooreEtAl2014 is experimental and may change in future versions - the user is liable for their application
  warnings.warn(msg, ExperimentalWarning)
/home/ssm-user/src/oq-engine/openquake/hazardlib/gsim/base.py:347: ExperimentalWarning: CanadaSHM6_ActiveCrust_BooreEtAl2014 is experimental and may change in future versions - the user is liable for their application
  warnings.warn(msg, ExperimentalWarning)
/home/ssm-user/src/oq-engine/openquake/hazardlib/gsim/base.py:347: ExperimentalWarning: CanadaSHM6_ActiveCrust_BooreEtAl2014 is experimental and may change in future versions - the user is liable for their application
  warnings.warn(msg, ExperimentalWarning)
/home/ssm-user/src/oq-engine/openquake/hazardlib/gsim/base.py:347: ExperimentalWarning: CanadaSHM6_ActiveCrust_BooreEtAl2014 is experimental and may change in future versions - the user is liable for their application
  warnings.warn(msg, ExperimentalWarning)
/home/ssm-user/src/oq-engine/openquake/hazardlib/gsim/base.py:347: ExperimentalWarning: CanadaSHM6_ActiveCrust_BooreEtAl2014 is experimental and may change in future versions - the user is liable for their application
  warnings.warn(msg, ExperimentalWarning)
/home/ssm-user/src/oq-engine/openquake/hazardlib/gsim/base.py:347: ExperimentalWarning: CanadaSHM6_ActiveCrust_BooreEtAl2014 is experimental and may change in future versions - the user is liable for their application
  warnings.warn(msg, ExperimentalWarning)
/home/ssm-user/src/oq-engine/openquake/hazardlib/gsim/base.py:347: ExperimentalWarning: CanadaSHM6_ActiveCrust_BooreEtAl2014 is experimental and may change in future versions - the user is liable for their application
  warnings.warn(msg, ExperimentalWarning)
/home/ssm-user/src/oq-engine/openquake/hazardlib/gsim/base.py:347: ExperimentalWarning: CanadaSHM6_ActiveCrust_BooreEtAl2014 is experimental and may change in future versions - the user is liable for their application
  warnings.warn(msg, ExperimentalWarning)
/home/ssm-user/src/oq-engine/openquake/hazardlib/gsim/base.py:347: ExperimentalWarning: CanadaSHM6_ActiveCrust_BooreEtAl2014 is experimental and may change in future versions - the user is liable for their application
  warnings.warn(msg, ExperimentalWarning)
/home/ssm-user/src/oq-engine/openquake/hazardlib/gsim/base.py:347: ExperimentalWarning: CanadaSHM6_ActiveCrust_BooreEtAl2014 is experimental and may change in future versions - the user is liable for their application
  warnings.warn(msg, ExperimentalWarning)
/home/ssm-user/src/oq-engine/openquake/hazardlib/gsim/base.py:347: ExperimentalWarning: CanadaSHM6_ActiveCrust_BooreEtAl2014 is experimental and may change in future versions - the user is liable for their application
  warnings.warn(msg, ExperimentalWarning)
/home/ssm-user/src/oq-engine/openquake/hazardlib/gsim/base.py:347: ExperimentalWarning: CanadaSHM6_ActiveCrust_BooreEtAl2014 is experimental and may change in future versions - the user is liable for their application
  warnings.warn(msg, ExperimentalWarning)
/home/ssm-user/src/oq-engine/openquake/hazardlib/gsim/base.py:347: ExperimentalWarning: CanadaSHM6_ActiveCrust_BooreEtAl2014 is experimental and may change in future versions - the user is liable for their application
  warnings.warn(msg, ExperimentalWarning)
/home/ssm-user/src/oq-engine/openquake/hazardlib/gsim/base.py:347: ExperimentalWarning: CanadaSHM6_ActiveCrust_BooreEtAl2014 is experimental and may change in future versions - the user is liable for their application
  warnings.warn(msg, ExperimentalWarning)
/home/ssm-user/src/oq-engine/openquake/hazardlib/gsim/base.py:347: ExperimentalWarning: CanadaSHM6_ActiveCrust_BooreEtAl2014 is experimental and may change in future versions - the user is liable for their application
  warnings.warn(msg, ExperimentalWarning)
/home/ssm-user/src/oq-engine/openquake/hazardlib/gsim/base.py:347: ExperimentalWarning: CanadaSHM6_ActiveCrust_BooreEtAl2014 is experimental and may change in future versions - the user is liable for their application
  warnings.warn(msg, ExperimentalWarning)
/home/ssm-user/src/oq-engine/openquake/hazardlib/gsim/base.py:347: ExperimentalWarning: CanadaSHM6_ActiveCrust_BooreEtAl2014 is experimental and may change in future versions - the user is liable for their application
  warnings.warn(msg, ExperimentalWarning)
/home/ssm-user/src/oq-engine/openquake/hazardlib/gsim/base.py:347: ExperimentalWarning: CanadaSHM6_ActiveCrust_BooreEtAl2014 is experimental and may change in future versions - the user is liable for their application
  warnings.warn(msg, ExperimentalWarning)
/home/ssm-user/src/oq-engine/openquake/hazardlib/gsim/base.py:347: ExperimentalWarning: CanadaSHM6_ActiveCrust_BooreEtAl2014 is experimental and may change in future versions - the user is liable for their application
  warnings.warn(msg, ExperimentalWarning)
/home/ssm-user/src/oq-engine/openquake/hazardlib/gsim/base.py:347: ExperimentalWarning: CanadaSHM6_ActiveCrust_BooreEtAl2014 is experimental and may change in future versions - the user is liable for their application
  warnings.warn(msg, ExperimentalWarning)
/home/ssm-user/src/oq-engine/openquake/hazardlib/gsim/base.py:347: ExperimentalWarning: CanadaSHM6_ActiveCrust_BooreEtAl2014 is experimental and may change in future versions - the user is liable for their application
  warnings.warn(msg, ExperimentalWarning)
/home/ssm-user/src/oq-engine/openquake/hazardlib/gsim/base.py:347: ExperimentalWarning: CanadaSHM6_ActiveCrust_BooreEtAl2014 is experimental and may change in future versions - the user is liable for their application
  warnings.warn(msg, ExperimentalWarning)
/home/ssm-user/src/oq-engine/openquake/hazardlib/gsim/base.py:347: ExperimentalWarning: CanadaSHM6_ActiveCrust_BooreEtAl2014 is experimental and may change in future versions - the user is liable for their application
  warnings.warn(msg, ExperimentalWarning)
/home/ssm-user/src/oq-engine/openquake/hazardlib/gsim/base.py:347: ExperimentalWarning: CanadaSHM6_ActiveCrust_BooreEtAl2014 is experimental and may change in future versions - the user is liable for their application
  warnings.warn(msg, ExperimentalWarning)
/home/ssm-user/src/oq-engine/openquake/hazardlib/gsim/base.py:347: ExperimentalWarning: CanadaSHM6_ActiveCrust_BooreEtAl2014 is experimental and may change in future versions - the user is liable for their application
  warnings.warn(msg, ExperimentalWarning)
/home/ssm-user/src/oq-engine/openquake/hazardlib/gsim/base.py:347: ExperimentalWarning: CanadaSHM6_ActiveCrust_BooreEtAl2014 is experimental and may change in future versions - the user is liable for their application
  warnings.warn(msg, ExperimentalWarning)
/home/ssm-user/src/oq-engine/openquake/hazardlib/gsim/base.py:347: ExperimentalWarning: CanadaSHM6_ActiveCrust_BooreEtAl2014 is experimental and may change in future versions - the user is liable for their application
  warnings.warn(msg, ExperimentalWarning)
/home/ssm-user/src/oq-engine/openquake/hazardlib/gsim/base.py:347: ExperimentalWarning: CanadaSHM6_ActiveCrust_BooreEtAl2014 is experimental and may change in future versions - the user is liable for their application
  warnings.warn(msg, ExperimentalWarning)
/home/ssm-user/src/oq-engine/openquake/hazardlib/gsim/base.py:347: ExperimentalWarning: CanadaSHM6_ActiveCrust_BooreEtAl2014 is experimental and may change in future versions - the user is liable for their application
  warnings.warn(msg, ExperimentalWarning)
/home/ssm-user/src/oq-engine/openquake/hazardlib/gsim/base.py:347: ExperimentalWarning: CanadaSHM6_ActiveCrust_BooreEtAl2014 is experimental and may change in future versions - the user is liable for their application
  warnings.warn(msg, ExperimentalWarning)
/home/ssm-user/src/oq-engine/openquake/hazardlib/gsim/base.py:347: ExperimentalWarning: CanadaSHM6_ActiveCrust_BooreEtAl2014 is experimental and may change in future versions - the user is liable for their application
  warnings.warn(msg, ExperimentalWarning)
/home/ssm-user/src/oq-engine/openquake/hazardlib/gsim/base.py:347: ExperimentalWarning: CanadaSHM6_ActiveCrust_BooreEtAl2014 is experimental and may change in future versions - the user is liable for their application
  warnings.warn(msg, ExperimentalWarning)
/home/ssm-user/src/oq-engine/openquake/hazardlib/gsim/base.py:347: ExperimentalWarning: CanadaSHM6_ActiveCrust_BooreEtAl2014 is experimental and may change in future versions - the user is liable for their application
  warnings.warn(msg, ExperimentalWarning)
/home/ssm-user/src/oq-engine/openquake/hazardlib/gsim/base.py:347: ExperimentalWarning: CanadaSHM6_ActiveCrust_BooreEtAl2014 is experimental and may change in future versions - the user is liable for their application
  warnings.warn(msg, ExperimentalWarning)
/home/ssm-user/src/oq-engine/openquake/hazardlib/gsim/base.py:347: ExperimentalWarning: CanadaSHM6_ActiveCrust_BooreEtAl2014 is experimental and may change in future versions - the user is liable for their application
  warnings.warn(msg, ExperimentalWarning)
/home/ssm-user/src/oq-engine/openquake/hazardlib/gsim/base.py:347: ExperimentalWarning: CanadaSHM6_ActiveCrust_BooreEtAl2014 is experimental and may change in future versions - the user is liable for their application
  warnings.warn(msg, ExperimentalWarning)
/home/ssm-user/src/oq-engine/openquake/hazardlib/gsim/base.py:347: ExperimentalWarning: CanadaSHM6_ActiveCrust_BooreEtAl2014 is experimental and may change in future versions - the user is liable for their application
  warnings.warn(msg, ExperimentalWarning)
/home/ssm-user/src/oq-engine/openquake/hazardlib/gsim/base.py:347: ExperimentalWarning: CanadaSHM6_ActiveCrust_BooreEtAl2014 is experimental and may change in future versions - the user is liable for their application
  warnings.warn(msg, ExperimentalWarning)
/home/ssm-user/src/oq-engine/openquake/hazardlib/gsim/base.py:347: ExperimentalWarning: CanadaSHM6_ActiveCrust_BooreEtAl2014 is experimental and may change in future versions - the user is liable for their application
  warnings.warn(msg, ExperimentalWarning)
/home/ssm-user/src/oq-engine/openquake/hazardlib/gsim/base.py:347: ExperimentalWarning: CanadaSHM6_ActiveCrust_BooreEtAl2014 is experimental and may change in future versions - the user is liable for their application
  warnings.warn(msg, ExperimentalWarning)
/home/ssm-user/src/oq-engine/openquake/hazardlib/gsim/base.py:347: ExperimentalWarning: CanadaSHM6_ActiveCrust_BooreEtAl2014 is experimental and may change in future versions - the user is liable for their application
  warnings.warn(msg, ExperimentalWarning)
/home/ssm-user/src/oq-engine/openquake/hazardlib/gsim/base.py:347: ExperimentalWarning: CanadaSHM6_ActiveCrust_BooreEtAl2014 is experimental and may change in future versions - the user is liable for their application
  warnings.warn(msg, ExperimentalWarning)
/home/ssm-user/src/oq-engine/openquake/hazardlib/gsim/base.py:347: ExperimentalWarning: CanadaSHM6_ActiveCrust_BooreEtAl2014 is experimental and may change in future versions - the user is liable for their application
  warnings.warn(msg, ExperimentalWarning)
/home/ssm-user/src/oq-engine/openquake/hazardlib/gsim/base.py:347: ExperimentalWarning: CanadaSHM6_ActiveCrust_BooreEtAl2014 is experimental and may change in future versions - the user is liable for their application
  warnings.warn(msg, ExperimentalWarning)
/home/ssm-user/src/oq-engine/openquake/hazardlib/gsim/base.py:347: ExperimentalWarning: CanadaSHM6_ActiveCrust_BooreEtAl2014 is experimental and may change in future versions - the user is liable for their application
  warnings.warn(msg, ExperimentalWarning)
/home/ssm-user/src/oq-engine/openquake/hazardlib/gsim/base.py:347: ExperimentalWarning: CanadaSHM6_ActiveCrust_BooreEtAl2014 is experimental and may change in future versions - the user is liable for their application
  warnings.warn(msg, ExperimentalWarning)
/home/ssm-user/src/oq-engine/openquake/hazardlib/gsim/base.py:347: ExperimentalWarning: CanadaSHM6_ActiveCrust_BooreEtAl2014 is experimental and may change in future versions - the user is liable for their application
  warnings.warn(msg, ExperimentalWarning)
/home/ssm-user/src/oq-engine/openquake/hazardlib/gsim/base.py:347: ExperimentalWarning: CanadaSHM6_ActiveCrust_BooreEtAl2014 is experimental and may change in future versions - the user is liable for their application
  warnings.warn(msg, ExperimentalWarning)
/home/ssm-user/src/oq-engine/openquake/hazardlib/gsim/base.py:347: ExperimentalWarning: CanadaSHM6_ActiveCrust_BooreEtAl2014 is experimental and may change in future versions - the user is liable for their application
  warnings.warn(msg, ExperimentalWarning)
/home/ssm-user/src/oq-engine/openquake/hazardlib/gsim/base.py:347: ExperimentalWarning: CanadaSHM6_ActiveCrust_BooreEtAl2014 is experimental and may change in future versions - the user is liable for their application
  warnings.warn(msg, ExperimentalWarning)
/home/ssm-user/src/oq-engine/openquake/hazardlib/gsim/base.py:347: ExperimentalWarning: CanadaSHM6_ActiveCrust_BooreEtAl2014 is experimental and may change in future versions - the user is liable for their application
  warnings.warn(msg, ExperimentalWarning)
/home/ssm-user/src/oq-engine/openquake/hazardlib/gsim/base.py:347: ExperimentalWarning: CanadaSHM6_ActiveCrust_BooreEtAl2014 is experimental and may change in future versions - the user is liable for their application
  warnings.warn(msg, ExperimentalWarning)
[2021-12-07 11:16:15 #214 INFO] root running /mnt/storage/canada-srm2/ebRisk/input/ebRisk_r1_ON_L_Peel.ini [--hc=213]
[2021-12-07 11:16:15 #214 INFO] Using engine version 3.11.3-git0cccb86798
[2021-12-07 11:16:15 #214 WARNING] Version v3.12.1 of the engine is available, but you are still using version 3.11.3-git0cccb86798
[2021-12-07 11:16:15 #214 WARNING] Using 96 cores on ip-10-70-136-20
[2021-12-07 11:16:15 #214 INFO] Validated nationalModel.xml in 0.01 seconds
[2021-12-07 11:16:15 #214 INFO] Checksum of the input files: 514598877
[2021-12-07 11:16:15 #214 INFO] Reading the risk model if present
[2021-12-07 11:16:39 #214 INFO] Reading /mnt/storage/openquake-inputs/exposure/general-building-stock/oqBldgExp_ON_L_Peel.xml
[2021-12-07 11:16:44 #214 INFO] Associated 38446 assets to 2009 sites
[2021-12-07 11:16:48 #214 INFO] Reducing risk model from 7260 to 322 taxonomies
[2021-12-07 11:16:49 #214 INFO] minimum_asset_loss={'contents': 0, 'nonstructural': 0, 'occupants': 0, 'structural': 0}
[2021-12-07 11:16:49 #214 INFO] Storing 1568 aggregation keys
[2021-12-07 11:16:49 #214 INFO] Storing risk model
[2021-12-07 11:16:50 #214 INFO] minimum_intensity={'SA(0.3)': 0.02, 'SA(0.6)': 0.05, 'SA(1.0)': 0.05, 'SA(2.0)': 0.05, 'SA(0.5)': 0.05}
[2021-12-07 11:16:50 #214 INFO] Sending 481_811 ruptures
  id | name
1223 | Aggregate Event Losses
1222 | Aggregate Loss Curves Statistics
1224 | Aggregate Losses Statistics
1225 | Average Asset Losses Statistics
1230 | Earthquake Ruptures
1226 | Events
1227 | Full Report
1228 | Input Files
1229 | Realizations
1231 | Source Loss Table
[2021-12-07 11:17:17 #214 INFO] Sent 195 tasks, 203.03 MB in 22 seconds
[2021-12-07 11:23:49 #214 INFO] start_ebrisk   1% [195 submitted, 0 queued]
[2021-12-07 11:37:03 #214 INFO] start_ebrisk   2% [195 submitted, 0 queued]
[2021-12-07 11:41:54 #214 INFO] start_ebrisk   3% [195 submitted, 0 queued]
[2021-12-07 11:48:06 #214 INFO] start_ebrisk   4% [195 submitted, 0 queued]
[2021-12-07 11:48:17 #214 INFO] start_ebrisk   5% [195 submitted, 0 queued]
[2021-12-07 11:48:38 #214 INFO] start_ebrisk   6% [195 submitted, 0 queued]
[2021-12-07 11:48:50 #214 INFO] start_ebrisk   7% [195 submitted, 0 queued]
[2021-12-07 11:49:01 #214 INFO] start_ebrisk   8% [195 submitted, 0 queued]
[2021-12-07 11:49:08 #214 INFO] start_ebrisk   9% [195 submitted, 0 queued]
[2021-12-07 11:49:12 #214 INFO] start_ebrisk  10% [195 submitted, 0 queued]
[2021-12-07 11:49:17 #214 INFO] start_ebrisk  11% [195 submitted, 0 queued]
[2021-12-07 11:49:22 #214 INFO] start_ebrisk  12% [195 submitted, 0 queued]
[2021-12-07 11:49:42 #214 INFO] start_ebrisk  13% [195 submitted, 0 queued]
[2021-12-07 11:49:45 #214 INFO] start_ebrisk  14% [195 submitted, 0 queued]
[2021-12-07 11:49:55 #214 INFO] start_ebrisk  15% [195 submitted, 0 queued]
[2021-12-07 11:50:03 #214 INFO] start_ebrisk  16% [195 submitted, 0 queued]
[2021-12-07 11:50:16 #214 INFO] start_ebrisk  17% [195 submitted, 0 queued]
[2021-12-07 11:50:19 #214 INFO] start_ebrisk  18% [195 submitted, 0 queued]
[2021-12-07 11:50:22 #214 INFO] start_ebrisk  19% [195 submitted, 0 queued]
[2021-12-07 11:50:28 #214 INFO] start_ebrisk  20% [195 submitted, 0 queued]
[2021-12-07 11:50:40 #214 INFO] start_ebrisk  21% [195 submitted, 0 queued]
[2021-12-07 11:50:47 #214 INFO] start_ebrisk  22% [195 submitted, 0 queued]
[2021-12-07 11:50:53 #214 INFO] start_ebrisk  23% [195 submitted, 0 queued]
[2021-12-07 11:51:01 #214 INFO] start_ebrisk  24% [195 submitted, 0 queued]
[2021-12-07 11:51:08 #214 INFO] start_ebrisk  25% [195 submitted, 0 queued]
[2021-12-07 11:51:24 #214 INFO] start_ebrisk  26% [195 submitted, 0 queued]
[2021-12-07 11:51:45 #214 INFO] start_ebrisk  27% [195 submitted, 0 queued]
[2021-12-07 11:52:02 #214 INFO] start_ebrisk  28% [195 submitted, 0 queued]
[2021-12-07 11:52:34 #214 INFO] start_ebrisk  29% [195 submitted, 0 queued]
[2021-12-07 11:52:46 #214 INFO] start_ebrisk  30% [195 submitted, 0 queued]
[2021-12-07 11:53:06 #214 INFO] start_ebrisk  31% [195 submitted, 0 queued]
[2021-12-07 11:53:22 #214 INFO] start_ebrisk  32% [195 submitted, 0 queued]
[2021-12-07 11:53:30 #214 INFO] start_ebrisk  33% [195 submitted, 0 queued]
[2021-12-07 11:53:39 #214 INFO] start_ebrisk  34% [195 submitted, 0 queued]
[2021-12-07 11:53:50 #214 INFO] start_ebrisk  35% [195 submitted, 0 queued]
[2021-12-07 11:54:15 #214 INFO] start_ebrisk  36% [195 submitted, 0 queued]
[2021-12-07 11:54:59 #214 INFO] start_ebrisk  37% [195 submitted, 0 queued]
[2021-12-07 11:55:49 #214 INFO] start_ebrisk  38% [195 submitted, 0 queued]
[2021-12-07 11:56:27 #214 INFO] start_ebrisk  39% [195 submitted, 0 queued]
[2021-12-07 11:56:30 #214 INFO] start_ebrisk  40% [195 submitted, 0 queued]
[2021-12-07 11:57:23 #214 INFO] start_ebrisk  41% [195 submitted, 0 queued]
[2021-12-07 11:59:10 #214 INFO] start_ebrisk  42% [195 submitted, 0 queued]
[2021-12-07 11:59:21 #214 INFO] start_ebrisk  43% [195 submitted, 0 queued]
[2021-12-07 12:00:39 #214 INFO] start_ebrisk  44% [195 submitted, 0 queued]
[2021-12-07 12:01:39 #214 INFO] start_ebrisk  45% [195 submitted, 0 queued]
[2021-12-07 12:05:57 #214 INFO] start_ebrisk  46% [195 submitted, 0 queued]
[2021-12-07 12:11:19 #214 INFO] start_ebrisk  47% [195 submitted, 0 queued]
[2021-12-07 12:13:01 #214 INFO] start_ebrisk  48% [195 submitted, 0 queued]
[2021-12-07 12:14:23 #214 INFO] start_ebrisk  49% [195 submitted, 0 queued]
[2021-12-07 12:15:00 #214 INFO] start_ebrisk  50% [195 submitted, 0 queued]
[2021-12-07 12:17:31 #214 INFO] start_ebrisk  51% [195 submitted, 0 queued]
[2021-12-07 12:19:54 #214 INFO] start_ebrisk  52% [195 submitted, 0 queued]
[2021-12-07 12:20:09 #214 INFO] start_ebrisk  53% [195 submitted, 0 queued]
[2021-12-07 12:20:56 #214 INFO] start_ebrisk  54% [195 submitted, 0 queued]
[2021-12-07 12:22:12 #214 INFO] start_ebrisk  55% [195 submitted, 0 queued]
[2021-12-07 12:22:23 #214 INFO] start_ebrisk  56% [195 submitted, 0 queued]
[2021-12-07 12:22:29 #214 INFO] start_ebrisk  57% [195 submitted, 0 queued]
[2021-12-07 12:22:41 #214 INFO] start_ebrisk  58% [195 submitted, 0 queued]
[2021-12-07 12:22:50 #214 INFO] start_ebrisk  59% [195 submitted, 0 queued]
[2021-12-07 12:22:55 #214 INFO] start_ebrisk  60% [195 submitted, 0 queued]
[2021-12-07 12:23:03 #214 INFO] start_ebrisk  61% [195 submitted, 0 queued]
[2021-12-07 12:23:17 #214 INFO] start_ebrisk  62% [195 submitted, 0 queued]
[2021-12-07 12:23:21 #214 INFO] start_ebrisk  63% [195 submitted, 0 queued]
[2021-12-07 12:23:28 #214 INFO] start_ebrisk  64% [195 submitted, 0 queued]
[2021-12-07 12:23:40 #214 INFO] start_ebrisk  65% [195 submitted, 0 queued]
[2021-12-07 12:24:05 #214 INFO] start_ebrisk  66% [195 submitted, 0 queued]
[2021-12-07 12:24:27 #214 INFO] start_ebrisk  67% [195 submitted, 0 queued]
[2021-12-07 12:24:42 #214 INFO] start_ebrisk  68% [195 submitted, 0 queued]
[2021-12-07 12:24:48 #214 INFO] start_ebrisk  69% [195 submitted, 0 queued]
[2021-12-07 12:25:42 #214 INFO] start_ebrisk  70% [195 submitted, 0 queued]
[2021-12-07 12:26:00 #214 INFO] start_ebrisk  71% [195 submitted, 0 queued]
[2021-12-07 12:26:07 #214 INFO] start_ebrisk  72% [195 submitted, 0 queued]
[2021-12-07 12:26:09 #214 INFO] start_ebrisk  73% [195 submitted, 0 queued]
[2021-12-07 12:26:21 #214 INFO] start_ebrisk  74% [195 submitted, 0 queued]
[2021-12-07 12:26:34 #214 INFO] start_ebrisk  75% [195 submitted, 0 queued]
[2021-12-07 12:27:34 #214 INFO] start_ebrisk  76% [195 submitted, 0 queued]
[2021-12-07 12:27:56 #214 INFO] start_ebrisk  77% [195 submitted, 0 queued]
[2021-12-07 12:29:25 #214 INFO] start_ebrisk  78% [195 submitted, 0 queued]
[2021-12-07 12:29:31 #214 INFO] start_ebrisk  79% [195 submitted, 0 queued]
[2021-12-07 12:29:36 #214 INFO] start_ebrisk  80% [195 submitted, 0 queued]
[2021-12-07 12:30:00 #214 INFO] start_ebrisk  81% [195 submitted, 0 queued]
[2021-12-07 12:30:38 #214 INFO] start_ebrisk  82% [195 submitted, 0 queued]
[2021-12-07 12:30:55 #214 INFO] start_ebrisk  83% [195 submitted, 0 queued]
[2021-12-07 12:31:23 #214 INFO] start_ebrisk  84% [195 submitted, 0 queued]
[2021-12-07 12:31:31 #214 INFO] start_ebrisk  85% [195 submitted, 0 queued]
[2021-12-07 12:31:59 #214 INFO] start_ebrisk  86% [195 submitted, 0 queued]
[2021-12-07 12:33:17 #214 INFO] start_ebrisk  87% [195 submitted, 0 queued]
[2021-12-07 12:33:53 #214 INFO] start_ebrisk  88% [195 submitted, 0 queued]
[2021-12-07 12:34:21 #214 INFO] start_ebrisk  89% [195 submitted, 0 queued]
[2021-12-07 12:36:39 #214 INFO] start_ebrisk  90% [195 submitted, 0 queued]
[2021-12-07 12:37:09 #214 INFO] start_ebrisk  91% [195 submitted, 0 queued]
[2021-12-07 12:39:02 #214 INFO] start_ebrisk  92% [195 submitted, 0 queued]
[2021-12-07 12:39:48 #214 INFO] start_ebrisk  93% [195 submitted, 0 queued]
[2021-12-07 12:40:12 #214 INFO] start_ebrisk  94% [195 submitted, 0 queued]
[2021-12-07 12:40:35 #214 INFO] start_ebrisk  95% [195 submitted, 0 queued]
[2021-12-07 12:41:28 #214 INFO] start_ebrisk  96% [195 submitted, 0 queued]
[2021-12-07 12:42:19 #214 INFO] start_ebrisk  97% [195 submitted, 0 queued]
[2021-12-07 12:42:49 #214 INFO] start_ebrisk  98% [195 submitted, 0 queued]
[2021-12-07 12:46:26 #214 INFO] start_ebrisk  99% [195 submitted, 0 queued]
[2021-12-07 12:58:53 #214 INFO] start_ebrisk 100% [195 submitted, 0 queued]
[2021-12-07 12:58:53 #214 INFO] Mean time per core=4342s, std=448.5s, min=3633s, max=6108s
[2021-12-07 12:58:53 #214 INFO] Received {'alt': '2.9 GB', 'losses_by_A': '114.42 MB', 'momenta': '29.91 MB', 'gmf_info': '5.11 MB', 'events_per_sid': '4 KB'} in 6095 seconds
[2021-12-07 12:58:53 #214 INFO] Produced 8.52 GB of GMFs
[2021-12-07 12:58:53 #214 INFO] Stored 2.9 GB in the agg_loss_table
[2021-12-07 12:58:53 #214 INFO] Building the src_loss_table
[2021-12-07 12:59:29 #214 INFO] Sending 49.56 MB of losses
[2021-12-07 12:59:30 #214 INFO] Sending 38.44 MB of losses
[2021-12-07 12:59:31 #214 INFO] Sending 31.91 MB of losses
[2021-12-07 12:59:32 #214 INFO] Sending 35.42 MB of losses
[2021-12-07 12:59:33 #214 INFO] Sending 37.26 MB of losses
[2021-12-07 12:59:34 #214 INFO] Sending 37.55 MB of losses
[2021-12-07 12:59:35 #214 INFO] Sending 46.85 MB of losses
[2021-12-07 12:59:36 #214 INFO] Sending 38.09 MB of losses
[2021-12-07 12:59:37 #214 INFO] Sending 33.81 MB of losses
[2021-12-07 12:59:38 #214 INFO] Sending 40.39 MB of losses
[2021-12-07 12:59:39 #214 INFO] Sending 36.82 MB of losses
[2021-12-07 12:59:40 #214 INFO] Sending 34.18 MB of losses
[2021-12-07 12:59:40 #214 INFO] Sending 42.82 MB of losses
[2021-12-07 12:59:41 #214 INFO] Sending 28.59 MB of losses
[2021-12-07 12:59:42 #214 INFO] Sending 38.68 MB of losses
[2021-12-07 12:59:43 #214 INFO] Sending 30.43 MB of losses
[2021-12-07 12:59:44 #214 INFO] Sending 49.52 MB of losses
[2021-12-07 12:59:45 #214 INFO] Sending 35.02 MB of losses
[2021-12-07 12:59:46 #214 INFO] Sending 36.6 MB of losses
[2021-12-07 12:59:47 #214 INFO] Sending 41.05 MB of losses
[2021-12-07 12:59:48 #214 INFO] Sending 36.99 MB of losses
[2021-12-07 12:59:49 #214 INFO] Sending 45.87 MB of losses
[2021-12-07 12:59:50 #214 INFO] Sending 37.98 MB of losses
[2021-12-07 12:59:51 #214 INFO] Sending 33.67 MB of losses
[2021-12-07 12:59:52 #214 INFO] Sending 46.9 MB of losses
[2021-12-07 12:59:53 #214 INFO] Sending 33.8 MB of losses
[2021-12-07 12:59:54 #214 INFO] Sending 43.22 MB of losses
[2021-12-07 12:59:55 #214 INFO] Sending 49.82 MB of losses
[2021-12-07 12:59:56 #214 INFO] Sending 37.07 MB of losses
[2021-12-07 12:59:57 #214 INFO] Sending 40.32 MB of losses
[2021-12-07 12:59:58 #214 INFO] Sending 42.15 MB of losses
[2021-12-07 12:59:59 #214 INFO] Sending 40.43 MB of losses
[2021-12-07 13:00:00 #214 INFO] Sending 41.77 MB of losses
[2021-12-07 13:00:01 #214 INFO] Sending 30.76 MB of losses
[2021-12-07 13:00:02 #214 INFO] Sending 49.72 MB of losses
[2021-12-07 13:00:03 #214 INFO] Sending 40.7 MB of losses
[2021-12-07 13:00:03 #214 INFO] Sending 33.67 MB of losses
[2021-12-07 13:00:04 #214 INFO] Sending 40.7 MB of losses
[2021-12-07 13:00:05 #214 INFO] Sending 31.6 MB of losses
[2021-12-07 13:00:06 #214 INFO] Sending 34.91 MB of losses
[2021-12-07 13:00:07 #214 INFO] Sending 33.76 MB of losses
[2021-12-07 13:00:08 #214 INFO] Sending 31.7 MB of losses
[2021-12-07 13:00:09 #214 INFO] Sending 36.98 MB of losses
[2021-12-07 13:00:10 #214 INFO] Sending 29.23 MB of losses
[2021-12-07 13:00:11 #214 INFO] Sending 37.94 MB of losses
[2021-12-07 13:00:12 #214 INFO] Sending 40.32 MB of losses
[2021-12-07 13:00:13 #214 INFO] Sending 37.7 MB of losses
[2021-12-07 13:00:14 #214 INFO] Sending 35.32 MB of losses
[2021-12-07 13:00:15 #214 INFO] Sending 50.77 MB of losses
[2021-12-07 13:00:16 #214 INFO] Sending 31.48 MB of losses
[2021-12-07 13:00:17 #214 INFO] Sending 37.85 MB of losses
[2021-12-07 13:00:18 #214 INFO] Sent 52 tasks, 1.94 GB in 48 seconds
[2021-12-07 13:00:20 #214 INFO] post_risk   1% [52 submitted, 0 queued]
[2021-12-07 13:00:20 #214 INFO] post_risk   3% [52 submitted, 0 queued]
[2021-12-07 13:00:20 #214 INFO] post_risk   5% [52 submitted, 0 queued]
[2021-12-07 13:00:20 #214 INFO] post_risk   7% [52 submitted, 0 queued]
[2021-12-07 13:00:20 #214 INFO] post_risk   9% [52 submitted, 0 queued]
[2021-12-07 13:00:20 #214 INFO] post_risk  11% [52 submitted, 0 queued]
[2021-12-07 13:00:20 #214 INFO] post_risk  13% [52 submitted, 0 queued]
[2021-12-07 13:00:20 #214 INFO] post_risk  15% [52 submitted, 0 queued]
[2021-12-07 13:00:20 #214 INFO] post_risk  17% [52 submitted, 0 queued]
[2021-12-07 13:00:20 #214 INFO] post_risk  19% [52 submitted, 0 queued]
[2021-12-07 13:00:20 #214 INFO] post_risk  21% [52 submitted, 0 queued]
[2021-12-07 13:00:20 #214 INFO] post_risk  23% [52 submitted, 0 queued]
[2021-12-07 13:00:20 #214 INFO] post_risk  25% [52 submitted, 0 queued]
[2021-12-07 13:00:20 #214 INFO] post_risk  26% [52 submitted, 0 queued]
[2021-12-07 13:00:20 #214 INFO] post_risk  28% [52 submitted, 0 queued]
[2021-12-07 13:00:20 #214 INFO] post_risk  30% [52 submitted, 0 queued]
[2021-12-07 13:00:20 #214 INFO] post_risk  32% [52 submitted, 0 queued]
[2021-12-07 13:00:20 #214 INFO] post_risk  34% [52 submitted, 0 queued]
[2021-12-07 13:00:20 #214 INFO] post_risk  36% [52 submitted, 0 queued]
[2021-12-07 13:00:20 #214 INFO] post_risk  38% [52 submitted, 0 queued]
[2021-12-07 13:00:20 #214 INFO] post_risk  40% [52 submitted, 0 queued]
[2021-12-07 13:00:20 #214 INFO] post_risk  42% [52 submitted, 0 queued]
[2021-12-07 13:00:21 #214 INFO] post_risk  44% [52 submitted, 0 queued]
[2021-12-07 13:00:21 #214 INFO] post_risk  46% [52 submitted, 0 queued]
[2021-12-07 13:00:21 #214 INFO] post_risk  48% [52 submitted, 0 queued]
[2021-12-07 13:00:21 #214 INFO] post_risk  50% [52 submitted, 0 queued]
[2021-12-07 13:00:21 #214 INFO] post_risk  51% [52 submitted, 0 queued]
[2021-12-07 13:00:21 #214 INFO] post_risk  53% [52 submitted, 0 queued]
[2021-12-07 13:00:21 #214 INFO] post_risk  55% [52 submitted, 0 queued]
[2021-12-07 13:00:21 #214 INFO] post_risk  57% [52 submitted, 0 queued]
[2021-12-07 13:00:21 #214 INFO] post_risk  59% [52 submitted, 0 queued]
[2021-12-07 13:00:21 #214 INFO] post_risk  61% [52 submitted, 0 queued]
[2021-12-07 13:00:21 #214 INFO] post_risk  63% [52 submitted, 0 queued]
[2021-12-07 13:00:21 #214 INFO] post_risk  65% [52 submitted, 0 queued]
[2021-12-07 13:00:21 #214 INFO] post_risk  67% [52 submitted, 0 queued]
[2021-12-07 13:00:21 #214 INFO] post_risk  69% [52 submitted, 0 queued]
[2021-12-07 13:00:21 #214 INFO] post_risk  71% [52 submitted, 0 queued]
[2021-12-07 13:00:21 #214 INFO] post_risk  73% [52 submitted, 0 queued]
[2021-12-07 13:00:21 #214 INFO] post_risk  75% [52 submitted, 0 queued]
[2021-12-07 13:00:21 #214 INFO] post_risk  76% [52 submitted, 0 queued]
[2021-12-07 13:00:21 #214 INFO] post_risk  78% [52 submitted, 0 queued]
[2021-12-07 13:00:21 #214 INFO] post_risk  80% [52 submitted, 0 queued]
[2021-12-07 13:00:21 #214 INFO] post_risk  82% [52 submitted, 0 queued]
[2021-12-07 13:00:21 #214 INFO] post_risk  84% [52 submitted, 0 queued]
[2021-12-07 13:00:21 #214 INFO] post_risk  86% [52 submitted, 0 queued]
[2021-12-07 13:00:21 #214 INFO] post_risk  88% [52 submitted, 0 queued]
[2021-12-07 13:00:21 #214 INFO] post_risk  90% [52 submitted, 0 queued]
[2021-12-07 13:00:21 #214 INFO] post_risk  92% [52 submitted, 0 queued]
[2021-12-07 13:00:21 #214 INFO] post_risk  94% [52 submitted, 0 queued]
[2021-12-07 13:00:21 #214 INFO] post_risk  96% [52 submitted, 0 queued]
[2021-12-07 13:00:21 #214 INFO] post_risk  98% [52 submitted, 0 queued]
[2021-12-07 13:00:21 #214 INFO] post_risk 100% [52 submitted, 0 queued]
[2021-12-07 13:00:21 #214 INFO] Mean time per core=1s, std=0.1s, min=0s, max=1s
[2021-12-07 13:00:21 #214 INFO] Received {'tot': '44.11 MB'} in 3 seconds
[2021-12-07 13:00:54 #214 INFO] Total portfolio loss
==== ============== ============== ========= ==============
loss contents       nonstructural  occupants structural    
==== ============== ============== ========= ==============
avg  23_955_344_571 88_712_521_348 1_597     81_454_420_120
==== ============== ============== ========= ==============
[2021-12-07 13:00:54 #214 INFO] Sanity check on agg_losses
[2021-12-07 13:00:55 #214 INFO] Exposing the outputs to the database
[2021-12-07 13:00:55 #214 INFO] Stored 2.97 GB on /root/oqdata/calc_214.hdf5 in 6280 seconds
/home/ssm-user/src/oq-engine/openquake/hazardlib/gsim/base.py:347: ExperimentalWarning: CanadaSHM6_ActiveCrust_BooreEtAl2014 is experimental and may change in future versions - the user is liable for their application
  warnings.warn(msg, ExperimentalWarning)
/home/ssm-user/src/oq-engine/openquake/hazardlib/gsim/base.py:347: ExperimentalWarning: CanadaSHM6_ActiveCrust_BooreEtAl2014 is experimental and may change in future versions - the user is liable for their application
  warnings.warn(msg, ExperimentalWarning)
/home/ssm-user/src/oq-engine/openquake/hazardlib/gsim/base.py:347: ExperimentalWarning: CanadaSHM6_ActiveCrust_BooreEtAl2014 is experimental and may change in future versions - the user is liable for their application
  warnings.warn(msg, ExperimentalWarning)
/home/ssm-user/src/oq-engine/openquake/hazardlib/gsim/base.py:347: ExperimentalWarning: CanadaSHM6_ActiveCrust_BooreEtAl2014 is experimental and may change in future versions - the user is liable for their application
  warnings.warn(msg, ExperimentalWarning)
/home/ssm-user/src/oq-engine/openquake/hazardlib/gsim/base.py:347: ExperimentalWarning: CanadaSHM6_ActiveCrust_BooreEtAl2014 is experimental and may change in future versions - the user is liable for their application
  warnings.warn(msg, ExperimentalWarning)
/home/ssm-user/src/oq-engine/openquake/hazardlib/gsim/base.py:347: ExperimentalWarning: CanadaSHM6_ActiveCrust_BooreEtAl2014 is experimental and may change in future versions - the user is liable for their application
  warnings.warn(msg, ExperimentalWarning)
/home/ssm-user/src/oq-engine/openquake/hazardlib/gsim/base.py:347: ExperimentalWarning: CanadaSHM6_ActiveCrust_BooreEtAl2014 is experimental and may change in future versions - the user is liable for their application
  warnings.warn(msg, ExperimentalWarning)
/home/ssm-user/src/oq-engine/openquake/hazardlib/gsim/base.py:347: ExperimentalWarning: CanadaSHM6_ActiveCrust_BooreEtAl2014 is experimental and may change in future versions - the user is liable for their application
  warnings.warn(msg, ExperimentalWarning)
/home/ssm-user/src/oq-engine/openquake/hazardlib/gsim/base.py:347: ExperimentalWarning: CanadaSHM6_ActiveCrust_BooreEtAl2014 is experimental and may change in future versions - the user is liable for their application
  warnings.warn(msg, ExperimentalWarning)
/home/ssm-user/src/oq-engine/openquake/hazardlib/gsim/base.py:347: ExperimentalWarning: CanadaSHM6_ActiveCrust_BooreEtAl2014 is experimental and may change in future versions - the user is liable for their application
  warnings.warn(msg, ExperimentalWarning)
/home/ssm-user/src/oq-engine/openquake/hazardlib/gsim/base.py:347: ExperimentalWarning: CanadaSHM6_ActiveCrust_BooreEtAl2014 is experimental and may change in future versions - the user is liable for their application
  warnings.warn(msg, ExperimentalWarning)
/home/ssm-user/src/oq-engine/openquake/hazardlib/gsim/base.py:347: ExperimentalWarning: CanadaSHM6_ActiveCrust_BooreEtAl2014 is experimental and may change in future versions - the user is liable for their application
  warnings.warn(msg, ExperimentalWarning)
/home/ssm-user/src/oq-engine/openquake/hazardlib/gsim/base.py:347: ExperimentalWarning: CanadaSHM6_ActiveCrust_BooreEtAl2014 is experimental and may change in future versions - the user is liable for their application
  warnings.warn(msg, ExperimentalWarning)
/home/ssm-user/src/oq-engine/openquake/hazardlib/gsim/base.py:347: ExperimentalWarning: CanadaSHM6_ActiveCrust_BooreEtAl2014 is experimental and may change in future versions - the user is liable for their application
  warnings.warn(msg, ExperimentalWarning)
/home/ssm-user/src/oq-engine/openquake/hazardlib/gsim/base.py:347: ExperimentalWarning: CanadaSHM6_ActiveCrust_BooreEtAl2014 is experimental and may change in future versions - the user is liable for their application
  warnings.warn(msg, ExperimentalWarning)
/home/ssm-user/src/oq-engine/openquake/hazardlib/gsim/base.py:347: ExperimentalWarning: CanadaSHM6_ActiveCrust_BooreEtAl2014 is experimental and may change in future versions - the user is liable for their application
  warnings.warn(msg, ExperimentalWarning)
/home/ssm-user/src/oq-engine/openquake/hazardlib/gsim/base.py:347: ExperimentalWarning: CanadaSHM6_ActiveCrust_BooreEtAl2014 is experimental and may change in future versions - the user is liable for their application
  warnings.warn(msg, ExperimentalWarning)
/home/ssm-user/src/oq-engine/openquake/hazardlib/gsim/base.py:347: ExperimentalWarning: CanadaSHM6_ActiveCrust_BooreEtAl2014 is experimental and may change in future versions - the user is liable for their application
  warnings.warn(msg, ExperimentalWarning)
/home/ssm-user/src/oq-engine/openquake/hazardlib/gsim/base.py:347: ExperimentalWarning: CanadaSHM6_ActiveCrust_BooreEtAl2014 is experimental and may change in future versions - the user is liable for their application
  warnings.warn(msg, ExperimentalWarning)
/home/ssm-user/src/oq-engine/openquake/hazardlib/gsim/base.py:347: ExperimentalWarning: CanadaSHM6_ActiveCrust_BooreEtAl2014 is experimental and may change in future versions - the user is liable for their application
  warnings.warn(msg, ExperimentalWarning)
/home/ssm-user/src/oq-engine/openquake/hazardlib/gsim/base.py:347: ExperimentalWarning: CanadaSHM6_ActiveCrust_BooreEtAl2014 is experimental and may change in future versions - the user is liable for their application
  warnings.warn(msg, ExperimentalWarning)
/home/ssm-user/src/oq-engine/openquake/hazardlib/gsim/base.py:347: ExperimentalWarning: CanadaSHM6_ActiveCrust_BooreEtAl2014 is experimental and may change in future versions - the user is liable for their application
  warnings.warn(msg, ExperimentalWarning)
/home/ssm-user/src/oq-engine/openquake/hazardlib/gsim/base.py:347: ExperimentalWarning: CanadaSHM6_ActiveCrust_BooreEtAl2014 is experimental and may change in future versions - the user is liable for their application
  warnings.warn(msg, ExperimentalWarning)
/home/ssm-user/src/oq-engine/openquake/hazardlib/gsim/base.py:347: ExperimentalWarning: CanadaSHM6_ActiveCrust_BooreEtAl2014 is experimental and may change in future versions - the user is liable for their application
  warnings.warn(msg, ExperimentalWarning)
/home/ssm-user/src/oq-engine/openquake/hazardlib/gsim/base.py:347: ExperimentalWarning: CanadaSHM6_ActiveCrust_BooreEtAl2014 is experimental and may change in future versions - the user is liable for their application
  warnings.warn(msg, ExperimentalWarning)
/home/ssm-user/src/oq-engine/openquake/hazardlib/gsim/base.py:347: ExperimentalWarning: CanadaSHM6_ActiveCrust_BooreEtAl2014 is experimental and may change in future versions - the user is liable for their application
  warnings.warn(msg, ExperimentalWarning)
/home/ssm-user/src/oq-engine/openquake/hazardlib/gsim/base.py:347: ExperimentalWarning: CanadaSHM6_ActiveCrust_BooreEtAl2014 is experimental and may change in future versions - the user is liable for their application
  warnings.warn(msg, ExperimentalWarning)
/home/ssm-user/src/oq-engine/openquake/hazardlib/gsim/base.py:347: ExperimentalWarning: CanadaSHM6_ActiveCrust_BooreEtAl2014 is experimental and may change in future versions - the user is liable for their application
  warnings.warn(msg, ExperimentalWarning)
/home/ssm-user/src/oq-engine/openquake/hazardlib/gsim/base.py:347: ExperimentalWarning: CanadaSHM6_ActiveCrust_BooreEtAl2014 is experimental and may change in future versions - the user is liable for their application
  warnings.warn(msg, ExperimentalWarning)
/home/ssm-user/src/oq-engine/openquake/hazardlib/gsim/base.py:347: ExperimentalWarning: CanadaSHM6_ActiveCrust_BooreEtAl2014 is experimental and may change in future versions - the user is liable for their application
  warnings.warn(msg, ExperimentalWarning)
/home/ssm-user/src/oq-engine/openquake/hazardlib/gsim/base.py:347: ExperimentalWarning: CanadaSHM6_ActiveCrust_BooreEtAl2014 is experimental and may change in future versions - the user is liable for their application
  warnings.warn(msg, ExperimentalWarning)
/home/ssm-user/src/oq-engine/openquake/hazardlib/gsim/base.py:347: ExperimentalWarning: CanadaSHM6_ActiveCrust_BooreEtAl2014 is experimental and may change in future versions - the user is liable for their application
  warnings.warn(msg, ExperimentalWarning)
/home/ssm-user/src/oq-engine/openquake/hazardlib/gsim/base.py:347: ExperimentalWarning: CanadaSHM6_ActiveCrust_BooreEtAl2014 is experimental and may change in future versions - the user is liable for their application
  warnings.warn(msg, ExperimentalWarning)
/home/ssm-user/src/oq-engine/openquake/hazardlib/gsim/base.py:347: ExperimentalWarning: CanadaSHM6_ActiveCrust_BooreEtAl2014 is experimental and may change in future versions - the user is liable for their application
  warnings.warn(msg, ExperimentalWarning)
/home/ssm-user/src/oq-engine/openquake/hazardlib/gsim/base.py:347: ExperimentalWarning: CanadaSHM6_ActiveCrust_BooreEtAl2014 is experimental and may change in future versions - the user is liable for their application
  warnings.warn(msg, ExperimentalWarning)
/home/ssm-user/src/oq-engine/openquake/hazardlib/gsim/base.py:347: ExperimentalWarning: CanadaSHM6_ActiveCrust_BooreEtAl2014 is experimental and may change in future versions - the user is liable for their application
  warnings.warn(msg, ExperimentalWarning)
/home/ssm-user/src/oq-engine/openquake/hazardlib/gsim/base.py:347: ExperimentalWarning: CanadaSHM6_ActiveCrust_BooreEtAl2014 is experimental and may change in future versions - the user is liable for their application
  warnings.warn(msg, ExperimentalWarning)
/home/ssm-user/src/oq-engine/openquake/hazardlib/gsim/base.py:347: ExperimentalWarning: CanadaSHM6_ActiveCrust_BooreEtAl2014 is experimental and may change in future versions - the user is liable for their application
  warnings.warn(msg, ExperimentalWarning)
/home/ssm-user/src/oq-engine/openquake/hazardlib/gsim/base.py:347: ExperimentalWarning: CanadaSHM6_ActiveCrust_BooreEtAl2014 is experimental and may change in future versions - the user is liable for their application
  warnings.warn(msg, ExperimentalWarning)
/home/ssm-user/src/oq-engine/openquake/hazardlib/gsim/base.py:347: ExperimentalWarning: CanadaSHM6_ActiveCrust_BooreEtAl2014 is experimental and may change in future versions - the user is liable for their application
  warnings.warn(msg, ExperimentalWarning)
/home/ssm-user/src/oq-engine/openquake/hazardlib/gsim/base.py:347: ExperimentalWarning: CanadaSHM6_ActiveCrust_BooreEtAl2014 is experimental and may change in future versions - the user is liable for their application
  warnings.warn(msg, ExperimentalWarning)
/home/ssm-user/src/oq-engine/openquake/hazardlib/gsim/base.py:347: ExperimentalWarning: CanadaSHM6_ActiveCrust_BooreEtAl2014 is experimental and may change in future versions - the user is liable for their application
  warnings.warn(msg, ExperimentalWarning)
/home/ssm-user/src/oq-engine/openquake/hazardlib/gsim/base.py:347: ExperimentalWarning: CanadaSHM6_ActiveCrust_BooreEtAl2014 is experimental and may change in future versions - the user is liable for their application
  warnings.warn(msg, ExperimentalWarning)
/home/ssm-user/src/oq-engine/openquake/hazardlib/gsim/base.py:347: ExperimentalWarning: CanadaSHM6_ActiveCrust_BooreEtAl2014 is experimental and may change in future versions - the user is liable for their application
  warnings.warn(msg, ExperimentalWarning)
/home/ssm-user/src/oq-engine/openquake/hazardlib/gsim/base.py:347: ExperimentalWarning: CanadaSHM6_ActiveCrust_BooreEtAl2014 is experimental and may change in future versions - the user is liable for their application
  warnings.warn(msg, ExperimentalWarning)
/home/ssm-user/src/oq-engine/openquake/hazardlib/gsim/base.py:347: ExperimentalWarning: CanadaSHM6_ActiveCrust_BooreEtAl2014 is experimental and may change in future versions - the user is liable for their application
  warnings.warn(msg, ExperimentalWarning)
/home/ssm-user/src/oq-engine/openquake/hazardlib/gsim/base.py:347: ExperimentalWarning: CanadaSHM6_ActiveCrust_BooreEtAl2014 is experimental and may change in future versions - the user is liable for their application
  warnings.warn(msg, ExperimentalWarning)
/home/ssm-user/src/oq-engine/openquake/hazardlib/gsim/base.py:347: ExperimentalWarning: CanadaSHM6_ActiveCrust_BooreEtAl2014 is experimental and may change in future versions - the user is liable for their application
  warnings.warn(msg, ExperimentalWarning)
/home/ssm-user/src/oq-engine/openquake/hazardlib/gsim/base.py:347: ExperimentalWarning: CanadaSHM6_ActiveCrust_BooreEtAl2014 is experimental and may change in future versions - the user is liable for their application
  warnings.warn(msg, ExperimentalWarning)
/home/ssm-user/src/oq-engine/openquake/hazardlib/gsim/base.py:347: ExperimentalWarning: CanadaSHM6_ActiveCrust_BooreEtAl2014 is experimental and may change in future versions - the user is liable for their application
  warnings.warn(msg, ExperimentalWarning)
/home/ssm-user/src/oq-engine/openquake/hazardlib/gsim/base.py:347: ExperimentalWarning: CanadaSHM6_ActiveCrust_BooreEtAl2014 is experimental and may change in future versions - the user is liable for their application
  warnings.warn(msg, ExperimentalWarning)
/home/ssm-user/src/oq-engine/openquake/hazardlib/gsim/base.py:347: ExperimentalWarning: CanadaSHM6_ActiveCrust_BooreEtAl2014 is experimental and may change in future versions - the user is liable for their application
  warnings.warn(msg, ExperimentalWarning)
/home/ssm-user/src/oq-engine/openquake/hazardlib/gsim/base.py:347: ExperimentalWarning: CanadaSHM6_ActiveCrust_BooreEtAl2014 is experimental and may change in future versions - the user is liable for their application
  warnings.warn(msg, ExperimentalWarning)
/home/ssm-user/src/oq-engine/openquake/hazardlib/gsim/base.py:347: ExperimentalWarning: CanadaSHM6_ActiveCrust_BooreEtAl2014 is experimental and may change in future versions - the user is liable for their application
  warnings.warn(msg, ExperimentalWarning)
/home/ssm-user/src/oq-engine/openquake/hazardlib/gsim/base.py:347: ExperimentalWarning: CanadaSHM6_ActiveCrust_BooreEtAl2014 is experimental and may change in future versions - the user is liable for their application
  warnings.warn(msg, ExperimentalWarning)
/home/ssm-user/src/oq-engine/openquake/hazardlib/gsim/base.py:347: ExperimentalWarning: CanadaSHM6_ActiveCrust_BooreEtAl2014 is experimental and may change in future versions - the user is liable for their application
  warnings.warn(msg, ExperimentalWarning)
/home/ssm-user/src/oq-engine/openquake/hazardlib/gsim/base.py:347: ExperimentalWarning: CanadaSHM6_ActiveCrust_BooreEtAl2014 is experimental and may change in future versions - the user is liable for their application
  warnings.warn(msg, ExperimentalWarning)
/home/ssm-user/src/oq-engine/openquake/hazardlib/gsim/base.py:347: ExperimentalWarning: CanadaSHM6_ActiveCrust_BooreEtAl2014 is experimental and may change in future versions - the user is liable for their application
  warnings.warn(msg, ExperimentalWarning)
/home/ssm-user/src/oq-engine/openquake/hazardlib/gsim/base.py:347: ExperimentalWarning: CanadaSHM6_ActiveCrust_BooreEtAl2014 is experimental and may change in future versions - the user is liable for their application
  warnings.warn(msg, ExperimentalWarning)
/home/ssm-user/src/oq-engine/openquake/hazardlib/gsim/base.py:347: ExperimentalWarning: CanadaSHM6_ActiveCrust_BooreEtAl2014 is experimental and may change in future versions - the user is liable for their application
  warnings.warn(msg, ExperimentalWarning)
/home/ssm-user/src/oq-engine/openquake/hazardlib/gsim/base.py:347: ExperimentalWarning: CanadaSHM6_ActiveCrust_BooreEtAl2014 is experimental and may change in future versions - the user is liable for their application
  warnings.warn(msg, ExperimentalWarning)
/home/ssm-user/src/oq-engine/openquake/hazardlib/gsim/base.py:347: ExperimentalWarning: CanadaSHM6_ActiveCrust_BooreEtAl2014 is experimental and may change in future versions - the user is liable for their application
  warnings.warn(msg, ExperimentalWarning)
/home/ssm-user/src/oq-engine/openquake/hazardlib/gsim/base.py:347: ExperimentalWarning: CanadaSHM6_ActiveCrust_BooreEtAl2014 is experimental and may change in future versions - the user is liable for their application
  warnings.warn(msg, ExperimentalWarning)
/home/ssm-user/src/oq-engine/openquake/hazardlib/gsim/base.py:347: ExperimentalWarning: CanadaSHM6_ActiveCrust_BooreEtAl2014 is experimental and may change in future versions - the user is liable for their application
  warnings.warn(msg, ExperimentalWarning)
/home/ssm-user/src/oq-engine/openquake/hazardlib/gsim/base.py:347: ExperimentalWarning: CanadaSHM6_ActiveCrust_BooreEtAl2014 is experimental and may change in future versions - the user is liable for their application
  warnings.warn(msg, ExperimentalWarning)
/home/ssm-user/src/oq-engine/openquake/hazardlib/gsim/base.py:347: ExperimentalWarning: CanadaSHM6_ActiveCrust_BooreEtAl2014 is experimental and may change in future versions - the user is liable for their application
  warnings.warn(msg, ExperimentalWarning)
/home/ssm-user/src/oq-engine/openquake/hazardlib/gsim/base.py:347: ExperimentalWarning: CanadaSHM6_ActiveCrust_BooreEtAl2014 is experimental and may change in future versions - the user is liable for their application
  warnings.warn(msg, ExperimentalWarning)
/home/ssm-user/src/oq-engine/openquake/hazardlib/gsim/base.py:347: ExperimentalWarning: CanadaSHM6_ActiveCrust_BooreEtAl2014 is experimental and may change in future versions - the user is liable for their application
  warnings.warn(msg, ExperimentalWarning)
/home/ssm-user/src/oq-engine/openquake/hazardlib/gsim/base.py:347: ExperimentalWarning: CanadaSHM6_ActiveCrust_BooreEtAl2014 is experimental and may change in future versions - the user is liable for their application
  warnings.warn(msg, ExperimentalWarning)
/home/ssm-user/src/oq-engine/openquake/hazardlib/gsim/base.py:347: ExperimentalWarning: CanadaSHM6_ActiveCrust_BooreEtAl2014 is experimental and may change in future versions - the user is liable for their application
  warnings.warn(msg, ExperimentalWarning)
/home/ssm-user/src/oq-engine/openquake/hazardlib/gsim/base.py:347: ExperimentalWarning: CanadaSHM6_ActiveCrust_BooreEtAl2014 is experimental and may change in future versions - the user is liable for their application
  warnings.warn(msg, ExperimentalWarning)
/home/ssm-user/src/oq-engine/openquake/hazardlib/gsim/base.py:347: ExperimentalWarning: CanadaSHM6_ActiveCrust_BooreEtAl2014 is experimental and may change in future versions - the user is liable for their application
  warnings.warn(msg, ExperimentalWarning)
/home/ssm-user/src/oq-engine/openquake/hazardlib/gsim/base.py:347: ExperimentalWarning: CanadaSHM6_ActiveCrust_BooreEtAl2014 is experimental and may change in future versions - the user is liable for their application
  warnings.warn(msg, ExperimentalWarning)
/home/ssm-user/src/oq-engine/openquake/hazardlib/gsim/base.py:347: ExperimentalWarning: CanadaSHM6_ActiveCrust_BooreEtAl2014 is experimental and may change in future versions - the user is liable for their application
  warnings.warn(msg, ExperimentalWarning)
/home/ssm-user/src/oq-engine/openquake/hazardlib/gsim/base.py:347: ExperimentalWarning: CanadaSHM6_ActiveCrust_BooreEtAl2014 is experimental and may change in future versions - the user is liable for their application
  warnings.warn(msg, ExperimentalWarning)
/home/ssm-user/src/oq-engine/openquake/hazardlib/gsim/base.py:347: ExperimentalWarning: CanadaSHM6_ActiveCrust_BooreEtAl2014 is experimental and may change in future versions - the user is liable for their application
  warnings.warn(msg, ExperimentalWarning)
/home/ssm-user/src/oq-engine/openquake/hazardlib/gsim/base.py:347: ExperimentalWarning: CanadaSHM6_ActiveCrust_BooreEtAl2014 is experimental and may change in future versions - the user is liable for their application
  warnings.warn(msg, ExperimentalWarning)
/home/ssm-user/src/oq-engine/openquake/hazardlib/gsim/base.py:347: ExperimentalWarning: CanadaSHM6_ActiveCrust_BooreEtAl2014 is experimental and may change in future versions - the user is liable for their application
  warnings.warn(msg, ExperimentalWarning)
/home/ssm-user/src/oq-engine/openquake/hazardlib/gsim/base.py:347: ExperimentalWarning: CanadaSHM6_ActiveCrust_BooreEtAl2014 is experimental and may change in future versions - the user is liable for their application
  warnings.warn(msg, ExperimentalWarning)
/home/ssm-user/src/oq-engine/openquake/hazardlib/gsim/base.py:347: ExperimentalWarning: CanadaSHM6_ActiveCrust_BooreEtAl2014 is experimental and may change in future versions - the user is liable for their application
  warnings.warn(msg, ExperimentalWarning)
/home/ssm-user/src/oq-engine/openquake/hazardlib/gsim/base.py:347: ExperimentalWarning: CanadaSHM6_ActiveCrust_BooreEtAl2014 is experimental and may change in future versions - the user is liable for their application
  warnings.warn(msg, ExperimentalWarning)
/home/ssm-user/src/oq-engine/openquake/hazardlib/gsim/base.py:347: ExperimentalWarning: CanadaSHM6_ActiveCrust_BooreEtAl2014 is experimental and may change in future versions - the user is liable for their application
  warnings.warn(msg, ExperimentalWarning)
/home/ssm-user/src/oq-engine/openquake/hazardlib/gsim/base.py:347: ExperimentalWarning: CanadaSHM6_ActiveCrust_BooreEtAl2014 is experimental and may change in future versions - the user is liable for their application
  warnings.warn(msg, ExperimentalWarning)
/home/ssm-user/src/oq-engine/openquake/hazardlib/gsim/base.py:347: ExperimentalWarning: CanadaSHM6_ActiveCrust_BooreEtAl2014 is experimental and may change in future versions - the user is liable for their application
  warnings.warn(msg, ExperimentalWarning)
/home/ssm-user/src/oq-engine/openquake/hazardlib/gsim/base.py:347: ExperimentalWarning: CanadaSHM6_ActiveCrust_BooreEtAl2014 is experimental and may change in future versions - the user is liable for their application
  warnings.warn(msg, ExperimentalWarning)
/home/ssm-user/src/oq-engine/openquake/hazardlib/gsim/base.py:347: ExperimentalWarning: CanadaSHM6_ActiveCrust_BooreEtAl2014 is experimental and may change in future versions - the user is liable for their application
  warnings.warn(msg, ExperimentalWarning)
/home/ssm-user/src/oq-engine/openquake/hazardlib/gsim/base.py:347: ExperimentalWarning: CanadaSHM6_ActiveCrust_BooreEtAl2014 is experimental and may change in future versions - the user is liable for their application
  warnings.warn(msg, ExperimentalWarning)
/home/ssm-user/src/oq-engine/openquake/hazardlib/gsim/base.py:347: ExperimentalWarning: CanadaSHM6_ActiveCrust_BooreEtAl2014 is experimental and may change in future versions - the user is liable for their application
  warnings.warn(msg, ExperimentalWarning)
/home/ssm-user/src/oq-engine/openquake/hazardlib/gsim/base.py:347: ExperimentalWarning: CanadaSHM6_ActiveCrust_BooreEtAl2014 is experimental and may change in future versions - the user is liable for their application
  warnings.warn(msg, ExperimentalWarning)
/home/ssm-user/src/oq-engine/openquake/hazardlib/gsim/base.py:347: ExperimentalWarning: CanadaSHM6_ActiveCrust_BooreEtAl2014 is experimental and may change in future versions - the user is liable for their application
  warnings.warn(msg, ExperimentalWarning)
/home/ssm-user/src/oq-engine/openquake/hazardlib/gsim/base.py:347: ExperimentalWarning: CanadaSHM6_ActiveCrust_BooreEtAl2014 is experimental and may change in future versions - the user is liable for their application
  warnings.warn(msg, ExperimentalWarning)
/home/ssm-user/src/oq-engine/openquake/hazardlib/gsim/base.py:347: ExperimentalWarning: CanadaSHM6_ActiveCrust_BooreEtAl2014 is experimental and may change in future versions - the user is liable for their application
  warnings.warn(msg, ExperimentalWarning)
/home/ssm-user/src/oq-engine/openquake/hazardlib/gsim/base.py:347: ExperimentalWarning: CanadaSHM6_ActiveCrust_BooreEtAl2014 is experimental and may change in future versions - the user is liable for their application
  warnings.warn(msg, ExperimentalWarning)
/home/ssm-user/src/oq-engine/openquake/hazardlib/gsim/base.py:347: ExperimentalWarning: CanadaSHM6_ActiveCrust_BooreEtAl2014 is experimental and may change in future versions - the user is liable for their application
  warnings.warn(msg, ExperimentalWarning)
/home/ssm-user/src/oq-engine/openquake/hazardlib/gsim/base.py:347: ExperimentalWarning: CanadaSHM6_ActiveCrust_BooreEtAl2014 is experimental and may change in future versions - the user is liable for their application
  warnings.warn(msg, ExperimentalWarning)
/home/ssm-user/src/oq-engine/openquake/hazardlib/gsim/base.py:347: ExperimentalWarning: CanadaSHM6_ActiveCrust_BooreEtAl2014 is experimental and may change in future versions - the user is liable for their application
  warnings.warn(msg, ExperimentalWarning)
[2021-12-07 13:00:56 #214 INFO] Stopping the workers
  id | name
1233 | Aggregate Event Losses
1232 | Aggregate Loss Curves Statistics
1234 | Aggregate Losses Statistics
1235 | Average Asset Losses Statistics
1236 | Full Report
1237 | Realizations
1238 | Source Loss Table
