[2020-10-16 21:38:16 #1244 INFO] murray.journeay running /mnt/data/shared/canada-2020/canada-srm2/ebRisk/input/ebRisk_r2_ON3510.ini [--hc=None]
[2020-10-16 21:38:17 #1244 INFO] Using engine version 3.11.0-git4f03c56
[2020-10-16 21:38:17 #1244 WARNING] Using 64 cores on gem-compute
[2020-10-16 21:38:17 #1244 INFO] Validated nationalModel.xml in 0.01 seconds
[2020-10-16 21:38:17 #1244 INFO] Checksum of the input files: 2804627169
[2020-10-16 21:38:17 #1244 INFO] Reading the risk model if present
[2020-10-16 21:38:30 #1244 INFO] Reading /mnt/data/shared/canada-2020/model-inputs/exposure/general-building-stock/oqBldgExp_ON3510.xml
[2020-10-16 21:38:38 #1244 INFO] Extracting the hazard sites from the site model
[2020-10-16 21:38:40 #1244 INFO] Associated 82223 assets to 10123 sites
[2020-10-16 21:38:44 #1244 INFO] Reducing risk model from 7260 to 525 taxonomies
[2020-10-16 21:38:46 #1244 INFO] Considering 50 logic tree paths out of 24_576
[2020-10-16 21:38:46 #1244 INFO] 6 effective smlt realization(s)
[2020-10-16 21:38:46 #1244 INFO] Reading the source model(s) in parallel
[2020-10-16 21:38:49 #1244 INFO] read_source_model  16% [6 submitted, 0 queued]
[2020-10-16 21:38:49 #1244 INFO] read_source_model  33% [6 submitted, 0 queued]
[2020-10-16 21:38:49 #1244 INFO] read_source_model  50% [6 submitted, 0 queued]
[2020-10-16 21:38:49 #1244 INFO] read_source_model  66% [6 submitted, 0 queued]
[2020-10-16 21:38:49 #1244 INFO] read_source_model  83% [6 submitted, 0 queued]
[2020-10-16 21:38:49 #1244 INFO] read_source_model 100% [6 submitted, 0 queued]
[2020-10-16 21:38:49 #1244 INFO] Received {'/mnt/data/shared/canada-2020/CanadaSHM6/OpenQuake_model_files/sources/nationalModel/xml/simplifiedModel/WCan_HYeast_Harctic_simplified_collapsedRates.xml': '141.06 KB', '/mnt/data/shared/canada-2020/CanadaSHM6/OpenQuake_model_files/sources/nationalModel/xml/simplifiedModel/WCan_H2east_Harctic_simplified_collapsedRates.xml': '135.23 KB', '/mnt/data/shared/canada-2020/CanadaSHM6/OpenQuake_model_files/sources/nationalModel/xml/simplifiedModel/WCan_HYeast_Rarctic_simplified_collapsedRates.xml': '134.61 KB', '/mnt/data/shared/canada-2020/CanadaSHM6/OpenQuake_model_files/sources/nationalModel/xml/simplifiedModel/WCan_H2east_Rarctic_simplified_collapsedRates.xml': '128.78 KB', '/mnt/data/shared/canada-2020/CanadaSHM6/OpenQuake_model_files/sources/nationalModel/xml/simplifiedModel/WCan_R2east_Harctic_simplified_collapsedRates.xml': '119.91 KB', '/mnt/data/shared/canada-2020/CanadaSHM6/OpenQuake_model_files/sources/nationalModel/xml/simplifiedModel/WCan_R2east_Rarctic_simplified_collapsedRates.xml': '113.68 KB'} in 1 seconds
[2020-10-16 21:38:49 #1244 WARNING] There are multiple different sources with the same ID [<AreaSource SCCCT>, <AreaSource SCCCT>, <AreaSource SCCCT>, <AreaSource SCCCT>, <AreaSource SCCCT>, <AreaSource SCCCT>]
[2020-10-16 21:40:20 #1244 INFO] There are 195 sources
[2020-10-16 21:40:20 #1244 INFO] Checking the sources bounding box
[2020-10-16 21:40:20 #1244 ERROR] source ACM: The buffer of 600 km is too large, the bounding box is larger than half the globe: 219 degrees
[2020-10-16 21:40:20 #1244 INFO] Rupture floating factor = 1.6265060240963856
[2020-10-16 21:40:20 #1244 INFO] Rupture spinning factor = 3.2710843373493974
[2020-10-16 21:40:20 #1244 INFO] gzipping the input files
[2020-10-16 21:40:23 #1244 INFO] Storing risk model
[2020-10-16 21:40:26 #1244 INFO] minimum_intensity={'SA(0.3)': 0.1, 'SA(0.6)': 0.05, 'SA(1.0)': 0.05, 'SA(2.0)': 0.05, 'SA(0.5)': 0.1}
[2020-10-16 21:40:26 #1244 INFO] Building ruptures
[2020-10-16 21:40:26 #1244 INFO] Sending <SourceGroup Subduction IntraSlab30, 1 source(s)>
[2020-10-16 21:40:26 #1244 INFO] Sending <SourceGroup Subduction IntraSlab55, 4 source(s)>
[2020-10-16 21:40:26 #1244 INFO] Sending <SourceGroup Subduction Interface, 13 source(s)>
[2020-10-16 21:40:26 #1244 INFO] Sending <SourceGroup Stable Shallow Crust, 120 source(s)>
[2020-10-16 21:40:26 #1244 INFO] Sending <SourceGroup Active Shallow Crust, 59 source(s)>
[2020-10-16 21:40:28 #1244 INFO] Sent 64 tasks, 89.84 MB in 0 seconds
[2020-10-16 21:40:29 #1244 INFO] sample_ruptures   1% [65 submitted, 19 queued]
[2020-10-16 21:40:29 #1244 INFO] sample_ruptures   2% [66 submitted, 18 queued]
[2020-10-16 21:40:29 #1244 INFO] sample_ruptures   3% [67 submitted, 17 queued]
[2020-10-16 21:40:29 #1244 INFO] sample_ruptures   4% [68 submitted, 16 queued]
[2020-10-16 21:40:30 #1244 INFO] sample_ruptures   5% [69 submitted, 15 queued]
[2020-10-16 21:40:30 #1244 INFO] sample_ruptures   7% [70 submitted, 14 queued]
[2020-10-16 21:40:30 #1244 INFO] sample_ruptures   8% [71 submitted, 13 queued]
[2020-10-16 21:40:30 #1244 INFO] sample_ruptures   9% [72 submitted, 12 queued]
[2020-10-16 21:40:30 #1244 INFO] sample_ruptures  10% [73 submitted, 11 queued]
[2020-10-16 21:40:30 #1244 INFO] sample_ruptures  11% [74 submitted, 10 queued]
[2020-10-16 21:40:30 #1244 INFO] sample_ruptures  13% [75 submitted, 9 queued]
[2020-10-16 21:40:30 #1244 INFO] sample_ruptures  14% [76 submitted, 8 queued]
[2020-10-16 21:40:30 #1244 INFO] sample_ruptures  15% [77 submitted, 7 queued]
[2020-10-16 21:40:30 #1244 INFO] sample_ruptures  16% [78 submitted, 6 queued]
[2020-10-16 21:40:30 #1244 INFO] sample_ruptures  17% [79 submitted, 5 queued]
[2020-10-16 21:40:30 #1244 INFO] sample_ruptures  19% [80 submitted, 4 queued]
[2020-10-16 21:40:30 #1244 INFO] sample_ruptures  20% [81 submitted, 3 queued]
[2020-10-16 21:40:30 #1244 INFO] sample_ruptures  21% [82 submitted, 2 queued]
[2020-10-16 21:40:30 #1244 INFO] sample_ruptures  22% [83 submitted, 1 queued]
[2020-10-16 21:40:30 #1244 INFO] sample_ruptures  23% [84 submitted, 0 queued]
[2020-10-16 21:40:31 #1244 INFO] sample_ruptures  25% [84 submitted, 0 queued]
[2020-10-16 21:40:31 #1244 INFO] sample_ruptures  26% [84 submitted, 0 queued]
[2020-10-16 21:40:31 #1244 INFO] sample_ruptures  27% [84 submitted, 0 queued]
[2020-10-16 21:40:31 #1244 INFO] sample_ruptures  28% [84 submitted, 0 queued]
[2020-10-16 21:40:31 #1244 INFO] sample_ruptures  29% [84 submitted, 0 queued]
[2020-10-16 21:40:31 #1244 INFO] sample_ruptures  30% [84 submitted, 0 queued]
[2020-10-16 21:40:31 #1244 INFO] sample_ruptures  32% [84 submitted, 0 queued]
[2020-10-16 21:40:31 #1244 INFO] sample_ruptures  33% [84 submitted, 0 queued]
[2020-10-16 21:40:31 #1244 INFO] sample_ruptures  34% [84 submitted, 0 queued]
[2020-10-16 21:40:31 #1244 INFO] sample_ruptures  35% [84 submitted, 0 queued]
[2020-10-16 21:40:31 #1244 INFO] sample_ruptures  36% [84 submitted, 0 queued]
[2020-10-16 21:40:31 #1244 INFO] sample_ruptures  38% [84 submitted, 0 queued]
[2020-10-16 21:40:31 #1244 INFO] sample_ruptures  39% [84 submitted, 0 queued]
[2020-10-16 21:40:31 #1244 INFO] sample_ruptures  40% [84 submitted, 0 queued]
[2020-10-16 21:40:31 #1244 INFO] sample_ruptures  41% [84 submitted, 0 queued]
[2020-10-16 21:40:31 #1244 INFO] sample_ruptures  42% [84 submitted, 0 queued]
[2020-10-16 21:40:31 #1244 INFO] sample_ruptures  44% [84 submitted, 0 queued]
[2020-10-16 21:40:31 #1244 INFO] sample_ruptures  45% [84 submitted, 0 queued]
[2020-10-16 21:40:31 #1244 INFO] sample_ruptures  46% [84 submitted, 0 queued]
[2020-10-16 21:40:31 #1244 INFO] sample_ruptures  47% [84 submitted, 0 queued]
[2020-10-16 21:40:31 #1244 INFO] sample_ruptures  48% [84 submitted, 0 queued]
[2020-10-16 21:40:31 #1244 INFO] sample_ruptures  50% [84 submitted, 0 queued]
[2020-10-16 21:40:32 #1244 INFO] sample_ruptures  51% [84 submitted, 0 queued]
[2020-10-16 21:40:32 #1244 INFO] sample_ruptures  52% [84 submitted, 0 queued]
[2020-10-16 21:40:32 #1244 INFO] sample_ruptures  53% [84 submitted, 0 queued]
[2020-10-16 21:40:34 #1244 INFO] sample_ruptures  54% [84 submitted, 0 queued]
[2020-10-16 21:40:37 #1244 INFO] sample_ruptures  55% [84 submitted, 0 queued]
[2020-10-16 21:40:38 #1244 INFO] sample_ruptures  57% [84 submitted, 0 queued]
[2020-10-16 21:40:39 #1244 INFO] sample_ruptures  58% [84 submitted, 0 queued]
[2020-10-16 21:40:41 #1244 INFO] sample_ruptures  59% [84 submitted, 0 queued]
[2020-10-16 21:40:41 #1244 INFO] sample_ruptures  60% [84 submitted, 0 queued]
[2020-10-16 21:40:42 #1244 INFO] sample_ruptures  61% [84 submitted, 0 queued]
[2020-10-16 21:40:43 #1244 INFO] sample_ruptures  63% [84 submitted, 0 queued]
[2020-10-16 21:40:44 #1244 INFO] sample_ruptures  64% [84 submitted, 0 queued]
[2020-10-16 21:40:44 #1244 INFO] sample_ruptures  65% [84 submitted, 0 queued]
[2020-10-16 21:40:46 #1244 INFO] sample_ruptures  66% [84 submitted, 0 queued]
[2020-10-16 21:40:47 #1244 INFO] sample_ruptures  67% [84 submitted, 0 queued]
[2020-10-16 21:40:47 #1244 INFO] sample_ruptures  69% [84 submitted, 0 queued]
[2020-10-16 21:40:48 #1244 INFO] sample_ruptures  70% [84 submitted, 0 queued]
[2020-10-16 21:40:51 #1244 INFO] sample_ruptures  71% [84 submitted, 0 queued]
[2020-10-16 21:40:51 #1244 INFO] sample_ruptures  72% [84 submitted, 0 queued]
[2020-10-16 21:40:52 #1244 INFO] sample_ruptures  73% [84 submitted, 0 queued]
[2020-10-16 21:40:52 #1244 INFO] sample_ruptures  75% [84 submitted, 0 queued]
[2020-10-16 21:40:52 #1244 INFO] sample_ruptures  76% [84 submitted, 0 queued]
[2020-10-16 21:40:53 #1244 INFO] sample_ruptures  77% [84 submitted, 0 queued]
[2020-10-16 21:40:53 #1244 INFO] sample_ruptures  78% [84 submitted, 0 queued]
[2020-10-16 21:40:54 #1244 INFO] sample_ruptures  79% [84 submitted, 0 queued]
[2020-10-16 21:40:54 #1244 INFO] sample_ruptures  80% [84 submitted, 0 queued]
[2020-10-16 21:40:57 #1244 INFO] sample_ruptures  82% [84 submitted, 0 queued]
[2020-10-16 21:41:01 #1244 INFO] sample_ruptures  83% [84 submitted, 0 queued]
[2020-10-16 21:41:05 #1244 INFO] sample_ruptures  84% [84 submitted, 0 queued]
[2020-10-16 21:41:06 #1244 INFO] sample_ruptures  85% [84 submitted, 0 queued]
[2020-10-16 21:41:10 #1244 INFO] sample_ruptures  86% [84 submitted, 0 queued]
[2020-10-16 21:41:18 #1244 INFO] sample_ruptures  88% [84 submitted, 0 queued]
[2020-10-16 21:41:19 #1244 INFO] sample_ruptures  89% [84 submitted, 0 queued]
[2020-10-16 21:41:21 #1244 INFO] sample_ruptures  90% [84 submitted, 0 queued]
[2020-10-16 21:41:22 #1244 INFO] sample_ruptures  91% [84 submitted, 0 queued]
[2020-10-16 21:41:25 #1244 INFO] sample_ruptures  92% [84 submitted, 0 queued]
[2020-10-16 21:41:26 #1244 INFO] sample_ruptures  94% [84 submitted, 0 queued]
[2020-10-16 21:41:43 #1244 INFO] sample_ruptures  95% [84 submitted, 0 queued]
[2020-10-16 21:42:00 #1244 INFO] sample_ruptures  96% [84 submitted, 0 queued]
[2020-10-16 21:42:03 #1244 INFO] sample_ruptures  97% [84 submitted, 0 queued]
[2020-10-16 21:42:11 #1244 INFO] sample_ruptures  98% [84 submitted, 0 queued]
[2020-10-16 21:42:53 #1244 INFO] sample_ruptures 100% [84 submitted, 0 queued]
[2020-10-16 21:42:53 #1244 INFO] Received {'rup_array': '65.5 MB', 'calc_times': '22.12 KB', 'eff_ruptures': '3.8 KB'} in 145 seconds
[2020-10-16 21:42:53 #1244 INFO] There are 50 realization(s)
[2020-10-16 21:42:54 #1244 INFO] Reordering the ruptures and storing the events
[2020-10-16 21:42:54 #1244 INFO] Associating event_id -> rlz_id for 564_791 events and 351_861 ruptures
[2020-10-16 21:43:04 #1244 INFO] Sent 132 tasks, 38.04 MB in 9 seconds
[2020-10-16 21:43:06 #1244 INFO] Received {'tot': '5.42 MB'} in 2 seconds
[2020-10-16 21:43:10 #1244 INFO] minimum_asset_loss={'contents': 0, 'nonstructural': 0, 'structural': 0}
[2020-10-16 21:43:13 #1244 INFO] minimum_intensity={'SA(0.3)': 0.1, 'SA(0.6)': 0.05, 'SA(1.0)': 0.05, 'SA(2.0)': 0.05, 'SA(0.5)': 0.1}
[2020-10-16 21:43:13 #1244 INFO] Sending 351_861 ruptures
[2020-10-16 21:43:31 #1244 INFO] Sent 132 tasks, 82.19 MB in 16 seconds
[2020-10-16 21:45:18 #1244 INFO] start_ebrisk   1% [172 submitted, 0 queued]
[2020-10-16 21:46:58 #1244 INFO] start_ebrisk   2% [173 submitted, 0 queued]
[2020-10-16 21:47:10 #1244 INFO] start_ebrisk   3% [173 submitted, 0 queued]
[2020-10-16 21:47:19 #1244 INFO] start_ebrisk   4% [174 submitted, 0 queued]
[2020-10-16 21:47:31 #1244 INFO] start_ebrisk   5% [175 submitted, 0 queued]
[2020-10-16 21:47:53 #1244 INFO] start_ebrisk   6% [178 submitted, 0 queued]
[2020-10-16 21:48:03 #1244 INFO] start_ebrisk   7% [179 submitted, 0 queued]
[2020-10-16 21:48:11 #1244 INFO] start_ebrisk   8% [181 submitted, 0 queued]
[2020-10-16 21:48:21 #1244 INFO] start_ebrisk   9% [183 submitted, 0 queued]
[2020-10-16 21:48:36 #1244 INFO] start_ebrisk  10% [184 submitted, 0 queued]
[2020-10-16 21:48:53 #1244 INFO] start_ebrisk  11% [186 submitted, 0 queued]
[2020-10-16 21:48:58 #1244 INFO] start_ebrisk  12% [186 submitted, 0 queued]
[2020-10-16 21:49:08 #1244 INFO] start_ebrisk  13% [188 submitted, 0 queued]
[2020-10-16 21:49:21 #1244 INFO] start_ebrisk  14% [188 submitted, 0 queued]
[2020-10-16 21:49:25 #1244 INFO] start_ebrisk  15% [188 submitted, 0 queued]
[2020-10-16 21:49:25 #1244 INFO] start_ebrisk  16% [189 submitted, 0 queued]
[2020-10-16 21:49:42 #1244 INFO] start_ebrisk  17% [193 submitted, 0 queued]
[2020-10-16 21:49:45 #1244 INFO] start_ebrisk  18% [193 submitted, 0 queued]
[2020-10-16 21:50:08 #1244 INFO] start_ebrisk  19% [194 submitted, 0 queued]
[2020-10-16 21:50:49 #1244 INFO] start_ebrisk  20% [195 submitted, 0 queued]
[2020-10-16 21:51:17 #1244 INFO] start_ebrisk  21% [197 submitted, 0 queued]
[2020-10-16 21:51:41 #1244 INFO] start_ebrisk  22% [198 submitted, 0 queued]
[2020-10-16 21:52:11 #1244 INFO] start_ebrisk  23% [199 submitted, 0 queued]
[2020-10-16 21:52:50 #1244 INFO] start_ebrisk  24% [202 submitted, 0 queued]
[2020-10-16 21:53:00 #1244 INFO] start_ebrisk  25% [202 submitted, 0 queued]
[2020-10-16 21:53:15 #1244 INFO] start_ebrisk  26% [203 submitted, 0 queued]
[2020-10-16 21:53:41 #1244 INFO] start_ebrisk  27% [203 submitted, 0 queued]
[2020-10-16 21:54:16 #1244 INFO] start_ebrisk  28% [206 submitted, 0 queued]
[2020-10-16 21:54:37 #1244 INFO] start_ebrisk  29% [206 submitted, 0 queued]
[2020-10-16 21:55:35 #1244 INFO] start_ebrisk  30% [210 submitted, 0 queued]
[2020-10-16 21:56:08 #1244 INFO] start_ebrisk  31% [211 submitted, 0 queued]
[2020-10-16 21:56:20 #1244 INFO] start_ebrisk  32% [211 submitted, 0 queued]
[2020-10-16 21:56:44 #1244 INFO] start_ebrisk  33% [212 submitted, 0 queued]
[2020-10-16 21:57:08 #1244 INFO] start_ebrisk  34% [212 submitted, 0 queued]
[2020-10-16 21:57:16 #1244 INFO] start_ebrisk  35% [212 submitted, 0 queued]
[2020-10-16 21:57:45 #1244 INFO] start_ebrisk  36% [212 submitted, 0 queued]
[2020-10-16 21:58:13 #1244 INFO] start_ebrisk  37% [212 submitted, 0 queued]
[2020-10-16 21:58:47 #1244 INFO] start_ebrisk  38% [212 submitted, 0 queued]
[2020-10-16 21:59:04 #1244 INFO] start_ebrisk  39% [212 submitted, 0 queued]
[2020-10-16 21:59:33 #1244 INFO] start_ebrisk  40% [212 submitted, 0 queued]
[2020-10-16 22:00:17 #1244 INFO] start_ebrisk  41% [212 submitted, 0 queued]
[2020-10-16 22:01:02 #1244 INFO] start_ebrisk  42% [212 submitted, 0 queued]
[2020-10-16 22:01:47 #1244 INFO] start_ebrisk  43% [212 submitted, 0 queued]
[2020-10-16 22:03:13 #1244 INFO] start_ebrisk  44% [212 submitted, 0 queued]
[2020-10-16 22:04:49 #1244 INFO] start_ebrisk  45% [212 submitted, 0 queued]
[2020-10-16 22:06:03 #1244 INFO] start_ebrisk  46% [212 submitted, 0 queued]
[2020-10-16 22:07:25 #1244 INFO] start_ebrisk  47% [212 submitted, 0 queued]
[2020-10-16 22:08:50 #1244 INFO] start_ebrisk  48% [212 submitted, 0 queued]
[2020-10-16 22:09:47 #1244 INFO] start_ebrisk  49% [212 submitted, 0 queued]
[2020-10-16 22:10:56 #1244 INFO] start_ebrisk  50% [212 submitted, 0 queued]
[2020-10-16 22:12:41 #1244 INFO] start_ebrisk  51% [212 submitted, 0 queued]
[2020-10-16 22:13:02 #1244 INFO] start_ebrisk  52% [212 submitted, 0 queued]
[2020-10-16 22:15:00 #1244 INFO] start_ebrisk  53% [212 submitted, 0 queued]
[2020-10-16 22:16:18 #1244 INFO] start_ebrisk  54% [212 submitted, 0 queued]
[2020-10-16 22:17:23 #1244 INFO] start_ebrisk  55% [212 submitted, 0 queued]
[2020-10-16 22:17:35 #1244 INFO] start_ebrisk  56% [212 submitted, 0 queued]
[2020-10-16 22:18:36 #1244 INFO] start_ebrisk  57% [212 submitted, 0 queued]
[2020-10-16 22:19:55 #1244 INFO] start_ebrisk  58% [212 submitted, 0 queued]
[2020-10-16 22:20:46 #1244 INFO] start_ebrisk  59% [212 submitted, 0 queued]
[2020-10-16 22:21:48 #1244 INFO] start_ebrisk  60% [212 submitted, 0 queued]
[2020-10-16 22:22:04 #1244 INFO] start_ebrisk  61% [212 submitted, 0 queued]
[2020-10-16 22:24:20 #1244 INFO] start_ebrisk  62% [212 submitted, 0 queued]
[2020-10-16 22:24:34 #1244 INFO] start_ebrisk  63% [212 submitted, 0 queued]
[2020-10-16 22:25:08 #1244 INFO] start_ebrisk  64% [212 submitted, 0 queued]
[2020-10-16 22:26:12 #1244 INFO] start_ebrisk  65% [212 submitted, 0 queued]
[2020-10-16 22:26:35 #1244 INFO] start_ebrisk  66% [212 submitted, 0 queued]
[2020-10-16 22:27:33 #1244 INFO] start_ebrisk  67% [212 submitted, 0 queued]
[2020-10-16 22:28:28 #1244 INFO] start_ebrisk  68% [212 submitted, 0 queued]
[2020-10-16 22:29:13 #1244 INFO] start_ebrisk  69% [212 submitted, 0 queued]
[2020-10-16 22:29:52 #1244 INFO] start_ebrisk  70% [212 submitted, 0 queued]
[2020-10-16 22:30:07 #1244 INFO] start_ebrisk  71% [212 submitted, 0 queued]
[2020-10-16 22:31:59 #1244 INFO] start_ebrisk  72% [212 submitted, 0 queued]
[2020-10-16 22:32:32 #1244 INFO] start_ebrisk  73% [212 submitted, 0 queued]
[2020-10-16 22:33:07 #1244 INFO] start_ebrisk  74% [212 submitted, 0 queued]
[2020-10-16 22:33:28 #1244 INFO] start_ebrisk  75% [212 submitted, 0 queued]
[2020-10-16 22:33:54 #1244 INFO] start_ebrisk  76% [212 submitted, 0 queued]
[2020-10-16 22:34:12 #1244 INFO] start_ebrisk  77% [212 submitted, 0 queued]
[2020-10-16 22:35:14 #1244 INFO] start_ebrisk  78% [212 submitted, 0 queued]
[2020-10-16 22:35:32 #1244 INFO] start_ebrisk  79% [212 submitted, 0 queued]
[2020-10-16 22:36:07 #1244 INFO] start_ebrisk  80% [212 submitted, 0 queued]
[2020-10-16 22:36:43 #1244 INFO] start_ebrisk  81% [212 submitted, 0 queued]
[2020-10-16 22:37:00 #1244 INFO] start_ebrisk  82% [212 submitted, 0 queued]
[2020-10-16 22:37:51 #1244 INFO] start_ebrisk  83% [212 submitted, 0 queued]
[2020-10-16 22:38:33 #1244 INFO] start_ebrisk  84% [212 submitted, 0 queued]
[2020-10-16 22:38:41 #1244 INFO] start_ebrisk  85% [212 submitted, 0 queued]
[2020-10-16 22:38:57 #1244 INFO] start_ebrisk  86% [212 submitted, 0 queued]
[2020-10-16 22:39:50 #1244 INFO] start_ebrisk  87% [212 submitted, 0 queued]
[2020-10-16 22:40:16 #1244 INFO] start_ebrisk  88% [212 submitted, 0 queued]
[2020-10-16 22:40:55 #1244 INFO] start_ebrisk  89% [212 submitted, 0 queued]
[2020-10-16 22:41:46 #1244 INFO] start_ebrisk  90% [212 submitted, 0 queued]
[2020-10-16 22:42:07 #1244 INFO] start_ebrisk  91% [212 submitted, 0 queued]
[2020-10-16 22:42:37 #1244 INFO] start_ebrisk  92% [212 submitted, 0 queued]
[2020-10-16 22:42:52 #1244 INFO] start_ebrisk  93% [212 submitted, 0 queued]
[2020-10-16 22:43:36 #1244 INFO] start_ebrisk  94% [212 submitted, 0 queued]
[2020-10-16 22:44:29 #1244 INFO] start_ebrisk  95% [212 submitted, 0 queued]
[2020-10-16 22:45:06 #1244 INFO] start_ebrisk  96% [212 submitted, 0 queued]
[2020-10-16 22:45:34 #1244 INFO] start_ebrisk  97% [212 submitted, 0 queued]
[2020-10-16 22:47:14 #1244 INFO] start_ebrisk  98% [212 submitted, 0 queued]
[2020-10-16 22:48:14 #1244 INFO] start_ebrisk  99% [212 submitted, 0 queued]
[2020-10-16 22:50:51 #1244 INFO] start_ebrisk 100% [212 submitted, 0 queued]
[2020-10-16 22:50:51 #1244 INFO] Received {'alt': '842.58 MB', 'losses_by_A': '199.52 MB', 'elt': '2.27 MB', 'gmf_info': '2.23 MB', 'numlosses': '34.16 KB', 'events_per_sid': '4.35 KB'} in 4040 seconds
[2020-10-16 22:50:51 #1244 INFO] Produced 9 GB of GMFs
[2020-10-16 22:50:51 #1244 INFO] Considered 3_308_871_061 / 7_225_800_157 losses
[2020-10-16 22:50:51 #1244 INFO] Building src_loss_table
[2020-10-16 22:50:51 #1244 INFO] Producing 3(loss_types) x 61(fsauid) x 6(GenOcc) x 7(GenType) loss curves
[2020-10-16 22:51:02 #1244 INFO] post_ebrisk   1% [90 submitted, 2472 queued]
[2020-10-16 22:51:02 #1244 INFO] post_ebrisk   2% [116 submitted, 2446 queued]
[2020-10-16 22:51:12 #1244 INFO] post_ebrisk   3% [141 submitted, 2421 queued]
[2020-10-16 22:51:13 #1244 INFO] post_ebrisk   4% [167 submitted, 2395 queued]
[2020-10-16 22:51:13 #1244 INFO] post_ebrisk   5% [193 submitted, 2369 queued]
[2020-10-16 22:51:23 #1244 INFO] post_ebrisk   6% [218 submitted, 2344 queued]
[2020-10-16 22:51:23 #1244 INFO] post_ebrisk   7% [244 submitted, 2318 queued]
[2020-10-16 22:51:33 #1244 INFO] post_ebrisk   8% [269 submitted, 2293 queued]
[2020-10-16 22:51:34 #1244 INFO] post_ebrisk   9% [295 submitted, 2267 queued]
[2020-10-16 22:51:34 #1244 INFO] post_ebrisk  10% [321 submitted, 2241 queued]
[2020-10-16 22:51:44 #1244 INFO] post_ebrisk  11% [346 submitted, 2216 queued]
[2020-10-16 22:51:44 #1244 INFO] post_ebrisk  12% [372 submitted, 2190 queued]
[2020-10-16 22:51:54 #1244 INFO] post_ebrisk  13% [398 submitted, 2164 queued]
[2020-10-16 22:51:54 #1244 INFO] post_ebrisk  14% [423 submitted, 2139 queued]
[2020-10-16 22:51:55 #1244 INFO] post_ebrisk  15% [449 submitted, 2113 queued]
[2020-10-16 22:52:05 #1244 INFO] post_ebrisk  16% [474 submitted, 2088 queued]
[2020-10-16 22:52:05 #1244 INFO] post_ebrisk  17% [500 submitted, 2062 queued]
[2020-10-16 22:52:10 #1244 INFO] post_ebrisk  18% [526 submitted, 2036 queued]
[2020-10-16 22:52:15 #1244 INFO] post_ebrisk  19% [551 submitted, 2011 queued]
[2020-10-16 22:52:16 #1244 INFO] post_ebrisk  20% [577 submitted, 1985 queued]
[2020-10-16 22:52:26 #1244 INFO] post_ebrisk  21% [603 submitted, 1959 queued]
[2020-10-16 22:52:26 #1244 INFO] post_ebrisk  22% [628 submitted, 1934 queued]
[2020-10-16 22:52:27 #1244 INFO] post_ebrisk  23% [654 submitted, 1908 queued]
[2020-10-16 22:52:36 #1244 INFO] post_ebrisk  24% [679 submitted, 1883 queued]
[2020-10-16 22:52:36 #1244 INFO] post_ebrisk  25% [705 submitted, 1857 queued]
[2020-10-16 22:52:47 #1244 INFO] post_ebrisk  26% [731 submitted, 1831 queued]
[2020-10-16 22:52:47 #1244 INFO] post_ebrisk  27% [756 submitted, 1806 queued]
[2020-10-16 22:52:47 #1244 INFO] post_ebrisk  28% [782 submitted, 1780 queued]
[2020-10-16 22:52:57 #1244 INFO] post_ebrisk  29% [807 submitted, 1755 queued]
[2020-10-16 22:52:57 #1244 INFO] post_ebrisk  30% [833 submitted, 1729 queued]
[2020-10-16 22:53:07 #1244 INFO] post_ebrisk  31% [859 submitted, 1703 queued]
[2020-10-16 22:53:07 #1244 INFO] post_ebrisk  32% [884 submitted, 1678 queued]
[2020-10-16 22:53:08 #1244 INFO] post_ebrisk  33% [910 submitted, 1652 queued]
[2020-10-16 22:53:17 #1244 INFO] post_ebrisk  34% [936 submitted, 1626 queued]
[2020-10-16 22:53:18 #1244 INFO] post_ebrisk  35% [961 submitted, 1601 queued]
[2020-10-16 22:53:28 #1244 INFO] post_ebrisk  36% [987 submitted, 1575 queued]
[2020-10-16 22:53:28 #1244 INFO] post_ebrisk  37% [1012 submitted, 1550 queued]
[2020-10-16 22:53:28 #1244 INFO] post_ebrisk  38% [1038 submitted, 1524 queued]
[2020-10-16 22:53:38 #1244 INFO] post_ebrisk  39% [1064 submitted, 1498 queued]
[2020-10-16 22:53:39 #1244 INFO] post_ebrisk  40% [1089 submitted, 1473 queued]
[2020-10-16 22:53:43 #1244 INFO] post_ebrisk  41% [1115 submitted, 1447 queued]
[2020-10-16 22:53:49 #1244 INFO] post_ebrisk  42% [1141 submitted, 1421 queued]
[2020-10-16 22:53:49 #1244 INFO] post_ebrisk  43% [1166 submitted, 1396 queued]
[2020-10-16 22:53:59 #1244 INFO] post_ebrisk  44% [1192 submitted, 1370 queued]
[2020-10-16 22:53:59 #1244 INFO] post_ebrisk  45% [1217 submitted, 1345 queued]
[2020-10-16 22:53:59 #1244 INFO] post_ebrisk  46% [1243 submitted, 1319 queued]
[2020-10-16 22:54:09 #1244 INFO] post_ebrisk  47% [1269 submitted, 1293 queued]
[2020-10-16 22:54:10 #1244 INFO] post_ebrisk  48% [1294 submitted, 1268 queued]
[2020-10-16 22:54:19 #1244 INFO] post_ebrisk  49% [1320 submitted, 1242 queued]
[2020-10-16 22:54:20 #1244 INFO] post_ebrisk  50% [1345 submitted, 1217 queued]
[2020-10-16 22:54:20 #1244 INFO] post_ebrisk  51% [1371 submitted, 1191 queued]
[2020-10-16 22:54:30 #1244 INFO] post_ebrisk  52% [1397 submitted, 1165 queued]
[2020-10-16 22:54:30 #1244 INFO] post_ebrisk  53% [1422 submitted, 1140 queued]
[2020-10-16 22:54:40 #1244 INFO] post_ebrisk  54% [1448 submitted, 1114 queued]
[2020-10-16 22:54:40 #1244 INFO] post_ebrisk  55% [1474 submitted, 1088 queued]
[2020-10-16 22:54:41 #1244 INFO] post_ebrisk  56% [1499 submitted, 1063 queued]
[2020-10-16 22:54:51 #1244 INFO] post_ebrisk  57% [1525 submitted, 1037 queued]
[2020-10-16 22:54:51 #1244 INFO] post_ebrisk  58% [1550 submitted, 1012 queued]
[2020-10-16 22:55:01 #1244 INFO] post_ebrisk  59% [1576 submitted, 986 queued]
[2020-10-16 22:55:01 #1244 INFO] post_ebrisk  60% [1602 submitted, 960 queued]
[2020-10-16 22:55:02 #1244 INFO] post_ebrisk  61% [1627 submitted, 935 queued]
[2020-10-16 22:55:11 #1244 INFO] post_ebrisk  62% [1653 submitted, 909 queued]
[2020-10-16 22:55:12 #1244 INFO] post_ebrisk  63% [1679 submitted, 883 queued]
[2020-10-16 22:55:12 #1244 INFO] post_ebrisk  64% [1704 submitted, 858 queued]
[2020-10-16 22:55:22 #1244 INFO] post_ebrisk  65% [1730 submitted, 832 queued]
[2020-10-16 22:55:22 #1244 INFO] post_ebrisk  66% [1755 submitted, 807 queued]
[2020-10-16 22:55:32 #1244 INFO] post_ebrisk  67% [1781 submitted, 781 queued]
[2020-10-16 22:55:33 #1244 INFO] post_ebrisk  68% [1807 submitted, 755 queued]
[2020-10-16 22:55:33 #1244 INFO] post_ebrisk  69% [1832 submitted, 730 queued]
[2020-10-16 22:55:43 #1244 INFO] post_ebrisk  70% [1858 submitted, 704 queued]
[2020-10-16 22:55:43 #1244 INFO] post_ebrisk  71% [1884 submitted, 678 queued]
[2020-10-16 22:55:53 #1244 INFO] post_ebrisk  72% [1909 submitted, 653 queued]
[2020-10-16 22:55:53 #1244 INFO] post_ebrisk  73% [1935 submitted, 627 queued]
[2020-10-16 22:55:53 #1244 INFO] post_ebrisk  74% [1960 submitted, 602 queued]
[2020-10-16 22:56:03 #1244 INFO] post_ebrisk  75% [1986 submitted, 576 queued]
[2020-10-16 22:56:03 #1244 INFO] post_ebrisk  76% [2012 submitted, 550 queued]
[2020-10-16 22:56:13 #1244 INFO] post_ebrisk  77% [2037 submitted, 525 queued]
[2020-10-16 22:56:13 #1244 INFO] post_ebrisk  78% [2063 submitted, 499 queued]
[2020-10-16 22:56:14 #1244 INFO] post_ebrisk  79% [2088 submitted, 474 queued]
[2020-10-16 22:56:23 #1244 INFO] post_ebrisk  80% [2114 submitted, 448 queued]
[2020-10-16 22:56:24 #1244 INFO] post_ebrisk  81% [2140 submitted, 422 queued]
[2020-10-16 22:56:28 #1244 INFO] post_ebrisk  82% [2165 submitted, 397 queued]
[2020-10-16 22:56:34 #1244 INFO] post_ebrisk  83% [2191 submitted, 371 queued]
[2020-10-16 22:56:34 #1244 INFO] post_ebrisk  84% [2217 submitted, 345 queued]
[2020-10-16 22:56:44 #1244 INFO] post_ebrisk  85% [2242 submitted, 320 queued]
[2020-10-16 22:56:44 #1244 INFO] post_ebrisk  86% [2268 submitted, 294 queued]
[2020-10-16 22:56:45 #1244 INFO] post_ebrisk  87% [2293 submitted, 269 queued]
[2020-10-16 22:56:54 #1244 INFO] post_ebrisk  88% [2319 submitted, 243 queued]
[2020-10-16 22:56:55 #1244 INFO] post_ebrisk  89% [2345 submitted, 217 queued]
[2020-10-16 22:57:04 #1244 INFO] post_ebrisk  90% [2370 submitted, 192 queued]
[2020-10-16 22:57:05 #1244 INFO] post_ebrisk  91% [2396 submitted, 166 queued]
[2020-10-16 22:57:05 #1244 INFO] post_ebrisk  92% [2422 submitted, 140 queued]
[2020-10-16 22:57:15 #1244 INFO] post_ebrisk  93% [2447 submitted, 115 queued]
[2020-10-16 22:57:16 #1244 INFO] post_ebrisk  94% [2473 submitted, 89 queued]
[2020-10-16 22:57:25 #1244 INFO] post_ebrisk  95% [2498 submitted, 64 queued]
[2020-10-16 22:57:26 #1244 INFO] post_ebrisk  96% [2524 submitted, 38 queued]
[2020-10-16 22:57:26 #1244 INFO] post_ebrisk  97% [2550 submitted, 12 queued]
[2020-10-16 22:57:36 #1244 INFO] post_ebrisk  98% [2562 submitted, 0 queued]
[2020-10-16 22:57:36 #1244 INFO] post_ebrisk  99% [2562 submitted, 0 queued]
[2020-10-16 22:57:36 #1244 INFO] post_ebrisk 100% [2562 submitted, 0 queued]
[2020-10-16 22:57:36 #1244 INFO] Received {'tot': '48.01 MB'} in 404 seconds
[2020-10-16 22:57:37 #1244 INFO] Mean portfolio loss
============== =============== ===============
contents       nonstructural   structural     
============== =============== ===============
93_947_854_848 448_969_408_512 354_190_196_736
============== =============== ===============
[2020-10-16 22:57:37 #1244 INFO] Sanity check on agg_losses/tot_losses
[2020-10-16 22:57:37 #1244 INFO] Exposing the outputs to the database
[2020-10-16 22:57:38 #1244 INFO] Stored 968.49 MB on /mnt/data/murray.journeay/oqdata/calc_1244.hdf5 in 4760 seconds
  id | name
6181 | Aggregate Event Losses
6173 | Aggregate Loss Curves
6174 | Aggregate Loss Curves Statistics
6175 | Aggregate Losses
6176 | Aggregate Losses Statistics
6177 | Average Asset Losses Statistics
6183 | Earthquake Ruptures
6178 | Events
6179 | Full Report
6180 | Input Files
 ... | 6 additional output(s)
Some outputs were not shown. You can see the full list with the command
`oq engine --list-outputs 1244`
