[2020-10-17 07:55:28 #1263 INFO] murray.journeay running /mnt/data/shared/canada-2020/canada-srm2/ebRisk/input/ebRisk_r2_ON3530A2.ini [--hc=None]
[2020-10-17 07:55:28 #1263 INFO] Using engine version 3.11.0-git4f03c56
[2020-10-17 07:55:29 #1263 WARNING] Using 64 cores on gem-compute
[2020-10-17 07:55:29 #1263 INFO] Validated nationalModel.xml in 0.01 seconds
[2020-10-17 07:55:29 #1263 INFO] Checksum of the input files: 2804627169
[2020-10-17 07:55:29 #1263 INFO] Reading the risk model if present
[2020-10-17 07:55:42 #1263 INFO] Reading /mnt/data/shared/canada-2020/model-inputs/exposure/general-building-stock/oqBldgExp_ON3530A2.xml
[2020-10-17 07:55:47 #1263 INFO] Extracting the hazard sites from the site model
[2020-10-17 07:55:48 #1263 INFO] Associated 50320 assets to 2037 sites
[2020-10-17 07:55:51 #1263 INFO] Reducing risk model from 7260 to 540 taxonomies
[2020-10-17 07:55:52 #1263 INFO] Considering 50 logic tree paths out of 24_576
[2020-10-17 07:55:52 #1263 INFO] 6 effective smlt realization(s)
[2020-10-17 07:55:52 #1263 INFO] Reading the source model(s) in parallel
[2020-10-17 07:55:55 #1263 INFO] read_source_model  16% [6 submitted, 0 queued]
[2020-10-17 07:55:55 #1263 INFO] read_source_model  33% [6 submitted, 0 queued]
[2020-10-17 07:55:55 #1263 INFO] read_source_model  50% [6 submitted, 0 queued]
[2020-10-17 07:55:55 #1263 INFO] read_source_model  66% [6 submitted, 0 queued]
[2020-10-17 07:55:55 #1263 INFO] read_source_model  83% [6 submitted, 0 queued]
[2020-10-17 07:55:55 #1263 INFO] read_source_model 100% [6 submitted, 0 queued]
[2020-10-17 07:55:55 #1263 INFO] Received {'/mnt/data/shared/canada-2020/CanadaSHM6/OpenQuake_model_files/sources/nationalModel/xml/simplifiedModel/WCan_HYeast_Harctic_simplified_collapsedRates.xml': '141.06 KB', '/mnt/data/shared/canada-2020/CanadaSHM6/OpenQuake_model_files/sources/nationalModel/xml/simplifiedModel/WCan_H2east_Harctic_simplified_collapsedRates.xml': '135.23 KB', '/mnt/data/shared/canada-2020/CanadaSHM6/OpenQuake_model_files/sources/nationalModel/xml/simplifiedModel/WCan_HYeast_Rarctic_simplified_collapsedRates.xml': '134.61 KB', '/mnt/data/shared/canada-2020/CanadaSHM6/OpenQuake_model_files/sources/nationalModel/xml/simplifiedModel/WCan_H2east_Rarctic_simplified_collapsedRates.xml': '128.78 KB', '/mnt/data/shared/canada-2020/CanadaSHM6/OpenQuake_model_files/sources/nationalModel/xml/simplifiedModel/WCan_R2east_Harctic_simplified_collapsedRates.xml': '119.91 KB', '/mnt/data/shared/canada-2020/CanadaSHM6/OpenQuake_model_files/sources/nationalModel/xml/simplifiedModel/WCan_R2east_Rarctic_simplified_collapsedRates.xml': '113.68 KB'} in 1 seconds
[2020-10-17 07:55:55 #1263 WARNING] There are multiple different sources with the same ID [<AreaSource SCCCT>, <AreaSource SCCCT>, <AreaSource SCCCT>, <AreaSource SCCCT>, <AreaSource SCCCT>, <AreaSource SCCCT>]
[2020-10-17 07:57:29 #1263 INFO] There are 195 sources
[2020-10-17 07:57:29 #1263 INFO] Checking the sources bounding box
[2020-10-17 07:57:29 #1263 ERROR] source ACM: The buffer of 600 km is too large, the bounding box is larger than half the globe: 219 degrees
[2020-10-17 07:57:29 #1263 INFO] Rupture floating factor = 1.6265060240963856
[2020-10-17 07:57:29 #1263 INFO] Rupture spinning factor = 3.2710843373493974
[2020-10-17 07:57:29 #1263 INFO] gzipping the input files
[2020-10-17 07:57:32 #1263 INFO] Storing risk model
[2020-10-17 07:57:35 #1263 INFO] minimum_intensity={'SA(0.3)': 0.1, 'SA(0.6)': 0.05, 'SA(1.0)': 0.05, 'SA(2.0)': 0.05, 'SA(0.5)': 0.1}
[2020-10-17 07:57:35 #1263 INFO] Building ruptures
[2020-10-17 07:57:35 #1263 INFO] Sending <SourceGroup Subduction IntraSlab30, 1 source(s)>
[2020-10-17 07:57:35 #1263 INFO] Sending <SourceGroup Subduction IntraSlab55, 4 source(s)>
[2020-10-17 07:57:35 #1263 INFO] Sending <SourceGroup Subduction Interface, 13 source(s)>
[2020-10-17 07:57:35 #1263 INFO] Sending <SourceGroup Stable Shallow Crust, 120 source(s)>
[2020-10-17 07:57:35 #1263 INFO] Sending <SourceGroup Active Shallow Crust, 59 source(s)>
[2020-10-17 07:57:37 #1263 INFO] Sent 64 tasks, 63.19 MB in 0 seconds
[2020-10-17 07:57:38 #1263 INFO] sample_ruptures   1% [65 submitted, 19 queued]
[2020-10-17 07:57:38 #1263 INFO] sample_ruptures   2% [66 submitted, 18 queued]
[2020-10-17 07:57:38 #1263 INFO] sample_ruptures   3% [67 submitted, 17 queued]
[2020-10-17 07:57:38 #1263 INFO] sample_ruptures   4% [68 submitted, 16 queued]
[2020-10-17 07:57:38 #1263 INFO] sample_ruptures   5% [69 submitted, 15 queued]
[2020-10-17 07:57:38 #1263 INFO] sample_ruptures   7% [70 submitted, 14 queued]
[2020-10-17 07:57:39 #1263 INFO] sample_ruptures   8% [71 submitted, 13 queued]
[2020-10-17 07:57:39 #1263 INFO] sample_ruptures   9% [72 submitted, 12 queued]
[2020-10-17 07:57:39 #1263 INFO] sample_ruptures  10% [73 submitted, 11 queued]
[2020-10-17 07:57:39 #1263 INFO] sample_ruptures  11% [74 submitted, 10 queued]
[2020-10-17 07:57:39 #1263 INFO] sample_ruptures  13% [75 submitted, 9 queued]
[2020-10-17 07:57:39 #1263 INFO] sample_ruptures  14% [76 submitted, 8 queued]
[2020-10-17 07:57:39 #1263 INFO] sample_ruptures  15% [77 submitted, 7 queued]
[2020-10-17 07:57:39 #1263 INFO] sample_ruptures  16% [78 submitted, 6 queued]
[2020-10-17 07:57:39 #1263 INFO] sample_ruptures  17% [79 submitted, 5 queued]
[2020-10-17 07:57:39 #1263 INFO] sample_ruptures  19% [80 submitted, 4 queued]
[2020-10-17 07:57:39 #1263 INFO] sample_ruptures  20% [81 submitted, 3 queued]
[2020-10-17 07:57:39 #1263 INFO] sample_ruptures  21% [82 submitted, 2 queued]
[2020-10-17 07:57:39 #1263 INFO] sample_ruptures  22% [83 submitted, 1 queued]
[2020-10-17 07:57:39 #1263 INFO] sample_ruptures  23% [84 submitted, 0 queued]
[2020-10-17 07:57:39 #1263 INFO] sample_ruptures  25% [84 submitted, 0 queued]
[2020-10-17 07:57:39 #1263 INFO] sample_ruptures  26% [84 submitted, 0 queued]
[2020-10-17 07:57:39 #1263 INFO] sample_ruptures  27% [84 submitted, 0 queued]
[2020-10-17 07:57:39 #1263 INFO] sample_ruptures  28% [84 submitted, 0 queued]
[2020-10-17 07:57:39 #1263 INFO] sample_ruptures  29% [84 submitted, 0 queued]
[2020-10-17 07:57:39 #1263 INFO] sample_ruptures  30% [84 submitted, 0 queued]
[2020-10-17 07:57:40 #1263 INFO] sample_ruptures  32% [84 submitted, 0 queued]
[2020-10-17 07:57:40 #1263 INFO] sample_ruptures  33% [84 submitted, 0 queued]
[2020-10-17 07:57:40 #1263 INFO] sample_ruptures  34% [84 submitted, 0 queued]
[2020-10-17 07:57:40 #1263 INFO] sample_ruptures  35% [84 submitted, 0 queued]
[2020-10-17 07:57:40 #1263 INFO] sample_ruptures  36% [84 submitted, 0 queued]
[2020-10-17 07:57:40 #1263 INFO] sample_ruptures  38% [84 submitted, 0 queued]
[2020-10-17 07:57:40 #1263 INFO] sample_ruptures  39% [84 submitted, 0 queued]
[2020-10-17 07:57:40 #1263 INFO] sample_ruptures  40% [84 submitted, 0 queued]
[2020-10-17 07:57:40 #1263 INFO] sample_ruptures  41% [84 submitted, 0 queued]
[2020-10-17 07:57:40 #1263 INFO] sample_ruptures  42% [84 submitted, 0 queued]
[2020-10-17 07:57:40 #1263 INFO] sample_ruptures  44% [84 submitted, 0 queued]
[2020-10-17 07:57:40 #1263 INFO] sample_ruptures  45% [84 submitted, 0 queued]
[2020-10-17 07:57:40 #1263 INFO] sample_ruptures  46% [84 submitted, 0 queued]
[2020-10-17 07:57:40 #1263 INFO] sample_ruptures  47% [84 submitted, 0 queued]
[2020-10-17 07:57:40 #1263 INFO] sample_ruptures  48% [84 submitted, 0 queued]
[2020-10-17 07:57:40 #1263 INFO] sample_ruptures  50% [84 submitted, 0 queued]
[2020-10-17 07:57:40 #1263 INFO] sample_ruptures  51% [84 submitted, 0 queued]
[2020-10-17 07:57:40 #1263 INFO] sample_ruptures  52% [84 submitted, 0 queued]
[2020-10-17 07:57:40 #1263 INFO] sample_ruptures  53% [84 submitted, 0 queued]
[2020-10-17 07:57:40 #1263 INFO] sample_ruptures  54% [84 submitted, 0 queued]
[2020-10-17 07:57:40 #1263 INFO] sample_ruptures  55% [84 submitted, 0 queued]
[2020-10-17 07:57:41 #1263 INFO] sample_ruptures  57% [84 submitted, 0 queued]
[2020-10-17 07:57:41 #1263 INFO] sample_ruptures  58% [84 submitted, 0 queued]
[2020-10-17 07:57:41 #1263 INFO] sample_ruptures  59% [84 submitted, 0 queued]
[2020-10-17 07:57:41 #1263 INFO] sample_ruptures  60% [84 submitted, 0 queued]
[2020-10-17 07:57:42 #1263 INFO] sample_ruptures  61% [84 submitted, 0 queued]
[2020-10-17 07:57:44 #1263 INFO] sample_ruptures  63% [84 submitted, 0 queued]
[2020-10-17 07:57:45 #1263 INFO] sample_ruptures  64% [84 submitted, 0 queued]
[2020-10-17 07:57:45 #1263 INFO] sample_ruptures  65% [84 submitted, 0 queued]
[2020-10-17 07:57:47 #1263 INFO] sample_ruptures  66% [84 submitted, 0 queued]
[2020-10-17 07:57:47 #1263 INFO] sample_ruptures  67% [84 submitted, 0 queued]
[2020-10-17 07:57:47 #1263 INFO] sample_ruptures  69% [84 submitted, 0 queued]
[2020-10-17 07:57:47 #1263 INFO] sample_ruptures  70% [84 submitted, 0 queued]
[2020-10-17 07:57:48 #1263 INFO] sample_ruptures  71% [84 submitted, 0 queued]
[2020-10-17 07:57:48 #1263 INFO] sample_ruptures  72% [84 submitted, 0 queued]
[2020-10-17 07:57:48 #1263 INFO] sample_ruptures  73% [84 submitted, 0 queued]
[2020-10-17 07:57:49 #1263 INFO] sample_ruptures  75% [84 submitted, 0 queued]
[2020-10-17 07:57:49 #1263 INFO] sample_ruptures  76% [84 submitted, 0 queued]
[2020-10-17 07:57:50 #1263 INFO] sample_ruptures  77% [84 submitted, 0 queued]
[2020-10-17 07:57:51 #1263 INFO] sample_ruptures  78% [84 submitted, 0 queued]
[2020-10-17 07:57:52 #1263 INFO] sample_ruptures  79% [84 submitted, 0 queued]
[2020-10-17 07:57:52 #1263 INFO] sample_ruptures  80% [84 submitted, 0 queued]
[2020-10-17 07:57:53 #1263 INFO] sample_ruptures  82% [84 submitted, 0 queued]
[2020-10-17 07:57:55 #1263 INFO] sample_ruptures  83% [84 submitted, 0 queued]
[2020-10-17 07:57:55 #1263 INFO] sample_ruptures  84% [84 submitted, 0 queued]
[2020-10-17 07:57:56 #1263 INFO] sample_ruptures  85% [84 submitted, 0 queued]
[2020-10-17 07:57:56 #1263 INFO] sample_ruptures  86% [84 submitted, 0 queued]
[2020-10-17 07:57:57 #1263 INFO] sample_ruptures  88% [84 submitted, 0 queued]
[2020-10-17 07:57:58 #1263 INFO] sample_ruptures  89% [84 submitted, 0 queued]
[2020-10-17 07:58:01 #1263 INFO] sample_ruptures  90% [84 submitted, 0 queued]
[2020-10-17 07:58:07 #1263 INFO] sample_ruptures  91% [84 submitted, 0 queued]
[2020-10-17 07:58:10 #1263 INFO] sample_ruptures  92% [84 submitted, 0 queued]
[2020-10-17 07:58:17 #1263 INFO] sample_ruptures  94% [84 submitted, 0 queued]
[2020-10-17 07:58:22 #1263 INFO] sample_ruptures  95% [84 submitted, 0 queued]
[2020-10-17 07:58:25 #1263 INFO] sample_ruptures  96% [84 submitted, 0 queued]
[2020-10-17 07:58:25 #1263 INFO] sample_ruptures  97% [84 submitted, 0 queued]
[2020-10-17 07:58:27 #1263 INFO] sample_ruptures  98% [84 submitted, 0 queued]
[2020-10-17 07:59:17 #1263 INFO] sample_ruptures 100% [84 submitted, 0 queued]
[2020-10-17 07:59:17 #1263 INFO] Received {'rup_array': '34.98 MB', 'calc_times': '21.16 KB', 'eff_ruptures': '3.65 KB'} in 100 seconds
[2020-10-17 07:59:17 #1263 INFO] There are 50 realization(s)
[2020-10-17 07:59:17 #1263 INFO] Reordering the ruptures and storing the events
[2020-10-17 07:59:17 #1263 INFO] Associating event_id -> rlz_id for 297_614 events and 187_856 ruptures
[2020-10-17 07:59:23 #1263 INFO] Sent 132 tasks, 20.37 MB in 5 seconds
[2020-10-17 07:59:25 #1263 INFO] Received {'tot': '2.87 MB'} in 1 seconds
[2020-10-17 07:59:27 #1263 INFO] minimum_asset_loss={'contents': 0, 'nonstructural': 0, 'structural': 0}
[2020-10-17 07:59:29 #1263 INFO] minimum_intensity={'SA(0.3)': 0.1, 'SA(0.6)': 0.05, 'SA(1.0)': 0.05, 'SA(2.0)': 0.05, 'SA(0.5)': 0.1}
[2020-10-17 07:59:29 #1263 INFO] Sending 187_856 ruptures
[2020-10-17 07:59:40 #1263 INFO] Sent 132 tasks, 62.44 MB in 10 seconds
[2020-10-17 08:03:28 #1263 INFO] start_ebrisk   1% [132 submitted, 0 queued]
[2020-10-17 08:03:29 #1263 INFO] start_ebrisk   2% [132 submitted, 0 queued]
[2020-10-17 08:03:31 #1263 INFO] start_ebrisk   3% [132 submitted, 0 queued]
[2020-10-17 08:03:48 #1263 INFO] start_ebrisk   4% [132 submitted, 0 queued]
[2020-10-17 08:04:17 #1263 INFO] start_ebrisk   5% [132 submitted, 0 queued]
[2020-10-17 08:04:19 #1263 INFO] start_ebrisk   6% [132 submitted, 0 queued]
[2020-10-17 08:04:34 #1263 INFO] start_ebrisk   7% [132 submitted, 0 queued]
[2020-10-17 08:05:09 #1263 INFO] start_ebrisk   8% [132 submitted, 0 queued]
[2020-10-17 08:05:13 #1263 INFO] start_ebrisk   9% [132 submitted, 0 queued]
[2020-10-17 08:05:17 #1263 INFO] start_ebrisk  10% [132 submitted, 0 queued]
[2020-10-17 08:05:17 #1263 INFO] start_ebrisk  11% [132 submitted, 0 queued]
[2020-10-17 08:05:21 #1263 INFO] start_ebrisk  12% [132 submitted, 0 queued]
[2020-10-17 08:05:27 #1263 INFO] start_ebrisk  13% [132 submitted, 0 queued]
[2020-10-17 08:05:33 #1263 INFO] start_ebrisk  14% [132 submitted, 0 queued]
[2020-10-17 08:05:45 #1263 INFO] start_ebrisk  15% [132 submitted, 0 queued]
[2020-10-17 08:05:54 #1263 INFO] start_ebrisk  16% [132 submitted, 0 queued]
[2020-10-17 08:05:56 #1263 INFO] start_ebrisk  17% [132 submitted, 0 queued]
[2020-10-17 08:05:58 #1263 INFO] start_ebrisk  18% [132 submitted, 0 queued]
[2020-10-17 08:06:07 #1263 INFO] start_ebrisk  19% [132 submitted, 0 queued]
[2020-10-17 08:06:20 #1263 INFO] start_ebrisk  20% [132 submitted, 0 queued]
[2020-10-17 08:06:25 #1263 INFO] start_ebrisk  21% [132 submitted, 0 queued]
[2020-10-17 08:06:35 #1263 INFO] start_ebrisk  22% [132 submitted, 0 queued]
[2020-10-17 08:06:48 #1263 INFO] start_ebrisk  23% [132 submitted, 0 queued]
[2020-10-17 08:07:06 #1263 INFO] start_ebrisk  24% [132 submitted, 0 queued]
[2020-10-17 08:07:06 #1263 INFO] start_ebrisk  25% [132 submitted, 0 queued]
[2020-10-17 08:07:06 #1263 INFO] start_ebrisk  26% [132 submitted, 0 queued]
[2020-10-17 08:07:06 #1263 INFO] start_ebrisk  27% [132 submitted, 0 queued]
[2020-10-17 08:07:07 #1263 INFO] start_ebrisk  28% [132 submitted, 0 queued]
[2020-10-17 08:07:12 #1263 INFO] start_ebrisk  29% [132 submitted, 0 queued]
[2020-10-17 08:07:21 #1263 INFO] start_ebrisk  30% [132 submitted, 0 queued]
[2020-10-17 08:07:24 #1263 INFO] start_ebrisk  31% [132 submitted, 0 queued]
[2020-10-17 08:07:26 #1263 INFO] start_ebrisk  32% [132 submitted, 0 queued]
[2020-10-17 08:07:31 #1263 INFO] start_ebrisk  33% [132 submitted, 0 queued]
[2020-10-17 08:07:35 #1263 INFO] start_ebrisk  34% [132 submitted, 0 queued]
[2020-10-17 08:07:40 #1263 INFO] start_ebrisk  35% [132 submitted, 0 queued]
[2020-10-17 08:07:50 #1263 INFO] start_ebrisk  36% [132 submitted, 0 queued]
[2020-10-17 08:07:53 #1263 INFO] start_ebrisk  37% [132 submitted, 0 queued]
[2020-10-17 08:08:20 #1263 INFO] start_ebrisk  38% [132 submitted, 0 queued]
[2020-10-17 08:08:25 #1263 INFO] start_ebrisk  39% [132 submitted, 0 queued]
[2020-10-17 08:08:33 #1263 INFO] start_ebrisk  40% [132 submitted, 0 queued]
[2020-10-17 08:08:33 #1263 INFO] start_ebrisk  41% [132 submitted, 0 queued]
[2020-10-17 08:08:33 #1263 INFO] start_ebrisk  42% [132 submitted, 0 queued]
[2020-10-17 08:08:33 #1263 INFO] start_ebrisk  43% [132 submitted, 0 queued]
[2020-10-17 08:08:49 #1263 INFO] start_ebrisk  44% [132 submitted, 0 queued]
[2020-10-17 08:09:10 #1263 INFO] start_ebrisk  45% [132 submitted, 0 queued]
[2020-10-17 08:09:16 #1263 INFO] start_ebrisk  46% [132 submitted, 0 queued]
[2020-10-17 08:09:26 #1263 INFO] start_ebrisk  47% [132 submitted, 0 queued]
[2020-10-17 08:09:26 #1263 INFO] start_ebrisk  48% [132 submitted, 0 queued]
[2020-10-17 08:09:30 #1263 INFO] start_ebrisk  49% [132 submitted, 0 queued]
[2020-10-17 08:09:43 #1263 INFO] start_ebrisk  50% [132 submitted, 0 queued]
[2020-10-17 08:10:02 #1263 INFO] start_ebrisk  51% [132 submitted, 0 queued]
[2020-10-17 08:10:12 #1263 INFO] start_ebrisk  52% [132 submitted, 0 queued]
[2020-10-17 08:10:40 #1263 INFO] start_ebrisk  53% [132 submitted, 0 queued]
[2020-10-17 08:10:49 #1263 INFO] start_ebrisk  54% [132 submitted, 0 queued]
[2020-10-17 08:10:53 #1263 INFO] start_ebrisk  55% [132 submitted, 0 queued]
[2020-10-17 08:10:54 #1263 INFO] start_ebrisk  56% [132 submitted, 0 queued]
[2020-10-17 08:11:02 #1263 INFO] start_ebrisk  57% [132 submitted, 0 queued]
[2020-10-17 08:11:03 #1263 INFO] start_ebrisk  58% [132 submitted, 0 queued]
[2020-10-17 08:11:06 #1263 INFO] start_ebrisk  59% [132 submitted, 0 queued]
[2020-10-17 08:11:24 #1263 INFO] start_ebrisk  60% [132 submitted, 0 queued]
[2020-10-17 08:11:27 #1263 INFO] start_ebrisk  61% [132 submitted, 0 queued]
[2020-10-17 08:11:27 #1263 INFO] start_ebrisk  62% [132 submitted, 0 queued]
[2020-10-17 08:11:27 #1263 INFO] start_ebrisk  63% [132 submitted, 0 queued]
[2020-10-17 08:11:29 #1263 INFO] start_ebrisk  64% [132 submitted, 0 queued]
[2020-10-17 08:11:31 #1263 INFO] start_ebrisk  65% [132 submitted, 0 queued]
[2020-10-17 08:11:38 #1263 INFO] start_ebrisk  66% [132 submitted, 0 queued]
[2020-10-17 08:11:40 #1263 INFO] start_ebrisk  67% [132 submitted, 0 queued]
[2020-10-17 08:11:42 #1263 INFO] start_ebrisk  68% [132 submitted, 0 queued]
[2020-10-17 08:11:47 #1263 INFO] start_ebrisk  69% [132 submitted, 0 queued]
[2020-10-17 08:11:53 #1263 INFO] start_ebrisk  70% [132 submitted, 0 queued]
[2020-10-17 08:11:59 #1263 INFO] start_ebrisk  71% [132 submitted, 0 queued]
[2020-10-17 08:12:03 #1263 INFO] start_ebrisk  72% [132 submitted, 0 queued]
[2020-10-17 08:12:04 #1263 INFO] start_ebrisk  73% [132 submitted, 0 queued]
[2020-10-17 08:12:05 #1263 INFO] start_ebrisk  74% [132 submitted, 0 queued]
[2020-10-17 08:12:07 #1263 INFO] start_ebrisk  75% [132 submitted, 0 queued]
[2020-10-17 08:12:07 #1263 INFO] start_ebrisk  76% [132 submitted, 0 queued]
[2020-10-17 08:12:09 #1263 INFO] start_ebrisk  77% [132 submitted, 0 queued]
[2020-10-17 08:12:10 #1263 INFO] start_ebrisk  78% [132 submitted, 0 queued]
[2020-10-17 08:12:14 #1263 INFO] start_ebrisk  79% [132 submitted, 0 queued]
[2020-10-17 08:12:15 #1263 INFO] start_ebrisk  80% [132 submitted, 0 queued]
[2020-10-17 08:12:16 #1263 INFO] start_ebrisk  81% [132 submitted, 0 queued]
[2020-10-17 08:12:19 #1263 INFO] start_ebrisk  82% [132 submitted, 0 queued]
[2020-10-17 08:12:20 #1263 INFO] start_ebrisk  83% [132 submitted, 0 queued]
[2020-10-17 08:12:21 #1263 INFO] start_ebrisk  84% [132 submitted, 0 queued]
[2020-10-17 08:12:25 #1263 INFO] start_ebrisk  85% [132 submitted, 0 queued]
[2020-10-17 08:12:27 #1263 INFO] start_ebrisk  86% [132 submitted, 0 queued]
[2020-10-17 08:12:30 #1263 INFO] start_ebrisk  87% [132 submitted, 0 queued]
[2020-10-17 08:12:49 #1263 INFO] start_ebrisk  88% [132 submitted, 0 queued]
[2020-10-17 08:12:54 #1263 INFO] start_ebrisk  89% [132 submitted, 0 queued]
[2020-10-17 08:12:56 #1263 INFO] start_ebrisk  90% [132 submitted, 0 queued]
[2020-10-17 08:13:04 #1263 INFO] start_ebrisk  91% [132 submitted, 0 queued]
[2020-10-17 08:13:05 #1263 INFO] start_ebrisk  92% [132 submitted, 0 queued]
[2020-10-17 08:13:06 #1263 INFO] start_ebrisk  93% [132 submitted, 0 queued]
[2020-10-17 08:13:20 #1263 INFO] start_ebrisk  94% [132 submitted, 0 queued]
[2020-10-17 08:13:21 #1263 INFO] start_ebrisk  95% [132 submitted, 0 queued]
[2020-10-17 08:13:35 #1263 INFO] start_ebrisk  96% [132 submitted, 0 queued]
[2020-10-17 08:13:39 #1263 INFO] start_ebrisk  97% [132 submitted, 0 queued]
[2020-10-17 08:13:55 #1263 INFO] start_ebrisk  98% [132 submitted, 0 queued]
[2020-10-17 08:14:27 #1263 INFO] start_ebrisk  99% [132 submitted, 0 queued]
[2020-10-17 08:14:31 #1263 INFO] start_ebrisk 100% [132 submitted, 0 queued]
[2020-10-17 08:14:31 #1263 INFO] Received {'alt': '263 MB', 'losses_by_A': '76.03 MB', 'gmf_info': '714.61 KB', 'elt': '574.17 KB', 'numlosses': '21.27 KB', 'events_per_sid': '2.71 KB'} in 890 seconds
[2020-10-17 08:14:31 #1263 INFO] Produced 547.76 MB of GMFs
[2020-10-17 08:14:31 #1263 INFO] Considered 558_125_667 / 1_299_886_535 losses
[2020-10-17 08:14:31 #1263 INFO] Building src_loss_table
[2020-10-17 08:14:31 #1263 INFO] Producing 3(loss_types) x 63(fsauid) x 6(GenOcc) x 7(GenType) loss curves
[2020-10-17 08:14:39 #1263 INFO] post_ebrisk   1% [91 submitted, 2555 queued]
[2020-10-17 08:14:40 #1263 INFO] post_ebrisk   2% [117 submitted, 2529 queued]
[2020-10-17 08:14:47 #1263 INFO] post_ebrisk   3% [144 submitted, 2502 queued]
[2020-10-17 08:14:47 #1263 INFO] post_ebrisk   4% [170 submitted, 2476 queued]
[2020-10-17 08:14:54 #1263 INFO] post_ebrisk   5% [197 submitted, 2449 queued]
[2020-10-17 08:14:54 #1263 INFO] post_ebrisk   6% [223 submitted, 2423 queued]
[2020-10-17 08:14:55 #1263 INFO] post_ebrisk   7% [250 submitted, 2396 queued]
[2020-10-17 08:15:02 #1263 INFO] post_ebrisk   8% [276 submitted, 2370 queued]
[2020-10-17 08:15:02 #1263 INFO] post_ebrisk   9% [303 submitted, 2343 queued]
[2020-10-17 08:15:09 #1263 INFO] post_ebrisk  10% [329 submitted, 2317 queued]
[2020-10-17 08:15:09 #1263 INFO] post_ebrisk  11% [356 submitted, 2290 queued]
[2020-10-17 08:15:10 #1263 INFO] post_ebrisk  12% [382 submitted, 2264 queued]
[2020-10-17 08:15:17 #1263 INFO] post_ebrisk  13% [408 submitted, 2238 queued]
[2020-10-17 08:15:17 #1263 INFO] post_ebrisk  14% [435 submitted, 2211 queued]
[2020-10-17 08:15:24 #1263 INFO] post_ebrisk  15% [461 submitted, 2185 queued]
[2020-10-17 08:15:24 #1263 INFO] post_ebrisk  16% [488 submitted, 2158 queued]
[2020-10-17 08:15:25 #1263 INFO] post_ebrisk  17% [514 submitted, 2132 queued]
[2020-10-17 08:15:32 #1263 INFO] post_ebrisk  18% [541 submitted, 2105 queued]
[2020-10-17 08:15:32 #1263 INFO] post_ebrisk  19% [567 submitted, 2079 queued]
[2020-10-17 08:15:39 #1263 INFO] post_ebrisk  20% [594 submitted, 2052 queued]
[2020-10-17 08:15:39 #1263 INFO] post_ebrisk  21% [620 submitted, 2026 queued]
[2020-10-17 08:15:40 #1263 INFO] post_ebrisk  22% [647 submitted, 1999 queued]
[2020-10-17 08:15:47 #1263 INFO] post_ebrisk  23% [673 submitted, 1973 queued]
[2020-10-17 08:15:47 #1263 INFO] post_ebrisk  24% [700 submitted, 1946 queued]
[2020-10-17 08:15:54 #1263 INFO] post_ebrisk  25% [726 submitted, 1920 queued]
[2020-10-17 08:15:55 #1263 INFO] post_ebrisk  26% [752 submitted, 1894 queued]
[2020-10-17 08:15:55 #1263 INFO] post_ebrisk  27% [779 submitted, 1867 queued]
[2020-10-17 08:16:02 #1263 INFO] post_ebrisk  28% [805 submitted, 1841 queued]
[2020-10-17 08:16:02 #1263 INFO] post_ebrisk  29% [832 submitted, 1814 queued]
[2020-10-17 08:16:09 #1263 INFO] post_ebrisk  30% [858 submitted, 1788 queued]
[2020-10-17 08:16:10 #1263 INFO] post_ebrisk  31% [885 submitted, 1761 queued]
[2020-10-17 08:16:12 #1263 INFO] post_ebrisk  32% [911 submitted, 1735 queued]
[2020-10-17 08:16:17 #1263 INFO] post_ebrisk  33% [938 submitted, 1708 queued]
[2020-10-17 08:16:17 #1263 INFO] post_ebrisk  34% [964 submitted, 1682 queued]
[2020-10-17 08:16:25 #1263 INFO] post_ebrisk  35% [991 submitted, 1655 queued]
[2020-10-17 08:16:25 #1263 INFO] post_ebrisk  36% [1017 submitted, 1629 queued]
[2020-10-17 08:16:32 #1263 INFO] post_ebrisk  37% [1044 submitted, 1602 queued]
[2020-10-17 08:16:32 #1263 INFO] post_ebrisk  38% [1070 submitted, 1576 queued]
[2020-10-17 08:16:33 #1263 INFO] post_ebrisk  39% [1096 submitted, 1550 queued]
[2020-10-17 08:16:40 #1263 INFO] post_ebrisk  40% [1123 submitted, 1523 queued]
[2020-10-17 08:16:40 #1263 INFO] post_ebrisk  41% [1149 submitted, 1497 queued]
[2020-10-17 08:16:47 #1263 INFO] post_ebrisk  42% [1176 submitted, 1470 queued]
[2020-10-17 08:16:48 #1263 INFO] post_ebrisk  43% [1202 submitted, 1444 queued]
[2020-10-17 08:16:48 #1263 INFO] post_ebrisk  44% [1229 submitted, 1417 queued]
[2020-10-17 08:16:55 #1263 INFO] post_ebrisk  45% [1255 submitted, 1391 queued]
[2020-10-17 08:16:55 #1263 INFO] post_ebrisk  46% [1282 submitted, 1364 queued]
[2020-10-17 08:17:02 #1263 INFO] post_ebrisk  47% [1308 submitted, 1338 queued]
[2020-10-17 08:17:03 #1263 INFO] post_ebrisk  48% [1335 submitted, 1311 queued]
[2020-10-17 08:17:03 #1263 INFO] post_ebrisk  49% [1361 submitted, 1285 queued]
[2020-10-17 08:17:10 #1263 INFO] post_ebrisk  50% [1387 submitted, 1259 queued]
[2020-10-17 08:17:11 #1263 INFO] post_ebrisk  51% [1414 submitted, 1232 queued]
[2020-10-17 08:17:18 #1263 INFO] post_ebrisk  52% [1440 submitted, 1206 queued]
[2020-10-17 08:17:18 #1263 INFO] post_ebrisk  53% [1467 submitted, 1179 queued]
[2020-10-17 08:17:18 #1263 INFO] post_ebrisk  54% [1493 submitted, 1153 queued]
[2020-10-17 08:17:25 #1263 INFO] post_ebrisk  55% [1520 submitted, 1126 queued]
[2020-10-17 08:17:26 #1263 INFO] post_ebrisk  56% [1546 submitted, 1100 queued]
[2020-10-17 08:17:33 #1263 INFO] post_ebrisk  57% [1573 submitted, 1073 queued]
[2020-10-17 08:17:33 #1263 INFO] post_ebrisk  58% [1599 submitted, 1047 queued]
[2020-10-17 08:17:33 #1263 INFO] post_ebrisk  59% [1626 submitted, 1020 queued]
[2020-10-17 08:17:40 #1263 INFO] post_ebrisk  60% [1652 submitted, 994 queued]
[2020-10-17 08:17:41 #1263 INFO] post_ebrisk  61% [1679 submitted, 967 queued]
[2020-10-17 08:17:48 #1263 INFO] post_ebrisk  62% [1705 submitted, 941 queued]
[2020-10-17 08:17:48 #1263 INFO] post_ebrisk  63% [1731 submitted, 915 queued]
[2020-10-17 08:17:49 #1263 INFO] post_ebrisk  64% [1758 submitted, 888 queued]
[2020-10-17 08:17:56 #1263 INFO] post_ebrisk  65% [1784 submitted, 862 queued]
[2020-10-17 08:17:56 #1263 INFO] post_ebrisk  66% [1811 submitted, 835 queued]
[2020-10-17 08:18:03 #1263 INFO] post_ebrisk  67% [1837 submitted, 809 queued]
[2020-10-17 08:18:04 #1263 INFO] post_ebrisk  68% [1864 submitted, 782 queued]
[2020-10-17 08:18:04 #1263 INFO] post_ebrisk  69% [1890 submitted, 756 queued]
[2020-10-17 08:18:11 #1263 INFO] post_ebrisk  70% [1917 submitted, 729 queued]
[2020-10-17 08:18:12 #1263 INFO] post_ebrisk  71% [1943 submitted, 703 queued]
[2020-10-17 08:18:19 #1263 INFO] post_ebrisk  72% [1970 submitted, 676 queued]
[2020-10-17 08:18:19 #1263 INFO] post_ebrisk  73% [1996 submitted, 650 queued]
[2020-10-17 08:18:21 #1263 INFO] post_ebrisk  74% [2023 submitted, 623 queued]
[2020-10-17 08:18:26 #1263 INFO] post_ebrisk  75% [2049 submitted, 597 queued]
[2020-10-17 08:18:27 #1263 INFO] post_ebrisk  76% [2075 submitted, 571 queued]
[2020-10-17 08:18:34 #1263 INFO] post_ebrisk  77% [2102 submitted, 544 queued]
[2020-10-17 08:18:34 #1263 INFO] post_ebrisk  78% [2128 submitted, 518 queued]
[2020-10-17 08:18:36 #1263 INFO] post_ebrisk  79% [2155 submitted, 491 queued]
[2020-10-17 08:18:42 #1263 INFO] post_ebrisk  80% [2181 submitted, 465 queued]
[2020-10-17 08:18:42 #1263 INFO] post_ebrisk  81% [2208 submitted, 438 queued]
[2020-10-17 08:18:49 #1263 INFO] post_ebrisk  82% [2234 submitted, 412 queued]
[2020-10-17 08:18:49 #1263 INFO] post_ebrisk  83% [2261 submitted, 385 queued]
[2020-10-17 08:18:56 #1263 INFO] post_ebrisk  84% [2287 submitted, 359 queued]
[2020-10-17 08:18:57 #1263 INFO] post_ebrisk  85% [2314 submitted, 332 queued]
[2020-10-17 08:18:57 #1263 INFO] post_ebrisk  86% [2340 submitted, 306 queued]
[2020-10-17 08:19:04 #1263 INFO] post_ebrisk  87% [2367 submitted, 279 queued]
[2020-10-17 08:19:04 #1263 INFO] post_ebrisk  88% [2393 submitted, 253 queued]
[2020-10-17 08:19:11 #1263 INFO] post_ebrisk  89% [2419 submitted, 227 queued]
[2020-10-17 08:19:11 #1263 INFO] post_ebrisk  90% [2446 submitted, 200 queued]
[2020-10-17 08:19:12 #1263 INFO] post_ebrisk  91% [2472 submitted, 174 queued]
[2020-10-17 08:19:19 #1263 INFO] post_ebrisk  92% [2499 submitted, 147 queued]
[2020-10-17 08:19:19 #1263 INFO] post_ebrisk  93% [2525 submitted, 121 queued]
[2020-10-17 08:19:26 #1263 INFO] post_ebrisk  94% [2552 submitted, 94 queued]
[2020-10-17 08:19:27 #1263 INFO] post_ebrisk  95% [2578 submitted, 68 queued]
[2020-10-17 08:19:27 #1263 INFO] post_ebrisk  96% [2605 submitted, 41 queued]
[2020-10-17 08:19:34 #1263 INFO] post_ebrisk  97% [2631 submitted, 15 queued]
[2020-10-17 08:19:34 #1263 INFO] post_ebrisk  98% [2646 submitted, 0 queued]
[2020-10-17 08:19:38 #1263 INFO] post_ebrisk  99% [2646 submitted, 0 queued]
[2020-10-17 08:19:38 #1263 INFO] post_ebrisk 100% [2646 submitted, 0 queued]
[2020-10-17 08:19:39 #1263 INFO] Received {'tot': '49.59 MB'} in 307 seconds
[2020-10-17 08:19:39 #1263 INFO] Mean portfolio loss
============== =============== ==============
contents       nonstructural   structural    
============== =============== ==============
33_352_634_368 136_151_498_752 99_373_481_984
============== =============== ==============
[2020-10-17 08:19:39 #1263 INFO] Sanity check on agg_losses/tot_losses
[2020-10-17 08:19:39 #1263 INFO] Exposing the outputs to the database
[2020-10-17 08:19:40 #1263 INFO] Stored 344.64 MB on /mnt/data/murray.journeay/oqdata/calc_1263.hdf5 in 1450 seconds
  id | name
6421 | Aggregate Event Losses
6413 | Aggregate Loss Curves
6414 | Aggregate Loss Curves Statistics
6415 | Aggregate Losses
6416 | Aggregate Losses Statistics
6417 | Average Asset Losses Statistics
6423 | Earthquake Ruptures
6418 | Events
6419 | Full Report
6420 | Input Files
 ... | 6 additional output(s)
Some outputs were not shown. You can see the full list with the command
`oq engine --list-outputs 1263`
