[2020-10-17 03:11:19 #1254 INFO] murray.journeay running /mnt/data/shared/canada-2020/canada-srm2/ebRisk/input/ebRisk_r2_ON3550.ini [--hc=None]
[2020-10-17 03:11:19 #1254 INFO] Using engine version 3.11.0-git4f03c56
[2020-10-17 03:11:19 #1254 WARNING] Using 64 cores on gem-compute
[2020-10-17 03:11:19 #1254 INFO] Validated nationalModel.xml in 0.01 seconds
[2020-10-17 03:11:20 #1254 INFO] Checksum of the input files: 2804627169
[2020-10-17 03:11:20 #1254 INFO] Reading the risk model if present
[2020-10-17 03:11:32 #1254 INFO] Reading /mnt/data/shared/canada-2020/model-inputs/exposure/general-building-stock/oqBldgExp_ON3550.xml
[2020-10-17 03:11:39 #1254 INFO] Extracting the hazard sites from the site model
[2020-10-17 03:11:41 #1254 INFO] Associated 73169 assets to 6273 sites
[2020-10-17 03:11:44 #1254 INFO] Reducing risk model from 7260 to 523 taxonomies
[2020-10-17 03:11:46 #1254 INFO] Considering 50 logic tree paths out of 24_576
[2020-10-17 03:11:46 #1254 INFO] 6 effective smlt realization(s)
[2020-10-17 03:11:46 #1254 INFO] Reading the source model(s) in parallel
[2020-10-17 03:11:48 #1254 INFO] read_source_model  16% [6 submitted, 0 queued]
[2020-10-17 03:11:48 #1254 INFO] read_source_model  33% [6 submitted, 0 queued]
[2020-10-17 03:11:48 #1254 INFO] read_source_model  50% [6 submitted, 0 queued]
[2020-10-17 03:11:48 #1254 INFO] read_source_model  66% [6 submitted, 0 queued]
[2020-10-17 03:11:49 #1254 INFO] read_source_model  83% [6 submitted, 0 queued]
[2020-10-17 03:11:49 #1254 INFO] read_source_model 100% [6 submitted, 0 queued]
[2020-10-17 03:11:49 #1254 INFO] Received {'/mnt/data/shared/canada-2020/CanadaSHM6/OpenQuake_model_files/sources/nationalModel/xml/simplifiedModel/WCan_HYeast_Harctic_simplified_collapsedRates.xml': '141.06 KB', '/mnt/data/shared/canada-2020/CanadaSHM6/OpenQuake_model_files/sources/nationalModel/xml/simplifiedModel/WCan_H2east_Harctic_simplified_collapsedRates.xml': '135.23 KB', '/mnt/data/shared/canada-2020/CanadaSHM6/OpenQuake_model_files/sources/nationalModel/xml/simplifiedModel/WCan_HYeast_Rarctic_simplified_collapsedRates.xml': '134.61 KB', '/mnt/data/shared/canada-2020/CanadaSHM6/OpenQuake_model_files/sources/nationalModel/xml/simplifiedModel/WCan_H2east_Rarctic_simplified_collapsedRates.xml': '128.78 KB', '/mnt/data/shared/canada-2020/CanadaSHM6/OpenQuake_model_files/sources/nationalModel/xml/simplifiedModel/WCan_R2east_Harctic_simplified_collapsedRates.xml': '119.91 KB', '/mnt/data/shared/canada-2020/CanadaSHM6/OpenQuake_model_files/sources/nationalModel/xml/simplifiedModel/WCan_R2east_Rarctic_simplified_collapsedRates.xml': '113.68 KB'} in 1 seconds
[2020-10-17 03:11:49 #1254 WARNING] There are multiple different sources with the same ID [<AreaSource SCCCT>, <AreaSource SCCCT>, <AreaSource SCCCT>, <AreaSource SCCCT>, <AreaSource SCCCT>, <AreaSource SCCCT>]
[2020-10-17 03:13:19 #1254 INFO] There are 195 sources
[2020-10-17 03:13:19 #1254 INFO] Checking the sources bounding box
[2020-10-17 03:13:19 #1254 ERROR] source ACM: The buffer of 600 km is too large, the bounding box is larger than half the globe: 219 degrees
[2020-10-17 03:13:19 #1254 INFO] Rupture floating factor = 1.6265060240963856
[2020-10-17 03:13:19 #1254 INFO] Rupture spinning factor = 3.2710843373493974
[2020-10-17 03:13:19 #1254 INFO] gzipping the input files
[2020-10-17 03:13:23 #1254 INFO] Storing risk model
[2020-10-17 03:13:25 #1254 INFO] minimum_intensity={'SA(0.3)': 0.1, 'SA(0.6)': 0.05, 'SA(1.0)': 0.05, 'SA(2.0)': 0.05, 'SA(0.5)': 0.1}
[2020-10-17 03:13:25 #1254 INFO] Building ruptures
[2020-10-17 03:13:25 #1254 INFO] Sending <SourceGroup Subduction IntraSlab30, 1 source(s)>
[2020-10-17 03:13:25 #1254 INFO] Sending <SourceGroup Subduction IntraSlab55, 4 source(s)>
[2020-10-17 03:13:25 #1254 INFO] Sending <SourceGroup Subduction Interface, 13 source(s)>
[2020-10-17 03:13:25 #1254 INFO] Sending <SourceGroup Stable Shallow Crust, 120 source(s)>
[2020-10-17 03:13:25 #1254 INFO] Sending <SourceGroup Active Shallow Crust, 59 source(s)>
[2020-10-17 03:13:27 #1254 INFO] Sent 64 tasks, 77.15 MB in 0 seconds
[2020-10-17 03:13:28 #1254 INFO] sample_ruptures   1% [65 submitted, 19 queued]
[2020-10-17 03:13:28 #1254 INFO] sample_ruptures   2% [66 submitted, 18 queued]
[2020-10-17 03:13:28 #1254 INFO] sample_ruptures   3% [67 submitted, 17 queued]
[2020-10-17 03:13:28 #1254 INFO] sample_ruptures   4% [68 submitted, 16 queued]
[2020-10-17 03:13:29 #1254 INFO] sample_ruptures   5% [69 submitted, 15 queued]
[2020-10-17 03:13:29 #1254 INFO] sample_ruptures   7% [70 submitted, 14 queued]
[2020-10-17 03:13:29 #1254 INFO] sample_ruptures   8% [71 submitted, 13 queued]
[2020-10-17 03:13:29 #1254 INFO] sample_ruptures   9% [72 submitted, 12 queued]
[2020-10-17 03:13:29 #1254 INFO] sample_ruptures  10% [73 submitted, 11 queued]
[2020-10-17 03:13:29 #1254 INFO] sample_ruptures  11% [74 submitted, 10 queued]
[2020-10-17 03:13:29 #1254 INFO] sample_ruptures  13% [75 submitted, 9 queued]
[2020-10-17 03:13:29 #1254 INFO] sample_ruptures  14% [76 submitted, 8 queued]
[2020-10-17 03:13:29 #1254 INFO] sample_ruptures  15% [77 submitted, 7 queued]
[2020-10-17 03:13:29 #1254 INFO] sample_ruptures  16% [78 submitted, 6 queued]
[2020-10-17 03:13:29 #1254 INFO] sample_ruptures  17% [79 submitted, 5 queued]
[2020-10-17 03:13:29 #1254 INFO] sample_ruptures  19% [80 submitted, 4 queued]
[2020-10-17 03:13:29 #1254 INFO] sample_ruptures  20% [81 submitted, 3 queued]
[2020-10-17 03:13:29 #1254 INFO] sample_ruptures  21% [82 submitted, 2 queued]
[2020-10-17 03:13:29 #1254 INFO] sample_ruptures  22% [83 submitted, 1 queued]
[2020-10-17 03:13:29 #1254 INFO] sample_ruptures  23% [84 submitted, 0 queued]
[2020-10-17 03:13:30 #1254 INFO] sample_ruptures  25% [84 submitted, 0 queued]
[2020-10-17 03:13:30 #1254 INFO] sample_ruptures  26% [84 submitted, 0 queued]
[2020-10-17 03:13:30 #1254 INFO] sample_ruptures  27% [84 submitted, 0 queued]
[2020-10-17 03:13:30 #1254 INFO] sample_ruptures  28% [84 submitted, 0 queued]
[2020-10-17 03:13:30 #1254 INFO] sample_ruptures  29% [84 submitted, 0 queued]
[2020-10-17 03:13:30 #1254 INFO] sample_ruptures  30% [84 submitted, 0 queued]
[2020-10-17 03:13:30 #1254 INFO] sample_ruptures  32% [84 submitted, 0 queued]
[2020-10-17 03:13:30 #1254 INFO] sample_ruptures  33% [84 submitted, 0 queued]
[2020-10-17 03:13:30 #1254 INFO] sample_ruptures  34% [84 submitted, 0 queued]
[2020-10-17 03:13:30 #1254 INFO] sample_ruptures  35% [84 submitted, 0 queued]
[2020-10-17 03:13:30 #1254 INFO] sample_ruptures  36% [84 submitted, 0 queued]
[2020-10-17 03:13:30 #1254 INFO] sample_ruptures  38% [84 submitted, 0 queued]
[2020-10-17 03:13:30 #1254 INFO] sample_ruptures  39% [84 submitted, 0 queued]
[2020-10-17 03:13:30 #1254 INFO] sample_ruptures  40% [84 submitted, 0 queued]
[2020-10-17 03:13:30 #1254 INFO] sample_ruptures  41% [84 submitted, 0 queued]
[2020-10-17 03:13:30 #1254 INFO] sample_ruptures  42% [84 submitted, 0 queued]
[2020-10-17 03:13:30 #1254 INFO] sample_ruptures  44% [84 submitted, 0 queued]
[2020-10-17 03:13:30 #1254 INFO] sample_ruptures  45% [84 submitted, 0 queued]
[2020-10-17 03:13:30 #1254 INFO] sample_ruptures  46% [84 submitted, 0 queued]
[2020-10-17 03:13:30 #1254 INFO] sample_ruptures  47% [84 submitted, 0 queued]
[2020-10-17 03:13:30 #1254 INFO] sample_ruptures  48% [84 submitted, 0 queued]
[2020-10-17 03:13:30 #1254 INFO] sample_ruptures  50% [84 submitted, 0 queued]
[2020-10-17 03:13:30 #1254 INFO] sample_ruptures  51% [84 submitted, 0 queued]
[2020-10-17 03:13:30 #1254 INFO] sample_ruptures  52% [84 submitted, 0 queued]
[2020-10-17 03:13:31 #1254 INFO] sample_ruptures  53% [84 submitted, 0 queued]
[2020-10-17 03:13:31 #1254 INFO] sample_ruptures  54% [84 submitted, 0 queued]
[2020-10-17 03:13:31 #1254 INFO] sample_ruptures  55% [84 submitted, 0 queued]
[2020-10-17 03:13:31 #1254 INFO] sample_ruptures  57% [84 submitted, 0 queued]
[2020-10-17 03:13:31 #1254 INFO] sample_ruptures  58% [84 submitted, 0 queued]
[2020-10-17 03:13:31 #1254 INFO] sample_ruptures  59% [84 submitted, 0 queued]
[2020-10-17 03:13:33 #1254 INFO] sample_ruptures  60% [84 submitted, 0 queued]
[2020-10-17 03:13:36 #1254 INFO] sample_ruptures  61% [84 submitted, 0 queued]
[2020-10-17 03:13:37 #1254 INFO] sample_ruptures  63% [84 submitted, 0 queued]
[2020-10-17 03:13:38 #1254 INFO] sample_ruptures  64% [84 submitted, 0 queued]
[2020-10-17 03:13:38 #1254 INFO] sample_ruptures  65% [84 submitted, 0 queued]
[2020-10-17 03:13:39 #1254 INFO] sample_ruptures  66% [84 submitted, 0 queued]
[2020-10-17 03:13:40 #1254 INFO] sample_ruptures  67% [84 submitted, 0 queued]
[2020-10-17 03:13:41 #1254 INFO] sample_ruptures  69% [84 submitted, 0 queued]
[2020-10-17 03:13:41 #1254 INFO] sample_ruptures  70% [84 submitted, 0 queued]
[2020-10-17 03:13:41 #1254 INFO] sample_ruptures  71% [84 submitted, 0 queued]
[2020-10-17 03:13:42 #1254 INFO] sample_ruptures  72% [84 submitted, 0 queued]
[2020-10-17 03:13:43 #1254 INFO] sample_ruptures  73% [84 submitted, 0 queued]
[2020-10-17 03:13:43 #1254 INFO] sample_ruptures  75% [84 submitted, 0 queued]
[2020-10-17 03:13:43 #1254 INFO] sample_ruptures  76% [84 submitted, 0 queued]
[2020-10-17 03:13:43 #1254 INFO] sample_ruptures  77% [84 submitted, 0 queued]
[2020-10-17 03:13:44 #1254 INFO] sample_ruptures  78% [84 submitted, 0 queued]
[2020-10-17 03:13:44 #1254 INFO] sample_ruptures  79% [84 submitted, 0 queued]
[2020-10-17 03:13:45 #1254 INFO] sample_ruptures  80% [84 submitted, 0 queued]
[2020-10-17 03:13:47 #1254 INFO] sample_ruptures  82% [84 submitted, 0 queued]
[2020-10-17 03:13:47 #1254 INFO] sample_ruptures  83% [84 submitted, 0 queued]
[2020-10-17 03:13:47 #1254 INFO] sample_ruptures  84% [84 submitted, 0 queued]
[2020-10-17 03:13:47 #1254 INFO] sample_ruptures  85% [84 submitted, 0 queued]
[2020-10-17 03:13:48 #1254 INFO] sample_ruptures  86% [84 submitted, 0 queued]
[2020-10-17 03:13:53 #1254 INFO] sample_ruptures  88% [84 submitted, 0 queued]
[2020-10-17 03:13:59 #1254 INFO] sample_ruptures  89% [84 submitted, 0 queued]
[2020-10-17 03:14:04 #1254 INFO] sample_ruptures  90% [84 submitted, 0 queued]
[2020-10-17 03:14:04 #1254 INFO] sample_ruptures  91% [84 submitted, 0 queued]
[2020-10-17 03:14:13 #1254 INFO] sample_ruptures  92% [84 submitted, 0 queued]
[2020-10-17 03:14:18 #1254 INFO] sample_ruptures  94% [84 submitted, 0 queued]
[2020-10-17 03:14:18 #1254 INFO] sample_ruptures  95% [84 submitted, 0 queued]
[2020-10-17 03:14:18 #1254 INFO] sample_ruptures  96% [84 submitted, 0 queued]
[2020-10-17 03:14:20 #1254 INFO] sample_ruptures  97% [84 submitted, 0 queued]
[2020-10-17 03:14:21 #1254 INFO] sample_ruptures  98% [84 submitted, 0 queued]
[2020-10-17 03:15:04 #1254 INFO] sample_ruptures 100% [84 submitted, 0 queued]
[2020-10-17 03:15:04 #1254 INFO] Received {'rup_array': '35.81 MB', 'calc_times': '21.22 KB', 'eff_ruptures': '3.67 KB'} in 97 seconds
[2020-10-17 03:15:04 #1254 INFO] There are 50 realization(s)
[2020-10-17 03:15:05 #1254 INFO] Reordering the ruptures and storing the events
[2020-10-17 03:15:05 #1254 INFO] Associating event_id -> rlz_id for 309_498 events and 192_320 ruptures
[2020-10-17 03:15:11 #1254 INFO] Sent 132 tasks, 20.85 MB in 5 seconds
[2020-10-17 03:15:12 #1254 INFO] Received {'tot': '2.99 MB'} in 1 seconds
[2020-10-17 03:15:14 #1254 INFO] minimum_asset_loss={'contents': 0, 'nonstructural': 0, 'structural': 0}
[2020-10-17 03:15:17 #1254 INFO] minimum_intensity={'SA(0.3)': 0.1, 'SA(0.6)': 0.05, 'SA(1.0)': 0.05, 'SA(2.0)': 0.05, 'SA(0.5)': 0.1}
[2020-10-17 03:15:17 #1254 INFO] Sending 192_320 ruptures
[2020-10-17 03:15:27 #1254 INFO] Sent 132 tasks, 63.44 MB in 9 seconds
[2020-10-17 03:19:26 #1254 INFO] start_ebrisk   1% [132 submitted, 0 queued]
[2020-10-17 03:19:29 #1254 INFO] start_ebrisk   2% [132 submitted, 0 queued]
[2020-10-17 03:20:26 #1254 INFO] start_ebrisk   3% [132 submitted, 0 queued]
[2020-10-17 03:22:23 #1254 INFO] start_ebrisk   4% [132 submitted, 0 queued]
[2020-10-17 03:22:39 #1254 INFO] start_ebrisk   5% [132 submitted, 0 queued]
[2020-10-17 03:22:42 #1254 INFO] start_ebrisk   6% [132 submitted, 0 queued]
[2020-10-17 03:23:06 #1254 INFO] start_ebrisk   7% [132 submitted, 0 queued]
[2020-10-17 03:24:00 #1254 INFO] start_ebrisk   8% [132 submitted, 0 queued]
[2020-10-17 03:24:16 #1254 INFO] start_ebrisk   9% [132 submitted, 0 queued]
[2020-10-17 03:24:39 #1254 INFO] start_ebrisk  10% [132 submitted, 0 queued]
[2020-10-17 03:24:51 #1254 INFO] start_ebrisk  11% [132 submitted, 0 queued]
[2020-10-17 03:24:59 #1254 INFO] start_ebrisk  12% [132 submitted, 0 queued]
[2020-10-17 03:25:38 #1254 INFO] start_ebrisk  13% [132 submitted, 0 queued]
[2020-10-17 03:25:38 #1254 INFO] start_ebrisk  14% [132 submitted, 0 queued]
[2020-10-17 03:25:47 #1254 INFO] start_ebrisk  15% [132 submitted, 0 queued]
[2020-10-17 03:25:56 #1254 INFO] start_ebrisk  16% [132 submitted, 0 queued]
[2020-10-17 03:26:02 #1254 INFO] start_ebrisk  17% [132 submitted, 0 queued]
[2020-10-17 03:26:05 #1254 INFO] start_ebrisk  18% [132 submitted, 0 queued]
[2020-10-17 03:26:27 #1254 INFO] start_ebrisk  19% [132 submitted, 0 queued]
[2020-10-17 03:26:29 #1254 INFO] start_ebrisk  20% [132 submitted, 0 queued]
[2020-10-17 03:26:32 #1254 INFO] start_ebrisk  21% [132 submitted, 0 queued]
[2020-10-17 03:27:21 #1254 INFO] start_ebrisk  22% [132 submitted, 0 queued]
[2020-10-17 03:27:21 #1254 INFO] start_ebrisk  23% [132 submitted, 0 queued]
[2020-10-17 03:27:21 #1254 INFO] start_ebrisk  24% [132 submitted, 0 queued]
[2020-10-17 03:27:22 #1254 INFO] start_ebrisk  25% [132 submitted, 0 queued]
[2020-10-17 03:27:39 #1254 INFO] start_ebrisk  26% [132 submitted, 0 queued]
[2020-10-17 03:27:44 #1254 INFO] start_ebrisk  27% [132 submitted, 0 queued]
[2020-10-17 03:27:52 #1254 INFO] start_ebrisk  28% [132 submitted, 0 queued]
[2020-10-17 03:27:55 #1254 INFO] start_ebrisk  29% [132 submitted, 0 queued]
[2020-10-17 03:28:01 #1254 INFO] start_ebrisk  30% [132 submitted, 0 queued]
[2020-10-17 03:28:05 #1254 INFO] start_ebrisk  31% [132 submitted, 0 queued]
[2020-10-17 03:28:17 #1254 INFO] start_ebrisk  32% [132 submitted, 0 queued]
[2020-10-17 03:28:24 #1254 INFO] start_ebrisk  33% [132 submitted, 0 queued]
[2020-10-17 03:28:33 #1254 INFO] start_ebrisk  34% [132 submitted, 0 queued]
[2020-10-17 03:28:52 #1254 INFO] start_ebrisk  35% [132 submitted, 0 queued]
[2020-10-17 03:29:00 #1254 INFO] start_ebrisk  36% [132 submitted, 0 queued]
[2020-10-17 03:29:13 #1254 INFO] start_ebrisk  37% [132 submitted, 0 queued]
[2020-10-17 03:29:24 #1254 INFO] start_ebrisk  38% [132 submitted, 0 queued]
[2020-10-17 03:29:24 #1254 INFO] start_ebrisk  39% [132 submitted, 0 queued]
[2020-10-17 03:29:24 #1254 INFO] start_ebrisk  40% [132 submitted, 0 queued]
[2020-10-17 03:29:59 #1254 INFO] start_ebrisk  41% [132 submitted, 0 queued]
[2020-10-17 03:30:25 #1254 INFO] start_ebrisk  42% [132 submitted, 0 queued]
[2020-10-17 03:30:31 #1254 INFO] start_ebrisk  43% [132 submitted, 0 queued]
[2020-10-17 03:31:02 #1254 INFO] start_ebrisk  44% [132 submitted, 0 queued]
[2020-10-17 03:31:03 #1254 INFO] start_ebrisk  45% [132 submitted, 0 queued]
[2020-10-17 03:31:06 #1254 INFO] start_ebrisk  46% [132 submitted, 0 queued]
[2020-10-17 03:31:10 #1254 INFO] start_ebrisk  47% [132 submitted, 0 queued]
[2020-10-17 03:31:17 #1254 INFO] start_ebrisk  48% [132 submitted, 0 queued]
[2020-10-17 03:31:39 #1254 INFO] start_ebrisk  49% [132 submitted, 0 queued]
[2020-10-17 03:31:42 #1254 INFO] start_ebrisk  50% [132 submitted, 0 queued]
[2020-10-17 03:31:59 #1254 INFO] start_ebrisk  51% [132 submitted, 0 queued]
[2020-10-17 03:32:16 #1254 INFO] start_ebrisk  52% [132 submitted, 0 queued]
[2020-10-17 03:32:49 #1254 INFO] start_ebrisk  53% [132 submitted, 0 queued]
[2020-10-17 03:33:55 #1254 INFO] start_ebrisk  54% [132 submitted, 0 queued]
[2020-10-17 03:34:05 #1254 INFO] start_ebrisk  55% [132 submitted, 0 queued]
[2020-10-17 03:34:08 #1254 INFO] start_ebrisk  56% [132 submitted, 0 queued]
[2020-10-17 03:34:22 #1254 INFO] start_ebrisk  57% [132 submitted, 0 queued]
[2020-10-17 03:34:23 #1254 INFO] start_ebrisk  58% [132 submitted, 0 queued]
[2020-10-17 03:34:42 #1254 INFO] start_ebrisk  59% [132 submitted, 0 queued]
[2020-10-17 03:34:55 #1254 INFO] start_ebrisk  60% [132 submitted, 0 queued]
[2020-10-17 03:34:56 #1254 INFO] start_ebrisk  61% [132 submitted, 0 queued]
[2020-10-17 03:35:05 #1254 INFO] start_ebrisk  62% [132 submitted, 0 queued]
[2020-10-17 03:35:16 #1254 INFO] start_ebrisk  63% [132 submitted, 0 queued]
[2020-10-17 03:35:18 #1254 INFO] start_ebrisk  64% [132 submitted, 0 queued]
[2020-10-17 03:35:23 #1254 INFO] start_ebrisk  65% [132 submitted, 0 queued]
[2020-10-17 03:35:27 #1254 INFO] start_ebrisk  66% [132 submitted, 0 queued]
[2020-10-17 03:35:32 #1254 INFO] start_ebrisk  67% [132 submitted, 0 queued]
[2020-10-17 03:35:34 #1254 INFO] start_ebrisk  68% [132 submitted, 0 queued]
[2020-10-17 03:35:45 #1254 INFO] start_ebrisk  69% [132 submitted, 0 queued]
[2020-10-17 03:36:00 #1254 INFO] start_ebrisk  70% [132 submitted, 0 queued]
[2020-10-17 03:36:02 #1254 INFO] start_ebrisk  71% [132 submitted, 0 queued]
[2020-10-17 03:36:10 #1254 INFO] start_ebrisk  72% [132 submitted, 0 queued]
[2020-10-17 03:36:10 #1254 INFO] start_ebrisk  73% [132 submitted, 0 queued]
[2020-10-17 03:36:11 #1254 INFO] start_ebrisk  74% [132 submitted, 0 queued]
[2020-10-17 03:36:14 #1254 INFO] start_ebrisk  75% [132 submitted, 0 queued]
[2020-10-17 03:36:18 #1254 INFO] start_ebrisk  76% [132 submitted, 0 queued]
[2020-10-17 03:36:19 #1254 INFO] start_ebrisk  77% [132 submitted, 0 queued]
[2020-10-17 03:36:19 #1254 INFO] start_ebrisk  78% [132 submitted, 0 queued]
[2020-10-17 03:36:19 #1254 INFO] start_ebrisk  79% [132 submitted, 0 queued]
[2020-10-17 03:36:21 #1254 INFO] start_ebrisk  80% [132 submitted, 0 queued]
[2020-10-17 03:36:25 #1254 INFO] start_ebrisk  81% [132 submitted, 0 queued]
[2020-10-17 03:36:30 #1254 INFO] start_ebrisk  82% [132 submitted, 0 queued]
[2020-10-17 03:36:36 #1254 INFO] start_ebrisk  83% [132 submitted, 0 queued]
[2020-10-17 03:36:38 #1254 INFO] start_ebrisk  84% [132 submitted, 0 queued]
[2020-10-17 03:36:47 #1254 INFO] start_ebrisk  85% [132 submitted, 0 queued]
[2020-10-17 03:37:17 #1254 INFO] start_ebrisk  86% [132 submitted, 0 queued]
[2020-10-17 03:37:21 #1254 INFO] start_ebrisk  87% [132 submitted, 0 queued]
[2020-10-17 03:37:23 #1254 INFO] start_ebrisk  88% [132 submitted, 0 queued]
[2020-10-17 03:37:30 #1254 INFO] start_ebrisk  89% [132 submitted, 0 queued]
[2020-10-17 03:37:39 #1254 INFO] start_ebrisk  90% [132 submitted, 0 queued]
[2020-10-17 03:38:10 #1254 INFO] start_ebrisk  91% [132 submitted, 0 queued]
[2020-10-17 03:38:10 #1254 INFO] start_ebrisk  92% [132 submitted, 0 queued]
[2020-10-17 03:38:15 #1254 INFO] start_ebrisk  93% [132 submitted, 0 queued]
[2020-10-17 03:38:22 #1254 INFO] start_ebrisk  94% [132 submitted, 0 queued]
[2020-10-17 03:38:37 #1254 INFO] start_ebrisk  95% [132 submitted, 0 queued]
[2020-10-17 03:38:44 #1254 INFO] start_ebrisk  96% [132 submitted, 0 queued]
[2020-10-17 03:39:58 #1254 INFO] start_ebrisk  97% [132 submitted, 0 queued]
[2020-10-17 03:40:05 #1254 INFO] start_ebrisk  98% [132 submitted, 0 queued]
[2020-10-17 03:40:09 #1254 INFO] start_ebrisk  99% [132 submitted, 0 queued]
[2020-10-17 03:41:47 #1254 INFO] start_ebrisk 100% [132 submitted, 0 queued]
[2020-10-17 03:41:47 #1254 INFO] Received {'alt': '306.54 MB', 'losses_by_A': '110.55 MB', 'gmf_info': '906.13 KB', 'elt': '727.29 KB', 'numlosses': '21.27 KB', 'events_per_sid': '2.71 KB'} in 1580 seconds
[2020-10-17 03:41:47 #1254 INFO] Produced 1.88 GB of GMFs
[2020-10-17 03:41:47 #1254 INFO] Considered 907_682_216 / 2_048_870_220 losses
[2020-10-17 03:41:47 #1254 INFO] Building src_loss_table
[2020-10-17 03:41:48 #1254 INFO] Producing 3(loss_types) x 63(fsauid) x 6(GenOcc) x 7(GenType) loss curves
[2020-10-17 03:41:56 #1254 INFO] post_ebrisk   1% [91 submitted, 2555 queued]
[2020-10-17 03:41:56 #1254 INFO] post_ebrisk   2% [117 submitted, 2529 queued]
[2020-10-17 03:42:03 #1254 INFO] post_ebrisk   3% [144 submitted, 2502 queued]
[2020-10-17 03:42:04 #1254 INFO] post_ebrisk   4% [170 submitted, 2476 queued]
[2020-10-17 03:42:11 #1254 INFO] post_ebrisk   5% [197 submitted, 2449 queued]
[2020-10-17 03:42:11 #1254 INFO] post_ebrisk   6% [223 submitted, 2423 queued]
[2020-10-17 03:42:12 #1254 INFO] post_ebrisk   7% [250 submitted, 2396 queued]
[2020-10-17 03:42:19 #1254 INFO] post_ebrisk   8% [276 submitted, 2370 queued]
[2020-10-17 03:42:19 #1254 INFO] post_ebrisk   9% [303 submitted, 2343 queued]
[2020-10-17 03:42:26 #1254 INFO] post_ebrisk  10% [329 submitted, 2317 queued]
[2020-10-17 03:42:27 #1254 INFO] post_ebrisk  11% [356 submitted, 2290 queued]
[2020-10-17 03:42:27 #1254 INFO] post_ebrisk  12% [382 submitted, 2264 queued]
[2020-10-17 03:42:34 #1254 INFO] post_ebrisk  13% [408 submitted, 2238 queued]
[2020-10-17 03:42:34 #1254 INFO] post_ebrisk  14% [435 submitted, 2211 queued]
[2020-10-17 03:42:42 #1254 INFO] post_ebrisk  15% [461 submitted, 2185 queued]
[2020-10-17 03:42:42 #1254 INFO] post_ebrisk  16% [488 submitted, 2158 queued]
[2020-10-17 03:42:42 #1254 INFO] post_ebrisk  17% [514 submitted, 2132 queued]
[2020-10-17 03:42:50 #1254 INFO] post_ebrisk  18% [541 submitted, 2105 queued]
[2020-10-17 03:42:50 #1254 INFO] post_ebrisk  19% [567 submitted, 2079 queued]
[2020-10-17 03:42:57 #1254 INFO] post_ebrisk  20% [594 submitted, 2052 queued]
[2020-10-17 03:42:58 #1254 INFO] post_ebrisk  21% [620 submitted, 2026 queued]
[2020-10-17 03:42:58 #1254 INFO] post_ebrisk  22% [647 submitted, 1999 queued]
[2020-10-17 03:43:05 #1254 INFO] post_ebrisk  23% [673 submitted, 1973 queued]
[2020-10-17 03:43:06 #1254 INFO] post_ebrisk  24% [700 submitted, 1946 queued]
[2020-10-17 03:43:13 #1254 INFO] post_ebrisk  25% [726 submitted, 1920 queued]
[2020-10-17 03:43:13 #1254 INFO] post_ebrisk  26% [752 submitted, 1894 queued]
[2020-10-17 03:43:14 #1254 INFO] post_ebrisk  27% [779 submitted, 1867 queued]
[2020-10-17 03:43:21 #1254 INFO] post_ebrisk  28% [805 submitted, 1841 queued]
[2020-10-17 03:43:21 #1254 INFO] post_ebrisk  29% [832 submitted, 1814 queued]
[2020-10-17 03:43:28 #1254 INFO] post_ebrisk  30% [858 submitted, 1788 queued]
[2020-10-17 03:43:29 #1254 INFO] post_ebrisk  31% [885 submitted, 1761 queued]
[2020-10-17 03:43:29 #1254 INFO] post_ebrisk  32% [911 submitted, 1735 queued]
[2020-10-17 03:43:36 #1254 INFO] post_ebrisk  33% [938 submitted, 1708 queued]
[2020-10-17 03:43:37 #1254 INFO] post_ebrisk  34% [964 submitted, 1682 queued]
[2020-10-17 03:43:44 #1254 INFO] post_ebrisk  35% [991 submitted, 1655 queued]
[2020-10-17 03:43:45 #1254 INFO] post_ebrisk  36% [1017 submitted, 1629 queued]
[2020-10-17 03:43:45 #1254 INFO] post_ebrisk  37% [1044 submitted, 1602 queued]
[2020-10-17 03:43:52 #1254 INFO] post_ebrisk  38% [1070 submitted, 1576 queued]
[2020-10-17 03:43:52 #1254 INFO] post_ebrisk  39% [1096 submitted, 1550 queued]
[2020-10-17 03:44:00 #1254 INFO] post_ebrisk  40% [1123 submitted, 1523 queued]
[2020-10-17 03:44:00 #1254 INFO] post_ebrisk  41% [1149 submitted, 1497 queued]
[2020-10-17 03:44:02 #1254 INFO] post_ebrisk  42% [1176 submitted, 1470 queued]
[2020-10-17 03:44:08 #1254 INFO] post_ebrisk  43% [1202 submitted, 1444 queued]
[2020-10-17 03:44:08 #1254 INFO] post_ebrisk  44% [1229 submitted, 1417 queued]
[2020-10-17 03:44:15 #1254 INFO] post_ebrisk  45% [1255 submitted, 1391 queued]
[2020-10-17 03:44:15 #1254 INFO] post_ebrisk  46% [1282 submitted, 1364 queued]
[2020-10-17 03:44:17 #1254 INFO] post_ebrisk  47% [1308 submitted, 1338 queued]
[2020-10-17 03:44:23 #1254 INFO] post_ebrisk  48% [1335 submitted, 1311 queued]
[2020-10-17 03:44:23 #1254 INFO] post_ebrisk  49% [1361 submitted, 1285 queued]
[2020-10-17 03:44:30 #1254 INFO] post_ebrisk  50% [1387 submitted, 1259 queued]
[2020-10-17 03:44:30 #1254 INFO] post_ebrisk  51% [1414 submitted, 1232 queued]
[2020-10-17 03:44:38 #1254 INFO] post_ebrisk  52% [1440 submitted, 1206 queued]
[2020-10-17 03:44:38 #1254 INFO] post_ebrisk  53% [1467 submitted, 1179 queued]
[2020-10-17 03:44:38 #1254 INFO] post_ebrisk  54% [1493 submitted, 1153 queued]
[2020-10-17 03:44:46 #1254 INFO] post_ebrisk  55% [1520 submitted, 1126 queued]
[2020-10-17 03:44:46 #1254 INFO] post_ebrisk  56% [1546 submitted, 1100 queued]
[2020-10-17 03:44:53 #1254 INFO] post_ebrisk  57% [1573 submitted, 1073 queued]
[2020-10-17 03:44:54 #1254 INFO] post_ebrisk  58% [1599 submitted, 1047 queued]
[2020-10-17 03:44:54 #1254 INFO] post_ebrisk  59% [1626 submitted, 1020 queued]
[2020-10-17 03:45:01 #1254 INFO] post_ebrisk  60% [1652 submitted, 994 queued]
[2020-10-17 03:45:01 #1254 INFO] post_ebrisk  61% [1679 submitted, 967 queued]
[2020-10-17 03:45:08 #1254 INFO] post_ebrisk  62% [1705 submitted, 941 queued]
[2020-10-17 03:45:09 #1254 INFO] post_ebrisk  63% [1731 submitted, 915 queued]
[2020-10-17 03:45:09 #1254 INFO] post_ebrisk  64% [1758 submitted, 888 queued]
[2020-10-17 03:45:16 #1254 INFO] post_ebrisk  65% [1784 submitted, 862 queued]
[2020-10-17 03:45:17 #1254 INFO] post_ebrisk  66% [1811 submitted, 835 queued]
[2020-10-17 03:45:24 #1254 INFO] post_ebrisk  67% [1837 submitted, 809 queued]
[2020-10-17 03:45:24 #1254 INFO] post_ebrisk  68% [1864 submitted, 782 queued]
[2020-10-17 03:45:25 #1254 INFO] post_ebrisk  69% [1890 submitted, 756 queued]
[2020-10-17 03:45:32 #1254 INFO] post_ebrisk  70% [1917 submitted, 729 queued]
[2020-10-17 03:45:32 #1254 INFO] post_ebrisk  71% [1943 submitted, 703 queued]
[2020-10-17 03:45:39 #1254 INFO] post_ebrisk  72% [1970 submitted, 676 queued]
[2020-10-17 03:45:40 #1254 INFO] post_ebrisk  73% [1996 submitted, 650 queued]
[2020-10-17 03:45:40 #1254 INFO] post_ebrisk  74% [2023 submitted, 623 queued]
[2020-10-17 03:45:47 #1254 INFO] post_ebrisk  75% [2049 submitted, 597 queued]
[2020-10-17 03:45:47 #1254 INFO] post_ebrisk  76% [2075 submitted, 571 queued]
[2020-10-17 03:45:55 #1254 INFO] post_ebrisk  77% [2102 submitted, 544 queued]
[2020-10-17 03:45:55 #1254 INFO] post_ebrisk  78% [2128 submitted, 518 queued]
[2020-10-17 03:45:55 #1254 INFO] post_ebrisk  79% [2155 submitted, 491 queued]
[2020-10-17 03:46:02 #1254 INFO] post_ebrisk  80% [2181 submitted, 465 queued]
[2020-10-17 03:46:03 #1254 INFO] post_ebrisk  81% [2208 submitted, 438 queued]
[2020-10-17 03:46:10 #1254 INFO] post_ebrisk  82% [2234 submitted, 412 queued]
[2020-10-17 03:46:10 #1254 INFO] post_ebrisk  83% [2261 submitted, 385 queued]
[2020-10-17 03:46:10 #1254 INFO] post_ebrisk  84% [2287 submitted, 359 queued]
[2020-10-17 03:46:17 #1254 INFO] post_ebrisk  85% [2314 submitted, 332 queued]
[2020-10-17 03:46:18 #1254 INFO] post_ebrisk  86% [2340 submitted, 306 queued]
[2020-10-17 03:46:25 #1254 INFO] post_ebrisk  87% [2367 submitted, 279 queued]
[2020-10-17 03:46:25 #1254 INFO] post_ebrisk  88% [2393 submitted, 253 queued]
[2020-10-17 03:46:25 #1254 INFO] post_ebrisk  89% [2419 submitted, 227 queued]
[2020-10-17 03:46:33 #1254 INFO] post_ebrisk  90% [2446 submitted, 200 queued]
[2020-10-17 03:46:33 #1254 INFO] post_ebrisk  91% [2472 submitted, 174 queued]
[2020-10-17 03:46:40 #1254 INFO] post_ebrisk  92% [2499 submitted, 147 queued]
[2020-10-17 03:46:40 #1254 INFO] post_ebrisk  93% [2525 submitted, 121 queued]
[2020-10-17 03:46:48 #1254 INFO] post_ebrisk  94% [2552 submitted, 94 queued]
[2020-10-17 03:46:48 #1254 INFO] post_ebrisk  95% [2578 submitted, 68 queued]
[2020-10-17 03:46:48 #1254 INFO] post_ebrisk  96% [2605 submitted, 41 queued]
[2020-10-17 03:46:56 #1254 INFO] post_ebrisk  97% [2631 submitted, 15 queued]
[2020-10-17 03:46:56 #1254 INFO] post_ebrisk  98% [2646 submitted, 0 queued]
[2020-10-17 03:47:00 #1254 INFO] post_ebrisk  99% [2646 submitted, 0 queued]
[2020-10-17 03:47:00 #1254 INFO] post_ebrisk 100% [2646 submitted, 0 queued]
[2020-10-17 03:47:00 #1254 INFO] Received {'tot': '49.59 MB'} in 312 seconds
[2020-10-17 03:47:00 #1254 INFO] Mean portfolio loss
============== =============== ===============
contents       nonstructural   structural     
============== =============== ===============
37_341_818_880 173_797_408_768 138_925_506_560
============== =============== ===============
[2020-10-17 03:47:00 #1254 INFO] Sanity check on agg_losses/tot_losses
[2020-10-17 03:47:00 #1254 INFO] Exposing the outputs to the database
[2020-10-17 03:47:01 #1254 INFO] Stored 395.3 MB on /mnt/data/murray.journeay/oqdata/calc_1254.hdf5 in 2141 seconds
  id | name
6277 | Aggregate Event Losses
6269 | Aggregate Loss Curves
6270 | Aggregate Loss Curves Statistics
6271 | Aggregate Losses
6272 | Aggregate Losses Statistics
6273 | Average Asset Losses Statistics
6279 | Earthquake Ruptures
6274 | Events
6275 | Full Report
6276 | Input Files
 ... | 6 additional output(s)
Some outputs were not shown. You can see the full list with the command
`oq engine --list-outputs 1254`
