[2020-10-28 21:29:07 #1404 INFO] murray.journeay running /mnt/data/shared/canada-2020/canada-srm2/eDamage/input/eDamage_r2_AB4870-80.ini [--hc=None]
[2020-10-28 21:29:07 #1404 INFO] Using engine version 3.11.0-git4f03c56
[2020-10-28 21:29:08 #1404 WARNING] Using 64 cores on gem-compute
[2020-10-28 21:29:08 #1404 INFO] Validated nationalModel.xml in 0.01 seconds
[2020-10-28 21:29:08 #1404 INFO] Checksum of the input files: 2528730147
[2020-10-28 21:29:08 #1404 INFO] Reading the risk model if present
[2020-10-28 21:29:11 #1404 INFO] Reading /mnt/data/shared/canada-2020/model-inputs/exposure/general-building-stock/oqBldgExp_AB4870-80.xml
[2020-10-28 21:29:17 #1404 INFO] Extracting the hazard sites from the site model
[2020-10-28 21:29:21 #1404 INFO] Associated 59464 assets to 11020 sites
[2020-10-28 21:29:24 #1404 INFO] Reducing risk model from 4224 to 461 taxonomies
[2020-10-28 21:29:25 #1404 INFO] Considering 50 logic tree paths out of 24_576
[2020-10-28 21:29:25 #1404 INFO] 6 effective smlt realization(s)
[2020-10-28 21:29:25 #1404 INFO] Reading the source model(s) in parallel
[2020-10-28 21:29:27 #1404 INFO] read_source_model  16% [6 submitted, 0 queued]
[2020-10-28 21:29:28 #1404 INFO] read_source_model  33% [6 submitted, 0 queued]
[2020-10-28 21:29:28 #1404 INFO] read_source_model  50% [6 submitted, 0 queued]
[2020-10-28 21:29:28 #1404 INFO] read_source_model  66% [6 submitted, 0 queued]
[2020-10-28 21:29:28 #1404 INFO] read_source_model  83% [6 submitted, 0 queued]
[2020-10-28 21:29:28 #1404 INFO] read_source_model 100% [6 submitted, 0 queued]
[2020-10-28 21:29:28 #1404 INFO] Received {'/mnt/data/shared/canada-2020/CanadaSHM6/OpenQuake_model_files/sources/nationalModel/xml/simplifiedModel/WCan_HYeast_Harctic_simplified_collapsedRates.xml': '141.06 KB', '/mnt/data/shared/canada-2020/CanadaSHM6/OpenQuake_model_files/sources/nationalModel/xml/simplifiedModel/WCan_H2east_Harctic_simplified_collapsedRates.xml': '135.23 KB', '/mnt/data/shared/canada-2020/CanadaSHM6/OpenQuake_model_files/sources/nationalModel/xml/simplifiedModel/WCan_HYeast_Rarctic_simplified_collapsedRates.xml': '134.61 KB', '/mnt/data/shared/canada-2020/CanadaSHM6/OpenQuake_model_files/sources/nationalModel/xml/simplifiedModel/WCan_H2east_Rarctic_simplified_collapsedRates.xml': '128.78 KB', '/mnt/data/shared/canada-2020/CanadaSHM6/OpenQuake_model_files/sources/nationalModel/xml/simplifiedModel/WCan_R2east_Harctic_simplified_collapsedRates.xml': '119.91 KB', '/mnt/data/shared/canada-2020/CanadaSHM6/OpenQuake_model_files/sources/nationalModel/xml/simplifiedModel/WCan_R2east_Rarctic_simplified_collapsedRates.xml': '113.68 KB'} in 1 seconds
[2020-10-28 21:29:28 #1404 WARNING] There are multiple different sources with the same ID [<AreaSource SCCCT>, <AreaSource SCCCT>, <AreaSource SCCCT>, <AreaSource SCCCT>, <AreaSource SCCCT>, <AreaSource SCCCT>]
[2020-10-28 21:31:05 #1404 INFO] There are 195 sources
[2020-10-28 21:31:05 #1404 INFO] Checking the sources bounding box
[2020-10-28 21:31:05 #1404 ERROR] source ACM: The buffer of 600 km is too large, the bounding box is larger than half the globe: 219 degrees
[2020-10-28 21:31:05 #1404 INFO] Rupture floating factor = 1.6265060240963856
[2020-10-28 21:31:05 #1404 INFO] Rupture spinning factor = 3.2710843373493974
[2020-10-28 21:31:06 #1404 INFO] gzipping the input files
[2020-10-28 21:31:07 #1404 INFO] Storing risk model
[2020-10-28 21:31:08 #1404 INFO] minimum_intensity={'SA(0.3)': 0.1, 'SA(0.6)': 0.05, 'SA(1.0)': 0.05, 'SA(2.0)': 0.05}
[2020-10-28 21:31:08 #1404 INFO] Building ruptures
[2020-10-28 21:31:08 #1404 INFO] Sending <SourceGroup Subduction IntraSlab30, 1 source(s)>
[2020-10-28 21:31:08 #1404 INFO] Sending <SourceGroup Subduction IntraSlab55, 4 source(s)>
[2020-10-28 21:31:08 #1404 INFO] Sending <SourceGroup Subduction Interface, 13 source(s)>
[2020-10-28 21:31:08 #1404 INFO] Sending <SourceGroup Stable Shallow Crust, 120 source(s)>
[2020-10-28 21:31:08 #1404 INFO] Sending <SourceGroup Active Shallow Crust, 59 source(s)>
[2020-10-28 21:31:10 #1404 INFO] Sent 64 tasks, 92.75 MB in 0 seconds
[2020-10-28 21:31:11 #1404 INFO] sample_ruptures   1% [65 submitted, 19 queued]
[2020-10-28 21:31:11 #1404 INFO] sample_ruptures   2% [66 submitted, 18 queued]
[2020-10-28 21:31:11 #1404 INFO] sample_ruptures   3% [67 submitted, 17 queued]
[2020-10-28 21:31:12 #1404 INFO] sample_ruptures   4% [68 submitted, 16 queued]
[2020-10-28 21:31:12 #1404 INFO] sample_ruptures   5% [69 submitted, 15 queued]
[2020-10-28 21:31:12 #1404 INFO] sample_ruptures   7% [70 submitted, 14 queued]
[2020-10-28 21:31:12 #1404 INFO] sample_ruptures   8% [71 submitted, 13 queued]
[2020-10-28 21:31:12 #1404 INFO] sample_ruptures   9% [72 submitted, 12 queued]
[2020-10-28 21:31:12 #1404 INFO] sample_ruptures  10% [73 submitted, 11 queued]
[2020-10-28 21:31:12 #1404 INFO] sample_ruptures  11% [74 submitted, 10 queued]
[2020-10-28 21:31:12 #1404 INFO] sample_ruptures  13% [75 submitted, 9 queued]
[2020-10-28 21:31:12 #1404 INFO] sample_ruptures  14% [76 submitted, 8 queued]
[2020-10-28 21:31:12 #1404 INFO] sample_ruptures  15% [77 submitted, 7 queued]
[2020-10-28 21:31:12 #1404 INFO] sample_ruptures  16% [78 submitted, 6 queued]
[2020-10-28 21:31:12 #1404 INFO] sample_ruptures  17% [79 submitted, 5 queued]
[2020-10-28 21:31:13 #1404 INFO] sample_ruptures  19% [80 submitted, 4 queued]
[2020-10-28 21:31:13 #1404 INFO] sample_ruptures  20% [81 submitted, 3 queued]
[2020-10-28 21:31:13 #1404 INFO] sample_ruptures  21% [82 submitted, 2 queued]
[2020-10-28 21:31:13 #1404 INFO] sample_ruptures  22% [83 submitted, 1 queued]
[2020-10-28 21:31:13 #1404 INFO] sample_ruptures  23% [84 submitted, 0 queued]
[2020-10-28 21:31:13 #1404 INFO] sample_ruptures  25% [84 submitted, 0 queued]
[2020-10-28 21:31:13 #1404 INFO] sample_ruptures  26% [84 submitted, 0 queued]
[2020-10-28 21:31:13 #1404 INFO] sample_ruptures  27% [84 submitted, 0 queued]
[2020-10-28 21:31:13 #1404 INFO] sample_ruptures  28% [84 submitted, 0 queued]
[2020-10-28 21:31:13 #1404 INFO] sample_ruptures  29% [84 submitted, 0 queued]
[2020-10-28 21:31:13 #1404 INFO] sample_ruptures  30% [84 submitted, 0 queued]
[2020-10-28 21:31:13 #1404 INFO] sample_ruptures  32% [84 submitted, 0 queued]
[2020-10-28 21:31:13 #1404 INFO] sample_ruptures  33% [84 submitted, 0 queued]
[2020-10-28 21:31:13 #1404 INFO] sample_ruptures  34% [84 submitted, 0 queued]
[2020-10-28 21:31:13 #1404 INFO] sample_ruptures  35% [84 submitted, 0 queued]
[2020-10-28 21:31:13 #1404 INFO] sample_ruptures  36% [84 submitted, 0 queued]
[2020-10-28 21:31:13 #1404 INFO] sample_ruptures  38% [84 submitted, 0 queued]
[2020-10-28 21:31:13 #1404 INFO] sample_ruptures  39% [84 submitted, 0 queued]
[2020-10-28 21:31:13 #1404 INFO] sample_ruptures  40% [84 submitted, 0 queued]
[2020-10-28 21:31:13 #1404 INFO] sample_ruptures  41% [84 submitted, 0 queued]
[2020-10-28 21:31:13 #1404 INFO] sample_ruptures  42% [84 submitted, 0 queued]
[2020-10-28 21:31:13 #1404 INFO] sample_ruptures  44% [84 submitted, 0 queued]
[2020-10-28 21:31:13 #1404 INFO] sample_ruptures  45% [84 submitted, 0 queued]
[2020-10-28 21:31:13 #1404 INFO] sample_ruptures  46% [84 submitted, 0 queued]
[2020-10-28 21:31:14 #1404 INFO] sample_ruptures  47% [84 submitted, 0 queued]
[2020-10-28 21:31:14 #1404 INFO] sample_ruptures  48% [84 submitted, 0 queued]
[2020-10-28 21:31:14 #1404 INFO] sample_ruptures  50% [84 submitted, 0 queued]
[2020-10-28 21:31:14 #1404 INFO] sample_ruptures  51% [84 submitted, 0 queued]
[2020-10-28 21:31:14 #1404 INFO] sample_ruptures  52% [84 submitted, 0 queued]
[2020-10-28 21:31:14 #1404 INFO] sample_ruptures  53% [84 submitted, 0 queued]
[2020-10-28 21:31:14 #1404 INFO] sample_ruptures  54% [84 submitted, 0 queued]
[2020-10-28 21:31:14 #1404 INFO] sample_ruptures  55% [84 submitted, 0 queued]
[2020-10-28 21:31:14 #1404 INFO] sample_ruptures  57% [84 submitted, 0 queued]
[2020-10-28 21:31:14 #1404 INFO] sample_ruptures  58% [84 submitted, 0 queued]
[2020-10-28 21:31:14 #1404 INFO] sample_ruptures  59% [84 submitted, 0 queued]
[2020-10-28 21:31:14 #1404 INFO] sample_ruptures  60% [84 submitted, 0 queued]
[2020-10-28 21:31:14 #1404 INFO] sample_ruptures  61% [84 submitted, 0 queued]
[2020-10-28 21:31:14 #1404 INFO] sample_ruptures  63% [84 submitted, 0 queued]
[2020-10-28 21:31:14 #1404 INFO] sample_ruptures  64% [84 submitted, 0 queued]
[2020-10-28 21:31:14 #1404 INFO] sample_ruptures  65% [84 submitted, 0 queued]
[2020-10-28 21:31:14 #1404 INFO] sample_ruptures  66% [84 submitted, 0 queued]
[2020-10-28 21:31:14 #1404 INFO] sample_ruptures  67% [84 submitted, 0 queued]
[2020-10-28 21:31:14 #1404 INFO] sample_ruptures  69% [84 submitted, 0 queued]
[2020-10-28 21:31:14 #1404 INFO] sample_ruptures  70% [84 submitted, 0 queued]
[2020-10-28 21:31:14 #1404 INFO] sample_ruptures  71% [84 submitted, 0 queued]
[2020-10-28 21:31:15 #1404 INFO] sample_ruptures  72% [84 submitted, 0 queued]
[2020-10-28 21:31:15 #1404 INFO] sample_ruptures  73% [84 submitted, 0 queued]
[2020-10-28 21:31:15 #1404 INFO] sample_ruptures  75% [84 submitted, 0 queued]
[2020-10-28 21:31:15 #1404 INFO] sample_ruptures  76% [84 submitted, 0 queued]
[2020-10-28 21:31:25 #1404 INFO] sample_ruptures  77% [84 submitted, 0 queued]
[2020-10-28 21:31:30 #1404 INFO] sample_ruptures  78% [84 submitted, 0 queued]
[2020-10-28 21:31:45 #1404 INFO] sample_ruptures  79% [84 submitted, 0 queued]
[2020-10-28 21:31:56 #1404 INFO] sample_ruptures  80% [84 submitted, 0 queued]
[2020-10-28 21:31:59 #1404 INFO] sample_ruptures  82% [84 submitted, 0 queued]
[2020-10-28 21:32:02 #1404 INFO] sample_ruptures  83% [84 submitted, 0 queued]
[2020-10-28 21:32:03 #1404 INFO] sample_ruptures  84% [84 submitted, 0 queued]
[2020-10-28 21:32:05 #1404 INFO] sample_ruptures  85% [84 submitted, 0 queued]
[2020-10-28 21:32:06 #1404 INFO] sample_ruptures  86% [84 submitted, 0 queued]
[2020-10-28 21:32:08 #1404 INFO] sample_ruptures  88% [84 submitted, 0 queued]
[2020-10-28 21:32:11 #1404 INFO] sample_ruptures  89% [84 submitted, 0 queued]
[2020-10-28 21:32:12 #1404 INFO] sample_ruptures  90% [84 submitted, 0 queued]
[2020-10-28 21:32:14 #1404 INFO] sample_ruptures  91% [84 submitted, 0 queued]
[2020-10-28 21:32:15 #1404 INFO] sample_ruptures  92% [84 submitted, 0 queued]
[2020-10-28 21:32:29 #1404 INFO] sample_ruptures  94% [84 submitted, 0 queued]
[2020-10-28 21:32:52 #1404 INFO] sample_ruptures  95% [84 submitted, 0 queued]
[2020-10-28 21:32:57 #1404 INFO] sample_ruptures  96% [84 submitted, 0 queued]
[2020-10-28 21:33:13 #1404 INFO] sample_ruptures  97% [84 submitted, 0 queued]
[2020-10-28 21:33:41 #1404 INFO] sample_ruptures  98% [84 submitted, 0 queued]
[2020-10-28 21:38:25 #1404 INFO] sample_ruptures 100% [84 submitted, 0 queued]
[2020-10-28 21:38:25 #1404 INFO] Received {'rup_array': '143.05 MB', 'calc_times': '19.35 KB', 'eff_ruptures': '3.37 KB'} in 435 seconds
[2020-10-28 21:38:25 #1404 INFO] There are 50 realization(s)
[2020-10-28 21:38:25 #1404 INFO] Reordering the ruptures and storing the events
[2020-10-28 21:38:26 #1404 INFO] Associating event_id -> rlz_id for 555_894 events and 449_849 ruptures
[2020-10-28 21:38:38 #1404 INFO] Sent 138 tasks, 48.61 MB in 11 seconds
[2020-10-28 21:38:40 #1404 INFO] Received {'tot': '5.34 MB'} in 2 seconds
[2020-10-28 21:38:44 #1404 INFO] Reading 449_849 ruptures
[2020-10-28 21:39:08 #1404 INFO] Sent 138 tasks, 58.77 MB in 23 seconds
[2020-10-28 21:39:08 #1404 INFO] compute_gmfs   1% [138 submitted, 0 queued]
[2020-10-28 21:39:08 #1404 INFO] compute_gmfs   2% [138 submitted, 0 queued]
[2020-10-28 21:40:03 #1404 INFO] compute_gmfs   3% [138 submitted, 0 queued]
[2020-10-28 21:40:04 #1404 INFO] compute_gmfs   4% [138 submitted, 0 queued]
[2020-10-28 21:40:06 #1404 INFO] compute_gmfs   5% [138 submitted, 0 queued]
[2020-10-28 21:40:11 #1404 INFO] compute_gmfs   6% [138 submitted, 0 queued]
[2020-10-28 21:40:11 #1404 INFO] compute_gmfs   7% [138 submitted, 0 queued]
[2020-10-28 21:40:13 #1404 INFO] compute_gmfs   8% [138 submitted, 0 queued]
[2020-10-28 21:40:16 #1404 INFO] compute_gmfs   9% [138 submitted, 0 queued]
[2020-10-28 21:40:17 #1404 INFO] compute_gmfs  10% [138 submitted, 0 queued]
[2020-10-28 21:40:18 #1404 INFO] compute_gmfs  11% [138 submitted, 0 queued]
[2020-10-28 21:40:18 #1404 INFO] compute_gmfs  12% [138 submitted, 0 queued]
[2020-10-28 21:40:18 #1404 INFO] compute_gmfs  13% [138 submitted, 0 queued]
[2020-10-28 21:40:19 #1404 INFO] compute_gmfs  14% [138 submitted, 0 queued]
[2020-10-28 21:40:19 #1404 INFO] compute_gmfs  15% [138 submitted, 0 queued]
[2020-10-28 21:40:20 #1404 INFO] compute_gmfs  16% [138 submitted, 0 queued]
[2020-10-28 21:40:21 #1404 INFO] compute_gmfs  17% [138 submitted, 0 queued]
[2020-10-28 21:40:21 #1404 INFO] compute_gmfs  18% [138 submitted, 0 queued]
[2020-10-28 21:40:22 #1404 INFO] compute_gmfs  19% [138 submitted, 0 queued]
[2020-10-28 21:40:22 #1404 INFO] compute_gmfs  20% [138 submitted, 0 queued]
[2020-10-28 21:40:22 #1404 INFO] compute_gmfs  21% [138 submitted, 0 queued]
[2020-10-28 21:40:23 #1404 INFO] compute_gmfs  22% [138 submitted, 0 queued]
[2020-10-28 21:40:23 #1404 INFO] compute_gmfs  23% [138 submitted, 0 queued]
[2020-10-28 21:40:24 #1404 INFO] compute_gmfs  24% [138 submitted, 0 queued]
[2020-10-28 21:40:24 #1404 INFO] compute_gmfs  25% [138 submitted, 0 queued]
[2020-10-28 21:40:25 #1404 INFO] compute_gmfs  26% [138 submitted, 0 queued]
[2020-10-28 21:40:25 #1404 INFO] compute_gmfs  27% [138 submitted, 0 queued]
[2020-10-28 21:40:25 #1404 INFO] compute_gmfs  28% [138 submitted, 0 queued]
[2020-10-28 21:40:26 #1404 INFO] compute_gmfs  29% [138 submitted, 0 queued]
[2020-10-28 21:40:26 #1404 INFO] compute_gmfs  30% [138 submitted, 0 queued]
[2020-10-28 21:40:29 #1404 INFO] compute_gmfs  31% [138 submitted, 0 queued]
[2020-10-28 21:40:31 #1404 INFO] compute_gmfs  32% [138 submitted, 0 queued]
[2020-10-28 21:40:32 #1404 INFO] compute_gmfs  33% [138 submitted, 0 queued]
[2020-10-28 21:40:32 #1404 INFO] compute_gmfs  34% [138 submitted, 0 queued]
[2020-10-28 21:40:39 #1404 INFO] compute_gmfs  35% [138 submitted, 0 queued]
[2020-10-28 21:40:51 #1404 INFO] compute_gmfs  36% [138 submitted, 0 queued]
[2020-10-28 21:41:19 #1404 INFO] compute_gmfs  37% [138 submitted, 0 queued]
[2020-10-28 21:41:19 #1404 INFO] compute_gmfs  38% [138 submitted, 0 queued]
[2020-10-28 21:41:22 #1404 INFO] compute_gmfs  39% [138 submitted, 0 queued]
[2020-10-28 21:41:26 #1404 INFO] compute_gmfs  40% [138 submitted, 0 queued]
[2020-10-28 21:41:30 #1404 INFO] compute_gmfs  41% [138 submitted, 0 queued]
[2020-10-28 21:41:35 #1404 INFO] compute_gmfs  42% [138 submitted, 0 queued]
[2020-10-28 21:41:40 #1404 INFO] compute_gmfs  43% [138 submitted, 0 queued]
[2020-10-28 21:41:41 #1404 INFO] compute_gmfs  44% [138 submitted, 0 queued]
[2020-10-28 21:41:42 #1404 INFO] compute_gmfs  45% [138 submitted, 0 queued]
[2020-10-28 21:41:42 #1404 INFO] compute_gmfs  46% [138 submitted, 0 queued]
[2020-10-28 21:41:43 #1404 INFO] compute_gmfs  47% [138 submitted, 0 queued]
[2020-10-28 21:41:53 #1404 INFO] compute_gmfs  48% [138 submitted, 0 queued]
[2020-10-28 21:42:02 #1404 INFO] compute_gmfs  49% [138 submitted, 0 queued]
[2020-10-28 21:42:25 #1404 INFO] compute_gmfs  50% [138 submitted, 0 queued]
[2020-10-28 21:42:31 #1404 INFO] compute_gmfs  51% [138 submitted, 0 queued]
[2020-10-28 21:42:42 #1404 INFO] compute_gmfs  52% [138 submitted, 0 queued]
[2020-10-28 21:42:46 #1404 INFO] compute_gmfs  53% [138 submitted, 0 queued]
[2020-10-28 21:42:51 #1404 INFO] compute_gmfs  54% [138 submitted, 0 queued]
[2020-10-28 21:42:52 #1404 INFO] compute_gmfs  55% [138 submitted, 0 queued]
[2020-10-28 21:43:16 #1404 INFO] compute_gmfs  56% [138 submitted, 0 queued]
[2020-10-28 21:43:17 #1404 INFO] compute_gmfs  57% [138 submitted, 0 queued]
[2020-10-28 21:43:20 #1404 INFO] compute_gmfs  58% [138 submitted, 0 queued]
[2020-10-28 21:43:21 #1404 INFO] compute_gmfs  59% [138 submitted, 0 queued]
[2020-10-28 21:43:25 #1404 INFO] compute_gmfs  60% [138 submitted, 0 queued]
[2020-10-28 21:43:30 #1404 INFO] compute_gmfs  61% [138 submitted, 0 queued]
[2020-10-28 21:43:35 #1404 INFO] compute_gmfs  62% [138 submitted, 0 queued]
[2020-10-28 21:43:41 #1404 INFO] compute_gmfs  63% [138 submitted, 0 queued]
[2020-10-28 21:43:49 #1404 INFO] compute_gmfs  64% [138 submitted, 0 queued]
[2020-10-28 21:43:51 #1404 INFO] compute_gmfs  65% [138 submitted, 0 queued]
[2020-10-28 21:43:55 #1404 INFO] compute_gmfs  66% [138 submitted, 0 queued]
[2020-10-28 21:44:06 #1404 INFO] compute_gmfs  67% [138 submitted, 0 queued]
[2020-10-28 21:44:14 #1404 INFO] compute_gmfs  68% [138 submitted, 0 queued]
[2020-10-28 21:44:15 #1404 INFO] compute_gmfs  69% [138 submitted, 0 queued]
[2020-10-28 21:44:25 #1404 INFO] compute_gmfs  70% [138 submitted, 0 queued]
[2020-10-28 21:44:27 #1404 INFO] compute_gmfs  71% [138 submitted, 0 queued]
[2020-10-28 21:44:53 #1404 INFO] compute_gmfs  72% [138 submitted, 0 queued]
[2020-10-28 21:45:07 #1404 INFO] compute_gmfs  73% [138 submitted, 0 queued]
[2020-10-28 21:46:44 #1404 INFO] compute_gmfs  74% [138 submitted, 0 queued]
[2020-10-28 21:47:06 #1404 INFO] compute_gmfs  75% [138 submitted, 0 queued]
[2020-10-28 21:47:16 #1404 INFO] compute_gmfs  76% [138 submitted, 0 queued]
[2020-10-28 21:48:07 #1404 INFO] compute_gmfs  77% [138 submitted, 0 queued]
[2020-10-28 21:48:09 #1404 INFO] compute_gmfs  78% [138 submitted, 0 queued]
[2020-10-28 21:48:10 #1404 INFO] compute_gmfs  79% [138 submitted, 0 queued]
[2020-10-28 21:48:10 #1404 INFO] compute_gmfs  80% [138 submitted, 0 queued]
[2020-10-28 21:48:12 #1404 INFO] compute_gmfs  81% [138 submitted, 0 queued]
[2020-10-28 21:48:17 #1404 INFO] compute_gmfs  82% [138 submitted, 0 queued]
[2020-10-28 21:48:23 #1404 INFO] compute_gmfs  83% [138 submitted, 0 queued]
[2020-10-28 21:48:24 #1404 INFO] compute_gmfs  84% [138 submitted, 0 queued]
[2020-10-28 21:48:27 #1404 INFO] compute_gmfs  85% [138 submitted, 0 queued]
[2020-10-28 21:48:37 #1404 INFO] compute_gmfs  86% [138 submitted, 0 queued]
[2020-10-28 21:48:46 #1404 INFO] compute_gmfs  87% [138 submitted, 0 queued]
[2020-10-28 21:48:49 #1404 INFO] compute_gmfs  88% [138 submitted, 0 queued]
[2020-10-28 21:48:49 #1404 INFO] compute_gmfs  89% [138 submitted, 0 queued]
[2020-10-28 21:49:30 #1404 INFO] compute_gmfs  90% [138 submitted, 0 queued]
[2020-10-28 21:49:39 #1404 INFO] compute_gmfs  91% [138 submitted, 0 queued]
[2020-10-28 21:49:54 #1404 INFO] compute_gmfs  92% [138 submitted, 0 queued]
[2020-10-28 21:50:01 #1404 INFO] compute_gmfs  93% [138 submitted, 0 queued]
[2020-10-28 21:50:45 #1404 INFO] compute_gmfs  94% [138 submitted, 0 queued]
[2020-10-28 21:51:35 #1404 INFO] compute_gmfs  95% [138 submitted, 0 queued]
[2020-10-28 21:51:50 #1404 INFO] compute_gmfs  96% [138 submitted, 0 queued]
[2020-10-28 21:53:34 #1404 INFO] compute_gmfs  97% [138 submitted, 0 queued]
[2020-10-28 21:56:31 #1404 INFO] compute_gmfs  98% [138 submitted, 0 queued]
[2020-10-28 21:56:35 #1404 INFO] compute_gmfs  99% [138 submitted, 0 queued]
[2020-10-28 21:58:45 #1404 INFO] compute_gmfs 100% [138 submitted, 0 queued]
[2020-10-28 21:58:46 #1404 INFO] Received {'gmfdata': '534.54 MB', 'times': '4.97 MB', 'sig_eps': '1.95 MB', 'hcurves': '1.89 KB'} in 1177 seconds
[2020-10-28 21:58:46 #1404 INFO] Stored 65862 relevant event IDs
[2020-10-28 21:58:46 #1404 INFO] Building risk inputs from 50 realization(s)
[2020-10-28 21:58:54 #1404 INFO] Grouped the GMFs by site ID
[2020-10-28 21:59:04 #1404 INFO] Built 11020 risk inputs
[2020-10-28 21:59:11 #1404 INFO] Sent 135 tasks, 599.76 MB in 5 seconds
[2020-10-28 21:59:29 #1404 INFO] scenario_damage   1% [135 submitted, 0 queued]
[2020-10-28 21:59:31 #1404 INFO] scenario_damage   2% [135 submitted, 0 queued]
[2020-10-28 21:59:34 #1404 INFO] scenario_damage   3% [135 submitted, 0 queued]
[2020-10-28 21:59:40 #1404 INFO] scenario_damage   4% [135 submitted, 0 queued]
[2020-10-28 21:59:58 #1404 INFO] scenario_damage   5% [135 submitted, 0 queued]
[2020-10-28 22:00:07 #1404 INFO] scenario_damage   6% [135 submitted, 0 queued]
[2020-10-28 22:00:09 #1404 INFO] scenario_damage   7% [135 submitted, 0 queued]
[2020-10-28 22:00:20 #1404 INFO] scenario_damage   8% [135 submitted, 0 queued]
[2020-10-28 22:00:25 #1404 INFO] scenario_damage   9% [135 submitted, 0 queued]
[2020-10-28 22:00:32 #1404 INFO] scenario_damage  10% [135 submitted, 0 queued]
[2020-10-28 22:00:36 #1404 INFO] scenario_damage  11% [135 submitted, 0 queued]
[2020-10-28 22:00:40 #1404 INFO] scenario_damage  12% [135 submitted, 0 queued]
[2020-10-28 22:00:43 #1404 INFO] scenario_damage  13% [135 submitted, 0 queued]
[2020-10-28 22:00:46 #1404 INFO] scenario_damage  14% [135 submitted, 0 queued]
[2020-10-28 22:00:49 #1404 INFO] scenario_damage  15% [135 submitted, 0 queued]
[2020-10-28 22:00:49 #1404 INFO] scenario_damage  16% [135 submitted, 0 queued]
[2020-10-28 22:00:50 #1404 INFO] scenario_damage  17% [135 submitted, 0 queued]
[2020-10-28 22:00:54 #1404 INFO] scenario_damage  18% [135 submitted, 0 queued]
[2020-10-28 22:00:54 #1404 INFO] scenario_damage  19% [135 submitted, 0 queued]
[2020-10-28 22:00:56 #1404 INFO] scenario_damage  20% [135 submitted, 0 queued]
[2020-10-28 22:00:56 #1404 INFO] scenario_damage  21% [135 submitted, 0 queued]
[2020-10-28 22:00:56 #1404 INFO] scenario_damage  22% [135 submitted, 0 queued]
[2020-10-28 22:01:02 #1404 INFO] scenario_damage  23% [135 submitted, 0 queued]
[2020-10-28 22:01:03 #1404 INFO] scenario_damage  24% [135 submitted, 0 queued]
[2020-10-28 22:01:05 #1404 INFO] scenario_damage  25% [135 submitted, 0 queued]
[2020-10-28 22:01:06 #1404 INFO] scenario_damage  26% [135 submitted, 0 queued]
[2020-10-28 22:01:07 #1404 INFO] scenario_damage  27% [135 submitted, 0 queued]
[2020-10-28 22:01:08 #1404 INFO] scenario_damage  28% [135 submitted, 0 queued]
[2020-10-28 22:01:12 #1404 INFO] scenario_damage  29% [135 submitted, 0 queued]
[2020-10-28 22:01:13 #1404 INFO] scenario_damage  30% [135 submitted, 0 queued]
[2020-10-28 22:01:14 #1404 INFO] scenario_damage  31% [135 submitted, 0 queued]
[2020-10-28 22:01:16 #1404 INFO] scenario_damage  32% [135 submitted, 0 queued]
[2020-10-28 22:01:19 #1404 INFO] scenario_damage  33% [135 submitted, 0 queued]
[2020-10-28 22:01:19 #1404 INFO] scenario_damage  34% [135 submitted, 0 queued]
[2020-10-28 22:01:24 #1404 INFO] scenario_damage  35% [135 submitted, 0 queued]
[2020-10-28 22:01:24 #1404 INFO] scenario_damage  36% [135 submitted, 0 queued]
[2020-10-28 22:01:26 #1404 INFO] scenario_damage  37% [135 submitted, 0 queued]
[2020-10-28 22:01:28 #1404 INFO] scenario_damage  38% [135 submitted, 0 queued]
[2020-10-28 22:01:29 #1404 INFO] scenario_damage  39% [135 submitted, 0 queued]
[2020-10-28 22:01:31 #1404 INFO] scenario_damage  40% [135 submitted, 0 queued]
[2020-10-28 22:01:33 #1404 INFO] scenario_damage  41% [135 submitted, 0 queued]
[2020-10-28 22:01:37 #1404 INFO] scenario_damage  42% [135 submitted, 0 queued]
[2020-10-28 22:01:39 #1404 INFO] scenario_damage  43% [135 submitted, 0 queued]
[2020-10-28 22:01:39 #1404 INFO] scenario_damage  44% [135 submitted, 0 queued]
[2020-10-28 22:01:41 #1404 INFO] scenario_damage  45% [135 submitted, 0 queued]
[2020-10-28 22:01:42 #1404 INFO] scenario_damage  46% [135 submitted, 0 queued]
[2020-10-28 22:01:46 #1404 INFO] scenario_damage  47% [135 submitted, 0 queued]
[2020-10-28 22:01:49 #1404 INFO] scenario_damage  48% [135 submitted, 0 queued]
[2020-10-28 22:01:51 #1404 INFO] scenario_damage  49% [135 submitted, 0 queued]
[2020-10-28 22:02:01 #1404 INFO] scenario_damage  50% [135 submitted, 0 queued]
[2020-10-28 22:02:02 #1404 INFO] scenario_damage  51% [135 submitted, 0 queued]
[2020-10-28 22:02:07 #1404 INFO] scenario_damage  52% [135 submitted, 0 queued]
[2020-10-28 22:02:11 #1404 INFO] scenario_damage  53% [135 submitted, 0 queued]
[2020-10-28 22:02:14 #1404 INFO] scenario_damage  54% [135 submitted, 0 queued]
[2020-10-28 22:02:20 #1404 INFO] scenario_damage  55% [135 submitted, 0 queued]
[2020-10-28 22:02:23 #1404 INFO] scenario_damage  56% [135 submitted, 0 queued]
[2020-10-28 22:02:23 #1404 INFO] scenario_damage  57% [135 submitted, 0 queued]
[2020-10-28 22:02:29 #1404 INFO] scenario_damage  58% [135 submitted, 0 queued]
[2020-10-28 22:02:35 #1404 INFO] scenario_damage  59% [135 submitted, 0 queued]
[2020-10-28 22:02:36 #1404 INFO] scenario_damage  60% [135 submitted, 0 queued]
[2020-10-28 22:02:48 #1404 INFO] scenario_damage  61% [135 submitted, 0 queued]
[2020-10-28 22:02:51 #1404 INFO] scenario_damage  62% [135 submitted, 0 queued]
[2020-10-28 22:02:52 #1404 INFO] scenario_damage  63% [135 submitted, 0 queued]
[2020-10-28 22:02:54 #1404 INFO] scenario_damage  64% [135 submitted, 0 queued]
[2020-10-28 22:02:55 #1404 INFO] scenario_damage  65% [135 submitted, 0 queued]
[2020-10-28 22:02:57 #1404 INFO] scenario_damage  66% [135 submitted, 0 queued]
[2020-10-28 22:02:59 #1404 INFO] scenario_damage  67% [135 submitted, 0 queued]
[2020-10-28 22:02:59 #1404 INFO] scenario_damage  68% [135 submitted, 0 queued]
[2020-10-28 22:03:02 #1404 INFO] scenario_damage  69% [135 submitted, 0 queued]
[2020-10-28 22:03:03 #1404 INFO] scenario_damage  70% [135 submitted, 0 queued]
[2020-10-28 22:03:03 #1404 INFO] scenario_damage  71% [135 submitted, 0 queued]
[2020-10-28 22:03:15 #1404 INFO] scenario_damage  72% [135 submitted, 0 queued]
[2020-10-28 22:03:15 #1404 INFO] scenario_damage  73% [135 submitted, 0 queued]
[2020-10-28 22:03:15 #1404 INFO] scenario_damage  74% [135 submitted, 0 queued]
[2020-10-28 22:03:18 #1404 INFO] scenario_damage  75% [135 submitted, 0 queued]
[2020-10-28 22:03:18 #1404 INFO] scenario_damage  76% [135 submitted, 0 queued]
[2020-10-28 22:03:18 #1404 INFO] scenario_damage  77% [135 submitted, 0 queued]
[2020-10-28 22:03:21 #1404 INFO] scenario_damage  78% [135 submitted, 0 queued]
[2020-10-28 22:03:22 #1404 INFO] scenario_damage  79% [135 submitted, 0 queued]
[2020-10-28 22:03:24 #1404 INFO] scenario_damage  80% [135 submitted, 0 queued]
[2020-10-28 22:03:33 #1404 INFO] scenario_damage  81% [135 submitted, 0 queued]
[2020-10-28 22:03:34 #1404 INFO] scenario_damage  82% [135 submitted, 0 queued]
[2020-10-28 22:03:40 #1404 INFO] scenario_damage  83% [135 submitted, 0 queued]
[2020-10-28 22:03:42 #1404 INFO] scenario_damage  84% [135 submitted, 0 queued]
[2020-10-28 22:03:42 #1404 INFO] scenario_damage  85% [135 submitted, 0 queued]
[2020-10-28 22:03:44 #1404 INFO] scenario_damage  86% [135 submitted, 0 queued]
[2020-10-28 22:03:45 #1404 INFO] scenario_damage  87% [135 submitted, 0 queued]
[2020-10-28 22:03:49 #1404 INFO] scenario_damage  88% [135 submitted, 0 queued]
[2020-10-28 22:03:57 #1404 INFO] scenario_damage  89% [135 submitted, 0 queued]
[2020-10-28 22:03:58 #1404 INFO] scenario_damage  90% [135 submitted, 0 queued]
[2020-10-28 22:04:01 #1404 INFO] scenario_damage  91% [135 submitted, 0 queued]
[2020-10-28 22:04:09 #1404 INFO] scenario_damage  92% [135 submitted, 0 queued]
[2020-10-28 22:04:14 #1404 INFO] scenario_damage  93% [135 submitted, 0 queued]
[2020-10-28 22:04:15 #1404 INFO] scenario_damage  94% [135 submitted, 0 queued]
[2020-10-28 22:04:17 #1404 INFO] scenario_damage  95% [135 submitted, 0 queued]
[2020-10-28 22:04:18 #1404 INFO] scenario_damage  96% [135 submitted, 0 queued]
[2020-10-28 22:04:31 #1404 INFO] scenario_damage  97% [135 submitted, 0 queued]
[2020-10-28 22:04:32 #1404 INFO] scenario_damage  98% [135 submitted, 0 queued]
[2020-10-28 22:04:33 #1404 INFO] scenario_damage  99% [135 submitted, 0 queued]
[2020-10-28 22:04:49 #1404 INFO] scenario_damage 100% [135 submitted, 0 queued]
[2020-10-28 22:04:49 #1404 INFO] Received {'d_asset': '260.28 MB', 'aed': '247.36 MB', 'd_event': '102.74 MB'} in 338 seconds
[2020-10-28 22:04:57 #1404 INFO] Due to numeric errors the total number of assets is imprecise: {'expected': 139450.0, 'structural': 30912.783}
[2020-10-28 22:05:00 #1404 INFO] Exposing the outputs to the database
[2020-10-28 22:05:01 #1404 INFO] Stored 701.03 MB on /mnt/data/murray.journeay/oqdata/calc_1404.hdf5 in 2152 seconds
  id | name
7534 | Aggregate Event Damages
7532 | Average Asset Damages
7533 | Average Asset Damages Statistics
7540 | Earthquake Ruptures
7535 | Events
7536 | Full Report
7537 | Ground Motion Fields
7538 | Input Files
7539 | Realizations
