/home/ssm-user/src/oq-engine/openquake/hazardlib/gsim/base.py:347: ExperimentalWarning: CanadaSHM6_ActiveCrust_BooreEtAl2014 is experimental and may change in future versions - the user is liable for their application
  warnings.warn(msg, ExperimentalWarning)
/home/ssm-user/src/oq-engine/openquake/hazardlib/gsim/base.py:347: ExperimentalWarning: CanadaSHM6_ActiveCrust_AbrahamsonEtAl2014 is experimental and may change in future versions - the user is liable for their application
  warnings.warn(msg, ExperimentalWarning)
/home/ssm-user/src/oq-engine/openquake/hazardlib/gsim/base.py:347: ExperimentalWarning: CanadaSHM6_ActiveCrust_BooreEtAl2014 is experimental and may change in future versions - the user is liable for their application
  warnings.warn(msg, ExperimentalWarning)
/home/ssm-user/src/oq-engine/openquake/hazardlib/gsim/base.py:347: ExperimentalWarning: CanadaSHM6_ActiveCrust_CampbellBozorgnia2014 is experimental and may change in future versions - the user is liable for their application
  warnings.warn(msg, ExperimentalWarning)
/home/ssm-user/src/oq-engine/openquake/hazardlib/gsim/base.py:347: ExperimentalWarning: CanadaSHM6_ActiveCrust_ChiouYoungs2014 is experimental and may change in future versions - the user is liable for their application
  warnings.warn(msg, ExperimentalWarning)
[2021-10-28 01:45:33 #190 INFO] root running /mnt/storage/canada-srm2/eDamage/input/eDamage_b0_AB_T_EdmontonOuter.ini [--hc=None]
[2021-10-28 01:45:33 #190 INFO] Using engine version 3.11.3-git29ac352f7d
[2021-10-28 01:45:33 #190 WARNING] Version v3.11.4 of the engine is available, but you are still using version 3.11.3-git29ac352f7d
[2021-10-28 01:45:33 #190 WARNING] Using 96 cores on ip-10-70-136-127
[2021-10-28 01:45:33 #190 INFO] Validated nationalModel.xml in 0.01 seconds
[2021-10-28 01:45:33 #190 INFO] Checksum of the input files: 514598877
[2021-10-28 01:45:33 #190 INFO] Reading the risk model if present
[2021-10-28 01:45:36 #190 INFO] Reading /mnt/storage/openquake-inputs/exposure/general-building-stock/oqBldgExp_AB_T_EdmontonOuter.xml
[2021-10-28 01:45:46 #190 INFO] Extracting the hazard sites from the site model
[2021-10-28 01:45:51 #190 INFO] Associated 77079 assets to 11855 sites
[2021-10-28 01:45:57 #190 INFO] Reducing risk model from 4224 to 442 taxonomies
[2021-10-28 01:45:58 #190 INFO] minimum_asset_loss={'structural': 0}
[2021-10-28 01:45:58 #190 INFO] Considering 200 logic tree paths out of 24_576
[2021-10-28 01:45:58 #190 INFO] Reading the source model(s) in parallel
[2021-10-28 01:46:01 #190 INFO] read_source_model  16% [6 submitted, 0 queued]
[2021-10-28 01:46:02 #190 INFO] read_source_model  33% [6 submitted, 0 queued]
[2021-10-28 01:46:02 #190 INFO] read_source_model  50% [6 submitted, 0 queued]
[2021-10-28 01:46:02 #190 INFO] read_source_model  66% [6 submitted, 0 queued]
[2021-10-28 01:46:02 #190 INFO] read_source_model  83% [6 submitted, 0 queued]
[2021-10-28 01:46:02 #190 INFO] read_source_model 100% [6 submitted, 0 queued]
[2021-10-28 01:46:02 #190 INFO] Mean time per core=0s, std=0.0s, min=0s, max=0s
[2021-10-28 01:46:02 #190 INFO] Received {'/mnt/storage/CanadaSHM6/OpenQuake_model_files/sources/nationalModel/xml/simplifiedModel/WCan_HYeast_Harctic_simplified_collapsedRates.xml': '157.72 KB', '/mnt/storage/CanadaSHM6/OpenQuake_model_files/sources/nationalModel/xml/simplifiedModel/WCan_H2east_Harctic_simplified_collapsedRates.xml': '152.1 KB', '/mnt/storage/CanadaSHM6/OpenQuake_model_files/sources/nationalModel/xml/simplifiedModel/WCan_HYeast_Rarctic_simplified_collapsedRates.xml': '151.35 KB', '/mnt/storage/CanadaSHM6/OpenQuake_model_files/sources/nationalModel/xml/simplifiedModel/WCan_H2east_Rarctic_simplified_collapsedRates.xml': '145.73 KB', '/mnt/storage/CanadaSHM6/OpenQuake_model_files/sources/nationalModel/xml/simplifiedModel/WCan_R2east_Harctic_simplified_collapsedRates.xml': '137.01 KB', '/mnt/storage/CanadaSHM6/OpenQuake_model_files/sources/nationalModel/xml/simplifiedModel/WCan_R2east_Rarctic_simplified_collapsedRates.xml': '130.86 KB'} in 0 seconds
/home/ssm-user/src/oq-engine/openquake/hazardlib/gsim/base.py:347: ExperimentalWarning: CanadaSHM6_ActiveCrust_BooreEtAl2014 is experimental and may change in future versions - the user is liable for their application
  warnings.warn(msg, ExperimentalWarning)
/home/ssm-user/src/oq-engine/openquake/hazardlib/gsim/base.py:347: ExperimentalWarning: CanadaSHM6_ActiveCrust_BooreEtAl2014 is experimental and may change in future versions - the user is liable for their application
  warnings.warn(msg, ExperimentalWarning)
/home/ssm-user/src/oq-engine/openquake/hazardlib/gsim/base.py:347: ExperimentalWarning: CanadaSHM6_ActiveCrust_BooreEtAl2014 is experimental and may change in future versions - the user is liable for their application
  warnings.warn(msg, ExperimentalWarning)
/home/ssm-user/src/oq-engine/openquake/hazardlib/gsim/base.py:347: ExperimentalWarning: CanadaSHM6_ActiveCrust_BooreEtAl2014 is experimental and may change in future versions - the user is liable for their application
  warnings.warn(msg, ExperimentalWarning)
/home/ssm-user/src/oq-engine/openquake/hazardlib/gsim/base.py:347: ExperimentalWarning: CanadaSHM6_ActiveCrust_BooreEtAl2014 is experimental and may change in future versions - the user is liable for their application
  warnings.warn(msg, ExperimentalWarning)
/home/ssm-user/src/oq-engine/openquake/hazardlib/gsim/base.py:347: ExperimentalWarning: CanadaSHM6_ActiveCrust_BooreEtAl2014 is experimental and may change in future versions - the user is liable for their application
  warnings.warn(msg, ExperimentalWarning)
[2021-10-28 01:46:02 #190 INFO] There are multiple different sources with the same ID [<AreaSource SCCYA;0>, <AreaSource SCCYA;1>]
[2021-10-28 01:46:02 #190 INFO] There are 13 groups and 198 sources with len(et_ids)=3.87
[2021-10-28 01:46:02 #190 INFO] Checking the sources bounding box
[2021-10-28 01:46:02 #190 ERROR] source ACM: The buffer of 600 km is too large, the bounding box is larger than half the globe: 219 degrees
[2021-10-28 01:46:02 #190 INFO] Rupture floating factor = 1.6303030303030304
[2021-10-28 01:46:02 #190 INFO] Rupture spinning factor = 3.2181818181818183
[2021-10-28 01:46:02 #190 INFO] gzipping the input files
[2021-10-28 01:46:05 #190 INFO] Storing risk model
[2021-10-28 01:46:05 #190 INFO] minimum_intensity={'SA(0.3)': 0.02, 'SA(0.6)': 0.05, 'SA(1.0)': 0.05, 'SA(2.0)': 0.05}
[2021-10-28 01:46:05 #190 INFO] Building ruptures
[2021-10-28 01:47:40 #190 INFO] Sending <SourceGroup Subduction IntraSlab30, 1 source(s)>
[2021-10-28 01:47:40 #190 INFO] Sending <SourceGroup Subduction IntraSlab55, 4 source(s)>
[2021-10-28 01:47:40 #190 INFO] Sending <SourceGroup Subduction Interface, 14 source(s)>
[2021-10-28 01:47:40 #190 INFO] Sending <SourceGroup Stable Shallow Crust, 29 source(s)>
[2021-10-28 01:47:40 #190 INFO] Sending <SourceGroup Stable Shallow Crust, 4 source(s)>
[2021-10-28 01:47:40 #190 INFO] Sending <SourceGroup Stable Shallow Crust, 6 source(s)>
[2021-10-28 01:47:40 #190 INFO] Sending <SourceGroup Stable Shallow Crust, 18 source(s)>
[2021-10-28 01:47:40 #190 INFO] Sending <SourceGroup Stable Shallow Crust, 10 source(s)>
[2021-10-28 01:47:40 #190 INFO] Sending <SourceGroup Stable Shallow Crust, 38 source(s)>
[2021-10-28 01:47:40 #190 INFO] Sending <SourceGroup Stable Shallow Crust, 14 source(s)>
[2021-10-28 01:47:40 #190 INFO] Sending <SourceGroup Active Shallow Crust, 1 source(s)>
[2021-10-28 01:47:40 #190 INFO] Sending <SourceGroup Active Shallow Crust, 58 source(s)>
[2021-10-28 01:47:40 #190 INFO] Sending <SourceGroup Active Shallow Crust, 1 source(s)>
[2021-10-28 01:47:43 #190 INFO] Sent 96 tasks, 120.99 MB in 0 seconds
[2021-10-28 01:47:44 #190 INFO] sample_ruptures   1% [98 submitted, 5 queued]
[2021-10-28 01:47:45 #190 INFO] sample_ruptures   2% [99 submitted, 4 queued]
[2021-10-28 01:47:45 #190 INFO] sample_ruptures   3% [100 submitted, 3 queued]
[2021-10-28 01:47:45 #190 INFO] sample_ruptures   4% [101 submitted, 2 queued]
[2021-10-28 01:47:45 #190 INFO] sample_ruptures   5% [102 submitted, 1 queued]
[2021-10-28 01:47:45 #190 INFO] sample_ruptures   6% [103 submitted, 0 queued]
[2021-10-28 01:47:45 #190 INFO] sample_ruptures   7% [103 submitted, 0 queued]
[2021-10-28 01:47:45 #190 INFO] sample_ruptures   8% [103 submitted, 0 queued]
[2021-10-28 01:47:45 #190 INFO] sample_ruptures   9% [103 submitted, 0 queued]
[2021-10-28 01:47:45 #190 INFO] sample_ruptures  10% [103 submitted, 0 queued]
[2021-10-28 01:47:45 #190 INFO] sample_ruptures  11% [103 submitted, 0 queued]
[2021-10-28 01:47:45 #190 INFO] sample_ruptures  12% [103 submitted, 0 queued]
[2021-10-28 01:47:45 #190 INFO] sample_ruptures  13% [103 submitted, 0 queued]
[2021-10-28 01:47:45 #190 INFO] sample_ruptures  14% [103 submitted, 0 queued]
[2021-10-28 01:47:45 #190 INFO] sample_ruptures  15% [103 submitted, 0 queued]
[2021-10-28 01:47:45 #190 INFO] sample_ruptures  16% [103 submitted, 0 queued]
[2021-10-28 01:47:45 #190 INFO] sample_ruptures  17% [103 submitted, 0 queued]
[2021-10-28 01:47:45 #190 INFO] sample_ruptures  18% [103 submitted, 0 queued]
[2021-10-28 01:47:45 #190 INFO] sample_ruptures  19% [103 submitted, 0 queued]
[2021-10-28 01:47:45 #190 INFO] sample_ruptures  20% [103 submitted, 0 queued]
[2021-10-28 01:47:45 #190 INFO] sample_ruptures  21% [103 submitted, 0 queued]
[2021-10-28 01:47:45 #190 INFO] sample_ruptures  22% [103 submitted, 0 queued]
[2021-10-28 01:47:45 #190 INFO] sample_ruptures  23% [103 submitted, 0 queued]
[2021-10-28 01:47:45 #190 INFO] sample_ruptures  24% [103 submitted, 0 queued]
[2021-10-28 01:47:45 #190 INFO] sample_ruptures  25% [103 submitted, 0 queued]
[2021-10-28 01:47:45 #190 INFO] sample_ruptures  26% [103 submitted, 0 queued]
[2021-10-28 01:47:45 #190 INFO] sample_ruptures  27% [103 submitted, 0 queued]
[2021-10-28 01:47:45 #190 INFO] sample_ruptures  28% [103 submitted, 0 queued]
[2021-10-28 01:47:45 #190 INFO] sample_ruptures  29% [103 submitted, 0 queued]
[2021-10-28 01:47:45 #190 INFO] sample_ruptures  30% [103 submitted, 0 queued]
[2021-10-28 01:47:45 #190 INFO] sample_ruptures  31% [103 submitted, 0 queued]
[2021-10-28 01:47:45 #190 INFO] sample_ruptures  32% [103 submitted, 0 queued]
[2021-10-28 01:47:45 #190 INFO] sample_ruptures  33% [103 submitted, 0 queued]
[2021-10-28 01:47:45 #190 INFO] sample_ruptures  34% [103 submitted, 0 queued]
[2021-10-28 01:47:45 #190 INFO] sample_ruptures  35% [103 submitted, 0 queued]
[2021-10-28 01:47:45 #190 INFO] sample_ruptures  36% [103 submitted, 0 queued]
[2021-10-28 01:47:45 #190 INFO] sample_ruptures  37% [103 submitted, 0 queued]
[2021-10-28 01:47:45 #190 INFO] sample_ruptures  38% [103 submitted, 0 queued]
[2021-10-28 01:47:45 #190 INFO] sample_ruptures  39% [103 submitted, 0 queued]
[2021-10-28 01:47:45 #190 INFO] sample_ruptures  40% [103 submitted, 0 queued]
[2021-10-28 01:47:45 #190 INFO] sample_ruptures  41% [103 submitted, 0 queued]
[2021-10-28 01:47:45 #190 INFO] sample_ruptures  42% [103 submitted, 0 queued]
[2021-10-28 01:47:45 #190 INFO] sample_ruptures  43% [103 submitted, 0 queued]
[2021-10-28 01:47:45 #190 INFO] sample_ruptures  44% [103 submitted, 0 queued]
[2021-10-28 01:47:45 #190 INFO] sample_ruptures  45% [103 submitted, 0 queued]
[2021-10-28 01:47:45 #190 INFO] sample_ruptures  46% [103 submitted, 0 queued]
[2021-10-28 01:47:45 #190 INFO] sample_ruptures  47% [103 submitted, 0 queued]
[2021-10-28 01:47:46 #190 INFO] sample_ruptures  48% [103 submitted, 0 queued]
[2021-10-28 01:47:46 #190 INFO] sample_ruptures  49% [103 submitted, 0 queued]
[2021-10-28 01:47:46 #190 INFO] sample_ruptures  50% [103 submitted, 0 queued]
[2021-10-28 01:47:46 #190 INFO] sample_ruptures  51% [103 submitted, 0 queued]
[2021-10-28 01:47:46 #190 INFO] sample_ruptures  52% [103 submitted, 0 queued]
[2021-10-28 01:47:46 #190 INFO] sample_ruptures  53% [103 submitted, 0 queued]
[2021-10-28 01:47:46 #190 INFO] sample_ruptures  54% [103 submitted, 0 queued]
[2021-10-28 01:47:46 #190 INFO] sample_ruptures  55% [103 submitted, 0 queued]
[2021-10-28 01:47:46 #190 INFO] sample_ruptures  56% [103 submitted, 0 queued]
[2021-10-28 01:47:46 #190 INFO] sample_ruptures  57% [103 submitted, 0 queued]
[2021-10-28 01:47:46 #190 INFO] sample_ruptures  58% [103 submitted, 0 queued]
[2021-10-28 01:47:46 #190 INFO] sample_ruptures  59% [103 submitted, 0 queued]
[2021-10-28 01:47:46 #190 INFO] sample_ruptures  60% [103 submitted, 0 queued]
[2021-10-28 01:47:46 #190 INFO] sample_ruptures  61% [103 submitted, 0 queued]
[2021-10-28 01:47:46 #190 INFO] sample_ruptures  62% [103 submitted, 0 queued]
[2021-10-28 01:47:46 #190 INFO] sample_ruptures  63% [103 submitted, 0 queued]
[2021-10-28 01:47:46 #190 INFO] sample_ruptures  64% [103 submitted, 0 queued]
[2021-10-28 01:47:46 #190 INFO] sample_ruptures  65% [103 submitted, 0 queued]
[2021-10-28 01:47:46 #190 INFO] sample_ruptures  66% [103 submitted, 0 queued]
[2021-10-28 01:47:46 #190 INFO] sample_ruptures  67% [103 submitted, 0 queued]
[2021-10-28 01:47:46 #190 INFO] sample_ruptures  68% [103 submitted, 0 queued]
[2021-10-28 01:47:46 #190 INFO] sample_ruptures  69% [103 submitted, 0 queued]
[2021-10-28 01:47:46 #190 INFO] sample_ruptures  70% [103 submitted, 0 queued]
[2021-10-28 01:47:46 #190 INFO] sample_ruptures  71% [103 submitted, 0 queued]
[2021-10-28 01:47:46 #190 INFO] sample_ruptures  72% [103 submitted, 0 queued]
[2021-10-28 01:47:46 #190 INFO] sample_ruptures  73% [103 submitted, 0 queued]
[2021-10-28 01:47:46 #190 INFO] sample_ruptures  74% [103 submitted, 0 queued]
[2021-10-28 01:47:46 #190 INFO] sample_ruptures  75% [103 submitted, 0 queued]
[2021-10-28 01:47:46 #190 INFO] sample_ruptures  76% [103 submitted, 0 queued]
[2021-10-28 01:47:46 #190 INFO] sample_ruptures  77% [103 submitted, 0 queued]
[2021-10-28 01:47:46 #190 INFO] sample_ruptures  78% [103 submitted, 0 queued]
[2021-10-28 01:47:46 #190 INFO] sample_ruptures  79% [103 submitted, 0 queued]
[2021-10-28 01:47:46 #190 INFO] sample_ruptures  80% [103 submitted, 0 queued]
[2021-10-28 01:47:46 #190 INFO] sample_ruptures  81% [103 submitted, 0 queued]
[2021-10-28 01:47:46 #190 INFO] sample_ruptures  82% [103 submitted, 0 queued]
[2021-10-28 01:48:00 #190 INFO] sample_ruptures  83% [103 submitted, 0 queued]
[2021-10-28 01:49:16 #190 INFO] sample_ruptures  84% [103 submitted, 0 queued]
[2021-10-28 01:49:45 #190 INFO] sample_ruptures  85% [103 submitted, 0 queued]
[2021-10-28 01:50:00 #190 INFO] sample_ruptures  86% [103 submitted, 0 queued]
[2021-10-28 01:50:00 #190 INFO] sample_ruptures  87% [103 submitted, 0 queued]
[2021-10-28 01:50:04 #190 INFO] sample_ruptures  88% [103 submitted, 0 queued]
[2021-10-28 01:50:04 #190 INFO] sample_ruptures  89% [103 submitted, 0 queued]
[2021-10-28 01:50:33 #190 INFO] sample_ruptures  90% [103 submitted, 0 queued]
[2021-10-28 01:50:41 #190 INFO] sample_ruptures  91% [103 submitted, 0 queued]
[2021-10-28 01:50:52 #190 INFO] sample_ruptures  92% [103 submitted, 0 queued]
[2021-10-28 01:51:28 #190 INFO] sample_ruptures  93% [103 submitted, 0 queued]
[2021-10-28 01:51:57 #190 INFO] sample_ruptures  94% [103 submitted, 0 queued]
[2021-10-28 01:52:04 #190 INFO] sample_ruptures  95% [103 submitted, 0 queued]
[2021-10-28 01:52:14 #190 INFO] sample_ruptures  96% [103 submitted, 0 queued]
[2021-10-28 01:52:53 #190 INFO] sample_ruptures  97% [103 submitted, 0 queued]
[2021-10-28 01:57:13 #190 INFO] sample_ruptures  98% [103 submitted, 0 queued]
[2021-10-28 02:03:41 #190 INFO] sample_ruptures  99% [103 submitted, 0 queued]
[2021-10-28 02:16:43 #190 INFO] sample_ruptures 100% [103 submitted, 0 queued]
[2021-10-28 02:16:43 #190 INFO] Mean time per core=61s, std=215.0s, min=0s, max=1738s
[2021-10-28 02:16:43 #190 INFO] Received {'rup_array': '335.86 MB', 'calc_times': '20.87 KB', 'eff_ruptures': '4.09 KB'} in 1740 seconds
[2021-10-28 02:16:43 #190 INFO] There are 200 realization(s)
[2021-10-28 02:16:43 #190 INFO] Reordering the ruptures and storing the events
[2021-10-28 02:16:45 #190 INFO] Associating event_id -> rlz_id for 1_987_671 events and 1_269_215 ruptures
[2021-10-28 02:17:26 #190 INFO] Sent 204 tasks, 135.77 MB in 37 seconds
[2021-10-28 02:17:31 #190 INFO] Mean time per core=7s, std=2.9s, min=1s, max=12s
[2021-10-28 02:17:31 #190 INFO] Received {'tot': '19.01 MB'} in 5 seconds
[2021-10-28 02:17:45 #190 INFO] Reading 1_269_215 ruptures
[2021-10-28 02:18:19 #190 INFO] Sent 96 tasks, 74.2 MB in 4 seconds
[2021-10-28 02:18:26 #190 INFO] compute_gmfs   1% [99 submitted, 105 queued]
[2021-10-28 02:18:30 #190 INFO] compute_gmfs   2% [101 submitted, 103 queued]
[2021-10-28 02:18:44 #190 INFO] compute_gmfs   3% [103 submitted, 101 queued]
[2021-10-28 02:18:48 #190 INFO] compute_gmfs   4% [105 submitted, 99 queued]
[2021-10-28 02:18:50 #190 INFO] compute_gmfs   5% [107 submitted, 97 queued]
[2021-10-28 02:20:15 #190 INFO] compute_gmfs   6% [109 submitted, 95 queued]
[2021-10-28 02:21:39 #190 INFO] compute_gmfs   7% [111 submitted, 93 queued]
[2021-10-28 02:23:27 #190 INFO] compute_gmfs   8% [113 submitted, 91 queued]
[2021-10-28 02:26:08 #190 INFO] compute_gmfs   9% [115 submitted, 89 queued]
[2021-10-28 02:26:22 #190 INFO] compute_gmfs  10% [117 submitted, 87 queued]
[2021-10-28 02:27:25 #190 INFO] compute_gmfs  11% [119 submitted, 85 queued]
[2021-10-28 02:27:31 #190 INFO] compute_gmfs  12% [121 submitted, 83 queued]
[2021-10-28 02:27:53 #190 INFO] compute_gmfs  13% [123 submitted, 81 queued]
[2021-10-28 02:28:31 #190 INFO] compute_gmfs  14% [125 submitted, 79 queued]
[2021-10-28 02:28:40 #190 INFO] compute_gmfs  15% [127 submitted, 77 queued]
[2021-10-28 02:32:08 #190 INFO] compute_gmfs  16% [129 submitted, 75 queued]
[2021-10-28 02:32:26 #190 INFO] compute_gmfs  17% [131 submitted, 73 queued]
[2021-10-28 02:32:49 #190 INFO] compute_gmfs  18% [133 submitted, 71 queued]
[2021-10-28 02:34:49 #190 INFO] compute_gmfs  19% [135 submitted, 69 queued]
[2021-10-28 02:39:04 #190 INFO] compute_gmfs  20% [137 submitted, 67 queued]
[2021-10-28 02:42:46 #190 INFO] compute_gmfs  21% [139 submitted, 65 queued]
[2021-10-28 02:44:26 #190 INFO] compute_gmfs  22% [141 submitted, 63 queued]
[2021-10-28 02:47:26 #190 INFO] compute_gmfs  23% [143 submitted, 61 queued]
[2021-10-28 02:48:30 #190 INFO] compute_gmfs  24% [145 submitted, 59 queued]
[2021-10-28 02:49:19 #190 INFO] compute_gmfs  25% [147 submitted, 57 queued]
[2021-10-28 02:54:49 #190 INFO] compute_gmfs  26% [150 submitted, 54 queued]
[2021-10-28 02:55:22 #190 INFO] compute_gmfs  27% [152 submitted, 52 queued]
[2021-10-28 02:55:47 #190 INFO] compute_gmfs  28% [154 submitted, 50 queued]
[2021-10-28 02:57:32 #190 INFO] compute_gmfs  29% [156 submitted, 48 queued]
[2021-10-28 03:02:29 #190 INFO] compute_gmfs  30% [158 submitted, 46 queued]
[2021-10-28 03:02:47 #190 INFO] compute_gmfs  31% [160 submitted, 44 queued]
[2021-10-28 03:02:56 #190 INFO] compute_gmfs  32% [162 submitted, 42 queued]
[2021-10-28 03:03:37 #190 INFO] compute_gmfs  33% [164 submitted, 40 queued]
[2021-10-28 03:07:40 #190 INFO] compute_gmfs  34% [166 submitted, 38 queued]
[2021-10-28 03:11:12 #190 INFO] compute_gmfs  35% [168 submitted, 36 queued]
[2021-10-28 03:19:07 #190 INFO] compute_gmfs  36% [170 submitted, 34 queued]
[2021-10-28 03:27:36 #190 INFO] compute_gmfs  37% [172 submitted, 32 queued]
[2021-10-28 03:31:54 #190 INFO] compute_gmfs  38% [174 submitted, 30 queued]
[2021-10-28 03:33:34 #190 INFO] compute_gmfs  39% [176 submitted, 28 queued]
[2021-10-28 03:38:30 #190 INFO] compute_gmfs  40% [178 submitted, 26 queued]
[2021-10-28 03:38:36 #190 INFO] compute_gmfs  41% [180 submitted, 24 queued]
[2021-10-28 03:40:55 #190 INFO] compute_gmfs  42% [182 submitted, 22 queued]
[2021-10-28 03:44:29 #190 INFO] compute_gmfs  43% [184 submitted, 20 queued]
[2021-10-28 03:45:01 #190 INFO] compute_gmfs  44% [186 submitted, 18 queued]
[2021-10-28 03:46:42 #190 INFO] compute_gmfs  45% [188 submitted, 16 queued]
[2021-10-28 03:47:14 #190 INFO] compute_gmfs  46% [190 submitted, 14 queued]
[2021-10-28 03:47:50 #190 INFO] compute_gmfs  47% [192 submitted, 12 queued]
[2021-10-28 03:48:40 #190 INFO] compute_gmfs  48% [194 submitted, 10 queued]
[2021-10-28 03:49:25 #190 INFO] compute_gmfs  49% [196 submitted, 8 queued]
[2021-10-28 03:50:02 #190 INFO] compute_gmfs  50% [198 submitted, 6 queued]
[2021-10-28 03:52:24 #190 INFO] compute_gmfs  51% [201 submitted, 3 queued]
[2021-10-28 03:54:29 #190 INFO] compute_gmfs  52% [203 submitted, 1 queued]
[2021-10-28 03:55:42 #190 INFO] compute_gmfs  53% [204 submitted, 0 queued]
[2021-10-28 03:56:14 #190 INFO] compute_gmfs  54% [204 submitted, 0 queued]
[2021-10-28 03:56:56 #190 INFO] compute_gmfs  55% [204 submitted, 0 queued]
[2021-10-28 03:57:12 #190 INFO] compute_gmfs  56% [204 submitted, 0 queued]
[2021-10-28 03:57:22 #190 INFO] compute_gmfs  57% [204 submitted, 0 queued]
[2021-10-28 03:57:53 #190 INFO] compute_gmfs  58% [204 submitted, 0 queued]
[2021-10-28 03:58:58 #190 INFO] compute_gmfs  59% [204 submitted, 0 queued]
[2021-10-28 04:00:43 #190 INFO] compute_gmfs  60% [204 submitted, 0 queued]
[2021-10-28 04:01:32 #190 INFO] compute_gmfs  61% [204 submitted, 0 queued]
[2021-10-28 04:02:00 #190 INFO] compute_gmfs  62% [204 submitted, 0 queued]
[2021-10-28 04:02:05 #190 INFO] compute_gmfs  63% [204 submitted, 0 queued]
[2021-10-28 04:02:47 #190 INFO] compute_gmfs  64% [204 submitted, 0 queued]
[2021-10-28 04:03:21 #190 INFO] compute_gmfs  65% [204 submitted, 0 queued]
[2021-10-28 04:04:09 #190 INFO] compute_gmfs  66% [204 submitted, 0 queued]
[2021-10-28 04:04:50 #190 INFO] compute_gmfs  67% [204 submitted, 0 queued]
[2021-10-28 04:05:48 #190 INFO] compute_gmfs  68% [204 submitted, 0 queued]
[2021-10-28 04:06:33 #190 INFO] compute_gmfs  69% [204 submitted, 0 queued]
[2021-10-28 04:06:43 #190 INFO] compute_gmfs  70% [204 submitted, 0 queued]
[2021-10-28 04:08:21 #190 INFO] compute_gmfs  71% [204 submitted, 0 queued]
[2021-10-28 04:09:57 #190 INFO] compute_gmfs  72% [204 submitted, 0 queued]
[2021-10-28 04:11:42 #190 INFO] compute_gmfs  73% [204 submitted, 0 queued]
[2021-10-28 04:12:43 #190 INFO] compute_gmfs  74% [204 submitted, 0 queued]
[2021-10-28 04:14:11 #190 INFO] compute_gmfs  75% [204 submitted, 0 queued]
[2021-10-28 04:15:00 #190 INFO] compute_gmfs  76% [204 submitted, 0 queued]
[2021-10-28 04:16:22 #190 INFO] compute_gmfs  77% [204 submitted, 0 queued]
[2021-10-28 04:16:35 #190 INFO] compute_gmfs  78% [204 submitted, 0 queued]
[2021-10-28 04:16:47 #190 INFO] compute_gmfs  79% [204 submitted, 0 queued]
[2021-10-28 04:17:54 #190 INFO] compute_gmfs  80% [204 submitted, 0 queued]
[2021-10-28 04:18:36 #190 INFO] compute_gmfs  81% [204 submitted, 0 queued]
[2021-10-28 04:18:55 #190 INFO] compute_gmfs  82% [204 submitted, 0 queued]
[2021-10-28 04:19:35 #190 INFO] compute_gmfs  83% [204 submitted, 0 queued]
[2021-10-28 04:20:02 #190 INFO] compute_gmfs  84% [204 submitted, 0 queued]
[2021-10-28 04:20:35 #190 INFO] compute_gmfs  85% [204 submitted, 0 queued]
[2021-10-28 04:22:05 #190 INFO] compute_gmfs  86% [204 submitted, 0 queued]
[2021-10-28 04:23:06 #190 INFO] compute_gmfs  87% [204 submitted, 0 queued]
[2021-10-28 04:23:39 #190 INFO] compute_gmfs  88% [204 submitted, 0 queued]
[2021-10-28 04:24:31 #190 INFO] compute_gmfs  89% [204 submitted, 0 queued]
[2021-10-28 04:26:38 #190 INFO] compute_gmfs  90% [204 submitted, 0 queued]
[2021-10-28 04:36:44 #190 INFO] compute_gmfs  91% [204 submitted, 0 queued]
[2021-10-28 04:42:50 #190 INFO] compute_gmfs  92% [204 submitted, 0 queued]
[2021-10-28 04:48:03 #190 INFO] compute_gmfs  93% [204 submitted, 0 queued]
[2021-10-28 04:50:24 #190 INFO] compute_gmfs  94% [204 submitted, 0 queued]
[2021-10-28 04:53:48 #190 INFO] compute_gmfs  95% [204 submitted, 0 queued]
[2021-10-28 04:56:07 #190 INFO] compute_gmfs  96% [204 submitted, 0 queued]
[2021-10-28 05:01:13 #190 INFO] compute_gmfs  97% [204 submitted, 0 queued]
[2021-10-28 05:09:22 #190 INFO] compute_gmfs  98% [204 submitted, 0 queued]
[2021-10-28 05:13:43 #190 INFO] compute_gmfs  99% [204 submitted, 0 queued]
[2021-10-28 05:18:10 #190 INFO] compute_gmfs 100% [204 submitted, 0 queued]
[2021-10-28 05:18:10 #190 INFO] Mean time per core=7266s, std=1259.5s, min=5843s, max=10772s
[2021-10-28 05:18:10 #190 INFO] Received {'gmfdata': '20.18 GB', 'sig_eps': '50.16 MB', 'times': '14.09 MB', 'hcurves': '990 B'} in 10795 seconds
[2021-10-28 05:18:10 #190 INFO] Stored 12.67 GB of GMFs
[2021-10-28 05:18:10 #190 WARNING] There are more than 1 GB of GMFs, not computing avg_gmf
[2021-10-28 05:18:36 #190 INFO] Building risk inputs from 200 realization(s)
[2021-10-28 05:20:50 #190 INFO] Grouping the GMFs by site ID
[2021-10-28 05:22:33 #190 INFO] Built 11855 risk inputs
[2021-10-28 05:23:06 #190 INFO] Sent 200 tasks, 16.42 GB in 31 seconds
[2021-10-28 05:39:12 #190 INFO] scenario_damage   1% [200 submitted, 0 queued]
[2021-10-28 05:47:40 #190 INFO] scenario_damage   2% [200 submitted, 0 queued]
[2021-10-28 05:49:21 #190 INFO] scenario_damage   3% [200 submitted, 0 queued]
[2021-10-28 05:50:21 #190 INFO] scenario_damage   4% [200 submitted, 0 queued]
[2021-10-28 05:50:33 #190 INFO] scenario_damage   5% [200 submitted, 0 queued]
[2021-10-28 05:51:38 #190 INFO] scenario_damage   6% [200 submitted, 0 queued]
[2021-10-28 05:52:02 #190 INFO] scenario_damage   7% [200 submitted, 0 queued]
[2021-10-28 05:52:24 #190 INFO] scenario_damage   8% [200 submitted, 0 queued]
[2021-10-28 05:54:58 #190 INFO] scenario_damage   9% [200 submitted, 0 queued]
[2021-10-28 05:55:47 #190 INFO] scenario_damage  10% [200 submitted, 0 queued]
[2021-10-28 05:56:17 #190 INFO] scenario_damage  11% [200 submitted, 0 queued]
[2021-10-28 05:56:43 #190 INFO] scenario_damage  12% [200 submitted, 0 queued]
[2021-10-28 05:57:09 #190 INFO] scenario_damage  13% [200 submitted, 0 queued]
[2021-10-28 05:57:25 #190 INFO] scenario_damage  14% [200 submitted, 0 queued]
[2021-10-28 05:57:44 #190 INFO] scenario_damage  15% [200 submitted, 0 queued]
[2021-10-28 05:57:56 #190 INFO] scenario_damage  16% [200 submitted, 0 queued]
[2021-10-28 05:58:10 #190 INFO] scenario_damage  17% [200 submitted, 0 queued]
[2021-10-28 05:58:29 #190 INFO] scenario_damage  18% [200 submitted, 0 queued]
[2021-10-28 05:58:38 #190 INFO] scenario_damage  19% [200 submitted, 0 queued]
[2021-10-28 05:58:57 #190 INFO] scenario_damage  20% [200 submitted, 0 queued]
[2021-10-28 05:59:21 #190 INFO] scenario_damage  21% [200 submitted, 0 queued]
[2021-10-28 06:00:08 #190 INFO] scenario_damage  22% [200 submitted, 0 queued]
[2021-10-28 06:01:29 #190 INFO] scenario_damage  23% [200 submitted, 0 queued]
[2021-10-28 06:01:46 #190 INFO] scenario_damage  24% [200 submitted, 0 queued]
[2021-10-28 06:01:54 #190 INFO] scenario_damage  25% [200 submitted, 0 queued]
[2021-10-28 06:02:34 #190 INFO] scenario_damage  26% [200 submitted, 0 queued]
[2021-10-28 06:02:38 #190 INFO] scenario_damage  27% [200 submitted, 0 queued]
[2021-10-28 06:03:00 #190 INFO] scenario_damage  28% [200 submitted, 0 queued]
[2021-10-28 06:04:15 #190 INFO] scenario_damage  29% [200 submitted, 0 queued]
[2021-10-28 06:04:31 #190 INFO] scenario_damage  30% [200 submitted, 0 queued]
[2021-10-28 06:04:40 #190 INFO] scenario_damage  31% [200 submitted, 0 queued]
[2021-10-28 06:04:52 #190 INFO] scenario_damage  32% [200 submitted, 0 queued]
[2021-10-28 06:04:58 #190 INFO] scenario_damage  33% [200 submitted, 0 queued]
[2021-10-28 06:05:15 #190 INFO] scenario_damage  34% [200 submitted, 0 queued]
[2021-10-28 06:05:50 #190 INFO] scenario_damage  35% [200 submitted, 0 queued]
[2021-10-28 06:06:18 #190 INFO] scenario_damage  36% [200 submitted, 0 queued]
[2021-10-28 06:06:25 #190 INFO] scenario_damage  37% [200 submitted, 0 queued]
[2021-10-28 06:06:51 #190 INFO] scenario_damage  38% [200 submitted, 0 queued]
[2021-10-28 06:07:23 #190 INFO] scenario_damage  39% [200 submitted, 0 queued]
[2021-10-28 06:07:43 #190 INFO] scenario_damage  40% [200 submitted, 0 queued]
[2021-10-28 06:07:49 #190 INFO] scenario_damage  41% [200 submitted, 0 queued]
[2021-10-28 06:09:47 #190 INFO] scenario_damage  42% [200 submitted, 0 queued]
[2021-10-28 06:10:10 #190 INFO] scenario_damage  43% [200 submitted, 0 queued]
[2021-10-28 06:11:43 #190 INFO] scenario_damage  44% [200 submitted, 0 queued]
[2021-10-28 06:12:57 #190 INFO] scenario_damage  45% [200 submitted, 0 queued]
[2021-10-28 06:15:27 #190 INFO] scenario_damage  46% [200 submitted, 0 queued]
[2021-10-28 06:20:24 #190 INFO] scenario_damage  47% [200 submitted, 0 queued]
[2021-10-28 06:21:16 #190 INFO] scenario_damage  48% [200 submitted, 0 queued]
[2021-10-28 06:25:18 #190 INFO] scenario_damage  49% [200 submitted, 0 queued]
[2021-10-28 06:26:27 #190 INFO] scenario_damage  50% [200 submitted, 0 queued]
[2021-10-28 06:27:31 #190 INFO] scenario_damage  51% [200 submitted, 0 queued]
[2021-10-28 06:29:29 #190 INFO] scenario_damage  52% [200 submitted, 0 queued]
[2021-10-28 06:30:25 #190 INFO] scenario_damage  53% [200 submitted, 0 queued]
[2021-10-28 06:31:15 #190 INFO] scenario_damage  54% [200 submitted, 0 queued]
[2021-10-28 06:32:22 #190 INFO] scenario_damage  55% [200 submitted, 0 queued]
[2021-10-28 06:32:39 #190 INFO] scenario_damage  56% [200 submitted, 0 queued]
[2021-10-28 06:33:12 #190 INFO] scenario_damage  57% [200 submitted, 0 queued]
[2021-10-28 06:34:09 #190 INFO] scenario_damage  58% [200 submitted, 0 queued]
[2021-10-28 06:34:14 #190 INFO] scenario_damage  59% [200 submitted, 0 queued]
[2021-10-28 06:34:24 #190 INFO] scenario_damage  60% [200 submitted, 0 queued]
[2021-10-28 06:34:53 #190 INFO] scenario_damage  61% [200 submitted, 0 queued]
[2021-10-28 06:35:07 #190 INFO] scenario_damage  62% [200 submitted, 0 queued]
[2021-10-28 06:35:49 #190 INFO] scenario_damage  63% [200 submitted, 0 queued]
[2021-10-28 06:36:01 #190 INFO] scenario_damage  64% [200 submitted, 0 queued]
[2021-10-28 06:36:37 #190 INFO] scenario_damage  65% [200 submitted, 0 queued]
[2021-10-28 06:36:50 #190 INFO] scenario_damage  66% [200 submitted, 0 queued]
[2021-10-28 06:37:10 #190 INFO] scenario_damage  67% [200 submitted, 0 queued]
[2021-10-28 06:37:26 #190 INFO] scenario_damage  68% [200 submitted, 0 queued]
[2021-10-28 06:37:59 #190 INFO] scenario_damage  69% [200 submitted, 0 queued]
[2021-10-28 06:38:35 #190 INFO] scenario_damage  70% [200 submitted, 0 queued]
[2021-10-28 06:38:46 #190 INFO] scenario_damage  71% [200 submitted, 0 queued]
[2021-10-28 06:38:59 #190 INFO] scenario_damage  72% [200 submitted, 0 queued]
[2021-10-28 06:39:37 #190 INFO] scenario_damage  73% [200 submitted, 0 queued]
[2021-10-28 06:39:40 #190 INFO] scenario_damage  74% [200 submitted, 0 queued]
[2021-10-28 06:40:22 #190 INFO] scenario_damage  75% [200 submitted, 0 queued]
[2021-10-28 06:40:33 #190 INFO] scenario_damage  76% [200 submitted, 0 queued]
[2021-10-28 06:41:14 #190 INFO] scenario_damage  77% [200 submitted, 0 queued]
[2021-10-28 06:41:26 #190 INFO] scenario_damage  78% [200 submitted, 0 queued]
[2021-10-28 06:42:30 #190 INFO] scenario_damage  79% [200 submitted, 0 queued]
[2021-10-28 06:42:36 #190 INFO] scenario_damage  80% [200 submitted, 0 queued]
[2021-10-28 06:43:05 #190 INFO] scenario_damage  81% [200 submitted, 0 queued]
[2021-10-28 06:43:30 #190 INFO] scenario_damage  82% [200 submitted, 0 queued]
[2021-10-28 06:44:28 #190 INFO] scenario_damage  83% [200 submitted, 0 queued]
[2021-10-28 06:45:18 #190 INFO] scenario_damage  84% [200 submitted, 0 queued]
[2021-10-28 06:45:53 #190 INFO] scenario_damage  85% [200 submitted, 0 queued]
[2021-10-28 06:46:35 #190 INFO] scenario_damage  86% [200 submitted, 0 queued]
[2021-10-28 06:47:04 #190 INFO] scenario_damage  87% [200 submitted, 0 queued]
[2021-10-28 06:47:07 #190 INFO] scenario_damage  88% [200 submitted, 0 queued]
[2021-10-28 06:48:13 #190 INFO] scenario_damage  89% [200 submitted, 0 queued]
[2021-10-28 06:48:58 #190 INFO] scenario_damage  90% [200 submitted, 0 queued]
[2021-10-28 06:49:11 #190 INFO] scenario_damage  91% [200 submitted, 0 queued]
[2021-10-28 06:50:07 #190 INFO] scenario_damage  92% [200 submitted, 0 queued]
[2021-10-28 06:51:37 #190 INFO] scenario_damage  93% [200 submitted, 0 queued]
[2021-10-28 06:51:58 #190 INFO] scenario_damage  94% [200 submitted, 0 queued]
[2021-10-28 06:52:22 #190 INFO] scenario_damage  95% [200 submitted, 0 queued]
[2021-10-28 06:53:05 #190 INFO] scenario_damage  96% [200 submitted, 0 queued]
[2021-10-28 06:54:56 #190 INFO] scenario_damage  97% [200 submitted, 0 queued]
[2021-10-28 06:59:48 #190 INFO] scenario_damage  98% [200 submitted, 0 queued]
[2021-10-28 07:01:27 #190 INFO] scenario_damage  99% [200 submitted, 0 queued]
[2021-10-28 07:05:42 #190 INFO] scenario_damage 100% [200 submitted, 0 queued]
[2021-10-28 07:05:42 #190 INFO] Mean time per core=4775s, std=481.6s, min=4028s, max=6165s
[2021-10-28 07:05:42 #190 INFO] Received {'aed': '1.65 GB', 'd_asset': '1.32 GB', 'd_event': '771.75 MB'} in 6155 seconds
[2021-10-28 07:05:42 #190 INFO] Saving 1.65 GB in dd_data (instead of 570.74 GB)
[2021-10-28 07:10:00 #190 INFO] Portfolio damage
==== ========== ========= =======
kind loss_type  dmg_state value  
==== ========== ========= =======
avg  structural no_damage 166_911
avg  structural slight    39     
avg  structural moderate  5.95670
avg  structural extensive 2.28780
avg  structural complete  2.67342
std  structural no_damage 621    
std  structural slight    438    
std  structural moderate  87     
std  structural extensive 38     
std  structural complete  65     
==== ========== ========= =======
[2021-10-28 07:10:00 #190 INFO] Due to rounding errors inherent in floating-point arithmetic, the total number of buildings is not exact: {'expected': 166961.0, 'structural': 20219.512}
[2021-10-28 07:10:14 #190 INFO] Exposing the outputs to the database
[2021-10-28 07:10:14 #190 INFO] Stored 8.75 GB on /root/oqdata/calc_190.hdf5 in 19481 seconds
/home/ssm-user/src/oq-engine/openquake/hazardlib/gsim/base.py:347: ExperimentalWarning: CanadaSHM6_ActiveCrust_BooreEtAl2014 is experimental and may change in future versions - the user is liable for their application
  warnings.warn(msg, ExperimentalWarning)
/home/ssm-user/src/oq-engine/openquake/hazardlib/gsim/base.py:347: ExperimentalWarning: CanadaSHM6_ActiveCrust_BooreEtAl2014 is experimental and may change in future versions - the user is liable for their application
  warnings.warn(msg, ExperimentalWarning)
/home/ssm-user/src/oq-engine/openquake/hazardlib/gsim/base.py:347: ExperimentalWarning: CanadaSHM6_ActiveCrust_BooreEtAl2014 is experimental and may change in future versions - the user is liable for their application
  warnings.warn(msg, ExperimentalWarning)
/home/ssm-user/src/oq-engine/openquake/hazardlib/gsim/base.py:347: ExperimentalWarning: CanadaSHM6_ActiveCrust_BooreEtAl2014 is experimental and may change in future versions - the user is liable for their application
  warnings.warn(msg, ExperimentalWarning)
/home/ssm-user/src/oq-engine/openquake/hazardlib/gsim/base.py:347: ExperimentalWarning: CanadaSHM6_ActiveCrust_BooreEtAl2014 is experimental and may change in future versions - the user is liable for their application
  warnings.warn(msg, ExperimentalWarning)
/home/ssm-user/src/oq-engine/openquake/hazardlib/gsim/base.py:347: ExperimentalWarning: CanadaSHM6_ActiveCrust_BooreEtAl2014 is experimental and may change in future versions - the user is liable for their application
  warnings.warn(msg, ExperimentalWarning)
/home/ssm-user/src/oq-engine/openquake/hazardlib/gsim/base.py:347: ExperimentalWarning: CanadaSHM6_ActiveCrust_BooreEtAl2014 is experimental and may change in future versions - the user is liable for their application
  warnings.warn(msg, ExperimentalWarning)
/home/ssm-user/src/oq-engine/openquake/hazardlib/gsim/base.py:347: ExperimentalWarning: CanadaSHM6_ActiveCrust_BooreEtAl2014 is experimental and may change in future versions - the user is liable for their application
  warnings.warn(msg, ExperimentalWarning)
/home/ssm-user/src/oq-engine/openquake/hazardlib/gsim/base.py:347: ExperimentalWarning: CanadaSHM6_ActiveCrust_BooreEtAl2014 is experimental and may change in future versions - the user is liable for their application
  warnings.warn(msg, ExperimentalWarning)
/home/ssm-user/src/oq-engine/openquake/hazardlib/gsim/base.py:347: ExperimentalWarning: CanadaSHM6_ActiveCrust_BooreEtAl2014 is experimental and may change in future versions - the user is liable for their application
  warnings.warn(msg, ExperimentalWarning)
/home/ssm-user/src/oq-engine/openquake/hazardlib/gsim/base.py:347: ExperimentalWarning: CanadaSHM6_ActiveCrust_BooreEtAl2014 is experimental and may change in future versions - the user is liable for their application
  warnings.warn(msg, ExperimentalWarning)
/home/ssm-user/src/oq-engine/openquake/hazardlib/gsim/base.py:347: ExperimentalWarning: CanadaSHM6_ActiveCrust_BooreEtAl2014 is experimental and may change in future versions - the user is liable for their application
  warnings.warn(msg, ExperimentalWarning)
/home/ssm-user/src/oq-engine/openquake/hazardlib/gsim/base.py:347: ExperimentalWarning: CanadaSHM6_ActiveCrust_BooreEtAl2014 is experimental and may change in future versions - the user is liable for their application
  warnings.warn(msg, ExperimentalWarning)
/home/ssm-user/src/oq-engine/openquake/hazardlib/gsim/base.py:347: ExperimentalWarning: CanadaSHM6_ActiveCrust_BooreEtAl2014 is experimental and may change in future versions - the user is liable for their application
  warnings.warn(msg, ExperimentalWarning)
/home/ssm-user/src/oq-engine/openquake/hazardlib/gsim/base.py:347: ExperimentalWarning: CanadaSHM6_ActiveCrust_BooreEtAl2014 is experimental and may change in future versions - the user is liable for their application
  warnings.warn(msg, ExperimentalWarning)
/home/ssm-user/src/oq-engine/openquake/hazardlib/gsim/base.py:347: ExperimentalWarning: CanadaSHM6_ActiveCrust_BooreEtAl2014 is experimental and may change in future versions - the user is liable for their application
  warnings.warn(msg, ExperimentalWarning)
/home/ssm-user/src/oq-engine/openquake/hazardlib/gsim/base.py:347: ExperimentalWarning: CanadaSHM6_ActiveCrust_BooreEtAl2014 is experimental and may change in future versions - the user is liable for their application
  warnings.warn(msg, ExperimentalWarning)
/home/ssm-user/src/oq-engine/openquake/hazardlib/gsim/base.py:347: ExperimentalWarning: CanadaSHM6_ActiveCrust_BooreEtAl2014 is experimental and may change in future versions - the user is liable for their application
  warnings.warn(msg, ExperimentalWarning)
/home/ssm-user/src/oq-engine/openquake/hazardlib/gsim/base.py:347: ExperimentalWarning: CanadaSHM6_ActiveCrust_BooreEtAl2014 is experimental and may change in future versions - the user is liable for their application
  warnings.warn(msg, ExperimentalWarning)
/home/ssm-user/src/oq-engine/openquake/hazardlib/gsim/base.py:347: ExperimentalWarning: CanadaSHM6_ActiveCrust_BooreEtAl2014 is experimental and may change in future versions - the user is liable for their application
  warnings.warn(msg, ExperimentalWarning)
/home/ssm-user/src/oq-engine/openquake/hazardlib/gsim/base.py:347: ExperimentalWarning: CanadaSHM6_ActiveCrust_BooreEtAl2014 is experimental and may change in future versions - the user is liable for their application
  warnings.warn(msg, ExperimentalWarning)
/home/ssm-user/src/oq-engine/openquake/hazardlib/gsim/base.py:347: ExperimentalWarning: CanadaSHM6_ActiveCrust_BooreEtAl2014 is experimental and may change in future versions - the user is liable for their application
  warnings.warn(msg, ExperimentalWarning)
/home/ssm-user/src/oq-engine/openquake/hazardlib/gsim/base.py:347: ExperimentalWarning: CanadaSHM6_ActiveCrust_BooreEtAl2014 is experimental and may change in future versions - the user is liable for their application
  warnings.warn(msg, ExperimentalWarning)
/home/ssm-user/src/oq-engine/openquake/hazardlib/gsim/base.py:347: ExperimentalWarning: CanadaSHM6_ActiveCrust_BooreEtAl2014 is experimental and may change in future versions - the user is liable for their application
  warnings.warn(msg, ExperimentalWarning)
/home/ssm-user/src/oq-engine/openquake/hazardlib/gsim/base.py:347: ExperimentalWarning: CanadaSHM6_ActiveCrust_BooreEtAl2014 is experimental and may change in future versions - the user is liable for their application
  warnings.warn(msg, ExperimentalWarning)
/home/ssm-user/src/oq-engine/openquake/hazardlib/gsim/base.py:347: ExperimentalWarning: CanadaSHM6_ActiveCrust_BooreEtAl2014 is experimental and may change in future versions - the user is liable for their application
  warnings.warn(msg, ExperimentalWarning)
/home/ssm-user/src/oq-engine/openquake/hazardlib/gsim/base.py:347: ExperimentalWarning: CanadaSHM6_ActiveCrust_BooreEtAl2014 is experimental and may change in future versions - the user is liable for their application
  warnings.warn(msg, ExperimentalWarning)
/home/ssm-user/src/oq-engine/openquake/hazardlib/gsim/base.py:347: ExperimentalWarning: CanadaSHM6_ActiveCrust_BooreEtAl2014 is experimental and may change in future versions - the user is liable for their application
  warnings.warn(msg, ExperimentalWarning)
/home/ssm-user/src/oq-engine/openquake/hazardlib/gsim/base.py:347: ExperimentalWarning: CanadaSHM6_ActiveCrust_BooreEtAl2014 is experimental and may change in future versions - the user is liable for their application
  warnings.warn(msg, ExperimentalWarning)
/home/ssm-user/src/oq-engine/openquake/hazardlib/gsim/base.py:347: ExperimentalWarning: CanadaSHM6_ActiveCrust_BooreEtAl2014 is experimental and may change in future versions - the user is liable for their application
  warnings.warn(msg, ExperimentalWarning)
/home/ssm-user/src/oq-engine/openquake/hazardlib/gsim/base.py:347: ExperimentalWarning: CanadaSHM6_ActiveCrust_BooreEtAl2014 is experimental and may change in future versions - the user is liable for their application
  warnings.warn(msg, ExperimentalWarning)
/home/ssm-user/src/oq-engine/openquake/hazardlib/gsim/base.py:347: ExperimentalWarning: CanadaSHM6_ActiveCrust_BooreEtAl2014 is experimental and may change in future versions - the user is liable for their application
  warnings.warn(msg, ExperimentalWarning)
/home/ssm-user/src/oq-engine/openquake/hazardlib/gsim/base.py:347: ExperimentalWarning: CanadaSHM6_ActiveCrust_BooreEtAl2014 is experimental and may change in future versions - the user is liable for their application
  warnings.warn(msg, ExperimentalWarning)
/home/ssm-user/src/oq-engine/openquake/hazardlib/gsim/base.py:347: ExperimentalWarning: CanadaSHM6_ActiveCrust_BooreEtAl2014 is experimental and may change in future versions - the user is liable for their application
  warnings.warn(msg, ExperimentalWarning)
/home/ssm-user/src/oq-engine/openquake/hazardlib/gsim/base.py:347: ExperimentalWarning: CanadaSHM6_ActiveCrust_BooreEtAl2014 is experimental and may change in future versions - the user is liable for their application
  warnings.warn(msg, ExperimentalWarning)
/home/ssm-user/src/oq-engine/openquake/hazardlib/gsim/base.py:347: ExperimentalWarning: CanadaSHM6_ActiveCrust_BooreEtAl2014 is experimental and may change in future versions - the user is liable for their application
  warnings.warn(msg, ExperimentalWarning)
/home/ssm-user/src/oq-engine/openquake/hazardlib/gsim/base.py:347: ExperimentalWarning: CanadaSHM6_ActiveCrust_BooreEtAl2014 is experimental and may change in future versions - the user is liable for their application
  warnings.warn(msg, ExperimentalWarning)
/home/ssm-user/src/oq-engine/openquake/hazardlib/gsim/base.py:347: ExperimentalWarning: CanadaSHM6_ActiveCrust_BooreEtAl2014 is experimental and may change in future versions - the user is liable for their application
  warnings.warn(msg, ExperimentalWarning)
/home/ssm-user/src/oq-engine/openquake/hazardlib/gsim/base.py:347: ExperimentalWarning: CanadaSHM6_ActiveCrust_BooreEtAl2014 is experimental and may change in future versions - the user is liable for their application
  warnings.warn(msg, ExperimentalWarning)
/home/ssm-user/src/oq-engine/openquake/hazardlib/gsim/base.py:347: ExperimentalWarning: CanadaSHM6_ActiveCrust_BooreEtAl2014 is experimental and may change in future versions - the user is liable for their application
  warnings.warn(msg, ExperimentalWarning)
/home/ssm-user/src/oq-engine/openquake/hazardlib/gsim/base.py:347: ExperimentalWarning: CanadaSHM6_ActiveCrust_BooreEtAl2014 is experimental and may change in future versions - the user is liable for their application
  warnings.warn(msg, ExperimentalWarning)
/home/ssm-user/src/oq-engine/openquake/hazardlib/gsim/base.py:347: ExperimentalWarning: CanadaSHM6_ActiveCrust_BooreEtAl2014 is experimental and may change in future versions - the user is liable for their application
  warnings.warn(msg, ExperimentalWarning)
/home/ssm-user/src/oq-engine/openquake/hazardlib/gsim/base.py:347: ExperimentalWarning: CanadaSHM6_ActiveCrust_BooreEtAl2014 is experimental and may change in future versions - the user is liable for their application
  warnings.warn(msg, ExperimentalWarning)
/home/ssm-user/src/oq-engine/openquake/hazardlib/gsim/base.py:347: ExperimentalWarning: CanadaSHM6_ActiveCrust_BooreEtAl2014 is experimental and may change in future versions - the user is liable for their application
  warnings.warn(msg, ExperimentalWarning)
/home/ssm-user/src/oq-engine/openquake/hazardlib/gsim/base.py:347: ExperimentalWarning: CanadaSHM6_ActiveCrust_BooreEtAl2014 is experimental and may change in future versions - the user is liable for their application
  warnings.warn(msg, ExperimentalWarning)
/home/ssm-user/src/oq-engine/openquake/hazardlib/gsim/base.py:347: ExperimentalWarning: CanadaSHM6_ActiveCrust_BooreEtAl2014 is experimental and may change in future versions - the user is liable for their application
  warnings.warn(msg, ExperimentalWarning)
/home/ssm-user/src/oq-engine/openquake/hazardlib/gsim/base.py:347: ExperimentalWarning: CanadaSHM6_ActiveCrust_BooreEtAl2014 is experimental and may change in future versions - the user is liable for their application
  warnings.warn(msg, ExperimentalWarning)
/home/ssm-user/src/oq-engine/openquake/hazardlib/gsim/base.py:347: ExperimentalWarning: CanadaSHM6_ActiveCrust_BooreEtAl2014 is experimental and may change in future versions - the user is liable for their application
  warnings.warn(msg, ExperimentalWarning)
/home/ssm-user/src/oq-engine/openquake/hazardlib/gsim/base.py:347: ExperimentalWarning: CanadaSHM6_ActiveCrust_BooreEtAl2014 is experimental and may change in future versions - the user is liable for their application
  warnings.warn(msg, ExperimentalWarning)
/home/ssm-user/src/oq-engine/openquake/hazardlib/gsim/base.py:347: ExperimentalWarning: CanadaSHM6_ActiveCrust_BooreEtAl2014 is experimental and may change in future versions - the user is liable for their application
  warnings.warn(msg, ExperimentalWarning)
/home/ssm-user/src/oq-engine/openquake/hazardlib/gsim/base.py:347: ExperimentalWarning: CanadaSHM6_ActiveCrust_BooreEtAl2014 is experimental and may change in future versions - the user is liable for their application
  warnings.warn(msg, ExperimentalWarning)
/home/ssm-user/src/oq-engine/openquake/hazardlib/gsim/base.py:347: ExperimentalWarning: CanadaSHM6_ActiveCrust_BooreEtAl2014 is experimental and may change in future versions - the user is liable for their application
  warnings.warn(msg, ExperimentalWarning)
/home/ssm-user/src/oq-engine/openquake/hazardlib/gsim/base.py:347: ExperimentalWarning: CanadaSHM6_ActiveCrust_BooreEtAl2014 is experimental and may change in future versions - the user is liable for their application
  warnings.warn(msg, ExperimentalWarning)
/home/ssm-user/src/oq-engine/openquake/hazardlib/gsim/base.py:347: ExperimentalWarning: CanadaSHM6_ActiveCrust_BooreEtAl2014 is experimental and may change in future versions - the user is liable for their application
  warnings.warn(msg, ExperimentalWarning)
/home/ssm-user/src/oq-engine/openquake/hazardlib/gsim/base.py:347: ExperimentalWarning: CanadaSHM6_ActiveCrust_BooreEtAl2014 is experimental and may change in future versions - the user is liable for their application
  warnings.warn(msg, ExperimentalWarning)
/home/ssm-user/src/oq-engine/openquake/hazardlib/gsim/base.py:347: ExperimentalWarning: CanadaSHM6_ActiveCrust_BooreEtAl2014 is experimental and may change in future versions - the user is liable for their application
  warnings.warn(msg, ExperimentalWarning)
/home/ssm-user/src/oq-engine/openquake/hazardlib/gsim/base.py:347: ExperimentalWarning: CanadaSHM6_ActiveCrust_BooreEtAl2014 is experimental and may change in future versions - the user is liable for their application
  warnings.warn(msg, ExperimentalWarning)
/home/ssm-user/src/oq-engine/openquake/hazardlib/gsim/base.py:347: ExperimentalWarning: CanadaSHM6_ActiveCrust_BooreEtAl2014 is experimental and may change in future versions - the user is liable for their application
  warnings.warn(msg, ExperimentalWarning)
/home/ssm-user/src/oq-engine/openquake/hazardlib/gsim/base.py:347: ExperimentalWarning: CanadaSHM6_ActiveCrust_BooreEtAl2014 is experimental and may change in future versions - the user is liable for their application
  warnings.warn(msg, ExperimentalWarning)
/home/ssm-user/src/oq-engine/openquake/hazardlib/gsim/base.py:347: ExperimentalWarning: CanadaSHM6_ActiveCrust_BooreEtAl2014 is experimental and may change in future versions - the user is liable for their application
  warnings.warn(msg, ExperimentalWarning)
/home/ssm-user/src/oq-engine/openquake/hazardlib/gsim/base.py:347: ExperimentalWarning: CanadaSHM6_ActiveCrust_BooreEtAl2014 is experimental and may change in future versions - the user is liable for their application
  warnings.warn(msg, ExperimentalWarning)
/home/ssm-user/src/oq-engine/openquake/hazardlib/gsim/base.py:347: ExperimentalWarning: CanadaSHM6_ActiveCrust_BooreEtAl2014 is experimental and may change in future versions - the user is liable for their application
  warnings.warn(msg, ExperimentalWarning)
/home/ssm-user/src/oq-engine/openquake/hazardlib/gsim/base.py:347: ExperimentalWarning: CanadaSHM6_ActiveCrust_BooreEtAl2014 is experimental and may change in future versions - the user is liable for their application
  warnings.warn(msg, ExperimentalWarning)
/home/ssm-user/src/oq-engine/openquake/hazardlib/gsim/base.py:347: ExperimentalWarning: CanadaSHM6_ActiveCrust_BooreEtAl2014 is experimental and may change in future versions - the user is liable for their application
  warnings.warn(msg, ExperimentalWarning)
/home/ssm-user/src/oq-engine/openquake/hazardlib/gsim/base.py:347: ExperimentalWarning: CanadaSHM6_ActiveCrust_BooreEtAl2014 is experimental and may change in future versions - the user is liable for their application
  warnings.warn(msg, ExperimentalWarning)
/home/ssm-user/src/oq-engine/openquake/hazardlib/gsim/base.py:347: ExperimentalWarning: CanadaSHM6_ActiveCrust_BooreEtAl2014 is experimental and may change in future versions - the user is liable for their application
  warnings.warn(msg, ExperimentalWarning)
/home/ssm-user/src/oq-engine/openquake/hazardlib/gsim/base.py:347: ExperimentalWarning: CanadaSHM6_ActiveCrust_BooreEtAl2014 is experimental and may change in future versions - the user is liable for their application
  warnings.warn(msg, ExperimentalWarning)
/home/ssm-user/src/oq-engine/openquake/hazardlib/gsim/base.py:347: ExperimentalWarning: CanadaSHM6_ActiveCrust_BooreEtAl2014 is experimental and may change in future versions - the user is liable for their application
  warnings.warn(msg, ExperimentalWarning)
/home/ssm-user/src/oq-engine/openquake/hazardlib/gsim/base.py:347: ExperimentalWarning: CanadaSHM6_ActiveCrust_BooreEtAl2014 is experimental and may change in future versions - the user is liable for their application
  warnings.warn(msg, ExperimentalWarning)
/home/ssm-user/src/oq-engine/openquake/hazardlib/gsim/base.py:347: ExperimentalWarning: CanadaSHM6_ActiveCrust_BooreEtAl2014 is experimental and may change in future versions - the user is liable for their application
  warnings.warn(msg, ExperimentalWarning)
/home/ssm-user/src/oq-engine/openquake/hazardlib/gsim/base.py:347: ExperimentalWarning: CanadaSHM6_ActiveCrust_BooreEtAl2014 is experimental and may change in future versions - the user is liable for their application
  warnings.warn(msg, ExperimentalWarning)
/home/ssm-user/src/oq-engine/openquake/hazardlib/gsim/base.py:347: ExperimentalWarning: CanadaSHM6_ActiveCrust_BooreEtAl2014 is experimental and may change in future versions - the user is liable for their application
  warnings.warn(msg, ExperimentalWarning)
/home/ssm-user/src/oq-engine/openquake/hazardlib/gsim/base.py:347: ExperimentalWarning: CanadaSHM6_ActiveCrust_BooreEtAl2014 is experimental and may change in future versions - the user is liable for their application
  warnings.warn(msg, ExperimentalWarning)
/home/ssm-user/src/oq-engine/openquake/hazardlib/gsim/base.py:347: ExperimentalWarning: CanadaSHM6_ActiveCrust_BooreEtAl2014 is experimental and may change in future versions - the user is liable for their application
  warnings.warn(msg, ExperimentalWarning)
/home/ssm-user/src/oq-engine/openquake/hazardlib/gsim/base.py:347: ExperimentalWarning: CanadaSHM6_ActiveCrust_BooreEtAl2014 is experimental and may change in future versions - the user is liable for their application
  warnings.warn(msg, ExperimentalWarning)
/home/ssm-user/src/oq-engine/openquake/hazardlib/gsim/base.py:347: ExperimentalWarning: CanadaSHM6_ActiveCrust_BooreEtAl2014 is experimental and may change in future versions - the user is liable for their application
  warnings.warn(msg, ExperimentalWarning)
/home/ssm-user/src/oq-engine/openquake/hazardlib/gsim/base.py:347: ExperimentalWarning: CanadaSHM6_ActiveCrust_BooreEtAl2014 is experimental and may change in future versions - the user is liable for their application
  warnings.warn(msg, ExperimentalWarning)
/home/ssm-user/src/oq-engine/openquake/hazardlib/gsim/base.py:347: ExperimentalWarning: CanadaSHM6_ActiveCrust_BooreEtAl2014 is experimental and may change in future versions - the user is liable for their application
  warnings.warn(msg, ExperimentalWarning)
/home/ssm-user/src/oq-engine/openquake/hazardlib/gsim/base.py:347: ExperimentalWarning: CanadaSHM6_ActiveCrust_BooreEtAl2014 is experimental and may change in future versions - the user is liable for their application
  warnings.warn(msg, ExperimentalWarning)
/home/ssm-user/src/oq-engine/openquake/hazardlib/gsim/base.py:347: ExperimentalWarning: CanadaSHM6_ActiveCrust_BooreEtAl2014 is experimental and may change in future versions - the user is liable for their application
  warnings.warn(msg, ExperimentalWarning)
/home/ssm-user/src/oq-engine/openquake/hazardlib/gsim/base.py:347: ExperimentalWarning: CanadaSHM6_ActiveCrust_BooreEtAl2014 is experimental and may change in future versions - the user is liable for their application
  warnings.warn(msg, ExperimentalWarning)
/home/ssm-user/src/oq-engine/openquake/hazardlib/gsim/base.py:347: ExperimentalWarning: CanadaSHM6_ActiveCrust_BooreEtAl2014 is experimental and may change in future versions - the user is liable for their application
  warnings.warn(msg, ExperimentalWarning)
/home/ssm-user/src/oq-engine/openquake/hazardlib/gsim/base.py:347: ExperimentalWarning: CanadaSHM6_ActiveCrust_BooreEtAl2014 is experimental and may change in future versions - the user is liable for their application
  warnings.warn(msg, ExperimentalWarning)
/home/ssm-user/src/oq-engine/openquake/hazardlib/gsim/base.py:347: ExperimentalWarning: CanadaSHM6_ActiveCrust_BooreEtAl2014 is experimental and may change in future versions - the user is liable for their application
  warnings.warn(msg, ExperimentalWarning)
/home/ssm-user/src/oq-engine/openquake/hazardlib/gsim/base.py:347: ExperimentalWarning: CanadaSHM6_ActiveCrust_BooreEtAl2014 is experimental and may change in future versions - the user is liable for their application
  warnings.warn(msg, ExperimentalWarning)
/home/ssm-user/src/oq-engine/openquake/hazardlib/gsim/base.py:347: ExperimentalWarning: CanadaSHM6_ActiveCrust_BooreEtAl2014 is experimental and may change in future versions - the user is liable for their application
  warnings.warn(msg, ExperimentalWarning)
/home/ssm-user/src/oq-engine/openquake/hazardlib/gsim/base.py:347: ExperimentalWarning: CanadaSHM6_ActiveCrust_BooreEtAl2014 is experimental and may change in future versions - the user is liable for their application
  warnings.warn(msg, ExperimentalWarning)
/home/ssm-user/src/oq-engine/openquake/hazardlib/gsim/base.py:347: ExperimentalWarning: CanadaSHM6_ActiveCrust_BooreEtAl2014 is experimental and may change in future versions - the user is liable for their application
  warnings.warn(msg, ExperimentalWarning)
/home/ssm-user/src/oq-engine/openquake/hazardlib/gsim/base.py:347: ExperimentalWarning: CanadaSHM6_ActiveCrust_BooreEtAl2014 is experimental and may change in future versions - the user is liable for their application
  warnings.warn(msg, ExperimentalWarning)
/home/ssm-user/src/oq-engine/openquake/hazardlib/gsim/base.py:347: ExperimentalWarning: CanadaSHM6_ActiveCrust_BooreEtAl2014 is experimental and may change in future versions - the user is liable for their application
  warnings.warn(msg, ExperimentalWarning)
/home/ssm-user/src/oq-engine/openquake/hazardlib/gsim/base.py:347: ExperimentalWarning: CanadaSHM6_ActiveCrust_BooreEtAl2014 is experimental and may change in future versions - the user is liable for their application
  warnings.warn(msg, ExperimentalWarning)
/home/ssm-user/src/oq-engine/openquake/hazardlib/gsim/base.py:347: ExperimentalWarning: CanadaSHM6_ActiveCrust_BooreEtAl2014 is experimental and may change in future versions - the user is liable for their application
  warnings.warn(msg, ExperimentalWarning)
/home/ssm-user/src/oq-engine/openquake/hazardlib/gsim/base.py:347: ExperimentalWarning: CanadaSHM6_ActiveCrust_BooreEtAl2014 is experimental and may change in future versions - the user is liable for their application
  warnings.warn(msg, ExperimentalWarning)
/home/ssm-user/src/oq-engine/openquake/hazardlib/gsim/base.py:347: ExperimentalWarning: CanadaSHM6_ActiveCrust_BooreEtAl2014 is experimental and may change in future versions - the user is liable for their application
  warnings.warn(msg, ExperimentalWarning)
/home/ssm-user/src/oq-engine/openquake/hazardlib/gsim/base.py:347: ExperimentalWarning: CanadaSHM6_ActiveCrust_BooreEtAl2014 is experimental and may change in future versions - the user is liable for their application
  warnings.warn(msg, ExperimentalWarning)
/home/ssm-user/src/oq-engine/openquake/hazardlib/gsim/base.py:347: ExperimentalWarning: CanadaSHM6_ActiveCrust_BooreEtAl2014 is experimental and may change in future versions - the user is liable for their application
  warnings.warn(msg, ExperimentalWarning)
[2021-10-28 07:10:15 #191 INFO] root running /mnt/storage/canada-srm2/eDamage/input/eDamage_r1_AB_T_EdmontonOuter.ini [--hc=190]
[2021-10-28 07:10:15 #191 INFO] Using engine version 3.11.3-git29ac352f7d
[2021-10-28 07:10:16 #191 WARNING] Version v3.11.4 of the engine is available, but you are still using version 3.11.3-git29ac352f7d
[2021-10-28 07:10:16 #191 WARNING] Using 96 cores on ip-10-70-136-127
[2021-10-28 07:10:16 #191 INFO] Validated nationalModel.xml in 0.01 seconds
[2021-10-28 07:10:16 #191 INFO] Checksum of the input files: 514598877
[2021-10-28 07:10:16 #191 INFO] Reading the risk model if present
[2021-10-28 07:10:19 #191 INFO] Reading /mnt/storage/openquake-inputs/exposure/general-building-stock/oqBldgExp_AB_T_EdmontonOuter.xml
[2021-10-28 07:10:33 #191 INFO] Associated 77079 assets to 11855 sites
[2021-10-28 07:10:39 #191 INFO] Reducing risk model from 4224 to 306 taxonomies
[2021-10-28 07:10:40 #191 INFO] minimum_asset_loss={'structural': 0}
[2021-10-28 07:10:40 #191 INFO] Storing risk model
[2021-10-28 07:10:41 #191 INFO] Building risk inputs from 200 realization(s)
[2021-10-28 07:12:57 #191 INFO] Grouping the GMFs by site ID
[2021-10-28 07:14:36 #191 INFO] Built 11855 risk inputs
  id | name
1504 | Aggregate Event Damages
1502 | Asset Damage Distributions
1503 | Asset Damage Statistics
1510 | Earthquake Ruptures
1505 | Events
1506 | Full Report
1507 | Ground Motion Fields
1508 | Input Files
1509 | Realizations
[2021-10-28 07:15:23 #191 INFO] Sent 200 tasks, 16.42 GB in 39 seconds
[2021-10-28 07:31:56 #191 INFO] scenario_damage   1% [200 submitted, 0 queued]
[2021-10-28 07:39:37 #191 INFO] scenario_damage   2% [200 submitted, 0 queued]
[2021-10-28 07:41:12 #191 INFO] scenario_damage   3% [200 submitted, 0 queued]
[2021-10-28 07:42:15 #191 INFO] scenario_damage   4% [200 submitted, 0 queued]
[2021-10-28 07:43:11 #191 INFO] scenario_damage   5% [200 submitted, 0 queued]
[2021-10-28 07:43:26 #191 INFO] scenario_damage   6% [200 submitted, 0 queued]
[2021-10-28 07:44:11 #191 INFO] scenario_damage   7% [200 submitted, 0 queued]
[2021-10-28 07:44:32 #191 INFO] scenario_damage   8% [200 submitted, 0 queued]
[2021-10-28 07:46:59 #191 INFO] scenario_damage   9% [200 submitted, 0 queued]
[2021-10-28 07:48:14 #191 INFO] scenario_damage  10% [200 submitted, 0 queued]
[2021-10-28 07:48:24 #191 INFO] scenario_damage  11% [200 submitted, 0 queued]
[2021-10-28 07:48:36 #191 INFO] scenario_damage  12% [200 submitted, 0 queued]
[2021-10-28 07:49:10 #191 INFO] scenario_damage  13% [200 submitted, 0 queued]
[2021-10-28 07:49:24 #191 INFO] scenario_damage  14% [200 submitted, 0 queued]
[2021-10-28 07:49:41 #191 INFO] scenario_damage  15% [200 submitted, 0 queued]
[2021-10-28 07:49:58 #191 INFO] scenario_damage  16% [200 submitted, 0 queued]
[2021-10-28 07:50:14 #191 INFO] scenario_damage  17% [200 submitted, 0 queued]
[2021-10-28 07:50:33 #191 INFO] scenario_damage  18% [200 submitted, 0 queued]
[2021-10-28 07:50:50 #191 INFO] scenario_damage  19% [200 submitted, 0 queued]
[2021-10-28 07:51:21 #191 INFO] scenario_damage  20% [200 submitted, 0 queued]
[2021-10-28 07:51:52 #191 INFO] scenario_damage  21% [200 submitted, 0 queued]
[2021-10-28 07:52:41 #191 INFO] scenario_damage  22% [200 submitted, 0 queued]
[2021-10-28 07:53:31 #191 INFO] scenario_damage  23% [200 submitted, 0 queued]
[2021-10-28 07:53:44 #191 INFO] scenario_damage  24% [200 submitted, 0 queued]
[2021-10-28 07:54:15 #191 INFO] scenario_damage  25% [200 submitted, 0 queued]
[2021-10-28 07:54:23 #191 INFO] scenario_damage  26% [200 submitted, 0 queued]
[2021-10-28 07:54:47 #191 INFO] scenario_damage  27% [200 submitted, 0 queued]
[2021-10-28 07:55:30 #191 INFO] scenario_damage  28% [200 submitted, 0 queued]
[2021-10-28 07:56:24 #191 INFO] scenario_damage  29% [200 submitted, 0 queued]
[2021-10-28 07:56:46 #191 INFO] scenario_damage  30% [200 submitted, 0 queued]
[2021-10-28 07:56:52 #191 INFO] scenario_damage  31% [200 submitted, 0 queued]
[2021-10-28 07:57:01 #191 INFO] scenario_damage  32% [200 submitted, 0 queued]
[2021-10-28 07:57:05 #191 INFO] scenario_damage  33% [200 submitted, 0 queued]
[2021-10-28 07:57:13 #191 INFO] scenario_damage  34% [200 submitted, 0 queued]
[2021-10-28 07:57:23 #191 INFO] scenario_damage  35% [200 submitted, 0 queued]
[2021-10-28 07:57:44 #191 INFO] scenario_damage  36% [200 submitted, 0 queued]
[2021-10-28 07:57:55 #191 INFO] scenario_damage  37% [200 submitted, 0 queued]
[2021-10-28 07:58:21 #191 INFO] scenario_damage  38% [200 submitted, 0 queued]
[2021-10-28 07:59:09 #191 INFO] scenario_damage  39% [200 submitted, 0 queued]
[2021-10-28 07:59:34 #191 INFO] scenario_damage  40% [200 submitted, 0 queued]
[2021-10-28 07:59:57 #191 INFO] scenario_damage  41% [200 submitted, 0 queued]
[2021-10-28 08:01:36 #191 INFO] scenario_damage  42% [200 submitted, 0 queued]
[2021-10-28 08:02:42 #191 INFO] scenario_damage  43% [200 submitted, 0 queued]
[2021-10-28 08:03:09 #191 INFO] scenario_damage  44% [200 submitted, 0 queued]
[2021-10-28 08:04:35 #191 INFO] scenario_damage  45% [200 submitted, 0 queued]
[2021-10-28 08:08:03 #191 INFO] scenario_damage  46% [200 submitted, 0 queued]
[2021-10-28 08:13:09 #191 INFO] scenario_damage  47% [200 submitted, 0 queued]
[2021-10-28 08:13:34 #191 INFO] scenario_damage  48% [200 submitted, 0 queued]
[2021-10-28 08:16:49 #191 INFO] scenario_damage  49% [200 submitted, 0 queued]
[2021-10-28 08:18:33 #191 INFO] scenario_damage  50% [200 submitted, 0 queued]
[2021-10-28 08:19:19 #191 INFO] scenario_damage  51% [200 submitted, 0 queued]
[2021-10-28 08:21:50 #191 INFO] scenario_damage  52% [200 submitted, 0 queued]
[2021-10-28 08:22:19 #191 INFO] scenario_damage  53% [200 submitted, 0 queued]
[2021-10-28 08:23:19 #191 INFO] scenario_damage  54% [200 submitted, 0 queued]
[2021-10-28 08:24:01 #191 INFO] scenario_damage  55% [200 submitted, 0 queued]
[2021-10-28 08:24:50 #191 INFO] scenario_damage  56% [200 submitted, 0 queued]
[2021-10-28 08:25:40 #191 INFO] scenario_damage  57% [200 submitted, 0 queued]
[2021-10-28 08:26:10 #191 INFO] scenario_damage  58% [200 submitted, 0 queued]
[2021-10-28 08:26:20 #191 INFO] scenario_damage  59% [200 submitted, 0 queued]
[2021-10-28 08:26:24 #191 INFO] scenario_damage  60% [200 submitted, 0 queued]
[2021-10-28 08:26:30 #191 INFO] scenario_damage  61% [200 submitted, 0 queued]
[2021-10-28 08:27:28 #191 INFO] scenario_damage  62% [200 submitted, 0 queued]
[2021-10-28 08:27:36 #191 INFO] scenario_damage  63% [200 submitted, 0 queued]
[2021-10-28 08:27:58 #191 INFO] scenario_damage  64% [200 submitted, 0 queued]
[2021-10-28 08:28:26 #191 INFO] scenario_damage  65% [200 submitted, 0 queued]
[2021-10-28 08:28:56 #191 INFO] scenario_damage  66% [200 submitted, 0 queued]
[2021-10-28 08:29:01 #191 INFO] scenario_damage  67% [200 submitted, 0 queued]
[2021-10-28 08:29:28 #191 INFO] scenario_damage  68% [200 submitted, 0 queued]
[2021-10-28 08:29:49 #191 INFO] scenario_damage  69% [200 submitted, 0 queued]
[2021-10-28 08:29:55 #191 INFO] scenario_damage  70% [200 submitted, 0 queued]
[2021-10-28 08:30:38 #191 INFO] scenario_damage  71% [200 submitted, 0 queued]
[2021-10-28 08:31:03 #191 INFO] scenario_damage  72% [200 submitted, 0 queued]
[2021-10-28 08:31:25 #191 INFO] scenario_damage  73% [200 submitted, 0 queued]
[2021-10-28 08:31:54 #191 INFO] scenario_damage  74% [200 submitted, 0 queued]
[2021-10-28 08:32:25 #191 INFO] scenario_damage  75% [200 submitted, 0 queued]
[2021-10-28 08:32:39 #191 INFO] scenario_damage  76% [200 submitted, 0 queued]
[2021-10-28 08:32:47 #191 INFO] scenario_damage  77% [200 submitted, 0 queued]
[2021-10-28 08:33:42 #191 INFO] scenario_damage  78% [200 submitted, 0 queued]
[2021-10-28 08:34:04 #191 INFO] scenario_damage  79% [200 submitted, 0 queued]
[2021-10-28 08:35:03 #191 INFO] scenario_damage  80% [200 submitted, 0 queued]
[2021-10-28 08:35:19 #191 INFO] scenario_damage  81% [200 submitted, 0 queued]
[2021-10-28 08:35:26 #191 INFO] scenario_damage  82% [200 submitted, 0 queued]
[2021-10-28 08:36:50 #191 INFO] scenario_damage  83% [200 submitted, 0 queued]
[2021-10-28 08:37:22 #191 INFO] scenario_damage  84% [200 submitted, 0 queued]
[2021-10-28 08:37:45 #191 INFO] scenario_damage  85% [200 submitted, 0 queued]
[2021-10-28 08:38:04 #191 INFO] scenario_damage  86% [200 submitted, 0 queued]
[2021-10-28 08:38:20 #191 INFO] scenario_damage  87% [200 submitted, 0 queued]
[2021-10-28 08:38:58 #191 INFO] scenario_damage  88% [200 submitted, 0 queued]
[2021-10-28 08:40:31 #191 INFO] scenario_damage  89% [200 submitted, 0 queued]
[2021-10-28 08:40:55 #191 INFO] scenario_damage  90% [200 submitted, 0 queued]
[2021-10-28 08:42:04 #191 INFO] scenario_damage  91% [200 submitted, 0 queued]
[2021-10-28 08:42:35 #191 INFO] scenario_damage  92% [200 submitted, 0 queued]
[2021-10-28 08:44:02 #191 INFO] scenario_damage  93% [200 submitted, 0 queued]
[2021-10-28 08:44:14 #191 INFO] scenario_damage  94% [200 submitted, 0 queued]
[2021-10-28 08:44:23 #191 INFO] scenario_damage  95% [200 submitted, 0 queued]
[2021-10-28 08:45:24 #191 INFO] scenario_damage  96% [200 submitted, 0 queued]
[2021-10-28 08:48:06 #191 INFO] scenario_damage  97% [200 submitted, 0 queued]
[2021-10-28 08:51:41 #191 INFO] scenario_damage  98% [200 submitted, 0 queued]
[2021-10-28 08:53:05 #191 INFO] scenario_damage  99% [200 submitted, 0 queued]
[2021-10-28 08:58:49 #191 INFO] scenario_damage 100% [200 submitted, 0 queued]
[2021-10-28 08:58:49 #191 INFO] Mean time per core=4768s, std=485.3s, min=4015s, max=6222s
[2021-10-28 08:58:49 #191 INFO] Received {'d_asset': '1.32 GB', 'aed': '1.18 GB', 'd_event': '669.91 MB'} in 6205 seconds
[2021-10-28 08:58:49 #191 INFO] Saving 1.18 GB in dd_data (instead of 570.74 GB)
[2021-10-28 09:03:17 #191 INFO] Portfolio damage
==== ========== ========= =======
kind loss_type  dmg_state value  
==== ========== ========= =======
avg  structural no_damage 166_923
avg  structural slight    30     
avg  structural moderate  4.16958
avg  structural extensive 1.57503
avg  structural complete  1.62674
std  structural no_damage 511    
std  structural slight    385    
std  structural moderate  67     
std  structural extensive 27     
std  structural complete  38     
==== ========== ========= =======
[2021-10-28 09:03:17 #191 INFO] Due to rounding errors inherent in floating-point arithmetic, the total number of buildings is not exact: {'expected': 166961.0, 'structural': 20219.12}
[2021-10-28 09:03:38 #191 INFO] Exposing the outputs to the database
[2021-10-28 09:03:38 #191 INFO] Stored 529.22 MB on /root/oqdata/calc_191.hdf5 in 6802 seconds
/home/ssm-user/src/oq-engine/openquake/hazardlib/gsim/base.py:347: ExperimentalWarning: CanadaSHM6_ActiveCrust_BooreEtAl2014 is experimental and may change in future versions - the user is liable for their application
  warnings.warn(msg, ExperimentalWarning)
/home/ssm-user/src/oq-engine/openquake/hazardlib/gsim/base.py:347: ExperimentalWarning: CanadaSHM6_ActiveCrust_BooreEtAl2014 is experimental and may change in future versions - the user is liable for their application
  warnings.warn(msg, ExperimentalWarning)
/home/ssm-user/src/oq-engine/openquake/hazardlib/gsim/base.py:347: ExperimentalWarning: CanadaSHM6_ActiveCrust_BooreEtAl2014 is experimental and may change in future versions - the user is liable for their application
  warnings.warn(msg, ExperimentalWarning)
/home/ssm-user/src/oq-engine/openquake/hazardlib/gsim/base.py:347: ExperimentalWarning: CanadaSHM6_ActiveCrust_BooreEtAl2014 is experimental and may change in future versions - the user is liable for their application
  warnings.warn(msg, ExperimentalWarning)
/home/ssm-user/src/oq-engine/openquake/hazardlib/gsim/base.py:347: ExperimentalWarning: CanadaSHM6_ActiveCrust_BooreEtAl2014 is experimental and may change in future versions - the user is liable for their application
  warnings.warn(msg, ExperimentalWarning)
/home/ssm-user/src/oq-engine/openquake/hazardlib/gsim/base.py:347: ExperimentalWarning: CanadaSHM6_ActiveCrust_BooreEtAl2014 is experimental and may change in future versions - the user is liable for their application
  warnings.warn(msg, ExperimentalWarning)
/home/ssm-user/src/oq-engine/openquake/hazardlib/gsim/base.py:347: ExperimentalWarning: CanadaSHM6_ActiveCrust_BooreEtAl2014 is experimental and may change in future versions - the user is liable for their application
  warnings.warn(msg, ExperimentalWarning)
/home/ssm-user/src/oq-engine/openquake/hazardlib/gsim/base.py:347: ExperimentalWarning: CanadaSHM6_ActiveCrust_BooreEtAl2014 is experimental and may change in future versions - the user is liable for their application
  warnings.warn(msg, ExperimentalWarning)
/home/ssm-user/src/oq-engine/openquake/hazardlib/gsim/base.py:347: ExperimentalWarning: CanadaSHM6_ActiveCrust_BooreEtAl2014 is experimental and may change in future versions - the user is liable for their application
  warnings.warn(msg, ExperimentalWarning)
/home/ssm-user/src/oq-engine/openquake/hazardlib/gsim/base.py:347: ExperimentalWarning: CanadaSHM6_ActiveCrust_BooreEtAl2014 is experimental and may change in future versions - the user is liable for their application
  warnings.warn(msg, ExperimentalWarning)
/home/ssm-user/src/oq-engine/openquake/hazardlib/gsim/base.py:347: ExperimentalWarning: CanadaSHM6_ActiveCrust_BooreEtAl2014 is experimental and may change in future versions - the user is liable for their application
  warnings.warn(msg, ExperimentalWarning)
/home/ssm-user/src/oq-engine/openquake/hazardlib/gsim/base.py:347: ExperimentalWarning: CanadaSHM6_ActiveCrust_BooreEtAl2014 is experimental and may change in future versions - the user is liable for their application
  warnings.warn(msg, ExperimentalWarning)
/home/ssm-user/src/oq-engine/openquake/hazardlib/gsim/base.py:347: ExperimentalWarning: CanadaSHM6_ActiveCrust_BooreEtAl2014 is experimental and may change in future versions - the user is liable for their application
  warnings.warn(msg, ExperimentalWarning)
/home/ssm-user/src/oq-engine/openquake/hazardlib/gsim/base.py:347: ExperimentalWarning: CanadaSHM6_ActiveCrust_BooreEtAl2014 is experimental and may change in future versions - the user is liable for their application
  warnings.warn(msg, ExperimentalWarning)
/home/ssm-user/src/oq-engine/openquake/hazardlib/gsim/base.py:347: ExperimentalWarning: CanadaSHM6_ActiveCrust_BooreEtAl2014 is experimental and may change in future versions - the user is liable for their application
  warnings.warn(msg, ExperimentalWarning)
/home/ssm-user/src/oq-engine/openquake/hazardlib/gsim/base.py:347: ExperimentalWarning: CanadaSHM6_ActiveCrust_BooreEtAl2014 is experimental and may change in future versions - the user is liable for their application
  warnings.warn(msg, ExperimentalWarning)
/home/ssm-user/src/oq-engine/openquake/hazardlib/gsim/base.py:347: ExperimentalWarning: CanadaSHM6_ActiveCrust_BooreEtAl2014 is experimental and may change in future versions - the user is liable for their application
  warnings.warn(msg, ExperimentalWarning)
/home/ssm-user/src/oq-engine/openquake/hazardlib/gsim/base.py:347: ExperimentalWarning: CanadaSHM6_ActiveCrust_BooreEtAl2014 is experimental and may change in future versions - the user is liable for their application
  warnings.warn(msg, ExperimentalWarning)
/home/ssm-user/src/oq-engine/openquake/hazardlib/gsim/base.py:347: ExperimentalWarning: CanadaSHM6_ActiveCrust_BooreEtAl2014 is experimental and may change in future versions - the user is liable for their application
  warnings.warn(msg, ExperimentalWarning)
/home/ssm-user/src/oq-engine/openquake/hazardlib/gsim/base.py:347: ExperimentalWarning: CanadaSHM6_ActiveCrust_BooreEtAl2014 is experimental and may change in future versions - the user is liable for their application
  warnings.warn(msg, ExperimentalWarning)
/home/ssm-user/src/oq-engine/openquake/hazardlib/gsim/base.py:347: ExperimentalWarning: CanadaSHM6_ActiveCrust_BooreEtAl2014 is experimental and may change in future versions - the user is liable for their application
  warnings.warn(msg, ExperimentalWarning)
/home/ssm-user/src/oq-engine/openquake/hazardlib/gsim/base.py:347: ExperimentalWarning: CanadaSHM6_ActiveCrust_BooreEtAl2014 is experimental and may change in future versions - the user is liable for their application
  warnings.warn(msg, ExperimentalWarning)
/home/ssm-user/src/oq-engine/openquake/hazardlib/gsim/base.py:347: ExperimentalWarning: CanadaSHM6_ActiveCrust_BooreEtAl2014 is experimental and may change in future versions - the user is liable for their application
  warnings.warn(msg, ExperimentalWarning)
/home/ssm-user/src/oq-engine/openquake/hazardlib/gsim/base.py:347: ExperimentalWarning: CanadaSHM6_ActiveCrust_BooreEtAl2014 is experimental and may change in future versions - the user is liable for their application
  warnings.warn(msg, ExperimentalWarning)
/home/ssm-user/src/oq-engine/openquake/hazardlib/gsim/base.py:347: ExperimentalWarning: CanadaSHM6_ActiveCrust_BooreEtAl2014 is experimental and may change in future versions - the user is liable for their application
  warnings.warn(msg, ExperimentalWarning)
/home/ssm-user/src/oq-engine/openquake/hazardlib/gsim/base.py:347: ExperimentalWarning: CanadaSHM6_ActiveCrust_BooreEtAl2014 is experimental and may change in future versions - the user is liable for their application
  warnings.warn(msg, ExperimentalWarning)
/home/ssm-user/src/oq-engine/openquake/hazardlib/gsim/base.py:347: ExperimentalWarning: CanadaSHM6_ActiveCrust_BooreEtAl2014 is experimental and may change in future versions - the user is liable for their application
  warnings.warn(msg, ExperimentalWarning)
/home/ssm-user/src/oq-engine/openquake/hazardlib/gsim/base.py:347: ExperimentalWarning: CanadaSHM6_ActiveCrust_BooreEtAl2014 is experimental and may change in future versions - the user is liable for their application
  warnings.warn(msg, ExperimentalWarning)
/home/ssm-user/src/oq-engine/openquake/hazardlib/gsim/base.py:347: ExperimentalWarning: CanadaSHM6_ActiveCrust_BooreEtAl2014 is experimental and may change in future versions - the user is liable for their application
  warnings.warn(msg, ExperimentalWarning)
/home/ssm-user/src/oq-engine/openquake/hazardlib/gsim/base.py:347: ExperimentalWarning: CanadaSHM6_ActiveCrust_BooreEtAl2014 is experimental and may change in future versions - the user is liable for their application
  warnings.warn(msg, ExperimentalWarning)
/home/ssm-user/src/oq-engine/openquake/hazardlib/gsim/base.py:347: ExperimentalWarning: CanadaSHM6_ActiveCrust_BooreEtAl2014 is experimental and may change in future versions - the user is liable for their application
  warnings.warn(msg, ExperimentalWarning)
/home/ssm-user/src/oq-engine/openquake/hazardlib/gsim/base.py:347: ExperimentalWarning: CanadaSHM6_ActiveCrust_BooreEtAl2014 is experimental and may change in future versions - the user is liable for their application
  warnings.warn(msg, ExperimentalWarning)
/home/ssm-user/src/oq-engine/openquake/hazardlib/gsim/base.py:347: ExperimentalWarning: CanadaSHM6_ActiveCrust_BooreEtAl2014 is experimental and may change in future versions - the user is liable for their application
  warnings.warn(msg, ExperimentalWarning)
/home/ssm-user/src/oq-engine/openquake/hazardlib/gsim/base.py:347: ExperimentalWarning: CanadaSHM6_ActiveCrust_BooreEtAl2014 is experimental and may change in future versions - the user is liable for their application
  warnings.warn(msg, ExperimentalWarning)
/home/ssm-user/src/oq-engine/openquake/hazardlib/gsim/base.py:347: ExperimentalWarning: CanadaSHM6_ActiveCrust_BooreEtAl2014 is experimental and may change in future versions - the user is liable for their application
  warnings.warn(msg, ExperimentalWarning)
/home/ssm-user/src/oq-engine/openquake/hazardlib/gsim/base.py:347: ExperimentalWarning: CanadaSHM6_ActiveCrust_BooreEtAl2014 is experimental and may change in future versions - the user is liable for their application
  warnings.warn(msg, ExperimentalWarning)
/home/ssm-user/src/oq-engine/openquake/hazardlib/gsim/base.py:347: ExperimentalWarning: CanadaSHM6_ActiveCrust_BooreEtAl2014 is experimental and may change in future versions - the user is liable for their application
  warnings.warn(msg, ExperimentalWarning)
/home/ssm-user/src/oq-engine/openquake/hazardlib/gsim/base.py:347: ExperimentalWarning: CanadaSHM6_ActiveCrust_BooreEtAl2014 is experimental and may change in future versions - the user is liable for their application
  warnings.warn(msg, ExperimentalWarning)
/home/ssm-user/src/oq-engine/openquake/hazardlib/gsim/base.py:347: ExperimentalWarning: CanadaSHM6_ActiveCrust_BooreEtAl2014 is experimental and may change in future versions - the user is liable for their application
  warnings.warn(msg, ExperimentalWarning)
/home/ssm-user/src/oq-engine/openquake/hazardlib/gsim/base.py:347: ExperimentalWarning: CanadaSHM6_ActiveCrust_BooreEtAl2014 is experimental and may change in future versions - the user is liable for their application
  warnings.warn(msg, ExperimentalWarning)
/home/ssm-user/src/oq-engine/openquake/hazardlib/gsim/base.py:347: ExperimentalWarning: CanadaSHM6_ActiveCrust_BooreEtAl2014 is experimental and may change in future versions - the user is liable for their application
  warnings.warn(msg, ExperimentalWarning)
/home/ssm-user/src/oq-engine/openquake/hazardlib/gsim/base.py:347: ExperimentalWarning: CanadaSHM6_ActiveCrust_BooreEtAl2014 is experimental and may change in future versions - the user is liable for their application
  warnings.warn(msg, ExperimentalWarning)
/home/ssm-user/src/oq-engine/openquake/hazardlib/gsim/base.py:347: ExperimentalWarning: CanadaSHM6_ActiveCrust_BooreEtAl2014 is experimental and may change in future versions - the user is liable for their application
  warnings.warn(msg, ExperimentalWarning)
/home/ssm-user/src/oq-engine/openquake/hazardlib/gsim/base.py:347: ExperimentalWarning: CanadaSHM6_ActiveCrust_BooreEtAl2014 is experimental and may change in future versions - the user is liable for their application
  warnings.warn(msg, ExperimentalWarning)
/home/ssm-user/src/oq-engine/openquake/hazardlib/gsim/base.py:347: ExperimentalWarning: CanadaSHM6_ActiveCrust_BooreEtAl2014 is experimental and may change in future versions - the user is liable for their application
  warnings.warn(msg, ExperimentalWarning)
/home/ssm-user/src/oq-engine/openquake/hazardlib/gsim/base.py:347: ExperimentalWarning: CanadaSHM6_ActiveCrust_BooreEtAl2014 is experimental and may change in future versions - the user is liable for their application
  warnings.warn(msg, ExperimentalWarning)
/home/ssm-user/src/oq-engine/openquake/hazardlib/gsim/base.py:347: ExperimentalWarning: CanadaSHM6_ActiveCrust_BooreEtAl2014 is experimental and may change in future versions - the user is liable for their application
  warnings.warn(msg, ExperimentalWarning)
/home/ssm-user/src/oq-engine/openquake/hazardlib/gsim/base.py:347: ExperimentalWarning: CanadaSHM6_ActiveCrust_BooreEtAl2014 is experimental and may change in future versions - the user is liable for their application
  warnings.warn(msg, ExperimentalWarning)
/home/ssm-user/src/oq-engine/openquake/hazardlib/gsim/base.py:347: ExperimentalWarning: CanadaSHM6_ActiveCrust_BooreEtAl2014 is experimental and may change in future versions - the user is liable for their application
  warnings.warn(msg, ExperimentalWarning)
/home/ssm-user/src/oq-engine/openquake/hazardlib/gsim/base.py:347: ExperimentalWarning: CanadaSHM6_ActiveCrust_BooreEtAl2014 is experimental and may change in future versions - the user is liable for their application
  warnings.warn(msg, ExperimentalWarning)
/home/ssm-user/src/oq-engine/openquake/hazardlib/gsim/base.py:347: ExperimentalWarning: CanadaSHM6_ActiveCrust_BooreEtAl2014 is experimental and may change in future versions - the user is liable for their application
  warnings.warn(msg, ExperimentalWarning)
/home/ssm-user/src/oq-engine/openquake/hazardlib/gsim/base.py:347: ExperimentalWarning: CanadaSHM6_ActiveCrust_BooreEtAl2014 is experimental and may change in future versions - the user is liable for their application
  warnings.warn(msg, ExperimentalWarning)
/home/ssm-user/src/oq-engine/openquake/hazardlib/gsim/base.py:347: ExperimentalWarning: CanadaSHM6_ActiveCrust_BooreEtAl2014 is experimental and may change in future versions - the user is liable for their application
  warnings.warn(msg, ExperimentalWarning)
/home/ssm-user/src/oq-engine/openquake/hazardlib/gsim/base.py:347: ExperimentalWarning: CanadaSHM6_ActiveCrust_BooreEtAl2014 is experimental and may change in future versions - the user is liable for their application
  warnings.warn(msg, ExperimentalWarning)
/home/ssm-user/src/oq-engine/openquake/hazardlib/gsim/base.py:347: ExperimentalWarning: CanadaSHM6_ActiveCrust_BooreEtAl2014 is experimental and may change in future versions - the user is liable for their application
  warnings.warn(msg, ExperimentalWarning)
/home/ssm-user/src/oq-engine/openquake/hazardlib/gsim/base.py:347: ExperimentalWarning: CanadaSHM6_ActiveCrust_BooreEtAl2014 is experimental and may change in future versions - the user is liable for their application
  warnings.warn(msg, ExperimentalWarning)
/home/ssm-user/src/oq-engine/openquake/hazardlib/gsim/base.py:347: ExperimentalWarning: CanadaSHM6_ActiveCrust_BooreEtAl2014 is experimental and may change in future versions - the user is liable for their application
  warnings.warn(msg, ExperimentalWarning)
/home/ssm-user/src/oq-engine/openquake/hazardlib/gsim/base.py:347: ExperimentalWarning: CanadaSHM6_ActiveCrust_BooreEtAl2014 is experimental and may change in future versions - the user is liable for their application
  warnings.warn(msg, ExperimentalWarning)
/home/ssm-user/src/oq-engine/openquake/hazardlib/gsim/base.py:347: ExperimentalWarning: CanadaSHM6_ActiveCrust_BooreEtAl2014 is experimental and may change in future versions - the user is liable for their application
  warnings.warn(msg, ExperimentalWarning)
/home/ssm-user/src/oq-engine/openquake/hazardlib/gsim/base.py:347: ExperimentalWarning: CanadaSHM6_ActiveCrust_BooreEtAl2014 is experimental and may change in future versions - the user is liable for their application
  warnings.warn(msg, ExperimentalWarning)
/home/ssm-user/src/oq-engine/openquake/hazardlib/gsim/base.py:347: ExperimentalWarning: CanadaSHM6_ActiveCrust_BooreEtAl2014 is experimental and may change in future versions - the user is liable for their application
  warnings.warn(msg, ExperimentalWarning)
/home/ssm-user/src/oq-engine/openquake/hazardlib/gsim/base.py:347: ExperimentalWarning: CanadaSHM6_ActiveCrust_BooreEtAl2014 is experimental and may change in future versions - the user is liable for their application
  warnings.warn(msg, ExperimentalWarning)
/home/ssm-user/src/oq-engine/openquake/hazardlib/gsim/base.py:347: ExperimentalWarning: CanadaSHM6_ActiveCrust_BooreEtAl2014 is experimental and may change in future versions - the user is liable for their application
  warnings.warn(msg, ExperimentalWarning)
/home/ssm-user/src/oq-engine/openquake/hazardlib/gsim/base.py:347: ExperimentalWarning: CanadaSHM6_ActiveCrust_BooreEtAl2014 is experimental and may change in future versions - the user is liable for their application
  warnings.warn(msg, ExperimentalWarning)
/home/ssm-user/src/oq-engine/openquake/hazardlib/gsim/base.py:347: ExperimentalWarning: CanadaSHM6_ActiveCrust_BooreEtAl2014 is experimental and may change in future versions - the user is liable for their application
  warnings.warn(msg, ExperimentalWarning)
/home/ssm-user/src/oq-engine/openquake/hazardlib/gsim/base.py:347: ExperimentalWarning: CanadaSHM6_ActiveCrust_BooreEtAl2014 is experimental and may change in future versions - the user is liable for their application
  warnings.warn(msg, ExperimentalWarning)
/home/ssm-user/src/oq-engine/openquake/hazardlib/gsim/base.py:347: ExperimentalWarning: CanadaSHM6_ActiveCrust_BooreEtAl2014 is experimental and may change in future versions - the user is liable for their application
  warnings.warn(msg, ExperimentalWarning)
/home/ssm-user/src/oq-engine/openquake/hazardlib/gsim/base.py:347: ExperimentalWarning: CanadaSHM6_ActiveCrust_BooreEtAl2014 is experimental and may change in future versions - the user is liable for their application
  warnings.warn(msg, ExperimentalWarning)
/home/ssm-user/src/oq-engine/openquake/hazardlib/gsim/base.py:347: ExperimentalWarning: CanadaSHM6_ActiveCrust_BooreEtAl2014 is experimental and may change in future versions - the user is liable for their application
  warnings.warn(msg, ExperimentalWarning)
/home/ssm-user/src/oq-engine/openquake/hazardlib/gsim/base.py:347: ExperimentalWarning: CanadaSHM6_ActiveCrust_BooreEtAl2014 is experimental and may change in future versions - the user is liable for their application
  warnings.warn(msg, ExperimentalWarning)
/home/ssm-user/src/oq-engine/openquake/hazardlib/gsim/base.py:347: ExperimentalWarning: CanadaSHM6_ActiveCrust_BooreEtAl2014 is experimental and may change in future versions - the user is liable for their application
  warnings.warn(msg, ExperimentalWarning)
/home/ssm-user/src/oq-engine/openquake/hazardlib/gsim/base.py:347: ExperimentalWarning: CanadaSHM6_ActiveCrust_BooreEtAl2014 is experimental and may change in future versions - the user is liable for their application
  warnings.warn(msg, ExperimentalWarning)
/home/ssm-user/src/oq-engine/openquake/hazardlib/gsim/base.py:347: ExperimentalWarning: CanadaSHM6_ActiveCrust_BooreEtAl2014 is experimental and may change in future versions - the user is liable for their application
  warnings.warn(msg, ExperimentalWarning)
/home/ssm-user/src/oq-engine/openquake/hazardlib/gsim/base.py:347: ExperimentalWarning: CanadaSHM6_ActiveCrust_BooreEtAl2014 is experimental and may change in future versions - the user is liable for their application
  warnings.warn(msg, ExperimentalWarning)
/home/ssm-user/src/oq-engine/openquake/hazardlib/gsim/base.py:347: ExperimentalWarning: CanadaSHM6_ActiveCrust_BooreEtAl2014 is experimental and may change in future versions - the user is liable for their application
  warnings.warn(msg, ExperimentalWarning)
/home/ssm-user/src/oq-engine/openquake/hazardlib/gsim/base.py:347: ExperimentalWarning: CanadaSHM6_ActiveCrust_BooreEtAl2014 is experimental and may change in future versions - the user is liable for their application
  warnings.warn(msg, ExperimentalWarning)
/home/ssm-user/src/oq-engine/openquake/hazardlib/gsim/base.py:347: ExperimentalWarning: CanadaSHM6_ActiveCrust_BooreEtAl2014 is experimental and may change in future versions - the user is liable for their application
  warnings.warn(msg, ExperimentalWarning)
/home/ssm-user/src/oq-engine/openquake/hazardlib/gsim/base.py:347: ExperimentalWarning: CanadaSHM6_ActiveCrust_BooreEtAl2014 is experimental and may change in future versions - the user is liable for their application
  warnings.warn(msg, ExperimentalWarning)
/home/ssm-user/src/oq-engine/openquake/hazardlib/gsim/base.py:347: ExperimentalWarning: CanadaSHM6_ActiveCrust_BooreEtAl2014 is experimental and may change in future versions - the user is liable for their application
  warnings.warn(msg, ExperimentalWarning)
/home/ssm-user/src/oq-engine/openquake/hazardlib/gsim/base.py:347: ExperimentalWarning: CanadaSHM6_ActiveCrust_BooreEtAl2014 is experimental and may change in future versions - the user is liable for their application
  warnings.warn(msg, ExperimentalWarning)
/home/ssm-user/src/oq-engine/openquake/hazardlib/gsim/base.py:347: ExperimentalWarning: CanadaSHM6_ActiveCrust_BooreEtAl2014 is experimental and may change in future versions - the user is liable for their application
  warnings.warn(msg, ExperimentalWarning)
/home/ssm-user/src/oq-engine/openquake/hazardlib/gsim/base.py:347: ExperimentalWarning: CanadaSHM6_ActiveCrust_BooreEtAl2014 is experimental and may change in future versions - the user is liable for their application
  warnings.warn(msg, ExperimentalWarning)
/home/ssm-user/src/oq-engine/openquake/hazardlib/gsim/base.py:347: ExperimentalWarning: CanadaSHM6_ActiveCrust_BooreEtAl2014 is experimental and may change in future versions - the user is liable for their application
  warnings.warn(msg, ExperimentalWarning)
/home/ssm-user/src/oq-engine/openquake/hazardlib/gsim/base.py:347: ExperimentalWarning: CanadaSHM6_ActiveCrust_BooreEtAl2014 is experimental and may change in future versions - the user is liable for their application
  warnings.warn(msg, ExperimentalWarning)
/home/ssm-user/src/oq-engine/openquake/hazardlib/gsim/base.py:347: ExperimentalWarning: CanadaSHM6_ActiveCrust_BooreEtAl2014 is experimental and may change in future versions - the user is liable for their application
  warnings.warn(msg, ExperimentalWarning)
/home/ssm-user/src/oq-engine/openquake/hazardlib/gsim/base.py:347: ExperimentalWarning: CanadaSHM6_ActiveCrust_BooreEtAl2014 is experimental and may change in future versions - the user is liable for their application
  warnings.warn(msg, ExperimentalWarning)
/home/ssm-user/src/oq-engine/openquake/hazardlib/gsim/base.py:347: ExperimentalWarning: CanadaSHM6_ActiveCrust_BooreEtAl2014 is experimental and may change in future versions - the user is liable for their application
  warnings.warn(msg, ExperimentalWarning)
/home/ssm-user/src/oq-engine/openquake/hazardlib/gsim/base.py:347: ExperimentalWarning: CanadaSHM6_ActiveCrust_BooreEtAl2014 is experimental and may change in future versions - the user is liable for their application
  warnings.warn(msg, ExperimentalWarning)
/home/ssm-user/src/oq-engine/openquake/hazardlib/gsim/base.py:347: ExperimentalWarning: CanadaSHM6_ActiveCrust_BooreEtAl2014 is experimental and may change in future versions - the user is liable for their application
  warnings.warn(msg, ExperimentalWarning)
/home/ssm-user/src/oq-engine/openquake/hazardlib/gsim/base.py:347: ExperimentalWarning: CanadaSHM6_ActiveCrust_BooreEtAl2014 is experimental and may change in future versions - the user is liable for their application
  warnings.warn(msg, ExperimentalWarning)
/home/ssm-user/src/oq-engine/openquake/hazardlib/gsim/base.py:347: ExperimentalWarning: CanadaSHM6_ActiveCrust_BooreEtAl2014 is experimental and may change in future versions - the user is liable for their application
  warnings.warn(msg, ExperimentalWarning)
/home/ssm-user/src/oq-engine/openquake/hazardlib/gsim/base.py:347: ExperimentalWarning: CanadaSHM6_ActiveCrust_BooreEtAl2014 is experimental and may change in future versions - the user is liable for their application
  warnings.warn(msg, ExperimentalWarning)
/home/ssm-user/src/oq-engine/openquake/hazardlib/gsim/base.py:347: ExperimentalWarning: CanadaSHM6_ActiveCrust_BooreEtAl2014 is experimental and may change in future versions - the user is liable for their application
  warnings.warn(msg, ExperimentalWarning)
/home/ssm-user/src/oq-engine/openquake/hazardlib/gsim/base.py:347: ExperimentalWarning: CanadaSHM6_ActiveCrust_BooreEtAl2014 is experimental and may change in future versions - the user is liable for their application
  warnings.warn(msg, ExperimentalWarning)
/home/ssm-user/src/oq-engine/openquake/hazardlib/gsim/base.py:347: ExperimentalWarning: CanadaSHM6_ActiveCrust_BooreEtAl2014 is experimental and may change in future versions - the user is liable for their application
  warnings.warn(msg, ExperimentalWarning)
[2021-10-28 09:03:39 #191 INFO] Stopping the workers
  id | name
1513 | Aggregate Event Damages
1511 | Asset Damage Distributions
1512 | Asset Damage Statistics
1514 | Full Report
1515 | Realizations
