[2020-10-15 16:09:16 #1217 INFO] murray.journeay running /mnt/data/shared/canada-2020/canada-srm2/cDamage/input/cDamage_b0_BC5920A.ini [--hc=1214]
[2020-10-15 16:09:16 #1217 INFO] Using engine version 3.11.0-git4f03c56
[2020-10-15 16:09:16 #1217 WARNING] Using 64 cores on gem-compute
[2020-10-15 16:09:16 #1217 INFO] Checksum of the input files: 1508585000
[2020-10-15 16:09:16 #1217 INFO] Reading the risk model if present
[2020-10-15 16:09:20 #1217 INFO] Reading /mnt/data/shared/canada-2020/model-inputs/exposure/general-building-stock/oqBldgExp_BC5920A.xml
[2020-10-15 16:09:30 #1217 INFO] Using asset_hazard_distance=14 km instead of 15 km
[2020-10-15 16:09:31 #1217 INFO] Associated 100303 assets to 39 sites
[2020-10-15 16:09:36 #1217 INFO] Reducing risk model from 4224 to 1165 taxonomies
[2020-10-15 16:09:36 #1217 INFO] Storing risk model
[2020-10-15 16:09:39 #1217 INFO] Building risk inputs from 50 realization(s)
[2020-10-15 16:09:39 #1217 INFO] Built 125 risk inputs
[2020-10-15 16:09:42 #1217 INFO] Sent 107 tasks, 22.31 MB in 0 seconds
[2020-10-15 16:09:57 #1217 INFO] classical_damage   1% [107 submitted, 0 queued]
[2020-10-15 16:09:58 #1217 INFO] classical_damage   2% [107 submitted, 0 queued]
[2020-10-15 16:09:58 #1217 INFO] classical_damage   3% [107 submitted, 0 queued]
[2020-10-15 16:09:58 #1217 INFO] classical_damage   4% [107 submitted, 0 queued]
[2020-10-15 16:09:58 #1217 INFO] classical_damage   5% [107 submitted, 0 queued]
[2020-10-15 16:09:58 #1217 INFO] classical_damage   6% [107 submitted, 0 queued]
[2020-10-15 16:09:58 #1217 INFO] classical_damage   7% [107 submitted, 0 queued]
[2020-10-15 16:09:59 #1217 INFO] classical_damage   8% [107 submitted, 0 queued]
[2020-10-15 16:09:59 #1217 INFO] classical_damage   9% [107 submitted, 0 queued]
[2020-10-15 16:09:59 #1217 INFO] classical_damage  10% [107 submitted, 0 queued]
[2020-10-15 16:09:59 #1217 INFO] classical_damage  11% [107 submitted, 0 queued]
[2020-10-15 16:09:59 #1217 INFO] classical_damage  12% [107 submitted, 0 queued]
[2020-10-15 16:10:00 #1217 INFO] classical_damage  13% [107 submitted, 0 queued]
[2020-10-15 16:10:00 #1217 INFO] classical_damage  14% [107 submitted, 0 queued]
[2020-10-15 16:10:00 #1217 INFO] classical_damage  15% [107 submitted, 0 queued]
[2020-10-15 16:10:01 #1217 INFO] classical_damage  16% [107 submitted, 0 queued]
[2020-10-15 16:10:01 #1217 INFO] classical_damage  17% [107 submitted, 0 queued]
[2020-10-15 16:10:01 #1217 INFO] classical_damage  18% [107 submitted, 0 queued]
[2020-10-15 16:10:01 #1217 INFO] classical_damage  19% [107 submitted, 0 queued]
[2020-10-15 16:10:01 #1217 INFO] classical_damage  20% [107 submitted, 0 queued]
[2020-10-15 16:10:01 #1217 INFO] classical_damage  21% [107 submitted, 0 queued]
[2020-10-15 16:10:01 #1217 INFO] classical_damage  22% [107 submitted, 0 queued]
[2020-10-15 16:10:02 #1217 INFO] classical_damage  23% [107 submitted, 0 queued]
[2020-10-15 16:10:02 #1217 INFO] classical_damage  24% [107 submitted, 0 queued]
[2020-10-15 16:10:02 #1217 INFO] classical_damage  25% [107 submitted, 0 queued]
[2020-10-15 16:10:02 #1217 INFO] classical_damage  26% [107 submitted, 0 queued]
[2020-10-15 16:10:02 #1217 INFO] classical_damage  27% [107 submitted, 0 queued]
[2020-10-15 16:10:02 #1217 INFO] classical_damage  28% [107 submitted, 0 queued]
[2020-10-15 16:10:02 #1217 INFO] classical_damage  29% [107 submitted, 0 queued]
[2020-10-15 16:10:02 #1217 INFO] classical_damage  30% [107 submitted, 0 queued]
[2020-10-15 16:10:02 #1217 INFO] classical_damage  31% [107 submitted, 0 queued]
[2020-10-15 16:10:02 #1217 INFO] classical_damage  32% [107 submitted, 0 queued]
[2020-10-15 16:10:02 #1217 INFO] classical_damage  33% [107 submitted, 0 queued]
[2020-10-15 16:10:03 #1217 INFO] classical_damage  34% [107 submitted, 0 queued]
[2020-10-15 16:10:03 #1217 INFO] classical_damage  35% [107 submitted, 0 queued]
[2020-10-15 16:10:03 #1217 INFO] classical_damage  36% [107 submitted, 0 queued]
[2020-10-15 16:10:03 #1217 INFO] classical_damage  37% [107 submitted, 0 queued]
[2020-10-15 16:10:03 #1217 INFO] classical_damage  38% [107 submitted, 0 queued]
[2020-10-15 16:10:03 #1217 INFO] classical_damage  39% [107 submitted, 0 queued]
[2020-10-15 16:10:03 #1217 INFO] classical_damage  40% [107 submitted, 0 queued]
[2020-10-15 16:10:03 #1217 INFO] classical_damage  41% [107 submitted, 0 queued]
[2020-10-15 16:10:03 #1217 INFO] classical_damage  42% [107 submitted, 0 queued]
[2020-10-15 16:10:03 #1217 INFO] classical_damage  43% [107 submitted, 0 queued]
[2020-10-15 16:10:03 #1217 INFO] classical_damage  44% [107 submitted, 0 queued]
[2020-10-15 16:10:03 #1217 INFO] classical_damage  45% [107 submitted, 0 queued]
[2020-10-15 16:10:03 #1217 INFO] classical_damage  46% [107 submitted, 0 queued]
[2020-10-15 16:10:03 #1217 INFO] classical_damage  47% [107 submitted, 0 queued]
[2020-10-15 16:10:03 #1217 INFO] classical_damage  48% [107 submitted, 0 queued]
[2020-10-15 16:10:03 #1217 INFO] classical_damage  49% [107 submitted, 0 queued]
[2020-10-15 16:10:04 #1217 INFO] classical_damage  50% [107 submitted, 0 queued]
[2020-10-15 16:10:04 #1217 INFO] classical_damage  51% [107 submitted, 0 queued]
[2020-10-15 16:10:04 #1217 INFO] classical_damage  52% [107 submitted, 0 queued]
[2020-10-15 16:10:04 #1217 INFO] classical_damage  53% [107 submitted, 0 queued]
[2020-10-15 16:10:04 #1217 INFO] classical_damage  54% [107 submitted, 0 queued]
[2020-10-15 16:10:04 #1217 INFO] classical_damage  55% [107 submitted, 0 queued]
[2020-10-15 16:10:04 #1217 INFO] classical_damage  56% [107 submitted, 0 queued]
[2020-10-15 16:10:05 #1217 INFO] classical_damage  57% [107 submitted, 0 queued]
[2020-10-15 16:10:05 #1217 INFO] classical_damage  58% [107 submitted, 0 queued]
[2020-10-15 16:10:07 #1217 INFO] classical_damage  59% [107 submitted, 0 queued]
[2020-10-15 16:10:07 #1217 INFO] classical_damage  60% [107 submitted, 0 queued]
[2020-10-15 16:10:08 #1217 INFO] classical_damage  61% [107 submitted, 0 queued]
[2020-10-15 16:10:09 #1217 INFO] classical_damage  62% [107 submitted, 0 queued]
[2020-10-15 16:10:10 #1217 INFO] classical_damage  63% [107 submitted, 0 queued]
[2020-10-15 16:10:10 #1217 INFO] classical_damage  64% [107 submitted, 0 queued]
[2020-10-15 16:10:10 #1217 INFO] classical_damage  65% [107 submitted, 0 queued]
[2020-10-15 16:10:10 #1217 INFO] classical_damage  66% [107 submitted, 0 queued]
[2020-10-15 16:10:10 #1217 INFO] classical_damage  67% [107 submitted, 0 queued]
[2020-10-15 16:10:10 #1217 INFO] classical_damage  68% [107 submitted, 0 queued]
[2020-10-15 16:10:10 #1217 INFO] classical_damage  69% [107 submitted, 0 queued]
[2020-10-15 16:10:10 #1217 INFO] classical_damage  70% [107 submitted, 0 queued]
[2020-10-15 16:10:11 #1217 INFO] classical_damage  71% [107 submitted, 0 queued]
[2020-10-15 16:10:11 #1217 INFO] classical_damage  72% [107 submitted, 0 queued]
[2020-10-15 16:10:11 #1217 INFO] classical_damage  73% [107 submitted, 0 queued]
[2020-10-15 16:10:11 #1217 INFO] classical_damage  74% [107 submitted, 0 queued]
[2020-10-15 16:10:11 #1217 INFO] classical_damage  75% [107 submitted, 0 queued]
[2020-10-15 16:10:11 #1217 INFO] classical_damage  76% [107 submitted, 0 queued]
[2020-10-15 16:10:11 #1217 INFO] classical_damage  77% [107 submitted, 0 queued]
[2020-10-15 16:10:11 #1217 INFO] classical_damage  78% [107 submitted, 0 queued]
[2020-10-15 16:10:11 #1217 INFO] classical_damage  79% [107 submitted, 0 queued]
[2020-10-15 16:10:11 #1217 INFO] classical_damage  80% [107 submitted, 0 queued]
[2020-10-15 16:10:11 #1217 INFO] classical_damage  81% [107 submitted, 0 queued]
[2020-10-15 16:10:11 #1217 INFO] classical_damage  82% [107 submitted, 0 queued]
[2020-10-15 16:10:11 #1217 INFO] classical_damage  83% [107 submitted, 0 queued]
[2020-10-15 16:10:11 #1217 INFO] classical_damage  84% [107 submitted, 0 queued]
[2020-10-15 16:10:12 #1217 INFO] classical_damage  85% [107 submitted, 0 queued]
[2020-10-15 16:10:12 #1217 INFO] classical_damage  86% [107 submitted, 0 queued]
[2020-10-15 16:10:12 #1217 INFO] classical_damage  87% [107 submitted, 0 queued]
[2020-10-15 16:10:12 #1217 INFO] classical_damage  88% [107 submitted, 0 queued]
[2020-10-15 16:10:12 #1217 INFO] classical_damage  89% [107 submitted, 0 queued]
[2020-10-15 16:10:12 #1217 INFO] classical_damage  90% [107 submitted, 0 queued]
[2020-10-15 16:10:12 #1217 INFO] classical_damage  91% [107 submitted, 0 queued]
[2020-10-15 16:10:12 #1217 INFO] classical_damage  92% [107 submitted, 0 queued]
[2020-10-15 16:10:12 #1217 INFO] classical_damage  93% [107 submitted, 0 queued]
[2020-10-15 16:10:12 #1217 INFO] classical_damage  94% [107 submitted, 0 queued]
[2020-10-15 16:10:13 #1217 INFO] classical_damage  95% [107 submitted, 0 queued]
[2020-10-15 16:10:13 #1217 INFO] classical_damage  96% [107 submitted, 0 queued]
[2020-10-15 16:10:13 #1217 INFO] classical_damage  97% [107 submitted, 0 queued]
[2020-10-15 16:10:15 #1217 INFO] classical_damage  98% [107 submitted, 0 queued]
[2020-10-15 16:10:15 #1217 INFO] classical_damage  99% [107 submitted, 0 queued]
[2020-10-15 16:10:16 #1217 INFO] classical_damage 100% [107 submitted, 0 queued]
[2020-10-15 16:10:16 #1217 INFO] Received {'tot': '110.58 MB'} in 34 seconds
[2020-10-15 16:10:19 #1217 INFO] Exposing the outputs to the database
[2020-10-15 16:10:19 #1217 INFO] Stored 142.94 MB on /mnt/data/murray.journeay/oqdata/calc_1217.hdf5 in 62 seconds
  id | name
5848 | Asset Damage Distributions
5849 | Asset Damage Statistics
5850 | Full Report
5851 | Realizations
