[2020-10-20 00:00:55 #1308 INFO] murray.journeay running /mnt/data/shared/canada-2020/canada-srm2/cDamage/input/cDamage_b0_BC5920B.ini [--hc=1214]
[2020-10-20 00:00:55 #1308 INFO] Using engine version 3.11.0-git4f03c56
[2020-10-20 00:00:56 #1308 WARNING] Using 64 cores on gem-compute
[2020-10-20 00:00:56 #1308 INFO] Checksum of the input files: 1508585000
[2020-10-20 00:00:56 #1308 INFO] Reading the risk model if present
[2020-10-20 00:00:59 #1308 INFO] Reading /mnt/data/shared/canada-2020/model-inputs/exposure/general-building-stock/oqBldgExp_BC5920B.xml
[2020-10-20 00:01:01 #1308 INFO] Using asset_hazard_distance=14 km instead of 15 km
[2020-10-20 00:01:01 #1308 INFO] Associated 22209 assets to 145 sites
[2020-10-20 00:01:02 #1308 INFO] Reducing risk model from 4224 to 761 taxonomies
[2020-10-20 00:01:03 #1308 INFO] Storing risk model
[2020-10-20 00:01:05 #1308 INFO] Building risk inputs from 50 realization(s)
[2020-10-20 00:01:05 #1308 INFO] Built 153 risk inputs
[2020-10-20 00:01:07 #1308 INFO] Sent 58 tasks, 5.4 MB in 0 seconds
[2020-10-20 00:01:11 #1308 INFO] classical_damage   1% [58 submitted, 0 queued]
[2020-10-20 00:01:11 #1308 INFO] classical_damage   3% [58 submitted, 0 queued]
[2020-10-20 00:01:12 #1308 INFO] classical_damage   5% [58 submitted, 0 queued]
[2020-10-20 00:01:12 #1308 INFO] classical_damage   6% [58 submitted, 0 queued]
[2020-10-20 00:01:12 #1308 INFO] classical_damage   8% [58 submitted, 0 queued]
[2020-10-20 00:01:12 #1308 INFO] classical_damage  10% [58 submitted, 0 queued]
[2020-10-20 00:01:12 #1308 INFO] classical_damage  12% [58 submitted, 0 queued]
[2020-10-20 00:01:12 #1308 INFO] classical_damage  13% [58 submitted, 0 queued]
[2020-10-20 00:01:13 #1308 INFO] classical_damage  15% [58 submitted, 0 queued]
[2020-10-20 00:01:13 #1308 INFO] classical_damage  17% [58 submitted, 0 queued]
[2020-10-20 00:01:13 #1308 INFO] classical_damage  18% [58 submitted, 0 queued]
[2020-10-20 00:01:13 #1308 INFO] classical_damage  20% [58 submitted, 0 queued]
[2020-10-20 00:01:13 #1308 INFO] classical_damage  22% [58 submitted, 0 queued]
[2020-10-20 00:01:13 #1308 INFO] classical_damage  24% [58 submitted, 0 queued]
[2020-10-20 00:01:13 #1308 INFO] classical_damage  25% [58 submitted, 0 queued]
[2020-10-20 00:01:13 #1308 INFO] classical_damage  27% [58 submitted, 0 queued]
[2020-10-20 00:01:13 #1308 INFO] classical_damage  29% [58 submitted, 0 queued]
[2020-10-20 00:01:14 #1308 INFO] classical_damage  31% [58 submitted, 0 queued]
[2020-10-20 00:01:14 #1308 INFO] classical_damage  32% [58 submitted, 0 queued]
[2020-10-20 00:01:14 #1308 INFO] classical_damage  34% [58 submitted, 0 queued]
[2020-10-20 00:01:14 #1308 INFO] classical_damage  36% [58 submitted, 0 queued]
[2020-10-20 00:01:14 #1308 INFO] classical_damage  37% [58 submitted, 0 queued]
[2020-10-20 00:01:14 #1308 INFO] classical_damage  39% [58 submitted, 0 queued]
[2020-10-20 00:01:14 #1308 INFO] classical_damage  41% [58 submitted, 0 queued]
[2020-10-20 00:01:14 #1308 INFO] classical_damage  43% [58 submitted, 0 queued]
[2020-10-20 00:01:14 #1308 INFO] classical_damage  44% [58 submitted, 0 queued]
[2020-10-20 00:01:14 #1308 INFO] classical_damage  46% [58 submitted, 0 queued]
[2020-10-20 00:01:15 #1308 INFO] classical_damage  48% [58 submitted, 0 queued]
[2020-10-20 00:01:15 #1308 INFO] classical_damage  50% [58 submitted, 0 queued]
[2020-10-20 00:01:15 #1308 INFO] classical_damage  51% [58 submitted, 0 queued]
[2020-10-20 00:01:15 #1308 INFO] classical_damage  53% [58 submitted, 0 queued]
[2020-10-20 00:01:15 #1308 INFO] classical_damage  55% [58 submitted, 0 queued]
[2020-10-20 00:01:15 #1308 INFO] classical_damage  56% [58 submitted, 0 queued]
[2020-10-20 00:01:15 #1308 INFO] classical_damage  58% [58 submitted, 0 queued]
[2020-10-20 00:01:15 #1308 INFO] classical_damage  60% [58 submitted, 0 queued]
[2020-10-20 00:01:15 #1308 INFO] classical_damage  62% [58 submitted, 0 queued]
[2020-10-20 00:01:16 #1308 INFO] classical_damage  63% [58 submitted, 0 queued]
[2020-10-20 00:01:16 #1308 INFO] classical_damage  65% [58 submitted, 0 queued]
[2020-10-20 00:01:16 #1308 INFO] classical_damage  67% [58 submitted, 0 queued]
[2020-10-20 00:01:16 #1308 INFO] classical_damage  68% [58 submitted, 0 queued]
[2020-10-20 00:01:16 #1308 INFO] classical_damage  70% [58 submitted, 0 queued]
[2020-10-20 00:01:17 #1308 INFO] classical_damage  72% [58 submitted, 0 queued]
[2020-10-20 00:01:17 #1308 INFO] classical_damage  74% [58 submitted, 0 queued]
[2020-10-20 00:01:18 #1308 INFO] classical_damage  75% [58 submitted, 0 queued]
[2020-10-20 00:01:18 #1308 INFO] classical_damage  77% [58 submitted, 0 queued]
[2020-10-20 00:01:18 #1308 INFO] classical_damage  79% [58 submitted, 0 queued]
[2020-10-20 00:01:18 #1308 INFO] classical_damage  81% [58 submitted, 0 queued]
[2020-10-20 00:01:18 #1308 INFO] classical_damage  82% [58 submitted, 0 queued]
[2020-10-20 00:01:18 #1308 INFO] classical_damage  84% [58 submitted, 0 queued]
[2020-10-20 00:01:18 #1308 INFO] classical_damage  86% [58 submitted, 0 queued]
[2020-10-20 00:01:18 #1308 INFO] classical_damage  87% [58 submitted, 0 queued]
[2020-10-20 00:01:19 #1308 INFO] classical_damage  89% [58 submitted, 0 queued]
[2020-10-20 00:01:19 #1308 INFO] classical_damage  91% [58 submitted, 0 queued]
[2020-10-20 00:01:19 #1308 INFO] classical_damage  93% [58 submitted, 0 queued]
[2020-10-20 00:01:19 #1308 INFO] classical_damage  94% [58 submitted, 0 queued]
[2020-10-20 00:01:19 #1308 INFO] classical_damage  96% [58 submitted, 0 queued]
[2020-10-20 00:01:19 #1308 INFO] classical_damage  98% [58 submitted, 0 queued]
[2020-10-20 00:01:20 #1308 INFO] classical_damage 100% [58 submitted, 0 queued]
[2020-10-20 00:01:20 #1308 INFO] Received {'tot': '24.48 MB'} in 13 seconds
[2020-10-20 00:01:20 #1308 INFO] Exposing the outputs to the database
[2020-10-20 00:01:21 #1308 INFO] Stored 34.64 MB on /mnt/data/murray.journeay/oqdata/calc_1308.hdf5 in 24 seconds
  id | name
7029 | Asset Damage Distributions
7030 | Asset Damage Statistics
7031 | Full Report
7032 | Realizations
