[2020-09-08 05:59:38 #798 INFO] murray.journeay running /mnt/data/shared/git/canada-2020/canada-srm2/cDamage/input/cDamage_BC5940-80_b0.ini [--hc=786]
[2020-09-08 05:59:38 #798 INFO] Using engine version 3.10.0-gite32822a
[2020-09-08 05:59:38 #798 WARNING] Using 64 cores on gem-compute
[2020-09-08 05:59:38 #798 INFO] Checksum of the input files: 2314554279
[2020-09-08 05:59:38 #798 INFO] Reading the risk model if present
[2020-09-08 05:59:42 #798 INFO] Reading /mnt/data/shared/git/canada-2020/model-inputs/exposure/general-building-stock/oqBldgExp_BC5940-80.xml
[2020-09-08 05:59:47 #798 INFO] Using asset_hazard_distance=14 km instead of 15 km
[2020-09-08 05:59:48 #798 INFO] Associated 57493 assets to 1439 sites
[2020-09-08 05:59:51 #798 INFO] Reducing risk model from 4224 to 886 taxonomies
[2020-09-08 05:59:51 #798 INFO] Storing exposed_values/agg
[2020-09-08 05:59:53 #798 INFO] Building risk inputs from 4096 realization(s)
[2020-09-08 05:59:57 #798 INFO] Built 1445 risk inputs
[2020-09-08 06:00:15 #798 INFO] classical_damage 900.31 MB sent, 64 submitted, 67 queued
[2020-09-08 06:07:26 #798 INFO] classical_damage   1% [66 submitted, 65 queued]
[2020-09-08 06:08:21 #798 INFO] classical_damage   2% [67 submitted, 64 queued]
[2020-09-08 06:09:17 #798 INFO] classical_damage   3% [68 submitted, 63 queued]
[2020-09-08 06:10:02 #798 INFO] classical_damage   4% [70 submitted, 61 queued]
[2020-09-08 06:10:04 #798 INFO] classical_damage   5% [71 submitted, 60 queued]
[2020-09-08 06:11:07 #798 INFO] classical_damage   6% [72 submitted, 59 queued]
[2020-09-08 06:11:16 #798 INFO] classical_damage   7% [74 submitted, 57 queued]
[2020-09-08 06:11:38 #798 INFO] classical_damage   8% [75 submitted, 56 queued]
[2020-09-08 06:12:00 #798 INFO] classical_damage   9% [76 submitted, 55 queued]
[2020-09-08 06:12:40 #798 INFO] classical_damage  10% [78 submitted, 53 queued]
[2020-09-08 06:12:48 #798 INFO] classical_damage  11% [79 submitted, 52 queued]
[2020-09-08 06:12:57 #798 INFO] classical_damage  12% [80 submitted, 51 queued]
[2020-09-08 06:13:34 #798 INFO] classical_damage  13% [82 submitted, 49 queued]
[2020-09-08 06:13:39 #798 INFO] classical_damage  14% [83 submitted, 48 queued]
[2020-09-08 06:13:52 #798 INFO] classical_damage  15% [84 submitted, 47 queued]
[2020-09-08 06:14:16 #798 INFO] classical_damage  16% [85 submitted, 46 queued]
[2020-09-08 06:15:25 #798 INFO] classical_damage  17% [87 submitted, 44 queued]
[2020-09-08 06:15:45 #798 INFO] classical_damage  18% [88 submitted, 43 queued]
[2020-09-08 06:16:08 #798 INFO] classical_damage  19% [89 submitted, 42 queued]
[2020-09-08 06:16:10 #798 INFO] classical_damage  20% [91 submitted, 40 queued]
[2020-09-08 06:16:11 #798 INFO] classical_damage  21% [92 submitted, 39 queued]
[2020-09-08 06:16:36 #798 INFO] classical_damage  22% [93 submitted, 38 queued]
[2020-09-08 06:16:55 #798 INFO] classical_damage  23% [95 submitted, 36 queued]
[2020-09-08 06:17:04 #798 INFO] classical_damage  24% [96 submitted, 35 queued]
[2020-09-08 06:17:05 #798 INFO] classical_damage  25% [97 submitted, 34 queued]
[2020-09-08 06:17:22 #798 INFO] classical_damage  26% [99 submitted, 32 queued]
[2020-09-08 06:17:42 #798 INFO] classical_damage  27% [100 submitted, 31 queued]
[2020-09-08 06:17:43 #798 INFO] classical_damage  28% [101 submitted, 30 queued]
[2020-09-08 06:17:56 #798 INFO] classical_damage  29% [102 submitted, 29 queued]
[2020-09-08 06:18:50 #798 INFO] classical_damage  30% [104 submitted, 27 queued]
[2020-09-08 06:18:51 #798 INFO] classical_damage  31% [105 submitted, 26 queued]
[2020-09-08 06:19:00 #798 INFO] classical_damage  32% [106 submitted, 25 queued]
[2020-09-08 06:19:15 #798 INFO] classical_damage  33% [108 submitted, 23 queued]
[2020-09-08 06:19:25 #798 INFO] classical_damage  34% [109 submitted, 22 queued]
[2020-09-08 06:19:27 #798 INFO] classical_damage  35% [110 submitted, 21 queued]
[2020-09-08 06:19:44 #798 INFO] classical_damage  36% [112 submitted, 19 queued]
[2020-09-08 06:19:56 #798 INFO] classical_damage  37% [113 submitted, 18 queued]
[2020-09-08 06:19:56 #798 INFO] classical_damage  38% [114 submitted, 17 queued]
[2020-09-08 06:20:27 #798 INFO] classical_damage  39% [116 submitted, 15 queued]
[2020-09-08 06:20:41 #798 INFO] classical_damage  40% [117 submitted, 14 queued]
[2020-09-08 06:21:08 #798 INFO] classical_damage  41% [118 submitted, 13 queued]
[2020-09-08 06:21:38 #798 INFO] classical_damage  42% [120 submitted, 11 queued]
[2020-09-08 06:22:08 #798 INFO] classical_damage  43% [121 submitted, 10 queued]
[2020-09-08 06:22:51 #798 INFO] classical_damage  44% [122 submitted, 9 queued]
[2020-09-08 06:23:04 #798 INFO] classical_damage  45% [123 submitted, 8 queued]
[2020-09-08 06:23:44 #798 INFO] classical_damage  46% [125 submitted, 6 queued]
[2020-09-08 06:23:55 #798 INFO] classical_damage  47% [126 submitted, 5 queued]
[2020-09-08 06:24:04 #798 INFO] classical_damage  48% [127 submitted, 4 queued]
[2020-09-08 06:24:58 #798 INFO] classical_damage  49% [129 submitted, 2 queued]
[2020-09-08 06:25:18 #798 INFO] classical_damage  50% [130 submitted, 1 queued]
[2020-09-08 06:26:10 #798 INFO] classical_damage  51% [131 submitted, 0 queued]
[2020-09-08 06:26:55 #798 INFO] classical_damage  52% [131 submitted, 0 queued]
[2020-09-08 06:27:56 #798 INFO] classical_damage  53% [131 submitted, 0 queued]
[2020-09-08 06:28:11 #798 INFO] classical_damage  54% [131 submitted, 0 queued]
[2020-09-08 06:29:04 #798 INFO] classical_damage  55% [131 submitted, 0 queued]
[2020-09-08 06:29:41 #798 INFO] classical_damage  56% [131 submitted, 0 queued]
[2020-09-08 06:29:47 #798 INFO] classical_damage  57% [131 submitted, 0 queued]
[2020-09-08 06:30:18 #798 INFO] classical_damage  58% [131 submitted, 0 queued]
[2020-09-08 06:30:41 #798 INFO] classical_damage  59% [131 submitted, 0 queued]
[2020-09-08 06:30:41 #798 INFO] classical_damage  60% [131 submitted, 0 queued]
[2020-09-08 06:30:55 #798 INFO] classical_damage  61% [131 submitted, 0 queued]
[2020-09-08 06:31:04 #798 INFO] classical_damage  62% [131 submitted, 0 queued]
[2020-09-08 06:31:04 #798 INFO] classical_damage  63% [131 submitted, 0 queued]
[2020-09-08 06:31:07 #798 INFO] classical_damage  64% [131 submitted, 0 queued]
[2020-09-08 06:31:32 #798 INFO] classical_damage  65% [131 submitted, 0 queued]
[2020-09-08 06:31:38 #798 INFO] classical_damage  66% [131 submitted, 0 queued]
[2020-09-08 06:31:58 #798 INFO] classical_damage  67% [131 submitted, 0 queued]
[2020-09-08 06:32:18 #798 INFO] classical_damage  68% [131 submitted, 0 queued]
[2020-09-08 06:32:22 #798 INFO] classical_damage  69% [131 submitted, 0 queued]
[2020-09-08 06:32:32 #798 INFO] classical_damage  70% [131 submitted, 0 queued]
[2020-09-08 06:32:44 #798 INFO] classical_damage  71% [131 submitted, 0 queued]
[2020-09-08 06:32:48 #798 INFO] classical_damage  72% [131 submitted, 0 queued]
[2020-09-08 06:33:14 #798 INFO] classical_damage  73% [131 submitted, 0 queued]
[2020-09-08 06:33:14 #798 INFO] classical_damage  74% [131 submitted, 0 queued]
[2020-09-08 06:33:54 #798 INFO] classical_damage  75% [131 submitted, 0 queued]
[2020-09-08 06:34:02 #798 INFO] classical_damage  76% [131 submitted, 0 queued]
[2020-09-08 06:34:08 #798 INFO] classical_damage  77% [131 submitted, 0 queued]
[2020-09-08 06:34:48 #798 INFO] classical_damage  78% [131 submitted, 0 queued]
[2020-09-08 06:35:33 #798 INFO] classical_damage  79% [131 submitted, 0 queued]
[2020-09-08 06:35:41 #798 INFO] classical_damage  80% [131 submitted, 0 queued]
[2020-09-08 06:35:52 #798 INFO] classical_damage  81% [131 submitted, 0 queued]
[2020-09-08 06:36:16 #798 INFO] classical_damage  82% [131 submitted, 0 queued]
[2020-09-08 06:36:32 #798 INFO] classical_damage  83% [131 submitted, 0 queued]
[2020-09-08 06:37:10 #798 INFO] classical_damage  84% [131 submitted, 0 queued]
[2020-09-08 06:37:25 #798 INFO] classical_damage  85% [131 submitted, 0 queued]
[2020-09-08 06:37:30 #798 INFO] classical_damage  86% [131 submitted, 0 queued]
[2020-09-08 06:37:37 #798 INFO] classical_damage  87% [131 submitted, 0 queued]
[2020-09-08 06:39:25 #798 INFO] classical_damage  88% [131 submitted, 0 queued]
[2020-09-08 06:39:36 #798 INFO] classical_damage  89% [131 submitted, 0 queued]
[2020-09-08 06:40:07 #798 INFO] classical_damage  90% [131 submitted, 0 queued]
[2020-09-08 06:40:29 #798 INFO] classical_damage  91% [131 submitted, 0 queued]
[2020-09-08 06:42:01 #798 INFO] classical_damage  92% [131 submitted, 0 queued]
[2020-09-08 06:43:20 #798 INFO] classical_damage  93% [131 submitted, 0 queued]
[2020-09-08 06:44:01 #798 INFO] classical_damage  94% [131 submitted, 0 queued]
[2020-09-08 06:44:21 #798 INFO] classical_damage  95% [131 submitted, 0 queued]
[2020-09-08 06:44:22 #798 INFO] classical_damage  96% [131 submitted, 0 queued]
[2020-09-08 06:45:05 #798 INFO] classical_damage  97% [131 submitted, 0 queued]
[2020-09-08 06:46:09 #798 INFO] classical_damage  98% [131 submitted, 0 queued]
[2020-09-08 06:46:20 #798 INFO] classical_damage  99% [131 submitted, 0 queued]
[2020-09-08 06:46:58 #798 INFO] classical_damage 100% [131 submitted, 0 queued]
[2020-09-08 06:46:58 #798 INFO] Received {'tot': '4.39 GB'} in 2820 seconds
[2020-09-08 06:47:17 #798 INFO] Exposing the outputs to the database
[2020-09-08 06:47:18 #798 INFO] Calculation 798 finished correctly in 2859 seconds
  id | name
4744 | Asset Damage Distributions
4745 | Asset Damage Statistics
4746 | Full Report
4747 | Realizations
