[2020-10-16 17:29:06 #1238 INFO] murray.journeay running /mnt/data/shared/canada-2020/canada-srm2/ebRisk/input/ebRisk_r2_QC2440A1.ini [--hc=None]
[2020-10-16 17:29:06 #1238 INFO] Using engine version 3.11.0-git4f03c56
[2020-10-16 17:29:06 #1238 WARNING] Using 64 cores on gem-compute
[2020-10-16 17:29:06 #1238 INFO] Validated nationalModel.xml in 0.01 seconds
[2020-10-16 17:29:07 #1238 INFO] Checksum of the input files: 2804627169
[2020-10-16 17:29:07 #1238 INFO] Reading the risk model if present
[2020-10-16 17:29:20 #1238 INFO] Reading /mnt/data/shared/canada-2020/model-inputs/exposure/general-building-stock/oqBldgExp_QC2440A1.xml
[2020-10-16 17:29:24 #1238 INFO] Extracting the hazard sites from the site model
[2020-10-16 17:29:26 #1238 INFO] Associated 43830 assets to 1855 sites
[2020-10-16 17:29:29 #1238 INFO] Reducing risk model from 7260 to 519 taxonomies
[2020-10-16 17:29:30 #1238 INFO] Considering 50 logic tree paths out of 24_576
[2020-10-16 17:29:30 #1238 INFO] 6 effective smlt realization(s)
[2020-10-16 17:29:30 #1238 INFO] Reading the source model(s) in parallel
[2020-10-16 17:29:33 #1238 INFO] read_source_model  16% [6 submitted, 0 queued]
[2020-10-16 17:29:33 #1238 INFO] read_source_model  33% [6 submitted, 0 queued]
[2020-10-16 17:29:33 #1238 INFO] read_source_model  50% [6 submitted, 0 queued]
[2020-10-16 17:29:33 #1238 INFO] read_source_model  66% [6 submitted, 0 queued]
[2020-10-16 17:29:33 #1238 INFO] read_source_model  83% [6 submitted, 0 queued]
[2020-10-16 17:29:33 #1238 INFO] read_source_model 100% [6 submitted, 0 queued]
[2020-10-16 17:29:33 #1238 INFO] Received {'/mnt/data/shared/canada-2020/CanadaSHM6/OpenQuake_model_files/sources/nationalModel/xml/simplifiedModel/WCan_HYeast_Harctic_simplified_collapsedRates.xml': '141.06 KB', '/mnt/data/shared/canada-2020/CanadaSHM6/OpenQuake_model_files/sources/nationalModel/xml/simplifiedModel/WCan_H2east_Harctic_simplified_collapsedRates.xml': '135.23 KB', '/mnt/data/shared/canada-2020/CanadaSHM6/OpenQuake_model_files/sources/nationalModel/xml/simplifiedModel/WCan_HYeast_Rarctic_simplified_collapsedRates.xml': '134.61 KB', '/mnt/data/shared/canada-2020/CanadaSHM6/OpenQuake_model_files/sources/nationalModel/xml/simplifiedModel/WCan_H2east_Rarctic_simplified_collapsedRates.xml': '128.78 KB', '/mnt/data/shared/canada-2020/CanadaSHM6/OpenQuake_model_files/sources/nationalModel/xml/simplifiedModel/WCan_R2east_Harctic_simplified_collapsedRates.xml': '119.91 KB', '/mnt/data/shared/canada-2020/CanadaSHM6/OpenQuake_model_files/sources/nationalModel/xml/simplifiedModel/WCan_R2east_Rarctic_simplified_collapsedRates.xml': '113.68 KB'} in 1 seconds
[2020-10-16 17:29:33 #1238 WARNING] There are multiple different sources with the same ID [<AreaSource SCCCT>, <AreaSource SCCCT>, <AreaSource SCCCT>, <AreaSource SCCCT>, <AreaSource SCCCT>, <AreaSource SCCCT>]
[2020-10-16 17:31:10 #1238 INFO] There are 195 sources
[2020-10-16 17:31:10 #1238 INFO] Checking the sources bounding box
[2020-10-16 17:31:10 #1238 ERROR] source ACM: The buffer of 600 km is too large, the bounding box is larger than half the globe: 219 degrees
[2020-10-16 17:31:10 #1238 INFO] Rupture floating factor = 1.6265060240963856
[2020-10-16 17:31:10 #1238 INFO] Rupture spinning factor = 3.2710843373493974
[2020-10-16 17:31:10 #1238 INFO] gzipping the input files
[2020-10-16 17:31:14 #1238 INFO] Storing risk model
[2020-10-16 17:31:16 #1238 INFO] minimum_intensity={'SA(0.3)': 0.1, 'SA(0.6)': 0.05, 'SA(1.0)': 0.05, 'SA(2.0)': 0.05, 'SA(0.5)': 0.1}
[2020-10-16 17:31:16 #1238 INFO] Building ruptures
[2020-10-16 17:31:16 #1238 INFO] Sending <SourceGroup Subduction IntraSlab30, 1 source(s)>
[2020-10-16 17:31:16 #1238 INFO] Sending <SourceGroup Subduction IntraSlab55, 4 source(s)>
[2020-10-16 17:31:16 #1238 INFO] Sending <SourceGroup Subduction Interface, 13 source(s)>
[2020-10-16 17:31:16 #1238 INFO] Sending <SourceGroup Stable Shallow Crust, 120 source(s)>
[2020-10-16 17:31:16 #1238 INFO] Sending <SourceGroup Active Shallow Crust, 59 source(s)>
[2020-10-16 17:31:18 #1238 INFO] Sent 64 tasks, 62.59 MB in 0 seconds
[2020-10-16 17:31:19 #1238 INFO] sample_ruptures   1% [65 submitted, 19 queued]
[2020-10-16 17:31:19 #1238 INFO] sample_ruptures   2% [66 submitted, 18 queued]
[2020-10-16 17:31:19 #1238 INFO] sample_ruptures   3% [67 submitted, 17 queued]
[2020-10-16 17:31:19 #1238 INFO] sample_ruptures   4% [68 submitted, 16 queued]
[2020-10-16 17:31:19 #1238 INFO] sample_ruptures   5% [69 submitted, 15 queued]
[2020-10-16 17:31:20 #1238 INFO] sample_ruptures   7% [70 submitted, 14 queued]
[2020-10-16 17:31:20 #1238 INFO] sample_ruptures   8% [71 submitted, 13 queued]
[2020-10-16 17:31:20 #1238 INFO] sample_ruptures   9% [72 submitted, 12 queued]
[2020-10-16 17:31:20 #1238 INFO] sample_ruptures  10% [73 submitted, 11 queued]
[2020-10-16 17:31:20 #1238 INFO] sample_ruptures  11% [74 submitted, 10 queued]
[2020-10-16 17:31:20 #1238 INFO] sample_ruptures  13% [75 submitted, 9 queued]
[2020-10-16 17:31:20 #1238 INFO] sample_ruptures  14% [76 submitted, 8 queued]
[2020-10-16 17:31:20 #1238 INFO] sample_ruptures  15% [77 submitted, 7 queued]
[2020-10-16 17:31:20 #1238 INFO] sample_ruptures  16% [78 submitted, 6 queued]
[2020-10-16 17:31:20 #1238 INFO] sample_ruptures  17% [79 submitted, 5 queued]
[2020-10-16 17:31:20 #1238 INFO] sample_ruptures  19% [80 submitted, 4 queued]
[2020-10-16 17:31:20 #1238 INFO] sample_ruptures  20% [81 submitted, 3 queued]
[2020-10-16 17:31:20 #1238 INFO] sample_ruptures  21% [82 submitted, 2 queued]
[2020-10-16 17:31:20 #1238 INFO] sample_ruptures  22% [83 submitted, 1 queued]
[2020-10-16 17:31:20 #1238 INFO] sample_ruptures  23% [84 submitted, 0 queued]
[2020-10-16 17:31:20 #1238 INFO] sample_ruptures  25% [84 submitted, 0 queued]
[2020-10-16 17:31:20 #1238 INFO] sample_ruptures  26% [84 submitted, 0 queued]
[2020-10-16 17:31:21 #1238 INFO] sample_ruptures  27% [84 submitted, 0 queued]
[2020-10-16 17:31:21 #1238 INFO] sample_ruptures  28% [84 submitted, 0 queued]
[2020-10-16 17:31:21 #1238 INFO] sample_ruptures  29% [84 submitted, 0 queued]
[2020-10-16 17:31:21 #1238 INFO] sample_ruptures  30% [84 submitted, 0 queued]
[2020-10-16 17:31:21 #1238 INFO] sample_ruptures  32% [84 submitted, 0 queued]
[2020-10-16 17:31:21 #1238 INFO] sample_ruptures  33% [84 submitted, 0 queued]
[2020-10-16 17:31:21 #1238 INFO] sample_ruptures  34% [84 submitted, 0 queued]
[2020-10-16 17:31:21 #1238 INFO] sample_ruptures  35% [84 submitted, 0 queued]
[2020-10-16 17:31:21 #1238 INFO] sample_ruptures  36% [84 submitted, 0 queued]
[2020-10-16 17:31:21 #1238 INFO] sample_ruptures  38% [84 submitted, 0 queued]
[2020-10-16 17:31:21 #1238 INFO] sample_ruptures  39% [84 submitted, 0 queued]
[2020-10-16 17:31:21 #1238 INFO] sample_ruptures  40% [84 submitted, 0 queued]
[2020-10-16 17:31:21 #1238 INFO] sample_ruptures  41% [84 submitted, 0 queued]
[2020-10-16 17:31:21 #1238 INFO] sample_ruptures  42% [84 submitted, 0 queued]
[2020-10-16 17:31:21 #1238 INFO] sample_ruptures  44% [84 submitted, 0 queued]
[2020-10-16 17:31:21 #1238 INFO] sample_ruptures  45% [84 submitted, 0 queued]
[2020-10-16 17:31:21 #1238 INFO] sample_ruptures  46% [84 submitted, 0 queued]
[2020-10-16 17:31:21 #1238 INFO] sample_ruptures  47% [84 submitted, 0 queued]
[2020-10-16 17:31:21 #1238 INFO] sample_ruptures  48% [84 submitted, 0 queued]
[2020-10-16 17:31:21 #1238 INFO] sample_ruptures  50% [84 submitted, 0 queued]
[2020-10-16 17:31:21 #1238 INFO] sample_ruptures  51% [84 submitted, 0 queued]
[2020-10-16 17:31:21 #1238 INFO] sample_ruptures  52% [84 submitted, 0 queued]
[2020-10-16 17:31:21 #1238 INFO] sample_ruptures  53% [84 submitted, 0 queued]
[2020-10-16 17:31:23 #1238 INFO] sample_ruptures  54% [84 submitted, 0 queued]
[2020-10-16 17:31:23 #1238 INFO] sample_ruptures  55% [84 submitted, 0 queued]
[2020-10-16 17:31:23 #1238 INFO] sample_ruptures  57% [84 submitted, 0 queued]
[2020-10-16 17:31:28 #1238 INFO] sample_ruptures  58% [84 submitted, 0 queued]
[2020-10-16 17:31:28 #1238 INFO] sample_ruptures  59% [84 submitted, 0 queued]
[2020-10-16 17:31:28 #1238 INFO] sample_ruptures  60% [84 submitted, 0 queued]
[2020-10-16 17:31:30 #1238 INFO] sample_ruptures  61% [84 submitted, 0 queued]
[2020-10-16 17:31:31 #1238 INFO] sample_ruptures  63% [84 submitted, 0 queued]
[2020-10-16 17:31:31 #1238 INFO] sample_ruptures  64% [84 submitted, 0 queued]
[2020-10-16 17:31:31 #1238 INFO] sample_ruptures  65% [84 submitted, 0 queued]
[2020-10-16 17:31:32 #1238 INFO] sample_ruptures  66% [84 submitted, 0 queued]
[2020-10-16 17:31:32 #1238 INFO] sample_ruptures  67% [84 submitted, 0 queued]
[2020-10-16 17:31:32 #1238 INFO] sample_ruptures  69% [84 submitted, 0 queued]
[2020-10-16 17:31:33 #1238 INFO] sample_ruptures  70% [84 submitted, 0 queued]
[2020-10-16 17:31:33 #1238 INFO] sample_ruptures  71% [84 submitted, 0 queued]
[2020-10-16 17:31:35 #1238 INFO] sample_ruptures  72% [84 submitted, 0 queued]
[2020-10-16 17:31:35 #1238 INFO] sample_ruptures  73% [84 submitted, 0 queued]
[2020-10-16 17:31:35 #1238 INFO] sample_ruptures  75% [84 submitted, 0 queued]
[2020-10-16 17:31:35 #1238 INFO] sample_ruptures  76% [84 submitted, 0 queued]
[2020-10-16 17:31:36 #1238 INFO] sample_ruptures  77% [84 submitted, 0 queued]
[2020-10-16 17:31:37 #1238 INFO] sample_ruptures  78% [84 submitted, 0 queued]
[2020-10-16 17:31:37 #1238 INFO] sample_ruptures  79% [84 submitted, 0 queued]
[2020-10-16 17:31:37 #1238 INFO] sample_ruptures  80% [84 submitted, 0 queued]
[2020-10-16 17:31:38 #1238 INFO] sample_ruptures  82% [84 submitted, 0 queued]
[2020-10-16 17:31:38 #1238 INFO] sample_ruptures  83% [84 submitted, 0 queued]
[2020-10-16 17:31:40 #1238 INFO] sample_ruptures  84% [84 submitted, 0 queued]
[2020-10-16 17:31:41 #1238 INFO] sample_ruptures  85% [84 submitted, 0 queued]
[2020-10-16 17:31:43 #1238 INFO] sample_ruptures  86% [84 submitted, 0 queued]
[2020-10-16 17:31:43 #1238 INFO] sample_ruptures  88% [84 submitted, 0 queued]
[2020-10-16 17:31:55 #1238 INFO] sample_ruptures  89% [84 submitted, 0 queued]
[2020-10-16 17:32:05 #1238 INFO] sample_ruptures  90% [84 submitted, 0 queued]
[2020-10-16 17:32:06 #1238 INFO] sample_ruptures  91% [84 submitted, 0 queued]
[2020-10-16 17:32:08 #1238 INFO] sample_ruptures  92% [84 submitted, 0 queued]
[2020-10-16 17:32:08 #1238 INFO] sample_ruptures  94% [84 submitted, 0 queued]
[2020-10-16 17:32:09 #1238 INFO] sample_ruptures  95% [84 submitted, 0 queued]
[2020-10-16 17:32:11 #1238 INFO] sample_ruptures  96% [84 submitted, 0 queued]
[2020-10-16 17:32:12 #1238 INFO] sample_ruptures  97% [84 submitted, 0 queued]
[2020-10-16 17:32:23 #1238 INFO] sample_ruptures  98% [84 submitted, 0 queued]
[2020-10-16 17:32:59 #1238 INFO] sample_ruptures 100% [84 submitted, 0 queued]
[2020-10-16 17:32:59 #1238 INFO] Received {'rup_array': '64.49 MB', 'calc_times': '22.12 KB', 'eff_ruptures': '3.8 KB'} in 101 seconds
[2020-10-16 17:32:59 #1238 INFO] There are 50 realization(s)
[2020-10-16 17:32:59 #1238 INFO] Reordering the ruptures and storing the events
[2020-10-16 17:32:59 #1238 INFO] Associating event_id -> rlz_id for 576_732 events and 346_436 ruptures
[2020-10-16 17:33:10 #1238 INFO] Sent 130 tasks, 37.46 MB in 9 seconds
[2020-10-16 17:33:12 #1238 INFO] Received {'tot': '5.53 MB'} in 2 seconds
[2020-10-16 17:33:15 #1238 INFO] minimum_asset_loss={'contents': 0, 'nonstructural': 0, 'structural': 0}
[2020-10-16 17:33:18 #1238 INFO] minimum_intensity={'SA(0.3)': 0.1, 'SA(0.6)': 0.05, 'SA(1.0)': 0.05, 'SA(2.0)': 0.05, 'SA(0.5)': 0.1}
[2020-10-16 17:33:18 #1238 INFO] Sending 346_436 ruptures
[2020-10-16 17:33:36 #1238 INFO] Sent 130 tasks, 81.28 MB in 16 seconds
[2020-10-16 17:37:11 #1238 INFO] start_ebrisk   1% [130 submitted, 0 queued]
[2020-10-16 17:38:41 #1238 INFO] start_ebrisk   2% [130 submitted, 0 queued]
[2020-10-16 17:40:19 #1238 INFO] start_ebrisk   3% [130 submitted, 0 queued]
[2020-10-16 17:41:05 #1238 INFO] start_ebrisk   4% [130 submitted, 0 queued]
[2020-10-16 17:41:21 #1238 INFO] start_ebrisk   5% [130 submitted, 0 queued]
[2020-10-16 17:41:24 #1238 INFO] start_ebrisk   6% [130 submitted, 0 queued]
[2020-10-16 17:43:03 #1238 INFO] start_ebrisk   7% [130 submitted, 0 queued]
[2020-10-16 17:43:39 #1238 INFO] start_ebrisk   8% [130 submitted, 0 queued]
[2020-10-16 17:43:41 #1238 INFO] start_ebrisk   9% [130 submitted, 0 queued]
[2020-10-16 17:43:56 #1238 INFO] start_ebrisk  10% [130 submitted, 0 queued]
[2020-10-16 17:44:08 #1238 INFO] start_ebrisk  11% [130 submitted, 0 queued]
[2020-10-16 17:44:19 #1238 INFO] start_ebrisk  12% [130 submitted, 0 queued]
[2020-10-16 17:44:21 #1238 INFO] start_ebrisk  13% [130 submitted, 0 queued]
[2020-10-16 17:44:29 #1238 INFO] start_ebrisk  14% [130 submitted, 0 queued]
[2020-10-16 17:44:32 #1238 INFO] start_ebrisk  15% [130 submitted, 0 queued]
[2020-10-16 17:44:34 #1238 INFO] start_ebrisk  16% [130 submitted, 0 queued]
[2020-10-16 17:44:43 #1238 INFO] start_ebrisk  17% [130 submitted, 0 queued]
[2020-10-16 17:44:46 #1238 INFO] start_ebrisk  18% [130 submitted, 0 queued]
[2020-10-16 17:44:49 #1238 INFO] start_ebrisk  19% [130 submitted, 0 queued]
[2020-10-16 17:45:01 #1238 INFO] start_ebrisk  20% [130 submitted, 0 queued]
[2020-10-16 17:45:07 #1238 INFO] start_ebrisk  21% [130 submitted, 0 queued]
[2020-10-16 17:45:11 #1238 INFO] start_ebrisk  22% [130 submitted, 0 queued]
[2020-10-16 17:45:38 #1238 INFO] start_ebrisk  23% [130 submitted, 0 queued]
[2020-10-16 17:45:49 #1238 INFO] start_ebrisk  24% [130 submitted, 0 queued]
[2020-10-16 17:45:49 #1238 INFO] start_ebrisk  25% [130 submitted, 0 queued]
[2020-10-16 17:45:56 #1238 INFO] start_ebrisk  26% [130 submitted, 0 queued]
[2020-10-16 17:46:22 #1238 INFO] start_ebrisk  27% [130 submitted, 0 queued]
[2020-10-16 17:46:39 #1238 INFO] start_ebrisk  28% [130 submitted, 0 queued]
[2020-10-16 17:46:44 #1238 INFO] start_ebrisk  29% [130 submitted, 0 queued]
[2020-10-16 17:46:44 #1238 INFO] start_ebrisk  30% [130 submitted, 0 queued]
[2020-10-16 17:46:58 #1238 INFO] start_ebrisk  31% [130 submitted, 0 queued]
[2020-10-16 17:47:08 #1238 INFO] start_ebrisk  32% [130 submitted, 0 queued]
[2020-10-16 17:47:22 #1238 INFO] start_ebrisk  33% [130 submitted, 0 queued]
[2020-10-16 17:47:32 #1238 INFO] start_ebrisk  34% [130 submitted, 0 queued]
[2020-10-16 17:47:34 #1238 INFO] start_ebrisk  35% [130 submitted, 0 queued]
[2020-10-16 17:47:38 #1238 INFO] start_ebrisk  36% [130 submitted, 0 queued]
[2020-10-16 17:47:44 #1238 INFO] start_ebrisk  37% [130 submitted, 0 queued]
[2020-10-16 17:47:50 #1238 INFO] start_ebrisk  38% [130 submitted, 0 queued]
[2020-10-16 17:48:08 #1238 INFO] start_ebrisk  39% [130 submitted, 0 queued]
[2020-10-16 17:48:10 #1238 INFO] start_ebrisk  40% [130 submitted, 0 queued]
[2020-10-16 17:48:18 #1238 INFO] start_ebrisk  41% [130 submitted, 0 queued]
[2020-10-16 17:48:33 #1238 INFO] start_ebrisk  42% [130 submitted, 0 queued]
[2020-10-16 17:48:36 #1238 INFO] start_ebrisk  43% [130 submitted, 0 queued]
[2020-10-16 17:49:09 #1238 INFO] start_ebrisk  44% [130 submitted, 0 queued]
[2020-10-16 17:49:27 #1238 INFO] start_ebrisk  45% [130 submitted, 0 queued]
[2020-10-16 17:49:32 #1238 INFO] start_ebrisk  46% [130 submitted, 0 queued]
[2020-10-16 17:49:45 #1238 INFO] start_ebrisk  47% [130 submitted, 0 queued]
[2020-10-16 17:50:17 #1238 INFO] start_ebrisk  48% [130 submitted, 0 queued]
[2020-10-16 17:51:12 #1238 INFO] start_ebrisk  49% [130 submitted, 0 queued]
[2020-10-16 17:51:16 #1238 INFO] start_ebrisk  50% [130 submitted, 0 queued]
[2020-10-16 17:51:31 #1238 INFO] start_ebrisk  51% [130 submitted, 0 queued]
[2020-10-16 17:51:50 #1238 INFO] start_ebrisk  52% [130 submitted, 0 queued]
[2020-10-16 17:52:09 #1238 INFO] start_ebrisk  53% [130 submitted, 0 queued]
[2020-10-16 17:52:14 #1238 INFO] start_ebrisk  54% [130 submitted, 0 queued]
[2020-10-16 17:52:20 #1238 INFO] start_ebrisk  55% [130 submitted, 0 queued]
[2020-10-16 17:52:25 #1238 INFO] start_ebrisk  56% [130 submitted, 0 queued]
[2020-10-16 17:52:55 #1238 INFO] start_ebrisk  57% [130 submitted, 0 queued]
[2020-10-16 17:53:01 #1238 INFO] start_ebrisk  58% [130 submitted, 0 queued]
[2020-10-16 17:53:06 #1238 INFO] start_ebrisk  59% [130 submitted, 0 queued]
[2020-10-16 17:53:14 #1238 INFO] start_ebrisk  60% [130 submitted, 0 queued]
[2020-10-16 17:53:30 #1238 INFO] start_ebrisk  61% [130 submitted, 0 queued]
[2020-10-16 17:53:37 #1238 INFO] start_ebrisk  62% [130 submitted, 0 queued]
[2020-10-16 17:53:51 #1238 INFO] start_ebrisk  63% [130 submitted, 0 queued]
[2020-10-16 17:54:00 #1238 INFO] start_ebrisk  64% [130 submitted, 0 queued]
[2020-10-16 17:54:00 #1238 INFO] start_ebrisk  65% [130 submitted, 0 queued]
[2020-10-16 17:54:03 #1238 INFO] start_ebrisk  66% [130 submitted, 0 queued]
[2020-10-16 17:54:10 #1238 INFO] start_ebrisk  67% [130 submitted, 0 queued]
[2020-10-16 17:54:11 #1238 INFO] start_ebrisk  68% [130 submitted, 0 queued]
[2020-10-16 17:54:22 #1238 INFO] start_ebrisk  69% [130 submitted, 0 queued]
[2020-10-16 17:54:25 #1238 INFO] start_ebrisk  70% [130 submitted, 0 queued]
[2020-10-16 17:54:39 #1238 INFO] start_ebrisk  71% [130 submitted, 0 queued]
[2020-10-16 17:54:41 #1238 INFO] start_ebrisk  72% [130 submitted, 0 queued]
[2020-10-16 17:55:05 #1238 INFO] start_ebrisk  73% [130 submitted, 0 queued]
[2020-10-16 17:55:19 #1238 INFO] start_ebrisk  74% [130 submitted, 0 queued]
[2020-10-16 17:55:34 #1238 INFO] start_ebrisk  75% [130 submitted, 0 queued]
[2020-10-16 17:55:37 #1238 INFO] start_ebrisk  76% [130 submitted, 0 queued]
[2020-10-16 17:55:44 #1238 INFO] start_ebrisk  77% [130 submitted, 0 queued]
[2020-10-16 17:55:46 #1238 INFO] start_ebrisk  78% [130 submitted, 0 queued]
[2020-10-16 17:55:47 #1238 INFO] start_ebrisk  79% [130 submitted, 0 queued]
[2020-10-16 17:55:55 #1238 INFO] start_ebrisk  80% [130 submitted, 0 queued]
[2020-10-16 17:56:05 #1238 INFO] start_ebrisk  81% [130 submitted, 0 queued]
[2020-10-16 17:56:13 #1238 INFO] start_ebrisk  82% [130 submitted, 0 queued]
[2020-10-16 17:56:16 #1238 INFO] start_ebrisk  83% [130 submitted, 0 queued]
[2020-10-16 17:56:27 #1238 INFO] start_ebrisk  84% [130 submitted, 0 queued]
[2020-10-16 17:56:28 #1238 INFO] start_ebrisk  85% [130 submitted, 0 queued]
[2020-10-16 17:56:36 #1238 INFO] start_ebrisk  86% [130 submitted, 0 queued]
[2020-10-16 17:56:40 #1238 INFO] start_ebrisk  87% [130 submitted, 0 queued]
[2020-10-16 17:56:49 #1238 INFO] start_ebrisk  88% [130 submitted, 0 queued]
[2020-10-16 17:56:52 #1238 INFO] start_ebrisk  89% [130 submitted, 0 queued]
[2020-10-16 17:56:54 #1238 INFO] start_ebrisk  90% [130 submitted, 0 queued]
[2020-10-16 17:56:55 #1238 INFO] start_ebrisk  91% [130 submitted, 0 queued]
[2020-10-16 17:57:10 #1238 INFO] start_ebrisk  92% [130 submitted, 0 queued]
[2020-10-16 17:57:16 #1238 INFO] start_ebrisk  93% [130 submitted, 0 queued]
[2020-10-16 17:57:26 #1238 INFO] start_ebrisk  94% [130 submitted, 0 queued]
[2020-10-16 17:57:43 #1238 INFO] start_ebrisk  95% [130 submitted, 0 queued]
[2020-10-16 17:58:07 #1238 INFO] start_ebrisk  96% [130 submitted, 0 queued]
[2020-10-16 17:58:27 #1238 INFO] start_ebrisk  97% [130 submitted, 0 queued]
[2020-10-16 17:58:38 #1238 INFO] start_ebrisk  98% [130 submitted, 0 queued]
[2020-10-16 17:58:51 #1238 INFO] start_ebrisk  99% [130 submitted, 0 queued]
[2020-10-16 17:59:05 #1238 INFO] start_ebrisk 100% [130 submitted, 0 queued]
[2020-10-16 17:59:05 #1238 INFO] Received {'alt': '810.98 MB', 'losses_by_A': '65.23 MB', 'gmf_info': '1.87 MB', 'elt': '1.86 MB', 'numlosses': '20.95 KB', 'events_per_sid': '2.67 KB'} in 1529 seconds
[2020-10-16 17:59:05 #1238 INFO] Produced 1.75 GB of GMFs
[2020-10-16 17:59:05 #1238 INFO] Considered 1_886_479_123 / 4_122_387_074 losses
[2020-10-16 17:59:05 #1238 INFO] Building src_loss_table
[2020-10-16 17:59:06 #1238 INFO] Producing 3(loss_types) x 58(fsauid) x 6(GenOcc) x 7(GenType) loss curves
[2020-10-16 17:59:17 #1238 INFO] post_ebrisk   1% [89 submitted, 2347 queued]
[2020-10-16 17:59:17 #1238 INFO] post_ebrisk   2% [113 submitted, 2323 queued]
[2020-10-16 17:59:27 #1238 INFO] post_ebrisk   3% [138 submitted, 2298 queued]
[2020-10-16 17:59:27 #1238 INFO] post_ebrisk   4% [162 submitted, 2274 queued]
[2020-10-16 17:59:28 #1238 INFO] post_ebrisk   5% [186 submitted, 2250 queued]
[2020-10-16 17:59:38 #1238 INFO] post_ebrisk   6% [211 submitted, 2225 queued]
[2020-10-16 17:59:38 #1238 INFO] post_ebrisk   7% [235 submitted, 2201 queued]
[2020-10-16 17:59:38 #1238 INFO] post_ebrisk   8% [259 submitted, 2177 queued]
[2020-10-16 17:59:48 #1238 INFO] post_ebrisk   9% [284 submitted, 2152 queued]
[2020-10-16 17:59:49 #1238 INFO] post_ebrisk  10% [308 submitted, 2128 queued]
[2020-10-16 17:59:59 #1238 INFO] post_ebrisk  11% [332 submitted, 2104 queued]
[2020-10-16 17:59:59 #1238 INFO] post_ebrisk  12% [357 submitted, 2079 queued]
[2020-10-16 18:00:00 #1238 INFO] post_ebrisk  13% [381 submitted, 2055 queued]
[2020-10-16 18:00:09 #1238 INFO] post_ebrisk  14% [406 submitted, 2030 queued]
[2020-10-16 18:00:10 #1238 INFO] post_ebrisk  15% [430 submitted, 2006 queued]
[2020-10-16 18:00:10 #1238 INFO] post_ebrisk  16% [454 submitted, 1982 queued]
[2020-10-16 18:00:19 #1238 INFO] post_ebrisk  17% [479 submitted, 1957 queued]
[2020-10-16 18:00:20 #1238 INFO] post_ebrisk  18% [503 submitted, 1933 queued]
[2020-10-16 18:00:30 #1238 INFO] post_ebrisk  19% [527 submitted, 1909 queued]
[2020-10-16 18:00:30 #1238 INFO] post_ebrisk  20% [552 submitted, 1884 queued]
[2020-10-16 18:00:30 #1238 INFO] post_ebrisk  21% [576 submitted, 1860 queued]
[2020-10-16 18:00:40 #1238 INFO] post_ebrisk  22% [600 submitted, 1836 queued]
[2020-10-16 18:00:41 #1238 INFO] post_ebrisk  23% [625 submitted, 1811 queued]
[2020-10-16 18:00:41 #1238 INFO] post_ebrisk  24% [649 submitted, 1787 queued]
[2020-10-16 18:00:51 #1238 INFO] post_ebrisk  25% [673 submitted, 1763 queued]
[2020-10-16 18:00:51 #1238 INFO] post_ebrisk  26% [698 submitted, 1738 queued]
[2020-10-16 18:01:01 #1238 INFO] post_ebrisk  27% [722 submitted, 1714 queued]
[2020-10-16 18:01:01 #1238 INFO] post_ebrisk  28% [747 submitted, 1689 queued]
[2020-10-16 18:01:02 #1238 INFO] post_ebrisk  29% [771 submitted, 1665 queued]
[2020-10-16 18:01:12 #1238 INFO] post_ebrisk  30% [795 submitted, 1641 queued]
[2020-10-16 18:01:12 #1238 INFO] post_ebrisk  31% [820 submitted, 1616 queued]
[2020-10-16 18:01:12 #1238 INFO] post_ebrisk  32% [844 submitted, 1592 queued]
[2020-10-16 18:01:22 #1238 INFO] post_ebrisk  33% [868 submitted, 1568 queued]
[2020-10-16 18:01:22 #1238 INFO] post_ebrisk  34% [893 submitted, 1543 queued]
[2020-10-16 18:01:32 #1238 INFO] post_ebrisk  35% [917 submitted, 1519 queued]
[2020-10-16 18:01:33 #1238 INFO] post_ebrisk  36% [941 submitted, 1495 queued]
[2020-10-16 18:01:33 #1238 INFO] post_ebrisk  37% [966 submitted, 1470 queued]
[2020-10-16 18:01:43 #1238 INFO] post_ebrisk  38% [990 submitted, 1446 queued]
[2020-10-16 18:01:43 #1238 INFO] post_ebrisk  39% [1015 submitted, 1421 queued]
[2020-10-16 18:01:43 #1238 INFO] post_ebrisk  40% [1039 submitted, 1397 queued]
[2020-10-16 18:01:53 #1238 INFO] post_ebrisk  41% [1063 submitted, 1373 queued]
[2020-10-16 18:01:54 #1238 INFO] post_ebrisk  42% [1088 submitted, 1348 queued]
[2020-10-16 18:02:04 #1238 INFO] post_ebrisk  43% [1112 submitted, 1324 queued]
[2020-10-16 18:02:04 #1238 INFO] post_ebrisk  44% [1136 submitted, 1300 queued]
[2020-10-16 18:02:04 #1238 INFO] post_ebrisk  45% [1161 submitted, 1275 queued]
[2020-10-16 18:02:14 #1238 INFO] post_ebrisk  46% [1185 submitted, 1251 queued]
[2020-10-16 18:02:15 #1238 INFO] post_ebrisk  47% [1209 submitted, 1227 queued]
[2020-10-16 18:02:15 #1238 INFO] post_ebrisk  48% [1234 submitted, 1202 queued]
[2020-10-16 18:02:25 #1238 INFO] post_ebrisk  49% [1258 submitted, 1178 queued]
[2020-10-16 18:02:25 #1238 INFO] post_ebrisk  50% [1282 submitted, 1154 queued]
[2020-10-16 18:02:30 #1238 INFO] post_ebrisk  51% [1307 submitted, 1129 queued]
[2020-10-16 18:02:36 #1238 INFO] post_ebrisk  52% [1331 submitted, 1105 queued]
[2020-10-16 18:02:36 #1238 INFO] post_ebrisk  53% [1356 submitted, 1080 queued]
[2020-10-16 18:02:46 #1238 INFO] post_ebrisk  54% [1380 submitted, 1056 queued]
[2020-10-16 18:02:46 #1238 INFO] post_ebrisk  55% [1404 submitted, 1032 queued]
[2020-10-16 18:02:47 #1238 INFO] post_ebrisk  56% [1429 submitted, 1007 queued]
[2020-10-16 18:02:57 #1238 INFO] post_ebrisk  57% [1453 submitted, 983 queued]
[2020-10-16 18:02:57 #1238 INFO] post_ebrisk  58% [1477 submitted, 959 queued]
[2020-10-16 18:02:57 #1238 INFO] post_ebrisk  59% [1502 submitted, 934 queued]
[2020-10-16 18:03:07 #1238 INFO] post_ebrisk  60% [1526 submitted, 910 queued]
[2020-10-16 18:03:07 #1238 INFO] post_ebrisk  61% [1550 submitted, 886 queued]
[2020-10-16 18:03:17 #1238 INFO] post_ebrisk  62% [1575 submitted, 861 queued]
[2020-10-16 18:03:18 #1238 INFO] post_ebrisk  63% [1599 submitted, 837 queued]
[2020-10-16 18:03:18 #1238 INFO] post_ebrisk  64% [1624 submitted, 812 queued]
[2020-10-16 18:03:28 #1238 INFO] post_ebrisk  65% [1648 submitted, 788 queued]
[2020-10-16 18:03:28 #1238 INFO] post_ebrisk  66% [1672 submitted, 764 queued]
[2020-10-16 18:03:28 #1238 INFO] post_ebrisk  67% [1697 submitted, 739 queued]
[2020-10-16 18:03:38 #1238 INFO] post_ebrisk  68% [1721 submitted, 715 queued]
[2020-10-16 18:03:39 #1238 INFO] post_ebrisk  69% [1745 submitted, 691 queued]
[2020-10-16 18:03:49 #1238 INFO] post_ebrisk  70% [1770 submitted, 666 queued]
[2020-10-16 18:03:49 #1238 INFO] post_ebrisk  71% [1794 submitted, 642 queued]
[2020-10-16 18:03:50 #1238 INFO] post_ebrisk  72% [1818 submitted, 618 queued]
[2020-10-16 18:04:00 #1238 INFO] post_ebrisk  73% [1843 submitted, 593 queued]
[2020-10-16 18:04:00 #1238 INFO] post_ebrisk  74% [1867 submitted, 569 queued]
[2020-10-16 18:04:00 #1238 INFO] post_ebrisk  75% [1891 submitted, 545 queued]
[2020-10-16 18:04:10 #1238 INFO] post_ebrisk  76% [1916 submitted, 520 queued]
[2020-10-16 18:04:11 #1238 INFO] post_ebrisk  77% [1940 submitted, 496 queued]
[2020-10-16 18:04:20 #1238 INFO] post_ebrisk  78% [1965 submitted, 471 queued]
[2020-10-16 18:04:21 #1238 INFO] post_ebrisk  79% [1989 submitted, 447 queued]
[2020-10-16 18:04:21 #1238 INFO] post_ebrisk  80% [2013 submitted, 423 queued]
[2020-10-16 18:04:31 #1238 INFO] post_ebrisk  81% [2038 submitted, 398 queued]
[2020-10-16 18:04:31 #1238 INFO] post_ebrisk  82% [2062 submitted, 374 queued]
[2020-10-16 18:04:32 #1238 INFO] post_ebrisk  83% [2086 submitted, 350 queued]
[2020-10-16 18:04:41 #1238 INFO] post_ebrisk  84% [2111 submitted, 325 queued]
[2020-10-16 18:04:42 #1238 INFO] post_ebrisk  85% [2135 submitted, 301 queued]
[2020-10-16 18:04:46 #1238 INFO] post_ebrisk  86% [2159 submitted, 277 queued]
[2020-10-16 18:04:52 #1238 INFO] post_ebrisk  87% [2184 submitted, 252 queued]
[2020-10-16 18:04:52 #1238 INFO] post_ebrisk  88% [2208 submitted, 228 queued]
[2020-10-16 18:05:02 #1238 INFO] post_ebrisk  89% [2233 submitted, 203 queued]
[2020-10-16 18:05:02 #1238 INFO] post_ebrisk  90% [2257 submitted, 179 queued]
[2020-10-16 18:05:03 #1238 INFO] post_ebrisk  91% [2281 submitted, 155 queued]
[2020-10-16 18:05:13 #1238 INFO] post_ebrisk  92% [2306 submitted, 130 queued]
[2020-10-16 18:05:13 #1238 INFO] post_ebrisk  93% [2330 submitted, 106 queued]
[2020-10-16 18:05:14 #1238 INFO] post_ebrisk  94% [2354 submitted, 82 queued]
[2020-10-16 18:05:23 #1238 INFO] post_ebrisk  95% [2379 submitted, 57 queued]
[2020-10-16 18:05:24 #1238 INFO] post_ebrisk  96% [2403 submitted, 33 queued]
[2020-10-16 18:05:34 #1238 INFO] post_ebrisk  97% [2427 submitted, 9 queued]
[2020-10-16 18:05:34 #1238 INFO] post_ebrisk  98% [2436 submitted, 0 queued]
[2020-10-16 18:05:34 #1238 INFO] post_ebrisk  99% [2436 submitted, 0 queued]
[2020-10-16 18:05:37 #1238 INFO] post_ebrisk 100% [2436 submitted, 0 queued]
[2020-10-16 18:05:38 #1238 INFO] Received {'tot': '45.65 MB'} in 391 seconds
[2020-10-16 18:05:38 #1238 INFO] Mean portfolio loss
=============== =============== ===============
contents        nonstructural   structural     
=============== =============== ===============
106_189_512_704 537_179_586_560 433_525_063_680
=============== =============== ===============
[2020-10-16 18:05:38 #1238 INFO] Sanity check on agg_losses/tot_losses
[2020-10-16 18:05:38 #1238 INFO] Exposing the outputs to the database
[2020-10-16 18:05:39 #1238 INFO] Stored 939.56 MB on /mnt/data/murray.journeay/oqdata/calc_1238.hdf5 in 2192 seconds
  id | name
6085 | Aggregate Event Losses
6077 | Aggregate Loss Curves
6078 | Aggregate Loss Curves Statistics
6079 | Aggregate Losses
6080 | Aggregate Losses Statistics
6081 | Average Asset Losses Statistics
6087 | Earthquake Ruptures
6082 | Events
6083 | Full Report
6084 | Input Files
 ... | 6 additional output(s)
Some outputs were not shown. You can see the full list with the command
`oq engine --list-outputs 1238`
