[2020-10-16 03:28:01 #1225 INFO] murray.journeay running /mnt/data/shared/canada-2020/canada-srm2/ebRisk/input/ebRisk_r2_QC2425-33.ini [--hc=None]
[2020-10-16 03:28:01 #1225 INFO] Using engine version 3.11.0-git4f03c56
[2020-10-16 03:28:02 #1225 WARNING] Using 64 cores on gem-compute
[2020-10-16 03:28:02 #1225 INFO] Validated nationalModel.xml in 0.01 seconds
[2020-10-16 03:28:02 #1225 INFO] Checksum of the input files: 2804627169
[2020-10-16 03:28:02 #1225 INFO] Reading the risk model if present
[2020-10-16 03:28:15 #1225 INFO] Reading /mnt/data/shared/canada-2020/model-inputs/exposure/general-building-stock/oqBldgExp_QC2425-33.xml
[2020-10-16 03:28:24 #1225 INFO] Extracting the hazard sites from the site model
[2020-10-16 03:28:28 #1225 INFO] Associated 86622 assets to 13732 sites
[2020-10-16 03:28:32 #1225 INFO] Reducing risk model from 7260 to 470 taxonomies
[2020-10-16 03:28:34 #1225 INFO] Considering 50 logic tree paths out of 24_576
[2020-10-16 03:28:34 #1225 INFO] 6 effective smlt realization(s)
[2020-10-16 03:28:34 #1225 INFO] Reading the source model(s) in parallel
[2020-10-16 03:28:37 #1225 INFO] read_source_model  16% [6 submitted, 0 queued]
[2020-10-16 03:28:37 #1225 INFO] read_source_model  33% [6 submitted, 0 queued]
[2020-10-16 03:28:37 #1225 INFO] read_source_model  50% [6 submitted, 0 queued]
[2020-10-16 03:28:37 #1225 INFO] read_source_model  66% [6 submitted, 0 queued]
[2020-10-16 03:28:37 #1225 INFO] read_source_model  83% [6 submitted, 0 queued]
[2020-10-16 03:28:37 #1225 INFO] read_source_model 100% [6 submitted, 0 queued]
[2020-10-16 03:28:37 #1225 INFO] Received {'/mnt/data/shared/canada-2020/CanadaSHM6/OpenQuake_model_files/sources/nationalModel/xml/simplifiedModel/WCan_HYeast_Harctic_simplified_collapsedRates.xml': '141.06 KB', '/mnt/data/shared/canada-2020/CanadaSHM6/OpenQuake_model_files/sources/nationalModel/xml/simplifiedModel/WCan_H2east_Harctic_simplified_collapsedRates.xml': '135.23 KB', '/mnt/data/shared/canada-2020/CanadaSHM6/OpenQuake_model_files/sources/nationalModel/xml/simplifiedModel/WCan_HYeast_Rarctic_simplified_collapsedRates.xml': '134.61 KB', '/mnt/data/shared/canada-2020/CanadaSHM6/OpenQuake_model_files/sources/nationalModel/xml/simplifiedModel/WCan_H2east_Rarctic_simplified_collapsedRates.xml': '128.78 KB', '/mnt/data/shared/canada-2020/CanadaSHM6/OpenQuake_model_files/sources/nationalModel/xml/simplifiedModel/WCan_R2east_Harctic_simplified_collapsedRates.xml': '119.91 KB', '/mnt/data/shared/canada-2020/CanadaSHM6/OpenQuake_model_files/sources/nationalModel/xml/simplifiedModel/WCan_R2east_Rarctic_simplified_collapsedRates.xml': '113.68 KB'} in 1 seconds
[2020-10-16 03:28:37 #1225 WARNING] There are multiple different sources with the same ID [<AreaSource SCCCT>, <AreaSource SCCCT>, <AreaSource SCCCT>, <AreaSource SCCCT>, <AreaSource SCCCT>, <AreaSource SCCCT>]
[2020-10-16 03:30:06 #1225 INFO] There are 195 sources
[2020-10-16 03:30:06 #1225 INFO] Checking the sources bounding box
[2020-10-16 03:30:06 #1225 ERROR] source ACM: The buffer of 600 km is too large, the bounding box is larger than half the globe: 219 degrees
[2020-10-16 03:30:06 #1225 INFO] Rupture floating factor = 1.6265060240963856
[2020-10-16 03:30:06 #1225 INFO] Rupture spinning factor = 3.2710843373493974
[2020-10-16 03:30:06 #1225 INFO] gzipping the input files
[2020-10-16 03:30:10 #1225 INFO] Storing risk model
[2020-10-16 03:30:13 #1225 INFO] minimum_intensity={'SA(0.3)': 0.1, 'SA(0.6)': 0.05, 'SA(1.0)': 0.05, 'SA(2.0)': 0.05, 'SA(0.5)': 0.1}
[2020-10-16 03:30:13 #1225 INFO] Building ruptures
[2020-10-16 03:30:13 #1225 INFO] Sending <SourceGroup Subduction IntraSlab30, 1 source(s)>
[2020-10-16 03:30:13 #1225 INFO] Sending <SourceGroup Subduction IntraSlab55, 4 source(s)>
[2020-10-16 03:30:13 #1225 INFO] Sending <SourceGroup Subduction Interface, 13 source(s)>
[2020-10-16 03:30:13 #1225 INFO] Sending <SourceGroup Stable Shallow Crust, 120 source(s)>
[2020-10-16 03:30:13 #1225 INFO] Sending <SourceGroup Active Shallow Crust, 59 source(s)>
[2020-10-16 03:30:15 #1225 INFO] Sent 64 tasks, 101.73 MB in 0 seconds
[2020-10-16 03:30:16 #1225 INFO] sample_ruptures   1% [65 submitted, 19 queued]
[2020-10-16 03:30:16 #1225 INFO] sample_ruptures   2% [66 submitted, 18 queued]
[2020-10-16 03:30:16 #1225 INFO] sample_ruptures   3% [67 submitted, 17 queued]
[2020-10-16 03:30:16 #1225 INFO] sample_ruptures   4% [68 submitted, 16 queued]
[2020-10-16 03:30:16 #1225 INFO] sample_ruptures   5% [69 submitted, 15 queued]
[2020-10-16 03:30:17 #1225 INFO] sample_ruptures   7% [70 submitted, 14 queued]
[2020-10-16 03:30:17 #1225 INFO] sample_ruptures   8% [71 submitted, 13 queued]
[2020-10-16 03:30:17 #1225 INFO] sample_ruptures   9% [72 submitted, 12 queued]
[2020-10-16 03:30:17 #1225 INFO] sample_ruptures  10% [73 submitted, 11 queued]
[2020-10-16 03:30:17 #1225 INFO] sample_ruptures  11% [74 submitted, 10 queued]
[2020-10-16 03:30:17 #1225 INFO] sample_ruptures  13% [75 submitted, 9 queued]
[2020-10-16 03:30:17 #1225 INFO] sample_ruptures  14% [76 submitted, 8 queued]
[2020-10-16 03:30:17 #1225 INFO] sample_ruptures  15% [77 submitted, 7 queued]
[2020-10-16 03:30:17 #1225 INFO] sample_ruptures  16% [78 submitted, 6 queued]
[2020-10-16 03:30:17 #1225 INFO] sample_ruptures  17% [79 submitted, 5 queued]
[2020-10-16 03:30:17 #1225 INFO] sample_ruptures  19% [80 submitted, 4 queued]
[2020-10-16 03:30:17 #1225 INFO] sample_ruptures  20% [81 submitted, 3 queued]
[2020-10-16 03:30:17 #1225 INFO] sample_ruptures  21% [82 submitted, 2 queued]
[2020-10-16 03:30:17 #1225 INFO] sample_ruptures  22% [83 submitted, 1 queued]
[2020-10-16 03:30:17 #1225 INFO] sample_ruptures  23% [84 submitted, 0 queued]
[2020-10-16 03:30:17 #1225 INFO] sample_ruptures  25% [84 submitted, 0 queued]
[2020-10-16 03:30:18 #1225 INFO] sample_ruptures  26% [84 submitted, 0 queued]
[2020-10-16 03:30:18 #1225 INFO] sample_ruptures  27% [84 submitted, 0 queued]
[2020-10-16 03:30:18 #1225 INFO] sample_ruptures  28% [84 submitted, 0 queued]
[2020-10-16 03:30:18 #1225 INFO] sample_ruptures  29% [84 submitted, 0 queued]
[2020-10-16 03:30:18 #1225 INFO] sample_ruptures  30% [84 submitted, 0 queued]
[2020-10-16 03:30:18 #1225 INFO] sample_ruptures  32% [84 submitted, 0 queued]
[2020-10-16 03:30:18 #1225 INFO] sample_ruptures  33% [84 submitted, 0 queued]
[2020-10-16 03:30:18 #1225 INFO] sample_ruptures  34% [84 submitted, 0 queued]
[2020-10-16 03:30:18 #1225 INFO] sample_ruptures  35% [84 submitted, 0 queued]
[2020-10-16 03:30:18 #1225 INFO] sample_ruptures  36% [84 submitted, 0 queued]
[2020-10-16 03:30:18 #1225 INFO] sample_ruptures  38% [84 submitted, 0 queued]
[2020-10-16 03:30:18 #1225 INFO] sample_ruptures  39% [84 submitted, 0 queued]
[2020-10-16 03:30:18 #1225 INFO] sample_ruptures  40% [84 submitted, 0 queued]
[2020-10-16 03:30:18 #1225 INFO] sample_ruptures  41% [84 submitted, 0 queued]
[2020-10-16 03:30:18 #1225 INFO] sample_ruptures  42% [84 submitted, 0 queued]
[2020-10-16 03:30:18 #1225 INFO] sample_ruptures  44% [84 submitted, 0 queued]
[2020-10-16 03:30:18 #1225 INFO] sample_ruptures  45% [84 submitted, 0 queued]
[2020-10-16 03:30:18 #1225 INFO] sample_ruptures  46% [84 submitted, 0 queued]
[2020-10-16 03:30:18 #1225 INFO] sample_ruptures  47% [84 submitted, 0 queued]
[2020-10-16 03:30:18 #1225 INFO] sample_ruptures  48% [84 submitted, 0 queued]
[2020-10-16 03:30:18 #1225 INFO] sample_ruptures  50% [84 submitted, 0 queued]
[2020-10-16 03:30:18 #1225 INFO] sample_ruptures  51% [84 submitted, 0 queued]
[2020-10-16 03:30:19 #1225 INFO] sample_ruptures  52% [84 submitted, 0 queued]
[2020-10-16 03:30:20 #1225 INFO] sample_ruptures  53% [84 submitted, 0 queued]
[2020-10-16 03:30:21 #1225 INFO] sample_ruptures  54% [84 submitted, 0 queued]
[2020-10-16 03:30:22 #1225 INFO] sample_ruptures  55% [84 submitted, 0 queued]
[2020-10-16 03:30:27 #1225 INFO] sample_ruptures  57% [84 submitted, 0 queued]
[2020-10-16 03:30:28 #1225 INFO] sample_ruptures  58% [84 submitted, 0 queued]
[2020-10-16 03:30:28 #1225 INFO] sample_ruptures  59% [84 submitted, 0 queued]
[2020-10-16 03:30:28 #1225 INFO] sample_ruptures  60% [84 submitted, 0 queued]
[2020-10-16 03:30:29 #1225 INFO] sample_ruptures  61% [84 submitted, 0 queued]
[2020-10-16 03:30:29 #1225 INFO] sample_ruptures  63% [84 submitted, 0 queued]
[2020-10-16 03:30:30 #1225 INFO] sample_ruptures  64% [84 submitted, 0 queued]
[2020-10-16 03:30:30 #1225 INFO] sample_ruptures  65% [84 submitted, 0 queued]
[2020-10-16 03:30:33 #1225 INFO] sample_ruptures  66% [84 submitted, 0 queued]
[2020-10-16 03:30:36 #1225 INFO] sample_ruptures  67% [84 submitted, 0 queued]
[2020-10-16 03:30:37 #1225 INFO] sample_ruptures  69% [84 submitted, 0 queued]
[2020-10-16 03:30:38 #1225 INFO] sample_ruptures  70% [84 submitted, 0 queued]
[2020-10-16 03:30:38 #1225 INFO] sample_ruptures  71% [84 submitted, 0 queued]
[2020-10-16 03:30:40 #1225 INFO] sample_ruptures  72% [84 submitted, 0 queued]
[2020-10-16 03:30:40 #1225 INFO] sample_ruptures  73% [84 submitted, 0 queued]
[2020-10-16 03:30:41 #1225 INFO] sample_ruptures  75% [84 submitted, 0 queued]
[2020-10-16 03:30:42 #1225 INFO] sample_ruptures  76% [84 submitted, 0 queued]
[2020-10-16 03:30:44 #1225 INFO] sample_ruptures  77% [84 submitted, 0 queued]
[2020-10-16 03:30:46 #1225 INFO] sample_ruptures  78% [84 submitted, 0 queued]
[2020-10-16 03:30:48 #1225 INFO] sample_ruptures  79% [84 submitted, 0 queued]
[2020-10-16 03:30:53 #1225 INFO] sample_ruptures  80% [84 submitted, 0 queued]
[2020-10-16 03:30:57 #1225 INFO] sample_ruptures  82% [84 submitted, 0 queued]
[2020-10-16 03:31:09 #1225 INFO] sample_ruptures  83% [84 submitted, 0 queued]
[2020-10-16 03:31:10 #1225 INFO] sample_ruptures  84% [84 submitted, 0 queued]
[2020-10-16 03:31:12 #1225 INFO] sample_ruptures  85% [84 submitted, 0 queued]
[2020-10-16 03:31:13 #1225 INFO] sample_ruptures  86% [84 submitted, 0 queued]
[2020-10-16 03:31:14 #1225 INFO] sample_ruptures  88% [84 submitted, 0 queued]
[2020-10-16 03:31:16 #1225 INFO] sample_ruptures  89% [84 submitted, 0 queued]
[2020-10-16 03:31:17 #1225 INFO] sample_ruptures  90% [84 submitted, 0 queued]
[2020-10-16 03:31:18 #1225 INFO] sample_ruptures  91% [84 submitted, 0 queued]
[2020-10-16 03:31:21 #1225 INFO] sample_ruptures  92% [84 submitted, 0 queued]
[2020-10-16 03:31:27 #1225 INFO] sample_ruptures  94% [84 submitted, 0 queued]
[2020-10-16 03:31:50 #1225 INFO] sample_ruptures  95% [84 submitted, 0 queued]
[2020-10-16 03:32:05 #1225 INFO] sample_ruptures  96% [84 submitted, 0 queued]
[2020-10-16 03:32:16 #1225 INFO] sample_ruptures  97% [84 submitted, 0 queued]
[2020-10-16 03:32:27 #1225 INFO] sample_ruptures  98% [84 submitted, 0 queued]
[2020-10-16 03:33:15 #1225 INFO] sample_ruptures 100% [84 submitted, 0 queued]
[2020-10-16 03:33:15 #1225 INFO] Received {'rup_array': '75.07 MB', 'calc_times': '22.18 KB', 'eff_ruptures': '3.81 KB'} in 180 seconds
[2020-10-16 03:33:15 #1225 INFO] There are 50 realization(s)
[2020-10-16 03:33:16 #1225 INFO] Reordering the ruptures and storing the events
[2020-10-16 03:33:16 #1225 INFO] Associating event_id -> rlz_id for 653_653 events and 403_312 ruptures
[2020-10-16 03:33:28 #1225 INFO] Sent 132 tasks, 43.59 MB in 11 seconds
[2020-10-16 03:33:30 #1225 INFO] Received {'tot': '6.27 MB'} in 2 seconds
[2020-10-16 03:33:34 #1225 INFO] minimum_asset_loss={'contents': 0, 'nonstructural': 0, 'structural': 0}
[2020-10-16 03:33:37 #1225 INFO] minimum_intensity={'SA(0.3)': 0.1, 'SA(0.6)': 0.05, 'SA(1.0)': 0.05, 'SA(2.0)': 0.05, 'SA(0.5)': 0.1}
[2020-10-16 03:33:37 #1225 INFO] Sending 403_312 ruptures
[2020-10-16 03:33:58 #1225 INFO] Sent 132 tasks, 87.74 MB in 20 seconds
[2020-10-16 03:38:19 #1225 INFO] start_ebrisk   1% [194 submitted, 0 queued]
[2020-10-16 03:40:45 #1225 INFO] start_ebrisk   2% [195 submitted, 0 queued]
[2020-10-16 03:43:16 #1225 INFO] start_ebrisk   3% [196 submitted, 0 queued]
[2020-10-16 03:44:13 #1225 INFO] start_ebrisk   4% [198 submitted, 0 queued]
[2020-10-16 03:44:29 #1225 INFO] start_ebrisk   5% [199 submitted, 0 queued]
[2020-10-16 03:46:36 #1225 INFO] start_ebrisk   6% [202 submitted, 0 queued]
[2020-10-16 03:46:58 #1225 INFO] start_ebrisk   7% [205 submitted, 0 queued]
[2020-10-16 03:48:13 #1225 INFO] start_ebrisk   8% [207 submitted, 0 queued]
[2020-10-16 03:49:51 #1225 INFO] start_ebrisk   9% [209 submitted, 0 queued]
[2020-10-16 03:50:48 #1225 INFO] start_ebrisk  10% [212 submitted, 0 queued]
[2020-10-16 03:51:11 #1225 INFO] start_ebrisk  11% [214 submitted, 0 queued]
[2020-10-16 03:51:43 #1225 INFO] start_ebrisk  12% [215 submitted, 0 queued]
[2020-10-16 03:52:09 #1225 INFO] start_ebrisk  13% [217 submitted, 0 queued]
[2020-10-16 03:52:15 #1225 INFO] start_ebrisk  14% [218 submitted, 0 queued]
[2020-10-16 03:53:14 #1225 INFO] start_ebrisk  15% [223 submitted, 0 queued]
[2020-10-16 03:54:08 #1225 INFO] start_ebrisk  16% [225 submitted, 0 queued]
[2020-10-16 03:54:27 #1225 INFO] start_ebrisk  17% [226 submitted, 0 queued]
[2020-10-16 03:54:43 #1225 INFO] start_ebrisk  18% [228 submitted, 0 queued]
[2020-10-16 03:54:43 #1225 INFO] start_ebrisk  19% [228 submitted, 0 queued]
[2020-10-16 03:55:33 #1225 INFO] start_ebrisk  20% [235 submitted, 0 queued]
[2020-10-16 03:56:05 #1225 INFO] start_ebrisk  21% [237 submitted, 0 queued]
[2020-10-16 03:56:20 #1225 INFO] start_ebrisk  22% [238 submitted, 0 queued]
[2020-10-16 03:56:42 #1225 INFO] start_ebrisk  23% [241 submitted, 0 queued]
[2020-10-16 03:57:17 #1225 INFO] start_ebrisk  24% [245 submitted, 0 queued]
[2020-10-16 03:57:54 #1225 INFO] start_ebrisk  25% [249 submitted, 0 queued]
[2020-10-16 03:58:03 #1225 INFO] start_ebrisk  26% [249 submitted, 0 queued]
[2020-10-16 03:58:50 #1225 INFO] start_ebrisk  27% [255 submitted, 0 queued]
[2020-10-16 03:59:42 #1225 INFO] start_ebrisk  28% [255 submitted, 0 queued]
[2020-10-16 04:01:06 #1225 INFO] start_ebrisk  29% [255 submitted, 0 queued]
[2020-10-16 04:01:45 #1225 INFO] start_ebrisk  30% [255 submitted, 0 queued]
[2020-10-16 04:02:36 #1225 INFO] start_ebrisk  31% [255 submitted, 0 queued]
[2020-10-16 04:03:01 #1225 INFO] start_ebrisk  32% [255 submitted, 0 queued]
[2020-10-16 04:04:04 #1225 INFO] start_ebrisk  33% [255 submitted, 0 queued]
[2020-10-16 04:04:32 #1225 INFO] start_ebrisk  34% [255 submitted, 0 queued]
[2020-10-16 04:05:12 #1225 INFO] start_ebrisk  35% [255 submitted, 0 queued]
[2020-10-16 04:05:56 #1225 INFO] start_ebrisk  36% [255 submitted, 0 queued]
[2020-10-16 04:06:52 #1225 INFO] start_ebrisk  37% [255 submitted, 0 queued]
[2020-10-16 04:07:31 #1225 INFO] start_ebrisk  38% [255 submitted, 0 queued]
[2020-10-16 04:07:59 #1225 INFO] start_ebrisk  39% [255 submitted, 0 queued]
[2020-10-16 04:08:23 #1225 INFO] start_ebrisk  40% [255 submitted, 0 queued]
[2020-10-16 04:08:34 #1225 INFO] start_ebrisk  41% [255 submitted, 0 queued]
[2020-10-16 04:09:08 #1225 INFO] start_ebrisk  42% [255 submitted, 0 queued]
[2020-10-16 04:09:32 #1225 INFO] start_ebrisk  43% [255 submitted, 0 queued]
[2020-10-16 04:09:39 #1225 INFO] start_ebrisk  44% [255 submitted, 0 queued]
[2020-10-16 04:10:24 #1225 INFO] start_ebrisk  45% [255 submitted, 0 queued]
[2020-10-16 04:11:56 #1225 INFO] start_ebrisk  46% [255 submitted, 0 queued]
[2020-10-16 04:12:28 #1225 INFO] start_ebrisk  47% [255 submitted, 0 queued]
[2020-10-16 04:13:19 #1225 INFO] start_ebrisk  48% [255 submitted, 0 queued]
[2020-10-16 04:13:48 #1225 INFO] start_ebrisk  49% [255 submitted, 0 queued]
[2020-10-16 04:16:40 #1225 INFO] start_ebrisk  50% [255 submitted, 0 queued]
[2020-10-16 04:18:49 #1225 INFO] start_ebrisk  51% [255 submitted, 0 queued]
[2020-10-16 04:20:04 #1225 INFO] start_ebrisk  52% [255 submitted, 0 queued]
[2020-10-16 04:21:17 #1225 INFO] start_ebrisk  53% [255 submitted, 0 queued]
[2020-10-16 04:22:02 #1225 INFO] start_ebrisk  54% [255 submitted, 0 queued]
[2020-10-16 04:22:23 #1225 INFO] start_ebrisk  55% [255 submitted, 0 queued]
[2020-10-16 04:24:29 #1225 INFO] start_ebrisk  56% [255 submitted, 0 queued]
[2020-10-16 04:25:48 #1225 INFO] start_ebrisk  57% [255 submitted, 0 queued]
[2020-10-16 04:26:30 #1225 INFO] start_ebrisk  58% [255 submitted, 0 queued]
[2020-10-16 04:27:34 #1225 INFO] start_ebrisk  59% [255 submitted, 0 queued]
[2020-10-16 04:27:42 #1225 INFO] start_ebrisk  60% [255 submitted, 0 queued]
[2020-10-16 04:28:52 #1225 INFO] start_ebrisk  61% [255 submitted, 0 queued]
[2020-10-16 04:30:17 #1225 INFO] start_ebrisk  62% [255 submitted, 0 queued]
[2020-10-16 04:32:18 #1225 INFO] start_ebrisk  63% [255 submitted, 0 queued]
[2020-10-16 04:33:25 #1225 INFO] start_ebrisk  64% [255 submitted, 0 queued]
[2020-10-16 04:33:43 #1225 INFO] start_ebrisk  65% [255 submitted, 0 queued]
[2020-10-16 04:34:15 #1225 INFO] start_ebrisk  66% [255 submitted, 0 queued]
[2020-10-16 04:34:37 #1225 INFO] start_ebrisk  67% [255 submitted, 0 queued]
[2020-10-16 04:35:11 #1225 INFO] start_ebrisk  68% [255 submitted, 0 queued]
[2020-10-16 04:35:35 #1225 INFO] start_ebrisk  69% [255 submitted, 0 queued]
[2020-10-16 04:36:22 #1225 INFO] start_ebrisk  70% [255 submitted, 0 queued]
[2020-10-16 04:37:09 #1225 INFO] start_ebrisk  71% [255 submitted, 0 queued]
[2020-10-16 04:37:33 #1225 INFO] start_ebrisk  72% [255 submitted, 0 queued]
[2020-10-16 04:40:21 #1225 INFO] start_ebrisk  73% [255 submitted, 0 queued]
[2020-10-16 04:40:35 #1225 INFO] start_ebrisk  74% [255 submitted, 0 queued]
[2020-10-16 04:42:20 #1225 INFO] start_ebrisk  75% [255 submitted, 0 queued]
[2020-10-16 04:43:53 #1225 INFO] start_ebrisk  76% [255 submitted, 0 queued]
[2020-10-16 04:44:46 #1225 INFO] start_ebrisk  77% [255 submitted, 0 queued]
[2020-10-16 04:45:44 #1225 INFO] start_ebrisk  78% [255 submitted, 0 queued]
[2020-10-16 04:46:02 #1225 INFO] start_ebrisk  79% [255 submitted, 0 queued]
[2020-10-16 04:47:17 #1225 INFO] start_ebrisk  80% [255 submitted, 0 queued]
[2020-10-16 04:47:59 #1225 INFO] start_ebrisk  81% [255 submitted, 0 queued]
[2020-10-16 04:48:22 #1225 INFO] start_ebrisk  82% [255 submitted, 0 queued]
[2020-10-16 04:48:31 #1225 INFO] start_ebrisk  83% [255 submitted, 0 queued]
[2020-10-16 04:48:42 #1225 INFO] start_ebrisk  84% [255 submitted, 0 queued]
[2020-10-16 04:49:08 #1225 INFO] start_ebrisk  85% [255 submitted, 0 queued]
[2020-10-16 04:50:12 #1225 INFO] start_ebrisk  86% [255 submitted, 0 queued]
[2020-10-16 04:50:46 #1225 INFO] start_ebrisk  87% [255 submitted, 0 queued]
[2020-10-16 04:50:59 #1225 INFO] start_ebrisk  88% [255 submitted, 0 queued]
[2020-10-16 04:51:11 #1225 INFO] start_ebrisk  89% [255 submitted, 0 queued]
[2020-10-16 04:51:44 #1225 INFO] start_ebrisk  90% [255 submitted, 0 queued]
[2020-10-16 04:52:04 #1225 INFO] start_ebrisk  91% [255 submitted, 0 queued]
[2020-10-16 04:52:07 #1225 INFO] start_ebrisk  92% [255 submitted, 0 queued]
[2020-10-16 04:52:51 #1225 INFO] start_ebrisk  93% [255 submitted, 0 queued]
[2020-10-16 04:53:04 #1225 INFO] start_ebrisk  94% [255 submitted, 0 queued]
[2020-10-16 04:53:39 #1225 INFO] start_ebrisk  95% [255 submitted, 0 queued]
[2020-10-16 04:54:25 #1225 INFO] start_ebrisk  96% [255 submitted, 0 queued]
[2020-10-16 04:55:37 #1225 INFO] start_ebrisk  97% [255 submitted, 0 queued]
[2020-10-16 04:55:51 #1225 INFO] start_ebrisk  98% [255 submitted, 0 queued]
[2020-10-16 04:56:46 #1225 INFO] start_ebrisk  99% [255 submitted, 0 queued]
[2020-10-16 04:59:40 #1225 INFO] start_ebrisk 100% [255 submitted, 0 queued]
[2020-10-16 04:59:40 #1225 INFO] Received {'alt': '800.37 MB', 'losses_by_A': '252.82 MB', 'elt': '3.51 MB', 'gmf_info': '2.92 MB', 'numlosses': '41.09 KB', 'events_per_sid': '5.23 KB'} in 5141 seconds
[2020-10-16 04:59:40 #1225 INFO] Produced 9.55 GB of GMFs
[2020-10-16 04:59:40 #1225 INFO] Considered 2_651_721_660 / 6_403_432_908 losses
[2020-10-16 04:59:40 #1225 INFO] Building src_loss_table
[2020-10-16 04:59:41 #1225 INFO] Producing 3(loss_types) x 58(fsauid) x 6(GenOcc) x 7(GenType) loss curves
[2020-10-16 04:59:53 #1225 INFO] post_ebrisk   1% [89 submitted, 2347 queued]
[2020-10-16 04:59:53 #1225 INFO] post_ebrisk   2% [113 submitted, 2323 queued]
[2020-10-16 05:00:04 #1225 INFO] post_ebrisk   3% [138 submitted, 2298 queued]
[2020-10-16 05:00:05 #1225 INFO] post_ebrisk   4% [162 submitted, 2274 queued]
[2020-10-16 05:00:05 #1225 INFO] post_ebrisk   5% [186 submitted, 2250 queued]
[2020-10-16 05:00:16 #1225 INFO] post_ebrisk   6% [211 submitted, 2225 queued]
[2020-10-16 05:00:16 #1225 INFO] post_ebrisk   7% [235 submitted, 2201 queued]
[2020-10-16 05:00:17 #1225 INFO] post_ebrisk   8% [259 submitted, 2177 queued]
[2020-10-16 05:00:27 #1225 INFO] post_ebrisk   9% [284 submitted, 2152 queued]
[2020-10-16 05:00:27 #1225 INFO] post_ebrisk  10% [308 submitted, 2128 queued]
[2020-10-16 05:00:38 #1225 INFO] post_ebrisk  11% [332 submitted, 2104 queued]
[2020-10-16 05:00:38 #1225 INFO] post_ebrisk  12% [357 submitted, 2079 queued]
[2020-10-16 05:00:39 #1225 INFO] post_ebrisk  13% [381 submitted, 2055 queued]
[2020-10-16 05:00:49 #1225 INFO] post_ebrisk  14% [406 submitted, 2030 queued]
[2020-10-16 05:00:50 #1225 INFO] post_ebrisk  15% [430 submitted, 2006 queued]
[2020-10-16 05:00:50 #1225 INFO] post_ebrisk  16% [454 submitted, 1982 queued]
[2020-10-16 05:01:01 #1225 INFO] post_ebrisk  17% [479 submitted, 1957 queued]
[2020-10-16 05:01:01 #1225 INFO] post_ebrisk  18% [503 submitted, 1933 queued]
[2020-10-16 05:01:12 #1225 INFO] post_ebrisk  19% [527 submitted, 1909 queued]
[2020-10-16 05:01:12 #1225 INFO] post_ebrisk  20% [552 submitted, 1884 queued]
[2020-10-16 05:01:12 #1225 INFO] post_ebrisk  21% [576 submitted, 1860 queued]
[2020-10-16 05:01:23 #1225 INFO] post_ebrisk  22% [600 submitted, 1836 queued]
[2020-10-16 05:01:23 #1225 INFO] post_ebrisk  23% [625 submitted, 1811 queued]
[2020-10-16 05:01:23 #1225 INFO] post_ebrisk  24% [649 submitted, 1787 queued]
[2020-10-16 05:01:34 #1225 INFO] post_ebrisk  25% [673 submitted, 1763 queued]
[2020-10-16 05:01:34 #1225 INFO] post_ebrisk  26% [698 submitted, 1738 queued]
[2020-10-16 05:01:35 #1225 INFO] post_ebrisk  27% [722 submitted, 1714 queued]
[2020-10-16 05:01:45 #1225 INFO] post_ebrisk  28% [747 submitted, 1689 queued]
[2020-10-16 05:01:45 #1225 INFO] post_ebrisk  29% [771 submitted, 1665 queued]
[2020-10-16 05:01:56 #1225 INFO] post_ebrisk  30% [795 submitted, 1641 queued]
[2020-10-16 05:01:57 #1225 INFO] post_ebrisk  31% [820 submitted, 1616 queued]
[2020-10-16 05:01:57 #1225 INFO] post_ebrisk  32% [844 submitted, 1592 queued]
[2020-10-16 05:02:07 #1225 INFO] post_ebrisk  33% [868 submitted, 1568 queued]
[2020-10-16 05:02:08 #1225 INFO] post_ebrisk  34% [893 submitted, 1543 queued]
[2020-10-16 05:02:08 #1225 INFO] post_ebrisk  35% [917 submitted, 1519 queued]
[2020-10-16 05:02:19 #1225 INFO] post_ebrisk  36% [941 submitted, 1495 queued]
[2020-10-16 05:02:19 #1225 INFO] post_ebrisk  37% [966 submitted, 1470 queued]
[2020-10-16 05:02:30 #1225 INFO] post_ebrisk  38% [990 submitted, 1446 queued]
[2020-10-16 05:02:30 #1225 INFO] post_ebrisk  39% [1015 submitted, 1421 queued]
[2020-10-16 05:02:30 #1225 INFO] post_ebrisk  40% [1039 submitted, 1397 queued]
[2020-10-16 05:02:41 #1225 INFO] post_ebrisk  41% [1063 submitted, 1373 queued]
[2020-10-16 05:02:42 #1225 INFO] post_ebrisk  42% [1088 submitted, 1348 queued]
[2020-10-16 05:02:42 #1225 INFO] post_ebrisk  43% [1112 submitted, 1324 queued]
[2020-10-16 05:02:52 #1225 INFO] post_ebrisk  44% [1136 submitted, 1300 queued]
[2020-10-16 05:02:53 #1225 INFO] post_ebrisk  45% [1161 submitted, 1275 queued]
[2020-10-16 05:03:03 #1225 INFO] post_ebrisk  46% [1185 submitted, 1251 queued]
[2020-10-16 05:03:04 #1225 INFO] post_ebrisk  47% [1209 submitted, 1227 queued]
[2020-10-16 05:03:04 #1225 INFO] post_ebrisk  48% [1234 submitted, 1202 queued]
[2020-10-16 05:03:14 #1225 INFO] post_ebrisk  49% [1258 submitted, 1178 queued]
[2020-10-16 05:03:15 #1225 INFO] post_ebrisk  50% [1282 submitted, 1154 queued]
[2020-10-16 05:03:15 #1225 INFO] post_ebrisk  51% [1307 submitted, 1129 queued]
[2020-10-16 05:03:26 #1225 INFO] post_ebrisk  52% [1331 submitted, 1105 queued]
[2020-10-16 05:03:26 #1225 INFO] post_ebrisk  53% [1356 submitted, 1080 queued]
[2020-10-16 05:03:37 #1225 INFO] post_ebrisk  54% [1380 submitted, 1056 queued]
[2020-10-16 05:03:37 #1225 INFO] post_ebrisk  55% [1404 submitted, 1032 queued]
[2020-10-16 05:03:37 #1225 INFO] post_ebrisk  56% [1429 submitted, 1007 queued]
[2020-10-16 05:03:48 #1225 INFO] post_ebrisk  57% [1453 submitted, 983 queued]
[2020-10-16 05:03:48 #1225 INFO] post_ebrisk  58% [1477 submitted, 959 queued]
[2020-10-16 05:03:49 #1225 INFO] post_ebrisk  59% [1502 submitted, 934 queued]
[2020-10-16 05:03:59 #1225 INFO] post_ebrisk  60% [1526 submitted, 910 queued]
[2020-10-16 05:04:00 #1225 INFO] post_ebrisk  61% [1550 submitted, 886 queued]
[2020-10-16 05:04:10 #1225 INFO] post_ebrisk  62% [1575 submitted, 861 queued]
[2020-10-16 05:04:11 #1225 INFO] post_ebrisk  63% [1599 submitted, 837 queued]
[2020-10-16 05:04:11 #1225 INFO] post_ebrisk  64% [1624 submitted, 812 queued]
[2020-10-16 05:04:22 #1225 INFO] post_ebrisk  65% [1648 submitted, 788 queued]
[2020-10-16 05:04:22 #1225 INFO] post_ebrisk  66% [1672 submitted, 764 queued]
[2020-10-16 05:04:22 #1225 INFO] post_ebrisk  67% [1697 submitted, 739 queued]
[2020-10-16 05:04:33 #1225 INFO] post_ebrisk  68% [1721 submitted, 715 queued]
[2020-10-16 05:04:33 #1225 INFO] post_ebrisk  69% [1745 submitted, 691 queued]
[2020-10-16 05:04:39 #1225 INFO] post_ebrisk  70% [1770 submitted, 666 queued]
[2020-10-16 05:04:44 #1225 INFO] post_ebrisk  71% [1794 submitted, 642 queued]
[2020-10-16 05:04:44 #1225 INFO] post_ebrisk  72% [1818 submitted, 618 queued]
[2020-10-16 05:04:55 #1225 INFO] post_ebrisk  73% [1843 submitted, 593 queued]
[2020-10-16 05:04:55 #1225 INFO] post_ebrisk  74% [1867 submitted, 569 queued]
[2020-10-16 05:04:55 #1225 INFO] post_ebrisk  75% [1891 submitted, 545 queued]
[2020-10-16 05:05:06 #1225 INFO] post_ebrisk  76% [1916 submitted, 520 queued]
[2020-10-16 05:05:06 #1225 INFO] post_ebrisk  77% [1940 submitted, 496 queued]
[2020-10-16 05:05:07 #1225 INFO] post_ebrisk  78% [1965 submitted, 471 queued]
[2020-10-16 05:05:17 #1225 INFO] post_ebrisk  79% [1989 submitted, 447 queued]
[2020-10-16 05:05:18 #1225 INFO] post_ebrisk  80% [2013 submitted, 423 queued]
[2020-10-16 05:05:28 #1225 INFO] post_ebrisk  81% [2038 submitted, 398 queued]
[2020-10-16 05:05:29 #1225 INFO] post_ebrisk  82% [2062 submitted, 374 queued]
[2020-10-16 05:05:29 #1225 INFO] post_ebrisk  83% [2086 submitted, 350 queued]
[2020-10-16 05:05:40 #1225 INFO] post_ebrisk  84% [2111 submitted, 325 queued]
[2020-10-16 05:05:40 #1225 INFO] post_ebrisk  85% [2135 submitted, 301 queued]
[2020-10-16 05:05:40 #1225 INFO] post_ebrisk  86% [2159 submitted, 277 queued]
[2020-10-16 05:05:51 #1225 INFO] post_ebrisk  87% [2184 submitted, 252 queued]
[2020-10-16 05:05:51 #1225 INFO] post_ebrisk  88% [2208 submitted, 228 queued]
[2020-10-16 05:06:02 #1225 INFO] post_ebrisk  89% [2233 submitted, 203 queued]
[2020-10-16 05:06:02 #1225 INFO] post_ebrisk  90% [2257 submitted, 179 queued]
[2020-10-16 05:06:02 #1225 INFO] post_ebrisk  91% [2281 submitted, 155 queued]
[2020-10-16 05:06:13 #1225 INFO] post_ebrisk  92% [2306 submitted, 130 queued]
[2020-10-16 05:06:13 #1225 INFO] post_ebrisk  93% [2330 submitted, 106 queued]
[2020-10-16 05:06:13 #1225 INFO] post_ebrisk  94% [2354 submitted, 82 queued]
[2020-10-16 05:06:24 #1225 INFO] post_ebrisk  95% [2379 submitted, 57 queued]
[2020-10-16 05:06:24 #1225 INFO] post_ebrisk  96% [2403 submitted, 33 queued]
[2020-10-16 05:06:30 #1225 INFO] post_ebrisk  97% [2427 submitted, 9 queued]
[2020-10-16 05:06:36 #1225 INFO] post_ebrisk  98% [2436 submitted, 0 queued]
[2020-10-16 05:06:36 #1225 INFO] post_ebrisk  99% [2436 submitted, 0 queued]
[2020-10-16 05:06:39 #1225 INFO] post_ebrisk 100% [2436 submitted, 0 queued]
[2020-10-16 05:06:39 #1225 INFO] Received {'tot': '45.65 MB'} in 417 seconds
[2020-10-16 05:06:40 #1225 INFO] Mean portfolio loss
============== =============== ===============
contents       nonstructural   structural     
============== =============== ===============
28_349_939_712 132_542_783_488 165_387_649_024
============== =============== ===============
[2020-10-16 05:06:40 #1225 INFO] Sanity check on agg_losses/tot_losses
[2020-10-16 05:06:40 #1225 INFO] Exposing the outputs to the database
[2020-10-16 05:06:41 #1225 INFO] Stored 938.69 MB on /mnt/data/murray.journeay/oqdata/calc_1225.hdf5 in 5918 seconds
  id | name
5925 | Aggregate Event Losses
5917 | Aggregate Loss Curves
5918 | Aggregate Loss Curves Statistics
5919 | Aggregate Losses
5920 | Aggregate Losses Statistics
5921 | Average Asset Losses Statistics
5927 | Earthquake Ruptures
5922 | Events
5923 | Full Report
5924 | Input Files
 ... | 6 additional output(s)
Some outputs were not shown. You can see the full list with the command
`oq engine --list-outputs 1225`
