[2020-10-16 06:12:04 #1227 INFO] murray.journeay running /mnt/data/shared/canada-2020/canada-srm2/ebRisk/input/ebRisk_r2_QC2435.ini [--hc=None]
[2020-10-16 06:12:04 #1227 INFO] Using engine version 3.11.0-git4f03c56
[2020-10-16 06:12:05 #1227 WARNING] Using 64 cores on gem-compute
[2020-10-16 06:12:05 #1227 INFO] Validated nationalModel.xml in 0.01 seconds
[2020-10-16 06:12:05 #1227 INFO] Checksum of the input files: 2804627169
[2020-10-16 06:12:05 #1227 INFO] Reading the risk model if present
[2020-10-16 06:12:18 #1227 INFO] Reading /mnt/data/shared/canada-2020/model-inputs/exposure/general-building-stock/oqBldgExp_QC2435.xml
[2020-10-16 06:12:25 #1227 INFO] Extracting the hazard sites from the site model
[2020-10-16 06:12:28 #1227 INFO] Associated 80641 assets to 6836 sites
[2020-10-16 06:12:32 #1227 INFO] Reducing risk model from 7260 to 535 taxonomies
[2020-10-16 06:12:34 #1227 INFO] Considering 50 logic tree paths out of 24_576
[2020-10-16 06:12:34 #1227 INFO] 6 effective smlt realization(s)
[2020-10-16 06:12:34 #1227 INFO] Reading the source model(s) in parallel
[2020-10-16 06:12:36 #1227 INFO] read_source_model  16% [6 submitted, 0 queued]
[2020-10-16 06:12:36 #1227 INFO] read_source_model  33% [6 submitted, 0 queued]
[2020-10-16 06:12:36 #1227 INFO] read_source_model  50% [6 submitted, 0 queued]
[2020-10-16 06:12:37 #1227 INFO] read_source_model  66% [6 submitted, 0 queued]
[2020-10-16 06:12:37 #1227 INFO] read_source_model  83% [6 submitted, 0 queued]
[2020-10-16 06:12:37 #1227 INFO] read_source_model 100% [6 submitted, 0 queued]
[2020-10-16 06:12:37 #1227 INFO] Received {'/mnt/data/shared/canada-2020/CanadaSHM6/OpenQuake_model_files/sources/nationalModel/xml/simplifiedModel/WCan_HYeast_Harctic_simplified_collapsedRates.xml': '141.06 KB', '/mnt/data/shared/canada-2020/CanadaSHM6/OpenQuake_model_files/sources/nationalModel/xml/simplifiedModel/WCan_H2east_Harctic_simplified_collapsedRates.xml': '135.23 KB', '/mnt/data/shared/canada-2020/CanadaSHM6/OpenQuake_model_files/sources/nationalModel/xml/simplifiedModel/WCan_HYeast_Rarctic_simplified_collapsedRates.xml': '134.61 KB', '/mnt/data/shared/canada-2020/CanadaSHM6/OpenQuake_model_files/sources/nationalModel/xml/simplifiedModel/WCan_H2east_Rarctic_simplified_collapsedRates.xml': '128.78 KB', '/mnt/data/shared/canada-2020/CanadaSHM6/OpenQuake_model_files/sources/nationalModel/xml/simplifiedModel/WCan_R2east_Harctic_simplified_collapsedRates.xml': '119.91 KB', '/mnt/data/shared/canada-2020/CanadaSHM6/OpenQuake_model_files/sources/nationalModel/xml/simplifiedModel/WCan_R2east_Rarctic_simplified_collapsedRates.xml': '113.68 KB'} in 1 seconds
[2020-10-16 06:12:37 #1227 WARNING] There are multiple different sources with the same ID [<AreaSource SCCCT>, <AreaSource SCCCT>, <AreaSource SCCCT>, <AreaSource SCCCT>, <AreaSource SCCCT>, <AreaSource SCCCT>]
[2020-10-16 06:14:09 #1227 INFO] There are 195 sources
[2020-10-16 06:14:09 #1227 INFO] Checking the sources bounding box
[2020-10-16 06:14:09 #1227 ERROR] source ACM: The buffer of 600 km is too large, the bounding box is larger than half the globe: 219 degrees
[2020-10-16 06:14:09 #1227 INFO] Rupture floating factor = 1.6265060240963856
[2020-10-16 06:14:09 #1227 INFO] Rupture spinning factor = 3.2710843373493974
[2020-10-16 06:14:09 #1227 INFO] gzipping the input files
[2020-10-16 06:14:13 #1227 INFO] Storing risk model
[2020-10-16 06:14:16 #1227 INFO] minimum_intensity={'SA(0.3)': 0.1, 'SA(0.6)': 0.05, 'SA(1.0)': 0.05, 'SA(2.0)': 0.05, 'SA(0.5)': 0.1}
[2020-10-16 06:14:16 #1227 INFO] Building ruptures
[2020-10-16 06:14:16 #1227 INFO] Sending <SourceGroup Subduction IntraSlab30, 1 source(s)>
[2020-10-16 06:14:16 #1227 INFO] Sending <SourceGroup Subduction IntraSlab55, 4 source(s)>
[2020-10-16 06:14:16 #1227 INFO] Sending <SourceGroup Subduction Interface, 13 source(s)>
[2020-10-16 06:14:16 #1227 INFO] Sending <SourceGroup Stable Shallow Crust, 120 source(s)>
[2020-10-16 06:14:16 #1227 INFO] Sending <SourceGroup Active Shallow Crust, 59 source(s)>
[2020-10-16 06:14:18 #1227 INFO] Sent 64 tasks, 79 MB in 0 seconds
[2020-10-16 06:14:19 #1227 INFO] sample_ruptures   1% [65 submitted, 19 queued]
[2020-10-16 06:14:19 #1227 INFO] sample_ruptures   2% [66 submitted, 18 queued]
[2020-10-16 06:14:19 #1227 INFO] sample_ruptures   3% [67 submitted, 17 queued]
[2020-10-16 06:14:19 #1227 INFO] sample_ruptures   4% [68 submitted, 16 queued]
[2020-10-16 06:14:19 #1227 INFO] sample_ruptures   5% [69 submitted, 15 queued]
[2020-10-16 06:14:19 #1227 INFO] sample_ruptures   7% [70 submitted, 14 queued]
[2020-10-16 06:14:19 #1227 INFO] sample_ruptures   8% [71 submitted, 13 queued]
[2020-10-16 06:14:19 #1227 INFO] sample_ruptures   9% [72 submitted, 12 queued]
[2020-10-16 06:14:19 #1227 INFO] sample_ruptures  10% [73 submitted, 11 queued]
[2020-10-16 06:14:20 #1227 INFO] sample_ruptures  11% [74 submitted, 10 queued]
[2020-10-16 06:14:20 #1227 INFO] sample_ruptures  13% [75 submitted, 9 queued]
[2020-10-16 06:14:20 #1227 INFO] sample_ruptures  14% [76 submitted, 8 queued]
[2020-10-16 06:14:20 #1227 INFO] sample_ruptures  15% [77 submitted, 7 queued]
[2020-10-16 06:14:20 #1227 INFO] sample_ruptures  16% [78 submitted, 6 queued]
[2020-10-16 06:14:20 #1227 INFO] sample_ruptures  17% [79 submitted, 5 queued]
[2020-10-16 06:14:20 #1227 INFO] sample_ruptures  19% [80 submitted, 4 queued]
[2020-10-16 06:14:20 #1227 INFO] sample_ruptures  20% [81 submitted, 3 queued]
[2020-10-16 06:14:20 #1227 INFO] sample_ruptures  21% [82 submitted, 2 queued]
[2020-10-16 06:14:20 #1227 INFO] sample_ruptures  22% [83 submitted, 1 queued]
[2020-10-16 06:14:20 #1227 INFO] sample_ruptures  23% [84 submitted, 0 queued]
[2020-10-16 06:14:20 #1227 INFO] sample_ruptures  25% [84 submitted, 0 queued]
[2020-10-16 06:14:20 #1227 INFO] sample_ruptures  26% [84 submitted, 0 queued]
[2020-10-16 06:14:20 #1227 INFO] sample_ruptures  27% [84 submitted, 0 queued]
[2020-10-16 06:14:20 #1227 INFO] sample_ruptures  28% [84 submitted, 0 queued]
[2020-10-16 06:14:20 #1227 INFO] sample_ruptures  29% [84 submitted, 0 queued]
[2020-10-16 06:14:20 #1227 INFO] sample_ruptures  30% [84 submitted, 0 queued]
[2020-10-16 06:14:20 #1227 INFO] sample_ruptures  32% [84 submitted, 0 queued]
[2020-10-16 06:14:21 #1227 INFO] sample_ruptures  33% [84 submitted, 0 queued]
[2020-10-16 06:14:21 #1227 INFO] sample_ruptures  34% [84 submitted, 0 queued]
[2020-10-16 06:14:21 #1227 INFO] sample_ruptures  35% [84 submitted, 0 queued]
[2020-10-16 06:14:21 #1227 INFO] sample_ruptures  36% [84 submitted, 0 queued]
[2020-10-16 06:14:21 #1227 INFO] sample_ruptures  38% [84 submitted, 0 queued]
[2020-10-16 06:14:21 #1227 INFO] sample_ruptures  39% [84 submitted, 0 queued]
[2020-10-16 06:14:21 #1227 INFO] sample_ruptures  40% [84 submitted, 0 queued]
[2020-10-16 06:14:21 #1227 INFO] sample_ruptures  41% [84 submitted, 0 queued]
[2020-10-16 06:14:21 #1227 INFO] sample_ruptures  42% [84 submitted, 0 queued]
[2020-10-16 06:14:21 #1227 INFO] sample_ruptures  44% [84 submitted, 0 queued]
[2020-10-16 06:14:21 #1227 INFO] sample_ruptures  45% [84 submitted, 0 queued]
[2020-10-16 06:14:21 #1227 INFO] sample_ruptures  46% [84 submitted, 0 queued]
[2020-10-16 06:14:21 #1227 INFO] sample_ruptures  47% [84 submitted, 0 queued]
[2020-10-16 06:14:21 #1227 INFO] sample_ruptures  48% [84 submitted, 0 queued]
[2020-10-16 06:14:21 #1227 INFO] sample_ruptures  50% [84 submitted, 0 queued]
[2020-10-16 06:14:21 #1227 INFO] sample_ruptures  51% [84 submitted, 0 queued]
[2020-10-16 06:14:21 #1227 INFO] sample_ruptures  52% [84 submitted, 0 queued]
[2020-10-16 06:14:21 #1227 INFO] sample_ruptures  53% [84 submitted, 0 queued]
[2020-10-16 06:14:23 #1227 INFO] sample_ruptures  54% [84 submitted, 0 queued]
[2020-10-16 06:14:24 #1227 INFO] sample_ruptures  55% [84 submitted, 0 queued]
[2020-10-16 06:14:27 #1227 INFO] sample_ruptures  57% [84 submitted, 0 queued]
[2020-10-16 06:14:28 #1227 INFO] sample_ruptures  58% [84 submitted, 0 queued]
[2020-10-16 06:14:30 #1227 INFO] sample_ruptures  59% [84 submitted, 0 queued]
[2020-10-16 06:14:30 #1227 INFO] sample_ruptures  60% [84 submitted, 0 queued]
[2020-10-16 06:14:31 #1227 INFO] sample_ruptures  61% [84 submitted, 0 queued]
[2020-10-16 06:14:33 #1227 INFO] sample_ruptures  63% [84 submitted, 0 queued]
[2020-10-16 06:14:33 #1227 INFO] sample_ruptures  64% [84 submitted, 0 queued]
[2020-10-16 06:14:34 #1227 INFO] sample_ruptures  65% [84 submitted, 0 queued]
[2020-10-16 06:14:34 #1227 INFO] sample_ruptures  66% [84 submitted, 0 queued]
[2020-10-16 06:14:35 #1227 INFO] sample_ruptures  67% [84 submitted, 0 queued]
[2020-10-16 06:14:35 #1227 INFO] sample_ruptures  69% [84 submitted, 0 queued]
[2020-10-16 06:14:36 #1227 INFO] sample_ruptures  70% [84 submitted, 0 queued]
[2020-10-16 06:14:38 #1227 INFO] sample_ruptures  71% [84 submitted, 0 queued]
[2020-10-16 06:14:40 #1227 INFO] sample_ruptures  72% [84 submitted, 0 queued]
[2020-10-16 06:14:40 #1227 INFO] sample_ruptures  73% [84 submitted, 0 queued]
[2020-10-16 06:14:40 #1227 INFO] sample_ruptures  75% [84 submitted, 0 queued]
[2020-10-16 06:14:41 #1227 INFO] sample_ruptures  76% [84 submitted, 0 queued]
[2020-10-16 06:14:41 #1227 INFO] sample_ruptures  77% [84 submitted, 0 queued]
[2020-10-16 06:14:41 #1227 INFO] sample_ruptures  78% [84 submitted, 0 queued]
[2020-10-16 06:14:41 #1227 INFO] sample_ruptures  79% [84 submitted, 0 queued]
[2020-10-16 06:14:42 #1227 INFO] sample_ruptures  80% [84 submitted, 0 queued]
[2020-10-16 06:14:43 #1227 INFO] sample_ruptures  82% [84 submitted, 0 queued]
[2020-10-16 06:14:44 #1227 INFO] sample_ruptures  83% [84 submitted, 0 queued]
[2020-10-16 06:14:51 #1227 INFO] sample_ruptures  84% [84 submitted, 0 queued]
[2020-10-16 06:14:52 #1227 INFO] sample_ruptures  85% [84 submitted, 0 queued]
[2020-10-16 06:14:59 #1227 INFO] sample_ruptures  86% [84 submitted, 0 queued]
[2020-10-16 06:15:00 #1227 INFO] sample_ruptures  88% [84 submitted, 0 queued]
[2020-10-16 06:15:07 #1227 INFO] sample_ruptures  89% [84 submitted, 0 queued]
[2020-10-16 06:15:08 #1227 INFO] sample_ruptures  90% [84 submitted, 0 queued]
[2020-10-16 06:15:10 #1227 INFO] sample_ruptures  91% [84 submitted, 0 queued]
[2020-10-16 06:15:13 #1227 INFO] sample_ruptures  92% [84 submitted, 0 queued]
[2020-10-16 06:15:15 #1227 INFO] sample_ruptures  94% [84 submitted, 0 queued]
[2020-10-16 06:15:16 #1227 INFO] sample_ruptures  95% [84 submitted, 0 queued]
[2020-10-16 06:15:33 #1227 INFO] sample_ruptures  96% [84 submitted, 0 queued]
[2020-10-16 06:15:41 #1227 INFO] sample_ruptures  97% [84 submitted, 0 queued]
[2020-10-16 06:16:02 #1227 INFO] sample_ruptures  98% [84 submitted, 0 queued]
[2020-10-16 06:16:12 #1227 INFO] sample_ruptures 100% [84 submitted, 0 queued]
[2020-10-16 06:16:12 #1227 INFO] Received {'rup_array': '69.37 MB', 'calc_times': '22.24 KB', 'eff_ruptures': '3.82 KB'} in 114 seconds
[2020-10-16 06:16:12 #1227 INFO] There are 50 realization(s)
[2020-10-16 06:16:12 #1227 INFO] Reordering the ruptures and storing the events
[2020-10-16 06:16:13 #1227 INFO] Associating event_id -> rlz_id for 612_381 events and 372_659 ruptures
[2020-10-16 06:16:24 #1227 INFO] Sent 132 tasks, 40.28 MB in 10 seconds
[2020-10-16 06:16:26 #1227 INFO] Received {'tot': '5.87 MB'} in 2 seconds
[2020-10-16 06:16:29 #1227 INFO] minimum_asset_loss={'contents': 0, 'nonstructural': 0, 'structural': 0}
[2020-10-16 06:16:32 #1227 INFO] minimum_intensity={'SA(0.3)': 0.1, 'SA(0.6)': 0.05, 'SA(1.0)': 0.05, 'SA(2.0)': 0.05, 'SA(0.5)': 0.1}
[2020-10-16 06:16:32 #1227 INFO] Sending 372_659 ruptures
[2020-10-16 06:16:50 #1227 INFO] Sent 132 tasks, 84.43 MB in 17 seconds
[2020-10-16 06:26:27 #1227 INFO] start_ebrisk   1% [132 submitted, 0 queued]
[2020-10-16 06:27:11 #1227 INFO] start_ebrisk   2% [132 submitted, 0 queued]
[2020-10-16 06:27:24 #1227 INFO] start_ebrisk   3% [132 submitted, 0 queued]
[2020-10-16 06:29:01 #1227 INFO] start_ebrisk   4% [132 submitted, 0 queued]
[2020-10-16 06:31:09 #1227 INFO] start_ebrisk   5% [132 submitted, 0 queued]
[2020-10-16 06:32:07 #1227 INFO] start_ebrisk   6% [132 submitted, 0 queued]
[2020-10-16 06:34:31 #1227 INFO] start_ebrisk   7% [132 submitted, 0 queued]
[2020-10-16 06:34:47 #1227 INFO] start_ebrisk   8% [132 submitted, 0 queued]
[2020-10-16 06:36:50 #1227 INFO] start_ebrisk   9% [132 submitted, 0 queued]
[2020-10-16 06:37:41 #1227 INFO] start_ebrisk  10% [132 submitted, 0 queued]
[2020-10-16 06:37:50 #1227 INFO] start_ebrisk  11% [132 submitted, 0 queued]
[2020-10-16 06:38:17 #1227 INFO] start_ebrisk  12% [132 submitted, 0 queued]
[2020-10-16 06:38:54 #1227 INFO] start_ebrisk  13% [132 submitted, 0 queued]
[2020-10-16 06:39:16 #1227 INFO] start_ebrisk  14% [132 submitted, 0 queued]
[2020-10-16 06:39:28 #1227 INFO] start_ebrisk  15% [132 submitted, 0 queued]
[2020-10-16 06:39:44 #1227 INFO] start_ebrisk  16% [132 submitted, 0 queued]
[2020-10-16 06:39:53 #1227 INFO] start_ebrisk  17% [132 submitted, 0 queued]
[2020-10-16 06:40:18 #1227 INFO] start_ebrisk  18% [132 submitted, 0 queued]
[2020-10-16 06:40:26 #1227 INFO] start_ebrisk  19% [132 submitted, 0 queued]
[2020-10-16 06:40:35 #1227 INFO] start_ebrisk  20% [132 submitted, 0 queued]
[2020-10-16 06:40:39 #1227 INFO] start_ebrisk  21% [132 submitted, 0 queued]
[2020-10-16 06:40:43 #1227 INFO] start_ebrisk  22% [132 submitted, 0 queued]
[2020-10-16 06:40:52 #1227 INFO] start_ebrisk  23% [132 submitted, 0 queued]
[2020-10-16 06:41:00 #1227 INFO] start_ebrisk  24% [132 submitted, 0 queued]
[2020-10-16 06:41:07 #1227 INFO] start_ebrisk  25% [132 submitted, 0 queued]
[2020-10-16 06:42:43 #1227 INFO] start_ebrisk  26% [132 submitted, 0 queued]
[2020-10-16 06:43:02 #1227 INFO] start_ebrisk  27% [132 submitted, 0 queued]
[2020-10-16 06:43:09 #1227 INFO] start_ebrisk  28% [132 submitted, 0 queued]
[2020-10-16 06:43:43 #1227 INFO] start_ebrisk  29% [132 submitted, 0 queued]
[2020-10-16 06:43:44 #1227 INFO] start_ebrisk  30% [132 submitted, 0 queued]
[2020-10-16 06:44:00 #1227 INFO] start_ebrisk  31% [132 submitted, 0 queued]
[2020-10-16 06:44:11 #1227 INFO] start_ebrisk  32% [132 submitted, 0 queued]
[2020-10-16 06:44:26 #1227 INFO] start_ebrisk  33% [132 submitted, 0 queued]
[2020-10-16 06:44:29 #1227 INFO] start_ebrisk  34% [132 submitted, 0 queued]
[2020-10-16 06:45:06 #1227 INFO] start_ebrisk  35% [132 submitted, 0 queued]
[2020-10-16 06:45:14 #1227 INFO] start_ebrisk  36% [132 submitted, 0 queued]
[2020-10-16 06:45:53 #1227 INFO] start_ebrisk  37% [132 submitted, 0 queued]
[2020-10-16 06:46:16 #1227 INFO] start_ebrisk  38% [132 submitted, 0 queued]
[2020-10-16 06:46:37 #1227 INFO] start_ebrisk  39% [132 submitted, 0 queued]
[2020-10-16 06:47:05 #1227 INFO] start_ebrisk  40% [132 submitted, 0 queued]
[2020-10-16 06:47:14 #1227 INFO] start_ebrisk  41% [132 submitted, 0 queued]
[2020-10-16 06:48:12 #1227 INFO] start_ebrisk  42% [132 submitted, 0 queued]
[2020-10-16 06:48:29 #1227 INFO] start_ebrisk  43% [132 submitted, 0 queued]
[2020-10-16 06:48:49 #1227 INFO] start_ebrisk  44% [132 submitted, 0 queued]
[2020-10-16 06:49:04 #1227 INFO] start_ebrisk  45% [132 submitted, 0 queued]
[2020-10-16 06:49:31 #1227 INFO] start_ebrisk  46% [132 submitted, 0 queued]
[2020-10-16 06:50:14 #1227 INFO] start_ebrisk  47% [132 submitted, 0 queued]
[2020-10-16 06:50:59 #1227 INFO] start_ebrisk  48% [132 submitted, 0 queued]
[2020-10-16 06:51:32 #1227 INFO] start_ebrisk  49% [132 submitted, 0 queued]
[2020-10-16 06:52:00 #1227 INFO] start_ebrisk  50% [132 submitted, 0 queued]
[2020-10-16 06:52:45 #1227 INFO] start_ebrisk  51% [132 submitted, 0 queued]
[2020-10-16 06:52:59 #1227 INFO] start_ebrisk  52% [132 submitted, 0 queued]
[2020-10-16 06:53:07 #1227 INFO] start_ebrisk  53% [132 submitted, 0 queued]
[2020-10-16 06:53:52 #1227 INFO] start_ebrisk  54% [132 submitted, 0 queued]
[2020-10-16 06:54:19 #1227 INFO] start_ebrisk  55% [132 submitted, 0 queued]
[2020-10-16 06:54:23 #1227 INFO] start_ebrisk  56% [132 submitted, 0 queued]
[2020-10-16 06:54:32 #1227 INFO] start_ebrisk  57% [132 submitted, 0 queued]
[2020-10-16 06:55:14 #1227 INFO] start_ebrisk  58% [132 submitted, 0 queued]
[2020-10-16 06:55:31 #1227 INFO] start_ebrisk  59% [132 submitted, 0 queued]
[2020-10-16 06:56:17 #1227 INFO] start_ebrisk  60% [132 submitted, 0 queued]
[2020-10-16 06:56:19 #1227 INFO] start_ebrisk  61% [132 submitted, 0 queued]
[2020-10-16 06:57:27 #1227 INFO] start_ebrisk  62% [132 submitted, 0 queued]
[2020-10-16 06:57:34 #1227 INFO] start_ebrisk  63% [132 submitted, 0 queued]
[2020-10-16 06:57:38 #1227 INFO] start_ebrisk  64% [132 submitted, 0 queued]
[2020-10-16 06:58:00 #1227 INFO] start_ebrisk  65% [132 submitted, 0 queued]
[2020-10-16 06:58:29 #1227 INFO] start_ebrisk  66% [132 submitted, 0 queued]
[2020-10-16 06:58:31 #1227 INFO] start_ebrisk  67% [132 submitted, 0 queued]
[2020-10-16 06:58:44 #1227 INFO] start_ebrisk  68% [132 submitted, 0 queued]
[2020-10-16 06:58:59 #1227 INFO] start_ebrisk  69% [132 submitted, 0 queued]
[2020-10-16 06:59:07 #1227 INFO] start_ebrisk  70% [132 submitted, 0 queued]
[2020-10-16 06:59:11 #1227 INFO] start_ebrisk  71% [132 submitted, 0 queued]
[2020-10-16 06:59:20 #1227 INFO] start_ebrisk  72% [132 submitted, 0 queued]
[2020-10-16 06:59:44 #1227 INFO] start_ebrisk  73% [132 submitted, 0 queued]
[2020-10-16 06:59:51 #1227 INFO] start_ebrisk  74% [132 submitted, 0 queued]
[2020-10-16 07:00:44 #1227 INFO] start_ebrisk  75% [132 submitted, 0 queued]
[2020-10-16 07:00:56 #1227 INFO] start_ebrisk  76% [132 submitted, 0 queued]
[2020-10-16 07:01:17 #1227 INFO] start_ebrisk  77% [132 submitted, 0 queued]
[2020-10-16 07:01:21 #1227 INFO] start_ebrisk  78% [132 submitted, 0 queued]
[2020-10-16 07:01:31 #1227 INFO] start_ebrisk  79% [132 submitted, 0 queued]
[2020-10-16 07:01:42 #1227 INFO] start_ebrisk  80% [132 submitted, 0 queued]
[2020-10-16 07:02:28 #1227 INFO] start_ebrisk  81% [132 submitted, 0 queued]
[2020-10-16 07:03:05 #1227 INFO] start_ebrisk  82% [132 submitted, 0 queued]
[2020-10-16 07:03:07 #1227 INFO] start_ebrisk  83% [132 submitted, 0 queued]
[2020-10-16 07:03:12 #1227 INFO] start_ebrisk  84% [132 submitted, 0 queued]
[2020-10-16 07:03:23 #1227 INFO] start_ebrisk  85% [132 submitted, 0 queued]
[2020-10-16 07:03:28 #1227 INFO] start_ebrisk  86% [132 submitted, 0 queued]
[2020-10-16 07:03:45 #1227 INFO] start_ebrisk  87% [132 submitted, 0 queued]
[2020-10-16 07:04:01 #1227 INFO] start_ebrisk  88% [132 submitted, 0 queued]
[2020-10-16 07:04:02 #1227 INFO] start_ebrisk  89% [132 submitted, 0 queued]
[2020-10-16 07:04:08 #1227 INFO] start_ebrisk  90% [132 submitted, 0 queued]
[2020-10-16 07:04:38 #1227 INFO] start_ebrisk  91% [132 submitted, 0 queued]
[2020-10-16 07:04:42 #1227 INFO] start_ebrisk  92% [132 submitted, 0 queued]
[2020-10-16 07:04:57 #1227 INFO] start_ebrisk  93% [132 submitted, 0 queued]
[2020-10-16 07:05:39 #1227 INFO] start_ebrisk  94% [132 submitted, 0 queued]
[2020-10-16 07:05:47 #1227 INFO] start_ebrisk  95% [132 submitted, 0 queued]
[2020-10-16 07:05:58 #1227 INFO] start_ebrisk  96% [132 submitted, 0 queued]
[2020-10-16 07:06:54 #1227 INFO] start_ebrisk  97% [132 submitted, 0 queued]
[2020-10-16 07:07:14 #1227 INFO] start_ebrisk  98% [132 submitted, 0 queued]
[2020-10-16 07:08:07 #1227 INFO] start_ebrisk  99% [132 submitted, 0 queued]
[2020-10-16 07:08:55 #1227 INFO] start_ebrisk 100% [132 submitted, 0 queued]
[2020-10-16 07:08:55 #1227 INFO] Received {'alt': '1.21 GB', 'losses_by_A': '121.84 MB', 'elt': '2.51 MB', 'gmf_info': '2.42 MB', 'numlosses': '21.27 KB', 'events_per_sid': '2.71 KB'} in 3124 seconds
[2020-10-16 07:08:55 #1227 INFO] Produced 7.32 GB of GMFs
[2020-10-16 07:08:55 #1227 INFO] Considered 4_014_037_092 / 9_143_992_171 losses
[2020-10-16 07:08:55 #1227 INFO] Building src_loss_table
[2020-10-16 07:08:56 #1227 INFO] Producing 3(loss_types) x 67(fsauid) x 6(GenOcc) x 7(GenType) loss curves
[2020-10-16 07:09:07 #1227 INFO] post_ebrisk   1% [93 submitted, 2721 queued]
[2020-10-16 07:09:08 #1227 INFO] post_ebrisk   2% [121 submitted, 2693 queued]
[2020-10-16 07:09:18 #1227 INFO] post_ebrisk   3% [149 submitted, 2665 queued]
[2020-10-16 07:09:19 #1227 INFO] post_ebrisk   4% [177 submitted, 2637 queued]
[2020-10-16 07:09:29 #1227 INFO] post_ebrisk   5% [205 submitted, 2609 queued]
[2020-10-16 07:09:30 #1227 INFO] post_ebrisk   6% [233 submitted, 2581 queued]
[2020-10-16 07:09:30 #1227 INFO] post_ebrisk   7% [261 submitted, 2553 queued]
[2020-10-16 07:09:41 #1227 INFO] post_ebrisk   8% [290 submitted, 2524 queued]
[2020-10-16 07:09:41 #1227 INFO] post_ebrisk   9% [318 submitted, 2496 queued]
[2020-10-16 07:09:52 #1227 INFO] post_ebrisk  10% [346 submitted, 2468 queued]
[2020-10-16 07:09:52 #1227 INFO] post_ebrisk  11% [374 submitted, 2440 queued]
[2020-10-16 07:10:02 #1227 INFO] post_ebrisk  12% [402 submitted, 2412 queued]
[2020-10-16 07:10:03 #1227 INFO] post_ebrisk  13% [430 submitted, 2384 queued]
[2020-10-16 07:10:03 #1227 INFO] post_ebrisk  14% [458 submitted, 2356 queued]
[2020-10-16 07:10:14 #1227 INFO] post_ebrisk  15% [487 submitted, 2327 queued]
[2020-10-16 07:10:14 #1227 INFO] post_ebrisk  16% [515 submitted, 2299 queued]
[2020-10-16 07:10:24 #1227 INFO] post_ebrisk  17% [543 submitted, 2271 queued]
[2020-10-16 07:10:25 #1227 INFO] post_ebrisk  18% [571 submitted, 2243 queued]
[2020-10-16 07:10:36 #1227 INFO] post_ebrisk  19% [599 submitted, 2215 queued]
[2020-10-16 07:10:36 #1227 INFO] post_ebrisk  20% [627 submitted, 2187 queued]
[2020-10-16 07:10:36 #1227 INFO] post_ebrisk  21% [655 submitted, 2159 queued]
[2020-10-16 07:10:47 #1227 INFO] post_ebrisk  22% [684 submitted, 2130 queued]
[2020-10-16 07:10:47 #1227 INFO] post_ebrisk  23% [712 submitted, 2102 queued]
[2020-10-16 07:10:58 #1227 INFO] post_ebrisk  24% [740 submitted, 2074 queued]
[2020-10-16 07:10:58 #1227 INFO] post_ebrisk  25% [768 submitted, 2046 queued]
[2020-10-16 07:11:08 #1227 INFO] post_ebrisk  26% [796 submitted, 2018 queued]
[2020-10-16 07:11:09 #1227 INFO] post_ebrisk  27% [824 submitted, 1990 queued]
[2020-10-16 07:11:09 #1227 INFO] post_ebrisk  28% [852 submitted, 1962 queued]
[2020-10-16 07:11:20 #1227 INFO] post_ebrisk  29% [881 submitted, 1933 queued]
[2020-10-16 07:11:20 #1227 INFO] post_ebrisk  30% [909 submitted, 1905 queued]
[2020-10-16 07:11:30 #1227 INFO] post_ebrisk  31% [937 submitted, 1877 queued]
[2020-10-16 07:11:31 #1227 INFO] post_ebrisk  32% [965 submitted, 1849 queued]
[2020-10-16 07:11:41 #1227 INFO] post_ebrisk  33% [993 submitted, 1821 queued]
[2020-10-16 07:11:41 #1227 INFO] post_ebrisk  34% [1021 submitted, 1793 queued]
[2020-10-16 07:11:42 #1227 INFO] post_ebrisk  35% [1049 submitted, 1765 queued]
[2020-10-16 07:11:52 #1227 INFO] post_ebrisk  36% [1078 submitted, 1736 queued]
[2020-10-16 07:11:53 #1227 INFO] post_ebrisk  37% [1106 submitted, 1708 queued]
[2020-10-16 07:12:03 #1227 INFO] post_ebrisk  38% [1134 submitted, 1680 queued]
[2020-10-16 07:12:03 #1227 INFO] post_ebrisk  39% [1162 submitted, 1652 queued]
[2020-10-16 07:12:13 #1227 INFO] post_ebrisk  40% [1190 submitted, 1624 queued]
[2020-10-16 07:12:14 #1227 INFO] post_ebrisk  41% [1218 submitted, 1596 queued]
[2020-10-16 07:12:14 #1227 INFO] post_ebrisk  42% [1246 submitted, 1568 queued]
[2020-10-16 07:12:25 #1227 INFO] post_ebrisk  43% [1275 submitted, 1539 queued]
[2020-10-16 07:12:25 #1227 INFO] post_ebrisk  44% [1303 submitted, 1511 queued]
[2020-10-16 07:12:35 #1227 INFO] post_ebrisk  45% [1331 submitted, 1483 queued]
[2020-10-16 07:12:36 #1227 INFO] post_ebrisk  46% [1359 submitted, 1455 queued]
[2020-10-16 07:12:46 #1227 INFO] post_ebrisk  47% [1387 submitted, 1427 queued]
[2020-10-16 07:12:46 #1227 INFO] post_ebrisk  48% [1415 submitted, 1399 queued]
[2020-10-16 07:12:52 #1227 INFO] post_ebrisk  49% [1443 submitted, 1371 queued]
[2020-10-16 07:12:57 #1227 INFO] post_ebrisk  50% [1471 submitted, 1343 queued]
[2020-10-16 07:12:58 #1227 INFO] post_ebrisk  51% [1500 submitted, 1314 queued]
[2020-10-16 07:13:08 #1227 INFO] post_ebrisk  52% [1528 submitted, 1286 queued]
[2020-10-16 07:13:08 #1227 INFO] post_ebrisk  53% [1556 submitted, 1258 queued]
[2020-10-16 07:13:19 #1227 INFO] post_ebrisk  54% [1584 submitted, 1230 queued]
[2020-10-16 07:13:19 #1227 INFO] post_ebrisk  55% [1612 submitted, 1202 queued]
[2020-10-16 07:13:24 #1227 INFO] post_ebrisk  56% [1640 submitted, 1174 queued]
[2020-10-16 07:13:30 #1227 INFO] post_ebrisk  57% [1668 submitted, 1146 queued]
[2020-10-16 07:13:30 #1227 INFO] post_ebrisk  58% [1697 submitted, 1117 queued]
[2020-10-16 07:13:40 #1227 INFO] post_ebrisk  59% [1725 submitted, 1089 queued]
[2020-10-16 07:13:41 #1227 INFO] post_ebrisk  60% [1753 submitted, 1061 queued]
[2020-10-16 07:13:51 #1227 INFO] post_ebrisk  61% [1781 submitted, 1033 queued]
[2020-10-16 07:13:52 #1227 INFO] post_ebrisk  62% [1809 submitted, 1005 queued]
[2020-10-16 07:13:57 #1227 INFO] post_ebrisk  63% [1837 submitted, 977 queued]
[2020-10-16 07:14:03 #1227 INFO] post_ebrisk  64% [1865 submitted, 949 queued]
[2020-10-16 07:14:03 #1227 INFO] post_ebrisk  65% [1894 submitted, 920 queued]
[2020-10-16 07:14:13 #1227 INFO] post_ebrisk  66% [1922 submitted, 892 queued]
[2020-10-16 07:14:14 #1227 INFO] post_ebrisk  67% [1950 submitted, 864 queued]
[2020-10-16 07:14:24 #1227 INFO] post_ebrisk  68% [1978 submitted, 836 queued]
[2020-10-16 07:14:25 #1227 INFO] post_ebrisk  69% [2006 submitted, 808 queued]
[2020-10-16 07:14:30 #1227 INFO] post_ebrisk  70% [2034 submitted, 780 queued]
[2020-10-16 07:14:36 #1227 INFO] post_ebrisk  71% [2062 submitted, 752 queued]
[2020-10-16 07:14:36 #1227 INFO] post_ebrisk  72% [2091 submitted, 723 queued]
[2020-10-16 07:14:46 #1227 INFO] post_ebrisk  73% [2119 submitted, 695 queued]
[2020-10-16 07:14:47 #1227 INFO] post_ebrisk  74% [2147 submitted, 667 queued]
[2020-10-16 07:14:57 #1227 INFO] post_ebrisk  75% [2175 submitted, 639 queued]
[2020-10-16 07:14:58 #1227 INFO] post_ebrisk  76% [2203 submitted, 611 queued]
[2020-10-16 07:15:03 #1227 INFO] post_ebrisk  77% [2231 submitted, 583 queued]
[2020-10-16 07:15:08 #1227 INFO] post_ebrisk  78% [2259 submitted, 555 queued]
[2020-10-16 07:15:09 #1227 INFO] post_ebrisk  79% [2288 submitted, 526 queued]
[2020-10-16 07:15:19 #1227 INFO] post_ebrisk  80% [2316 submitted, 498 queued]
[2020-10-16 07:15:20 #1227 INFO] post_ebrisk  81% [2344 submitted, 470 queued]
[2020-10-16 07:15:30 #1227 INFO] post_ebrisk  82% [2372 submitted, 442 queued]
[2020-10-16 07:15:31 #1227 INFO] post_ebrisk  83% [2400 submitted, 414 queued]
[2020-10-16 07:15:41 #1227 INFO] post_ebrisk  84% [2428 submitted, 386 queued]
[2020-10-16 07:15:41 #1227 INFO] post_ebrisk  85% [2456 submitted, 358 queued]
[2020-10-16 07:15:42 #1227 INFO] post_ebrisk  86% [2485 submitted, 329 queued]
[2020-10-16 07:15:52 #1227 INFO] post_ebrisk  87% [2513 submitted, 301 queued]
[2020-10-16 07:15:53 #1227 INFO] post_ebrisk  88% [2541 submitted, 273 queued]
[2020-10-16 07:16:03 #1227 INFO] post_ebrisk  89% [2569 submitted, 245 queued]
[2020-10-16 07:16:04 #1227 INFO] post_ebrisk  90% [2597 submitted, 217 queued]
[2020-10-16 07:16:09 #1227 INFO] post_ebrisk  91% [2625 submitted, 189 queued]
[2020-10-16 07:16:15 #1227 INFO] post_ebrisk  92% [2653 submitted, 161 queued]
[2020-10-16 07:16:15 #1227 INFO] post_ebrisk  93% [2682 submitted, 132 queued]
[2020-10-16 07:16:25 #1227 INFO] post_ebrisk  94% [2710 submitted, 104 queued]
[2020-10-16 07:16:26 #1227 INFO] post_ebrisk  95% [2738 submitted, 76 queued]
[2020-10-16 07:16:36 #1227 INFO] post_ebrisk  96% [2766 submitted, 48 queued]
[2020-10-16 07:16:36 #1227 INFO] post_ebrisk  97% [2794 submitted, 20 queued]
[2020-10-16 07:16:37 #1227 INFO] post_ebrisk  98% [2814 submitted, 0 queued]
[2020-10-16 07:16:45 #1227 INFO] post_ebrisk  99% [2814 submitted, 0 queued]
[2020-10-16 07:16:45 #1227 INFO] post_ebrisk 100% [2814 submitted, 0 queued]
[2020-10-16 07:16:45 #1227 INFO] Received {'tot': '52.73 MB'} in 468 seconds
[2020-10-16 07:16:46 #1227 INFO] Mean portfolio loss
============== =============== ===============
contents       nonstructural   structural     
============== =============== ===============
97_936_367_616 487_167_197_184 501_174_140_928
============== =============== ===============
[2020-10-16 07:16:46 #1227 INFO] Sanity check on agg_losses/tot_losses
[2020-10-16 07:16:46 #1227 INFO] Exposing the outputs to the database
[2020-10-16 07:16:47 #1227 INFO] Stored 1.35 GB on /mnt/data/murray.journeay/oqdata/calc_1227.hdf5 in 3882 seconds
  id | name
5957 | Aggregate Event Losses
5949 | Aggregate Loss Curves
5950 | Aggregate Loss Curves Statistics
5951 | Aggregate Losses
5952 | Aggregate Losses Statistics
5953 | Average Asset Losses Statistics
5959 | Earthquake Ruptures
5954 | Events
5955 | Full Report
5956 | Input Files
 ... | 6 additional output(s)
Some outputs were not shown. You can see the full list with the command
`oq engine --list-outputs 1227`
