[2020-10-16 18:05:57 #1239 INFO] murray.journeay running /mnt/data/shared/canada-2020/canada-srm2/ebRisk/input/ebRisk_b0_QC2440A2.ini [--hc=None]
[2020-10-16 18:05:57 #1239 INFO] Using engine version 3.11.0-git4f03c56
[2020-10-16 18:05:57 #1239 WARNING] Using 64 cores on gem-compute
[2020-10-16 18:05:57 #1239 INFO] Validated nationalModel.xml in 0.01 seconds
[2020-10-16 18:05:57 #1239 INFO] Checksum of the input files: 2804627169
[2020-10-16 18:05:57 #1239 INFO] Reading the risk model if present
[2020-10-16 18:06:10 #1239 INFO] Reading /mnt/data/shared/canada-2020/model-inputs/exposure/general-building-stock/oqBldgExp_QC2440A2.xml
[2020-10-16 18:06:14 #1239 INFO] Extracting the hazard sites from the site model
[2020-10-16 18:06:16 #1239 INFO] Associated 43830 assets to 1855 sites
[2020-10-16 18:06:19 #1239 INFO] Reducing risk model from 7260 to 651 taxonomies
[2020-10-16 18:06:20 #1239 INFO] Considering 50 logic tree paths out of 24_576
[2020-10-16 18:06:20 #1239 INFO] 6 effective smlt realization(s)
[2020-10-16 18:06:20 #1239 INFO] Reading the source model(s) in parallel
[2020-10-16 18:06:22 #1239 INFO] read_source_model  16% [6 submitted, 0 queued]
[2020-10-16 18:06:22 #1239 INFO] read_source_model  33% [6 submitted, 0 queued]
[2020-10-16 18:06:22 #1239 INFO] read_source_model  50% [6 submitted, 0 queued]
[2020-10-16 18:06:22 #1239 INFO] read_source_model  66% [6 submitted, 0 queued]
[2020-10-16 18:06:23 #1239 INFO] read_source_model  83% [6 submitted, 0 queued]
[2020-10-16 18:06:23 #1239 INFO] read_source_model 100% [6 submitted, 0 queued]
[2020-10-16 18:06:23 #1239 INFO] Received {'/mnt/data/shared/canada-2020/CanadaSHM6/OpenQuake_model_files/sources/nationalModel/xml/simplifiedModel/WCan_HYeast_Harctic_simplified_collapsedRates.xml': '141.06 KB', '/mnt/data/shared/canada-2020/CanadaSHM6/OpenQuake_model_files/sources/nationalModel/xml/simplifiedModel/WCan_H2east_Harctic_simplified_collapsedRates.xml': '135.23 KB', '/mnt/data/shared/canada-2020/CanadaSHM6/OpenQuake_model_files/sources/nationalModel/xml/simplifiedModel/WCan_HYeast_Rarctic_simplified_collapsedRates.xml': '134.61 KB', '/mnt/data/shared/canada-2020/CanadaSHM6/OpenQuake_model_files/sources/nationalModel/xml/simplifiedModel/WCan_H2east_Rarctic_simplified_collapsedRates.xml': '128.78 KB', '/mnt/data/shared/canada-2020/CanadaSHM6/OpenQuake_model_files/sources/nationalModel/xml/simplifiedModel/WCan_R2east_Harctic_simplified_collapsedRates.xml': '119.91 KB', '/mnt/data/shared/canada-2020/CanadaSHM6/OpenQuake_model_files/sources/nationalModel/xml/simplifiedModel/WCan_R2east_Rarctic_simplified_collapsedRates.xml': '113.68 KB'} in 1 seconds
[2020-10-16 18:06:23 #1239 WARNING] There are multiple different sources with the same ID [<AreaSource SCCCT>, <AreaSource SCCCT>, <AreaSource SCCCT>, <AreaSource SCCCT>, <AreaSource SCCCT>, <AreaSource SCCCT>]
[2020-10-16 18:07:53 #1239 INFO] There are 195 sources
[2020-10-16 18:07:53 #1239 INFO] Checking the sources bounding box
[2020-10-16 18:07:53 #1239 ERROR] source ACM: The buffer of 600 km is too large, the bounding box is larger than half the globe: 219 degrees
[2020-10-16 18:07:53 #1239 INFO] Rupture floating factor = 1.6265060240963856
[2020-10-16 18:07:53 #1239 INFO] Rupture spinning factor = 3.2710843373493974
[2020-10-16 18:07:53 #1239 INFO] gzipping the input files
[2020-10-16 18:07:57 #1239 INFO] Storing risk model
[2020-10-16 18:08:00 #1239 INFO] minimum_intensity={'SA(0.3)': 0.1, 'SA(0.6)': 0.05, 'SA(1.0)': 0.05, 'SA(2.0)': 0.05, 'SA(0.5)': 0.1}
[2020-10-16 18:08:00 #1239 INFO] Building ruptures
[2020-10-16 18:08:00 #1239 INFO] Sending <SourceGroup Subduction IntraSlab30, 1 source(s)>
[2020-10-16 18:08:00 #1239 INFO] Sending <SourceGroup Subduction IntraSlab55, 4 source(s)>
[2020-10-16 18:08:00 #1239 INFO] Sending <SourceGroup Subduction Interface, 13 source(s)>
[2020-10-16 18:08:00 #1239 INFO] Sending <SourceGroup Stable Shallow Crust, 120 source(s)>
[2020-10-16 18:08:00 #1239 INFO] Sending <SourceGroup Active Shallow Crust, 59 source(s)>
[2020-10-16 18:08:02 #1239 INFO] Sent 64 tasks, 62.59 MB in 0 seconds
[2020-10-16 18:08:03 #1239 INFO] sample_ruptures   1% [65 submitted, 19 queued]
[2020-10-16 18:08:03 #1239 INFO] sample_ruptures   2% [66 submitted, 18 queued]
[2020-10-16 18:08:03 #1239 INFO] sample_ruptures   3% [67 submitted, 17 queued]
[2020-10-16 18:08:03 #1239 INFO] sample_ruptures   4% [68 submitted, 16 queued]
[2020-10-16 18:08:04 #1239 INFO] sample_ruptures   5% [69 submitted, 15 queued]
[2020-10-16 18:08:04 #1239 INFO] sample_ruptures   7% [70 submitted, 14 queued]
[2020-10-16 18:08:04 #1239 INFO] sample_ruptures   8% [71 submitted, 13 queued]
[2020-10-16 18:08:04 #1239 INFO] sample_ruptures   9% [72 submitted, 12 queued]
[2020-10-16 18:08:04 #1239 INFO] sample_ruptures  10% [73 submitted, 11 queued]
[2020-10-16 18:08:04 #1239 INFO] sample_ruptures  11% [74 submitted, 10 queued]
[2020-10-16 18:08:04 #1239 INFO] sample_ruptures  13% [75 submitted, 9 queued]
[2020-10-16 18:08:04 #1239 INFO] sample_ruptures  14% [76 submitted, 8 queued]
[2020-10-16 18:08:04 #1239 INFO] sample_ruptures  15% [77 submitted, 7 queued]
[2020-10-16 18:08:04 #1239 INFO] sample_ruptures  16% [78 submitted, 6 queued]
[2020-10-16 18:08:04 #1239 INFO] sample_ruptures  17% [79 submitted, 5 queued]
[2020-10-16 18:08:04 #1239 INFO] sample_ruptures  19% [80 submitted, 4 queued]
[2020-10-16 18:08:04 #1239 INFO] sample_ruptures  20% [81 submitted, 3 queued]
[2020-10-16 18:08:04 #1239 INFO] sample_ruptures  21% [82 submitted, 2 queued]
[2020-10-16 18:08:04 #1239 INFO] sample_ruptures  22% [83 submitted, 1 queued]
[2020-10-16 18:08:04 #1239 INFO] sample_ruptures  23% [84 submitted, 0 queued]
[2020-10-16 18:08:04 #1239 INFO] sample_ruptures  25% [84 submitted, 0 queued]
[2020-10-16 18:08:04 #1239 INFO] sample_ruptures  26% [84 submitted, 0 queued]
[2020-10-16 18:08:05 #1239 INFO] sample_ruptures  27% [84 submitted, 0 queued]
[2020-10-16 18:08:05 #1239 INFO] sample_ruptures  28% [84 submitted, 0 queued]
[2020-10-16 18:08:05 #1239 INFO] sample_ruptures  29% [84 submitted, 0 queued]
[2020-10-16 18:08:05 #1239 INFO] sample_ruptures  30% [84 submitted, 0 queued]
[2020-10-16 18:08:05 #1239 INFO] sample_ruptures  32% [84 submitted, 0 queued]
[2020-10-16 18:08:05 #1239 INFO] sample_ruptures  33% [84 submitted, 0 queued]
[2020-10-16 18:08:05 #1239 INFO] sample_ruptures  34% [84 submitted, 0 queued]
[2020-10-16 18:08:05 #1239 INFO] sample_ruptures  35% [84 submitted, 0 queued]
[2020-10-16 18:08:05 #1239 INFO] sample_ruptures  36% [84 submitted, 0 queued]
[2020-10-16 18:08:05 #1239 INFO] sample_ruptures  38% [84 submitted, 0 queued]
[2020-10-16 18:08:05 #1239 INFO] sample_ruptures  39% [84 submitted, 0 queued]
[2020-10-16 18:08:05 #1239 INFO] sample_ruptures  40% [84 submitted, 0 queued]
[2020-10-16 18:08:05 #1239 INFO] sample_ruptures  41% [84 submitted, 0 queued]
[2020-10-16 18:08:05 #1239 INFO] sample_ruptures  42% [84 submitted, 0 queued]
[2020-10-16 18:08:05 #1239 INFO] sample_ruptures  44% [84 submitted, 0 queued]
[2020-10-16 18:08:05 #1239 INFO] sample_ruptures  45% [84 submitted, 0 queued]
[2020-10-16 18:08:05 #1239 INFO] sample_ruptures  46% [84 submitted, 0 queued]
[2020-10-16 18:08:05 #1239 INFO] sample_ruptures  47% [84 submitted, 0 queued]
[2020-10-16 18:08:06 #1239 INFO] sample_ruptures  48% [84 submitted, 0 queued]
[2020-10-16 18:08:06 #1239 INFO] sample_ruptures  50% [84 submitted, 0 queued]
[2020-10-16 18:08:06 #1239 INFO] sample_ruptures  51% [84 submitted, 0 queued]
[2020-10-16 18:08:06 #1239 INFO] sample_ruptures  52% [84 submitted, 0 queued]
[2020-10-16 18:08:06 #1239 INFO] sample_ruptures  53% [84 submitted, 0 queued]
[2020-10-16 18:08:07 #1239 INFO] sample_ruptures  54% [84 submitted, 0 queued]
[2020-10-16 18:08:08 #1239 INFO] sample_ruptures  55% [84 submitted, 0 queued]
[2020-10-16 18:08:08 #1239 INFO] sample_ruptures  57% [84 submitted, 0 queued]
[2020-10-16 18:08:12 #1239 INFO] sample_ruptures  58% [84 submitted, 0 queued]
[2020-10-16 18:08:13 #1239 INFO] sample_ruptures  59% [84 submitted, 0 queued]
[2020-10-16 18:08:13 #1239 INFO] sample_ruptures  60% [84 submitted, 0 queued]
[2020-10-16 18:08:13 #1239 INFO] sample_ruptures  61% [84 submitted, 0 queued]
[2020-10-16 18:08:15 #1239 INFO] sample_ruptures  63% [84 submitted, 0 queued]
[2020-10-16 18:08:15 #1239 INFO] sample_ruptures  64% [84 submitted, 0 queued]
[2020-10-16 18:08:16 #1239 INFO] sample_ruptures  65% [84 submitted, 0 queued]
[2020-10-16 18:08:16 #1239 INFO] sample_ruptures  66% [84 submitted, 0 queued]
[2020-10-16 18:08:16 #1239 INFO] sample_ruptures  67% [84 submitted, 0 queued]
[2020-10-16 18:08:16 #1239 INFO] sample_ruptures  69% [84 submitted, 0 queued]
[2020-10-16 18:08:16 #1239 INFO] sample_ruptures  70% [84 submitted, 0 queued]
[2020-10-16 18:08:17 #1239 INFO] sample_ruptures  71% [84 submitted, 0 queued]
[2020-10-16 18:08:18 #1239 INFO] sample_ruptures  72% [84 submitted, 0 queued]
[2020-10-16 18:08:18 #1239 INFO] sample_ruptures  73% [84 submitted, 0 queued]
[2020-10-16 18:08:19 #1239 INFO] sample_ruptures  75% [84 submitted, 0 queued]
[2020-10-16 18:08:20 #1239 INFO] sample_ruptures  76% [84 submitted, 0 queued]
[2020-10-16 18:08:21 #1239 INFO] sample_ruptures  77% [84 submitted, 0 queued]
[2020-10-16 18:08:21 #1239 INFO] sample_ruptures  78% [84 submitted, 0 queued]
[2020-10-16 18:08:21 #1239 INFO] sample_ruptures  79% [84 submitted, 0 queued]
[2020-10-16 18:08:22 #1239 INFO] sample_ruptures  80% [84 submitted, 0 queued]
[2020-10-16 18:08:22 #1239 INFO] sample_ruptures  82% [84 submitted, 0 queued]
[2020-10-16 18:08:23 #1239 INFO] sample_ruptures  83% [84 submitted, 0 queued]
[2020-10-16 18:08:23 #1239 INFO] sample_ruptures  84% [84 submitted, 0 queued]
[2020-10-16 18:08:25 #1239 INFO] sample_ruptures  85% [84 submitted, 0 queued]
[2020-10-16 18:08:27 #1239 INFO] sample_ruptures  86% [84 submitted, 0 queued]
[2020-10-16 18:08:30 #1239 INFO] sample_ruptures  88% [84 submitted, 0 queued]
[2020-10-16 18:08:37 #1239 INFO] sample_ruptures  89% [84 submitted, 0 queued]
[2020-10-16 18:08:47 #1239 INFO] sample_ruptures  90% [84 submitted, 0 queued]
[2020-10-16 18:08:51 #1239 INFO] sample_ruptures  91% [84 submitted, 0 queued]
[2020-10-16 18:08:51 #1239 INFO] sample_ruptures  92% [84 submitted, 0 queued]
[2020-10-16 18:08:52 #1239 INFO] sample_ruptures  94% [84 submitted, 0 queued]
[2020-10-16 18:08:53 #1239 INFO] sample_ruptures  95% [84 submitted, 0 queued]
[2020-10-16 18:08:54 #1239 INFO] sample_ruptures  96% [84 submitted, 0 queued]
[2020-10-16 18:08:57 #1239 INFO] sample_ruptures  97% [84 submitted, 0 queued]
[2020-10-16 18:09:09 #1239 INFO] sample_ruptures  98% [84 submitted, 0 queued]
[2020-10-16 18:09:44 #1239 INFO] sample_ruptures 100% [84 submitted, 0 queued]
[2020-10-16 18:09:44 #1239 INFO] Received {'rup_array': '64.49 MB', 'calc_times': '22.12 KB', 'eff_ruptures': '3.8 KB'} in 102 seconds
[2020-10-16 18:09:44 #1239 INFO] There are 50 realization(s)
[2020-10-16 18:09:44 #1239 INFO] Reordering the ruptures and storing the events
[2020-10-16 18:09:44 #1239 INFO] Associating event_id -> rlz_id for 576_732 events and 346_436 ruptures
[2020-10-16 18:09:55 #1239 INFO] Sent 130 tasks, 37.46 MB in 9 seconds
[2020-10-16 18:09:57 #1239 INFO] Received {'tot': '5.53 MB'} in 1 seconds
[2020-10-16 18:10:00 #1239 INFO] minimum_asset_loss={'contents': 0, 'nonstructural': 0, 'structural': 0}
[2020-10-16 18:10:02 #1239 INFO] minimum_intensity={'SA(0.3)': 0.1, 'SA(0.6)': 0.05, 'SA(1.0)': 0.05, 'SA(2.0)': 0.05, 'SA(0.5)': 0.1}
[2020-10-16 18:10:02 #1239 INFO] Sending 346_436 ruptures
[2020-10-16 18:10:20 #1239 INFO] Sent 130 tasks, 81.28 MB in 16 seconds
[2020-10-16 18:13:57 #1239 INFO] start_ebrisk   1% [130 submitted, 0 queued]
[2020-10-16 18:15:30 #1239 INFO] start_ebrisk   2% [130 submitted, 0 queued]
[2020-10-16 18:17:14 #1239 INFO] start_ebrisk   3% [130 submitted, 0 queued]
[2020-10-16 18:17:55 #1239 INFO] start_ebrisk   4% [130 submitted, 0 queued]
[2020-10-16 18:18:03 #1239 INFO] start_ebrisk   5% [130 submitted, 0 queued]
[2020-10-16 18:18:05 #1239 INFO] start_ebrisk   6% [130 submitted, 0 queued]
[2020-10-16 18:19:58 #1239 INFO] start_ebrisk   7% [130 submitted, 0 queued]
[2020-10-16 18:20:17 #1239 INFO] start_ebrisk   8% [130 submitted, 0 queued]
[2020-10-16 18:20:28 #1239 INFO] start_ebrisk   9% [130 submitted, 0 queued]
[2020-10-16 18:20:35 #1239 INFO] start_ebrisk  10% [130 submitted, 0 queued]
[2020-10-16 18:20:50 #1239 INFO] start_ebrisk  11% [130 submitted, 0 queued]
[2020-10-16 18:21:02 #1239 INFO] start_ebrisk  12% [130 submitted, 0 queued]
[2020-10-16 18:21:07 #1239 INFO] start_ebrisk  13% [130 submitted, 0 queued]
[2020-10-16 18:21:11 #1239 INFO] start_ebrisk  14% [130 submitted, 0 queued]
[2020-10-16 18:21:12 #1239 INFO] start_ebrisk  15% [130 submitted, 0 queued]
[2020-10-16 18:21:20 #1239 INFO] start_ebrisk  16% [130 submitted, 0 queued]
[2020-10-16 18:21:25 #1239 INFO] start_ebrisk  17% [130 submitted, 0 queued]
[2020-10-16 18:21:28 #1239 INFO] start_ebrisk  18% [130 submitted, 0 queued]
[2020-10-16 18:21:38 #1239 INFO] start_ebrisk  19% [130 submitted, 0 queued]
[2020-10-16 18:21:42 #1239 INFO] start_ebrisk  20% [130 submitted, 0 queued]
[2020-10-16 18:21:45 #1239 INFO] start_ebrisk  21% [130 submitted, 0 queued]
[2020-10-16 18:21:54 #1239 INFO] start_ebrisk  22% [130 submitted, 0 queued]
[2020-10-16 18:22:20 #1239 INFO] start_ebrisk  23% [130 submitted, 0 queued]
[2020-10-16 18:22:29 #1239 INFO] start_ebrisk  24% [130 submitted, 0 queued]
[2020-10-16 18:22:31 #1239 INFO] start_ebrisk  25% [130 submitted, 0 queued]
[2020-10-16 18:22:43 #1239 INFO] start_ebrisk  26% [130 submitted, 0 queued]
[2020-10-16 18:23:05 #1239 INFO] start_ebrisk  27% [130 submitted, 0 queued]
[2020-10-16 18:23:22 #1239 INFO] start_ebrisk  28% [130 submitted, 0 queued]
[2020-10-16 18:23:28 #1239 INFO] start_ebrisk  29% [130 submitted, 0 queued]
[2020-10-16 18:23:34 #1239 INFO] start_ebrisk  30% [130 submitted, 0 queued]
[2020-10-16 18:23:59 #1239 INFO] start_ebrisk  31% [130 submitted, 0 queued]
[2020-10-16 18:23:59 #1239 INFO] start_ebrisk  32% [130 submitted, 0 queued]
[2020-10-16 18:24:02 #1239 INFO] start_ebrisk  33% [130 submitted, 0 queued]
[2020-10-16 18:24:19 #1239 INFO] start_ebrisk  34% [130 submitted, 0 queued]
[2020-10-16 18:24:19 #1239 INFO] start_ebrisk  35% [130 submitted, 0 queued]
[2020-10-16 18:24:23 #1239 INFO] start_ebrisk  36% [130 submitted, 0 queued]
[2020-10-16 18:24:35 #1239 INFO] start_ebrisk  37% [130 submitted, 0 queued]
[2020-10-16 18:24:39 #1239 INFO] start_ebrisk  38% [130 submitted, 0 queued]
[2020-10-16 18:24:54 #1239 INFO] start_ebrisk  39% [130 submitted, 0 queued]
[2020-10-16 18:24:58 #1239 INFO] start_ebrisk  40% [130 submitted, 0 queued]
[2020-10-16 18:25:09 #1239 INFO] start_ebrisk  41% [130 submitted, 0 queued]
[2020-10-16 18:25:24 #1239 INFO] start_ebrisk  42% [130 submitted, 0 queued]
[2020-10-16 18:25:36 #1239 INFO] start_ebrisk  43% [130 submitted, 0 queued]
[2020-10-16 18:26:12 #1239 INFO] start_ebrisk  44% [130 submitted, 0 queued]
[2020-10-16 18:26:19 #1239 INFO] start_ebrisk  45% [130 submitted, 0 queued]
[2020-10-16 18:26:23 #1239 INFO] start_ebrisk  46% [130 submitted, 0 queued]
[2020-10-16 18:26:31 #1239 INFO] start_ebrisk  47% [130 submitted, 0 queued]
[2020-10-16 18:26:53 #1239 INFO] start_ebrisk  48% [130 submitted, 0 queued]
[2020-10-16 18:27:42 #1239 INFO] start_ebrisk  49% [130 submitted, 0 queued]
[2020-10-16 18:27:46 #1239 INFO] start_ebrisk  50% [130 submitted, 0 queued]
[2020-10-16 18:28:23 #1239 INFO] start_ebrisk  51% [130 submitted, 0 queued]
[2020-10-16 18:28:42 #1239 INFO] start_ebrisk  52% [130 submitted, 0 queued]
[2020-10-16 18:28:58 #1239 INFO] start_ebrisk  53% [130 submitted, 0 queued]
[2020-10-16 18:29:04 #1239 INFO] start_ebrisk  54% [130 submitted, 0 queued]
[2020-10-16 18:29:05 #1239 INFO] start_ebrisk  55% [130 submitted, 0 queued]
[2020-10-16 18:29:08 #1239 INFO] start_ebrisk  56% [130 submitted, 0 queued]
[2020-10-16 18:29:44 #1239 INFO] start_ebrisk  57% [130 submitted, 0 queued]
[2020-10-16 18:29:48 #1239 INFO] start_ebrisk  58% [130 submitted, 0 queued]
[2020-10-16 18:30:00 #1239 INFO] start_ebrisk  59% [130 submitted, 0 queued]
[2020-10-16 18:30:10 #1239 INFO] start_ebrisk  60% [130 submitted, 0 queued]
[2020-10-16 18:30:17 #1239 INFO] start_ebrisk  61% [130 submitted, 0 queued]
[2020-10-16 18:30:25 #1239 INFO] start_ebrisk  62% [130 submitted, 0 queued]
[2020-10-16 18:30:33 #1239 INFO] start_ebrisk  63% [130 submitted, 0 queued]
[2020-10-16 18:30:44 #1239 INFO] start_ebrisk  64% [130 submitted, 0 queued]
[2020-10-16 18:30:46 #1239 INFO] start_ebrisk  65% [130 submitted, 0 queued]
[2020-10-16 18:30:54 #1239 INFO] start_ebrisk  66% [130 submitted, 0 queued]
[2020-10-16 18:31:02 #1239 INFO] start_ebrisk  67% [130 submitted, 0 queued]
[2020-10-16 18:31:16 #1239 INFO] start_ebrisk  68% [130 submitted, 0 queued]
[2020-10-16 18:31:17 #1239 INFO] start_ebrisk  69% [130 submitted, 0 queued]
[2020-10-16 18:31:19 #1239 INFO] start_ebrisk  70% [130 submitted, 0 queued]
[2020-10-16 18:31:31 #1239 INFO] start_ebrisk  71% [130 submitted, 0 queued]
[2020-10-16 18:31:42 #1239 INFO] start_ebrisk  72% [130 submitted, 0 queued]
[2020-10-16 18:31:45 #1239 INFO] start_ebrisk  73% [130 submitted, 0 queued]
[2020-10-16 18:32:31 #1239 INFO] start_ebrisk  74% [130 submitted, 0 queued]
[2020-10-16 18:32:33 #1239 INFO] start_ebrisk  75% [130 submitted, 0 queued]
[2020-10-16 18:32:34 #1239 INFO] start_ebrisk  76% [130 submitted, 0 queued]
[2020-10-16 18:32:37 #1239 INFO] start_ebrisk  77% [130 submitted, 0 queued]
[2020-10-16 18:32:38 #1239 INFO] start_ebrisk  78% [130 submitted, 0 queued]
[2020-10-16 18:32:45 #1239 INFO] start_ebrisk  79% [130 submitted, 0 queued]
[2020-10-16 18:32:47 #1239 INFO] start_ebrisk  80% [130 submitted, 0 queued]
[2020-10-16 18:32:56 #1239 INFO] start_ebrisk  81% [130 submitted, 0 queued]
[2020-10-16 18:32:59 #1239 INFO] start_ebrisk  82% [130 submitted, 0 queued]
[2020-10-16 18:33:03 #1239 INFO] start_ebrisk  83% [130 submitted, 0 queued]
[2020-10-16 18:33:15 #1239 INFO] start_ebrisk  84% [130 submitted, 0 queued]
[2020-10-16 18:33:15 #1239 INFO] start_ebrisk  85% [130 submitted, 0 queued]
[2020-10-16 18:33:21 #1239 INFO] start_ebrisk  86% [130 submitted, 0 queued]
[2020-10-16 18:33:33 #1239 INFO] start_ebrisk  87% [130 submitted, 0 queued]
[2020-10-16 18:33:34 #1239 INFO] start_ebrisk  88% [130 submitted, 0 queued]
[2020-10-16 18:33:34 #1239 INFO] start_ebrisk  89% [130 submitted, 0 queued]
[2020-10-16 18:33:36 #1239 INFO] start_ebrisk  90% [130 submitted, 0 queued]
[2020-10-16 18:33:50 #1239 INFO] start_ebrisk  91% [130 submitted, 0 queued]
[2020-10-16 18:33:55 #1239 INFO] start_ebrisk  92% [130 submitted, 0 queued]
[2020-10-16 18:34:16 #1239 INFO] start_ebrisk  93% [130 submitted, 0 queued]
[2020-10-16 18:34:23 #1239 INFO] start_ebrisk  94% [130 submitted, 0 queued]
[2020-10-16 18:34:37 #1239 INFO] start_ebrisk  95% [130 submitted, 0 queued]
[2020-10-16 18:34:39 #1239 INFO] start_ebrisk  96% [130 submitted, 0 queued]
[2020-10-16 18:35:10 #1239 INFO] start_ebrisk  97% [130 submitted, 0 queued]
[2020-10-16 18:35:24 #1239 INFO] start_ebrisk  98% [130 submitted, 0 queued]
[2020-10-16 18:35:31 #1239 INFO] start_ebrisk  99% [130 submitted, 0 queued]
[2020-10-16 18:35:50 #1239 INFO] start_ebrisk 100% [130 submitted, 0 queued]
[2020-10-16 18:35:50 #1239 INFO] Received {'alt': '818.82 MB', 'losses_by_A': '65.23 MB', 'gmf_info': '1.87 MB', 'elt': '1.86 MB', 'numlosses': '20.95 KB', 'events_per_sid': '2.67 KB'} in 1529 seconds
[2020-10-16 18:35:50 #1239 INFO] Produced 1.75 GB of GMFs
[2020-10-16 18:35:50 #1239 INFO] Considered 2_019_931_673 / 4_129_469_924 losses
[2020-10-16 18:35:50 #1239 INFO] Building src_loss_table
[2020-10-16 18:35:50 #1239 INFO] Producing 3(loss_types) x 58(fsauid) x 6(GenOcc) x 7(GenType) loss curves
[2020-10-16 18:36:01 #1239 INFO] post_ebrisk   1% [89 submitted, 2347 queued]
[2020-10-16 18:36:02 #1239 INFO] post_ebrisk   2% [113 submitted, 2323 queued]
[2020-10-16 18:36:12 #1239 INFO] post_ebrisk   3% [138 submitted, 2298 queued]
[2020-10-16 18:36:12 #1239 INFO] post_ebrisk   4% [162 submitted, 2274 queued]
[2020-10-16 18:36:12 #1239 INFO] post_ebrisk   5% [186 submitted, 2250 queued]
[2020-10-16 18:36:22 #1239 INFO] post_ebrisk   6% [211 submitted, 2225 queued]
[2020-10-16 18:36:23 #1239 INFO] post_ebrisk   7% [235 submitted, 2201 queued]
[2020-10-16 18:36:23 #1239 INFO] post_ebrisk   8% [259 submitted, 2177 queued]
[2020-10-16 18:36:33 #1239 INFO] post_ebrisk   9% [284 submitted, 2152 queued]
[2020-10-16 18:36:33 #1239 INFO] post_ebrisk  10% [308 submitted, 2128 queued]
[2020-10-16 18:36:43 #1239 INFO] post_ebrisk  11% [332 submitted, 2104 queued]
[2020-10-16 18:36:43 #1239 INFO] post_ebrisk  12% [357 submitted, 2079 queued]
[2020-10-16 18:36:44 #1239 INFO] post_ebrisk  13% [381 submitted, 2055 queued]
[2020-10-16 18:36:54 #1239 INFO] post_ebrisk  14% [406 submitted, 2030 queued]
[2020-10-16 18:36:54 #1239 INFO] post_ebrisk  15% [430 submitted, 2006 queued]
[2020-10-16 18:36:54 #1239 INFO] post_ebrisk  16% [454 submitted, 1982 queued]
[2020-10-16 18:37:04 #1239 INFO] post_ebrisk  17% [479 submitted, 1957 queued]
[2020-10-16 18:37:05 #1239 INFO] post_ebrisk  18% [503 submitted, 1933 queued]
[2020-10-16 18:37:15 #1239 INFO] post_ebrisk  19% [527 submitted, 1909 queued]
[2020-10-16 18:37:15 #1239 INFO] post_ebrisk  20% [552 submitted, 1884 queued]
[2020-10-16 18:37:15 #1239 INFO] post_ebrisk  21% [576 submitted, 1860 queued]
[2020-10-16 18:37:25 #1239 INFO] post_ebrisk  22% [600 submitted, 1836 queued]
[2020-10-16 18:37:25 #1239 INFO] post_ebrisk  23% [625 submitted, 1811 queued]
[2020-10-16 18:37:26 #1239 INFO] post_ebrisk  24% [649 submitted, 1787 queued]
[2020-10-16 18:37:35 #1239 INFO] post_ebrisk  25% [673 submitted, 1763 queued]
[2020-10-16 18:37:36 #1239 INFO] post_ebrisk  26% [698 submitted, 1738 queued]
[2020-10-16 18:37:46 #1239 INFO] post_ebrisk  27% [722 submitted, 1714 queued]
[2020-10-16 18:37:46 #1239 INFO] post_ebrisk  28% [747 submitted, 1689 queued]
[2020-10-16 18:37:46 #1239 INFO] post_ebrisk  29% [771 submitted, 1665 queued]
[2020-10-16 18:37:56 #1239 INFO] post_ebrisk  30% [795 submitted, 1641 queued]
[2020-10-16 18:37:56 #1239 INFO] post_ebrisk  31% [820 submitted, 1616 queued]
[2020-10-16 18:37:57 #1239 INFO] post_ebrisk  32% [844 submitted, 1592 queued]
[2020-10-16 18:38:07 #1239 INFO] post_ebrisk  33% [868 submitted, 1568 queued]
[2020-10-16 18:38:07 #1239 INFO] post_ebrisk  34% [893 submitted, 1543 queued]
[2020-10-16 18:38:17 #1239 INFO] post_ebrisk  35% [917 submitted, 1519 queued]
[2020-10-16 18:38:17 #1239 INFO] post_ebrisk  36% [941 submitted, 1495 queued]
[2020-10-16 18:38:18 #1239 INFO] post_ebrisk  37% [966 submitted, 1470 queued]
[2020-10-16 18:38:28 #1239 INFO] post_ebrisk  38% [990 submitted, 1446 queued]
[2020-10-16 18:38:28 #1239 INFO] post_ebrisk  39% [1015 submitted, 1421 queued]
[2020-10-16 18:38:29 #1239 INFO] post_ebrisk  40% [1039 submitted, 1397 queued]
[2020-10-16 18:38:38 #1239 INFO] post_ebrisk  41% [1063 submitted, 1373 queued]
[2020-10-16 18:38:39 #1239 INFO] post_ebrisk  42% [1088 submitted, 1348 queued]
[2020-10-16 18:38:44 #1239 INFO] post_ebrisk  43% [1112 submitted, 1324 queued]
[2020-10-16 18:38:49 #1239 INFO] post_ebrisk  44% [1136 submitted, 1300 queued]
[2020-10-16 18:38:49 #1239 INFO] post_ebrisk  45% [1161 submitted, 1275 queued]
[2020-10-16 18:38:59 #1239 INFO] post_ebrisk  46% [1185 submitted, 1251 queued]
[2020-10-16 18:38:59 #1239 INFO] post_ebrisk  47% [1209 submitted, 1227 queued]
[2020-10-16 18:39:00 #1239 INFO] post_ebrisk  48% [1234 submitted, 1202 queued]
[2020-10-16 18:39:10 #1239 INFO] post_ebrisk  49% [1258 submitted, 1178 queued]
[2020-10-16 18:39:10 #1239 INFO] post_ebrisk  50% [1282 submitted, 1154 queued]
[2020-10-16 18:39:11 #1239 INFO] post_ebrisk  51% [1307 submitted, 1129 queued]
[2020-10-16 18:39:21 #1239 INFO] post_ebrisk  52% [1331 submitted, 1105 queued]
[2020-10-16 18:39:21 #1239 INFO] post_ebrisk  53% [1356 submitted, 1080 queued]
[2020-10-16 18:39:31 #1239 INFO] post_ebrisk  54% [1380 submitted, 1056 queued]
[2020-10-16 18:39:32 #1239 INFO] post_ebrisk  55% [1404 submitted, 1032 queued]
[2020-10-16 18:39:32 #1239 INFO] post_ebrisk  56% [1429 submitted, 1007 queued]
[2020-10-16 18:39:42 #1239 INFO] post_ebrisk  57% [1453 submitted, 983 queued]
[2020-10-16 18:39:42 #1239 INFO] post_ebrisk  58% [1477 submitted, 959 queued]
[2020-10-16 18:39:43 #1239 INFO] post_ebrisk  59% [1502 submitted, 934 queued]
[2020-10-16 18:39:52 #1239 INFO] post_ebrisk  60% [1526 submitted, 910 queued]
[2020-10-16 18:39:53 #1239 INFO] post_ebrisk  61% [1550 submitted, 886 queued]
[2020-10-16 18:40:03 #1239 INFO] post_ebrisk  62% [1575 submitted, 861 queued]
[2020-10-16 18:40:03 #1239 INFO] post_ebrisk  63% [1599 submitted, 837 queued]
[2020-10-16 18:40:03 #1239 INFO] post_ebrisk  64% [1624 submitted, 812 queued]
[2020-10-16 18:40:13 #1239 INFO] post_ebrisk  65% [1648 submitted, 788 queued]
[2020-10-16 18:40:13 #1239 INFO] post_ebrisk  66% [1672 submitted, 764 queued]
[2020-10-16 18:40:14 #1239 INFO] post_ebrisk  67% [1697 submitted, 739 queued]
[2020-10-16 18:40:24 #1239 INFO] post_ebrisk  68% [1721 submitted, 715 queued]
[2020-10-16 18:40:24 #1239 INFO] post_ebrisk  69% [1745 submitted, 691 queued]
[2020-10-16 18:40:34 #1239 INFO] post_ebrisk  70% [1770 submitted, 666 queued]
[2020-10-16 18:40:35 #1239 INFO] post_ebrisk  71% [1794 submitted, 642 queued]
[2020-10-16 18:40:35 #1239 INFO] post_ebrisk  72% [1818 submitted, 618 queued]
[2020-10-16 18:40:45 #1239 INFO] post_ebrisk  73% [1843 submitted, 593 queued]
[2020-10-16 18:40:45 #1239 INFO] post_ebrisk  74% [1867 submitted, 569 queued]
[2020-10-16 18:40:46 #1239 INFO] post_ebrisk  75% [1891 submitted, 545 queued]
[2020-10-16 18:40:56 #1239 INFO] post_ebrisk  76% [1916 submitted, 520 queued]
[2020-10-16 18:40:56 #1239 INFO] post_ebrisk  77% [1940 submitted, 496 queued]
[2020-10-16 18:41:06 #1239 INFO] post_ebrisk  78% [1965 submitted, 471 queued]
[2020-10-16 18:41:06 #1239 INFO] post_ebrisk  79% [1989 submitted, 447 queued]
[2020-10-16 18:41:07 #1239 INFO] post_ebrisk  80% [2013 submitted, 423 queued]
[2020-10-16 18:41:17 #1239 INFO] post_ebrisk  81% [2038 submitted, 398 queued]
[2020-10-16 18:41:17 #1239 INFO] post_ebrisk  82% [2062 submitted, 374 queued]
[2020-10-16 18:41:17 #1239 INFO] post_ebrisk  83% [2086 submitted, 350 queued]
[2020-10-16 18:41:27 #1239 INFO] post_ebrisk  84% [2111 submitted, 325 queued]
[2020-10-16 18:41:28 #1239 INFO] post_ebrisk  85% [2135 submitted, 301 queued]
[2020-10-16 18:41:32 #1239 INFO] post_ebrisk  86% [2159 submitted, 277 queued]
[2020-10-16 18:41:38 #1239 INFO] post_ebrisk  87% [2184 submitted, 252 queued]
[2020-10-16 18:41:38 #1239 INFO] post_ebrisk  88% [2208 submitted, 228 queued]
[2020-10-16 18:41:48 #1239 INFO] post_ebrisk  89% [2233 submitted, 203 queued]
[2020-10-16 18:41:49 #1239 INFO] post_ebrisk  90% [2257 submitted, 179 queued]
[2020-10-16 18:41:49 #1239 INFO] post_ebrisk  91% [2281 submitted, 155 queued]
[2020-10-16 18:41:59 #1239 INFO] post_ebrisk  92% [2306 submitted, 130 queued]
[2020-10-16 18:41:59 #1239 INFO] post_ebrisk  93% [2330 submitted, 106 queued]
[2020-10-16 18:42:00 #1239 INFO] post_ebrisk  94% [2354 submitted, 82 queued]
[2020-10-16 18:42:10 #1239 INFO] post_ebrisk  95% [2379 submitted, 57 queued]
[2020-10-16 18:42:10 #1239 INFO] post_ebrisk  96% [2403 submitted, 33 queued]
[2020-10-16 18:42:20 #1239 INFO] post_ebrisk  97% [2427 submitted, 9 queued]
[2020-10-16 18:42:20 #1239 INFO] post_ebrisk  98% [2436 submitted, 0 queued]
[2020-10-16 18:42:21 #1239 INFO] post_ebrisk  99% [2436 submitted, 0 queued]
[2020-10-16 18:42:24 #1239 INFO] post_ebrisk 100% [2436 submitted, 0 queued]
[2020-10-16 18:42:24 #1239 INFO] Received {'tot': '45.65 MB'} in 393 seconds
[2020-10-16 18:42:25 #1239 INFO] Mean portfolio loss
=============== ================= ===============
contents        nonstructural     structural     
=============== ================= ===============
202_485_104_640 1_142_710_075_392 749_005_832_192
=============== ================= ===============
[2020-10-16 18:42:25 #1239 INFO] Sanity check on agg_losses/tot_losses
[2020-10-16 18:42:25 #1239 INFO] Exposing the outputs to the database
[2020-10-16 18:42:25 #1239 INFO] Stored 948.6 MB on /mnt/data/murray.journeay/oqdata/calc_1239.hdf5 in 2187 seconds
  id | name
6101 | Aggregate Event Losses
6093 | Aggregate Loss Curves
6094 | Aggregate Loss Curves Statistics
6095 | Aggregate Losses
6096 | Aggregate Losses Statistics
6097 | Average Asset Losses Statistics
6103 | Earthquake Ruptures
6098 | Events
6099 | Full Report
6100 | Input Files
 ... | 6 additional output(s)
Some outputs were not shown. You can see the full list with the command
`oq engine --list-outputs 1239`
