/home/ssm-user/src/oq-engine/openquake/hazardlib/gsim/base.py:347: ExperimentalWarning: CanadaSHM6_ActiveCrust_BooreEtAl2014 is experimental and may change in future versions - the user is liable for their application
  warnings.warn(msg, ExperimentalWarning)
/home/ssm-user/src/oq-engine/openquake/hazardlib/gsim/base.py:347: ExperimentalWarning: CanadaSHM6_ActiveCrust_AbrahamsonEtAl2014 is experimental and may change in future versions - the user is liable for their application
  warnings.warn(msg, ExperimentalWarning)
/home/ssm-user/src/oq-engine/openquake/hazardlib/gsim/base.py:347: ExperimentalWarning: CanadaSHM6_ActiveCrust_BooreEtAl2014 is experimental and may change in future versions - the user is liable for their application
  warnings.warn(msg, ExperimentalWarning)
/home/ssm-user/src/oq-engine/openquake/hazardlib/gsim/base.py:347: ExperimentalWarning: CanadaSHM6_ActiveCrust_CampbellBozorgnia2014 is experimental and may change in future versions - the user is liable for their application
  warnings.warn(msg, ExperimentalWarning)
/home/ssm-user/src/oq-engine/openquake/hazardlib/gsim/base.py:347: ExperimentalWarning: CanadaSHM6_ActiveCrust_ChiouYoungs2014 is experimental and may change in future versions - the user is liable for their application
  warnings.warn(msg, ExperimentalWarning)
[2021-12-12 20:19:59 #247 INFO] root running /mnt/storage/canada-srm2/ebRisk/input/ebRisk_b0_QC_J_Gatineau.ini [--hc=None]
[2021-12-12 20:19:59 #247 INFO] Using engine version 3.11.3-git0cccb86798
[2021-12-12 20:19:59 #247 WARNING] Version v3.12.1 of the engine is available, but you are still using version 3.11.3-git0cccb86798
[2021-12-12 20:19:59 #247 WARNING] Using 96 cores on ip-10-70-136-20
[2021-12-12 20:19:59 #247 INFO] Validated nationalModel.xml in 0.01 seconds
[2021-12-12 20:19:59 #247 INFO] Checksum of the input files: 514598877
[2021-12-12 20:19:59 #247 INFO] Reading the risk model if present
[2021-12-12 20:20:22 #247 INFO] Reading /mnt/storage/openquake-inputs/exposure/general-building-stock/oqBldgExp_QC_J_Gatineau.xml
[2021-12-12 20:20:25 #247 INFO] Extracting the hazard sites from the site model
[2021-12-12 20:20:28 #247 INFO] Associated 22628 assets to 3730 sites
[2021-12-12 20:20:31 #247 INFO] Reducing risk model from 7260 to 471 taxonomies
[2021-12-12 20:20:32 #247 INFO] minimum_asset_loss={'contents': 0, 'nonstructural': 0, 'occupants': 0, 'structural': 0}
[2021-12-12 20:20:32 #247 INFO] Storing 735 aggregation keys
[2021-12-12 20:20:32 #247 INFO] Considering 200 logic tree paths out of 24_576
[2021-12-12 20:20:32 #247 INFO] Reading the source model(s) in parallel
[2021-12-12 20:20:36 #247 INFO] read_source_model  16% [6 submitted, 0 queued]
[2021-12-12 20:20:36 #247 INFO] read_source_model  33% [6 submitted, 0 queued]
[2021-12-12 20:20:36 #247 INFO] read_source_model  50% [6 submitted, 0 queued]
[2021-12-12 20:20:36 #247 INFO] read_source_model  66% [6 submitted, 0 queued]
[2021-12-12 20:20:36 #247 INFO] read_source_model  83% [6 submitted, 0 queued]
[2021-12-12 20:20:36 #247 INFO] read_source_model 100% [6 submitted, 0 queued]
[2021-12-12 20:20:36 #247 INFO] Mean time per core=0s, std=0.0s, min=0s, max=0s
[2021-12-12 20:20:36 #247 INFO] Received {'/mnt/storage/CanadaSHM6/OpenQuake_model_files/sources/nationalModel/xml/simplifiedModel/WCan_HYeast_Harctic_simplified_collapsedRates.xml': '157.72 KB', '/mnt/storage/CanadaSHM6/OpenQuake_model_files/sources/nationalModel/xml/simplifiedModel/WCan_H2east_Harctic_simplified_collapsedRates.xml': '152.1 KB', '/mnt/storage/CanadaSHM6/OpenQuake_model_files/sources/nationalModel/xml/simplifiedModel/WCan_HYeast_Rarctic_simplified_collapsedRates.xml': '151.35 KB', '/mnt/storage/CanadaSHM6/OpenQuake_model_files/sources/nationalModel/xml/simplifiedModel/WCan_H2east_Rarctic_simplified_collapsedRates.xml': '145.73 KB', '/mnt/storage/CanadaSHM6/OpenQuake_model_files/sources/nationalModel/xml/simplifiedModel/WCan_R2east_Harctic_simplified_collapsedRates.xml': '137.01 KB', '/mnt/storage/CanadaSHM6/OpenQuake_model_files/sources/nationalModel/xml/simplifiedModel/WCan_R2east_Rarctic_simplified_collapsedRates.xml': '130.86 KB'} in 1 seconds
/home/ssm-user/src/oq-engine/openquake/hazardlib/gsim/base.py:347: ExperimentalWarning: CanadaSHM6_ActiveCrust_BooreEtAl2014 is experimental and may change in future versions - the user is liable for their application
  warnings.warn(msg, ExperimentalWarning)
/home/ssm-user/src/oq-engine/openquake/hazardlib/gsim/base.py:347: ExperimentalWarning: CanadaSHM6_ActiveCrust_BooreEtAl2014 is experimental and may change in future versions - the user is liable for their application
  warnings.warn(msg, ExperimentalWarning)
/home/ssm-user/src/oq-engine/openquake/hazardlib/gsim/base.py:347: ExperimentalWarning: CanadaSHM6_ActiveCrust_BooreEtAl2014 is experimental and may change in future versions - the user is liable for their application
  warnings.warn(msg, ExperimentalWarning)
/home/ssm-user/src/oq-engine/openquake/hazardlib/gsim/base.py:347: ExperimentalWarning: CanadaSHM6_ActiveCrust_BooreEtAl2014 is experimental and may change in future versions - the user is liable for their application
  warnings.warn(msg, ExperimentalWarning)
/home/ssm-user/src/oq-engine/openquake/hazardlib/gsim/base.py:347: ExperimentalWarning: CanadaSHM6_ActiveCrust_BooreEtAl2014 is experimental and may change in future versions - the user is liable for their application
  warnings.warn(msg, ExperimentalWarning)
/home/ssm-user/src/oq-engine/openquake/hazardlib/gsim/base.py:347: ExperimentalWarning: CanadaSHM6_ActiveCrust_BooreEtAl2014 is experimental and may change in future versions - the user is liable for their application
  warnings.warn(msg, ExperimentalWarning)
[2021-12-12 20:20:36 #247 INFO] There are multiple different sources with the same ID [<AreaSource SCCYA;0>, <AreaSource SCCYA;1>]
[2021-12-12 20:20:36 #247 INFO] There are 13 groups and 198 sources with len(et_ids)=3.87
[2021-12-12 20:20:36 #247 INFO] Checking the sources bounding box
[2021-12-12 20:20:36 #247 ERROR] source ACM: The buffer of 600 km is too large, the bounding box is larger than half the globe: 219 degrees
[2021-12-12 20:20:36 #247 INFO] Rupture floating factor = 1.6303030303030304
[2021-12-12 20:20:36 #247 INFO] Rupture spinning factor = 3.2181818181818183
[2021-12-12 20:20:36 #247 INFO] gzipping the input files
[2021-12-12 20:20:41 #247 INFO] Storing risk model
[2021-12-12 20:20:41 #247 INFO] minimum_intensity={'default': 0.05, 'SA(0.3)': 0.02, 'SA(0.6)': 0.05, 'SA(1.0)': 0.05, 'SA(2.0)': 0.05}
[2021-12-12 20:20:41 #247 INFO] Building ruptures
[2021-12-12 20:22:19 #247 INFO] Sending <SourceGroup Subduction IntraSlab30, 1 source(s)>
[2021-12-12 20:22:19 #247 INFO] Sending <SourceGroup Subduction IntraSlab55, 4 source(s)>
[2021-12-12 20:22:19 #247 INFO] Sending <SourceGroup Subduction Interface, 14 source(s)>
[2021-12-12 20:22:19 #247 INFO] Sending <SourceGroup Stable Shallow Crust, 29 source(s)>
[2021-12-12 20:22:20 #247 INFO] Sending <SourceGroup Stable Shallow Crust, 4 source(s)>
[2021-12-12 20:22:20 #247 INFO] Sending <SourceGroup Stable Shallow Crust, 6 source(s)>
[2021-12-12 20:22:20 #247 INFO] Sending <SourceGroup Stable Shallow Crust, 18 source(s)>
[2021-12-12 20:22:20 #247 INFO] Sending <SourceGroup Stable Shallow Crust, 10 source(s)>
[2021-12-12 20:22:20 #247 INFO] Sending <SourceGroup Stable Shallow Crust, 38 source(s)>
[2021-12-12 20:22:20 #247 INFO] Sending <SourceGroup Stable Shallow Crust, 14 source(s)>
[2021-12-12 20:22:20 #247 INFO] Sending <SourceGroup Active Shallow Crust, 1 source(s)>
[2021-12-12 20:22:20 #247 INFO] Sending <SourceGroup Active Shallow Crust, 58 source(s)>
[2021-12-12 20:22:20 #247 INFO] Sending <SourceGroup Active Shallow Crust, 1 source(s)>
[2021-12-12 20:22:22 #247 INFO] Sent 96 tasks, 80.9 MB in 0 seconds
[2021-12-12 20:22:23 #247 INFO] sample_ruptures   1% [98 submitted, 5 queued]
[2021-12-12 20:22:23 #247 INFO] sample_ruptures   2% [99 submitted, 4 queued]
[2021-12-12 20:22:23 #247 INFO] sample_ruptures   3% [100 submitted, 3 queued]
[2021-12-12 20:22:23 #247 INFO] sample_ruptures   4% [101 submitted, 2 queued]
[2021-12-12 20:22:23 #247 INFO] sample_ruptures   5% [102 submitted, 1 queued]
[2021-12-12 20:22:23 #247 INFO] sample_ruptures   6% [103 submitted, 0 queued]
[2021-12-12 20:22:23 #247 INFO] sample_ruptures   7% [103 submitted, 0 queued]
[2021-12-12 20:22:23 #247 INFO] sample_ruptures   8% [103 submitted, 0 queued]
[2021-12-12 20:22:23 #247 INFO] sample_ruptures   9% [103 submitted, 0 queued]
[2021-12-12 20:22:23 #247 INFO] sample_ruptures  10% [103 submitted, 0 queued]
[2021-12-12 20:22:23 #247 INFO] sample_ruptures  11% [103 submitted, 0 queued]
[2021-12-12 20:22:24 #247 INFO] sample_ruptures  12% [103 submitted, 0 queued]
[2021-12-12 20:22:24 #247 INFO] sample_ruptures  13% [103 submitted, 0 queued]
[2021-12-12 20:22:24 #247 INFO] sample_ruptures  14% [103 submitted, 0 queued]
[2021-12-12 20:22:24 #247 INFO] sample_ruptures  15% [103 submitted, 0 queued]
[2021-12-12 20:22:24 #247 INFO] sample_ruptures  16% [103 submitted, 0 queued]
[2021-12-12 20:22:24 #247 INFO] sample_ruptures  17% [103 submitted, 0 queued]
[2021-12-12 20:22:24 #247 INFO] sample_ruptures  18% [103 submitted, 0 queued]
[2021-12-12 20:22:24 #247 INFO] sample_ruptures  19% [103 submitted, 0 queued]
[2021-12-12 20:22:24 #247 INFO] sample_ruptures  20% [103 submitted, 0 queued]
[2021-12-12 20:22:24 #247 INFO] sample_ruptures  21% [103 submitted, 0 queued]
[2021-12-12 20:22:24 #247 INFO] sample_ruptures  22% [103 submitted, 0 queued]
[2021-12-12 20:22:24 #247 INFO] sample_ruptures  23% [103 submitted, 0 queued]
[2021-12-12 20:22:24 #247 INFO] sample_ruptures  24% [103 submitted, 0 queued]
[2021-12-12 20:22:24 #247 INFO] sample_ruptures  25% [103 submitted, 0 queued]
[2021-12-12 20:22:24 #247 INFO] sample_ruptures  26% [103 submitted, 0 queued]
[2021-12-12 20:22:24 #247 INFO] sample_ruptures  27% [103 submitted, 0 queued]
[2021-12-12 20:22:24 #247 INFO] sample_ruptures  28% [103 submitted, 0 queued]
[2021-12-12 20:22:24 #247 INFO] sample_ruptures  29% [103 submitted, 0 queued]
[2021-12-12 20:22:24 #247 INFO] sample_ruptures  30% [103 submitted, 0 queued]
[2021-12-12 20:22:24 #247 INFO] sample_ruptures  31% [103 submitted, 0 queued]
[2021-12-12 20:22:24 #247 INFO] sample_ruptures  32% [103 submitted, 0 queued]
[2021-12-12 20:22:24 #247 INFO] sample_ruptures  33% [103 submitted, 0 queued]
[2021-12-12 20:22:24 #247 INFO] sample_ruptures  34% [103 submitted, 0 queued]
[2021-12-12 20:22:25 #247 INFO] sample_ruptures  35% [103 submitted, 0 queued]
[2021-12-12 20:22:25 #247 INFO] sample_ruptures  36% [103 submitted, 0 queued]
[2021-12-12 20:22:25 #247 INFO] sample_ruptures  37% [103 submitted, 0 queued]
[2021-12-12 20:22:25 #247 INFO] sample_ruptures  38% [103 submitted, 0 queued]
[2021-12-12 20:22:25 #247 INFO] sample_ruptures  39% [103 submitted, 0 queued]
[2021-12-12 20:22:25 #247 INFO] sample_ruptures  40% [103 submitted, 0 queued]
[2021-12-12 20:22:25 #247 INFO] sample_ruptures  41% [103 submitted, 0 queued]
[2021-12-12 20:22:25 #247 INFO] sample_ruptures  42% [103 submitted, 0 queued]
[2021-12-12 20:22:25 #247 INFO] sample_ruptures  43% [103 submitted, 0 queued]
[2021-12-12 20:22:25 #247 INFO] sample_ruptures  44% [103 submitted, 0 queued]
[2021-12-12 20:22:25 #247 INFO] sample_ruptures  45% [103 submitted, 0 queued]
[2021-12-12 20:22:25 #247 INFO] sample_ruptures  46% [103 submitted, 0 queued]
[2021-12-12 20:22:25 #247 INFO] sample_ruptures  47% [103 submitted, 0 queued]
[2021-12-12 20:22:25 #247 INFO] sample_ruptures  48% [103 submitted, 0 queued]
[2021-12-12 20:22:25 #247 INFO] sample_ruptures  49% [103 submitted, 0 queued]
[2021-12-12 20:22:25 #247 INFO] sample_ruptures  50% [103 submitted, 0 queued]
[2021-12-12 20:22:25 #247 INFO] sample_ruptures  51% [103 submitted, 0 queued]
[2021-12-12 20:22:25 #247 INFO] sample_ruptures  52% [103 submitted, 0 queued]
[2021-12-12 20:22:25 #247 INFO] sample_ruptures  53% [103 submitted, 0 queued]
[2021-12-12 20:22:25 #247 INFO] sample_ruptures  54% [103 submitted, 0 queued]
[2021-12-12 20:22:25 #247 INFO] sample_ruptures  55% [103 submitted, 0 queued]
[2021-12-12 20:22:25 #247 INFO] sample_ruptures  56% [103 submitted, 0 queued]
[2021-12-12 20:22:25 #247 INFO] sample_ruptures  57% [103 submitted, 0 queued]
[2021-12-12 20:22:25 #247 INFO] sample_ruptures  58% [103 submitted, 0 queued]
[2021-12-12 20:22:25 #247 INFO] sample_ruptures  59% [103 submitted, 0 queued]
[2021-12-12 20:22:25 #247 INFO] sample_ruptures  60% [103 submitted, 0 queued]
[2021-12-12 20:22:25 #247 INFO] sample_ruptures  61% [103 submitted, 0 queued]
[2021-12-12 20:22:25 #247 INFO] sample_ruptures  62% [103 submitted, 0 queued]
[2021-12-12 20:22:25 #247 INFO] sample_ruptures  63% [103 submitted, 0 queued]
[2021-12-12 20:22:25 #247 INFO] sample_ruptures  64% [103 submitted, 0 queued]
[2021-12-12 20:22:25 #247 INFO] sample_ruptures  65% [103 submitted, 0 queued]
[2021-12-12 20:22:25 #247 INFO] sample_ruptures  66% [103 submitted, 0 queued]
[2021-12-12 20:22:25 #247 INFO] sample_ruptures  67% [103 submitted, 0 queued]
[2021-12-12 20:22:42 #247 INFO] sample_ruptures  68% [103 submitted, 0 queued]
[2021-12-12 20:22:45 #247 INFO] sample_ruptures  69% [103 submitted, 0 queued]
[2021-12-12 20:22:46 #247 INFO] sample_ruptures  70% [103 submitted, 0 queued]
[2021-12-12 20:22:48 #247 INFO] sample_ruptures  71% [103 submitted, 0 queued]
[2021-12-12 20:22:48 #247 INFO] sample_ruptures  72% [103 submitted, 0 queued]
[2021-12-12 20:22:49 #247 INFO] sample_ruptures  73% [103 submitted, 0 queued]
[2021-12-12 20:22:52 #247 INFO] sample_ruptures  74% [103 submitted, 0 queued]
[2021-12-12 20:22:52 #247 INFO] sample_ruptures  75% [103 submitted, 0 queued]
[2021-12-12 20:22:54 #247 INFO] sample_ruptures  76% [103 submitted, 0 queued]
[2021-12-12 20:22:57 #247 INFO] sample_ruptures  77% [103 submitted, 0 queued]
[2021-12-12 20:22:57 #247 INFO] sample_ruptures  78% [103 submitted, 0 queued]
[2021-12-12 20:22:59 #247 INFO] sample_ruptures  79% [103 submitted, 0 queued]
[2021-12-12 20:23:02 #247 INFO] sample_ruptures  80% [103 submitted, 0 queued]
[2021-12-12 20:23:04 #247 INFO] sample_ruptures  81% [103 submitted, 0 queued]
[2021-12-12 20:23:05 #247 INFO] sample_ruptures  82% [103 submitted, 0 queued]
[2021-12-12 20:23:06 #247 INFO] sample_ruptures  83% [103 submitted, 0 queued]
[2021-12-12 20:23:08 #247 INFO] sample_ruptures  84% [103 submitted, 0 queued]
[2021-12-12 20:23:08 #247 INFO] sample_ruptures  85% [103 submitted, 0 queued]
[2021-12-12 20:23:11 #247 INFO] sample_ruptures  86% [103 submitted, 0 queued]
[2021-12-12 20:23:15 #247 INFO] sample_ruptures  87% [103 submitted, 0 queued]
[2021-12-12 20:23:28 #247 INFO] sample_ruptures  88% [103 submitted, 0 queued]
[2021-12-12 20:23:40 #247 INFO] sample_ruptures  89% [103 submitted, 0 queued]
[2021-12-12 20:23:57 #247 INFO] sample_ruptures  90% [103 submitted, 0 queued]
[2021-12-12 20:24:17 #247 INFO] sample_ruptures  91% [103 submitted, 0 queued]
[2021-12-12 20:24:20 #247 INFO] sample_ruptures  92% [103 submitted, 0 queued]
[2021-12-12 20:24:20 #247 INFO] sample_ruptures  93% [103 submitted, 0 queued]
[2021-12-12 20:24:23 #247 INFO] sample_ruptures  94% [103 submitted, 0 queued]
[2021-12-12 20:24:24 #247 INFO] sample_ruptures  95% [103 submitted, 0 queued]
[2021-12-12 20:24:26 #247 INFO] sample_ruptures  96% [103 submitted, 0 queued]
[2021-12-12 20:24:30 #247 INFO] sample_ruptures  97% [103 submitted, 0 queued]
[2021-12-12 20:24:37 #247 INFO] sample_ruptures  98% [103 submitted, 0 queued]
[2021-12-12 20:25:09 #247 INFO] sample_ruptures  99% [103 submitted, 0 queued]
[2021-12-12 20:26:43 #247 INFO] sample_ruptures 100% [103 submitted, 0 queued]
[2021-12-12 20:26:43 #247 INFO] Mean time per core=24s, std=45.6s, min=0s, max=259s
[2021-12-12 20:26:43 #247 INFO] Received {'rup_array': '177.58 MB', 'calc_times': '23.01 KB', 'eff_ruptures': '4.33 KB'} in 260 seconds
[2021-12-12 20:26:43 #247 INFO] There are 200 realization(s)
[2021-12-12 20:26:43 #247 INFO] Reordering the ruptures and storing the events
[2021-12-12 20:26:44 #247 INFO] Associating event_id -> rlz_id for 2_361_437 events and 853_699 ruptures
[2021-12-12 20:27:12 #247 INFO] Sent 194 tasks, 91.37 MB in 26 seconds
[2021-12-12 20:27:17 #247 INFO] Mean time per core=5s, std=1.7s, min=1s, max=9s
[2021-12-12 20:27:17 #247 INFO] Received {'tot': '22.57 MB'} in 5 seconds
[2021-12-12 20:27:30 #247 INFO] minimum_intensity={'SA(0.3)': 0.02, 'SA(0.6)': 0.05, 'SA(1.0)': 0.05, 'SA(2.0)': 0.05, 'SA(0.5)': 0.05}
[2021-12-12 20:27:30 #247 INFO] Sending 853_699 ruptures
[2021-12-12 20:28:11 #247 INFO] Sent 194 tasks, 241.86 MB in 37 seconds
[2021-12-12 21:14:35 #247 INFO] start_ebrisk   1% [194 submitted, 0 queued]
[2021-12-12 21:17:05 #247 INFO] start_ebrisk   2% [194 submitted, 0 queued]
[2021-12-12 21:21:22 #247 INFO] start_ebrisk   3% [194 submitted, 0 queued]
[2021-12-12 21:37:49 #247 INFO] start_ebrisk   4% [194 submitted, 0 queued]
[2021-12-12 21:45:00 #247 INFO] start_ebrisk   5% [194 submitted, 0 queued]
[2021-12-12 21:48:28 #247 INFO] start_ebrisk   6% [194 submitted, 0 queued]
[2021-12-12 21:50:26 #247 INFO] start_ebrisk   7% [194 submitted, 0 queued]
[2021-12-12 21:50:51 #247 INFO] start_ebrisk   8% [194 submitted, 0 queued]
[2021-12-12 22:00:22 #247 INFO] start_ebrisk   9% [194 submitted, 0 queued]
[2021-12-12 22:03:21 #247 INFO] start_ebrisk  10% [194 submitted, 0 queued]
[2021-12-12 22:05:30 #247 INFO] start_ebrisk  11% [194 submitted, 0 queued]
[2021-12-12 22:06:13 #247 INFO] start_ebrisk  12% [194 submitted, 0 queued]
[2021-12-12 22:06:27 #247 INFO] start_ebrisk  13% [194 submitted, 0 queued]
[2021-12-12 22:07:03 #247 INFO] start_ebrisk  14% [194 submitted, 0 queued]
[2021-12-12 22:07:23 #247 INFO] start_ebrisk  15% [194 submitted, 0 queued]
[2021-12-12 22:07:30 #247 INFO] start_ebrisk  16% [194 submitted, 0 queued]
[2021-12-12 22:07:54 #247 INFO] start_ebrisk  17% [194 submitted, 0 queued]
[2021-12-12 22:08:02 #247 INFO] start_ebrisk  18% [194 submitted, 0 queued]
[2021-12-12 22:08:14 #247 INFO] start_ebrisk  19% [194 submitted, 0 queued]
[2021-12-12 22:08:44 #247 INFO] start_ebrisk  20% [194 submitted, 0 queued]
[2021-12-12 22:09:26 #247 INFO] start_ebrisk  21% [194 submitted, 0 queued]
[2021-12-12 22:10:03 #247 INFO] start_ebrisk  22% [194 submitted, 0 queued]
[2021-12-12 22:10:15 #247 INFO] start_ebrisk  23% [194 submitted, 0 queued]
[2021-12-12 22:10:46 #247 INFO] start_ebrisk  24% [194 submitted, 0 queued]
[2021-12-12 22:10:51 #247 INFO] start_ebrisk  25% [194 submitted, 0 queued]
[2021-12-12 22:11:29 #247 INFO] start_ebrisk  26% [194 submitted, 0 queued]
[2021-12-12 22:11:31 #247 INFO] start_ebrisk  27% [194 submitted, 0 queued]
[2021-12-12 22:11:44 #247 INFO] start_ebrisk  28% [194 submitted, 0 queued]
[2021-12-12 22:12:25 #247 INFO] start_ebrisk  29% [194 submitted, 0 queued]
[2021-12-12 22:13:46 #247 INFO] start_ebrisk  30% [194 submitted, 0 queued]
[2021-12-12 22:14:51 #247 INFO] start_ebrisk  31% [194 submitted, 0 queued]
[2021-12-12 22:16:00 #247 INFO] start_ebrisk  32% [194 submitted, 0 queued]
[2021-12-12 22:16:11 #247 INFO] start_ebrisk  33% [194 submitted, 0 queued]
[2021-12-12 22:16:27 #247 INFO] start_ebrisk  34% [194 submitted, 0 queued]
[2021-12-12 22:16:52 #247 INFO] start_ebrisk  35% [194 submitted, 0 queued]
[2021-12-12 22:18:08 #247 INFO] start_ebrisk  36% [194 submitted, 0 queued]
[2021-12-12 22:23:44 #247 INFO] start_ebrisk  37% [194 submitted, 0 queued]
[2021-12-12 22:24:23 #247 INFO] start_ebrisk  38% [194 submitted, 0 queued]
[2021-12-12 22:28:08 #247 INFO] start_ebrisk  39% [194 submitted, 0 queued]
[2021-12-12 22:31:19 #247 INFO] start_ebrisk  40% [194 submitted, 0 queued]
[2021-12-12 22:32:08 #247 INFO] start_ebrisk  41% [194 submitted, 0 queued]
[2021-12-12 22:37:05 #247 INFO] start_ebrisk  42% [194 submitted, 0 queued]
[2021-12-12 22:38:17 #247 INFO] start_ebrisk  43% [194 submitted, 0 queued]
[2021-12-12 22:40:31 #247 INFO] start_ebrisk  44% [194 submitted, 0 queued]
[2021-12-12 22:40:55 #247 INFO] start_ebrisk  45% [194 submitted, 0 queued]
[2021-12-12 22:43:31 #247 INFO] start_ebrisk  46% [194 submitted, 0 queued]
[2021-12-12 22:49:56 #247 INFO] start_ebrisk  47% [194 submitted, 0 queued]
[2021-12-12 22:53:47 #247 INFO] start_ebrisk  48% [194 submitted, 0 queued]
[2021-12-12 22:55:05 #247 INFO] start_ebrisk  49% [194 submitted, 0 queued]
[2021-12-12 22:55:35 #247 INFO] start_ebrisk  50% [194 submitted, 0 queued]
[2021-12-12 22:56:28 #247 INFO] start_ebrisk  51% [194 submitted, 0 queued]
[2021-12-12 22:59:53 #247 INFO] start_ebrisk  52% [194 submitted, 0 queued]
[2021-12-12 23:02:27 #247 INFO] start_ebrisk  53% [194 submitted, 0 queued]
[2021-12-12 23:13:52 #247 INFO] start_ebrisk  54% [194 submitted, 0 queued]
[2021-12-12 23:16:32 #247 INFO] start_ebrisk  55% [194 submitted, 0 queued]
[2021-12-12 23:27:22 #247 INFO] start_ebrisk  56% [194 submitted, 0 queued]
[2021-12-12 23:29:52 #247 INFO] start_ebrisk  57% [194 submitted, 0 queued]
[2021-12-12 23:30:12 #247 INFO] start_ebrisk  58% [194 submitted, 0 queued]
[2021-12-12 23:31:32 #247 INFO] start_ebrisk  59% [194 submitted, 0 queued]
[2021-12-12 23:33:17 #247 INFO] start_ebrisk  60% [194 submitted, 0 queued]
[2021-12-12 23:35:08 #247 INFO] start_ebrisk  61% [194 submitted, 0 queued]
[2021-12-12 23:35:42 #247 INFO] start_ebrisk  62% [194 submitted, 0 queued]
[2021-12-12 23:37:04 #247 INFO] start_ebrisk  63% [194 submitted, 0 queued]
[2021-12-12 23:37:58 #247 INFO] start_ebrisk  64% [194 submitted, 0 queued]
[2021-12-12 23:42:59 #247 INFO] start_ebrisk  65% [194 submitted, 0 queued]
[2021-12-12 23:43:06 #247 INFO] start_ebrisk  66% [194 submitted, 0 queued]
[2021-12-12 23:43:23 #247 INFO] start_ebrisk  67% [194 submitted, 0 queued]
[2021-12-12 23:43:44 #247 INFO] start_ebrisk  68% [194 submitted, 0 queued]
[2021-12-12 23:44:50 #247 INFO] start_ebrisk  69% [194 submitted, 0 queued]
[2021-12-12 23:46:01 #247 INFO] start_ebrisk  70% [194 submitted, 0 queued]
[2021-12-12 23:46:31 #247 INFO] start_ebrisk  71% [194 submitted, 0 queued]
[2021-12-12 23:47:01 #247 INFO] start_ebrisk  72% [194 submitted, 0 queued]
[2021-12-12 23:48:23 #247 INFO] start_ebrisk  73% [194 submitted, 0 queued]
[2021-12-12 23:49:05 #247 INFO] start_ebrisk  74% [194 submitted, 0 queued]
[2021-12-12 23:50:00 #247 INFO] start_ebrisk  75% [194 submitted, 0 queued]
[2021-12-12 23:50:37 #247 INFO] start_ebrisk  76% [194 submitted, 0 queued]
[2021-12-12 23:51:24 #247 INFO] start_ebrisk  77% [194 submitted, 0 queued]
[2021-12-12 23:51:33 #247 INFO] start_ebrisk  78% [194 submitted, 0 queued]
[2021-12-12 23:52:23 #247 INFO] start_ebrisk  79% [194 submitted, 0 queued]
[2021-12-12 23:54:14 #247 INFO] start_ebrisk  80% [194 submitted, 0 queued]
[2021-12-12 23:55:07 #247 INFO] start_ebrisk  81% [194 submitted, 0 queued]
[2021-12-12 23:57:45 #247 INFO] start_ebrisk  82% [194 submitted, 0 queued]
[2021-12-12 23:59:03 #247 INFO] start_ebrisk  83% [194 submitted, 0 queued]
[2021-12-12 23:59:32 #247 INFO] start_ebrisk  84% [194 submitted, 0 queued]
[2021-12-13 00:00:46 #247 INFO] start_ebrisk  85% [194 submitted, 0 queued]
[2021-12-13 00:02:55 #247 INFO] start_ebrisk  86% [194 submitted, 0 queued]
[2021-12-13 00:06:13 #247 INFO] start_ebrisk  87% [194 submitted, 0 queued]
[2021-12-13 00:08:15 #247 INFO] start_ebrisk  88% [194 submitted, 0 queued]
[2021-12-13 00:08:36 #247 INFO] start_ebrisk  89% [194 submitted, 0 queued]
[2021-12-13 00:11:24 #247 INFO] start_ebrisk  90% [194 submitted, 0 queued]
[2021-12-13 00:13:05 #247 INFO] start_ebrisk  91% [194 submitted, 0 queued]
[2021-12-13 00:15:09 #247 INFO] start_ebrisk  92% [194 submitted, 0 queued]
[2021-12-13 00:21:15 #247 INFO] start_ebrisk  93% [194 submitted, 0 queued]
[2021-12-13 00:24:49 #247 INFO] start_ebrisk  94% [194 submitted, 0 queued]
[2021-12-13 00:28:44 #247 INFO] start_ebrisk  95% [194 submitted, 0 queued]
[2021-12-13 00:32:40 #247 INFO] start_ebrisk  96% [194 submitted, 0 queued]
[2021-12-13 00:36:59 #247 INFO] start_ebrisk  97% [194 submitted, 0 queued]
[2021-12-13 00:39:49 #247 INFO] start_ebrisk  98% [194 submitted, 0 queued]
[2021-12-13 00:50:05 #247 INFO] start_ebrisk  99% [194 submitted, 0 queued]
[2021-12-13 00:50:53 #247 INFO] start_ebrisk 100% [194 submitted, 0 queued]
[2021-12-13 00:50:53 #247 INFO] Mean time per core=12270s, std=1501.7s, min=8921s, max=15793s
[2021-12-13 00:50:53 #247 INFO] Received {'alt': '3.31 GB', 'losses_by_A': '67.01 MB', 'momenta': '55.23 MB', 'gmf_info': '8.95 MB', 'events_per_sid': '3.98 KB'} in 15761 seconds
[2021-12-13 00:50:53 #247 INFO] Produced 38.64 GB of GMFs
[2021-12-13 00:50:53 #247 INFO] Stored 3.31 GB in the agg_loss_table
[2021-12-13 00:50:53 #247 INFO] Building the src_loss_table
[2021-12-13 00:51:44 #247 INFO] Sending 51.2 MB of losses
[2021-12-13 00:51:45 #247 INFO] Sending 42.34 MB of losses
[2021-12-13 00:51:45 #247 INFO] Sending 49.72 MB of losses
[2021-12-13 00:51:46 #247 INFO] Sending 26.64 MB of losses
[2021-12-13 00:51:46 #247 INFO] Sending 66.87 MB of losses
[2021-12-13 00:51:47 #247 INFO] Sending 42.64 MB of losses
[2021-12-13 00:51:47 #247 INFO] Sending 63.69 MB of losses
[2021-12-13 00:51:48 #247 INFO] Sending 50.6 MB of losses
[2021-12-13 00:51:48 #247 INFO] Sending 48.57 MB of losses
[2021-12-13 00:51:49 #247 INFO] Sending 48.58 MB of losses
[2021-12-13 00:51:49 #247 INFO] Sending 49.68 MB of losses
[2021-12-13 00:51:50 #247 INFO] Sending 57.82 MB of losses
[2021-12-13 00:51:50 #247 INFO] Sending 48.26 MB of losses
[2021-12-13 00:51:51 #247 INFO] Sending 63.81 MB of losses
[2021-12-13 00:51:51 #247 INFO] Sending 47.05 MB of losses
[2021-12-13 00:51:52 #247 INFO] Sending 43.53 MB of losses
[2021-12-13 00:51:52 #247 INFO] Sending 41.79 MB of losses
[2021-12-13 00:51:53 #247 INFO] Sending 24.72 MB of losses
[2021-12-13 00:51:53 #247 INFO] Sending 48.96 MB of losses
[2021-12-13 00:51:54 #247 INFO] Sending 27.17 MB of losses
[2021-12-13 00:51:54 #247 INFO] Sending 52.43 MB of losses
[2021-12-13 00:51:55 #247 INFO] Sending 55.04 MB of losses
[2021-12-13 00:51:55 #247 INFO] Sending 41.41 MB of losses
[2021-12-13 00:51:56 #247 INFO] Sending 53.02 MB of losses
[2021-12-13 00:51:56 #247 INFO] Sending 39.65 MB of losses
[2021-12-13 00:51:57 #247 INFO] Sending 42.13 MB of losses
[2021-12-13 00:51:57 #247 INFO] Sending 53.6 MB of losses
[2021-12-13 00:51:57 #247 INFO] Sending 47.24 MB of losses
[2021-12-13 00:51:58 #247 INFO] Sending 62.83 MB of losses
[2021-12-13 00:51:59 #247 INFO] Sending 71.94 MB of losses
[2021-12-13 00:51:59 #247 INFO] Sending 40.16 MB of losses
[2021-12-13 00:52:00 #247 INFO] Sending 44.53 MB of losses
[2021-12-13 00:52:00 #247 INFO] Sending 42.29 MB of losses
[2021-12-13 00:52:01 #247 INFO] Sending 31.56 MB of losses
[2021-12-13 00:52:01 #247 INFO] Sending 46.05 MB of losses
[2021-12-13 00:52:02 #247 INFO] Sending 43.08 MB of losses
[2021-12-13 00:52:02 #247 INFO] Sending 41.49 MB of losses
[2021-12-13 00:52:03 #247 INFO] Sending 38.13 MB of losses
[2021-12-13 00:52:03 #247 INFO] Sending 41.63 MB of losses
[2021-12-13 00:52:04 #247 INFO] Sending 47.71 MB of losses
[2021-12-13 00:52:04 #247 INFO] Sending 37.31 MB of losses
[2021-12-13 00:52:05 #247 INFO] Sending 48.74 MB of losses
[2021-12-13 00:52:05 #247 INFO] Sending 44.49 MB of losses
[2021-12-13 00:52:06 #247 INFO] Sending 51.5 MB of losses
[2021-12-13 00:52:06 #247 INFO] Sending 45.26 MB of losses
[2021-12-13 00:52:07 #247 INFO] Sending 29.95 MB of losses
[2021-12-13 00:52:07 #247 INFO] Sending 46.68 MB of losses
[2021-12-13 00:52:08 #247 INFO] Sending 37.76 MB of losses
[2021-12-13 00:52:09 #247 INFO] Sending 34.65 MB of losses
[2021-12-13 00:52:09 #247 INFO] Sent 50 tasks, 2.21 GB in 24 seconds
[2021-12-13 00:52:10 #247 INFO] post_risk   2% [50 submitted, 0 queued]
[2021-12-13 00:52:10 #247 INFO] post_risk   4% [50 submitted, 0 queued]
[2021-12-13 00:52:10 #247 INFO] post_risk   6% [50 submitted, 0 queued]
[2021-12-13 00:52:10 #247 INFO] post_risk   8% [50 submitted, 0 queued]
[2021-12-13 00:52:10 #247 INFO] post_risk  10% [50 submitted, 0 queued]
[2021-12-13 00:52:10 #247 INFO] post_risk  12% [50 submitted, 0 queued]
[2021-12-13 00:52:10 #247 INFO] post_risk  14% [50 submitted, 0 queued]
[2021-12-13 00:52:10 #247 INFO] post_risk  16% [50 submitted, 0 queued]
[2021-12-13 00:52:10 #247 INFO] post_risk  18% [50 submitted, 0 queued]
[2021-12-13 00:52:10 #247 INFO] post_risk  20% [50 submitted, 0 queued]
[2021-12-13 00:52:10 #247 INFO] post_risk  22% [50 submitted, 0 queued]
[2021-12-13 00:52:10 #247 INFO] post_risk  24% [50 submitted, 0 queued]
[2021-12-13 00:52:10 #247 INFO] post_risk  26% [50 submitted, 0 queued]
[2021-12-13 00:52:10 #247 INFO] post_risk  28% [50 submitted, 0 queued]
[2021-12-13 00:52:10 #247 INFO] post_risk  30% [50 submitted, 0 queued]
[2021-12-13 00:52:10 #247 INFO] post_risk  32% [50 submitted, 0 queued]
[2021-12-13 00:52:10 #247 INFO] post_risk  34% [50 submitted, 0 queued]
[2021-12-13 00:52:10 #247 INFO] post_risk  36% [50 submitted, 0 queued]
[2021-12-13 00:52:10 #247 INFO] post_risk  38% [50 submitted, 0 queued]
[2021-12-13 00:52:10 #247 INFO] post_risk  40% [50 submitted, 0 queued]
[2021-12-13 00:52:10 #247 INFO] post_risk  42% [50 submitted, 0 queued]
[2021-12-13 00:52:10 #247 INFO] post_risk  44% [50 submitted, 0 queued]
[2021-12-13 00:52:10 #247 INFO] post_risk  46% [50 submitted, 0 queued]
[2021-12-13 00:52:10 #247 INFO] post_risk  48% [50 submitted, 0 queued]
[2021-12-13 00:52:10 #247 INFO] post_risk  50% [50 submitted, 0 queued]
[2021-12-13 00:52:10 #247 INFO] post_risk  52% [50 submitted, 0 queued]
[2021-12-13 00:52:10 #247 INFO] post_risk  54% [50 submitted, 0 queued]
[2021-12-13 00:52:10 #247 INFO] post_risk  56% [50 submitted, 0 queued]
[2021-12-13 00:52:10 #247 INFO] post_risk  57% [50 submitted, 0 queued]
[2021-12-13 00:52:10 #247 INFO] post_risk  60% [50 submitted, 0 queued]
[2021-12-13 00:52:10 #247 INFO] post_risk  62% [50 submitted, 0 queued]
[2021-12-13 00:52:10 #247 INFO] post_risk  64% [50 submitted, 0 queued]
[2021-12-13 00:52:10 #247 INFO] post_risk  66% [50 submitted, 0 queued]
[2021-12-13 00:52:10 #247 INFO] post_risk  68% [50 submitted, 0 queued]
[2021-12-13 00:52:10 #247 INFO] post_risk  70% [50 submitted, 0 queued]
[2021-12-13 00:52:10 #247 INFO] post_risk  72% [50 submitted, 0 queued]
[2021-12-13 00:52:10 #247 INFO] post_risk  74% [50 submitted, 0 queued]
[2021-12-13 00:52:10 #247 INFO] post_risk  76% [50 submitted, 0 queued]
[2021-12-13 00:52:10 #247 INFO] post_risk  78% [50 submitted, 0 queued]
[2021-12-13 00:52:10 #247 INFO] post_risk  80% [50 submitted, 0 queued]
[2021-12-13 00:52:10 #247 INFO] post_risk  82% [50 submitted, 0 queued]
[2021-12-13 00:52:10 #247 INFO] post_risk  84% [50 submitted, 0 queued]
[2021-12-13 00:52:10 #247 INFO] post_risk  86% [50 submitted, 0 queued]
[2021-12-13 00:52:10 #247 INFO] post_risk  88% [50 submitted, 0 queued]
[2021-12-13 00:52:10 #247 INFO] post_risk  90% [50 submitted, 0 queued]
[2021-12-13 00:52:10 #247 INFO] post_risk  92% [50 submitted, 0 queued]
[2021-12-13 00:52:10 #247 INFO] post_risk  94% [50 submitted, 0 queued]
[2021-12-13 00:52:11 #247 INFO] post_risk  96% [50 submitted, 0 queued]
[2021-12-13 00:52:11 #247 INFO] post_risk  98% [50 submitted, 0 queued]
[2021-12-13 00:52:11 #247 INFO] post_risk 100% [50 submitted, 0 queued]
[2021-12-13 00:52:11 #247 INFO] Mean time per core=1s, std=0.2s, min=0s, max=1s
[2021-12-13 00:52:11 #247 INFO] Received {'tot': '19.65 MB'} in 1 seconds
[2021-12-13 00:52:32 #247 INFO] Total portfolio loss
==== ============== =============== ========= ===============
loss contents       nonstructural   occupants structural     
==== ============== =============== ========= ===============
avg  30_676_739_229 165_960_696_556 4_136     171_892_630_696
==== ============== =============== ========= ===============
[2021-12-13 00:52:32 #247 INFO] Sanity check on agg_losses
[2021-12-13 00:52:33 #247 INFO] Exposing the outputs to the database
[2021-12-13 00:52:33 #247 INFO] Stored 3.56 GB on /root/oqdata/calc_247.hdf5 in 16353 seconds
/home/ssm-user/src/oq-engine/openquake/hazardlib/gsim/base.py:347: ExperimentalWarning: CanadaSHM6_ActiveCrust_BooreEtAl2014 is experimental and may change in future versions - the user is liable for their application
  warnings.warn(msg, ExperimentalWarning)
/home/ssm-user/src/oq-engine/openquake/hazardlib/gsim/base.py:347: ExperimentalWarning: CanadaSHM6_ActiveCrust_BooreEtAl2014 is experimental and may change in future versions - the user is liable for their application
  warnings.warn(msg, ExperimentalWarning)
/home/ssm-user/src/oq-engine/openquake/hazardlib/gsim/base.py:347: ExperimentalWarning: CanadaSHM6_ActiveCrust_BooreEtAl2014 is experimental and may change in future versions - the user is liable for their application
  warnings.warn(msg, ExperimentalWarning)
/home/ssm-user/src/oq-engine/openquake/hazardlib/gsim/base.py:347: ExperimentalWarning: CanadaSHM6_ActiveCrust_BooreEtAl2014 is experimental and may change in future versions - the user is liable for their application
  warnings.warn(msg, ExperimentalWarning)
/home/ssm-user/src/oq-engine/openquake/hazardlib/gsim/base.py:347: ExperimentalWarning: CanadaSHM6_ActiveCrust_BooreEtAl2014 is experimental and may change in future versions - the user is liable for their application
  warnings.warn(msg, ExperimentalWarning)
/home/ssm-user/src/oq-engine/openquake/hazardlib/gsim/base.py:347: ExperimentalWarning: CanadaSHM6_ActiveCrust_BooreEtAl2014 is experimental and may change in future versions - the user is liable for their application
  warnings.warn(msg, ExperimentalWarning)
/home/ssm-user/src/oq-engine/openquake/hazardlib/gsim/base.py:347: ExperimentalWarning: CanadaSHM6_ActiveCrust_BooreEtAl2014 is experimental and may change in future versions - the user is liable for their application
  warnings.warn(msg, ExperimentalWarning)
/home/ssm-user/src/oq-engine/openquake/hazardlib/gsim/base.py:347: ExperimentalWarning: CanadaSHM6_ActiveCrust_BooreEtAl2014 is experimental and may change in future versions - the user is liable for their application
  warnings.warn(msg, ExperimentalWarning)
/home/ssm-user/src/oq-engine/openquake/hazardlib/gsim/base.py:347: ExperimentalWarning: CanadaSHM6_ActiveCrust_BooreEtAl2014 is experimental and may change in future versions - the user is liable for their application
  warnings.warn(msg, ExperimentalWarning)
/home/ssm-user/src/oq-engine/openquake/hazardlib/gsim/base.py:347: ExperimentalWarning: CanadaSHM6_ActiveCrust_BooreEtAl2014 is experimental and may change in future versions - the user is liable for their application
  warnings.warn(msg, ExperimentalWarning)
/home/ssm-user/src/oq-engine/openquake/hazardlib/gsim/base.py:347: ExperimentalWarning: CanadaSHM6_ActiveCrust_BooreEtAl2014 is experimental and may change in future versions - the user is liable for their application
  warnings.warn(msg, ExperimentalWarning)
/home/ssm-user/src/oq-engine/openquake/hazardlib/gsim/base.py:347: ExperimentalWarning: CanadaSHM6_ActiveCrust_BooreEtAl2014 is experimental and may change in future versions - the user is liable for their application
  warnings.warn(msg, ExperimentalWarning)
/home/ssm-user/src/oq-engine/openquake/hazardlib/gsim/base.py:347: ExperimentalWarning: CanadaSHM6_ActiveCrust_BooreEtAl2014 is experimental and may change in future versions - the user is liable for their application
  warnings.warn(msg, ExperimentalWarning)
/home/ssm-user/src/oq-engine/openquake/hazardlib/gsim/base.py:347: ExperimentalWarning: CanadaSHM6_ActiveCrust_BooreEtAl2014 is experimental and may change in future versions - the user is liable for their application
  warnings.warn(msg, ExperimentalWarning)
/home/ssm-user/src/oq-engine/openquake/hazardlib/gsim/base.py:347: ExperimentalWarning: CanadaSHM6_ActiveCrust_BooreEtAl2014 is experimental and may change in future versions - the user is liable for their application
  warnings.warn(msg, ExperimentalWarning)
/home/ssm-user/src/oq-engine/openquake/hazardlib/gsim/base.py:347: ExperimentalWarning: CanadaSHM6_ActiveCrust_BooreEtAl2014 is experimental and may change in future versions - the user is liable for their application
  warnings.warn(msg, ExperimentalWarning)
/home/ssm-user/src/oq-engine/openquake/hazardlib/gsim/base.py:347: ExperimentalWarning: CanadaSHM6_ActiveCrust_BooreEtAl2014 is experimental and may change in future versions - the user is liable for their application
  warnings.warn(msg, ExperimentalWarning)
/home/ssm-user/src/oq-engine/openquake/hazardlib/gsim/base.py:347: ExperimentalWarning: CanadaSHM6_ActiveCrust_BooreEtAl2014 is experimental and may change in future versions - the user is liable for their application
  warnings.warn(msg, ExperimentalWarning)
/home/ssm-user/src/oq-engine/openquake/hazardlib/gsim/base.py:347: ExperimentalWarning: CanadaSHM6_ActiveCrust_BooreEtAl2014 is experimental and may change in future versions - the user is liable for their application
  warnings.warn(msg, ExperimentalWarning)
/home/ssm-user/src/oq-engine/openquake/hazardlib/gsim/base.py:347: ExperimentalWarning: CanadaSHM6_ActiveCrust_BooreEtAl2014 is experimental and may change in future versions - the user is liable for their application
  warnings.warn(msg, ExperimentalWarning)
/home/ssm-user/src/oq-engine/openquake/hazardlib/gsim/base.py:347: ExperimentalWarning: CanadaSHM6_ActiveCrust_BooreEtAl2014 is experimental and may change in future versions - the user is liable for their application
  warnings.warn(msg, ExperimentalWarning)
/home/ssm-user/src/oq-engine/openquake/hazardlib/gsim/base.py:347: ExperimentalWarning: CanadaSHM6_ActiveCrust_BooreEtAl2014 is experimental and may change in future versions - the user is liable for their application
  warnings.warn(msg, ExperimentalWarning)
/home/ssm-user/src/oq-engine/openquake/hazardlib/gsim/base.py:347: ExperimentalWarning: CanadaSHM6_ActiveCrust_BooreEtAl2014 is experimental and may change in future versions - the user is liable for their application
  warnings.warn(msg, ExperimentalWarning)
/home/ssm-user/src/oq-engine/openquake/hazardlib/gsim/base.py:347: ExperimentalWarning: CanadaSHM6_ActiveCrust_BooreEtAl2014 is experimental and may change in future versions - the user is liable for their application
  warnings.warn(msg, ExperimentalWarning)
/home/ssm-user/src/oq-engine/openquake/hazardlib/gsim/base.py:347: ExperimentalWarning: CanadaSHM6_ActiveCrust_BooreEtAl2014 is experimental and may change in future versions - the user is liable for their application
  warnings.warn(msg, ExperimentalWarning)
/home/ssm-user/src/oq-engine/openquake/hazardlib/gsim/base.py:347: ExperimentalWarning: CanadaSHM6_ActiveCrust_BooreEtAl2014 is experimental and may change in future versions - the user is liable for their application
  warnings.warn(msg, ExperimentalWarning)
/home/ssm-user/src/oq-engine/openquake/hazardlib/gsim/base.py:347: ExperimentalWarning: CanadaSHM6_ActiveCrust_BooreEtAl2014 is experimental and may change in future versions - the user is liable for their application
  warnings.warn(msg, ExperimentalWarning)
/home/ssm-user/src/oq-engine/openquake/hazardlib/gsim/base.py:347: ExperimentalWarning: CanadaSHM6_ActiveCrust_BooreEtAl2014 is experimental and may change in future versions - the user is liable for their application
  warnings.warn(msg, ExperimentalWarning)
/home/ssm-user/src/oq-engine/openquake/hazardlib/gsim/base.py:347: ExperimentalWarning: CanadaSHM6_ActiveCrust_BooreEtAl2014 is experimental and may change in future versions - the user is liable for their application
  warnings.warn(msg, ExperimentalWarning)
/home/ssm-user/src/oq-engine/openquake/hazardlib/gsim/base.py:347: ExperimentalWarning: CanadaSHM6_ActiveCrust_BooreEtAl2014 is experimental and may change in future versions - the user is liable for their application
  warnings.warn(msg, ExperimentalWarning)
/home/ssm-user/src/oq-engine/openquake/hazardlib/gsim/base.py:347: ExperimentalWarning: CanadaSHM6_ActiveCrust_BooreEtAl2014 is experimental and may change in future versions - the user is liable for their application
  warnings.warn(msg, ExperimentalWarning)
/home/ssm-user/src/oq-engine/openquake/hazardlib/gsim/base.py:347: ExperimentalWarning: CanadaSHM6_ActiveCrust_BooreEtAl2014 is experimental and may change in future versions - the user is liable for their application
  warnings.warn(msg, ExperimentalWarning)
/home/ssm-user/src/oq-engine/openquake/hazardlib/gsim/base.py:347: ExperimentalWarning: CanadaSHM6_ActiveCrust_BooreEtAl2014 is experimental and may change in future versions - the user is liable for their application
  warnings.warn(msg, ExperimentalWarning)
/home/ssm-user/src/oq-engine/openquake/hazardlib/gsim/base.py:347: ExperimentalWarning: CanadaSHM6_ActiveCrust_BooreEtAl2014 is experimental and may change in future versions - the user is liable for their application
  warnings.warn(msg, ExperimentalWarning)
/home/ssm-user/src/oq-engine/openquake/hazardlib/gsim/base.py:347: ExperimentalWarning: CanadaSHM6_ActiveCrust_BooreEtAl2014 is experimental and may change in future versions - the user is liable for their application
  warnings.warn(msg, ExperimentalWarning)
/home/ssm-user/src/oq-engine/openquake/hazardlib/gsim/base.py:347: ExperimentalWarning: CanadaSHM6_ActiveCrust_BooreEtAl2014 is experimental and may change in future versions - the user is liable for their application
  warnings.warn(msg, ExperimentalWarning)
/home/ssm-user/src/oq-engine/openquake/hazardlib/gsim/base.py:347: ExperimentalWarning: CanadaSHM6_ActiveCrust_BooreEtAl2014 is experimental and may change in future versions - the user is liable for their application
  warnings.warn(msg, ExperimentalWarning)
/home/ssm-user/src/oq-engine/openquake/hazardlib/gsim/base.py:347: ExperimentalWarning: CanadaSHM6_ActiveCrust_BooreEtAl2014 is experimental and may change in future versions - the user is liable for their application
  warnings.warn(msg, ExperimentalWarning)
/home/ssm-user/src/oq-engine/openquake/hazardlib/gsim/base.py:347: ExperimentalWarning: CanadaSHM6_ActiveCrust_BooreEtAl2014 is experimental and may change in future versions - the user is liable for their application
  warnings.warn(msg, ExperimentalWarning)
/home/ssm-user/src/oq-engine/openquake/hazardlib/gsim/base.py:347: ExperimentalWarning: CanadaSHM6_ActiveCrust_BooreEtAl2014 is experimental and may change in future versions - the user is liable for their application
  warnings.warn(msg, ExperimentalWarning)
/home/ssm-user/src/oq-engine/openquake/hazardlib/gsim/base.py:347: ExperimentalWarning: CanadaSHM6_ActiveCrust_BooreEtAl2014 is experimental and may change in future versions - the user is liable for their application
  warnings.warn(msg, ExperimentalWarning)
/home/ssm-user/src/oq-engine/openquake/hazardlib/gsim/base.py:347: ExperimentalWarning: CanadaSHM6_ActiveCrust_BooreEtAl2014 is experimental and may change in future versions - the user is liable for their application
  warnings.warn(msg, ExperimentalWarning)
/home/ssm-user/src/oq-engine/openquake/hazardlib/gsim/base.py:347: ExperimentalWarning: CanadaSHM6_ActiveCrust_BooreEtAl2014 is experimental and may change in future versions - the user is liable for their application
  warnings.warn(msg, ExperimentalWarning)
/home/ssm-user/src/oq-engine/openquake/hazardlib/gsim/base.py:347: ExperimentalWarning: CanadaSHM6_ActiveCrust_BooreEtAl2014 is experimental and may change in future versions - the user is liable for their application
  warnings.warn(msg, ExperimentalWarning)
/home/ssm-user/src/oq-engine/openquake/hazardlib/gsim/base.py:347: ExperimentalWarning: CanadaSHM6_ActiveCrust_BooreEtAl2014 is experimental and may change in future versions - the user is liable for their application
  warnings.warn(msg, ExperimentalWarning)
/home/ssm-user/src/oq-engine/openquake/hazardlib/gsim/base.py:347: ExperimentalWarning: CanadaSHM6_ActiveCrust_BooreEtAl2014 is experimental and may change in future versions - the user is liable for their application
  warnings.warn(msg, ExperimentalWarning)
/home/ssm-user/src/oq-engine/openquake/hazardlib/gsim/base.py:347: ExperimentalWarning: CanadaSHM6_ActiveCrust_BooreEtAl2014 is experimental and may change in future versions - the user is liable for their application
  warnings.warn(msg, ExperimentalWarning)
/home/ssm-user/src/oq-engine/openquake/hazardlib/gsim/base.py:347: ExperimentalWarning: CanadaSHM6_ActiveCrust_BooreEtAl2014 is experimental and may change in future versions - the user is liable for their application
  warnings.warn(msg, ExperimentalWarning)
/home/ssm-user/src/oq-engine/openquake/hazardlib/gsim/base.py:347: ExperimentalWarning: CanadaSHM6_ActiveCrust_BooreEtAl2014 is experimental and may change in future versions - the user is liable for their application
  warnings.warn(msg, ExperimentalWarning)
/home/ssm-user/src/oq-engine/openquake/hazardlib/gsim/base.py:347: ExperimentalWarning: CanadaSHM6_ActiveCrust_BooreEtAl2014 is experimental and may change in future versions - the user is liable for their application
  warnings.warn(msg, ExperimentalWarning)
/home/ssm-user/src/oq-engine/openquake/hazardlib/gsim/base.py:347: ExperimentalWarning: CanadaSHM6_ActiveCrust_BooreEtAl2014 is experimental and may change in future versions - the user is liable for their application
  warnings.warn(msg, ExperimentalWarning)
/home/ssm-user/src/oq-engine/openquake/hazardlib/gsim/base.py:347: ExperimentalWarning: CanadaSHM6_ActiveCrust_BooreEtAl2014 is experimental and may change in future versions - the user is liable for their application
  warnings.warn(msg, ExperimentalWarning)
/home/ssm-user/src/oq-engine/openquake/hazardlib/gsim/base.py:347: ExperimentalWarning: CanadaSHM6_ActiveCrust_BooreEtAl2014 is experimental and may change in future versions - the user is liable for their application
  warnings.warn(msg, ExperimentalWarning)
/home/ssm-user/src/oq-engine/openquake/hazardlib/gsim/base.py:347: ExperimentalWarning: CanadaSHM6_ActiveCrust_BooreEtAl2014 is experimental and may change in future versions - the user is liable for their application
  warnings.warn(msg, ExperimentalWarning)
/home/ssm-user/src/oq-engine/openquake/hazardlib/gsim/base.py:347: ExperimentalWarning: CanadaSHM6_ActiveCrust_BooreEtAl2014 is experimental and may change in future versions - the user is liable for their application
  warnings.warn(msg, ExperimentalWarning)
/home/ssm-user/src/oq-engine/openquake/hazardlib/gsim/base.py:347: ExperimentalWarning: CanadaSHM6_ActiveCrust_BooreEtAl2014 is experimental and may change in future versions - the user is liable for their application
  warnings.warn(msg, ExperimentalWarning)
/home/ssm-user/src/oq-engine/openquake/hazardlib/gsim/base.py:347: ExperimentalWarning: CanadaSHM6_ActiveCrust_BooreEtAl2014 is experimental and may change in future versions - the user is liable for their application
  warnings.warn(msg, ExperimentalWarning)
/home/ssm-user/src/oq-engine/openquake/hazardlib/gsim/base.py:347: ExperimentalWarning: CanadaSHM6_ActiveCrust_BooreEtAl2014 is experimental and may change in future versions - the user is liable for their application
  warnings.warn(msg, ExperimentalWarning)
/home/ssm-user/src/oq-engine/openquake/hazardlib/gsim/base.py:347: ExperimentalWarning: CanadaSHM6_ActiveCrust_BooreEtAl2014 is experimental and may change in future versions - the user is liable for their application
  warnings.warn(msg, ExperimentalWarning)
/home/ssm-user/src/oq-engine/openquake/hazardlib/gsim/base.py:347: ExperimentalWarning: CanadaSHM6_ActiveCrust_BooreEtAl2014 is experimental and may change in future versions - the user is liable for their application
  warnings.warn(msg, ExperimentalWarning)
/home/ssm-user/src/oq-engine/openquake/hazardlib/gsim/base.py:347: ExperimentalWarning: CanadaSHM6_ActiveCrust_BooreEtAl2014 is experimental and may change in future versions - the user is liable for their application
  warnings.warn(msg, ExperimentalWarning)
/home/ssm-user/src/oq-engine/openquake/hazardlib/gsim/base.py:347: ExperimentalWarning: CanadaSHM6_ActiveCrust_BooreEtAl2014 is experimental and may change in future versions - the user is liable for their application
  warnings.warn(msg, ExperimentalWarning)
/home/ssm-user/src/oq-engine/openquake/hazardlib/gsim/base.py:347: ExperimentalWarning: CanadaSHM6_ActiveCrust_BooreEtAl2014 is experimental and may change in future versions - the user is liable for their application
  warnings.warn(msg, ExperimentalWarning)
/home/ssm-user/src/oq-engine/openquake/hazardlib/gsim/base.py:347: ExperimentalWarning: CanadaSHM6_ActiveCrust_BooreEtAl2014 is experimental and may change in future versions - the user is liable for their application
  warnings.warn(msg, ExperimentalWarning)
/home/ssm-user/src/oq-engine/openquake/hazardlib/gsim/base.py:347: ExperimentalWarning: CanadaSHM6_ActiveCrust_BooreEtAl2014 is experimental and may change in future versions - the user is liable for their application
  warnings.warn(msg, ExperimentalWarning)
/home/ssm-user/src/oq-engine/openquake/hazardlib/gsim/base.py:347: ExperimentalWarning: CanadaSHM6_ActiveCrust_BooreEtAl2014 is experimental and may change in future versions - the user is liable for their application
  warnings.warn(msg, ExperimentalWarning)
/home/ssm-user/src/oq-engine/openquake/hazardlib/gsim/base.py:347: ExperimentalWarning: CanadaSHM6_ActiveCrust_BooreEtAl2014 is experimental and may change in future versions - the user is liable for their application
  warnings.warn(msg, ExperimentalWarning)
/home/ssm-user/src/oq-engine/openquake/hazardlib/gsim/base.py:347: ExperimentalWarning: CanadaSHM6_ActiveCrust_BooreEtAl2014 is experimental and may change in future versions - the user is liable for their application
  warnings.warn(msg, ExperimentalWarning)
/home/ssm-user/src/oq-engine/openquake/hazardlib/gsim/base.py:347: ExperimentalWarning: CanadaSHM6_ActiveCrust_BooreEtAl2014 is experimental and may change in future versions - the user is liable for their application
  warnings.warn(msg, ExperimentalWarning)
/home/ssm-user/src/oq-engine/openquake/hazardlib/gsim/base.py:347: ExperimentalWarning: CanadaSHM6_ActiveCrust_BooreEtAl2014 is experimental and may change in future versions - the user is liable for their application
  warnings.warn(msg, ExperimentalWarning)
/home/ssm-user/src/oq-engine/openquake/hazardlib/gsim/base.py:347: ExperimentalWarning: CanadaSHM6_ActiveCrust_BooreEtAl2014 is experimental and may change in future versions - the user is liable for their application
  warnings.warn(msg, ExperimentalWarning)
/home/ssm-user/src/oq-engine/openquake/hazardlib/gsim/base.py:347: ExperimentalWarning: CanadaSHM6_ActiveCrust_BooreEtAl2014 is experimental and may change in future versions - the user is liable for their application
  warnings.warn(msg, ExperimentalWarning)
/home/ssm-user/src/oq-engine/openquake/hazardlib/gsim/base.py:347: ExperimentalWarning: CanadaSHM6_ActiveCrust_BooreEtAl2014 is experimental and may change in future versions - the user is liable for their application
  warnings.warn(msg, ExperimentalWarning)
/home/ssm-user/src/oq-engine/openquake/hazardlib/gsim/base.py:347: ExperimentalWarning: CanadaSHM6_ActiveCrust_BooreEtAl2014 is experimental and may change in future versions - the user is liable for their application
  warnings.warn(msg, ExperimentalWarning)
/home/ssm-user/src/oq-engine/openquake/hazardlib/gsim/base.py:347: ExperimentalWarning: CanadaSHM6_ActiveCrust_BooreEtAl2014 is experimental and may change in future versions - the user is liable for their application
  warnings.warn(msg, ExperimentalWarning)
/home/ssm-user/src/oq-engine/openquake/hazardlib/gsim/base.py:347: ExperimentalWarning: CanadaSHM6_ActiveCrust_BooreEtAl2014 is experimental and may change in future versions - the user is liable for their application
  warnings.warn(msg, ExperimentalWarning)
/home/ssm-user/src/oq-engine/openquake/hazardlib/gsim/base.py:347: ExperimentalWarning: CanadaSHM6_ActiveCrust_BooreEtAl2014 is experimental and may change in future versions - the user is liable for their application
  warnings.warn(msg, ExperimentalWarning)
/home/ssm-user/src/oq-engine/openquake/hazardlib/gsim/base.py:347: ExperimentalWarning: CanadaSHM6_ActiveCrust_BooreEtAl2014 is experimental and may change in future versions - the user is liable for their application
  warnings.warn(msg, ExperimentalWarning)
/home/ssm-user/src/oq-engine/openquake/hazardlib/gsim/base.py:347: ExperimentalWarning: CanadaSHM6_ActiveCrust_BooreEtAl2014 is experimental and may change in future versions - the user is liable for their application
  warnings.warn(msg, ExperimentalWarning)
/home/ssm-user/src/oq-engine/openquake/hazardlib/gsim/base.py:347: ExperimentalWarning: CanadaSHM6_ActiveCrust_BooreEtAl2014 is experimental and may change in future versions - the user is liable for their application
  warnings.warn(msg, ExperimentalWarning)
/home/ssm-user/src/oq-engine/openquake/hazardlib/gsim/base.py:347: ExperimentalWarning: CanadaSHM6_ActiveCrust_BooreEtAl2014 is experimental and may change in future versions - the user is liable for their application
  warnings.warn(msg, ExperimentalWarning)
/home/ssm-user/src/oq-engine/openquake/hazardlib/gsim/base.py:347: ExperimentalWarning: CanadaSHM6_ActiveCrust_BooreEtAl2014 is experimental and may change in future versions - the user is liable for their application
  warnings.warn(msg, ExperimentalWarning)
/home/ssm-user/src/oq-engine/openquake/hazardlib/gsim/base.py:347: ExperimentalWarning: CanadaSHM6_ActiveCrust_BooreEtAl2014 is experimental and may change in future versions - the user is liable for their application
  warnings.warn(msg, ExperimentalWarning)
/home/ssm-user/src/oq-engine/openquake/hazardlib/gsim/base.py:347: ExperimentalWarning: CanadaSHM6_ActiveCrust_BooreEtAl2014 is experimental and may change in future versions - the user is liable for their application
  warnings.warn(msg, ExperimentalWarning)
/home/ssm-user/src/oq-engine/openquake/hazardlib/gsim/base.py:347: ExperimentalWarning: CanadaSHM6_ActiveCrust_BooreEtAl2014 is experimental and may change in future versions - the user is liable for their application
  warnings.warn(msg, ExperimentalWarning)
/home/ssm-user/src/oq-engine/openquake/hazardlib/gsim/base.py:347: ExperimentalWarning: CanadaSHM6_ActiveCrust_BooreEtAl2014 is experimental and may change in future versions - the user is liable for their application
  warnings.warn(msg, ExperimentalWarning)
/home/ssm-user/src/oq-engine/openquake/hazardlib/gsim/base.py:347: ExperimentalWarning: CanadaSHM6_ActiveCrust_BooreEtAl2014 is experimental and may change in future versions - the user is liable for their application
  warnings.warn(msg, ExperimentalWarning)
/home/ssm-user/src/oq-engine/openquake/hazardlib/gsim/base.py:347: ExperimentalWarning: CanadaSHM6_ActiveCrust_BooreEtAl2014 is experimental and may change in future versions - the user is liable for their application
  warnings.warn(msg, ExperimentalWarning)
/home/ssm-user/src/oq-engine/openquake/hazardlib/gsim/base.py:347: ExperimentalWarning: CanadaSHM6_ActiveCrust_BooreEtAl2014 is experimental and may change in future versions - the user is liable for their application
  warnings.warn(msg, ExperimentalWarning)
/home/ssm-user/src/oq-engine/openquake/hazardlib/gsim/base.py:347: ExperimentalWarning: CanadaSHM6_ActiveCrust_BooreEtAl2014 is experimental and may change in future versions - the user is liable for their application
  warnings.warn(msg, ExperimentalWarning)
/home/ssm-user/src/oq-engine/openquake/hazardlib/gsim/base.py:347: ExperimentalWarning: CanadaSHM6_ActiveCrust_BooreEtAl2014 is experimental and may change in future versions - the user is liable for their application
  warnings.warn(msg, ExperimentalWarning)
/home/ssm-user/src/oq-engine/openquake/hazardlib/gsim/base.py:347: ExperimentalWarning: CanadaSHM6_ActiveCrust_BooreEtAl2014 is experimental and may change in future versions - the user is liable for their application
  warnings.warn(msg, ExperimentalWarning)
/home/ssm-user/src/oq-engine/openquake/hazardlib/gsim/base.py:347: ExperimentalWarning: CanadaSHM6_ActiveCrust_BooreEtAl2014 is experimental and may change in future versions - the user is liable for their application
  warnings.warn(msg, ExperimentalWarning)
/home/ssm-user/src/oq-engine/openquake/hazardlib/gsim/base.py:347: ExperimentalWarning: CanadaSHM6_ActiveCrust_BooreEtAl2014 is experimental and may change in future versions - the user is liable for their application
  warnings.warn(msg, ExperimentalWarning)
/home/ssm-user/src/oq-engine/openquake/hazardlib/gsim/base.py:347: ExperimentalWarning: CanadaSHM6_ActiveCrust_BooreEtAl2014 is experimental and may change in future versions - the user is liable for their application
  warnings.warn(msg, ExperimentalWarning)
/home/ssm-user/src/oq-engine/openquake/hazardlib/gsim/base.py:347: ExperimentalWarning: CanadaSHM6_ActiveCrust_BooreEtAl2014 is experimental and may change in future versions - the user is liable for their application
  warnings.warn(msg, ExperimentalWarning)
[2021-12-13 00:52:34 #248 INFO] root running /mnt/storage/canada-srm2/ebRisk/input/ebRisk_r1_QC_J_Gatineau.ini [--hc=247]
[2021-12-13 00:52:34 #248 INFO] Using engine version 3.11.3-git0cccb86798
[2021-12-13 00:52:34 #248 WARNING] Version v3.12.1 of the engine is available, but you are still using version 3.11.3-git0cccb86798
[2021-12-13 00:52:34 #248 WARNING] Using 96 cores on ip-10-70-136-20
[2021-12-13 00:52:34 #248 INFO] Validated nationalModel.xml in 0.01 seconds
[2021-12-13 00:52:34 #248 INFO] Checksum of the input files: 514598877
[2021-12-13 00:52:34 #248 INFO] Reading the risk model if present
[2021-12-13 00:52:57 #248 INFO] Reading /mnt/storage/openquake-inputs/exposure/general-building-stock/oqBldgExp_QC_J_Gatineau.xml
[2021-12-13 00:53:01 #248 INFO] Associated 22628 assets to 3730 sites
[2021-12-13 00:53:03 #248 INFO] Reducing risk model from 7260 to 262 taxonomies
[2021-12-13 00:53:05 #248 INFO] minimum_asset_loss={'contents': 0, 'nonstructural': 0, 'occupants': 0, 'structural': 0}
[2021-12-13 00:53:05 #248 INFO] Storing 735 aggregation keys
[2021-12-13 00:53:05 #248 INFO] Storing risk model
[2021-12-13 00:53:05 #248 INFO] minimum_intensity={'SA(0.3)': 0.02, 'SA(0.6)': 0.05, 'SA(1.0)': 0.05, 'SA(2.0)': 0.05, 'SA(0.5)': 0.05}
[2021-12-13 00:53:05 #248 INFO] Sending 853_699 ruptures
  id | name
1512 | Aggregate Event Losses
1511 | Aggregate Loss Curves Statistics
1513 | Aggregate Losses Statistics
1514 | Average Asset Losses Statistics
1519 | Earthquake Ruptures
1515 | Events
1516 | Full Report
1517 | Input Files
1518 | Realizations
1520 | Source Loss Table
[2021-12-13 00:53:49 #248 INFO] Sent 194 tasks, 241.07 MB in 37 seconds
[2021-12-13 01:40:23 #248 INFO] start_ebrisk   1% [194 submitted, 0 queued]
[2021-12-13 01:43:30 #248 INFO] start_ebrisk   2% [194 submitted, 0 queued]
[2021-12-13 01:45:39 #248 INFO] start_ebrisk   3% [194 submitted, 0 queued]
[2021-12-13 02:02:32 #248 INFO] start_ebrisk   4% [194 submitted, 0 queued]
[2021-12-13 02:10:38 #248 INFO] start_ebrisk   5% [194 submitted, 0 queued]
[2021-12-13 02:15:18 #248 INFO] start_ebrisk   6% [194 submitted, 0 queued]
[2021-12-13 02:16:08 #248 INFO] start_ebrisk   7% [194 submitted, 0 queued]
[2021-12-13 02:17:10 #248 INFO] start_ebrisk   8% [194 submitted, 0 queued]
[2021-12-13 02:24:00 #248 INFO] start_ebrisk   9% [194 submitted, 0 queued]
[2021-12-13 02:29:05 #248 INFO] start_ebrisk  10% [194 submitted, 0 queued]
[2021-12-13 02:30:57 #248 INFO] start_ebrisk  11% [194 submitted, 0 queued]
[2021-12-13 02:31:18 #248 INFO] start_ebrisk  12% [194 submitted, 0 queued]
[2021-12-13 02:31:40 #248 INFO] start_ebrisk  13% [194 submitted, 0 queued]
[2021-12-13 02:32:04 #248 INFO] start_ebrisk  14% [194 submitted, 0 queued]
[2021-12-13 02:32:46 #248 INFO] start_ebrisk  15% [194 submitted, 0 queued]
[2021-12-13 02:33:03 #248 INFO] start_ebrisk  16% [194 submitted, 0 queued]
[2021-12-13 02:33:11 #248 INFO] start_ebrisk  17% [194 submitted, 0 queued]
[2021-12-13 02:33:44 #248 INFO] start_ebrisk  18% [194 submitted, 0 queued]
[2021-12-13 02:34:05 #248 INFO] start_ebrisk  19% [194 submitted, 0 queued]
[2021-12-13 02:34:15 #248 INFO] start_ebrisk  20% [194 submitted, 0 queued]
[2021-12-13 02:34:31 #248 INFO] start_ebrisk  21% [194 submitted, 0 queued]
[2021-12-13 02:34:42 #248 INFO] start_ebrisk  22% [194 submitted, 0 queued]
[2021-12-13 02:34:55 #248 INFO] start_ebrisk  23% [194 submitted, 0 queued]
[2021-12-13 02:35:26 #248 INFO] start_ebrisk  24% [194 submitted, 0 queued]
[2021-12-13 02:35:41 #248 INFO] start_ebrisk  25% [194 submitted, 0 queued]
[2021-12-13 02:36:03 #248 INFO] start_ebrisk  26% [194 submitted, 0 queued]
[2021-12-13 02:36:08 #248 INFO] start_ebrisk  27% [194 submitted, 0 queued]
[2021-12-13 02:36:27 #248 INFO] start_ebrisk  28% [194 submitted, 0 queued]
[2021-12-13 02:37:13 #248 INFO] start_ebrisk  29% [194 submitted, 0 queued]
[2021-12-13 02:38:22 #248 INFO] start_ebrisk  30% [194 submitted, 0 queued]
[2021-12-13 02:38:54 #248 INFO] start_ebrisk  31% [194 submitted, 0 queued]
[2021-12-13 02:40:27 #248 INFO] start_ebrisk  32% [194 submitted, 0 queued]
[2021-12-13 02:40:40 #248 INFO] start_ebrisk  33% [194 submitted, 0 queued]
[2021-12-13 02:41:37 #248 INFO] start_ebrisk  34% [194 submitted, 0 queued]
[2021-12-13 02:41:45 #248 INFO] start_ebrisk  35% [194 submitted, 0 queued]
[2021-12-13 02:43:18 #248 INFO] start_ebrisk  36% [194 submitted, 0 queued]
[2021-12-13 02:46:46 #248 INFO] start_ebrisk  37% [194 submitted, 0 queued]
[2021-12-13 02:47:59 #248 INFO] start_ebrisk  38% [194 submitted, 0 queued]
[2021-12-13 02:52:27 #248 INFO] start_ebrisk  39% [194 submitted, 0 queued]
[2021-12-13 02:53:14 #248 INFO] start_ebrisk  40% [194 submitted, 0 queued]
[2021-12-13 02:54:13 #248 INFO] start_ebrisk  41% [194 submitted, 0 queued]
[2021-12-13 03:01:43 #248 INFO] start_ebrisk  42% [194 submitted, 0 queued]
[2021-12-13 03:04:33 #248 INFO] start_ebrisk  43% [194 submitted, 0 queued]
[2021-12-13 03:05:47 #248 INFO] start_ebrisk  44% [194 submitted, 0 queued]
[2021-12-13 03:06:34 #248 INFO] start_ebrisk  45% [194 submitted, 0 queued]
[2021-12-13 03:09:34 #248 INFO] start_ebrisk  46% [194 submitted, 0 queued]
[2021-12-13 03:10:55 #248 INFO] start_ebrisk  47% [194 submitted, 0 queued]
[2021-12-13 03:14:22 #248 INFO] start_ebrisk  48% [194 submitted, 0 queued]
[2021-12-13 03:15:51 #248 INFO] start_ebrisk  49% [194 submitted, 0 queued]
[2021-12-13 03:16:39 #248 INFO] start_ebrisk  50% [194 submitted, 0 queued]
[2021-12-13 03:18:57 #248 INFO] start_ebrisk  51% [194 submitted, 0 queued]
[2021-12-13 03:19:43 #248 INFO] start_ebrisk  52% [194 submitted, 0 queued]
[2021-12-13 03:25:24 #248 INFO] start_ebrisk  53% [194 submitted, 0 queued]
[2021-12-13 03:33:09 #248 INFO] start_ebrisk  54% [194 submitted, 0 queued]
[2021-12-13 03:39:47 #248 INFO] start_ebrisk  55% [194 submitted, 0 queued]
[2021-12-13 03:51:10 #248 INFO] start_ebrisk  56% [194 submitted, 0 queued]
[2021-12-13 03:53:28 #248 INFO] start_ebrisk  57% [194 submitted, 0 queued]
[2021-12-13 03:56:02 #248 INFO] start_ebrisk  58% [194 submitted, 0 queued]
[2021-12-13 03:57:37 #248 INFO] start_ebrisk  59% [194 submitted, 0 queued]
[2021-12-13 03:57:57 #248 INFO] start_ebrisk  60% [194 submitted, 0 queued]
[2021-12-13 03:58:26 #248 INFO] start_ebrisk  61% [194 submitted, 0 queued]
[2021-12-13 04:01:27 #248 INFO] start_ebrisk  62% [194 submitted, 0 queued]
[2021-12-13 04:02:03 #248 INFO] start_ebrisk  63% [194 submitted, 0 queued]
[2021-12-13 04:03:48 #248 INFO] start_ebrisk  64% [194 submitted, 0 queued]
[2021-12-13 04:06:18 #248 INFO] start_ebrisk  65% [194 submitted, 0 queued]
[2021-12-13 04:07:48 #248 INFO] start_ebrisk  66% [194 submitted, 0 queued]
[2021-12-13 04:08:01 #248 INFO] start_ebrisk  67% [194 submitted, 0 queued]
[2021-12-13 04:08:08 #248 INFO] start_ebrisk  68% [194 submitted, 0 queued]
[2021-12-13 04:09:00 #248 INFO] start_ebrisk  69% [194 submitted, 0 queued]
[2021-12-13 04:09:53 #248 INFO] start_ebrisk  70% [194 submitted, 0 queued]
[2021-12-13 04:10:16 #248 INFO] start_ebrisk  71% [194 submitted, 0 queued]
[2021-12-13 04:10:51 #248 INFO] start_ebrisk  72% [194 submitted, 0 queued]
[2021-12-13 04:11:28 #248 INFO] start_ebrisk  73% [194 submitted, 0 queued]
[2021-12-13 04:11:38 #248 INFO] start_ebrisk  74% [194 submitted, 0 queued]
[2021-12-13 04:12:11 #248 INFO] start_ebrisk  75% [194 submitted, 0 queued]
[2021-12-13 04:12:45 #248 INFO] start_ebrisk  76% [194 submitted, 0 queued]
[2021-12-13 04:13:06 #248 INFO] start_ebrisk  77% [194 submitted, 0 queued]
[2021-12-13 04:14:19 #248 INFO] start_ebrisk  78% [194 submitted, 0 queued]
[2021-12-13 04:15:57 #248 INFO] start_ebrisk  79% [194 submitted, 0 queued]
[2021-12-13 04:18:23 #248 INFO] start_ebrisk  80% [194 submitted, 0 queued]
[2021-12-13 04:19:29 #248 INFO] start_ebrisk  81% [194 submitted, 0 queued]
[2021-12-13 04:19:47 #248 INFO] start_ebrisk  82% [194 submitted, 0 queued]
[2021-12-13 04:22:06 #248 INFO] start_ebrisk  83% [194 submitted, 0 queued]
[2021-12-13 04:22:22 #248 INFO] start_ebrisk  84% [194 submitted, 0 queued]
[2021-12-13 04:23:24 #248 INFO] start_ebrisk  85% [194 submitted, 0 queued]
[2021-12-13 04:27:09 #248 INFO] start_ebrisk  86% [194 submitted, 0 queued]
[2021-12-13 04:28:39 #248 INFO] start_ebrisk  87% [194 submitted, 0 queued]
[2021-12-13 04:29:42 #248 INFO] start_ebrisk  88% [194 submitted, 0 queued]
[2021-12-13 04:32:23 #248 INFO] start_ebrisk  89% [194 submitted, 0 queued]
[2021-12-13 04:35:40 #248 INFO] start_ebrisk  90% [194 submitted, 0 queued]
[2021-12-13 04:40:11 #248 INFO] start_ebrisk  91% [194 submitted, 0 queued]
[2021-12-13 04:41:42 #248 INFO] start_ebrisk  92% [194 submitted, 0 queued]
[2021-12-13 04:42:40 #248 INFO] start_ebrisk  93% [194 submitted, 0 queued]
[2021-12-13 04:47:24 #248 INFO] start_ebrisk  94% [194 submitted, 0 queued]
[2021-12-13 04:47:28 #248 INFO] start_ebrisk  95% [194 submitted, 0 queued]
[2021-12-13 04:52:38 #248 INFO] start_ebrisk  96% [194 submitted, 0 queued]
[2021-12-13 04:54:20 #248 INFO] start_ebrisk  97% [194 submitted, 0 queued]
[2021-12-13 04:57:14 #248 INFO] start_ebrisk  98% [194 submitted, 0 queued]
[2021-12-13 05:08:37 #248 INFO] start_ebrisk  99% [194 submitted, 0 queued]
[2021-12-13 05:14:35 #248 INFO] start_ebrisk 100% [194 submitted, 0 queued]
[2021-12-13 05:14:35 #248 INFO] Mean time per core=12113s, std=1450.8s, min=8743s, max=15676s
[2021-12-13 05:14:35 #248 INFO] Received {'alt': '3.04 GB', 'losses_by_A': '67.01 MB', 'momenta': '55.23 MB', 'gmf_info': '8.95 MB', 'events_per_sid': '3.98 KB'} in 15646 seconds
[2021-12-13 05:14:35 #248 INFO] Produced 38.64 GB of GMFs
[2021-12-13 05:14:35 #248 INFO] Stored 3.04 GB in the agg_loss_table
[2021-12-13 05:14:35 #248 INFO] Building the src_loss_table
[2021-12-13 05:15:18 #248 INFO] Sending 47.36 MB of losses
[2021-12-13 05:15:19 #248 INFO] Sending 38.67 MB of losses
[2021-12-13 05:15:19 #248 INFO] Sending 46.05 MB of losses
[2021-12-13 05:15:20 #248 INFO] Sending 24.09 MB of losses
[2021-12-13 05:15:20 #248 INFO] Sending 61.35 MB of losses
[2021-12-13 05:15:21 #248 INFO] Sending 41.25 MB of losses
[2021-12-13 05:15:21 #248 INFO] Sending 58.5 MB of losses
[2021-12-13 05:15:22 #248 INFO] Sending 45.4 MB of losses
[2021-12-13 05:15:22 #248 INFO] Sending 45.7 MB of losses
[2021-12-13 05:15:23 #248 INFO] Sending 44.01 MB of losses
[2021-12-13 05:15:23 #248 INFO] Sending 46.22 MB of losses
[2021-12-13 05:15:24 #248 INFO] Sending 54.62 MB of losses
[2021-12-13 05:15:24 #248 INFO] Sending 46.14 MB of losses
[2021-12-13 05:15:25 #248 INFO] Sending 56.43 MB of losses
[2021-12-13 05:15:25 #248 INFO] Sending 40.85 MB of losses
[2021-12-13 05:15:26 #248 INFO] Sending 41.15 MB of losses
[2021-12-13 05:15:26 #248 INFO] Sending 38.49 MB of losses
[2021-12-13 05:15:27 #248 INFO] Sending 20.78 MB of losses
[2021-12-13 05:15:27 #248 INFO] Sending 46.07 MB of losses
[2021-12-13 05:15:28 #248 INFO] Sending 26.02 MB of losses
[2021-12-13 05:15:28 #248 INFO] Sending 46.13 MB of losses
[2021-12-13 05:15:29 #248 INFO] Sending 51.91 MB of losses
[2021-12-13 05:15:29 #248 INFO] Sending 39.56 MB of losses
[2021-12-13 05:15:30 #248 INFO] Sending 46.57 MB of losses
[2021-12-13 05:15:30 #248 INFO] Sending 35.46 MB of losses
[2021-12-13 05:15:31 #248 INFO] Sending 39.94 MB of losses
[2021-12-13 05:15:31 #248 INFO] Sending 48.46 MB of losses
[2021-12-13 05:15:32 #248 INFO] Sending 42.27 MB of losses
[2021-12-13 05:15:32 #248 INFO] Sending 60.29 MB of losses
[2021-12-13 05:15:33 #248 INFO] Sending 65.71 MB of losses
[2021-12-13 05:15:33 #248 INFO] Sending 34.72 MB of losses
[2021-12-13 05:15:34 #248 INFO] Sending 40.94 MB of losses
[2021-12-13 05:15:34 #248 INFO] Sending 39.52 MB of losses
[2021-12-13 05:15:35 #248 INFO] Sending 27.61 MB of losses
[2021-12-13 05:15:35 #248 INFO] Sending 42.88 MB of losses
[2021-12-13 05:15:36 #248 INFO] Sending 40.22 MB of losses
[2021-12-13 05:15:36 #248 INFO] Sending 38.88 MB of losses
[2021-12-13 05:15:37 #248 INFO] Sending 35.31 MB of losses
[2021-12-13 05:15:38 #248 INFO] Sending 38.97 MB of losses
[2021-12-13 05:15:38 #248 INFO] Sending 43.41 MB of losses
[2021-12-13 05:15:39 #248 INFO] Sending 32.79 MB of losses
[2021-12-13 05:15:39 #248 INFO] Sending 47.68 MB of losses
[2021-12-13 05:15:40 #248 INFO] Sending 39.18 MB of losses
[2021-12-13 05:15:40 #248 INFO] Sending 49.79 MB of losses
[2021-12-13 05:15:41 #248 INFO] Sending 40.78 MB of losses
[2021-12-13 05:15:41 #248 INFO] Sending 25.68 MB of losses
[2021-12-13 05:15:42 #248 INFO] Sending 44.15 MB of losses
[2021-12-13 05:15:42 #248 INFO] Sending 33.74 MB of losses
[2021-12-13 05:15:43 #248 INFO] Sending 30.94 MB of losses
[2021-12-13 05:15:43 #248 INFO] Sent 50 tasks, 2.03 GB in 24 seconds
[2021-12-13 05:15:44 #248 INFO] post_risk   2% [50 submitted, 0 queued]
[2021-12-13 05:15:44 #248 INFO] post_risk   4% [50 submitted, 0 queued]
[2021-12-13 05:15:45 #248 INFO] post_risk   6% [50 submitted, 0 queued]
[2021-12-13 05:15:45 #248 INFO] post_risk   8% [50 submitted, 0 queued]
[2021-12-13 05:15:45 #248 INFO] post_risk  10% [50 submitted, 0 queued]
[2021-12-13 05:15:45 #248 INFO] post_risk  12% [50 submitted, 0 queued]
[2021-12-13 05:15:45 #248 INFO] post_risk  14% [50 submitted, 0 queued]
[2021-12-13 05:15:45 #248 INFO] post_risk  16% [50 submitted, 0 queued]
[2021-12-13 05:15:45 #248 INFO] post_risk  18% [50 submitted, 0 queued]
[2021-12-13 05:15:45 #248 INFO] post_risk  20% [50 submitted, 0 queued]
[2021-12-13 05:15:45 #248 INFO] post_risk  22% [50 submitted, 0 queued]
[2021-12-13 05:15:45 #248 INFO] post_risk  24% [50 submitted, 0 queued]
[2021-12-13 05:15:45 #248 INFO] post_risk  26% [50 submitted, 0 queued]
[2021-12-13 05:15:45 #248 INFO] post_risk  28% [50 submitted, 0 queued]
[2021-12-13 05:15:45 #248 INFO] post_risk  30% [50 submitted, 0 queued]
[2021-12-13 05:15:45 #248 INFO] post_risk  32% [50 submitted, 0 queued]
[2021-12-13 05:15:45 #248 INFO] post_risk  34% [50 submitted, 0 queued]
[2021-12-13 05:15:45 #248 INFO] post_risk  36% [50 submitted, 0 queued]
[2021-12-13 05:15:45 #248 INFO] post_risk  38% [50 submitted, 0 queued]
[2021-12-13 05:15:45 #248 INFO] post_risk  40% [50 submitted, 0 queued]
[2021-12-13 05:15:45 #248 INFO] post_risk  42% [50 submitted, 0 queued]
[2021-12-13 05:15:45 #248 INFO] post_risk  44% [50 submitted, 0 queued]
[2021-12-13 05:15:45 #248 INFO] post_risk  46% [50 submitted, 0 queued]
[2021-12-13 05:15:45 #248 INFO] post_risk  48% [50 submitted, 0 queued]
[2021-12-13 05:15:45 #248 INFO] post_risk  50% [50 submitted, 0 queued]
[2021-12-13 05:15:45 #248 INFO] post_risk  52% [50 submitted, 0 queued]
[2021-12-13 05:15:45 #248 INFO] post_risk  54% [50 submitted, 0 queued]
[2021-12-13 05:15:45 #248 INFO] post_risk  56% [50 submitted, 0 queued]
[2021-12-13 05:15:45 #248 INFO] post_risk  57% [50 submitted, 0 queued]
[2021-12-13 05:15:45 #248 INFO] post_risk  60% [50 submitted, 0 queued]
[2021-12-13 05:15:45 #248 INFO] post_risk  62% [50 submitted, 0 queued]
[2021-12-13 05:15:45 #248 INFO] post_risk  64% [50 submitted, 0 queued]
[2021-12-13 05:15:45 #248 INFO] post_risk  66% [50 submitted, 0 queued]
[2021-12-13 05:15:45 #248 INFO] post_risk  68% [50 submitted, 0 queued]
[2021-12-13 05:15:45 #248 INFO] post_risk  70% [50 submitted, 0 queued]
[2021-12-13 05:15:45 #248 INFO] post_risk  72% [50 submitted, 0 queued]
[2021-12-13 05:15:45 #248 INFO] post_risk  74% [50 submitted, 0 queued]
[2021-12-13 05:15:45 #248 INFO] post_risk  76% [50 submitted, 0 queued]
[2021-12-13 05:15:45 #248 INFO] post_risk  78% [50 submitted, 0 queued]
[2021-12-13 05:15:45 #248 INFO] post_risk  80% [50 submitted, 0 queued]
[2021-12-13 05:15:45 #248 INFO] post_risk  82% [50 submitted, 0 queued]
[2021-12-13 05:15:45 #248 INFO] post_risk  84% [50 submitted, 0 queued]
[2021-12-13 05:15:45 #248 INFO] post_risk  86% [50 submitted, 0 queued]
[2021-12-13 05:15:45 #248 INFO] post_risk  88% [50 submitted, 0 queued]
[2021-12-13 05:15:45 #248 INFO] post_risk  90% [50 submitted, 0 queued]
[2021-12-13 05:15:45 #248 INFO] post_risk  92% [50 submitted, 0 queued]
[2021-12-13 05:15:45 #248 INFO] post_risk  94% [50 submitted, 0 queued]
[2021-12-13 05:15:45 #248 INFO] post_risk  96% [50 submitted, 0 queued]
[2021-12-13 05:15:45 #248 INFO] post_risk  98% [50 submitted, 0 queued]
[2021-12-13 05:15:45 #248 INFO] post_risk 100% [50 submitted, 0 queued]
[2021-12-13 05:15:45 #248 INFO] Mean time per core=0s, std=0.2s, min=0s, max=1s
[2021-12-13 05:15:45 #248 INFO] Received {'tot': '19.65 MB'} in 2 seconds
[2021-12-13 05:16:06 #248 INFO] Total portfolio loss
==== ============== ============== ========= ==============
loss contents       nonstructural  occupants structural    
==== ============== ============== ========= ==============
avg  15_228_077_015 81_152_978_445 1_653     93_997_780_358
==== ============== ============== ========= ==============
[2021-12-13 05:16:06 #248 INFO] Sanity check on agg_losses
[2021-12-13 05:16:07 #248 INFO] Exposing the outputs to the database
[2021-12-13 05:16:07 #248 INFO] Stored 3.09 GB on /root/oqdata/calc_248.hdf5 in 15813 seconds
/home/ssm-user/src/oq-engine/openquake/hazardlib/gsim/base.py:347: ExperimentalWarning: CanadaSHM6_ActiveCrust_BooreEtAl2014 is experimental and may change in future versions - the user is liable for their application
  warnings.warn(msg, ExperimentalWarning)
/home/ssm-user/src/oq-engine/openquake/hazardlib/gsim/base.py:347: ExperimentalWarning: CanadaSHM6_ActiveCrust_BooreEtAl2014 is experimental and may change in future versions - the user is liable for their application
  warnings.warn(msg, ExperimentalWarning)
/home/ssm-user/src/oq-engine/openquake/hazardlib/gsim/base.py:347: ExperimentalWarning: CanadaSHM6_ActiveCrust_BooreEtAl2014 is experimental and may change in future versions - the user is liable for their application
  warnings.warn(msg, ExperimentalWarning)
/home/ssm-user/src/oq-engine/openquake/hazardlib/gsim/base.py:347: ExperimentalWarning: CanadaSHM6_ActiveCrust_BooreEtAl2014 is experimental and may change in future versions - the user is liable for their application
  warnings.warn(msg, ExperimentalWarning)
/home/ssm-user/src/oq-engine/openquake/hazardlib/gsim/base.py:347: ExperimentalWarning: CanadaSHM6_ActiveCrust_BooreEtAl2014 is experimental and may change in future versions - the user is liable for their application
  warnings.warn(msg, ExperimentalWarning)
/home/ssm-user/src/oq-engine/openquake/hazardlib/gsim/base.py:347: ExperimentalWarning: CanadaSHM6_ActiveCrust_BooreEtAl2014 is experimental and may change in future versions - the user is liable for their application
  warnings.warn(msg, ExperimentalWarning)
/home/ssm-user/src/oq-engine/openquake/hazardlib/gsim/base.py:347: ExperimentalWarning: CanadaSHM6_ActiveCrust_BooreEtAl2014 is experimental and may change in future versions - the user is liable for their application
  warnings.warn(msg, ExperimentalWarning)
/home/ssm-user/src/oq-engine/openquake/hazardlib/gsim/base.py:347: ExperimentalWarning: CanadaSHM6_ActiveCrust_BooreEtAl2014 is experimental and may change in future versions - the user is liable for their application
  warnings.warn(msg, ExperimentalWarning)
/home/ssm-user/src/oq-engine/openquake/hazardlib/gsim/base.py:347: ExperimentalWarning: CanadaSHM6_ActiveCrust_BooreEtAl2014 is experimental and may change in future versions - the user is liable for their application
  warnings.warn(msg, ExperimentalWarning)
/home/ssm-user/src/oq-engine/openquake/hazardlib/gsim/base.py:347: ExperimentalWarning: CanadaSHM6_ActiveCrust_BooreEtAl2014 is experimental and may change in future versions - the user is liable for their application
  warnings.warn(msg, ExperimentalWarning)
/home/ssm-user/src/oq-engine/openquake/hazardlib/gsim/base.py:347: ExperimentalWarning: CanadaSHM6_ActiveCrust_BooreEtAl2014 is experimental and may change in future versions - the user is liable for their application
  warnings.warn(msg, ExperimentalWarning)
/home/ssm-user/src/oq-engine/openquake/hazardlib/gsim/base.py:347: ExperimentalWarning: CanadaSHM6_ActiveCrust_BooreEtAl2014 is experimental and may change in future versions - the user is liable for their application
  warnings.warn(msg, ExperimentalWarning)
/home/ssm-user/src/oq-engine/openquake/hazardlib/gsim/base.py:347: ExperimentalWarning: CanadaSHM6_ActiveCrust_BooreEtAl2014 is experimental and may change in future versions - the user is liable for their application
  warnings.warn(msg, ExperimentalWarning)
/home/ssm-user/src/oq-engine/openquake/hazardlib/gsim/base.py:347: ExperimentalWarning: CanadaSHM6_ActiveCrust_BooreEtAl2014 is experimental and may change in future versions - the user is liable for their application
  warnings.warn(msg, ExperimentalWarning)
/home/ssm-user/src/oq-engine/openquake/hazardlib/gsim/base.py:347: ExperimentalWarning: CanadaSHM6_ActiveCrust_BooreEtAl2014 is experimental and may change in future versions - the user is liable for their application
  warnings.warn(msg, ExperimentalWarning)
/home/ssm-user/src/oq-engine/openquake/hazardlib/gsim/base.py:347: ExperimentalWarning: CanadaSHM6_ActiveCrust_BooreEtAl2014 is experimental and may change in future versions - the user is liable for their application
  warnings.warn(msg, ExperimentalWarning)
/home/ssm-user/src/oq-engine/openquake/hazardlib/gsim/base.py:347: ExperimentalWarning: CanadaSHM6_ActiveCrust_BooreEtAl2014 is experimental and may change in future versions - the user is liable for their application
  warnings.warn(msg, ExperimentalWarning)
/home/ssm-user/src/oq-engine/openquake/hazardlib/gsim/base.py:347: ExperimentalWarning: CanadaSHM6_ActiveCrust_BooreEtAl2014 is experimental and may change in future versions - the user is liable for their application
  warnings.warn(msg, ExperimentalWarning)
/home/ssm-user/src/oq-engine/openquake/hazardlib/gsim/base.py:347: ExperimentalWarning: CanadaSHM6_ActiveCrust_BooreEtAl2014 is experimental and may change in future versions - the user is liable for their application
  warnings.warn(msg, ExperimentalWarning)
/home/ssm-user/src/oq-engine/openquake/hazardlib/gsim/base.py:347: ExperimentalWarning: CanadaSHM6_ActiveCrust_BooreEtAl2014 is experimental and may change in future versions - the user is liable for their application
  warnings.warn(msg, ExperimentalWarning)
/home/ssm-user/src/oq-engine/openquake/hazardlib/gsim/base.py:347: ExperimentalWarning: CanadaSHM6_ActiveCrust_BooreEtAl2014 is experimental and may change in future versions - the user is liable for their application
  warnings.warn(msg, ExperimentalWarning)
/home/ssm-user/src/oq-engine/openquake/hazardlib/gsim/base.py:347: ExperimentalWarning: CanadaSHM6_ActiveCrust_BooreEtAl2014 is experimental and may change in future versions - the user is liable for their application
  warnings.warn(msg, ExperimentalWarning)
/home/ssm-user/src/oq-engine/openquake/hazardlib/gsim/base.py:347: ExperimentalWarning: CanadaSHM6_ActiveCrust_BooreEtAl2014 is experimental and may change in future versions - the user is liable for their application
  warnings.warn(msg, ExperimentalWarning)
/home/ssm-user/src/oq-engine/openquake/hazardlib/gsim/base.py:347: ExperimentalWarning: CanadaSHM6_ActiveCrust_BooreEtAl2014 is experimental and may change in future versions - the user is liable for their application
  warnings.warn(msg, ExperimentalWarning)
/home/ssm-user/src/oq-engine/openquake/hazardlib/gsim/base.py:347: ExperimentalWarning: CanadaSHM6_ActiveCrust_BooreEtAl2014 is experimental and may change in future versions - the user is liable for their application
  warnings.warn(msg, ExperimentalWarning)
/home/ssm-user/src/oq-engine/openquake/hazardlib/gsim/base.py:347: ExperimentalWarning: CanadaSHM6_ActiveCrust_BooreEtAl2014 is experimental and may change in future versions - the user is liable for their application
  warnings.warn(msg, ExperimentalWarning)
/home/ssm-user/src/oq-engine/openquake/hazardlib/gsim/base.py:347: ExperimentalWarning: CanadaSHM6_ActiveCrust_BooreEtAl2014 is experimental and may change in future versions - the user is liable for their application
  warnings.warn(msg, ExperimentalWarning)
/home/ssm-user/src/oq-engine/openquake/hazardlib/gsim/base.py:347: ExperimentalWarning: CanadaSHM6_ActiveCrust_BooreEtAl2014 is experimental and may change in future versions - the user is liable for their application
  warnings.warn(msg, ExperimentalWarning)
/home/ssm-user/src/oq-engine/openquake/hazardlib/gsim/base.py:347: ExperimentalWarning: CanadaSHM6_ActiveCrust_BooreEtAl2014 is experimental and may change in future versions - the user is liable for their application
  warnings.warn(msg, ExperimentalWarning)
/home/ssm-user/src/oq-engine/openquake/hazardlib/gsim/base.py:347: ExperimentalWarning: CanadaSHM6_ActiveCrust_BooreEtAl2014 is experimental and may change in future versions - the user is liable for their application
  warnings.warn(msg, ExperimentalWarning)
/home/ssm-user/src/oq-engine/openquake/hazardlib/gsim/base.py:347: ExperimentalWarning: CanadaSHM6_ActiveCrust_BooreEtAl2014 is experimental and may change in future versions - the user is liable for their application
  warnings.warn(msg, ExperimentalWarning)
/home/ssm-user/src/oq-engine/openquake/hazardlib/gsim/base.py:347: ExperimentalWarning: CanadaSHM6_ActiveCrust_BooreEtAl2014 is experimental and may change in future versions - the user is liable for their application
  warnings.warn(msg, ExperimentalWarning)
/home/ssm-user/src/oq-engine/openquake/hazardlib/gsim/base.py:347: ExperimentalWarning: CanadaSHM6_ActiveCrust_BooreEtAl2014 is experimental and may change in future versions - the user is liable for their application
  warnings.warn(msg, ExperimentalWarning)
/home/ssm-user/src/oq-engine/openquake/hazardlib/gsim/base.py:347: ExperimentalWarning: CanadaSHM6_ActiveCrust_BooreEtAl2014 is experimental and may change in future versions - the user is liable for their application
  warnings.warn(msg, ExperimentalWarning)
/home/ssm-user/src/oq-engine/openquake/hazardlib/gsim/base.py:347: ExperimentalWarning: CanadaSHM6_ActiveCrust_BooreEtAl2014 is experimental and may change in future versions - the user is liable for their application
  warnings.warn(msg, ExperimentalWarning)
/home/ssm-user/src/oq-engine/openquake/hazardlib/gsim/base.py:347: ExperimentalWarning: CanadaSHM6_ActiveCrust_BooreEtAl2014 is experimental and may change in future versions - the user is liable for their application
  warnings.warn(msg, ExperimentalWarning)
/home/ssm-user/src/oq-engine/openquake/hazardlib/gsim/base.py:347: ExperimentalWarning: CanadaSHM6_ActiveCrust_BooreEtAl2014 is experimental and may change in future versions - the user is liable for their application
  warnings.warn(msg, ExperimentalWarning)
/home/ssm-user/src/oq-engine/openquake/hazardlib/gsim/base.py:347: ExperimentalWarning: CanadaSHM6_ActiveCrust_BooreEtAl2014 is experimental and may change in future versions - the user is liable for their application
  warnings.warn(msg, ExperimentalWarning)
/home/ssm-user/src/oq-engine/openquake/hazardlib/gsim/base.py:347: ExperimentalWarning: CanadaSHM6_ActiveCrust_BooreEtAl2014 is experimental and may change in future versions - the user is liable for their application
  warnings.warn(msg, ExperimentalWarning)
/home/ssm-user/src/oq-engine/openquake/hazardlib/gsim/base.py:347: ExperimentalWarning: CanadaSHM6_ActiveCrust_BooreEtAl2014 is experimental and may change in future versions - the user is liable for their application
  warnings.warn(msg, ExperimentalWarning)
/home/ssm-user/src/oq-engine/openquake/hazardlib/gsim/base.py:347: ExperimentalWarning: CanadaSHM6_ActiveCrust_BooreEtAl2014 is experimental and may change in future versions - the user is liable for their application
  warnings.warn(msg, ExperimentalWarning)
/home/ssm-user/src/oq-engine/openquake/hazardlib/gsim/base.py:347: ExperimentalWarning: CanadaSHM6_ActiveCrust_BooreEtAl2014 is experimental and may change in future versions - the user is liable for their application
  warnings.warn(msg, ExperimentalWarning)
/home/ssm-user/src/oq-engine/openquake/hazardlib/gsim/base.py:347: ExperimentalWarning: CanadaSHM6_ActiveCrust_BooreEtAl2014 is experimental and may change in future versions - the user is liable for their application
  warnings.warn(msg, ExperimentalWarning)
/home/ssm-user/src/oq-engine/openquake/hazardlib/gsim/base.py:347: ExperimentalWarning: CanadaSHM6_ActiveCrust_BooreEtAl2014 is experimental and may change in future versions - the user is liable for their application
  warnings.warn(msg, ExperimentalWarning)
/home/ssm-user/src/oq-engine/openquake/hazardlib/gsim/base.py:347: ExperimentalWarning: CanadaSHM6_ActiveCrust_BooreEtAl2014 is experimental and may change in future versions - the user is liable for their application
  warnings.warn(msg, ExperimentalWarning)
/home/ssm-user/src/oq-engine/openquake/hazardlib/gsim/base.py:347: ExperimentalWarning: CanadaSHM6_ActiveCrust_BooreEtAl2014 is experimental and may change in future versions - the user is liable for their application
  warnings.warn(msg, ExperimentalWarning)
/home/ssm-user/src/oq-engine/openquake/hazardlib/gsim/base.py:347: ExperimentalWarning: CanadaSHM6_ActiveCrust_BooreEtAl2014 is experimental and may change in future versions - the user is liable for their application
  warnings.warn(msg, ExperimentalWarning)
/home/ssm-user/src/oq-engine/openquake/hazardlib/gsim/base.py:347: ExperimentalWarning: CanadaSHM6_ActiveCrust_BooreEtAl2014 is experimental and may change in future versions - the user is liable for their application
  warnings.warn(msg, ExperimentalWarning)
/home/ssm-user/src/oq-engine/openquake/hazardlib/gsim/base.py:347: ExperimentalWarning: CanadaSHM6_ActiveCrust_BooreEtAl2014 is experimental and may change in future versions - the user is liable for their application
  warnings.warn(msg, ExperimentalWarning)
/home/ssm-user/src/oq-engine/openquake/hazardlib/gsim/base.py:347: ExperimentalWarning: CanadaSHM6_ActiveCrust_BooreEtAl2014 is experimental and may change in future versions - the user is liable for their application
  warnings.warn(msg, ExperimentalWarning)
/home/ssm-user/src/oq-engine/openquake/hazardlib/gsim/base.py:347: ExperimentalWarning: CanadaSHM6_ActiveCrust_BooreEtAl2014 is experimental and may change in future versions - the user is liable for their application
  warnings.warn(msg, ExperimentalWarning)
/home/ssm-user/src/oq-engine/openquake/hazardlib/gsim/base.py:347: ExperimentalWarning: CanadaSHM6_ActiveCrust_BooreEtAl2014 is experimental and may change in future versions - the user is liable for their application
  warnings.warn(msg, ExperimentalWarning)
/home/ssm-user/src/oq-engine/openquake/hazardlib/gsim/base.py:347: ExperimentalWarning: CanadaSHM6_ActiveCrust_BooreEtAl2014 is experimental and may change in future versions - the user is liable for their application
  warnings.warn(msg, ExperimentalWarning)
/home/ssm-user/src/oq-engine/openquake/hazardlib/gsim/base.py:347: ExperimentalWarning: CanadaSHM6_ActiveCrust_BooreEtAl2014 is experimental and may change in future versions - the user is liable for their application
  warnings.warn(msg, ExperimentalWarning)
/home/ssm-user/src/oq-engine/openquake/hazardlib/gsim/base.py:347: ExperimentalWarning: CanadaSHM6_ActiveCrust_BooreEtAl2014 is experimental and may change in future versions - the user is liable for their application
  warnings.warn(msg, ExperimentalWarning)
/home/ssm-user/src/oq-engine/openquake/hazardlib/gsim/base.py:347: ExperimentalWarning: CanadaSHM6_ActiveCrust_BooreEtAl2014 is experimental and may change in future versions - the user is liable for their application
  warnings.warn(msg, ExperimentalWarning)
/home/ssm-user/src/oq-engine/openquake/hazardlib/gsim/base.py:347: ExperimentalWarning: CanadaSHM6_ActiveCrust_BooreEtAl2014 is experimental and may change in future versions - the user is liable for their application
  warnings.warn(msg, ExperimentalWarning)
/home/ssm-user/src/oq-engine/openquake/hazardlib/gsim/base.py:347: ExperimentalWarning: CanadaSHM6_ActiveCrust_BooreEtAl2014 is experimental and may change in future versions - the user is liable for their application
  warnings.warn(msg, ExperimentalWarning)
/home/ssm-user/src/oq-engine/openquake/hazardlib/gsim/base.py:347: ExperimentalWarning: CanadaSHM6_ActiveCrust_BooreEtAl2014 is experimental and may change in future versions - the user is liable for their application
  warnings.warn(msg, ExperimentalWarning)
/home/ssm-user/src/oq-engine/openquake/hazardlib/gsim/base.py:347: ExperimentalWarning: CanadaSHM6_ActiveCrust_BooreEtAl2014 is experimental and may change in future versions - the user is liable for their application
  warnings.warn(msg, ExperimentalWarning)
/home/ssm-user/src/oq-engine/openquake/hazardlib/gsim/base.py:347: ExperimentalWarning: CanadaSHM6_ActiveCrust_BooreEtAl2014 is experimental and may change in future versions - the user is liable for their application
  warnings.warn(msg, ExperimentalWarning)
/home/ssm-user/src/oq-engine/openquake/hazardlib/gsim/base.py:347: ExperimentalWarning: CanadaSHM6_ActiveCrust_BooreEtAl2014 is experimental and may change in future versions - the user is liable for their application
  warnings.warn(msg, ExperimentalWarning)
/home/ssm-user/src/oq-engine/openquake/hazardlib/gsim/base.py:347: ExperimentalWarning: CanadaSHM6_ActiveCrust_BooreEtAl2014 is experimental and may change in future versions - the user is liable for their application
  warnings.warn(msg, ExperimentalWarning)
/home/ssm-user/src/oq-engine/openquake/hazardlib/gsim/base.py:347: ExperimentalWarning: CanadaSHM6_ActiveCrust_BooreEtAl2014 is experimental and may change in future versions - the user is liable for their application
  warnings.warn(msg, ExperimentalWarning)
/home/ssm-user/src/oq-engine/openquake/hazardlib/gsim/base.py:347: ExperimentalWarning: CanadaSHM6_ActiveCrust_BooreEtAl2014 is experimental and may change in future versions - the user is liable for their application
  warnings.warn(msg, ExperimentalWarning)
/home/ssm-user/src/oq-engine/openquake/hazardlib/gsim/base.py:347: ExperimentalWarning: CanadaSHM6_ActiveCrust_BooreEtAl2014 is experimental and may change in future versions - the user is liable for their application
  warnings.warn(msg, ExperimentalWarning)
/home/ssm-user/src/oq-engine/openquake/hazardlib/gsim/base.py:347: ExperimentalWarning: CanadaSHM6_ActiveCrust_BooreEtAl2014 is experimental and may change in future versions - the user is liable for their application
  warnings.warn(msg, ExperimentalWarning)
/home/ssm-user/src/oq-engine/openquake/hazardlib/gsim/base.py:347: ExperimentalWarning: CanadaSHM6_ActiveCrust_BooreEtAl2014 is experimental and may change in future versions - the user is liable for their application
  warnings.warn(msg, ExperimentalWarning)
/home/ssm-user/src/oq-engine/openquake/hazardlib/gsim/base.py:347: ExperimentalWarning: CanadaSHM6_ActiveCrust_BooreEtAl2014 is experimental and may change in future versions - the user is liable for their application
  warnings.warn(msg, ExperimentalWarning)
/home/ssm-user/src/oq-engine/openquake/hazardlib/gsim/base.py:347: ExperimentalWarning: CanadaSHM6_ActiveCrust_BooreEtAl2014 is experimental and may change in future versions - the user is liable for their application
  warnings.warn(msg, ExperimentalWarning)
/home/ssm-user/src/oq-engine/openquake/hazardlib/gsim/base.py:347: ExperimentalWarning: CanadaSHM6_ActiveCrust_BooreEtAl2014 is experimental and may change in future versions - the user is liable for their application
  warnings.warn(msg, ExperimentalWarning)
/home/ssm-user/src/oq-engine/openquake/hazardlib/gsim/base.py:347: ExperimentalWarning: CanadaSHM6_ActiveCrust_BooreEtAl2014 is experimental and may change in future versions - the user is liable for their application
  warnings.warn(msg, ExperimentalWarning)
/home/ssm-user/src/oq-engine/openquake/hazardlib/gsim/base.py:347: ExperimentalWarning: CanadaSHM6_ActiveCrust_BooreEtAl2014 is experimental and may change in future versions - the user is liable for their application
  warnings.warn(msg, ExperimentalWarning)
/home/ssm-user/src/oq-engine/openquake/hazardlib/gsim/base.py:347: ExperimentalWarning: CanadaSHM6_ActiveCrust_BooreEtAl2014 is experimental and may change in future versions - the user is liable for their application
  warnings.warn(msg, ExperimentalWarning)
/home/ssm-user/src/oq-engine/openquake/hazardlib/gsim/base.py:347: ExperimentalWarning: CanadaSHM6_ActiveCrust_BooreEtAl2014 is experimental and may change in future versions - the user is liable for their application
  warnings.warn(msg, ExperimentalWarning)
/home/ssm-user/src/oq-engine/openquake/hazardlib/gsim/base.py:347: ExperimentalWarning: CanadaSHM6_ActiveCrust_BooreEtAl2014 is experimental and may change in future versions - the user is liable for their application
  warnings.warn(msg, ExperimentalWarning)
/home/ssm-user/src/oq-engine/openquake/hazardlib/gsim/base.py:347: ExperimentalWarning: CanadaSHM6_ActiveCrust_BooreEtAl2014 is experimental and may change in future versions - the user is liable for their application
  warnings.warn(msg, ExperimentalWarning)
/home/ssm-user/src/oq-engine/openquake/hazardlib/gsim/base.py:347: ExperimentalWarning: CanadaSHM6_ActiveCrust_BooreEtAl2014 is experimental and may change in future versions - the user is liable for their application
  warnings.warn(msg, ExperimentalWarning)
/home/ssm-user/src/oq-engine/openquake/hazardlib/gsim/base.py:347: ExperimentalWarning: CanadaSHM6_ActiveCrust_BooreEtAl2014 is experimental and may change in future versions - the user is liable for their application
  warnings.warn(msg, ExperimentalWarning)
/home/ssm-user/src/oq-engine/openquake/hazardlib/gsim/base.py:347: ExperimentalWarning: CanadaSHM6_ActiveCrust_BooreEtAl2014 is experimental and may change in future versions - the user is liable for their application
  warnings.warn(msg, ExperimentalWarning)
/home/ssm-user/src/oq-engine/openquake/hazardlib/gsim/base.py:347: ExperimentalWarning: CanadaSHM6_ActiveCrust_BooreEtAl2014 is experimental and may change in future versions - the user is liable for their application
  warnings.warn(msg, ExperimentalWarning)
/home/ssm-user/src/oq-engine/openquake/hazardlib/gsim/base.py:347: ExperimentalWarning: CanadaSHM6_ActiveCrust_BooreEtAl2014 is experimental and may change in future versions - the user is liable for their application
  warnings.warn(msg, ExperimentalWarning)
/home/ssm-user/src/oq-engine/openquake/hazardlib/gsim/base.py:347: ExperimentalWarning: CanadaSHM6_ActiveCrust_BooreEtAl2014 is experimental and may change in future versions - the user is liable for their application
  warnings.warn(msg, ExperimentalWarning)
/home/ssm-user/src/oq-engine/openquake/hazardlib/gsim/base.py:347: ExperimentalWarning: CanadaSHM6_ActiveCrust_BooreEtAl2014 is experimental and may change in future versions - the user is liable for their application
  warnings.warn(msg, ExperimentalWarning)
/home/ssm-user/src/oq-engine/openquake/hazardlib/gsim/base.py:347: ExperimentalWarning: CanadaSHM6_ActiveCrust_BooreEtAl2014 is experimental and may change in future versions - the user is liable for their application
  warnings.warn(msg, ExperimentalWarning)
/home/ssm-user/src/oq-engine/openquake/hazardlib/gsim/base.py:347: ExperimentalWarning: CanadaSHM6_ActiveCrust_BooreEtAl2014 is experimental and may change in future versions - the user is liable for their application
  warnings.warn(msg, ExperimentalWarning)
/home/ssm-user/src/oq-engine/openquake/hazardlib/gsim/base.py:347: ExperimentalWarning: CanadaSHM6_ActiveCrust_BooreEtAl2014 is experimental and may change in future versions - the user is liable for their application
  warnings.warn(msg, ExperimentalWarning)
/home/ssm-user/src/oq-engine/openquake/hazardlib/gsim/base.py:347: ExperimentalWarning: CanadaSHM6_ActiveCrust_BooreEtAl2014 is experimental and may change in future versions - the user is liable for their application
  warnings.warn(msg, ExperimentalWarning)
/home/ssm-user/src/oq-engine/openquake/hazardlib/gsim/base.py:347: ExperimentalWarning: CanadaSHM6_ActiveCrust_BooreEtAl2014 is experimental and may change in future versions - the user is liable for their application
  warnings.warn(msg, ExperimentalWarning)
/home/ssm-user/src/oq-engine/openquake/hazardlib/gsim/base.py:347: ExperimentalWarning: CanadaSHM6_ActiveCrust_BooreEtAl2014 is experimental and may change in future versions - the user is liable for their application
  warnings.warn(msg, ExperimentalWarning)
/home/ssm-user/src/oq-engine/openquake/hazardlib/gsim/base.py:347: ExperimentalWarning: CanadaSHM6_ActiveCrust_BooreEtAl2014 is experimental and may change in future versions - the user is liable for their application
  warnings.warn(msg, ExperimentalWarning)
/home/ssm-user/src/oq-engine/openquake/hazardlib/gsim/base.py:347: ExperimentalWarning: CanadaSHM6_ActiveCrust_BooreEtAl2014 is experimental and may change in future versions - the user is liable for their application
  warnings.warn(msg, ExperimentalWarning)
/home/ssm-user/src/oq-engine/openquake/hazardlib/gsim/base.py:347: ExperimentalWarning: CanadaSHM6_ActiveCrust_BooreEtAl2014 is experimental and may change in future versions - the user is liable for their application
  warnings.warn(msg, ExperimentalWarning)
/home/ssm-user/src/oq-engine/openquake/hazardlib/gsim/base.py:347: ExperimentalWarning: CanadaSHM6_ActiveCrust_BooreEtAl2014 is experimental and may change in future versions - the user is liable for their application
  warnings.warn(msg, ExperimentalWarning)
/home/ssm-user/src/oq-engine/openquake/hazardlib/gsim/base.py:347: ExperimentalWarning: CanadaSHM6_ActiveCrust_BooreEtAl2014 is experimental and may change in future versions - the user is liable for their application
  warnings.warn(msg, ExperimentalWarning)
/home/ssm-user/src/oq-engine/openquake/hazardlib/gsim/base.py:347: ExperimentalWarning: CanadaSHM6_ActiveCrust_BooreEtAl2014 is experimental and may change in future versions - the user is liable for their application
  warnings.warn(msg, ExperimentalWarning)
[2021-12-13 05:16:08 #248 INFO] Stopping the workers
  id | name
1522 | Aggregate Event Losses
1521 | Aggregate Loss Curves Statistics
1523 | Aggregate Losses Statistics
1524 | Average Asset Losses Statistics
1525 | Full Report
1526 | Realizations
1527 | Source Loss Table
