/home/ssm-user/src/oq-engine/openquake/hazardlib/gsim/base.py:347: ExperimentalWarning: CanadaSHM6_ActiveCrust_BooreEtAl2014 is experimental and may change in future versions - the user is liable for their application
  warnings.warn(msg, ExperimentalWarning)
/home/ssm-user/src/oq-engine/openquake/hazardlib/gsim/base.py:347: ExperimentalWarning: CanadaSHM6_ActiveCrust_AbrahamsonEtAl2014 is experimental and may change in future versions - the user is liable for their application
  warnings.warn(msg, ExperimentalWarning)
/home/ssm-user/src/oq-engine/openquake/hazardlib/gsim/base.py:347: ExperimentalWarning: CanadaSHM6_ActiveCrust_BooreEtAl2014 is experimental and may change in future versions - the user is liable for their application
  warnings.warn(msg, ExperimentalWarning)
/home/ssm-user/src/oq-engine/openquake/hazardlib/gsim/base.py:347: ExperimentalWarning: CanadaSHM6_ActiveCrust_CampbellBozorgnia2014 is experimental and may change in future versions - the user is liable for their application
  warnings.warn(msg, ExperimentalWarning)
/home/ssm-user/src/oq-engine/openquake/hazardlib/gsim/base.py:347: ExperimentalWarning: CanadaSHM6_ActiveCrust_ChiouYoungs2014 is experimental and may change in future versions - the user is liable for their application
  warnings.warn(msg, ExperimentalWarning)
[2021-12-11 14:37:32 #241 INFO] root running /mnt/storage/canada-srm2/ebRisk/input/ebRisk_b0_QC_H_Misc.ini [--hc=None]
[2021-12-11 14:37:32 #241 INFO] Using engine version 3.11.3-git0cccb86798
[2021-12-11 14:37:33 #241 WARNING] Version v3.12.1 of the engine is available, but you are still using version 3.11.3-git0cccb86798
[2021-12-11 14:37:33 #241 WARNING] Using 96 cores on ip-10-70-136-20
[2021-12-11 14:37:33 #241 INFO] Validated nationalModel.xml in 0.01 seconds
[2021-12-11 14:37:33 #241 INFO] Checksum of the input files: 514598877
[2021-12-11 14:37:33 #241 INFO] Reading the risk model if present
[2021-12-11 14:37:55 #241 INFO] Reading /mnt/storage/openquake-inputs/exposure/general-building-stock/oqBldgExp_QC_H_Misc.xml
[2021-12-11 14:37:57 #241 INFO] Extracting the hazard sites from the site model
[2021-12-11 14:38:00 #241 INFO] Associated 15338 assets to 746 sites
[2021-12-11 14:38:02 #241 INFO] Reducing risk model from 7260 to 525 taxonomies
[2021-12-11 14:38:04 #241 INFO] minimum_asset_loss={'contents': 0, 'nonstructural': 0, 'occupants': 0, 'structural': 0}
[2021-12-11 14:38:04 #241 INFO] Storing 980 aggregation keys
[2021-12-11 14:38:04 #241 INFO] Considering 200 logic tree paths out of 24_576
[2021-12-11 14:38:04 #241 INFO] Reading the source model(s) in parallel
[2021-12-11 14:38:07 #241 INFO] read_source_model  16% [6 submitted, 0 queued]
[2021-12-11 14:38:07 #241 INFO] read_source_model  33% [6 submitted, 0 queued]
[2021-12-11 14:38:07 #241 INFO] read_source_model  50% [6 submitted, 0 queued]
[2021-12-11 14:38:07 #241 INFO] read_source_model  66% [6 submitted, 0 queued]
[2021-12-11 14:38:07 #241 INFO] read_source_model  83% [6 submitted, 0 queued]
[2021-12-11 14:38:07 #241 INFO] read_source_model 100% [6 submitted, 0 queued]
[2021-12-11 14:38:07 #241 INFO] Mean time per core=0s, std=0.0s, min=0s, max=0s
[2021-12-11 14:38:07 #241 INFO] Received {'/mnt/storage/CanadaSHM6/OpenQuake_model_files/sources/nationalModel/xml/simplifiedModel/WCan_HYeast_Harctic_simplified_collapsedRates.xml': '157.72 KB', '/mnt/storage/CanadaSHM6/OpenQuake_model_files/sources/nationalModel/xml/simplifiedModel/WCan_H2east_Harctic_simplified_collapsedRates.xml': '152.1 KB', '/mnt/storage/CanadaSHM6/OpenQuake_model_files/sources/nationalModel/xml/simplifiedModel/WCan_HYeast_Rarctic_simplified_collapsedRates.xml': '151.35 KB', '/mnt/storage/CanadaSHM6/OpenQuake_model_files/sources/nationalModel/xml/simplifiedModel/WCan_H2east_Rarctic_simplified_collapsedRates.xml': '145.73 KB', '/mnt/storage/CanadaSHM6/OpenQuake_model_files/sources/nationalModel/xml/simplifiedModel/WCan_R2east_Harctic_simplified_collapsedRates.xml': '137.01 KB', '/mnt/storage/CanadaSHM6/OpenQuake_model_files/sources/nationalModel/xml/simplifiedModel/WCan_R2east_Rarctic_simplified_collapsedRates.xml': '130.86 KB'} in 0 seconds
/home/ssm-user/src/oq-engine/openquake/hazardlib/gsim/base.py:347: ExperimentalWarning: CanadaSHM6_ActiveCrust_BooreEtAl2014 is experimental and may change in future versions - the user is liable for their application
  warnings.warn(msg, ExperimentalWarning)
/home/ssm-user/src/oq-engine/openquake/hazardlib/gsim/base.py:347: ExperimentalWarning: CanadaSHM6_ActiveCrust_BooreEtAl2014 is experimental and may change in future versions - the user is liable for their application
  warnings.warn(msg, ExperimentalWarning)
/home/ssm-user/src/oq-engine/openquake/hazardlib/gsim/base.py:347: ExperimentalWarning: CanadaSHM6_ActiveCrust_BooreEtAl2014 is experimental and may change in future versions - the user is liable for their application
  warnings.warn(msg, ExperimentalWarning)
/home/ssm-user/src/oq-engine/openquake/hazardlib/gsim/base.py:347: ExperimentalWarning: CanadaSHM6_ActiveCrust_BooreEtAl2014 is experimental and may change in future versions - the user is liable for their application
  warnings.warn(msg, ExperimentalWarning)
/home/ssm-user/src/oq-engine/openquake/hazardlib/gsim/base.py:347: ExperimentalWarning: CanadaSHM6_ActiveCrust_BooreEtAl2014 is experimental and may change in future versions - the user is liable for their application
  warnings.warn(msg, ExperimentalWarning)
/home/ssm-user/src/oq-engine/openquake/hazardlib/gsim/base.py:347: ExperimentalWarning: CanadaSHM6_ActiveCrust_BooreEtAl2014 is experimental and may change in future versions - the user is liable for their application
  warnings.warn(msg, ExperimentalWarning)
[2021-12-11 14:38:07 #241 INFO] There are multiple different sources with the same ID [<AreaSource SCCYA;0>, <AreaSource SCCYA;1>]
[2021-12-11 14:38:07 #241 INFO] There are 13 groups and 198 sources with len(et_ids)=3.87
[2021-12-11 14:38:07 #241 INFO] Checking the sources bounding box
[2021-12-11 14:38:07 #241 ERROR] source ACM: The buffer of 600 km is too large, the bounding box is larger than half the globe: 219 degrees
[2021-12-11 14:38:07 #241 INFO] Rupture floating factor = 1.6303030303030304
[2021-12-11 14:38:08 #241 INFO] Rupture spinning factor = 3.2181818181818183
[2021-12-11 14:38:08 #241 INFO] gzipping the input files
[2021-12-11 14:38:12 #241 INFO] Storing risk model
[2021-12-11 14:38:12 #241 INFO] minimum_intensity={'default': 0.05, 'SA(0.3)': 0.02, 'SA(0.6)': 0.05, 'SA(1.0)': 0.05, 'SA(2.0)': 0.05}
[2021-12-11 14:38:12 #241 INFO] Building ruptures
[2021-12-11 14:39:48 #241 INFO] Sending <SourceGroup Subduction IntraSlab30, 1 source(s)>
[2021-12-11 14:39:48 #241 INFO] Sending <SourceGroup Subduction IntraSlab55, 4 source(s)>
[2021-12-11 14:39:48 #241 INFO] Sending <SourceGroup Subduction Interface, 14 source(s)>
[2021-12-11 14:39:48 #241 INFO] Sending <SourceGroup Stable Shallow Crust, 29 source(s)>
[2021-12-11 14:39:48 #241 INFO] Sending <SourceGroup Stable Shallow Crust, 4 source(s)>
[2021-12-11 14:39:48 #241 INFO] Sending <SourceGroup Stable Shallow Crust, 6 source(s)>
[2021-12-11 14:39:48 #241 INFO] Sending <SourceGroup Stable Shallow Crust, 18 source(s)>
[2021-12-11 14:39:48 #241 INFO] Sending <SourceGroup Stable Shallow Crust, 10 source(s)>
[2021-12-11 14:39:48 #241 INFO] Sending <SourceGroup Stable Shallow Crust, 38 source(s)>
[2021-12-11 14:39:48 #241 INFO] Sending <SourceGroup Stable Shallow Crust, 14 source(s)>
[2021-12-11 14:39:48 #241 INFO] Sending <SourceGroup Active Shallow Crust, 1 source(s)>
[2021-12-11 14:39:48 #241 INFO] Sending <SourceGroup Active Shallow Crust, 58 source(s)>
[2021-12-11 14:39:48 #241 INFO] Sending <SourceGroup Active Shallow Crust, 1 source(s)>
[2021-12-11 14:39:51 #241 INFO] Sent 96 tasks, 66.14 MB in 0 seconds
[2021-12-11 14:39:52 #241 INFO] sample_ruptures   1% [98 submitted, 5 queued]
[2021-12-11 14:39:52 #241 INFO] sample_ruptures   2% [99 submitted, 4 queued]
[2021-12-11 14:39:52 #241 INFO] sample_ruptures   3% [100 submitted, 3 queued]
[2021-12-11 14:39:52 #241 INFO] sample_ruptures   4% [101 submitted, 2 queued]
[2021-12-11 14:39:52 #241 INFO] sample_ruptures   5% [102 submitted, 1 queued]
[2021-12-11 14:39:52 #241 INFO] sample_ruptures   6% [103 submitted, 0 queued]
[2021-12-11 14:39:52 #241 INFO] sample_ruptures   7% [103 submitted, 0 queued]
[2021-12-11 14:39:52 #241 INFO] sample_ruptures   8% [103 submitted, 0 queued]
[2021-12-11 14:39:53 #241 INFO] sample_ruptures   9% [103 submitted, 0 queued]
[2021-12-11 14:39:53 #241 INFO] sample_ruptures  10% [103 submitted, 0 queued]
[2021-12-11 14:39:53 #241 INFO] sample_ruptures  11% [103 submitted, 0 queued]
[2021-12-11 14:39:53 #241 INFO] sample_ruptures  12% [103 submitted, 0 queued]
[2021-12-11 14:39:53 #241 INFO] sample_ruptures  13% [103 submitted, 0 queued]
[2021-12-11 14:39:53 #241 INFO] sample_ruptures  14% [103 submitted, 0 queued]
[2021-12-11 14:39:53 #241 INFO] sample_ruptures  15% [103 submitted, 0 queued]
[2021-12-11 14:39:53 #241 INFO] sample_ruptures  16% [103 submitted, 0 queued]
[2021-12-11 14:39:53 #241 INFO] sample_ruptures  17% [103 submitted, 0 queued]
[2021-12-11 14:39:53 #241 INFO] sample_ruptures  18% [103 submitted, 0 queued]
[2021-12-11 14:39:53 #241 INFO] sample_ruptures  19% [103 submitted, 0 queued]
[2021-12-11 14:39:53 #241 INFO] sample_ruptures  20% [103 submitted, 0 queued]
[2021-12-11 14:39:53 #241 INFO] sample_ruptures  21% [103 submitted, 0 queued]
[2021-12-11 14:39:53 #241 INFO] sample_ruptures  22% [103 submitted, 0 queued]
[2021-12-11 14:39:53 #241 INFO] sample_ruptures  23% [103 submitted, 0 queued]
[2021-12-11 14:39:53 #241 INFO] sample_ruptures  24% [103 submitted, 0 queued]
[2021-12-11 14:39:53 #241 INFO] sample_ruptures  25% [103 submitted, 0 queued]
[2021-12-11 14:39:53 #241 INFO] sample_ruptures  26% [103 submitted, 0 queued]
[2021-12-11 14:39:53 #241 INFO] sample_ruptures  27% [103 submitted, 0 queued]
[2021-12-11 14:39:53 #241 INFO] sample_ruptures  28% [103 submitted, 0 queued]
[2021-12-11 14:39:53 #241 INFO] sample_ruptures  29% [103 submitted, 0 queued]
[2021-12-11 14:39:53 #241 INFO] sample_ruptures  30% [103 submitted, 0 queued]
[2021-12-11 14:39:53 #241 INFO] sample_ruptures  31% [103 submitted, 0 queued]
[2021-12-11 14:39:53 #241 INFO] sample_ruptures  32% [103 submitted, 0 queued]
[2021-12-11 14:39:53 #241 INFO] sample_ruptures  33% [103 submitted, 0 queued]
[2021-12-11 14:39:53 #241 INFO] sample_ruptures  34% [103 submitted, 0 queued]
[2021-12-11 14:39:53 #241 INFO] sample_ruptures  35% [103 submitted, 0 queued]
[2021-12-11 14:39:53 #241 INFO] sample_ruptures  36% [103 submitted, 0 queued]
[2021-12-11 14:39:53 #241 INFO] sample_ruptures  37% [103 submitted, 0 queued]
[2021-12-11 14:39:53 #241 INFO] sample_ruptures  38% [103 submitted, 0 queued]
[2021-12-11 14:39:53 #241 INFO] sample_ruptures  39% [103 submitted, 0 queued]
[2021-12-11 14:39:53 #241 INFO] sample_ruptures  40% [103 submitted, 0 queued]
[2021-12-11 14:39:53 #241 INFO] sample_ruptures  41% [103 submitted, 0 queued]
[2021-12-11 14:39:53 #241 INFO] sample_ruptures  42% [103 submitted, 0 queued]
[2021-12-11 14:39:53 #241 INFO] sample_ruptures  43% [103 submitted, 0 queued]
[2021-12-11 14:39:53 #241 INFO] sample_ruptures  44% [103 submitted, 0 queued]
[2021-12-11 14:39:53 #241 INFO] sample_ruptures  45% [103 submitted, 0 queued]
[2021-12-11 14:39:53 #241 INFO] sample_ruptures  46% [103 submitted, 0 queued]
[2021-12-11 14:39:53 #241 INFO] sample_ruptures  47% [103 submitted, 0 queued]
[2021-12-11 14:39:53 #241 INFO] sample_ruptures  48% [103 submitted, 0 queued]
[2021-12-11 14:39:53 #241 INFO] sample_ruptures  49% [103 submitted, 0 queued]
[2021-12-11 14:39:53 #241 INFO] sample_ruptures  50% [103 submitted, 0 queued]
[2021-12-11 14:39:53 #241 INFO] sample_ruptures  51% [103 submitted, 0 queued]
[2021-12-11 14:39:53 #241 INFO] sample_ruptures  52% [103 submitted, 0 queued]
[2021-12-11 14:39:54 #241 INFO] sample_ruptures  53% [103 submitted, 0 queued]
[2021-12-11 14:39:54 #241 INFO] sample_ruptures  54% [103 submitted, 0 queued]
[2021-12-11 14:39:54 #241 INFO] sample_ruptures  55% [103 submitted, 0 queued]
[2021-12-11 14:39:54 #241 INFO] sample_ruptures  56% [103 submitted, 0 queued]
[2021-12-11 14:39:54 #241 INFO] sample_ruptures  57% [103 submitted, 0 queued]
[2021-12-11 14:39:54 #241 INFO] sample_ruptures  58% [103 submitted, 0 queued]
[2021-12-11 14:39:54 #241 INFO] sample_ruptures  59% [103 submitted, 0 queued]
[2021-12-11 14:39:54 #241 INFO] sample_ruptures  60% [103 submitted, 0 queued]
[2021-12-11 14:39:54 #241 INFO] sample_ruptures  61% [103 submitted, 0 queued]
[2021-12-11 14:39:54 #241 INFO] sample_ruptures  62% [103 submitted, 0 queued]
[2021-12-11 14:39:54 #241 INFO] sample_ruptures  63% [103 submitted, 0 queued]
[2021-12-11 14:39:54 #241 INFO] sample_ruptures  64% [103 submitted, 0 queued]
[2021-12-11 14:39:54 #241 INFO] sample_ruptures  65% [103 submitted, 0 queued]
[2021-12-11 14:39:54 #241 INFO] sample_ruptures  66% [103 submitted, 0 queued]
[2021-12-11 14:39:54 #241 INFO] sample_ruptures  67% [103 submitted, 0 queued]
[2021-12-11 14:39:54 #241 INFO] sample_ruptures  68% [103 submitted, 0 queued]
[2021-12-11 14:40:06 #241 INFO] sample_ruptures  69% [103 submitted, 0 queued]
[2021-12-11 14:40:06 #241 INFO] sample_ruptures  70% [103 submitted, 0 queued]
[2021-12-11 14:40:06 #241 INFO] sample_ruptures  71% [103 submitted, 0 queued]
[2021-12-11 14:40:10 #241 INFO] sample_ruptures  72% [103 submitted, 0 queued]
[2021-12-11 14:40:11 #241 INFO] sample_ruptures  73% [103 submitted, 0 queued]
[2021-12-11 14:40:12 #241 INFO] sample_ruptures  74% [103 submitted, 0 queued]
[2021-12-11 14:40:13 #241 INFO] sample_ruptures  75% [103 submitted, 0 queued]
[2021-12-11 14:40:16 #241 INFO] sample_ruptures  76% [103 submitted, 0 queued]
[2021-12-11 14:40:16 #241 INFO] sample_ruptures  77% [103 submitted, 0 queued]
[2021-12-11 14:40:17 #241 INFO] sample_ruptures  78% [103 submitted, 0 queued]
[2021-12-11 14:40:18 #241 INFO] sample_ruptures  79% [103 submitted, 0 queued]
[2021-12-11 14:40:25 #241 INFO] sample_ruptures  80% [103 submitted, 0 queued]
[2021-12-11 14:40:26 #241 INFO] sample_ruptures  81% [103 submitted, 0 queued]
[2021-12-11 14:40:27 #241 INFO] sample_ruptures  82% [103 submitted, 0 queued]
[2021-12-11 14:40:31 #241 INFO] sample_ruptures  83% [103 submitted, 0 queued]
[2021-12-11 14:40:32 #241 INFO] sample_ruptures  84% [103 submitted, 0 queued]
[2021-12-11 14:40:32 #241 INFO] sample_ruptures  85% [103 submitted, 0 queued]
[2021-12-11 14:40:32 #241 INFO] sample_ruptures  86% [103 submitted, 0 queued]
[2021-12-11 14:40:34 #241 INFO] sample_ruptures  87% [103 submitted, 0 queued]
[2021-12-11 14:40:36 #241 INFO] sample_ruptures  88% [103 submitted, 0 queued]
[2021-12-11 14:40:47 #241 INFO] sample_ruptures  89% [103 submitted, 0 queued]
[2021-12-11 14:41:00 #241 INFO] sample_ruptures  90% [103 submitted, 0 queued]
[2021-12-11 14:41:12 #241 INFO] sample_ruptures  91% [103 submitted, 0 queued]
[2021-12-11 14:41:14 #241 INFO] sample_ruptures  92% [103 submitted, 0 queued]
[2021-12-11 14:41:16 #241 INFO] sample_ruptures  93% [103 submitted, 0 queued]
[2021-12-11 14:41:26 #241 INFO] sample_ruptures  94% [103 submitted, 0 queued]
[2021-12-11 14:41:47 #241 INFO] sample_ruptures  95% [103 submitted, 0 queued]
[2021-12-11 14:41:47 #241 INFO] sample_ruptures  96% [103 submitted, 0 queued]
[2021-12-11 14:41:49 #241 INFO] sample_ruptures  97% [103 submitted, 0 queued]
[2021-12-11 14:41:50 #241 INFO] sample_ruptures  98% [103 submitted, 0 queued]
[2021-12-11 14:42:29 #241 INFO] sample_ruptures  99% [103 submitted, 0 queued]
[2021-12-11 14:44:07 #241 INFO] sample_ruptures 100% [103 submitted, 0 queued]
[2021-12-11 14:44:07 #241 INFO] Mean time per core=20s, std=41.3s, min=0s, max=255s
[2021-12-11 14:44:07 #241 INFO] Received {'rup_array': '175.97 MB', 'calc_times': '23.06 KB', 'eff_ruptures': '4.33 KB'} in 256 seconds
[2021-12-11 14:44:07 #241 INFO] There are 200 realization(s)
[2021-12-11 14:44:07 #241 INFO] Reordering the ruptures and storing the events
[2021-12-11 14:44:08 #241 INFO] Associating event_id -> rlz_id for 2_552_620 events and 845_947 ruptures
[2021-12-11 14:44:37 #241 INFO] Sent 195 tasks, 90.55 MB in 26 seconds
[2021-12-11 14:44:43 #241 INFO] Mean time per core=5s, std=2.0s, min=0s, max=12s
[2021-12-11 14:44:43 #241 INFO] Received {'tot': '24.39 MB'} in 5 seconds
[2021-12-11 14:44:56 #241 INFO] minimum_intensity={'SA(0.3)': 0.02, 'SA(0.6)': 0.05, 'SA(1.0)': 0.05, 'SA(2.0)': 0.05, 'SA(0.5)': 0.05}
[2021-12-11 14:44:56 #241 INFO] Sending 845_947 ruptures
[2021-12-11 14:45:37 #241 INFO] Sent 195 tasks, 242.64 MB in 37 seconds
[2021-12-11 15:03:21 #241 INFO] start_ebrisk   1% [195 submitted, 0 queued]
[2021-12-11 15:05:23 #241 INFO] start_ebrisk   2% [195 submitted, 0 queued]
[2021-12-11 15:05:51 #241 INFO] start_ebrisk   3% [195 submitted, 0 queued]
[2021-12-11 15:06:06 #241 INFO] start_ebrisk   4% [195 submitted, 0 queued]
[2021-12-11 15:07:20 #241 INFO] start_ebrisk   5% [195 submitted, 0 queued]
[2021-12-11 15:10:17 #241 INFO] start_ebrisk   6% [195 submitted, 0 queued]
[2021-12-11 15:11:50 #241 INFO] start_ebrisk   7% [195 submitted, 0 queued]
[2021-12-11 15:12:24 #241 INFO] start_ebrisk   8% [195 submitted, 0 queued]
[2021-12-11 15:13:08 #241 INFO] start_ebrisk   9% [195 submitted, 0 queued]
[2021-12-11 15:13:09 #241 INFO] start_ebrisk  10% [195 submitted, 0 queued]
[2021-12-11 15:13:22 #241 INFO] start_ebrisk  11% [195 submitted, 0 queued]
[2021-12-11 15:13:35 #241 INFO] start_ebrisk  12% [195 submitted, 0 queued]
[2021-12-11 15:14:09 #241 INFO] start_ebrisk  13% [195 submitted, 0 queued]
[2021-12-11 15:14:15 #241 INFO] start_ebrisk  14% [195 submitted, 0 queued]
[2021-12-11 15:14:19 #241 INFO] start_ebrisk  15% [195 submitted, 0 queued]
[2021-12-11 15:14:30 #241 INFO] start_ebrisk  16% [195 submitted, 0 queued]
[2021-12-11 15:14:47 #241 INFO] start_ebrisk  17% [195 submitted, 0 queued]
[2021-12-11 15:15:10 #241 INFO] start_ebrisk  18% [195 submitted, 0 queued]
[2021-12-11 15:15:19 #241 INFO] start_ebrisk  19% [195 submitted, 0 queued]
[2021-12-11 15:15:23 #241 INFO] start_ebrisk  20% [195 submitted, 0 queued]
[2021-12-11 15:15:42 #241 INFO] start_ebrisk  21% [195 submitted, 0 queued]
[2021-12-11 15:15:49 #241 INFO] start_ebrisk  22% [195 submitted, 0 queued]
[2021-12-11 15:16:04 #241 INFO] start_ebrisk  23% [195 submitted, 0 queued]
[2021-12-11 15:16:12 #241 INFO] start_ebrisk  24% [195 submitted, 0 queued]
[2021-12-11 15:16:27 #241 INFO] start_ebrisk  25% [195 submitted, 0 queued]
[2021-12-11 15:17:01 #241 INFO] start_ebrisk  26% [195 submitted, 0 queued]
[2021-12-11 15:17:05 #241 INFO] start_ebrisk  27% [195 submitted, 0 queued]
[2021-12-11 15:17:17 #241 INFO] start_ebrisk  28% [195 submitted, 0 queued]
[2021-12-11 15:17:26 #241 INFO] start_ebrisk  29% [195 submitted, 0 queued]
[2021-12-11 15:17:50 #241 INFO] start_ebrisk  30% [195 submitted, 0 queued]
[2021-12-11 15:17:59 #241 INFO] start_ebrisk  31% [195 submitted, 0 queued]
[2021-12-11 15:18:08 #241 INFO] start_ebrisk  32% [195 submitted, 0 queued]
[2021-12-11 15:18:25 #241 INFO] start_ebrisk  33% [195 submitted, 0 queued]
[2021-12-11 15:18:49 #241 INFO] start_ebrisk  34% [195 submitted, 0 queued]
[2021-12-11 15:19:04 #241 INFO] start_ebrisk  35% [195 submitted, 0 queued]
[2021-12-11 15:19:48 #241 INFO] start_ebrisk  36% [195 submitted, 0 queued]
[2021-12-11 15:20:42 #241 INFO] start_ebrisk  37% [195 submitted, 0 queued]
[2021-12-11 15:21:20 #241 INFO] start_ebrisk  38% [195 submitted, 0 queued]
[2021-12-11 15:22:20 #241 INFO] start_ebrisk  39% [195 submitted, 0 queued]
[2021-12-11 15:22:20 #241 INFO] start_ebrisk  40% [195 submitted, 0 queued]
[2021-12-11 15:23:14 #241 INFO] start_ebrisk  41% [195 submitted, 0 queued]
[2021-12-11 15:24:54 #241 INFO] start_ebrisk  42% [195 submitted, 0 queued]
[2021-12-11 15:26:14 #241 INFO] start_ebrisk  43% [195 submitted, 0 queued]
[2021-12-11 15:29:55 #241 INFO] start_ebrisk  44% [195 submitted, 0 queued]
[2021-12-11 15:31:01 #241 INFO] start_ebrisk  45% [195 submitted, 0 queued]
[2021-12-11 15:33:28 #241 INFO] start_ebrisk  46% [195 submitted, 0 queued]
[2021-12-11 15:33:58 #241 INFO] start_ebrisk  47% [195 submitted, 0 queued]
[2021-12-11 15:34:23 #241 INFO] start_ebrisk  48% [195 submitted, 0 queued]
[2021-12-11 15:34:56 #241 INFO] start_ebrisk  49% [195 submitted, 0 queued]
[2021-12-11 15:36:54 #241 INFO] start_ebrisk  50% [195 submitted, 0 queued]
[2021-12-11 15:37:52 #241 INFO] start_ebrisk  51% [195 submitted, 0 queued]
[2021-12-11 15:38:01 #241 INFO] start_ebrisk  52% [195 submitted, 0 queued]
[2021-12-11 15:38:22 #241 INFO] start_ebrisk  53% [195 submitted, 0 queued]
[2021-12-11 15:38:38 #241 INFO] start_ebrisk  54% [195 submitted, 0 queued]
[2021-12-11 15:39:46 #241 INFO] start_ebrisk  55% [195 submitted, 0 queued]
[2021-12-11 15:40:20 #241 INFO] start_ebrisk  56% [195 submitted, 0 queued]
[2021-12-11 15:41:14 #241 INFO] start_ebrisk  57% [195 submitted, 0 queued]
[2021-12-11 15:42:17 #241 INFO] start_ebrisk  58% [195 submitted, 0 queued]
[2021-12-11 15:42:43 #241 INFO] start_ebrisk  59% [195 submitted, 0 queued]
[2021-12-11 15:42:56 #241 INFO] start_ebrisk  60% [195 submitted, 0 queued]
[2021-12-11 15:43:01 #241 INFO] start_ebrisk  61% [195 submitted, 0 queued]
[2021-12-11 15:44:03 #241 INFO] start_ebrisk  62% [195 submitted, 0 queued]
[2021-12-11 15:44:06 #241 INFO] start_ebrisk  63% [195 submitted, 0 queued]
[2021-12-11 15:44:26 #241 INFO] start_ebrisk  64% [195 submitted, 0 queued]
[2021-12-11 15:44:39 #241 INFO] start_ebrisk  65% [195 submitted, 0 queued]
[2021-12-11 15:44:52 #241 INFO] start_ebrisk  66% [195 submitted, 0 queued]
[2021-12-11 15:45:26 #241 INFO] start_ebrisk  67% [195 submitted, 0 queued]
[2021-12-11 15:45:51 #241 INFO] start_ebrisk  68% [195 submitted, 0 queued]
[2021-12-11 15:45:53 #241 INFO] start_ebrisk  69% [195 submitted, 0 queued]
[2021-12-11 15:46:23 #241 INFO] start_ebrisk  70% [195 submitted, 0 queued]
[2021-12-11 15:46:38 #241 INFO] start_ebrisk  71% [195 submitted, 0 queued]
[2021-12-11 15:48:00 #241 INFO] start_ebrisk  72% [195 submitted, 0 queued]
[2021-12-11 15:48:23 #241 INFO] start_ebrisk  73% [195 submitted, 0 queued]
[2021-12-11 15:48:37 #241 INFO] start_ebrisk  74% [195 submitted, 0 queued]
[2021-12-11 15:48:48 #241 INFO] start_ebrisk  75% [195 submitted, 0 queued]
[2021-12-11 15:49:21 #241 INFO] start_ebrisk  76% [195 submitted, 0 queued]
[2021-12-11 15:49:23 #241 INFO] start_ebrisk  77% [195 submitted, 0 queued]
[2021-12-11 15:50:07 #241 INFO] start_ebrisk  78% [195 submitted, 0 queued]
[2021-12-11 15:50:52 #241 INFO] start_ebrisk  79% [195 submitted, 0 queued]
[2021-12-11 15:51:07 #241 INFO] start_ebrisk  80% [195 submitted, 0 queued]
[2021-12-11 15:51:21 #241 INFO] start_ebrisk  81% [195 submitted, 0 queued]
[2021-12-11 15:52:58 #241 INFO] start_ebrisk  82% [195 submitted, 0 queued]
[2021-12-11 15:53:50 #241 INFO] start_ebrisk  83% [195 submitted, 0 queued]
[2021-12-11 15:54:22 #241 INFO] start_ebrisk  84% [195 submitted, 0 queued]
[2021-12-11 15:54:54 #241 INFO] start_ebrisk  85% [195 submitted, 0 queued]
[2021-12-11 15:55:17 #241 INFO] start_ebrisk  86% [195 submitted, 0 queued]
[2021-12-11 15:55:37 #241 INFO] start_ebrisk  87% [195 submitted, 0 queued]
[2021-12-11 15:56:32 #241 INFO] start_ebrisk  88% [195 submitted, 0 queued]
[2021-12-11 15:57:11 #241 INFO] start_ebrisk  89% [195 submitted, 0 queued]
[2021-12-11 15:58:38 #241 INFO] start_ebrisk  90% [195 submitted, 0 queued]
[2021-12-11 16:00:21 #241 INFO] start_ebrisk  91% [195 submitted, 0 queued]
[2021-12-11 16:01:35 #241 INFO] start_ebrisk  92% [195 submitted, 0 queued]
[2021-12-11 16:03:40 #241 INFO] start_ebrisk  93% [195 submitted, 0 queued]
[2021-12-11 16:04:15 #241 INFO] start_ebrisk  94% [195 submitted, 0 queued]
[2021-12-11 16:07:57 #241 INFO] start_ebrisk  95% [195 submitted, 0 queued]
[2021-12-11 16:09:13 #241 INFO] start_ebrisk  96% [195 submitted, 0 queued]
[2021-12-11 16:14:04 #241 INFO] start_ebrisk  97% [195 submitted, 0 queued]
[2021-12-11 16:19:55 #241 INFO] start_ebrisk  98% [195 submitted, 0 queued]
[2021-12-11 16:20:56 #241 INFO] start_ebrisk  99% [195 submitted, 0 queued]
[2021-12-11 16:26:21 #241 INFO] start_ebrisk 100% [195 submitted, 0 queued]
[2021-12-11 16:26:21 #241 INFO] Mean time per core=3997s, std=644.5s, min=3158s, max=6066s
[2021-12-11 16:26:21 #241 INFO] Received {'alt': '5.41 GB', 'losses_by_A': '45.66 MB', 'momenta': '11.12 MB', 'gmf_info': '9.76 MB', 'events_per_sid': '4 KB'} in 6044 seconds
[2021-12-11 16:26:21 #241 INFO] Produced 11.67 GB of GMFs
[2021-12-11 16:26:21 #241 INFO] Stored 5.41 GB in the agg_loss_table
[2021-12-11 16:26:21 #241 INFO] Building the src_loss_table
[2021-12-11 16:27:31 #241 INFO] Sending 103.84 MB of losses
[2021-12-11 16:27:32 #241 INFO] Sending 81.7 MB of losses
[2021-12-11 16:27:33 #241 INFO] Sending 71.62 MB of losses
[2021-12-11 16:27:33 #241 INFO] Sending 65.61 MB of losses
[2021-12-11 16:27:34 #241 INFO] Sending 81.18 MB of losses
[2021-12-11 16:27:35 #241 INFO] Sending 81.74 MB of losses
[2021-12-11 16:27:36 #241 INFO] Sending 110.36 MB of losses
[2021-12-11 16:27:36 #241 INFO] Sending 73.45 MB of losses
[2021-12-11 16:27:37 #241 INFO] Sending 81.83 MB of losses
[2021-12-11 16:27:38 #241 INFO] Sending 99.61 MB of losses
[2021-12-11 16:27:38 #241 INFO] Sending 70.26 MB of losses
[2021-12-11 16:27:39 #241 INFO] Sending 79.12 MB of losses
[2021-12-11 16:27:39 #241 INFO] Sending 81.21 MB of losses
[2021-12-11 16:27:40 #241 INFO] Sending 83.47 MB of losses
[2021-12-11 16:27:41 #241 INFO] Sending 105.76 MB of losses
[2021-12-11 16:27:42 #241 INFO] Sending 73.65 MB of losses
[2021-12-11 16:27:42 #241 INFO] Sending 93.38 MB of losses
[2021-12-11 16:27:43 #241 INFO] Sending 68.21 MB of losses
[2021-12-11 16:27:43 #241 INFO] Sending 97.96 MB of losses
[2021-12-11 16:27:44 #241 INFO] Sending 104.11 MB of losses
[2021-12-11 16:27:45 #241 INFO] Sending 71.12 MB of losses
[2021-12-11 16:27:45 #241 INFO] Sending 90.22 MB of losses
[2021-12-11 16:27:46 #241 INFO] Sending 105.61 MB of losses
[2021-12-11 16:27:47 #241 INFO] Sending 75.37 MB of losses
[2021-12-11 16:27:47 #241 INFO] Sending 99.58 MB of losses
[2021-12-11 16:27:48 #241 INFO] Sending 84.64 MB of losses
[2021-12-11 16:27:49 #241 INFO] Sending 96.3 MB of losses
[2021-12-11 16:27:49 #241 INFO] Sending 71.28 MB of losses
[2021-12-11 16:27:50 #241 INFO] Sending 50.45 MB of losses
[2021-12-11 16:27:51 #241 INFO] Sending 109.84 MB of losses
[2021-12-11 16:27:51 #241 INFO] Sending 85.97 MB of losses
[2021-12-11 16:27:52 #241 INFO] Sending 82.16 MB of losses
[2021-12-11 16:27:53 #241 INFO] Sending 87.32 MB of losses
[2021-12-11 16:27:53 #241 INFO] Sending 88.03 MB of losses
[2021-12-11 16:27:54 #241 INFO] Sending 78.77 MB of losses
[2021-12-11 16:27:55 #241 INFO] Sending 66.51 MB of losses
[2021-12-11 16:27:56 #241 INFO] Sending 77.68 MB of losses
[2021-12-11 16:27:56 #241 INFO] Sending 75.28 MB of losses
[2021-12-11 16:27:57 #241 INFO] Sending 99.75 MB of losses
[2021-12-11 16:27:58 #241 INFO] Sending 81.7 MB of losses
[2021-12-11 16:27:58 #241 INFO] Sending 100.76 MB of losses
[2021-12-11 16:27:59 #241 INFO] Sending 70.06 MB of losses
[2021-12-11 16:28:00 #241 INFO] Sending 67.33 MB of losses
[2021-12-11 16:28:00 #241 INFO] Sent 44 tasks, 3.61 GB in 29 seconds
[2021-12-11 16:28:02 #241 INFO] post_risk   2% [44 submitted, 0 queued]
[2021-12-11 16:28:02 #241 INFO] post_risk   4% [44 submitted, 0 queued]
[2021-12-11 16:28:02 #241 INFO] post_risk   6% [44 submitted, 0 queued]
[2021-12-11 16:28:02 #241 INFO] post_risk   9% [44 submitted, 0 queued]
[2021-12-11 16:28:02 #241 INFO] post_risk  11% [44 submitted, 0 queued]
[2021-12-11 16:28:02 #241 INFO] post_risk  13% [44 submitted, 0 queued]
[2021-12-11 16:28:02 #241 INFO] post_risk  15% [44 submitted, 0 queued]
[2021-12-11 16:28:02 #241 INFO] post_risk  18% [44 submitted, 0 queued]
[2021-12-11 16:28:02 #241 INFO] post_risk  20% [44 submitted, 0 queued]
[2021-12-11 16:28:02 #241 INFO] post_risk  22% [44 submitted, 0 queued]
[2021-12-11 16:28:02 #241 INFO] post_risk  25% [44 submitted, 0 queued]
[2021-12-11 16:28:02 #241 INFO] post_risk  27% [44 submitted, 0 queued]
[2021-12-11 16:28:02 #241 INFO] post_risk  29% [44 submitted, 0 queued]
[2021-12-11 16:28:02 #241 INFO] post_risk  31% [44 submitted, 0 queued]
[2021-12-11 16:28:02 #241 INFO] post_risk  34% [44 submitted, 0 queued]
[2021-12-11 16:28:02 #241 INFO] post_risk  36% [44 submitted, 0 queued]
[2021-12-11 16:28:02 #241 INFO] post_risk  38% [44 submitted, 0 queued]
[2021-12-11 16:28:02 #241 INFO] post_risk  40% [44 submitted, 0 queued]
[2021-12-11 16:28:02 #241 INFO] post_risk  43% [44 submitted, 0 queued]
[2021-12-11 16:28:02 #241 INFO] post_risk  45% [44 submitted, 0 queued]
[2021-12-11 16:28:02 #241 INFO] post_risk  47% [44 submitted, 0 queued]
[2021-12-11 16:28:02 #241 INFO] post_risk  50% [44 submitted, 0 queued]
[2021-12-11 16:28:02 #241 INFO] post_risk  52% [44 submitted, 0 queued]
[2021-12-11 16:28:02 #241 INFO] post_risk  54% [44 submitted, 0 queued]
[2021-12-11 16:28:02 #241 INFO] post_risk  56% [44 submitted, 0 queued]
[2021-12-11 16:28:02 #241 INFO] post_risk  59% [44 submitted, 0 queued]
[2021-12-11 16:28:02 #241 INFO] post_risk  61% [44 submitted, 0 queued]
[2021-12-11 16:28:02 #241 INFO] post_risk  63% [44 submitted, 0 queued]
[2021-12-11 16:28:02 #241 INFO] post_risk  65% [44 submitted, 0 queued]
[2021-12-11 16:28:02 #241 INFO] post_risk  68% [44 submitted, 0 queued]
[2021-12-11 16:28:02 #241 INFO] post_risk  70% [44 submitted, 0 queued]
[2021-12-11 16:28:02 #241 INFO] post_risk  72% [44 submitted, 0 queued]
[2021-12-11 16:28:02 #241 INFO] post_risk  75% [44 submitted, 0 queued]
[2021-12-11 16:28:02 #241 INFO] post_risk  77% [44 submitted, 0 queued]
[2021-12-11 16:28:02 #241 INFO] post_risk  79% [44 submitted, 0 queued]
[2021-12-11 16:28:02 #241 INFO] post_risk  81% [44 submitted, 0 queued]
[2021-12-11 16:28:02 #241 INFO] post_risk  84% [44 submitted, 0 queued]
[2021-12-11 16:28:02 #241 INFO] post_risk  86% [44 submitted, 0 queued]
[2021-12-11 16:28:02 #241 INFO] post_risk  88% [44 submitted, 0 queued]
[2021-12-11 16:28:02 #241 INFO] post_risk  90% [44 submitted, 0 queued]
[2021-12-11 16:28:02 #241 INFO] post_risk  93% [44 submitted, 0 queued]
[2021-12-11 16:28:02 #241 INFO] post_risk  95% [44 submitted, 0 queued]
[2021-12-11 16:28:02 #241 INFO] post_risk  97% [44 submitted, 0 queued]
[2021-12-11 16:28:02 #241 INFO] post_risk 100% [44 submitted, 0 queued]
[2021-12-11 16:28:02 #241 INFO] Mean time per core=1s, std=0.2s, min=1s, max=2s
[2021-12-11 16:28:02 #241 INFO] Received {'tot': '23.41 MB'} in 2 seconds
[2021-12-11 16:28:33 #241 INFO] Total portfolio loss
==== ============== =============== ========= ===============
loss contents       nonstructural   occupants structural     
==== ============== =============== ========= ===============
avg  73_543_235_607 361_262_741_703 10_371    334_496_131_755
==== ============== =============== ========= ===============
[2021-12-11 16:28:33 #241 INFO] Sanity check on agg_losses
[2021-12-11 16:28:34 #241 INFO] Exposing the outputs to the database
[2021-12-11 16:28:34 #241 INFO] Stored 5.67 GB on /root/oqdata/calc_241.hdf5 in 6661 seconds
/home/ssm-user/src/oq-engine/openquake/hazardlib/gsim/base.py:347: ExperimentalWarning: CanadaSHM6_ActiveCrust_BooreEtAl2014 is experimental and may change in future versions - the user is liable for their application
  warnings.warn(msg, ExperimentalWarning)
/home/ssm-user/src/oq-engine/openquake/hazardlib/gsim/base.py:347: ExperimentalWarning: CanadaSHM6_ActiveCrust_BooreEtAl2014 is experimental and may change in future versions - the user is liable for their application
  warnings.warn(msg, ExperimentalWarning)
/home/ssm-user/src/oq-engine/openquake/hazardlib/gsim/base.py:347: ExperimentalWarning: CanadaSHM6_ActiveCrust_BooreEtAl2014 is experimental and may change in future versions - the user is liable for their application
  warnings.warn(msg, ExperimentalWarning)
/home/ssm-user/src/oq-engine/openquake/hazardlib/gsim/base.py:347: ExperimentalWarning: CanadaSHM6_ActiveCrust_BooreEtAl2014 is experimental and may change in future versions - the user is liable for their application
  warnings.warn(msg, ExperimentalWarning)
/home/ssm-user/src/oq-engine/openquake/hazardlib/gsim/base.py:347: ExperimentalWarning: CanadaSHM6_ActiveCrust_BooreEtAl2014 is experimental and may change in future versions - the user is liable for their application
  warnings.warn(msg, ExperimentalWarning)
/home/ssm-user/src/oq-engine/openquake/hazardlib/gsim/base.py:347: ExperimentalWarning: CanadaSHM6_ActiveCrust_BooreEtAl2014 is experimental and may change in future versions - the user is liable for their application
  warnings.warn(msg, ExperimentalWarning)
/home/ssm-user/src/oq-engine/openquake/hazardlib/gsim/base.py:347: ExperimentalWarning: CanadaSHM6_ActiveCrust_BooreEtAl2014 is experimental and may change in future versions - the user is liable for their application
  warnings.warn(msg, ExperimentalWarning)
/home/ssm-user/src/oq-engine/openquake/hazardlib/gsim/base.py:347: ExperimentalWarning: CanadaSHM6_ActiveCrust_BooreEtAl2014 is experimental and may change in future versions - the user is liable for their application
  warnings.warn(msg, ExperimentalWarning)
/home/ssm-user/src/oq-engine/openquake/hazardlib/gsim/base.py:347: ExperimentalWarning: CanadaSHM6_ActiveCrust_BooreEtAl2014 is experimental and may change in future versions - the user is liable for their application
  warnings.warn(msg, ExperimentalWarning)
/home/ssm-user/src/oq-engine/openquake/hazardlib/gsim/base.py:347: ExperimentalWarning: CanadaSHM6_ActiveCrust_BooreEtAl2014 is experimental and may change in future versions - the user is liable for their application
  warnings.warn(msg, ExperimentalWarning)
/home/ssm-user/src/oq-engine/openquake/hazardlib/gsim/base.py:347: ExperimentalWarning: CanadaSHM6_ActiveCrust_BooreEtAl2014 is experimental and may change in future versions - the user is liable for their application
  warnings.warn(msg, ExperimentalWarning)
/home/ssm-user/src/oq-engine/openquake/hazardlib/gsim/base.py:347: ExperimentalWarning: CanadaSHM6_ActiveCrust_BooreEtAl2014 is experimental and may change in future versions - the user is liable for their application
  warnings.warn(msg, ExperimentalWarning)
/home/ssm-user/src/oq-engine/openquake/hazardlib/gsim/base.py:347: ExperimentalWarning: CanadaSHM6_ActiveCrust_BooreEtAl2014 is experimental and may change in future versions - the user is liable for their application
  warnings.warn(msg, ExperimentalWarning)
/home/ssm-user/src/oq-engine/openquake/hazardlib/gsim/base.py:347: ExperimentalWarning: CanadaSHM6_ActiveCrust_BooreEtAl2014 is experimental and may change in future versions - the user is liable for their application
  warnings.warn(msg, ExperimentalWarning)
/home/ssm-user/src/oq-engine/openquake/hazardlib/gsim/base.py:347: ExperimentalWarning: CanadaSHM6_ActiveCrust_BooreEtAl2014 is experimental and may change in future versions - the user is liable for their application
  warnings.warn(msg, ExperimentalWarning)
/home/ssm-user/src/oq-engine/openquake/hazardlib/gsim/base.py:347: ExperimentalWarning: CanadaSHM6_ActiveCrust_BooreEtAl2014 is experimental and may change in future versions - the user is liable for their application
  warnings.warn(msg, ExperimentalWarning)
/home/ssm-user/src/oq-engine/openquake/hazardlib/gsim/base.py:347: ExperimentalWarning: CanadaSHM6_ActiveCrust_BooreEtAl2014 is experimental and may change in future versions - the user is liable for their application
  warnings.warn(msg, ExperimentalWarning)
/home/ssm-user/src/oq-engine/openquake/hazardlib/gsim/base.py:347: ExperimentalWarning: CanadaSHM6_ActiveCrust_BooreEtAl2014 is experimental and may change in future versions - the user is liable for their application
  warnings.warn(msg, ExperimentalWarning)
/home/ssm-user/src/oq-engine/openquake/hazardlib/gsim/base.py:347: ExperimentalWarning: CanadaSHM6_ActiveCrust_BooreEtAl2014 is experimental and may change in future versions - the user is liable for their application
  warnings.warn(msg, ExperimentalWarning)
/home/ssm-user/src/oq-engine/openquake/hazardlib/gsim/base.py:347: ExperimentalWarning: CanadaSHM6_ActiveCrust_BooreEtAl2014 is experimental and may change in future versions - the user is liable for their application
  warnings.warn(msg, ExperimentalWarning)
/home/ssm-user/src/oq-engine/openquake/hazardlib/gsim/base.py:347: ExperimentalWarning: CanadaSHM6_ActiveCrust_BooreEtAl2014 is experimental and may change in future versions - the user is liable for their application
  warnings.warn(msg, ExperimentalWarning)
/home/ssm-user/src/oq-engine/openquake/hazardlib/gsim/base.py:347: ExperimentalWarning: CanadaSHM6_ActiveCrust_BooreEtAl2014 is experimental and may change in future versions - the user is liable for their application
  warnings.warn(msg, ExperimentalWarning)
/home/ssm-user/src/oq-engine/openquake/hazardlib/gsim/base.py:347: ExperimentalWarning: CanadaSHM6_ActiveCrust_BooreEtAl2014 is experimental and may change in future versions - the user is liable for their application
  warnings.warn(msg, ExperimentalWarning)
/home/ssm-user/src/oq-engine/openquake/hazardlib/gsim/base.py:347: ExperimentalWarning: CanadaSHM6_ActiveCrust_BooreEtAl2014 is experimental and may change in future versions - the user is liable for their application
  warnings.warn(msg, ExperimentalWarning)
/home/ssm-user/src/oq-engine/openquake/hazardlib/gsim/base.py:347: ExperimentalWarning: CanadaSHM6_ActiveCrust_BooreEtAl2014 is experimental and may change in future versions - the user is liable for their application
  warnings.warn(msg, ExperimentalWarning)
/home/ssm-user/src/oq-engine/openquake/hazardlib/gsim/base.py:347: ExperimentalWarning: CanadaSHM6_ActiveCrust_BooreEtAl2014 is experimental and may change in future versions - the user is liable for their application
  warnings.warn(msg, ExperimentalWarning)
/home/ssm-user/src/oq-engine/openquake/hazardlib/gsim/base.py:347: ExperimentalWarning: CanadaSHM6_ActiveCrust_BooreEtAl2014 is experimental and may change in future versions - the user is liable for their application
  warnings.warn(msg, ExperimentalWarning)
/home/ssm-user/src/oq-engine/openquake/hazardlib/gsim/base.py:347: ExperimentalWarning: CanadaSHM6_ActiveCrust_BooreEtAl2014 is experimental and may change in future versions - the user is liable for their application
  warnings.warn(msg, ExperimentalWarning)
/home/ssm-user/src/oq-engine/openquake/hazardlib/gsim/base.py:347: ExperimentalWarning: CanadaSHM6_ActiveCrust_BooreEtAl2014 is experimental and may change in future versions - the user is liable for their application
  warnings.warn(msg, ExperimentalWarning)
/home/ssm-user/src/oq-engine/openquake/hazardlib/gsim/base.py:347: ExperimentalWarning: CanadaSHM6_ActiveCrust_BooreEtAl2014 is experimental and may change in future versions - the user is liable for their application
  warnings.warn(msg, ExperimentalWarning)
/home/ssm-user/src/oq-engine/openquake/hazardlib/gsim/base.py:347: ExperimentalWarning: CanadaSHM6_ActiveCrust_BooreEtAl2014 is experimental and may change in future versions - the user is liable for their application
  warnings.warn(msg, ExperimentalWarning)
/home/ssm-user/src/oq-engine/openquake/hazardlib/gsim/base.py:347: ExperimentalWarning: CanadaSHM6_ActiveCrust_BooreEtAl2014 is experimental and may change in future versions - the user is liable for their application
  warnings.warn(msg, ExperimentalWarning)
/home/ssm-user/src/oq-engine/openquake/hazardlib/gsim/base.py:347: ExperimentalWarning: CanadaSHM6_ActiveCrust_BooreEtAl2014 is experimental and may change in future versions - the user is liable for their application
  warnings.warn(msg, ExperimentalWarning)
/home/ssm-user/src/oq-engine/openquake/hazardlib/gsim/base.py:347: ExperimentalWarning: CanadaSHM6_ActiveCrust_BooreEtAl2014 is experimental and may change in future versions - the user is liable for their application
  warnings.warn(msg, ExperimentalWarning)
/home/ssm-user/src/oq-engine/openquake/hazardlib/gsim/base.py:347: ExperimentalWarning: CanadaSHM6_ActiveCrust_BooreEtAl2014 is experimental and may change in future versions - the user is liable for their application
  warnings.warn(msg, ExperimentalWarning)
/home/ssm-user/src/oq-engine/openquake/hazardlib/gsim/base.py:347: ExperimentalWarning: CanadaSHM6_ActiveCrust_BooreEtAl2014 is experimental and may change in future versions - the user is liable for their application
  warnings.warn(msg, ExperimentalWarning)
/home/ssm-user/src/oq-engine/openquake/hazardlib/gsim/base.py:347: ExperimentalWarning: CanadaSHM6_ActiveCrust_BooreEtAl2014 is experimental and may change in future versions - the user is liable for their application
  warnings.warn(msg, ExperimentalWarning)
/home/ssm-user/src/oq-engine/openquake/hazardlib/gsim/base.py:347: ExperimentalWarning: CanadaSHM6_ActiveCrust_BooreEtAl2014 is experimental and may change in future versions - the user is liable for their application
  warnings.warn(msg, ExperimentalWarning)
/home/ssm-user/src/oq-engine/openquake/hazardlib/gsim/base.py:347: ExperimentalWarning: CanadaSHM6_ActiveCrust_BooreEtAl2014 is experimental and may change in future versions - the user is liable for their application
  warnings.warn(msg, ExperimentalWarning)
/home/ssm-user/src/oq-engine/openquake/hazardlib/gsim/base.py:347: ExperimentalWarning: CanadaSHM6_ActiveCrust_BooreEtAl2014 is experimental and may change in future versions - the user is liable for their application
  warnings.warn(msg, ExperimentalWarning)
/home/ssm-user/src/oq-engine/openquake/hazardlib/gsim/base.py:347: ExperimentalWarning: CanadaSHM6_ActiveCrust_BooreEtAl2014 is experimental and may change in future versions - the user is liable for their application
  warnings.warn(msg, ExperimentalWarning)
/home/ssm-user/src/oq-engine/openquake/hazardlib/gsim/base.py:347: ExperimentalWarning: CanadaSHM6_ActiveCrust_BooreEtAl2014 is experimental and may change in future versions - the user is liable for their application
  warnings.warn(msg, ExperimentalWarning)
/home/ssm-user/src/oq-engine/openquake/hazardlib/gsim/base.py:347: ExperimentalWarning: CanadaSHM6_ActiveCrust_BooreEtAl2014 is experimental and may change in future versions - the user is liable for their application
  warnings.warn(msg, ExperimentalWarning)
/home/ssm-user/src/oq-engine/openquake/hazardlib/gsim/base.py:347: ExperimentalWarning: CanadaSHM6_ActiveCrust_BooreEtAl2014 is experimental and may change in future versions - the user is liable for their application
  warnings.warn(msg, ExperimentalWarning)
/home/ssm-user/src/oq-engine/openquake/hazardlib/gsim/base.py:347: ExperimentalWarning: CanadaSHM6_ActiveCrust_BooreEtAl2014 is experimental and may change in future versions - the user is liable for their application
  warnings.warn(msg, ExperimentalWarning)
/home/ssm-user/src/oq-engine/openquake/hazardlib/gsim/base.py:347: ExperimentalWarning: CanadaSHM6_ActiveCrust_BooreEtAl2014 is experimental and may change in future versions - the user is liable for their application
  warnings.warn(msg, ExperimentalWarning)
/home/ssm-user/src/oq-engine/openquake/hazardlib/gsim/base.py:347: ExperimentalWarning: CanadaSHM6_ActiveCrust_BooreEtAl2014 is experimental and may change in future versions - the user is liable for their application
  warnings.warn(msg, ExperimentalWarning)
/home/ssm-user/src/oq-engine/openquake/hazardlib/gsim/base.py:347: ExperimentalWarning: CanadaSHM6_ActiveCrust_BooreEtAl2014 is experimental and may change in future versions - the user is liable for their application
  warnings.warn(msg, ExperimentalWarning)
/home/ssm-user/src/oq-engine/openquake/hazardlib/gsim/base.py:347: ExperimentalWarning: CanadaSHM6_ActiveCrust_BooreEtAl2014 is experimental and may change in future versions - the user is liable for their application
  warnings.warn(msg, ExperimentalWarning)
/home/ssm-user/src/oq-engine/openquake/hazardlib/gsim/base.py:347: ExperimentalWarning: CanadaSHM6_ActiveCrust_BooreEtAl2014 is experimental and may change in future versions - the user is liable for their application
  warnings.warn(msg, ExperimentalWarning)
/home/ssm-user/src/oq-engine/openquake/hazardlib/gsim/base.py:347: ExperimentalWarning: CanadaSHM6_ActiveCrust_BooreEtAl2014 is experimental and may change in future versions - the user is liable for their application
  warnings.warn(msg, ExperimentalWarning)
/home/ssm-user/src/oq-engine/openquake/hazardlib/gsim/base.py:347: ExperimentalWarning: CanadaSHM6_ActiveCrust_BooreEtAl2014 is experimental and may change in future versions - the user is liable for their application
  warnings.warn(msg, ExperimentalWarning)
/home/ssm-user/src/oq-engine/openquake/hazardlib/gsim/base.py:347: ExperimentalWarning: CanadaSHM6_ActiveCrust_BooreEtAl2014 is experimental and may change in future versions - the user is liable for their application
  warnings.warn(msg, ExperimentalWarning)
/home/ssm-user/src/oq-engine/openquake/hazardlib/gsim/base.py:347: ExperimentalWarning: CanadaSHM6_ActiveCrust_BooreEtAl2014 is experimental and may change in future versions - the user is liable for their application
  warnings.warn(msg, ExperimentalWarning)
/home/ssm-user/src/oq-engine/openquake/hazardlib/gsim/base.py:347: ExperimentalWarning: CanadaSHM6_ActiveCrust_BooreEtAl2014 is experimental and may change in future versions - the user is liable for their application
  warnings.warn(msg, ExperimentalWarning)
/home/ssm-user/src/oq-engine/openquake/hazardlib/gsim/base.py:347: ExperimentalWarning: CanadaSHM6_ActiveCrust_BooreEtAl2014 is experimental and may change in future versions - the user is liable for their application
  warnings.warn(msg, ExperimentalWarning)
/home/ssm-user/src/oq-engine/openquake/hazardlib/gsim/base.py:347: ExperimentalWarning: CanadaSHM6_ActiveCrust_BooreEtAl2014 is experimental and may change in future versions - the user is liable for their application
  warnings.warn(msg, ExperimentalWarning)
/home/ssm-user/src/oq-engine/openquake/hazardlib/gsim/base.py:347: ExperimentalWarning: CanadaSHM6_ActiveCrust_BooreEtAl2014 is experimental and may change in future versions - the user is liable for their application
  warnings.warn(msg, ExperimentalWarning)
/home/ssm-user/src/oq-engine/openquake/hazardlib/gsim/base.py:347: ExperimentalWarning: CanadaSHM6_ActiveCrust_BooreEtAl2014 is experimental and may change in future versions - the user is liable for their application
  warnings.warn(msg, ExperimentalWarning)
/home/ssm-user/src/oq-engine/openquake/hazardlib/gsim/base.py:347: ExperimentalWarning: CanadaSHM6_ActiveCrust_BooreEtAl2014 is experimental and may change in future versions - the user is liable for their application
  warnings.warn(msg, ExperimentalWarning)
/home/ssm-user/src/oq-engine/openquake/hazardlib/gsim/base.py:347: ExperimentalWarning: CanadaSHM6_ActiveCrust_BooreEtAl2014 is experimental and may change in future versions - the user is liable for their application
  warnings.warn(msg, ExperimentalWarning)
/home/ssm-user/src/oq-engine/openquake/hazardlib/gsim/base.py:347: ExperimentalWarning: CanadaSHM6_ActiveCrust_BooreEtAl2014 is experimental and may change in future versions - the user is liable for their application
  warnings.warn(msg, ExperimentalWarning)
/home/ssm-user/src/oq-engine/openquake/hazardlib/gsim/base.py:347: ExperimentalWarning: CanadaSHM6_ActiveCrust_BooreEtAl2014 is experimental and may change in future versions - the user is liable for their application
  warnings.warn(msg, ExperimentalWarning)
/home/ssm-user/src/oq-engine/openquake/hazardlib/gsim/base.py:347: ExperimentalWarning: CanadaSHM6_ActiveCrust_BooreEtAl2014 is experimental and may change in future versions - the user is liable for their application
  warnings.warn(msg, ExperimentalWarning)
/home/ssm-user/src/oq-engine/openquake/hazardlib/gsim/base.py:347: ExperimentalWarning: CanadaSHM6_ActiveCrust_BooreEtAl2014 is experimental and may change in future versions - the user is liable for their application
  warnings.warn(msg, ExperimentalWarning)
/home/ssm-user/src/oq-engine/openquake/hazardlib/gsim/base.py:347: ExperimentalWarning: CanadaSHM6_ActiveCrust_BooreEtAl2014 is experimental and may change in future versions - the user is liable for their application
  warnings.warn(msg, ExperimentalWarning)
/home/ssm-user/src/oq-engine/openquake/hazardlib/gsim/base.py:347: ExperimentalWarning: CanadaSHM6_ActiveCrust_BooreEtAl2014 is experimental and may change in future versions - the user is liable for their application
  warnings.warn(msg, ExperimentalWarning)
/home/ssm-user/src/oq-engine/openquake/hazardlib/gsim/base.py:347: ExperimentalWarning: CanadaSHM6_ActiveCrust_BooreEtAl2014 is experimental and may change in future versions - the user is liable for their application
  warnings.warn(msg, ExperimentalWarning)
/home/ssm-user/src/oq-engine/openquake/hazardlib/gsim/base.py:347: ExperimentalWarning: CanadaSHM6_ActiveCrust_BooreEtAl2014 is experimental and may change in future versions - the user is liable for their application
  warnings.warn(msg, ExperimentalWarning)
/home/ssm-user/src/oq-engine/openquake/hazardlib/gsim/base.py:347: ExperimentalWarning: CanadaSHM6_ActiveCrust_BooreEtAl2014 is experimental and may change in future versions - the user is liable for their application
  warnings.warn(msg, ExperimentalWarning)
/home/ssm-user/src/oq-engine/openquake/hazardlib/gsim/base.py:347: ExperimentalWarning: CanadaSHM6_ActiveCrust_BooreEtAl2014 is experimental and may change in future versions - the user is liable for their application
  warnings.warn(msg, ExperimentalWarning)
/home/ssm-user/src/oq-engine/openquake/hazardlib/gsim/base.py:347: ExperimentalWarning: CanadaSHM6_ActiveCrust_BooreEtAl2014 is experimental and may change in future versions - the user is liable for their application
  warnings.warn(msg, ExperimentalWarning)
/home/ssm-user/src/oq-engine/openquake/hazardlib/gsim/base.py:347: ExperimentalWarning: CanadaSHM6_ActiveCrust_BooreEtAl2014 is experimental and may change in future versions - the user is liable for their application
  warnings.warn(msg, ExperimentalWarning)
/home/ssm-user/src/oq-engine/openquake/hazardlib/gsim/base.py:347: ExperimentalWarning: CanadaSHM6_ActiveCrust_BooreEtAl2014 is experimental and may change in future versions - the user is liable for their application
  warnings.warn(msg, ExperimentalWarning)
/home/ssm-user/src/oq-engine/openquake/hazardlib/gsim/base.py:347: ExperimentalWarning: CanadaSHM6_ActiveCrust_BooreEtAl2014 is experimental and may change in future versions - the user is liable for their application
  warnings.warn(msg, ExperimentalWarning)
/home/ssm-user/src/oq-engine/openquake/hazardlib/gsim/base.py:347: ExperimentalWarning: CanadaSHM6_ActiveCrust_BooreEtAl2014 is experimental and may change in future versions - the user is liable for their application
  warnings.warn(msg, ExperimentalWarning)
/home/ssm-user/src/oq-engine/openquake/hazardlib/gsim/base.py:347: ExperimentalWarning: CanadaSHM6_ActiveCrust_BooreEtAl2014 is experimental and may change in future versions - the user is liable for their application
  warnings.warn(msg, ExperimentalWarning)
/home/ssm-user/src/oq-engine/openquake/hazardlib/gsim/base.py:347: ExperimentalWarning: CanadaSHM6_ActiveCrust_BooreEtAl2014 is experimental and may change in future versions - the user is liable for their application
  warnings.warn(msg, ExperimentalWarning)
/home/ssm-user/src/oq-engine/openquake/hazardlib/gsim/base.py:347: ExperimentalWarning: CanadaSHM6_ActiveCrust_BooreEtAl2014 is experimental and may change in future versions - the user is liable for their application
  warnings.warn(msg, ExperimentalWarning)
/home/ssm-user/src/oq-engine/openquake/hazardlib/gsim/base.py:347: ExperimentalWarning: CanadaSHM6_ActiveCrust_BooreEtAl2014 is experimental and may change in future versions - the user is liable for their application
  warnings.warn(msg, ExperimentalWarning)
/home/ssm-user/src/oq-engine/openquake/hazardlib/gsim/base.py:347: ExperimentalWarning: CanadaSHM6_ActiveCrust_BooreEtAl2014 is experimental and may change in future versions - the user is liable for their application
  warnings.warn(msg, ExperimentalWarning)
/home/ssm-user/src/oq-engine/openquake/hazardlib/gsim/base.py:347: ExperimentalWarning: CanadaSHM6_ActiveCrust_BooreEtAl2014 is experimental and may change in future versions - the user is liable for their application
  warnings.warn(msg, ExperimentalWarning)
/home/ssm-user/src/oq-engine/openquake/hazardlib/gsim/base.py:347: ExperimentalWarning: CanadaSHM6_ActiveCrust_BooreEtAl2014 is experimental and may change in future versions - the user is liable for their application
  warnings.warn(msg, ExperimentalWarning)
/home/ssm-user/src/oq-engine/openquake/hazardlib/gsim/base.py:347: ExperimentalWarning: CanadaSHM6_ActiveCrust_BooreEtAl2014 is experimental and may change in future versions - the user is liable for their application
  warnings.warn(msg, ExperimentalWarning)
/home/ssm-user/src/oq-engine/openquake/hazardlib/gsim/base.py:347: ExperimentalWarning: CanadaSHM6_ActiveCrust_BooreEtAl2014 is experimental and may change in future versions - the user is liable for their application
  warnings.warn(msg, ExperimentalWarning)
/home/ssm-user/src/oq-engine/openquake/hazardlib/gsim/base.py:347: ExperimentalWarning: CanadaSHM6_ActiveCrust_BooreEtAl2014 is experimental and may change in future versions - the user is liable for their application
  warnings.warn(msg, ExperimentalWarning)
/home/ssm-user/src/oq-engine/openquake/hazardlib/gsim/base.py:347: ExperimentalWarning: CanadaSHM6_ActiveCrust_BooreEtAl2014 is experimental and may change in future versions - the user is liable for their application
  warnings.warn(msg, ExperimentalWarning)
/home/ssm-user/src/oq-engine/openquake/hazardlib/gsim/base.py:347: ExperimentalWarning: CanadaSHM6_ActiveCrust_BooreEtAl2014 is experimental and may change in future versions - the user is liable for their application
  warnings.warn(msg, ExperimentalWarning)
/home/ssm-user/src/oq-engine/openquake/hazardlib/gsim/base.py:347: ExperimentalWarning: CanadaSHM6_ActiveCrust_BooreEtAl2014 is experimental and may change in future versions - the user is liable for their application
  warnings.warn(msg, ExperimentalWarning)
/home/ssm-user/src/oq-engine/openquake/hazardlib/gsim/base.py:347: ExperimentalWarning: CanadaSHM6_ActiveCrust_BooreEtAl2014 is experimental and may change in future versions - the user is liable for their application
  warnings.warn(msg, ExperimentalWarning)
/home/ssm-user/src/oq-engine/openquake/hazardlib/gsim/base.py:347: ExperimentalWarning: CanadaSHM6_ActiveCrust_BooreEtAl2014 is experimental and may change in future versions - the user is liable for their application
  warnings.warn(msg, ExperimentalWarning)
/home/ssm-user/src/oq-engine/openquake/hazardlib/gsim/base.py:347: ExperimentalWarning: CanadaSHM6_ActiveCrust_BooreEtAl2014 is experimental and may change in future versions - the user is liable for their application
  warnings.warn(msg, ExperimentalWarning)
/home/ssm-user/src/oq-engine/openquake/hazardlib/gsim/base.py:347: ExperimentalWarning: CanadaSHM6_ActiveCrust_BooreEtAl2014 is experimental and may change in future versions - the user is liable for their application
  warnings.warn(msg, ExperimentalWarning)
/home/ssm-user/src/oq-engine/openquake/hazardlib/gsim/base.py:347: ExperimentalWarning: CanadaSHM6_ActiveCrust_BooreEtAl2014 is experimental and may change in future versions - the user is liable for their application
  warnings.warn(msg, ExperimentalWarning)
/home/ssm-user/src/oq-engine/openquake/hazardlib/gsim/base.py:347: ExperimentalWarning: CanadaSHM6_ActiveCrust_BooreEtAl2014 is experimental and may change in future versions - the user is liable for their application
  warnings.warn(msg, ExperimentalWarning)
/home/ssm-user/src/oq-engine/openquake/hazardlib/gsim/base.py:347: ExperimentalWarning: CanadaSHM6_ActiveCrust_BooreEtAl2014 is experimental and may change in future versions - the user is liable for their application
  warnings.warn(msg, ExperimentalWarning)
[2021-12-11 16:28:35 #242 INFO] root running /mnt/storage/canada-srm2/ebRisk/input/ebRisk_r1_QC_H_Misc.ini [--hc=241]
[2021-12-11 16:28:35 #242 INFO] Using engine version 3.11.3-git0cccb86798
[2021-12-11 16:28:35 #242 WARNING] Version v3.12.1 of the engine is available, but you are still using version 3.11.3-git0cccb86798
[2021-12-11 16:28:35 #242 WARNING] Using 96 cores on ip-10-70-136-20
[2021-12-11 16:28:35 #242 INFO] Validated nationalModel.xml in 0.01 seconds
[2021-12-11 16:28:35 #242 INFO] Checksum of the input files: 514598877
[2021-12-11 16:28:35 #242 INFO] Reading the risk model if present
[2021-12-11 16:28:59 #242 INFO] Reading /mnt/storage/openquake-inputs/exposure/general-building-stock/oqBldgExp_QC_H_Misc.xml
[2021-12-11 16:29:01 #242 INFO] Associated 15338 assets to 746 sites
[2021-12-11 16:29:03 #242 INFO] Reducing risk model from 7260 to 273 taxonomies
[2021-12-11 16:29:04 #242 INFO] minimum_asset_loss={'contents': 0, 'nonstructural': 0, 'occupants': 0, 'structural': 0}
[2021-12-11 16:29:04 #242 INFO] Storing 980 aggregation keys
[2021-12-11 16:29:04 #242 INFO] Storing risk model
[2021-12-11 16:29:05 #242 INFO] minimum_intensity={'SA(0.3)': 0.02, 'SA(0.6)': 0.05, 'SA(1.0)': 0.05, 'SA(2.0)': 0.05, 'SA(0.5)': 0.05}
[2021-12-11 16:29:05 #242 INFO] Sending 845_947 ruptures
  id | name
1461 | Aggregate Event Losses
1460 | Aggregate Loss Curves Statistics
1462 | Aggregate Losses Statistics
1463 | Average Asset Losses Statistics
1468 | Earthquake Ruptures
1464 | Events
1465 | Full Report
1466 | Input Files
1467 | Realizations
1469 | Source Loss Table
[2021-12-11 16:29:50 #242 INFO] Sent 195 tasks, 241.83 MB in 38 seconds
[2021-12-11 16:47:18 #242 INFO] start_ebrisk   1% [195 submitted, 0 queued]
[2021-12-11 16:49:36 #242 INFO] start_ebrisk   2% [195 submitted, 0 queued]
[2021-12-11 16:49:44 #242 INFO] start_ebrisk   3% [195 submitted, 0 queued]
[2021-12-11 16:50:22 #242 INFO] start_ebrisk   4% [195 submitted, 0 queued]
[2021-12-11 16:51:06 #242 INFO] start_ebrisk   5% [195 submitted, 0 queued]
[2021-12-11 16:53:48 #242 INFO] start_ebrisk   6% [195 submitted, 0 queued]
[2021-12-11 16:56:12 #242 INFO] start_ebrisk   7% [195 submitted, 0 queued]
[2021-12-11 16:56:16 #242 INFO] start_ebrisk   8% [195 submitted, 0 queued]
[2021-12-11 16:56:45 #242 INFO] start_ebrisk   9% [195 submitted, 0 queued]
[2021-12-11 16:56:49 #242 INFO] start_ebrisk  10% [195 submitted, 0 queued]
[2021-12-11 16:57:08 #242 INFO] start_ebrisk  11% [195 submitted, 0 queued]
[2021-12-11 16:57:15 #242 INFO] start_ebrisk  12% [195 submitted, 0 queued]
[2021-12-11 16:57:39 #242 INFO] start_ebrisk  13% [195 submitted, 0 queued]
[2021-12-11 16:58:02 #242 INFO] start_ebrisk  14% [195 submitted, 0 queued]
[2021-12-11 16:58:09 #242 INFO] start_ebrisk  15% [195 submitted, 0 queued]
[2021-12-11 16:58:23 #242 INFO] start_ebrisk  16% [195 submitted, 0 queued]
[2021-12-11 16:58:33 #242 INFO] start_ebrisk  17% [195 submitted, 0 queued]
[2021-12-11 16:58:46 #242 INFO] start_ebrisk  18% [195 submitted, 0 queued]
[2021-12-11 16:58:56 #242 INFO] start_ebrisk  19% [195 submitted, 0 queued]
[2021-12-11 16:58:57 #242 INFO] start_ebrisk  20% [195 submitted, 0 queued]
[2021-12-11 16:59:06 #242 INFO] start_ebrisk  21% [195 submitted, 0 queued]
[2021-12-11 16:59:13 #242 INFO] start_ebrisk  22% [195 submitted, 0 queued]
[2021-12-11 16:59:21 #242 INFO] start_ebrisk  23% [195 submitted, 0 queued]
[2021-12-11 16:59:47 #242 INFO] start_ebrisk  24% [195 submitted, 0 queued]
[2021-12-11 16:59:58 #242 INFO] start_ebrisk  25% [195 submitted, 0 queued]
[2021-12-11 17:00:01 #242 INFO] start_ebrisk  26% [195 submitted, 0 queued]
[2021-12-11 17:00:28 #242 INFO] start_ebrisk  27% [195 submitted, 0 queued]
[2021-12-11 17:00:33 #242 INFO] start_ebrisk  28% [195 submitted, 0 queued]
[2021-12-11 17:00:42 #242 INFO] start_ebrisk  29% [195 submitted, 0 queued]
[2021-12-11 17:00:53 #242 INFO] start_ebrisk  30% [195 submitted, 0 queued]
[2021-12-11 17:01:45 #242 INFO] start_ebrisk  31% [195 submitted, 0 queued]
[2021-12-11 17:02:06 #242 INFO] start_ebrisk  32% [195 submitted, 0 queued]
[2021-12-11 17:02:16 #242 INFO] start_ebrisk  33% [195 submitted, 0 queued]
[2021-12-11 17:02:28 #242 INFO] start_ebrisk  34% [195 submitted, 0 queued]
[2021-12-11 17:02:32 #242 INFO] start_ebrisk  35% [195 submitted, 0 queued]
[2021-12-11 17:02:38 #242 INFO] start_ebrisk  36% [195 submitted, 0 queued]
[2021-12-11 17:03:37 #242 INFO] start_ebrisk  37% [195 submitted, 0 queued]
[2021-12-11 17:04:25 #242 INFO] start_ebrisk  38% [195 submitted, 0 queued]
[2021-12-11 17:04:28 #242 INFO] start_ebrisk  39% [195 submitted, 0 queued]
[2021-12-11 17:04:48 #242 INFO] start_ebrisk  40% [195 submitted, 0 queued]
[2021-12-11 17:06:13 #242 INFO] start_ebrisk  41% [195 submitted, 0 queued]
[2021-12-11 17:07:31 #242 INFO] start_ebrisk  42% [195 submitted, 0 queued]
[2021-12-11 17:08:35 #242 INFO] start_ebrisk  43% [195 submitted, 0 queued]
[2021-12-11 17:12:07 #242 INFO] start_ebrisk  44% [195 submitted, 0 queued]
[2021-12-11 17:12:15 #242 INFO] start_ebrisk  45% [195 submitted, 0 queued]
[2021-12-11 17:14:52 #242 INFO] start_ebrisk  46% [195 submitted, 0 queued]
[2021-12-11 17:16:13 #242 INFO] start_ebrisk  47% [195 submitted, 0 queued]
[2021-12-11 17:16:44 #242 INFO] start_ebrisk  48% [195 submitted, 0 queued]
[2021-12-11 17:18:24 #242 INFO] start_ebrisk  49% [195 submitted, 0 queued]
[2021-12-11 17:18:47 #242 INFO] start_ebrisk  50% [195 submitted, 0 queued]
[2021-12-11 17:21:15 #242 INFO] start_ebrisk  51% [195 submitted, 0 queued]
[2021-12-11 17:21:38 #242 INFO] start_ebrisk  52% [195 submitted, 0 queued]
[2021-12-11 17:22:01 #242 INFO] start_ebrisk  53% [195 submitted, 0 queued]
[2021-12-11 17:22:12 #242 INFO] start_ebrisk  54% [195 submitted, 0 queued]
[2021-12-11 17:23:24 #242 INFO] start_ebrisk  55% [195 submitted, 0 queued]
[2021-12-11 17:23:51 #242 INFO] start_ebrisk  56% [195 submitted, 0 queued]
[2021-12-11 17:23:55 #242 INFO] start_ebrisk  57% [195 submitted, 0 queued]
[2021-12-11 17:25:00 #242 INFO] start_ebrisk  58% [195 submitted, 0 queued]
[2021-12-11 17:25:30 #242 INFO] start_ebrisk  59% [195 submitted, 0 queued]
[2021-12-11 17:25:55 #242 INFO] start_ebrisk  60% [195 submitted, 0 queued]
[2021-12-11 17:26:19 #242 INFO] start_ebrisk  61% [195 submitted, 0 queued]
[2021-12-11 17:26:25 #242 INFO] start_ebrisk  62% [195 submitted, 0 queued]
[2021-12-11 17:26:50 #242 INFO] start_ebrisk  63% [195 submitted, 0 queued]
[2021-12-11 17:27:15 #242 INFO] start_ebrisk  64% [195 submitted, 0 queued]
[2021-12-11 17:27:29 #242 INFO] start_ebrisk  65% [195 submitted, 0 queued]
[2021-12-11 17:27:46 #242 INFO] start_ebrisk  66% [195 submitted, 0 queued]
[2021-12-11 17:27:52 #242 INFO] start_ebrisk  67% [195 submitted, 0 queued]
[2021-12-11 17:28:27 #242 INFO] start_ebrisk  68% [195 submitted, 0 queued]
[2021-12-11 17:28:42 #242 INFO] start_ebrisk  69% [195 submitted, 0 queued]
[2021-12-11 17:29:10 #242 INFO] start_ebrisk  70% [195 submitted, 0 queued]
[2021-12-11 17:29:12 #242 INFO] start_ebrisk  71% [195 submitted, 0 queued]
[2021-12-11 17:29:32 #242 INFO] start_ebrisk  72% [195 submitted, 0 queued]
[2021-12-11 17:30:14 #242 INFO] start_ebrisk  73% [195 submitted, 0 queued]
[2021-12-11 17:30:47 #242 INFO] start_ebrisk  74% [195 submitted, 0 queued]
[2021-12-11 17:31:23 #242 INFO] start_ebrisk  75% [195 submitted, 0 queued]
[2021-12-11 17:31:44 #242 INFO] start_ebrisk  76% [195 submitted, 0 queued]
[2021-12-11 17:32:29 #242 INFO] start_ebrisk  77% [195 submitted, 0 queued]
[2021-12-11 17:32:41 #242 INFO] start_ebrisk  78% [195 submitted, 0 queued]
[2021-12-11 17:32:59 #242 INFO] start_ebrisk  79% [195 submitted, 0 queued]
[2021-12-11 17:33:01 #242 INFO] start_ebrisk  80% [195 submitted, 0 queued]
[2021-12-11 17:34:27 #242 INFO] start_ebrisk  81% [195 submitted, 0 queued]
[2021-12-11 17:34:45 #242 INFO] start_ebrisk  82% [195 submitted, 0 queued]
[2021-12-11 17:34:54 #242 INFO] start_ebrisk  83% [195 submitted, 0 queued]
[2021-12-11 17:35:45 #242 INFO] start_ebrisk  84% [195 submitted, 0 queued]
[2021-12-11 17:37:08 #242 INFO] start_ebrisk  85% [195 submitted, 0 queued]
[2021-12-11 17:37:26 #242 INFO] start_ebrisk  86% [195 submitted, 0 queued]
[2021-12-11 17:37:55 #242 INFO] start_ebrisk  87% [195 submitted, 0 queued]
[2021-12-11 17:38:30 #242 INFO] start_ebrisk  88% [195 submitted, 0 queued]
[2021-12-11 17:38:44 #242 INFO] start_ebrisk  89% [195 submitted, 0 queued]
[2021-12-11 17:39:02 #242 INFO] start_ebrisk  90% [195 submitted, 0 queued]
[2021-12-11 17:40:24 #242 INFO] start_ebrisk  91% [195 submitted, 0 queued]
[2021-12-11 17:42:03 #242 INFO] start_ebrisk  92% [195 submitted, 0 queued]
[2021-12-11 17:42:47 #242 INFO] start_ebrisk  93% [195 submitted, 0 queued]
[2021-12-11 17:45:46 #242 INFO] start_ebrisk  94% [195 submitted, 0 queued]
[2021-12-11 17:48:01 #242 INFO] start_ebrisk  95% [195 submitted, 0 queued]
[2021-12-11 17:50:21 #242 INFO] start_ebrisk  96% [195 submitted, 0 queued]
[2021-12-11 17:53:48 #242 INFO] start_ebrisk  97% [195 submitted, 0 queued]
[2021-12-11 17:58:40 #242 INFO] start_ebrisk  98% [195 submitted, 0 queued]
[2021-12-11 18:00:51 #242 INFO] start_ebrisk  99% [195 submitted, 0 queued]
[2021-12-11 18:02:53 #242 INFO] start_ebrisk 100% [195 submitted, 0 queued]
[2021-12-11 18:02:53 #242 INFO] Mean time per core=3864s, std=576.1s, min=3119s, max=5619s
[2021-12-11 18:02:53 #242 INFO] Received {'alt': '5 GB', 'losses_by_A': '45.66 MB', 'momenta': '11.12 MB', 'gmf_info': '9.76 MB', 'events_per_sid': '4 KB'} in 5583 seconds
[2021-12-11 18:02:53 #242 INFO] Produced 11.67 GB of GMFs
[2021-12-11 18:02:54 #242 INFO] Stored 5 GB in the agg_loss_table
[2021-12-11 18:02:54 #242 INFO] Building the src_loss_table
[2021-12-11 18:03:57 #242 INFO] Sending 97.23 MB of losses
[2021-12-11 18:03:58 #242 INFO] Sending 73.16 MB of losses
[2021-12-11 18:03:59 #242 INFO] Sending 68.43 MB of losses
[2021-12-11 18:03:59 #242 INFO] Sending 59.55 MB of losses
[2021-12-11 18:04:00 #242 INFO] Sending 78.07 MB of losses
[2021-12-11 18:04:01 #242 INFO] Sending 78.15 MB of losses
[2021-12-11 18:04:01 #242 INFO] Sending 100.34 MB of losses
[2021-12-11 18:04:02 #242 INFO] Sending 67.81 MB of losses
[2021-12-11 18:04:03 #242 INFO] Sending 75.26 MB of losses
[2021-12-11 18:04:03 #242 INFO] Sending 90.98 MB of losses
[2021-12-11 18:04:04 #242 INFO] Sending 63.86 MB of losses
[2021-12-11 18:04:04 #242 INFO] Sending 72.86 MB of losses
[2021-12-11 18:04:05 #242 INFO] Sending 72.22 MB of losses
[2021-12-11 18:04:06 #242 INFO] Sending 74.74 MB of losses
[2021-12-11 18:04:07 #242 INFO] Sending 95.04 MB of losses
[2021-12-11 18:04:07 #242 INFO] Sending 69.75 MB of losses
[2021-12-11 18:04:09 #242 INFO] Sending 84.31 MB of losses
[2021-12-11 18:04:09 #242 INFO] Sending 62.39 MB of losses
[2021-12-11 18:04:10 #242 INFO] Sending 92.82 MB of losses
[2021-12-11 18:04:11 #242 INFO] Sending 94.18 MB of losses
[2021-12-11 18:04:11 #242 INFO] Sending 63.32 MB of losses
[2021-12-11 18:04:12 #242 INFO] Sending 87.88 MB of losses
[2021-12-11 18:04:13 #242 INFO] Sending 96.11 MB of losses
[2021-12-11 18:04:13 #242 INFO] Sending 68.98 MB of losses
[2021-12-11 18:04:14 #242 INFO] Sending 94.58 MB of losses
[2021-12-11 18:04:15 #242 INFO] Sending 73.51 MB of losses
[2021-12-11 18:04:15 #242 INFO] Sending 89.21 MB of losses
[2021-12-11 18:04:16 #242 INFO] Sending 66.25 MB of losses
[2021-12-11 18:04:17 #242 INFO] Sending 45.23 MB of losses
[2021-12-11 18:04:17 #242 INFO] Sending 104.12 MB of losses
[2021-12-11 18:04:18 #242 INFO] Sending 74.4 MB of losses
[2021-12-11 18:04:19 #242 INFO] Sending 77.53 MB of losses
[2021-12-11 18:04:19 #242 INFO] Sending 80.6 MB of losses
[2021-12-11 18:04:20 #242 INFO] Sending 83.74 MB of losses
[2021-12-11 18:04:21 #242 INFO] Sending 71.1 MB of losses
[2021-12-11 18:04:21 #242 INFO] Sending 61.66 MB of losses
[2021-12-11 18:04:22 #242 INFO] Sending 73.41 MB of losses
[2021-12-11 18:04:23 #242 INFO] Sending 64.72 MB of losses
[2021-12-11 18:04:23 #242 INFO] Sending 96.66 MB of losses
[2021-12-11 18:04:24 #242 INFO] Sending 75.2 MB of losses
[2021-12-11 18:04:25 #242 INFO] Sending 99.81 MB of losses
[2021-12-11 18:04:25 #242 INFO] Sending 64.96 MB of losses
[2021-12-11 18:04:26 #242 INFO] Sending 59.93 MB of losses
[2021-12-11 18:04:27 #242 INFO] Sent 44 tasks, 3.34 GB in 29 seconds
[2021-12-11 18:04:28 #242 INFO] post_risk   2% [44 submitted, 0 queued]
[2021-12-11 18:04:29 #242 INFO] post_risk   4% [44 submitted, 0 queued]
[2021-12-11 18:04:29 #242 INFO] post_risk   6% [44 submitted, 0 queued]
[2021-12-11 18:04:29 #242 INFO] post_risk   9% [44 submitted, 0 queued]
[2021-12-11 18:04:29 #242 INFO] post_risk  11% [44 submitted, 0 queued]
[2021-12-11 18:04:29 #242 INFO] post_risk  13% [44 submitted, 0 queued]
[2021-12-11 18:04:29 #242 INFO] post_risk  15% [44 submitted, 0 queued]
[2021-12-11 18:04:29 #242 INFO] post_risk  18% [44 submitted, 0 queued]
[2021-12-11 18:04:29 #242 INFO] post_risk  20% [44 submitted, 0 queued]
[2021-12-11 18:04:29 #242 INFO] post_risk  22% [44 submitted, 0 queued]
[2021-12-11 18:04:29 #242 INFO] post_risk  25% [44 submitted, 0 queued]
[2021-12-11 18:04:29 #242 INFO] post_risk  27% [44 submitted, 0 queued]
[2021-12-11 18:04:29 #242 INFO] post_risk  29% [44 submitted, 0 queued]
[2021-12-11 18:04:29 #242 INFO] post_risk  31% [44 submitted, 0 queued]
[2021-12-11 18:04:29 #242 INFO] post_risk  34% [44 submitted, 0 queued]
[2021-12-11 18:04:29 #242 INFO] post_risk  36% [44 submitted, 0 queued]
[2021-12-11 18:04:29 #242 INFO] post_risk  38% [44 submitted, 0 queued]
[2021-12-11 18:04:29 #242 INFO] post_risk  40% [44 submitted, 0 queued]
[2021-12-11 18:04:29 #242 INFO] post_risk  43% [44 submitted, 0 queued]
[2021-12-11 18:04:29 #242 INFO] post_risk  45% [44 submitted, 0 queued]
[2021-12-11 18:04:29 #242 INFO] post_risk  47% [44 submitted, 0 queued]
[2021-12-11 18:04:29 #242 INFO] post_risk  50% [44 submitted, 0 queued]
[2021-12-11 18:04:29 #242 INFO] post_risk  52% [44 submitted, 0 queued]
[2021-12-11 18:04:29 #242 INFO] post_risk  54% [44 submitted, 0 queued]
[2021-12-11 18:04:29 #242 INFO] post_risk  56% [44 submitted, 0 queued]
[2021-12-11 18:04:29 #242 INFO] post_risk  59% [44 submitted, 0 queued]
[2021-12-11 18:04:29 #242 INFO] post_risk  61% [44 submitted, 0 queued]
[2021-12-11 18:04:29 #242 INFO] post_risk  63% [44 submitted, 0 queued]
[2021-12-11 18:04:29 #242 INFO] post_risk  65% [44 submitted, 0 queued]
[2021-12-11 18:04:29 #242 INFO] post_risk  68% [44 submitted, 0 queued]
[2021-12-11 18:04:29 #242 INFO] post_risk  70% [44 submitted, 0 queued]
[2021-12-11 18:04:29 #242 INFO] post_risk  72% [44 submitted, 0 queued]
[2021-12-11 18:04:29 #242 INFO] post_risk  75% [44 submitted, 0 queued]
[2021-12-11 18:04:29 #242 INFO] post_risk  77% [44 submitted, 0 queued]
[2021-12-11 18:04:29 #242 INFO] post_risk  79% [44 submitted, 0 queued]
[2021-12-11 18:04:29 #242 INFO] post_risk  81% [44 submitted, 0 queued]
[2021-12-11 18:04:29 #242 INFO] post_risk  84% [44 submitted, 0 queued]
[2021-12-11 18:04:29 #242 INFO] post_risk  86% [44 submitted, 0 queued]
[2021-12-11 18:04:29 #242 INFO] post_risk  88% [44 submitted, 0 queued]
[2021-12-11 18:04:29 #242 INFO] post_risk  90% [44 submitted, 0 queued]
[2021-12-11 18:04:29 #242 INFO] post_risk  93% [44 submitted, 0 queued]
[2021-12-11 18:04:29 #242 INFO] post_risk  95% [44 submitted, 0 queued]
[2021-12-11 18:04:29 #242 INFO] post_risk  97% [44 submitted, 0 queued]
[2021-12-11 18:04:29 #242 INFO] post_risk 100% [44 submitted, 0 queued]
[2021-12-11 18:04:29 #242 INFO] Mean time per core=1s, std=0.2s, min=1s, max=2s
[2021-12-11 18:04:29 #242 INFO] Received {'tot': '23.41 MB'} in 2 seconds
[2021-12-11 18:04:59 #242 INFO] Total portfolio loss
==== ============== =============== ========= ===============
loss contents       nonstructural   occupants structural     
==== ============== =============== ========= ===============
avg  38_710_801_260 178_370_712_150 4_288     188_689_565_516
==== ============== =============== ========= ===============
[2021-12-11 18:04:59 #242 INFO] Sanity check on agg_losses
[2021-12-11 18:05:00 #242 INFO] Exposing the outputs to the database
[2021-12-11 18:05:00 #242 INFO] Stored 5.05 GB on /root/oqdata/calc_242.hdf5 in 5784 seconds
/home/ssm-user/src/oq-engine/openquake/hazardlib/gsim/base.py:347: ExperimentalWarning: CanadaSHM6_ActiveCrust_BooreEtAl2014 is experimental and may change in future versions - the user is liable for their application
  warnings.warn(msg, ExperimentalWarning)
/home/ssm-user/src/oq-engine/openquake/hazardlib/gsim/base.py:347: ExperimentalWarning: CanadaSHM6_ActiveCrust_BooreEtAl2014 is experimental and may change in future versions - the user is liable for their application
  warnings.warn(msg, ExperimentalWarning)
/home/ssm-user/src/oq-engine/openquake/hazardlib/gsim/base.py:347: ExperimentalWarning: CanadaSHM6_ActiveCrust_BooreEtAl2014 is experimental and may change in future versions - the user is liable for their application
  warnings.warn(msg, ExperimentalWarning)
/home/ssm-user/src/oq-engine/openquake/hazardlib/gsim/base.py:347: ExperimentalWarning: CanadaSHM6_ActiveCrust_BooreEtAl2014 is experimental and may change in future versions - the user is liable for their application
  warnings.warn(msg, ExperimentalWarning)
/home/ssm-user/src/oq-engine/openquake/hazardlib/gsim/base.py:347: ExperimentalWarning: CanadaSHM6_ActiveCrust_BooreEtAl2014 is experimental and may change in future versions - the user is liable for their application
  warnings.warn(msg, ExperimentalWarning)
/home/ssm-user/src/oq-engine/openquake/hazardlib/gsim/base.py:347: ExperimentalWarning: CanadaSHM6_ActiveCrust_BooreEtAl2014 is experimental and may change in future versions - the user is liable for their application
  warnings.warn(msg, ExperimentalWarning)
/home/ssm-user/src/oq-engine/openquake/hazardlib/gsim/base.py:347: ExperimentalWarning: CanadaSHM6_ActiveCrust_BooreEtAl2014 is experimental and may change in future versions - the user is liable for their application
  warnings.warn(msg, ExperimentalWarning)
/home/ssm-user/src/oq-engine/openquake/hazardlib/gsim/base.py:347: ExperimentalWarning: CanadaSHM6_ActiveCrust_BooreEtAl2014 is experimental and may change in future versions - the user is liable for their application
  warnings.warn(msg, ExperimentalWarning)
/home/ssm-user/src/oq-engine/openquake/hazardlib/gsim/base.py:347: ExperimentalWarning: CanadaSHM6_ActiveCrust_BooreEtAl2014 is experimental and may change in future versions - the user is liable for their application
  warnings.warn(msg, ExperimentalWarning)
/home/ssm-user/src/oq-engine/openquake/hazardlib/gsim/base.py:347: ExperimentalWarning: CanadaSHM6_ActiveCrust_BooreEtAl2014 is experimental and may change in future versions - the user is liable for their application
  warnings.warn(msg, ExperimentalWarning)
/home/ssm-user/src/oq-engine/openquake/hazardlib/gsim/base.py:347: ExperimentalWarning: CanadaSHM6_ActiveCrust_BooreEtAl2014 is experimental and may change in future versions - the user is liable for their application
  warnings.warn(msg, ExperimentalWarning)
/home/ssm-user/src/oq-engine/openquake/hazardlib/gsim/base.py:347: ExperimentalWarning: CanadaSHM6_ActiveCrust_BooreEtAl2014 is experimental and may change in future versions - the user is liable for their application
  warnings.warn(msg, ExperimentalWarning)
/home/ssm-user/src/oq-engine/openquake/hazardlib/gsim/base.py:347: ExperimentalWarning: CanadaSHM6_ActiveCrust_BooreEtAl2014 is experimental and may change in future versions - the user is liable for their application
  warnings.warn(msg, ExperimentalWarning)
/home/ssm-user/src/oq-engine/openquake/hazardlib/gsim/base.py:347: ExperimentalWarning: CanadaSHM6_ActiveCrust_BooreEtAl2014 is experimental and may change in future versions - the user is liable for their application
  warnings.warn(msg, ExperimentalWarning)
/home/ssm-user/src/oq-engine/openquake/hazardlib/gsim/base.py:347: ExperimentalWarning: CanadaSHM6_ActiveCrust_BooreEtAl2014 is experimental and may change in future versions - the user is liable for their application
  warnings.warn(msg, ExperimentalWarning)
/home/ssm-user/src/oq-engine/openquake/hazardlib/gsim/base.py:347: ExperimentalWarning: CanadaSHM6_ActiveCrust_BooreEtAl2014 is experimental and may change in future versions - the user is liable for their application
  warnings.warn(msg, ExperimentalWarning)
/home/ssm-user/src/oq-engine/openquake/hazardlib/gsim/base.py:347: ExperimentalWarning: CanadaSHM6_ActiveCrust_BooreEtAl2014 is experimental and may change in future versions - the user is liable for their application
  warnings.warn(msg, ExperimentalWarning)
/home/ssm-user/src/oq-engine/openquake/hazardlib/gsim/base.py:347: ExperimentalWarning: CanadaSHM6_ActiveCrust_BooreEtAl2014 is experimental and may change in future versions - the user is liable for their application
  warnings.warn(msg, ExperimentalWarning)
/home/ssm-user/src/oq-engine/openquake/hazardlib/gsim/base.py:347: ExperimentalWarning: CanadaSHM6_ActiveCrust_BooreEtAl2014 is experimental and may change in future versions - the user is liable for their application
  warnings.warn(msg, ExperimentalWarning)
/home/ssm-user/src/oq-engine/openquake/hazardlib/gsim/base.py:347: ExperimentalWarning: CanadaSHM6_ActiveCrust_BooreEtAl2014 is experimental and may change in future versions - the user is liable for their application
  warnings.warn(msg, ExperimentalWarning)
/home/ssm-user/src/oq-engine/openquake/hazardlib/gsim/base.py:347: ExperimentalWarning: CanadaSHM6_ActiveCrust_BooreEtAl2014 is experimental and may change in future versions - the user is liable for their application
  warnings.warn(msg, ExperimentalWarning)
/home/ssm-user/src/oq-engine/openquake/hazardlib/gsim/base.py:347: ExperimentalWarning: CanadaSHM6_ActiveCrust_BooreEtAl2014 is experimental and may change in future versions - the user is liable for their application
  warnings.warn(msg, ExperimentalWarning)
/home/ssm-user/src/oq-engine/openquake/hazardlib/gsim/base.py:347: ExperimentalWarning: CanadaSHM6_ActiveCrust_BooreEtAl2014 is experimental and may change in future versions - the user is liable for their application
  warnings.warn(msg, ExperimentalWarning)
/home/ssm-user/src/oq-engine/openquake/hazardlib/gsim/base.py:347: ExperimentalWarning: CanadaSHM6_ActiveCrust_BooreEtAl2014 is experimental and may change in future versions - the user is liable for their application
  warnings.warn(msg, ExperimentalWarning)
/home/ssm-user/src/oq-engine/openquake/hazardlib/gsim/base.py:347: ExperimentalWarning: CanadaSHM6_ActiveCrust_BooreEtAl2014 is experimental and may change in future versions - the user is liable for their application
  warnings.warn(msg, ExperimentalWarning)
/home/ssm-user/src/oq-engine/openquake/hazardlib/gsim/base.py:347: ExperimentalWarning: CanadaSHM6_ActiveCrust_BooreEtAl2014 is experimental and may change in future versions - the user is liable for their application
  warnings.warn(msg, ExperimentalWarning)
/home/ssm-user/src/oq-engine/openquake/hazardlib/gsim/base.py:347: ExperimentalWarning: CanadaSHM6_ActiveCrust_BooreEtAl2014 is experimental and may change in future versions - the user is liable for their application
  warnings.warn(msg, ExperimentalWarning)
/home/ssm-user/src/oq-engine/openquake/hazardlib/gsim/base.py:347: ExperimentalWarning: CanadaSHM6_ActiveCrust_BooreEtAl2014 is experimental and may change in future versions - the user is liable for their application
  warnings.warn(msg, ExperimentalWarning)
/home/ssm-user/src/oq-engine/openquake/hazardlib/gsim/base.py:347: ExperimentalWarning: CanadaSHM6_ActiveCrust_BooreEtAl2014 is experimental and may change in future versions - the user is liable for their application
  warnings.warn(msg, ExperimentalWarning)
/home/ssm-user/src/oq-engine/openquake/hazardlib/gsim/base.py:347: ExperimentalWarning: CanadaSHM6_ActiveCrust_BooreEtAl2014 is experimental and may change in future versions - the user is liable for their application
  warnings.warn(msg, ExperimentalWarning)
/home/ssm-user/src/oq-engine/openquake/hazardlib/gsim/base.py:347: ExperimentalWarning: CanadaSHM6_ActiveCrust_BooreEtAl2014 is experimental and may change in future versions - the user is liable for their application
  warnings.warn(msg, ExperimentalWarning)
/home/ssm-user/src/oq-engine/openquake/hazardlib/gsim/base.py:347: ExperimentalWarning: CanadaSHM6_ActiveCrust_BooreEtAl2014 is experimental and may change in future versions - the user is liable for their application
  warnings.warn(msg, ExperimentalWarning)
/home/ssm-user/src/oq-engine/openquake/hazardlib/gsim/base.py:347: ExperimentalWarning: CanadaSHM6_ActiveCrust_BooreEtAl2014 is experimental and may change in future versions - the user is liable for their application
  warnings.warn(msg, ExperimentalWarning)
/home/ssm-user/src/oq-engine/openquake/hazardlib/gsim/base.py:347: ExperimentalWarning: CanadaSHM6_ActiveCrust_BooreEtAl2014 is experimental and may change in future versions - the user is liable for their application
  warnings.warn(msg, ExperimentalWarning)
/home/ssm-user/src/oq-engine/openquake/hazardlib/gsim/base.py:347: ExperimentalWarning: CanadaSHM6_ActiveCrust_BooreEtAl2014 is experimental and may change in future versions - the user is liable for their application
  warnings.warn(msg, ExperimentalWarning)
/home/ssm-user/src/oq-engine/openquake/hazardlib/gsim/base.py:347: ExperimentalWarning: CanadaSHM6_ActiveCrust_BooreEtAl2014 is experimental and may change in future versions - the user is liable for their application
  warnings.warn(msg, ExperimentalWarning)
/home/ssm-user/src/oq-engine/openquake/hazardlib/gsim/base.py:347: ExperimentalWarning: CanadaSHM6_ActiveCrust_BooreEtAl2014 is experimental and may change in future versions - the user is liable for their application
  warnings.warn(msg, ExperimentalWarning)
/home/ssm-user/src/oq-engine/openquake/hazardlib/gsim/base.py:347: ExperimentalWarning: CanadaSHM6_ActiveCrust_BooreEtAl2014 is experimental and may change in future versions - the user is liable for their application
  warnings.warn(msg, ExperimentalWarning)
/home/ssm-user/src/oq-engine/openquake/hazardlib/gsim/base.py:347: ExperimentalWarning: CanadaSHM6_ActiveCrust_BooreEtAl2014 is experimental and may change in future versions - the user is liable for their application
  warnings.warn(msg, ExperimentalWarning)
/home/ssm-user/src/oq-engine/openquake/hazardlib/gsim/base.py:347: ExperimentalWarning: CanadaSHM6_ActiveCrust_BooreEtAl2014 is experimental and may change in future versions - the user is liable for their application
  warnings.warn(msg, ExperimentalWarning)
/home/ssm-user/src/oq-engine/openquake/hazardlib/gsim/base.py:347: ExperimentalWarning: CanadaSHM6_ActiveCrust_BooreEtAl2014 is experimental and may change in future versions - the user is liable for their application
  warnings.warn(msg, ExperimentalWarning)
/home/ssm-user/src/oq-engine/openquake/hazardlib/gsim/base.py:347: ExperimentalWarning: CanadaSHM6_ActiveCrust_BooreEtAl2014 is experimental and may change in future versions - the user is liable for their application
  warnings.warn(msg, ExperimentalWarning)
/home/ssm-user/src/oq-engine/openquake/hazardlib/gsim/base.py:347: ExperimentalWarning: CanadaSHM6_ActiveCrust_BooreEtAl2014 is experimental and may change in future versions - the user is liable for their application
  warnings.warn(msg, ExperimentalWarning)
/home/ssm-user/src/oq-engine/openquake/hazardlib/gsim/base.py:347: ExperimentalWarning: CanadaSHM6_ActiveCrust_BooreEtAl2014 is experimental and may change in future versions - the user is liable for their application
  warnings.warn(msg, ExperimentalWarning)
/home/ssm-user/src/oq-engine/openquake/hazardlib/gsim/base.py:347: ExperimentalWarning: CanadaSHM6_ActiveCrust_BooreEtAl2014 is experimental and may change in future versions - the user is liable for their application
  warnings.warn(msg, ExperimentalWarning)
/home/ssm-user/src/oq-engine/openquake/hazardlib/gsim/base.py:347: ExperimentalWarning: CanadaSHM6_ActiveCrust_BooreEtAl2014 is experimental and may change in future versions - the user is liable for their application
  warnings.warn(msg, ExperimentalWarning)
/home/ssm-user/src/oq-engine/openquake/hazardlib/gsim/base.py:347: ExperimentalWarning: CanadaSHM6_ActiveCrust_BooreEtAl2014 is experimental and may change in future versions - the user is liable for their application
  warnings.warn(msg, ExperimentalWarning)
/home/ssm-user/src/oq-engine/openquake/hazardlib/gsim/base.py:347: ExperimentalWarning: CanadaSHM6_ActiveCrust_BooreEtAl2014 is experimental and may change in future versions - the user is liable for their application
  warnings.warn(msg, ExperimentalWarning)
/home/ssm-user/src/oq-engine/openquake/hazardlib/gsim/base.py:347: ExperimentalWarning: CanadaSHM6_ActiveCrust_BooreEtAl2014 is experimental and may change in future versions - the user is liable for their application
  warnings.warn(msg, ExperimentalWarning)
/home/ssm-user/src/oq-engine/openquake/hazardlib/gsim/base.py:347: ExperimentalWarning: CanadaSHM6_ActiveCrust_BooreEtAl2014 is experimental and may change in future versions - the user is liable for their application
  warnings.warn(msg, ExperimentalWarning)
/home/ssm-user/src/oq-engine/openquake/hazardlib/gsim/base.py:347: ExperimentalWarning: CanadaSHM6_ActiveCrust_BooreEtAl2014 is experimental and may change in future versions - the user is liable for their application
  warnings.warn(msg, ExperimentalWarning)
/home/ssm-user/src/oq-engine/openquake/hazardlib/gsim/base.py:347: ExperimentalWarning: CanadaSHM6_ActiveCrust_BooreEtAl2014 is experimental and may change in future versions - the user is liable for their application
  warnings.warn(msg, ExperimentalWarning)
/home/ssm-user/src/oq-engine/openquake/hazardlib/gsim/base.py:347: ExperimentalWarning: CanadaSHM6_ActiveCrust_BooreEtAl2014 is experimental and may change in future versions - the user is liable for their application
  warnings.warn(msg, ExperimentalWarning)
/home/ssm-user/src/oq-engine/openquake/hazardlib/gsim/base.py:347: ExperimentalWarning: CanadaSHM6_ActiveCrust_BooreEtAl2014 is experimental and may change in future versions - the user is liable for their application
  warnings.warn(msg, ExperimentalWarning)
/home/ssm-user/src/oq-engine/openquake/hazardlib/gsim/base.py:347: ExperimentalWarning: CanadaSHM6_ActiveCrust_BooreEtAl2014 is experimental and may change in future versions - the user is liable for their application
  warnings.warn(msg, ExperimentalWarning)
/home/ssm-user/src/oq-engine/openquake/hazardlib/gsim/base.py:347: ExperimentalWarning: CanadaSHM6_ActiveCrust_BooreEtAl2014 is experimental and may change in future versions - the user is liable for their application
  warnings.warn(msg, ExperimentalWarning)
/home/ssm-user/src/oq-engine/openquake/hazardlib/gsim/base.py:347: ExperimentalWarning: CanadaSHM6_ActiveCrust_BooreEtAl2014 is experimental and may change in future versions - the user is liable for their application
  warnings.warn(msg, ExperimentalWarning)
/home/ssm-user/src/oq-engine/openquake/hazardlib/gsim/base.py:347: ExperimentalWarning: CanadaSHM6_ActiveCrust_BooreEtAl2014 is experimental and may change in future versions - the user is liable for their application
  warnings.warn(msg, ExperimentalWarning)
/home/ssm-user/src/oq-engine/openquake/hazardlib/gsim/base.py:347: ExperimentalWarning: CanadaSHM6_ActiveCrust_BooreEtAl2014 is experimental and may change in future versions - the user is liable for their application
  warnings.warn(msg, ExperimentalWarning)
/home/ssm-user/src/oq-engine/openquake/hazardlib/gsim/base.py:347: ExperimentalWarning: CanadaSHM6_ActiveCrust_BooreEtAl2014 is experimental and may change in future versions - the user is liable for their application
  warnings.warn(msg, ExperimentalWarning)
/home/ssm-user/src/oq-engine/openquake/hazardlib/gsim/base.py:347: ExperimentalWarning: CanadaSHM6_ActiveCrust_BooreEtAl2014 is experimental and may change in future versions - the user is liable for their application
  warnings.warn(msg, ExperimentalWarning)
/home/ssm-user/src/oq-engine/openquake/hazardlib/gsim/base.py:347: ExperimentalWarning: CanadaSHM6_ActiveCrust_BooreEtAl2014 is experimental and may change in future versions - the user is liable for their application
  warnings.warn(msg, ExperimentalWarning)
/home/ssm-user/src/oq-engine/openquake/hazardlib/gsim/base.py:347: ExperimentalWarning: CanadaSHM6_ActiveCrust_BooreEtAl2014 is experimental and may change in future versions - the user is liable for their application
  warnings.warn(msg, ExperimentalWarning)
/home/ssm-user/src/oq-engine/openquake/hazardlib/gsim/base.py:347: ExperimentalWarning: CanadaSHM6_ActiveCrust_BooreEtAl2014 is experimental and may change in future versions - the user is liable for their application
  warnings.warn(msg, ExperimentalWarning)
/home/ssm-user/src/oq-engine/openquake/hazardlib/gsim/base.py:347: ExperimentalWarning: CanadaSHM6_ActiveCrust_BooreEtAl2014 is experimental and may change in future versions - the user is liable for their application
  warnings.warn(msg, ExperimentalWarning)
/home/ssm-user/src/oq-engine/openquake/hazardlib/gsim/base.py:347: ExperimentalWarning: CanadaSHM6_ActiveCrust_BooreEtAl2014 is experimental and may change in future versions - the user is liable for their application
  warnings.warn(msg, ExperimentalWarning)
/home/ssm-user/src/oq-engine/openquake/hazardlib/gsim/base.py:347: ExperimentalWarning: CanadaSHM6_ActiveCrust_BooreEtAl2014 is experimental and may change in future versions - the user is liable for their application
  warnings.warn(msg, ExperimentalWarning)
/home/ssm-user/src/oq-engine/openquake/hazardlib/gsim/base.py:347: ExperimentalWarning: CanadaSHM6_ActiveCrust_BooreEtAl2014 is experimental and may change in future versions - the user is liable for their application
  warnings.warn(msg, ExperimentalWarning)
/home/ssm-user/src/oq-engine/openquake/hazardlib/gsim/base.py:347: ExperimentalWarning: CanadaSHM6_ActiveCrust_BooreEtAl2014 is experimental and may change in future versions - the user is liable for their application
  warnings.warn(msg, ExperimentalWarning)
/home/ssm-user/src/oq-engine/openquake/hazardlib/gsim/base.py:347: ExperimentalWarning: CanadaSHM6_ActiveCrust_BooreEtAl2014 is experimental and may change in future versions - the user is liable for their application
  warnings.warn(msg, ExperimentalWarning)
/home/ssm-user/src/oq-engine/openquake/hazardlib/gsim/base.py:347: ExperimentalWarning: CanadaSHM6_ActiveCrust_BooreEtAl2014 is experimental and may change in future versions - the user is liable for their application
  warnings.warn(msg, ExperimentalWarning)
/home/ssm-user/src/oq-engine/openquake/hazardlib/gsim/base.py:347: ExperimentalWarning: CanadaSHM6_ActiveCrust_BooreEtAl2014 is experimental and may change in future versions - the user is liable for their application
  warnings.warn(msg, ExperimentalWarning)
/home/ssm-user/src/oq-engine/openquake/hazardlib/gsim/base.py:347: ExperimentalWarning: CanadaSHM6_ActiveCrust_BooreEtAl2014 is experimental and may change in future versions - the user is liable for their application
  warnings.warn(msg, ExperimentalWarning)
/home/ssm-user/src/oq-engine/openquake/hazardlib/gsim/base.py:347: ExperimentalWarning: CanadaSHM6_ActiveCrust_BooreEtAl2014 is experimental and may change in future versions - the user is liable for their application
  warnings.warn(msg, ExperimentalWarning)
/home/ssm-user/src/oq-engine/openquake/hazardlib/gsim/base.py:347: ExperimentalWarning: CanadaSHM6_ActiveCrust_BooreEtAl2014 is experimental and may change in future versions - the user is liable for their application
  warnings.warn(msg, ExperimentalWarning)
/home/ssm-user/src/oq-engine/openquake/hazardlib/gsim/base.py:347: ExperimentalWarning: CanadaSHM6_ActiveCrust_BooreEtAl2014 is experimental and may change in future versions - the user is liable for their application
  warnings.warn(msg, ExperimentalWarning)
/home/ssm-user/src/oq-engine/openquake/hazardlib/gsim/base.py:347: ExperimentalWarning: CanadaSHM6_ActiveCrust_BooreEtAl2014 is experimental and may change in future versions - the user is liable for their application
  warnings.warn(msg, ExperimentalWarning)
/home/ssm-user/src/oq-engine/openquake/hazardlib/gsim/base.py:347: ExperimentalWarning: CanadaSHM6_ActiveCrust_BooreEtAl2014 is experimental and may change in future versions - the user is liable for their application
  warnings.warn(msg, ExperimentalWarning)
/home/ssm-user/src/oq-engine/openquake/hazardlib/gsim/base.py:347: ExperimentalWarning: CanadaSHM6_ActiveCrust_BooreEtAl2014 is experimental and may change in future versions - the user is liable for their application
  warnings.warn(msg, ExperimentalWarning)
/home/ssm-user/src/oq-engine/openquake/hazardlib/gsim/base.py:347: ExperimentalWarning: CanadaSHM6_ActiveCrust_BooreEtAl2014 is experimental and may change in future versions - the user is liable for their application
  warnings.warn(msg, ExperimentalWarning)
/home/ssm-user/src/oq-engine/openquake/hazardlib/gsim/base.py:347: ExperimentalWarning: CanadaSHM6_ActiveCrust_BooreEtAl2014 is experimental and may change in future versions - the user is liable for their application
  warnings.warn(msg, ExperimentalWarning)
/home/ssm-user/src/oq-engine/openquake/hazardlib/gsim/base.py:347: ExperimentalWarning: CanadaSHM6_ActiveCrust_BooreEtAl2014 is experimental and may change in future versions - the user is liable for their application
  warnings.warn(msg, ExperimentalWarning)
/home/ssm-user/src/oq-engine/openquake/hazardlib/gsim/base.py:347: ExperimentalWarning: CanadaSHM6_ActiveCrust_BooreEtAl2014 is experimental and may change in future versions - the user is liable for their application
  warnings.warn(msg, ExperimentalWarning)
/home/ssm-user/src/oq-engine/openquake/hazardlib/gsim/base.py:347: ExperimentalWarning: CanadaSHM6_ActiveCrust_BooreEtAl2014 is experimental and may change in future versions - the user is liable for their application
  warnings.warn(msg, ExperimentalWarning)
/home/ssm-user/src/oq-engine/openquake/hazardlib/gsim/base.py:347: ExperimentalWarning: CanadaSHM6_ActiveCrust_BooreEtAl2014 is experimental and may change in future versions - the user is liable for their application
  warnings.warn(msg, ExperimentalWarning)
/home/ssm-user/src/oq-engine/openquake/hazardlib/gsim/base.py:347: ExperimentalWarning: CanadaSHM6_ActiveCrust_BooreEtAl2014 is experimental and may change in future versions - the user is liable for their application
  warnings.warn(msg, ExperimentalWarning)
/home/ssm-user/src/oq-engine/openquake/hazardlib/gsim/base.py:347: ExperimentalWarning: CanadaSHM6_ActiveCrust_BooreEtAl2014 is experimental and may change in future versions - the user is liable for their application
  warnings.warn(msg, ExperimentalWarning)
/home/ssm-user/src/oq-engine/openquake/hazardlib/gsim/base.py:347: ExperimentalWarning: CanadaSHM6_ActiveCrust_BooreEtAl2014 is experimental and may change in future versions - the user is liable for their application
  warnings.warn(msg, ExperimentalWarning)
/home/ssm-user/src/oq-engine/openquake/hazardlib/gsim/base.py:347: ExperimentalWarning: CanadaSHM6_ActiveCrust_BooreEtAl2014 is experimental and may change in future versions - the user is liable for their application
  warnings.warn(msg, ExperimentalWarning)
/home/ssm-user/src/oq-engine/openquake/hazardlib/gsim/base.py:347: ExperimentalWarning: CanadaSHM6_ActiveCrust_BooreEtAl2014 is experimental and may change in future versions - the user is liable for their application
  warnings.warn(msg, ExperimentalWarning)
/home/ssm-user/src/oq-engine/openquake/hazardlib/gsim/base.py:347: ExperimentalWarning: CanadaSHM6_ActiveCrust_BooreEtAl2014 is experimental and may change in future versions - the user is liable for their application
  warnings.warn(msg, ExperimentalWarning)
/home/ssm-user/src/oq-engine/openquake/hazardlib/gsim/base.py:347: ExperimentalWarning: CanadaSHM6_ActiveCrust_BooreEtAl2014 is experimental and may change in future versions - the user is liable for their application
  warnings.warn(msg, ExperimentalWarning)
/home/ssm-user/src/oq-engine/openquake/hazardlib/gsim/base.py:347: ExperimentalWarning: CanadaSHM6_ActiveCrust_BooreEtAl2014 is experimental and may change in future versions - the user is liable for their application
  warnings.warn(msg, ExperimentalWarning)
/home/ssm-user/src/oq-engine/openquake/hazardlib/gsim/base.py:347: ExperimentalWarning: CanadaSHM6_ActiveCrust_BooreEtAl2014 is experimental and may change in future versions - the user is liable for their application
  warnings.warn(msg, ExperimentalWarning)
/home/ssm-user/src/oq-engine/openquake/hazardlib/gsim/base.py:347: ExperimentalWarning: CanadaSHM6_ActiveCrust_BooreEtAl2014 is experimental and may change in future versions - the user is liable for their application
  warnings.warn(msg, ExperimentalWarning)
/home/ssm-user/src/oq-engine/openquake/hazardlib/gsim/base.py:347: ExperimentalWarning: CanadaSHM6_ActiveCrust_BooreEtAl2014 is experimental and may change in future versions - the user is liable for their application
  warnings.warn(msg, ExperimentalWarning)
[2021-12-11 18:05:01 #242 INFO] Stopping the workers
  id | name
1471 | Aggregate Event Losses
1470 | Aggregate Loss Curves Statistics
1472 | Aggregate Losses Statistics
1473 | Average Asset Losses Statistics
1474 | Full Report
1475 | Realizations
1476 | Source Loss Table
