[2020-10-16 07:25:55 #1230 INFO] murray.journeay running /mnt/data/shared/canada-2020/canada-srm2/ebRisk/input/ebRisk_b0_QC2445-55.ini [--hc=None]
[2020-10-16 07:25:55 #1230 INFO] Using engine version 3.11.0-git4f03c56
[2020-10-16 07:25:57 #1230 WARNING] Using 64 cores on gem-compute
[2020-10-16 07:25:57 #1230 INFO] Validated nationalModel.xml in 0.01 seconds
[2020-10-16 07:25:57 #1230 INFO] Checksum of the input files: 2804627169
[2020-10-16 07:25:57 #1230 INFO] Reading the risk model if present
[2020-10-16 07:26:09 #1230 INFO] Reading /mnt/data/shared/canada-2020/model-inputs/exposure/general-building-stock/oqBldgExp_QC2445-55.xml
[2020-10-16 07:26:17 #1230 INFO] Extracting the hazard sites from the site model
[2020-10-16 07:26:20 #1230 INFO] Associated 79896 assets to 7366 sites
[2020-10-16 07:26:24 #1230 INFO] Reducing risk model from 7260 to 706 taxonomies
[2020-10-16 07:26:26 #1230 INFO] Considering 50 logic tree paths out of 24_576
[2020-10-16 07:26:26 #1230 INFO] 6 effective smlt realization(s)
[2020-10-16 07:26:26 #1230 INFO] Reading the source model(s) in parallel
[2020-10-16 07:26:28 #1230 INFO] read_source_model  16% [6 submitted, 0 queued]
[2020-10-16 07:26:28 #1230 INFO] read_source_model  33% [6 submitted, 0 queued]
[2020-10-16 07:26:28 #1230 INFO] read_source_model  50% [6 submitted, 0 queued]
[2020-10-16 07:26:28 #1230 INFO] read_source_model  66% [6 submitted, 0 queued]
[2020-10-16 07:26:28 #1230 INFO] read_source_model  83% [6 submitted, 0 queued]
[2020-10-16 07:26:29 #1230 INFO] read_source_model 100% [6 submitted, 0 queued]
[2020-10-16 07:26:29 #1230 INFO] Received {'/mnt/data/shared/canada-2020/CanadaSHM6/OpenQuake_model_files/sources/nationalModel/xml/simplifiedModel/WCan_HYeast_Harctic_simplified_collapsedRates.xml': '141.06 KB', '/mnt/data/shared/canada-2020/CanadaSHM6/OpenQuake_model_files/sources/nationalModel/xml/simplifiedModel/WCan_H2east_Harctic_simplified_collapsedRates.xml': '135.23 KB', '/mnt/data/shared/canada-2020/CanadaSHM6/OpenQuake_model_files/sources/nationalModel/xml/simplifiedModel/WCan_HYeast_Rarctic_simplified_collapsedRates.xml': '134.61 KB', '/mnt/data/shared/canada-2020/CanadaSHM6/OpenQuake_model_files/sources/nationalModel/xml/simplifiedModel/WCan_H2east_Rarctic_simplified_collapsedRates.xml': '128.78 KB', '/mnt/data/shared/canada-2020/CanadaSHM6/OpenQuake_model_files/sources/nationalModel/xml/simplifiedModel/WCan_R2east_Harctic_simplified_collapsedRates.xml': '119.91 KB', '/mnt/data/shared/canada-2020/CanadaSHM6/OpenQuake_model_files/sources/nationalModel/xml/simplifiedModel/WCan_R2east_Rarctic_simplified_collapsedRates.xml': '113.68 KB'} in 1 seconds
[2020-10-16 07:26:29 #1230 WARNING] There are multiple different sources with the same ID [<AreaSource SCCCT>, <AreaSource SCCCT>, <AreaSource SCCCT>, <AreaSource SCCCT>, <AreaSource SCCCT>, <AreaSource SCCCT>]
[2020-10-16 07:28:00 #1230 INFO] There are 195 sources
[2020-10-16 07:28:00 #1230 INFO] Checking the sources bounding box
[2020-10-16 07:28:00 #1230 ERROR] source ACM: The buffer of 600 km is too large, the bounding box is larger than half the globe: 219 degrees
[2020-10-16 07:28:01 #1230 INFO] Rupture floating factor = 1.6265060240963856
[2020-10-16 07:28:01 #1230 INFO] Rupture spinning factor = 3.2710843373493974
[2020-10-16 07:28:01 #1230 INFO] gzipping the input files
[2020-10-16 07:28:05 #1230 INFO] Storing risk model
[2020-10-16 07:28:08 #1230 INFO] minimum_intensity={'SA(0.3)': 0.1, 'SA(0.6)': 0.05, 'SA(1.0)': 0.05, 'SA(2.0)': 0.05, 'SA(0.5)': 0.1}
[2020-10-16 07:28:08 #1230 INFO] Building ruptures
[2020-10-16 07:28:08 #1230 INFO] Sending <SourceGroup Subduction IntraSlab30, 1 source(s)>
[2020-10-16 07:28:08 #1230 INFO] Sending <SourceGroup Subduction IntraSlab55, 4 source(s)>
[2020-10-16 07:28:08 #1230 INFO] Sending <SourceGroup Subduction Interface, 13 source(s)>
[2020-10-16 07:28:08 #1230 INFO] Sending <SourceGroup Stable Shallow Crust, 120 source(s)>
[2020-10-16 07:28:08 #1230 INFO] Sending <SourceGroup Active Shallow Crust, 59 source(s)>
[2020-10-16 07:28:10 #1230 INFO] Sent 64 tasks, 80.75 MB in 0 seconds
[2020-10-16 07:28:11 #1230 INFO] sample_ruptures   1% [65 submitted, 19 queued]
[2020-10-16 07:28:11 #1230 INFO] sample_ruptures   2% [66 submitted, 18 queued]
[2020-10-16 07:28:11 #1230 INFO] sample_ruptures   3% [67 submitted, 17 queued]
[2020-10-16 07:28:11 #1230 INFO] sample_ruptures   4% [68 submitted, 16 queued]
[2020-10-16 07:28:11 #1230 INFO] sample_ruptures   5% [69 submitted, 15 queued]
[2020-10-16 07:28:12 #1230 INFO] sample_ruptures   7% [70 submitted, 14 queued]
[2020-10-16 07:28:12 #1230 INFO] sample_ruptures   8% [71 submitted, 13 queued]
[2020-10-16 07:28:12 #1230 INFO] sample_ruptures   9% [72 submitted, 12 queued]
[2020-10-16 07:28:12 #1230 INFO] sample_ruptures  10% [73 submitted, 11 queued]
[2020-10-16 07:28:12 #1230 INFO] sample_ruptures  11% [74 submitted, 10 queued]
[2020-10-16 07:28:12 #1230 INFO] sample_ruptures  13% [75 submitted, 9 queued]
[2020-10-16 07:28:12 #1230 INFO] sample_ruptures  14% [76 submitted, 8 queued]
[2020-10-16 07:28:12 #1230 INFO] sample_ruptures  15% [77 submitted, 7 queued]
[2020-10-16 07:28:12 #1230 INFO] sample_ruptures  16% [78 submitted, 6 queued]
[2020-10-16 07:28:12 #1230 INFO] sample_ruptures  17% [79 submitted, 5 queued]
[2020-10-16 07:28:12 #1230 INFO] sample_ruptures  19% [80 submitted, 4 queued]
[2020-10-16 07:28:12 #1230 INFO] sample_ruptures  20% [81 submitted, 3 queued]
[2020-10-16 07:28:12 #1230 INFO] sample_ruptures  21% [82 submitted, 2 queued]
[2020-10-16 07:28:12 #1230 INFO] sample_ruptures  22% [83 submitted, 1 queued]
[2020-10-16 07:28:12 #1230 INFO] sample_ruptures  23% [84 submitted, 0 queued]
[2020-10-16 07:28:12 #1230 INFO] sample_ruptures  25% [84 submitted, 0 queued]
[2020-10-16 07:28:13 #1230 INFO] sample_ruptures  26% [84 submitted, 0 queued]
[2020-10-16 07:28:13 #1230 INFO] sample_ruptures  27% [84 submitted, 0 queued]
[2020-10-16 07:28:13 #1230 INFO] sample_ruptures  28% [84 submitted, 0 queued]
[2020-10-16 07:28:13 #1230 INFO] sample_ruptures  29% [84 submitted, 0 queued]
[2020-10-16 07:28:13 #1230 INFO] sample_ruptures  30% [84 submitted, 0 queued]
[2020-10-16 07:28:13 #1230 INFO] sample_ruptures  32% [84 submitted, 0 queued]
[2020-10-16 07:28:13 #1230 INFO] sample_ruptures  33% [84 submitted, 0 queued]
[2020-10-16 07:28:13 #1230 INFO] sample_ruptures  34% [84 submitted, 0 queued]
[2020-10-16 07:28:13 #1230 INFO] sample_ruptures  35% [84 submitted, 0 queued]
[2020-10-16 07:28:13 #1230 INFO] sample_ruptures  36% [84 submitted, 0 queued]
[2020-10-16 07:28:13 #1230 INFO] sample_ruptures  38% [84 submitted, 0 queued]
[2020-10-16 07:28:13 #1230 INFO] sample_ruptures  39% [84 submitted, 0 queued]
[2020-10-16 07:28:13 #1230 INFO] sample_ruptures  40% [84 submitted, 0 queued]
[2020-10-16 07:28:13 #1230 INFO] sample_ruptures  41% [84 submitted, 0 queued]
[2020-10-16 07:28:13 #1230 INFO] sample_ruptures  42% [84 submitted, 0 queued]
[2020-10-16 07:28:13 #1230 INFO] sample_ruptures  44% [84 submitted, 0 queued]
[2020-10-16 07:28:13 #1230 INFO] sample_ruptures  45% [84 submitted, 0 queued]
[2020-10-16 07:28:13 #1230 INFO] sample_ruptures  46% [84 submitted, 0 queued]
[2020-10-16 07:28:13 #1230 INFO] sample_ruptures  47% [84 submitted, 0 queued]
[2020-10-16 07:28:13 #1230 INFO] sample_ruptures  48% [84 submitted, 0 queued]
[2020-10-16 07:28:14 #1230 INFO] sample_ruptures  50% [84 submitted, 0 queued]
[2020-10-16 07:28:14 #1230 INFO] sample_ruptures  51% [84 submitted, 0 queued]
[2020-10-16 07:28:14 #1230 INFO] sample_ruptures  52% [84 submitted, 0 queued]
[2020-10-16 07:28:14 #1230 INFO] sample_ruptures  53% [84 submitted, 0 queued]
[2020-10-16 07:28:15 #1230 INFO] sample_ruptures  54% [84 submitted, 0 queued]
[2020-10-16 07:28:16 #1230 INFO] sample_ruptures  55% [84 submitted, 0 queued]
[2020-10-16 07:28:20 #1230 INFO] sample_ruptures  57% [84 submitted, 0 queued]
[2020-10-16 07:28:20 #1230 INFO] sample_ruptures  58% [84 submitted, 0 queued]
[2020-10-16 07:28:21 #1230 INFO] sample_ruptures  59% [84 submitted, 0 queued]
[2020-10-16 07:28:22 #1230 INFO] sample_ruptures  60% [84 submitted, 0 queued]
[2020-10-16 07:28:24 #1230 INFO] sample_ruptures  61% [84 submitted, 0 queued]
[2020-10-16 07:28:26 #1230 INFO] sample_ruptures  63% [84 submitted, 0 queued]
[2020-10-16 07:28:26 #1230 INFO] sample_ruptures  64% [84 submitted, 0 queued]
[2020-10-16 07:28:26 #1230 INFO] sample_ruptures  65% [84 submitted, 0 queued]
[2020-10-16 07:28:29 #1230 INFO] sample_ruptures  66% [84 submitted, 0 queued]
[2020-10-16 07:28:29 #1230 INFO] sample_ruptures  67% [84 submitted, 0 queued]
[2020-10-16 07:28:29 #1230 INFO] sample_ruptures  69% [84 submitted, 0 queued]
[2020-10-16 07:28:30 #1230 INFO] sample_ruptures  70% [84 submitted, 0 queued]
[2020-10-16 07:28:31 #1230 INFO] sample_ruptures  71% [84 submitted, 0 queued]
[2020-10-16 07:28:32 #1230 INFO] sample_ruptures  72% [84 submitted, 0 queued]
[2020-10-16 07:28:32 #1230 INFO] sample_ruptures  73% [84 submitted, 0 queued]
[2020-10-16 07:28:33 #1230 INFO] sample_ruptures  75% [84 submitted, 0 queued]
[2020-10-16 07:28:33 #1230 INFO] sample_ruptures  76% [84 submitted, 0 queued]
[2020-10-16 07:28:33 #1230 INFO] sample_ruptures  77% [84 submitted, 0 queued]
[2020-10-16 07:28:33 #1230 INFO] sample_ruptures  78% [84 submitted, 0 queued]
[2020-10-16 07:28:34 #1230 INFO] sample_ruptures  79% [84 submitted, 0 queued]
[2020-10-16 07:28:34 #1230 INFO] sample_ruptures  80% [84 submitted, 0 queued]
[2020-10-16 07:28:35 #1230 INFO] sample_ruptures  82% [84 submitted, 0 queued]
[2020-10-16 07:28:37 #1230 INFO] sample_ruptures  83% [84 submitted, 0 queued]
[2020-10-16 07:28:43 #1230 INFO] sample_ruptures  84% [84 submitted, 0 queued]
[2020-10-16 07:28:43 #1230 INFO] sample_ruptures  85% [84 submitted, 0 queued]
[2020-10-16 07:28:50 #1230 INFO] sample_ruptures  86% [84 submitted, 0 queued]
[2020-10-16 07:28:53 #1230 INFO] sample_ruptures  88% [84 submitted, 0 queued]
[2020-10-16 07:29:01 #1230 INFO] sample_ruptures  89% [84 submitted, 0 queued]
[2020-10-16 07:29:04 #1230 INFO] sample_ruptures  90% [84 submitted, 0 queued]
[2020-10-16 07:29:04 #1230 INFO] sample_ruptures  91% [84 submitted, 0 queued]
[2020-10-16 07:29:04 #1230 INFO] sample_ruptures  92% [84 submitted, 0 queued]
[2020-10-16 07:29:05 #1230 INFO] sample_ruptures  94% [84 submitted, 0 queued]
[2020-10-16 07:29:12 #1230 INFO] sample_ruptures  95% [84 submitted, 0 queued]
[2020-10-16 07:29:28 #1230 INFO] sample_ruptures  96% [84 submitted, 0 queued]
[2020-10-16 07:29:34 #1230 INFO] sample_ruptures  97% [84 submitted, 0 queued]
[2020-10-16 07:29:58 #1230 INFO] sample_ruptures  98% [84 submitted, 0 queued]
[2020-10-16 07:30:09 #1230 INFO] sample_ruptures 100% [84 submitted, 0 queued]
[2020-10-16 07:30:09 #1230 INFO] Received {'rup_array': '71.17 MB', 'calc_times': '22.19 KB', 'eff_ruptures': '3.82 KB'} in 120 seconds
[2020-10-16 07:30:10 #1230 INFO] There are 50 realization(s)
[2020-10-16 07:30:10 #1230 INFO] Reordering the ruptures and storing the events
[2020-10-16 07:30:10 #1230 INFO] Associating event_id -> rlz_id for 624_965 events and 382_360 ruptures
[2020-10-16 07:30:22 #1230 INFO] Sent 130 tasks, 41.33 MB in 11 seconds
[2020-10-16 07:30:24 #1230 INFO] Received {'tot': '5.99 MB'} in 2 seconds
[2020-10-16 07:30:28 #1230 INFO] minimum_asset_loss={'contents': 0, 'nonstructural': 0, 'structural': 0}
[2020-10-16 07:30:30 #1230 INFO] minimum_intensity={'SA(0.3)': 0.1, 'SA(0.6)': 0.05, 'SA(1.0)': 0.05, 'SA(2.0)': 0.05, 'SA(0.5)': 0.1}
[2020-10-16 07:30:30 #1230 INFO] Sending 382_360 ruptures
[2020-10-16 07:30:51 #1230 INFO] Sent 130 tasks, 85.15 MB in 19 seconds
[2020-10-16 07:39:03 #1230 INFO] start_ebrisk   1% [130 submitted, 0 queued]
[2020-10-16 07:40:50 #1230 INFO] start_ebrisk   2% [130 submitted, 0 queued]
[2020-10-16 07:41:17 #1230 INFO] start_ebrisk   3% [130 submitted, 0 queued]
[2020-10-16 07:42:56 #1230 INFO] start_ebrisk   4% [130 submitted, 0 queued]
[2020-10-16 07:45:08 #1230 INFO] start_ebrisk   5% [130 submitted, 0 queued]
[2020-10-16 07:46:35 #1230 INFO] start_ebrisk   6% [130 submitted, 0 queued]
[2020-10-16 07:48:27 #1230 INFO] start_ebrisk   7% [130 submitted, 0 queued]
[2020-10-16 07:50:01 #1230 INFO] start_ebrisk   8% [130 submitted, 0 queued]
[2020-10-16 07:50:40 #1230 INFO] start_ebrisk   9% [130 submitted, 0 queued]
[2020-10-16 07:51:44 #1230 INFO] start_ebrisk  10% [130 submitted, 0 queued]
[2020-10-16 07:52:58 #1230 INFO] start_ebrisk  11% [130 submitted, 0 queued]
[2020-10-16 07:53:09 #1230 INFO] start_ebrisk  12% [130 submitted, 0 queued]
[2020-10-16 07:53:13 #1230 INFO] start_ebrisk  13% [130 submitted, 0 queued]
[2020-10-16 07:53:35 #1230 INFO] start_ebrisk  14% [130 submitted, 0 queued]
[2020-10-16 07:53:35 #1230 INFO] start_ebrisk  15% [130 submitted, 0 queued]
[2020-10-16 07:53:46 #1230 INFO] start_ebrisk  16% [130 submitted, 0 queued]
[2020-10-16 07:53:53 #1230 INFO] start_ebrisk  17% [130 submitted, 0 queued]
[2020-10-16 07:53:59 #1230 INFO] start_ebrisk  18% [130 submitted, 0 queued]
[2020-10-16 07:54:01 #1230 INFO] start_ebrisk  19% [130 submitted, 0 queued]
[2020-10-16 07:54:24 #1230 INFO] start_ebrisk  20% [130 submitted, 0 queued]
[2020-10-16 07:54:55 #1230 INFO] start_ebrisk  21% [130 submitted, 0 queued]
[2020-10-16 07:54:58 #1230 INFO] start_ebrisk  22% [130 submitted, 0 queued]
[2020-10-16 07:55:05 #1230 INFO] start_ebrisk  23% [130 submitted, 0 queued]
[2020-10-16 07:55:44 #1230 INFO] start_ebrisk  24% [130 submitted, 0 queued]
[2020-10-16 07:56:05 #1230 INFO] start_ebrisk  25% [130 submitted, 0 queued]
[2020-10-16 07:56:07 #1230 INFO] start_ebrisk  26% [130 submitted, 0 queued]
[2020-10-16 07:56:39 #1230 INFO] start_ebrisk  27% [130 submitted, 0 queued]
[2020-10-16 07:57:02 #1230 INFO] start_ebrisk  28% [130 submitted, 0 queued]
[2020-10-16 07:57:05 #1230 INFO] start_ebrisk  29% [130 submitted, 0 queued]
[2020-10-16 07:57:17 #1230 INFO] start_ebrisk  30% [130 submitted, 0 queued]
[2020-10-16 07:57:55 #1230 INFO] start_ebrisk  31% [130 submitted, 0 queued]
[2020-10-16 07:58:09 #1230 INFO] start_ebrisk  32% [130 submitted, 0 queued]
[2020-10-16 07:58:30 #1230 INFO] start_ebrisk  33% [130 submitted, 0 queued]
[2020-10-16 07:58:49 #1230 INFO] start_ebrisk  34% [130 submitted, 0 queued]
[2020-10-16 07:58:54 #1230 INFO] start_ebrisk  35% [130 submitted, 0 queued]
[2020-10-16 07:59:01 #1230 INFO] start_ebrisk  36% [130 submitted, 0 queued]
[2020-10-16 07:59:41 #1230 INFO] start_ebrisk  37% [130 submitted, 0 queued]
[2020-10-16 07:59:51 #1230 INFO] start_ebrisk  38% [130 submitted, 0 queued]
[2020-10-16 07:59:57 #1230 INFO] start_ebrisk  39% [130 submitted, 0 queued]
[2020-10-16 08:00:00 #1230 INFO] start_ebrisk  40% [130 submitted, 0 queued]
[2020-10-16 08:00:21 #1230 INFO] start_ebrisk  41% [130 submitted, 0 queued]
[2020-10-16 08:00:29 #1230 INFO] start_ebrisk  42% [130 submitted, 0 queued]
[2020-10-16 08:00:42 #1230 INFO] start_ebrisk  43% [130 submitted, 0 queued]
[2020-10-16 08:01:48 #1230 INFO] start_ebrisk  44% [130 submitted, 0 queued]
[2020-10-16 08:02:49 #1230 INFO] start_ebrisk  45% [130 submitted, 0 queued]
[2020-10-16 08:03:08 #1230 INFO] start_ebrisk  46% [130 submitted, 0 queued]
[2020-10-16 08:04:10 #1230 INFO] start_ebrisk  47% [130 submitted, 0 queued]
[2020-10-16 08:04:52 #1230 INFO] start_ebrisk  48% [130 submitted, 0 queued]
[2020-10-16 08:04:57 #1230 INFO] start_ebrisk  49% [130 submitted, 0 queued]
[2020-10-16 08:06:07 #1230 INFO] start_ebrisk  50% [130 submitted, 0 queued]
[2020-10-16 08:07:28 #1230 INFO] start_ebrisk  51% [130 submitted, 0 queued]
[2020-10-16 08:07:34 #1230 INFO] start_ebrisk  52% [130 submitted, 0 queued]
[2020-10-16 08:08:09 #1230 INFO] start_ebrisk  53% [130 submitted, 0 queued]
[2020-10-16 08:08:23 #1230 INFO] start_ebrisk  54% [130 submitted, 0 queued]
[2020-10-16 08:08:29 #1230 INFO] start_ebrisk  55% [130 submitted, 0 queued]
[2020-10-16 08:08:32 #1230 INFO] start_ebrisk  56% [130 submitted, 0 queued]
[2020-10-16 08:09:11 #1230 INFO] start_ebrisk  57% [130 submitted, 0 queued]
[2020-10-16 08:09:13 #1230 INFO] start_ebrisk  58% [130 submitted, 0 queued]
[2020-10-16 08:09:19 #1230 INFO] start_ebrisk  59% [130 submitted, 0 queued]
[2020-10-16 08:09:20 #1230 INFO] start_ebrisk  60% [130 submitted, 0 queued]
[2020-10-16 08:09:55 #1230 INFO] start_ebrisk  61% [130 submitted, 0 queued]
[2020-10-16 08:10:45 #1230 INFO] start_ebrisk  62% [130 submitted, 0 queued]
[2020-10-16 08:11:02 #1230 INFO] start_ebrisk  63% [130 submitted, 0 queued]
[2020-10-16 08:11:33 #1230 INFO] start_ebrisk  64% [130 submitted, 0 queued]
[2020-10-16 08:12:15 #1230 INFO] start_ebrisk  65% [130 submitted, 0 queued]
[2020-10-16 08:12:17 #1230 INFO] start_ebrisk  66% [130 submitted, 0 queued]
[2020-10-16 08:12:28 #1230 INFO] start_ebrisk  67% [130 submitted, 0 queued]
[2020-10-16 08:12:36 #1230 INFO] start_ebrisk  68% [130 submitted, 0 queued]
[2020-10-16 08:12:38 #1230 INFO] start_ebrisk  69% [130 submitted, 0 queued]
[2020-10-16 08:12:40 #1230 INFO] start_ebrisk  70% [130 submitted, 0 queued]
[2020-10-16 08:14:09 #1230 INFO] start_ebrisk  71% [130 submitted, 0 queued]
[2020-10-16 08:14:43 #1230 INFO] start_ebrisk  72% [130 submitted, 0 queued]
[2020-10-16 08:15:14 #1230 INFO] start_ebrisk  73% [130 submitted, 0 queued]
[2020-10-16 08:15:30 #1230 INFO] start_ebrisk  74% [130 submitted, 0 queued]
[2020-10-16 08:15:37 #1230 INFO] start_ebrisk  75% [130 submitted, 0 queued]
[2020-10-16 08:15:38 #1230 INFO] start_ebrisk  76% [130 submitted, 0 queued]
[2020-10-16 08:15:54 #1230 INFO] start_ebrisk  77% [130 submitted, 0 queued]
[2020-10-16 08:16:05 #1230 INFO] start_ebrisk  78% [130 submitted, 0 queued]
[2020-10-16 08:16:18 #1230 INFO] start_ebrisk  79% [130 submitted, 0 queued]
[2020-10-16 08:16:31 #1230 INFO] start_ebrisk  80% [130 submitted, 0 queued]
[2020-10-16 08:16:58 #1230 INFO] start_ebrisk  81% [130 submitted, 0 queued]
[2020-10-16 08:17:14 #1230 INFO] start_ebrisk  82% [130 submitted, 0 queued]
[2020-10-16 08:17:16 #1230 INFO] start_ebrisk  83% [130 submitted, 0 queued]
[2020-10-16 08:17:19 #1230 INFO] start_ebrisk  84% [130 submitted, 0 queued]
[2020-10-16 08:17:28 #1230 INFO] start_ebrisk  85% [130 submitted, 0 queued]
[2020-10-16 08:17:43 #1230 INFO] start_ebrisk  86% [130 submitted, 0 queued]
[2020-10-16 08:18:00 #1230 INFO] start_ebrisk  87% [130 submitted, 0 queued]
[2020-10-16 08:18:06 #1230 INFO] start_ebrisk  88% [130 submitted, 0 queued]
[2020-10-16 08:18:08 #1230 INFO] start_ebrisk  89% [130 submitted, 0 queued]
[2020-10-16 08:18:11 #1230 INFO] start_ebrisk  90% [130 submitted, 0 queued]
[2020-10-16 08:18:17 #1230 INFO] start_ebrisk  91% [130 submitted, 0 queued]
[2020-10-16 08:18:30 #1230 INFO] start_ebrisk  92% [130 submitted, 0 queued]
[2020-10-16 08:18:33 #1230 INFO] start_ebrisk  93% [130 submitted, 0 queued]
[2020-10-16 08:19:41 #1230 INFO] start_ebrisk  94% [130 submitted, 0 queued]
[2020-10-16 08:20:12 #1230 INFO] start_ebrisk  95% [130 submitted, 0 queued]
[2020-10-16 08:20:42 #1230 INFO] start_ebrisk  96% [130 submitted, 0 queued]
[2020-10-16 08:21:44 #1230 INFO] start_ebrisk  97% [130 submitted, 0 queued]
[2020-10-16 08:21:56 #1230 INFO] start_ebrisk  98% [130 submitted, 0 queued]
[2020-10-16 08:21:58 #1230 INFO] start_ebrisk  99% [130 submitted, 0 queued]
[2020-10-16 08:22:17 #1230 INFO] start_ebrisk 100% [130 submitted, 0 queued]
[2020-10-16 08:22:17 #1230 INFO] Received {'alt': '1.08 GB', 'losses_by_A': '118.88 MB', 'elt': '2.61 MB', 'gmf_info': '2.41 MB', 'numlosses': '20.95 KB', 'events_per_sid': '2.67 KB'} in 3085 seconds
[2020-10-16 08:22:17 #1230 INFO] Produced 5.72 GB of GMFs
[2020-10-16 08:22:17 #1230 INFO] Considered 3_653_819_727 / 7_353_256_055 losses
[2020-10-16 08:22:17 #1230 INFO] Building src_loss_table
[2020-10-16 08:22:18 #1230 INFO] Producing 3(loss_types) x 64(fsauid) x 6(GenOcc) x 7(GenType) loss curves
[2020-10-16 08:22:29 #1230 INFO] post_ebrisk   1% [91 submitted, 2597 queued]
[2020-10-16 08:22:29 #1230 INFO] post_ebrisk   2% [118 submitted, 2570 queued]
[2020-10-16 08:22:40 #1230 INFO] post_ebrisk   3% [145 submitted, 2543 queued]
[2020-10-16 08:22:40 #1230 INFO] post_ebrisk   4% [172 submitted, 2516 queued]
[2020-10-16 08:22:50 #1230 INFO] post_ebrisk   5% [199 submitted, 2489 queued]
[2020-10-16 08:22:51 #1230 INFO] post_ebrisk   6% [226 submitted, 2462 queued]
[2020-10-16 08:22:51 #1230 INFO] post_ebrisk   7% [253 submitted, 2435 queued]
[2020-10-16 08:23:01 #1230 INFO] post_ebrisk   8% [280 submitted, 2408 queued]
[2020-10-16 08:23:02 #1230 INFO] post_ebrisk   9% [306 submitted, 2382 queued]
[2020-10-16 08:23:12 #1230 INFO] post_ebrisk  10% [333 submitted, 2355 queued]
[2020-10-16 08:23:12 #1230 INFO] post_ebrisk  11% [360 submitted, 2328 queued]
[2020-10-16 08:23:13 #1230 INFO] post_ebrisk  12% [387 submitted, 2301 queued]
[2020-10-16 08:23:23 #1230 INFO] post_ebrisk  13% [414 submitted, 2274 queued]
[2020-10-16 08:23:23 #1230 INFO] post_ebrisk  14% [441 submitted, 2247 queued]
[2020-10-16 08:23:34 #1230 INFO] post_ebrisk  15% [468 submitted, 2220 queued]
[2020-10-16 08:23:34 #1230 INFO] post_ebrisk  16% [495 submitted, 2193 queued]
[2020-10-16 08:23:35 #1230 INFO] post_ebrisk  17% [521 submitted, 2167 queued]
[2020-10-16 08:23:45 #1230 INFO] post_ebrisk  18% [548 submitted, 2140 queued]
[2020-10-16 08:23:45 #1230 INFO] post_ebrisk  19% [575 submitted, 2113 queued]
[2020-10-16 08:23:56 #1230 INFO] post_ebrisk  20% [602 submitted, 2086 queued]
[2020-10-16 08:23:56 #1230 INFO] post_ebrisk  21% [629 submitted, 2059 queued]
[2020-10-16 08:24:06 #1230 INFO] post_ebrisk  22% [656 submitted, 2032 queued]
[2020-10-16 08:24:07 #1230 INFO] post_ebrisk  23% [683 submitted, 2005 queued]
[2020-10-16 08:24:07 #1230 INFO] post_ebrisk  24% [710 submitted, 1978 queued]
[2020-10-16 08:24:17 #1230 INFO] post_ebrisk  25% [736 submitted, 1952 queued]
[2020-10-16 08:24:18 #1230 INFO] post_ebrisk  26% [763 submitted, 1925 queued]
[2020-10-16 08:24:28 #1230 INFO] post_ebrisk  27% [790 submitted, 1898 queued]
[2020-10-16 08:24:28 #1230 INFO] post_ebrisk  28% [817 submitted, 1871 queued]
[2020-10-16 08:24:29 #1230 INFO] post_ebrisk  29% [844 submitted, 1844 queued]
[2020-10-16 08:24:39 #1230 INFO] post_ebrisk  30% [871 submitted, 1817 queued]
[2020-10-16 08:24:39 #1230 INFO] post_ebrisk  31% [898 submitted, 1790 queued]
[2020-10-16 08:24:50 #1230 INFO] post_ebrisk  32% [925 submitted, 1763 queued]
[2020-10-16 08:24:50 #1230 INFO] post_ebrisk  33% [952 submitted, 1736 queued]
[2020-10-16 08:24:50 #1230 INFO] post_ebrisk  34% [978 submitted, 1710 queued]
[2020-10-16 08:25:01 #1230 INFO] post_ebrisk  35% [1005 submitted, 1683 queued]
[2020-10-16 08:25:01 #1230 INFO] post_ebrisk  36% [1032 submitted, 1656 queued]
[2020-10-16 08:25:12 #1230 INFO] post_ebrisk  37% [1059 submitted, 1629 queued]
[2020-10-16 08:25:12 #1230 INFO] post_ebrisk  38% [1086 submitted, 1602 queued]
[2020-10-16 08:25:22 #1230 INFO] post_ebrisk  39% [1113 submitted, 1575 queued]
[2020-10-16 08:25:22 #1230 INFO] post_ebrisk  40% [1140 submitted, 1548 queued]
[2020-10-16 08:25:23 #1230 INFO] post_ebrisk  41% [1167 submitted, 1521 queued]
[2020-10-16 08:25:33 #1230 INFO] post_ebrisk  42% [1193 submitted, 1495 queued]
[2020-10-16 08:25:34 #1230 INFO] post_ebrisk  43% [1220 submitted, 1468 queued]
[2020-10-16 08:25:44 #1230 INFO] post_ebrisk  44% [1247 submitted, 1441 queued]
[2020-10-16 08:25:44 #1230 INFO] post_ebrisk  45% [1274 submitted, 1414 queued]
[2020-10-16 08:25:45 #1230 INFO] post_ebrisk  46% [1301 submitted, 1387 queued]
[2020-10-16 08:25:55 #1230 INFO] post_ebrisk  47% [1328 submitted, 1360 queued]
[2020-10-16 08:25:55 #1230 INFO] post_ebrisk  48% [1355 submitted, 1333 queued]
[2020-10-16 08:26:06 #1230 INFO] post_ebrisk  49% [1382 submitted, 1306 queued]
[2020-10-16 08:26:06 #1230 INFO] post_ebrisk  50% [1408 submitted, 1280 queued]
[2020-10-16 08:26:06 #1230 INFO] post_ebrisk  51% [1435 submitted, 1253 queued]
[2020-10-16 08:26:17 #1230 INFO] post_ebrisk  52% [1462 submitted, 1226 queued]
[2020-10-16 08:26:17 #1230 INFO] post_ebrisk  53% [1489 submitted, 1199 queued]
[2020-10-16 08:26:27 #1230 INFO] post_ebrisk  54% [1516 submitted, 1172 queued]
[2020-10-16 08:26:28 #1230 INFO] post_ebrisk  55% [1543 submitted, 1145 queued]
[2020-10-16 08:26:28 #1230 INFO] post_ebrisk  56% [1570 submitted, 1118 queued]
[2020-10-16 08:26:38 #1230 INFO] post_ebrisk  57% [1597 submitted, 1091 queued]
[2020-10-16 08:26:39 #1230 INFO] post_ebrisk  58% [1624 submitted, 1064 queued]
[2020-10-16 08:26:49 #1230 INFO] post_ebrisk  59% [1650 submitted, 1038 queued]
[2020-10-16 08:26:49 #1230 INFO] post_ebrisk  60% [1677 submitted, 1011 queued]
[2020-10-16 08:27:00 #1230 INFO] post_ebrisk  61% [1704 submitted, 984 queued]
[2020-10-16 08:27:00 #1230 INFO] post_ebrisk  62% [1731 submitted, 957 queued]
[2020-10-16 08:27:01 #1230 INFO] post_ebrisk  63% [1758 submitted, 930 queued]
[2020-10-16 08:27:11 #1230 INFO] post_ebrisk  64% [1785 submitted, 903 queued]
[2020-10-16 08:27:11 #1230 INFO] post_ebrisk  65% [1812 submitted, 876 queued]
[2020-10-16 08:27:22 #1230 INFO] post_ebrisk  66% [1839 submitted, 849 queued]
[2020-10-16 08:27:22 #1230 INFO] post_ebrisk  67% [1865 submitted, 823 queued]
[2020-10-16 08:27:22 #1230 INFO] post_ebrisk  68% [1892 submitted, 796 queued]
[2020-10-16 08:27:33 #1230 INFO] post_ebrisk  69% [1919 submitted, 769 queued]
[2020-10-16 08:27:33 #1230 INFO] post_ebrisk  70% [1946 submitted, 742 queued]
[2020-10-16 08:27:44 #1230 INFO] post_ebrisk  71% [1973 submitted, 715 queued]
[2020-10-16 08:27:44 #1230 INFO] post_ebrisk  72% [2000 submitted, 688 queued]
[2020-10-16 08:27:44 #1230 INFO] post_ebrisk  73% [2027 submitted, 661 queued]
[2020-10-16 08:27:55 #1230 INFO] post_ebrisk  74% [2054 submitted, 634 queued]
[2020-10-16 08:27:55 #1230 INFO] post_ebrisk  75% [2080 submitted, 608 queued]
[2020-10-16 08:28:06 #1230 INFO] post_ebrisk  76% [2107 submitted, 581 queued]
[2020-10-16 08:28:06 #1230 INFO] post_ebrisk  77% [2134 submitted, 554 queued]
[2020-10-16 08:28:11 #1230 INFO] post_ebrisk  78% [2161 submitted, 527 queued]
[2020-10-16 08:28:17 #1230 INFO] post_ebrisk  79% [2188 submitted, 500 queued]
[2020-10-16 08:28:17 #1230 INFO] post_ebrisk  80% [2215 submitted, 473 queued]
[2020-10-16 08:28:28 #1230 INFO] post_ebrisk  81% [2242 submitted, 446 queued]
[2020-10-16 08:28:28 #1230 INFO] post_ebrisk  82% [2269 submitted, 419 queued]
[2020-10-16 08:28:38 #1230 INFO] post_ebrisk  83% [2296 submitted, 392 queued]
[2020-10-16 08:28:39 #1230 INFO] post_ebrisk  84% [2322 submitted, 366 queued]
[2020-10-16 08:28:39 #1230 INFO] post_ebrisk  85% [2349 submitted, 339 queued]
[2020-10-16 08:28:49 #1230 INFO] post_ebrisk  86% [2376 submitted, 312 queued]
[2020-10-16 08:28:50 #1230 INFO] post_ebrisk  87% [2403 submitted, 285 queued]
[2020-10-16 08:29:00 #1230 INFO] post_ebrisk  88% [2430 submitted, 258 queued]
[2020-10-16 08:29:01 #1230 INFO] post_ebrisk  89% [2457 submitted, 231 queued]
[2020-10-16 08:29:01 #1230 INFO] post_ebrisk  90% [2484 submitted, 204 queued]
[2020-10-16 08:29:11 #1230 INFO] post_ebrisk  91% [2511 submitted, 177 queued]
[2020-10-16 08:29:12 #1230 INFO] post_ebrisk  92% [2537 submitted, 151 queued]
[2020-10-16 08:29:22 #1230 INFO] post_ebrisk  93% [2564 submitted, 124 queued]
[2020-10-16 08:29:22 #1230 INFO] post_ebrisk  94% [2591 submitted, 97 queued]
[2020-10-16 08:29:22 #1230 INFO] post_ebrisk  95% [2618 submitted, 70 queued]
[2020-10-16 08:29:32 #1230 INFO] post_ebrisk  96% [2645 submitted, 43 queued]
[2020-10-16 08:29:33 #1230 INFO] post_ebrisk  97% [2672 submitted, 16 queued]
[2020-10-16 08:29:43 #1230 INFO] post_ebrisk  98% [2688 submitted, 0 queued]
[2020-10-16 08:29:43 #1230 INFO] post_ebrisk  99% [2688 submitted, 0 queued]
[2020-10-16 08:29:45 #1230 INFO] post_ebrisk 100% [2688 submitted, 0 queued]
[2020-10-16 08:29:45 #1230 INFO] Received {'tot': '50.37 MB'} in 447 seconds
[2020-10-16 08:29:46 #1230 INFO] Mean portfolio loss
=============== ================= ===============
contents        nonstructural     structural     
=============== ================= ===============
204_711_100_416 1_010_608_177_152 727_730_225_152
=============== ================= ===============
[2020-10-16 08:29:46 #1230 INFO] Sanity check on agg_losses/tot_losses
[2020-10-16 08:29:47 #1230 INFO] Exposing the outputs to the database
[2020-10-16 08:29:47 #1230 INFO] Stored 1.23 GB on /mnt/data/murray.journeay/oqdata/calc_1230.hdf5 in 3830 seconds
  id | name
5973 | Aggregate Event Losses
5965 | Aggregate Loss Curves
5966 | Aggregate Loss Curves Statistics
5967 | Aggregate Losses
5968 | Aggregate Losses Statistics
5969 | Average Asset Losses Statistics
5975 | Earthquake Ruptures
5970 | Events
5971 | Full Report
5972 | Input Files
 ... | 6 additional output(s)
Some outputs were not shown. You can see the full list with the command
`oq engine --list-outputs 1230`
