[2020-10-12 14:51:32 #1185 INFO] murray.journeay running /mnt/data/shared/canada-2020/canada-srm2/ebRisk/input/ebRisk_r2_BC5940-80.ini [--hc=None]
[2020-10-12 14:51:32 #1185 INFO] Using engine version 3.11.0-git2a40780
[2020-10-12 14:51:38 #1185 WARNING] Using 64 cores on gem-compute
[2020-10-12 14:51:38 #1185 INFO] Validated nationalModel.xml in 0.01 seconds
[2020-10-12 14:51:38 #1185 INFO] Checksum of the input files: 1948253112
[2020-10-12 14:51:38 #1185 INFO] Reading the risk model if present
[2020-10-12 14:51:50 #1185 INFO] Reading /mnt/data/shared/canada-2020/model-inputs/exposure/general-building-stock/oqBldgExp_BC5940-80.xml
[2020-10-12 14:51:56 #1185 INFO] Extracting the hazard sites from the site model
[2020-10-12 14:51:58 #1185 INFO] Associated 57493 assets to 7868 sites
[2020-10-12 14:52:01 #1185 INFO] Reducing risk model from 7260 to 528 taxonomies
[2020-10-12 14:52:02 #1185 INFO] Considering 50 logic tree paths out of 24_576
[2020-10-12 14:52:02 #1185 INFO] 6 effective smlt realization(s)
[2020-10-12 14:52:02 #1185 INFO] Reading the source model(s) in parallel
[2020-10-12 14:52:05 #1185 INFO] read_source_model  16% [6 submitted, 0 queued]
[2020-10-12 14:52:05 #1185 INFO] read_source_model  33% [6 submitted, 0 queued]
[2020-10-12 14:52:05 #1185 INFO] read_source_model  50% [6 submitted, 0 queued]
[2020-10-12 14:52:05 #1185 INFO] read_source_model  66% [6 submitted, 0 queued]
[2020-10-12 14:52:05 #1185 INFO] read_source_model  83% [6 submitted, 0 queued]
[2020-10-12 14:52:05 #1185 INFO] read_source_model 100% [6 submitted, 0 queued]
[2020-10-12 14:52:05 #1185 INFO] Received {'/mnt/data/shared/canada-2020/CanadaSHM6/OpenQuake_model_files/sources/nationalModel/xml/simplifiedModel/WCan_HYeast_Harctic_simplified_collapsedRates.xml': '141.06 KB', '/mnt/data/shared/canada-2020/CanadaSHM6/OpenQuake_model_files/sources/nationalModel/xml/simplifiedModel/WCan_H2east_Harctic_simplified_collapsedRates.xml': '135.23 KB', '/mnt/data/shared/canada-2020/CanadaSHM6/OpenQuake_model_files/sources/nationalModel/xml/simplifiedModel/WCan_HYeast_Rarctic_simplified_collapsedRates.xml': '134.61 KB', '/mnt/data/shared/canada-2020/CanadaSHM6/OpenQuake_model_files/sources/nationalModel/xml/simplifiedModel/WCan_H2east_Rarctic_simplified_collapsedRates.xml': '128.78 KB', '/mnt/data/shared/canada-2020/CanadaSHM6/OpenQuake_model_files/sources/nationalModel/xml/simplifiedModel/WCan_R2east_Harctic_simplified_collapsedRates.xml': '119.91 KB', '/mnt/data/shared/canada-2020/CanadaSHM6/OpenQuake_model_files/sources/nationalModel/xml/simplifiedModel/WCan_R2east_Rarctic_simplified_collapsedRates.xml': '113.68 KB'} in 1 seconds
[2020-10-12 14:52:05 #1185 WARNING] There are multiple different sources with the same ID [<AreaSource SCCCT>, <AreaSource SCCCT>, <AreaSource SCCCT>, <AreaSource SCCCT>, <AreaSource SCCCT>, <AreaSource SCCCT>]
[2020-10-12 14:53:37 #1185 INFO] There are 195 sources
[2020-10-12 14:53:37 #1185 INFO] Checking the sources bounding box
[2020-10-12 14:53:37 #1185 ERROR] source ACM: The buffer of 600 km is too large, the bounding box is larger than half the globe: 219 degrees
[2020-10-12 14:53:38 #1185 INFO] Rupture floating factor = 1.6265060240963856
[2020-10-12 14:53:38 #1185 INFO] Rupture spinning factor = 3.2710843373493974
[2020-10-12 14:53:38 #1185 INFO] gzipping the input files
[2020-10-12 14:53:41 #1185 INFO] Storing risk model
[2020-10-12 14:53:43 #1185 INFO] minimum_intensity={'SA(1.0)': 0.05, 'SA(0.5)': 0.05, 'SA(0.6)': 0.05, 'SA(0.3)': 0.0, 'SA(2.0)': 0.05}
[2020-10-12 14:53:43 #1185 INFO] Building ruptures
[2020-10-12 14:53:43 #1185 INFO] Sending <SourceGroup Subduction IntraSlab30, 1 source(s)>
[2020-10-12 14:53:43 #1185 INFO] Sending <SourceGroup Subduction IntraSlab55, 4 source(s)>
[2020-10-12 14:53:43 #1185 INFO] Sending <SourceGroup Subduction Interface, 13 source(s)>
[2020-10-12 14:53:43 #1185 INFO] Sending <SourceGroup Stable Shallow Crust, 120 source(s)>
[2020-10-12 14:53:43 #1185 INFO] Sending <SourceGroup Active Shallow Crust, 59 source(s)>
[2020-10-12 14:53:45 #1185 INFO] Sent 64 tasks, 82.41 MB in 0 seconds
[2020-10-12 14:53:46 #1185 INFO] sample_ruptures   1% [65 submitted, 19 queued]
[2020-10-12 14:53:46 #1185 INFO] sample_ruptures   2% [66 submitted, 18 queued]
[2020-10-12 14:53:46 #1185 INFO] sample_ruptures   3% [67 submitted, 17 queued]
[2020-10-12 14:53:46 #1185 INFO] sample_ruptures   4% [68 submitted, 16 queued]
[2020-10-12 14:53:46 #1185 INFO] sample_ruptures   5% [69 submitted, 15 queued]
[2020-10-12 14:53:47 #1185 INFO] sample_ruptures   7% [70 submitted, 14 queued]
[2020-10-12 14:53:47 #1185 INFO] sample_ruptures   8% [71 submitted, 13 queued]
[2020-10-12 14:53:47 #1185 INFO] sample_ruptures   9% [72 submitted, 12 queued]
[2020-10-12 14:53:47 #1185 INFO] sample_ruptures  10% [73 submitted, 11 queued]
[2020-10-12 14:53:47 #1185 INFO] sample_ruptures  11% [74 submitted, 10 queued]
[2020-10-12 14:53:47 #1185 INFO] sample_ruptures  13% [75 submitted, 9 queued]
[2020-10-12 14:53:47 #1185 INFO] sample_ruptures  14% [76 submitted, 8 queued]
[2020-10-12 14:53:47 #1185 INFO] sample_ruptures  15% [77 submitted, 7 queued]
[2020-10-12 14:53:47 #1185 INFO] sample_ruptures  16% [78 submitted, 6 queued]
[2020-10-12 14:53:47 #1185 INFO] sample_ruptures  17% [79 submitted, 5 queued]
[2020-10-12 14:53:47 #1185 INFO] sample_ruptures  19% [80 submitted, 4 queued]
[2020-10-12 14:53:47 #1185 INFO] sample_ruptures  20% [81 submitted, 3 queued]
[2020-10-12 14:53:47 #1185 INFO] sample_ruptures  21% [82 submitted, 2 queued]
[2020-10-12 14:53:47 #1185 INFO] sample_ruptures  22% [83 submitted, 1 queued]
[2020-10-12 14:53:47 #1185 INFO] sample_ruptures  23% [84 submitted, 0 queued]
[2020-10-12 14:53:47 #1185 INFO] sample_ruptures  25% [84 submitted, 0 queued]
[2020-10-12 14:53:48 #1185 INFO] sample_ruptures  26% [84 submitted, 0 queued]
[2020-10-12 14:53:48 #1185 INFO] sample_ruptures  27% [84 submitted, 0 queued]
[2020-10-12 14:53:48 #1185 INFO] sample_ruptures  28% [84 submitted, 0 queued]
[2020-10-12 14:53:48 #1185 INFO] sample_ruptures  29% [84 submitted, 0 queued]
[2020-10-12 14:53:48 #1185 INFO] sample_ruptures  30% [84 submitted, 0 queued]
[2020-10-12 14:53:48 #1185 INFO] sample_ruptures  32% [84 submitted, 0 queued]
[2020-10-12 14:53:48 #1185 INFO] sample_ruptures  33% [84 submitted, 0 queued]
[2020-10-12 14:53:48 #1185 INFO] sample_ruptures  34% [84 submitted, 0 queued]
[2020-10-12 14:53:48 #1185 INFO] sample_ruptures  35% [84 submitted, 0 queued]
[2020-10-12 14:53:48 #1185 INFO] sample_ruptures  36% [84 submitted, 0 queued]
[2020-10-12 14:53:48 #1185 INFO] sample_ruptures  38% [84 submitted, 0 queued]
[2020-10-12 14:53:48 #1185 INFO] sample_ruptures  39% [84 submitted, 0 queued]
[2020-10-12 14:53:48 #1185 INFO] sample_ruptures  40% [84 submitted, 0 queued]
[2020-10-12 14:53:48 #1185 INFO] sample_ruptures  41% [84 submitted, 0 queued]
[2020-10-12 14:53:48 #1185 INFO] sample_ruptures  42% [84 submitted, 0 queued]
[2020-10-12 14:53:48 #1185 INFO] sample_ruptures  44% [84 submitted, 0 queued]
[2020-10-12 14:53:48 #1185 INFO] sample_ruptures  45% [84 submitted, 0 queued]
[2020-10-12 14:53:48 #1185 INFO] sample_ruptures  46% [84 submitted, 0 queued]
[2020-10-12 14:53:48 #1185 INFO] sample_ruptures  47% [84 submitted, 0 queued]
[2020-10-12 14:53:48 #1185 INFO] sample_ruptures  48% [84 submitted, 0 queued]
[2020-10-12 14:53:48 #1185 INFO] sample_ruptures  50% [84 submitted, 0 queued]
[2020-10-12 14:53:48 #1185 INFO] sample_ruptures  51% [84 submitted, 0 queued]
[2020-10-12 14:53:48 #1185 INFO] sample_ruptures  52% [84 submitted, 0 queued]
[2020-10-12 14:53:49 #1185 INFO] sample_ruptures  53% [84 submitted, 0 queued]
[2020-10-12 14:53:49 #1185 INFO] sample_ruptures  54% [84 submitted, 0 queued]
[2020-10-12 14:53:49 #1185 INFO] sample_ruptures  55% [84 submitted, 0 queued]
[2020-10-12 14:53:49 #1185 INFO] sample_ruptures  57% [84 submitted, 0 queued]
[2020-10-12 14:53:49 #1185 INFO] sample_ruptures  58% [84 submitted, 0 queued]
[2020-10-12 14:53:49 #1185 INFO] sample_ruptures  59% [84 submitted, 0 queued]
[2020-10-12 14:53:49 #1185 INFO] sample_ruptures  60% [84 submitted, 0 queued]
[2020-10-12 14:53:49 #1185 INFO] sample_ruptures  61% [84 submitted, 0 queued]
[2020-10-12 14:53:49 #1185 INFO] sample_ruptures  63% [84 submitted, 0 queued]
[2020-10-12 14:53:49 #1185 INFO] sample_ruptures  64% [84 submitted, 0 queued]
[2020-10-12 14:53:49 #1185 INFO] sample_ruptures  65% [84 submitted, 0 queued]
[2020-10-12 14:53:49 #1185 INFO] sample_ruptures  66% [84 submitted, 0 queued]
[2020-10-12 14:53:59 #1185 INFO] sample_ruptures  67% [84 submitted, 0 queued]
[2020-10-12 14:54:05 #1185 INFO] sample_ruptures  69% [84 submitted, 0 queued]
[2020-10-12 14:54:12 #1185 INFO] sample_ruptures  70% [84 submitted, 0 queued]
[2020-10-12 14:54:32 #1185 INFO] sample_ruptures  71% [84 submitted, 0 queued]
[2020-10-12 14:54:36 #1185 INFO] sample_ruptures  72% [84 submitted, 0 queued]
[2020-10-12 14:54:38 #1185 INFO] sample_ruptures  73% [84 submitted, 0 queued]
[2020-10-12 14:54:39 #1185 INFO] sample_ruptures  75% [84 submitted, 0 queued]
[2020-10-12 14:54:40 #1185 INFO] sample_ruptures  76% [84 submitted, 0 queued]
[2020-10-12 14:54:40 #1185 INFO] sample_ruptures  77% [84 submitted, 0 queued]
[2020-10-12 14:54:41 #1185 INFO] sample_ruptures  78% [84 submitted, 0 queued]
[2020-10-12 14:54:48 #1185 INFO] sample_ruptures  79% [84 submitted, 0 queued]
[2020-10-12 14:54:52 #1185 INFO] sample_ruptures  80% [84 submitted, 0 queued]
[2020-10-12 14:55:01 #1185 INFO] sample_ruptures  82% [84 submitted, 0 queued]
[2020-10-12 14:55:07 #1185 INFO] sample_ruptures  83% [84 submitted, 0 queued]
[2020-10-12 14:55:07 #1185 INFO] sample_ruptures  84% [84 submitted, 0 queued]
[2020-10-12 14:55:12 #1185 INFO] sample_ruptures  85% [84 submitted, 0 queued]
[2020-10-12 14:55:16 #1185 INFO] sample_ruptures  86% [84 submitted, 0 queued]
[2020-10-12 14:55:21 #1185 INFO] sample_ruptures  88% [84 submitted, 0 queued]
[2020-10-12 14:55:33 #1185 INFO] sample_ruptures  89% [84 submitted, 0 queued]
[2020-10-12 14:55:35 #1185 INFO] sample_ruptures  90% [84 submitted, 0 queued]
[2020-10-12 14:56:21 #1185 INFO] sample_ruptures  91% [84 submitted, 0 queued]
[2020-10-12 14:56:27 #1185 INFO] sample_ruptures  92% [84 submitted, 0 queued]
[2020-10-12 14:56:51 #1185 INFO] sample_ruptures  94% [84 submitted, 0 queued]
[2020-10-12 14:59:18 #1185 INFO] sample_ruptures  95% [84 submitted, 0 queued]
[2020-10-12 15:01:17 #1185 INFO] sample_ruptures  96% [84 submitted, 0 queued]
[2020-10-12 15:01:54 #1185 INFO] sample_ruptures  97% [84 submitted, 0 queued]
[2020-10-12 15:04:56 #1185 INFO] sample_ruptures  98% [84 submitted, 0 queued]
[2020-10-12 15:11:03 #1185 INFO] sample_ruptures 100% [84 submitted, 0 queued]
[2020-10-12 15:11:03 #1185 INFO] Received {'rup_array': '1.1 GB', 'calc_times': '21.87 KB', 'eff_ruptures': '3.78 KB'} in 1038 seconds
[2020-10-12 15:11:04 #1185 INFO] There are 50 realization(s)
[2020-10-12 15:11:04 #1185 INFO] Reordering the ruptures and storing the events
[2020-10-12 15:11:11 #1185 INFO] Associating event_id -> rlz_id for 10_289_435 events and 4_984_941 ruptures
[2020-10-12 15:13:25 #1185 INFO] Sent 144 tasks, 537.41 MB in 124 seconds
[2020-10-12 15:13:35 #1185 INFO] Received {'tot': '98.17 MB'} in 10 seconds
[2020-10-12 15:14:23 #1185 INFO] minimum_asset_loss={'contents': 0, 'nonstructural': 0, 'structural': 0}
[2020-10-12 15:14:23 #1185 WARNING] The calculation is really big; you should set minimum_asset_loss
[2020-10-12 15:14:24 #1185 INFO] minimum_intensity={'SA(1.0)': 0.05, 'SA(0.5)': 0.05, 'SA(0.6)': 0.05, 'SA(0.3)': 0.0, 'SA(2.0)': 0.05}
[2020-10-12 15:14:24 #1185 INFO] Sending 4_984_941 ruptures
[2020-10-12 15:18:28 #1185 INFO] Sent 144 tasks, 540.62 MB in 234 seconds
[2020-10-12 15:25:24 #1185 INFO] start_ebrisk   1% [154 submitted, 0 queued]
[2020-10-12 15:32:59 #1185 INFO] start_ebrisk   2% [154 submitted, 0 queued]
[2020-10-12 15:33:00 #1185 INFO] start_ebrisk   3% [154 submitted, 0 queued]
[2020-10-12 15:35:51 #1185 INFO] start_ebrisk   4% [154 submitted, 0 queued]
[2020-10-12 15:35:58 #1185 INFO] start_ebrisk   5% [154 submitted, 0 queued]
[2020-10-12 15:36:41 #1185 INFO] start_ebrisk   6% [154 submitted, 0 queued]
[2020-10-12 15:37:18 #1185 INFO] start_ebrisk   7% [154 submitted, 0 queued]
[2020-10-12 15:38:22 #1185 INFO] start_ebrisk   8% [154 submitted, 0 queued]
[2020-10-12 15:38:50 #1185 INFO] start_ebrisk   9% [154 submitted, 0 queued]
[2020-10-12 15:40:19 #1185 INFO] start_ebrisk  10% [156 submitted, 0 queued]
[2020-10-12 15:42:18 #1185 INFO] start_ebrisk  11% [156 submitted, 0 queued]
[2020-10-12 15:43:23 #1185 INFO] start_ebrisk  12% [156 submitted, 0 queued]
[2020-10-12 15:43:50 #1185 INFO] start_ebrisk  13% [157 submitted, 0 queued]
[2020-10-12 15:45:40 #1185 INFO] start_ebrisk  14% [157 submitted, 0 queued]
[2020-10-12 15:49:29 #1185 INFO] start_ebrisk  15% [157 submitted, 0 queued]
[2020-10-12 15:50:17 #1185 INFO] start_ebrisk  16% [157 submitted, 0 queued]
[2020-10-12 15:51:20 #1185 INFO] start_ebrisk  17% [157 submitted, 0 queued]
[2020-10-12 15:53:31 #1185 INFO] start_ebrisk  18% [157 submitted, 0 queued]
[2020-10-12 15:53:35 #1185 INFO] start_ebrisk  19% [157 submitted, 0 queued]
[2020-10-12 15:54:53 #1185 INFO] start_ebrisk  20% [157 submitted, 0 queued]
[2020-10-12 15:55:15 #1185 INFO] start_ebrisk  21% [157 submitted, 0 queued]
[2020-10-12 15:56:13 #1185 INFO] start_ebrisk  22% [159 submitted, 0 queued]
[2020-10-12 15:57:20 #1185 INFO] start_ebrisk  23% [159 submitted, 0 queued]
[2020-10-12 15:58:18 #1185 INFO] start_ebrisk  24% [159 submitted, 0 queued]
[2020-10-12 15:58:45 #1185 INFO] start_ebrisk  25% [160 submitted, 0 queued]
[2020-10-12 15:59:04 #1185 INFO] start_ebrisk  26% [160 submitted, 0 queued]
[2020-10-12 15:59:45 #1185 INFO] start_ebrisk  27% [160 submitted, 0 queued]
[2020-10-12 16:00:00 #1185 INFO] start_ebrisk  28% [160 submitted, 0 queued]
[2020-10-12 16:00:04 #1185 INFO] start_ebrisk  29% [160 submitted, 0 queued]
[2020-10-12 16:00:23 #1185 INFO] start_ebrisk  30% [160 submitted, 0 queued]
[2020-10-12 16:00:33 #1185 INFO] start_ebrisk  31% [160 submitted, 0 queued]
[2020-10-12 16:00:59 #1185 INFO] start_ebrisk  32% [160 submitted, 0 queued]
[2020-10-12 16:01:08 #1185 INFO] start_ebrisk  33% [160 submitted, 0 queued]
[2020-10-12 16:01:47 #1185 INFO] start_ebrisk  34% [160 submitted, 0 queued]
[2020-10-12 16:03:28 #1185 INFO] start_ebrisk  35% [162 submitted, 0 queued]
[2020-10-12 16:04:02 #1185 INFO] start_ebrisk  36% [162 submitted, 0 queued]
[2020-10-12 16:04:26 #1185 INFO] start_ebrisk  37% [162 submitted, 0 queued]
[2020-10-12 16:07:38 #1185 INFO] start_ebrisk  38% [162 submitted, 0 queued]
[2020-10-12 16:08:20 #1185 INFO] start_ebrisk  39% [162 submitted, 0 queued]
[2020-10-12 16:08:24 #1185 INFO] start_ebrisk  40% [162 submitted, 0 queued]
[2020-10-12 16:09:59 #1185 INFO] start_ebrisk  41% [168 submitted, 0 queued]
[2020-10-12 16:11:27 #1185 INFO] start_ebrisk  42% [171 submitted, 0 queued]
[2020-10-12 16:12:20 #1185 INFO] start_ebrisk  43% [171 submitted, 0 queued]
[2020-10-12 16:13:43 #1185 INFO] start_ebrisk  44% [171 submitted, 0 queued]
[2020-10-12 16:13:51 #1185 INFO] start_ebrisk  45% [171 submitted, 0 queued]
[2020-10-12 16:14:22 #1185 INFO] start_ebrisk  46% [171 submitted, 0 queued]
[2020-10-12 16:15:31 #1185 INFO] start_ebrisk  47% [171 submitted, 0 queued]
[2020-10-12 16:16:10 #1185 INFO] start_ebrisk  48% [171 submitted, 0 queued]
[2020-10-12 16:16:19 #1185 INFO] start_ebrisk  49% [171 submitted, 0 queued]
[2020-10-12 16:17:33 #1185 INFO] start_ebrisk  50% [171 submitted, 0 queued]
[2020-10-12 16:19:23 #1185 INFO] start_ebrisk  51% [171 submitted, 0 queued]
[2020-10-12 16:20:13 #1185 INFO] start_ebrisk  52% [171 submitted, 0 queued]
[2020-10-12 16:21:08 #1185 INFO] start_ebrisk  53% [171 submitted, 0 queued]
[2020-10-12 16:22:13 #1185 INFO] start_ebrisk  54% [171 submitted, 0 queued]
[2020-10-12 16:23:01 #1185 INFO] start_ebrisk  55% [171 submitted, 0 queued]
[2020-10-12 16:24:03 #1185 INFO] start_ebrisk  56% [171 submitted, 0 queued]
[2020-10-12 16:24:25 #1185 INFO] start_ebrisk  57% [171 submitted, 0 queued]
[2020-10-12 16:25:01 #1185 INFO] start_ebrisk  58% [171 submitted, 0 queued]
[2020-10-12 16:25:19 #1185 INFO] start_ebrisk  59% [171 submitted, 0 queued]
[2020-10-12 16:25:57 #1185 INFO] start_ebrisk  60% [171 submitted, 0 queued]
[2020-10-12 16:27:49 #1185 INFO] start_ebrisk  61% [171 submitted, 0 queued]
[2020-10-12 16:30:53 #1185 INFO] start_ebrisk  62% [171 submitted, 0 queued]
[2020-10-12 16:31:21 #1185 INFO] start_ebrisk  63% [171 submitted, 0 queued]
[2020-10-12 16:31:32 #1185 INFO] start_ebrisk  64% [171 submitted, 0 queued]
[2020-10-12 16:31:45 #1185 INFO] start_ebrisk  65% [171 submitted, 0 queued]
[2020-10-12 16:31:49 #1185 INFO] start_ebrisk  66% [171 submitted, 0 queued]
[2020-10-12 16:32:33 #1185 INFO] start_ebrisk  67% [171 submitted, 0 queued]
[2020-10-12 16:33:03 #1185 INFO] start_ebrisk  68% [171 submitted, 0 queued]
[2020-10-12 16:33:24 #1185 INFO] start_ebrisk  69% [171 submitted, 0 queued]
[2020-10-12 16:36:50 #1185 INFO] start_ebrisk  70% [171 submitted, 0 queued]
[2020-10-12 16:38:05 #1185 INFO] start_ebrisk  71% [171 submitted, 0 queued]
[2020-10-12 16:38:15 #1185 INFO] start_ebrisk  72% [171 submitted, 0 queued]
[2020-10-12 16:38:44 #1185 INFO] start_ebrisk  73% [171 submitted, 0 queued]
[2020-10-12 16:39:45 #1185 INFO] start_ebrisk  74% [171 submitted, 0 queued]
[2020-10-12 16:41:46 #1185 INFO] start_ebrisk  75% [171 submitted, 0 queued]
[2020-10-12 16:42:44 #1185 INFO] start_ebrisk  76% [171 submitted, 0 queued]
[2020-10-12 16:42:53 #1185 INFO] start_ebrisk  77% [171 submitted, 0 queued]
[2020-10-12 16:43:44 #1185 INFO] start_ebrisk  78% [171 submitted, 0 queued]
[2020-10-12 16:44:22 #1185 INFO] start_ebrisk  79% [171 submitted, 0 queued]
[2020-10-12 16:44:33 #1185 INFO] start_ebrisk  80% [171 submitted, 0 queued]
[2020-10-12 16:45:18 #1185 INFO] start_ebrisk  81% [171 submitted, 0 queued]
[2020-10-12 16:45:46 #1185 INFO] start_ebrisk  82% [171 submitted, 0 queued]
[2020-10-12 16:46:01 #1185 INFO] start_ebrisk  83% [171 submitted, 0 queued]
[2020-10-12 16:46:15 #1185 INFO] start_ebrisk  84% [171 submitted, 0 queued]
[2020-10-12 16:47:28 #1185 INFO] start_ebrisk  85% [171 submitted, 0 queued]
[2020-10-12 16:49:18 #1185 INFO] start_ebrisk  86% [171 submitted, 0 queued]
[2020-10-12 16:49:21 #1185 INFO] start_ebrisk  87% [171 submitted, 0 queued]
[2020-10-12 16:50:00 #1185 INFO] start_ebrisk  88% [171 submitted, 0 queued]
[2020-10-12 16:51:45 #1185 INFO] start_ebrisk  89% [171 submitted, 0 queued]
[2020-10-12 16:53:13 #1185 INFO] start_ebrisk  90% [171 submitted, 0 queued]
[2020-10-12 16:53:19 #1185 INFO] start_ebrisk  91% [171 submitted, 0 queued]
[2020-10-12 16:53:47 #1185 INFO] start_ebrisk  92% [171 submitted, 0 queued]
[2020-10-12 16:54:00 #1185 INFO] start_ebrisk  93% [171 submitted, 0 queued]
[2020-10-12 16:54:32 #1185 INFO] start_ebrisk  94% [171 submitted, 0 queued]
[2020-10-12 16:55:24 #1185 INFO] start_ebrisk  95% [171 submitted, 0 queued]
[2020-10-12 16:56:08 #1185 INFO] start_ebrisk  96% [171 submitted, 0 queued]
[2020-10-12 16:56:44 #1185 INFO] start_ebrisk  97% [171 submitted, 0 queued]
[2020-10-12 16:57:11 #1185 INFO] start_ebrisk  98% [171 submitted, 0 queued]
[2020-10-12 17:03:44 #1185 INFO] start_ebrisk  99% [171 submitted, 0 queued]
[2020-10-12 17:06:05 #1185 INFO] start_ebrisk 100% [171 submitted, 0 queued]
[2020-10-12 17:06:05 #1185 INFO] Received {'alt': '3.17 GB', 'elt': '153.5 MB', 'losses_by_A': '112.54 MB', 'gmf_info': '74.75 MB', 'numlosses': '27.55 KB', 'events_per_sid': '3.51 KB'} in 6456 seconds
[2020-10-12 17:06:05 #1185 INFO] Produced 99.26 GB of GMFs
[2020-10-12 17:06:05 #1185 INFO] Considered 19_332_821_690 / 61_394_714_836 losses
[2020-10-12 17:06:05 #1185 INFO] Building src_loss_table
[2020-10-12 17:06:37 #1185 INFO] Producing 3(loss_types) x 31(fsauid) x 6(GenOcc) x 7(GenType) loss curves
[2020-10-12 17:08:23 #1185 INFO] post_ebrisk   1% [78 submitted, 1224 queued]
[2020-10-12 17:08:23 #1185 INFO] post_ebrisk   2% [91 submitted, 1211 queued]
[2020-10-12 17:08:23 #1185 INFO] post_ebrisk   3% [104 submitted, 1198 queued]
[2020-10-12 17:08:23 #1185 INFO] post_ebrisk   4% [117 submitted, 1185 queued]
[2020-10-12 17:09:51 #1185 INFO] post_ebrisk   5% [130 submitted, 1172 queued]
[2020-10-12 17:10:08 #1185 INFO] post_ebrisk   6% [143 submitted, 1159 queued]
[2020-10-12 17:10:08 #1185 INFO] post_ebrisk   7% [156 submitted, 1146 queued]
[2020-10-12 17:10:08 #1185 INFO] post_ebrisk   8% [169 submitted, 1133 queued]
[2020-10-12 17:10:09 #1185 INFO] post_ebrisk   9% [182 submitted, 1120 queued]
[2020-10-12 17:11:28 #1185 INFO] post_ebrisk  10% [195 submitted, 1107 queued]
[2020-10-12 17:11:49 #1185 INFO] post_ebrisk  11% [208 submitted, 1094 queued]
[2020-10-12 17:11:54 #1185 INFO] post_ebrisk  12% [221 submitted, 1081 queued]
[2020-10-12 17:11:54 #1185 INFO] post_ebrisk  13% [234 submitted, 1068 queued]
[2020-10-12 17:11:54 #1185 INFO] post_ebrisk  14% [247 submitted, 1055 queued]
[2020-10-12 17:13:08 #1185 INFO] post_ebrisk  15% [260 submitted, 1042 queued]
[2020-10-12 17:13:27 #1185 INFO] post_ebrisk  16% [273 submitted, 1029 queued]
[2020-10-12 17:13:36 #1185 INFO] post_ebrisk  17% [286 submitted, 1016 queued]
[2020-10-12 17:13:39 #1185 INFO] post_ebrisk  18% [299 submitted, 1003 queued]
[2020-10-12 17:13:39 #1185 INFO] post_ebrisk  19% [312 submitted, 990 queued]
[2020-10-12 17:14:54 #1185 INFO] post_ebrisk  20% [325 submitted, 977 queued]
[2020-10-12 17:15:12 #1185 INFO] post_ebrisk  21% [338 submitted, 964 queued]
[2020-10-12 17:15:18 #1185 INFO] post_ebrisk  22% [351 submitted, 951 queued]
[2020-10-12 17:15:22 #1185 INFO] post_ebrisk  23% [364 submitted, 938 queued]
[2020-10-12 17:15:26 #1185 INFO] post_ebrisk  24% [377 submitted, 925 queued]
[2020-10-12 17:16:34 #1185 INFO] post_ebrisk  25% [390 submitted, 912 queued]
[2020-10-12 17:16:53 #1185 INFO] post_ebrisk  26% [403 submitted, 899 queued]
[2020-10-12 17:17:02 #1185 INFO] post_ebrisk  27% [416 submitted, 886 queued]
[2020-10-12 17:17:07 #1185 INFO] post_ebrisk  28% [429 submitted, 873 queued]
[2020-10-12 17:17:13 #1185 INFO] post_ebrisk  29% [442 submitted, 860 queued]
[2020-10-12 17:18:15 #1185 INFO] post_ebrisk  30% [455 submitted, 847 queued]
[2020-10-12 17:18:35 #1185 INFO] post_ebrisk  31% [468 submitted, 834 queued]
[2020-10-12 17:18:44 #1185 INFO] post_ebrisk  32% [481 submitted, 821 queued]
[2020-10-12 17:18:51 #1185 INFO] post_ebrisk  33% [494 submitted, 808 queued]
[2020-10-12 17:18:58 #1185 INFO] post_ebrisk  34% [507 submitted, 795 queued]
[2020-10-12 17:19:58 #1185 INFO] post_ebrisk  35% [520 submitted, 782 queued]
[2020-10-12 17:20:18 #1185 INFO] post_ebrisk  36% [533 submitted, 769 queued]
[2020-10-12 17:20:29 #1185 INFO] post_ebrisk  37% [546 submitted, 756 queued]
[2020-10-12 17:20:36 #1185 INFO] post_ebrisk  38% [559 submitted, 743 queued]
[2020-10-12 17:20:47 #1185 INFO] post_ebrisk  39% [572 submitted, 730 queued]
[2020-10-12 17:21:39 #1185 INFO] post_ebrisk  40% [585 submitted, 717 queued]
[2020-10-12 17:22:00 #1185 INFO] post_ebrisk  41% [598 submitted, 704 queued]
[2020-10-12 17:22:12 #1185 INFO] post_ebrisk  42% [611 submitted, 691 queued]
[2020-10-12 17:22:20 #1185 INFO] post_ebrisk  43% [624 submitted, 678 queued]
[2020-10-12 17:22:33 #1185 INFO] post_ebrisk  44% [637 submitted, 665 queued]
[2020-10-12 17:23:22 #1185 INFO] post_ebrisk  45% [650 submitted, 652 queued]
[2020-10-12 17:23:43 #1185 INFO] post_ebrisk  46% [663 submitted, 639 queued]
[2020-10-12 17:23:58 #1185 INFO] post_ebrisk  47% [676 submitted, 626 queued]
[2020-10-12 17:24:05 #1185 INFO] post_ebrisk  48% [689 submitted, 613 queued]
[2020-10-12 17:24:21 #1185 INFO] post_ebrisk  49% [702 submitted, 600 queued]
[2020-10-12 17:25:06 #1185 INFO] post_ebrisk  50% [715 submitted, 587 queued]
[2020-10-12 17:25:29 #1185 INFO] post_ebrisk  51% [729 submitted, 573 queued]
[2020-10-12 17:25:41 #1185 INFO] post_ebrisk  52% [742 submitted, 560 queued]
[2020-10-12 17:25:53 #1185 INFO] post_ebrisk  53% [755 submitted, 547 queued]
[2020-10-12 17:26:22 #1185 INFO] post_ebrisk  54% [768 submitted, 534 queued]
[2020-10-12 17:26:57 #1185 INFO] post_ebrisk  55% [781 submitted, 521 queued]
[2020-10-12 17:27:13 #1185 INFO] post_ebrisk  56% [794 submitted, 508 queued]
[2020-10-12 17:27:30 #1185 INFO] post_ebrisk  57% [807 submitted, 495 queued]
[2020-10-12 17:27:43 #1185 INFO] post_ebrisk  58% [820 submitted, 482 queued]
[2020-10-12 17:28:09 #1185 INFO] post_ebrisk  59% [833 submitted, 469 queued]
[2020-10-12 17:28:41 #1185 INFO] post_ebrisk  60% [846 submitted, 456 queued]
[2020-10-12 17:29:01 #1185 INFO] post_ebrisk  61% [859 submitted, 443 queued]
[2020-10-12 17:29:14 #1185 INFO] post_ebrisk  62% [872 submitted, 430 queued]
[2020-10-12 17:29:32 #1185 INFO] post_ebrisk  63% [885 submitted, 417 queued]
[2020-10-12 17:29:57 #1185 INFO] post_ebrisk  64% [898 submitted, 404 queued]
[2020-10-12 17:30:23 #1185 INFO] post_ebrisk  65% [911 submitted, 391 queued]
[2020-10-12 17:30:44 #1185 INFO] post_ebrisk  66% [924 submitted, 378 queued]
[2020-10-12 17:31:00 #1185 INFO] post_ebrisk  67% [937 submitted, 365 queued]
[2020-10-12 17:31:14 #1185 INFO] post_ebrisk  68% [950 submitted, 352 queued]
[2020-10-12 17:31:37 #1185 INFO] post_ebrisk  69% [963 submitted, 339 queued]
[2020-10-12 17:32:06 #1185 INFO] post_ebrisk  70% [976 submitted, 326 queued]
[2020-10-12 17:32:30 #1185 INFO] post_ebrisk  71% [989 submitted, 313 queued]
[2020-10-12 17:32:47 #1185 INFO] post_ebrisk  72% [1002 submitted, 300 queued]
[2020-10-12 17:33:06 #1185 INFO] post_ebrisk  73% [1015 submitted, 287 queued]
[2020-10-12 17:33:28 #1185 INFO] post_ebrisk  74% [1028 submitted, 274 queued]
[2020-10-12 17:33:49 #1185 INFO] post_ebrisk  75% [1041 submitted, 261 queued]
[2020-10-12 17:34:14 #1185 INFO] post_ebrisk  76% [1054 submitted, 248 queued]
[2020-10-12 17:34:32 #1185 INFO] post_ebrisk  77% [1067 submitted, 235 queued]
[2020-10-12 17:34:50 #1185 INFO] post_ebrisk  78% [1080 submitted, 222 queued]
[2020-10-12 17:35:15 #1185 INFO] post_ebrisk  79% [1093 submitted, 209 queued]
[2020-10-12 17:35:30 #1185 INFO] post_ebrisk  80% [1106 submitted, 196 queued]
[2020-10-12 17:35:56 #1185 INFO] post_ebrisk  81% [1119 submitted, 183 queued]
[2020-10-12 17:36:15 #1185 INFO] post_ebrisk  82% [1132 submitted, 170 queued]
[2020-10-12 17:36:33 #1185 INFO] post_ebrisk  83% [1145 submitted, 157 queued]
[2020-10-12 17:36:58 #1185 INFO] post_ebrisk  84% [1158 submitted, 144 queued]
[2020-10-12 17:37:16 #1185 INFO] post_ebrisk  85% [1171 submitted, 131 queued]
[2020-10-12 17:37:40 #1185 INFO] post_ebrisk  86% [1184 submitted, 118 queued]
[2020-10-12 17:38:00 #1185 INFO] post_ebrisk  87% [1197 submitted, 105 queued]
[2020-10-12 17:38:16 #1185 INFO] post_ebrisk  88% [1210 submitted, 92 queued]
[2020-10-12 17:38:39 #1185 INFO] post_ebrisk  89% [1223 submitted, 79 queued]
[2020-10-12 17:39:00 #1185 INFO] post_ebrisk  90% [1236 submitted, 66 queued]
[2020-10-12 17:39:24 #1185 INFO] post_ebrisk  91% [1249 submitted, 53 queued]
[2020-10-12 17:39:45 #1185 INFO] post_ebrisk  92% [1262 submitted, 40 queued]
[2020-10-12 17:40:01 #1185 INFO] post_ebrisk  93% [1275 submitted, 27 queued]
[2020-10-12 17:40:23 #1185 INFO] post_ebrisk  94% [1288 submitted, 14 queued]
[2020-10-12 17:40:41 #1185 INFO] post_ebrisk  95% [1301 submitted, 1 queued]
[2020-10-12 17:41:04 #1185 INFO] post_ebrisk  96% [1302 submitted, 0 queued]
[2020-10-12 17:41:21 #1185 INFO] post_ebrisk  97% [1302 submitted, 0 queued]
[2020-10-12 17:41:32 #1185 INFO] post_ebrisk  98% [1302 submitted, 0 queued]
[2020-10-12 17:41:42 #1185 INFO] post_ebrisk  99% [1302 submitted, 0 queued]
[2020-10-12 17:41:51 #1185 INFO] post_ebrisk 100% [1302 submitted, 0 queued]
[2020-10-12 17:41:51 #1185 INFO] Received {'tot': '24.4 MB'} in 2113 seconds
[2020-10-12 17:42:26 #1185 INFO] Mean portfolio loss
============= ============== ==============
contents      nonstructural  structural    
============= ============== ==============
9_752_389_632 28_109_750_272 57_652_862_976
============= ============== ==============
[2020-10-12 17:42:26 #1185 INFO] Sanity check on agg_losses/tot_losses
[2020-10-12 17:42:26 #1185 INFO] Exposing the outputs to the database
[2020-10-12 17:42:27 #1185 INFO] Stored 4.88 GB on /mnt/data/murray.journeay/oqdata/calc_1185.hdf5 in 10249 seconds
  id | name
5748 | Aggregate Event Losses
5740 | Aggregate Loss Curves
5741 | Aggregate Loss Curves Statistics
5742 | Aggregate Losses
5743 | Aggregate Losses Statistics
5744 | Average Asset Losses Statistics
5750 | Earthquake Ruptures
5745 | Events
5746 | Full Report
5747 | Input Files
 ... | 6 additional output(s)
Some outputs were not shown. You can see the full list with the command
`oq engine --list-outputs 1185`
