[2020-10-12 02:38:58 #1177 INFO] murray.journeay running /mnt/data/shared/canada-2020/canada-srm2/ebRisk/input/ebRisk_r2_BC5910.ini [--hc=None]
[2020-10-12 02:38:58 #1177 INFO] Using engine version 3.11.0-git2a40780
[2020-10-12 02:38:59 #1177 WARNING] Using 64 cores on gem-compute
[2020-10-12 02:38:59 #1177 INFO] Validated nationalModel.xml in 0.01 seconds
[2020-10-12 02:38:59 #1177 INFO] Checksum of the input files: 1948253112
[2020-10-12 02:38:59 #1177 INFO] Reading the risk model if present
[2020-10-12 02:39:11 #1177 INFO] Reading /mnt/data/shared/canada-2020/model-inputs/exposure/general-building-stock/oqBldgExp_BC5910.xml
[2020-10-12 02:39:16 #1177 INFO] Extracting the hazard sites from the site model
[2020-10-12 02:39:18 #1177 INFO] Associated 51295 assets to 3524 sites
[2020-10-12 02:39:20 #1177 INFO] Reducing risk model from 7260 to 603 taxonomies
[2020-10-12 02:39:21 #1177 INFO] Considering 50 logic tree paths out of 24_576
[2020-10-12 02:39:21 #1177 INFO] 6 effective smlt realization(s)
[2020-10-12 02:39:21 #1177 INFO] Reading the source model(s) in parallel
[2020-10-12 02:39:24 #1177 INFO] read_source_model  16% [6 submitted, 0 queued]
[2020-10-12 02:39:24 #1177 INFO] read_source_model  33% [6 submitted, 0 queued]
[2020-10-12 02:39:24 #1177 INFO] read_source_model  50% [6 submitted, 0 queued]
[2020-10-12 02:39:24 #1177 INFO] read_source_model  66% [6 submitted, 0 queued]
[2020-10-12 02:39:24 #1177 INFO] read_source_model  83% [6 submitted, 0 queued]
[2020-10-12 02:39:24 #1177 INFO] read_source_model 100% [6 submitted, 0 queued]
[2020-10-12 02:39:24 #1177 INFO] Received {'/mnt/data/shared/canada-2020/CanadaSHM6/OpenQuake_model_files/sources/nationalModel/xml/simplifiedModel/WCan_HYeast_Harctic_simplified_collapsedRates.xml': '141.06 KB', '/mnt/data/shared/canada-2020/CanadaSHM6/OpenQuake_model_files/sources/nationalModel/xml/simplifiedModel/WCan_H2east_Harctic_simplified_collapsedRates.xml': '135.23 KB', '/mnt/data/shared/canada-2020/CanadaSHM6/OpenQuake_model_files/sources/nationalModel/xml/simplifiedModel/WCan_HYeast_Rarctic_simplified_collapsedRates.xml': '134.61 KB', '/mnt/data/shared/canada-2020/CanadaSHM6/OpenQuake_model_files/sources/nationalModel/xml/simplifiedModel/WCan_H2east_Rarctic_simplified_collapsedRates.xml': '128.78 KB', '/mnt/data/shared/canada-2020/CanadaSHM6/OpenQuake_model_files/sources/nationalModel/xml/simplifiedModel/WCan_R2east_Harctic_simplified_collapsedRates.xml': '119.91 KB', '/mnt/data/shared/canada-2020/CanadaSHM6/OpenQuake_model_files/sources/nationalModel/xml/simplifiedModel/WCan_R2east_Rarctic_simplified_collapsedRates.xml': '113.68 KB'} in 1 seconds
[2020-10-12 02:39:24 #1177 WARNING] There are multiple different sources with the same ID [<AreaSource SCCCT>, <AreaSource SCCCT>, <AreaSource SCCCT>, <AreaSource SCCCT>, <AreaSource SCCCT>, <AreaSource SCCCT>]
[2020-10-12 02:40:54 #1177 INFO] There are 195 sources
[2020-10-12 02:40:54 #1177 INFO] Checking the sources bounding box
[2020-10-12 02:40:54 #1177 ERROR] source ACM: The buffer of 600 km is too large, the bounding box is larger than half the globe: 219 degrees
[2020-10-12 02:40:54 #1177 INFO] Rupture floating factor = 1.6265060240963856
[2020-10-12 02:40:54 #1177 INFO] Rupture spinning factor = 3.2710843373493974
[2020-10-12 02:40:54 #1177 INFO] gzipping the input files
[2020-10-12 02:40:58 #1177 INFO] Storing risk model
[2020-10-12 02:41:01 #1177 INFO] minimum_intensity={'SA(1.0)': 0.05, 'SA(0.5)': 0.05, 'SA(0.6)': 0.05, 'SA(0.3)': 0.0, 'SA(2.0)': 0.05}
[2020-10-12 02:41:01 #1177 INFO] Building ruptures
[2020-10-12 02:41:01 #1177 INFO] Sending <SourceGroup Subduction IntraSlab30, 1 source(s)>
[2020-10-12 02:41:01 #1177 INFO] Sending <SourceGroup Subduction IntraSlab55, 4 source(s)>
[2020-10-12 02:41:01 #1177 INFO] Sending <SourceGroup Subduction Interface, 13 source(s)>
[2020-10-12 02:41:01 #1177 INFO] Sending <SourceGroup Stable Shallow Crust, 120 source(s)>
[2020-10-12 02:41:01 #1177 INFO] Sending <SourceGroup Active Shallow Crust, 59 source(s)>
[2020-10-12 02:41:02 #1177 INFO] Sent 64 tasks, 68.09 MB in 0 seconds
[2020-10-12 02:41:04 #1177 INFO] sample_ruptures   1% [65 submitted, 19 queued]
[2020-10-12 02:41:04 #1177 INFO] sample_ruptures   2% [66 submitted, 18 queued]
[2020-10-12 02:41:04 #1177 INFO] sample_ruptures   3% [67 submitted, 17 queued]
[2020-10-12 02:41:04 #1177 INFO] sample_ruptures   4% [68 submitted, 16 queued]
[2020-10-12 02:41:04 #1177 INFO] sample_ruptures   5% [69 submitted, 15 queued]
[2020-10-12 02:41:04 #1177 INFO] sample_ruptures   7% [70 submitted, 14 queued]
[2020-10-12 02:41:04 #1177 INFO] sample_ruptures   8% [71 submitted, 13 queued]
[2020-10-12 02:41:04 #1177 INFO] sample_ruptures   9% [72 submitted, 12 queued]
[2020-10-12 02:41:04 #1177 INFO] sample_ruptures  10% [73 submitted, 11 queued]
[2020-10-12 02:41:04 #1177 INFO] sample_ruptures  11% [74 submitted, 10 queued]
[2020-10-12 02:41:04 #1177 INFO] sample_ruptures  13% [75 submitted, 9 queued]
[2020-10-12 02:41:04 #1177 INFO] sample_ruptures  14% [76 submitted, 8 queued]
[2020-10-12 02:41:05 #1177 INFO] sample_ruptures  15% [77 submitted, 7 queued]
[2020-10-12 02:41:05 #1177 INFO] sample_ruptures  16% [78 submitted, 6 queued]
[2020-10-12 02:41:05 #1177 INFO] sample_ruptures  17% [79 submitted, 5 queued]
[2020-10-12 02:41:05 #1177 INFO] sample_ruptures  19% [80 submitted, 4 queued]
[2020-10-12 02:41:05 #1177 INFO] sample_ruptures  20% [81 submitted, 3 queued]
[2020-10-12 02:41:05 #1177 INFO] sample_ruptures  21% [82 submitted, 2 queued]
[2020-10-12 02:41:05 #1177 INFO] sample_ruptures  22% [83 submitted, 1 queued]
[2020-10-12 02:41:05 #1177 INFO] sample_ruptures  23% [84 submitted, 0 queued]
[2020-10-12 02:41:05 #1177 INFO] sample_ruptures  25% [84 submitted, 0 queued]
[2020-10-12 02:41:05 #1177 INFO] sample_ruptures  26% [84 submitted, 0 queued]
[2020-10-12 02:41:05 #1177 INFO] sample_ruptures  27% [84 submitted, 0 queued]
[2020-10-12 02:41:05 #1177 INFO] sample_ruptures  28% [84 submitted, 0 queued]
[2020-10-12 02:41:05 #1177 INFO] sample_ruptures  29% [84 submitted, 0 queued]
[2020-10-12 02:41:05 #1177 INFO] sample_ruptures  30% [84 submitted, 0 queued]
[2020-10-12 02:41:05 #1177 INFO] sample_ruptures  32% [84 submitted, 0 queued]
[2020-10-12 02:41:05 #1177 INFO] sample_ruptures  33% [84 submitted, 0 queued]
[2020-10-12 02:41:05 #1177 INFO] sample_ruptures  34% [84 submitted, 0 queued]
[2020-10-12 02:41:05 #1177 INFO] sample_ruptures  35% [84 submitted, 0 queued]
[2020-10-12 02:41:05 #1177 INFO] sample_ruptures  36% [84 submitted, 0 queued]
[2020-10-12 02:41:05 #1177 INFO] sample_ruptures  38% [84 submitted, 0 queued]
[2020-10-12 02:41:06 #1177 INFO] sample_ruptures  39% [84 submitted, 0 queued]
[2020-10-12 02:41:06 #1177 INFO] sample_ruptures  40% [84 submitted, 0 queued]
[2020-10-12 02:41:06 #1177 INFO] sample_ruptures  41% [84 submitted, 0 queued]
[2020-10-12 02:41:06 #1177 INFO] sample_ruptures  42% [84 submitted, 0 queued]
[2020-10-12 02:41:06 #1177 INFO] sample_ruptures  44% [84 submitted, 0 queued]
[2020-10-12 02:41:06 #1177 INFO] sample_ruptures  45% [84 submitted, 0 queued]
[2020-10-12 02:41:06 #1177 INFO] sample_ruptures  46% [84 submitted, 0 queued]
[2020-10-12 02:41:06 #1177 INFO] sample_ruptures  47% [84 submitted, 0 queued]
[2020-10-12 02:41:06 #1177 INFO] sample_ruptures  48% [84 submitted, 0 queued]
[2020-10-12 02:41:06 #1177 INFO] sample_ruptures  50% [84 submitted, 0 queued]
[2020-10-12 02:41:06 #1177 INFO] sample_ruptures  51% [84 submitted, 0 queued]
[2020-10-12 02:41:06 #1177 INFO] sample_ruptures  52% [84 submitted, 0 queued]
[2020-10-12 02:41:06 #1177 INFO] sample_ruptures  53% [84 submitted, 0 queued]
[2020-10-12 02:41:06 #1177 INFO] sample_ruptures  54% [84 submitted, 0 queued]
[2020-10-12 02:41:06 #1177 INFO] sample_ruptures  55% [84 submitted, 0 queued]
[2020-10-12 02:41:06 #1177 INFO] sample_ruptures  57% [84 submitted, 0 queued]
[2020-10-12 02:41:06 #1177 INFO] sample_ruptures  58% [84 submitted, 0 queued]
[2020-10-12 02:41:06 #1177 INFO] sample_ruptures  59% [84 submitted, 0 queued]
[2020-10-12 02:41:06 #1177 INFO] sample_ruptures  60% [84 submitted, 0 queued]
[2020-10-12 02:41:06 #1177 INFO] sample_ruptures  61% [84 submitted, 0 queued]
[2020-10-12 02:41:06 #1177 INFO] sample_ruptures  63% [84 submitted, 0 queued]
[2020-10-12 02:41:07 #1177 INFO] sample_ruptures  64% [84 submitted, 0 queued]
[2020-10-12 02:41:07 #1177 INFO] sample_ruptures  65% [84 submitted, 0 queued]
[2020-10-12 02:41:07 #1177 INFO] sample_ruptures  66% [84 submitted, 0 queued]
[2020-10-12 02:41:07 #1177 INFO] sample_ruptures  67% [84 submitted, 0 queued]
[2020-10-12 02:41:07 #1177 INFO] sample_ruptures  69% [84 submitted, 0 queued]
[2020-10-12 02:41:07 #1177 INFO] sample_ruptures  70% [84 submitted, 0 queued]
[2020-10-12 02:41:07 #1177 INFO] sample_ruptures  71% [84 submitted, 0 queued]
[2020-10-12 02:41:07 #1177 INFO] sample_ruptures  72% [84 submitted, 0 queued]
[2020-10-12 02:41:07 #1177 INFO] sample_ruptures  73% [84 submitted, 0 queued]
[2020-10-12 02:41:38 #1177 INFO] sample_ruptures  75% [84 submitted, 0 queued]
[2020-10-12 02:41:43 #1177 INFO] sample_ruptures  76% [84 submitted, 0 queued]
[2020-10-12 02:41:45 #1177 INFO] sample_ruptures  77% [84 submitted, 0 queued]
[2020-10-12 02:41:49 #1177 INFO] sample_ruptures  78% [84 submitted, 0 queued]
[2020-10-12 02:41:50 #1177 INFO] sample_ruptures  79% [84 submitted, 0 queued]
[2020-10-12 02:41:52 #1177 INFO] sample_ruptures  80% [84 submitted, 0 queued]
[2020-10-12 02:41:54 #1177 INFO] sample_ruptures  82% [84 submitted, 0 queued]
[2020-10-12 02:41:54 #1177 INFO] sample_ruptures  83% [84 submitted, 0 queued]
[2020-10-12 02:41:55 #1177 INFO] sample_ruptures  84% [84 submitted, 0 queued]
[2020-10-12 02:41:56 #1177 INFO] sample_ruptures  85% [84 submitted, 0 queued]
[2020-10-12 02:41:57 #1177 INFO] sample_ruptures  86% [84 submitted, 0 queued]
[2020-10-12 02:42:06 #1177 INFO] sample_ruptures  88% [84 submitted, 0 queued]
[2020-10-12 02:42:13 #1177 INFO] sample_ruptures  89% [84 submitted, 0 queued]
[2020-10-12 02:42:25 #1177 INFO] sample_ruptures  90% [84 submitted, 0 queued]
[2020-10-12 02:42:27 #1177 INFO] sample_ruptures  91% [84 submitted, 0 queued]
[2020-10-12 02:42:48 #1177 INFO] sample_ruptures  92% [84 submitted, 0 queued]
[2020-10-12 02:42:52 #1177 INFO] sample_ruptures  94% [84 submitted, 0 queued]
[2020-10-12 02:42:55 #1177 INFO] sample_ruptures  95% [84 submitted, 0 queued]
[2020-10-12 02:43:40 #1177 INFO] sample_ruptures  96% [84 submitted, 0 queued]
[2020-10-12 02:44:52 #1177 INFO] sample_ruptures  97% [84 submitted, 0 queued]
[2020-10-12 02:46:48 #1177 INFO] sample_ruptures  98% [84 submitted, 0 queued]
[2020-10-12 03:02:44 #1177 INFO] sample_ruptures 100% [84 submitted, 0 queued]
[2020-10-12 03:02:44 #1177 INFO] Received {'rup_array': '514.5 MB', 'calc_times': '20.72 KB', 'eff_ruptures': '3.58 KB'} in 1301 seconds
[2020-10-12 03:02:45 #1177 INFO] There are 50 realization(s)
[2020-10-12 03:02:45 #1177 INFO] Reordering the ruptures and storing the events
[2020-10-12 03:02:48 #1177 INFO] Associating event_id -> rlz_id for 5_615_352 events and 2_221_451 ruptures
[2020-10-12 03:03:47 #1177 INFO] Sent 150 tasks, 239.57 MB in 55 seconds
[2020-10-12 03:03:54 #1177 INFO] Received {'tot': '53.59 MB'} in 7 seconds
[2020-10-12 03:04:19 #1177 INFO] minimum_asset_loss={'contents': 0, 'nonstructural': 0, 'structural': 0}
[2020-10-12 03:04:19 #1177 WARNING] The calculation is really big; you should set minimum_asset_loss
[2020-10-12 03:04:20 #1177 INFO] minimum_intensity={'SA(1.0)': 0.05, 'SA(0.5)': 0.05, 'SA(0.6)': 0.05, 'SA(0.3)': 0.0, 'SA(2.0)': 0.05}
[2020-10-12 03:04:20 #1177 INFO] Sending 2_221_451 ruptures
[2020-10-12 03:06:10 #1177 INFO] Sent 150 tasks, 242.89 MB in 105 seconds
[2020-10-12 03:11:58 #1177 INFO] start_ebrisk   1% [247 submitted, 0 queued]
[2020-10-12 03:14:03 #1177 INFO] start_ebrisk   2% [249 submitted, 0 queued]
[2020-10-12 03:14:48 #1177 INFO] start_ebrisk   3% [257 submitted, 0 queued]
[2020-10-12 03:15:40 #1177 INFO] start_ebrisk   4% [261 submitted, 0 queued]
[2020-10-12 03:16:23 #1177 INFO] start_ebrisk   5% [264 submitted, 0 queued]
[2020-10-12 03:17:10 #1177 INFO] start_ebrisk   6% [264 submitted, 0 queued]
[2020-10-12 03:20:15 #1177 INFO] start_ebrisk   7% [269 submitted, 0 queued]
[2020-10-12 03:20:43 #1177 INFO] start_ebrisk   8% [271 submitted, 0 queued]
[2020-10-12 03:22:49 #1177 INFO] start_ebrisk   9% [279 submitted, 0 queued]
[2020-10-12 03:24:05 #1177 INFO] start_ebrisk  10% [287 submitted, 0 queued]
[2020-10-12 03:24:26 #1177 INFO] start_ebrisk  11% [289 submitted, 0 queued]
[2020-10-12 03:24:44 #1177 INFO] start_ebrisk  12% [289 submitted, 0 queued]
[2020-10-12 03:25:32 #1177 INFO] start_ebrisk  13% [292 submitted, 0 queued]
[2020-10-12 03:26:53 #1177 INFO] start_ebrisk  14% [299 submitted, 0 queued]
[2020-10-12 03:28:45 #1177 INFO] start_ebrisk  15% [311 submitted, 0 queued]
[2020-10-12 03:30:59 #1177 INFO] start_ebrisk  16% [315 submitted, 0 queued]
[2020-10-12 03:32:28 #1177 INFO] start_ebrisk  17% [320 submitted, 0 queued]
[2020-10-12 03:33:54 #1177 INFO] start_ebrisk  18% [320 submitted, 0 queued]
[2020-10-12 03:35:24 #1177 INFO] start_ebrisk  19% [321 submitted, 0 queued]
[2020-10-12 03:36:12 #1177 INFO] start_ebrisk  20% [321 submitted, 0 queued]
[2020-10-12 03:36:36 #1177 INFO] start_ebrisk  21% [321 submitted, 0 queued]
[2020-10-12 03:36:50 #1177 INFO] start_ebrisk  22% [321 submitted, 0 queued]
[2020-10-12 03:37:38 #1177 INFO] start_ebrisk  23% [321 submitted, 0 queued]
[2020-10-12 03:39:02 #1177 INFO] start_ebrisk  24% [324 submitted, 0 queued]
[2020-10-12 03:39:20 #1177 INFO] start_ebrisk  25% [327 submitted, 0 queued]
[2020-10-12 03:41:34 #1177 INFO] start_ebrisk  26% [339 submitted, 0 queued]
[2020-10-12 03:43:01 #1177 INFO] start_ebrisk  27% [339 submitted, 0 queued]
[2020-10-12 03:45:04 #1177 INFO] start_ebrisk  28% [339 submitted, 0 queued]
[2020-10-12 03:45:48 #1177 INFO] start_ebrisk  29% [339 submitted, 0 queued]
[2020-10-12 03:46:37 #1177 INFO] start_ebrisk  30% [339 submitted, 0 queued]
[2020-10-12 03:50:06 #1177 INFO] start_ebrisk  31% [339 submitted, 0 queued]
[2020-10-12 03:52:52 #1177 INFO] start_ebrisk  32% [339 submitted, 0 queued]
[2020-10-12 03:53:05 #1177 INFO] start_ebrisk  33% [339 submitted, 0 queued]
[2020-10-12 03:54:10 #1177 INFO] start_ebrisk  34% [339 submitted, 0 queued]
[2020-10-12 03:59:31 #1177 INFO] start_ebrisk  35% [339 submitted, 0 queued]
[2020-10-12 04:02:39 #1177 INFO] start_ebrisk  36% [339 submitted, 0 queued]
[2020-10-12 04:02:54 #1177 INFO] start_ebrisk  37% [339 submitted, 0 queued]
[2020-10-12 04:03:59 #1177 INFO] start_ebrisk  38% [339 submitted, 0 queued]
[2020-10-12 04:04:33 #1177 INFO] start_ebrisk  39% [339 submitted, 0 queued]
[2020-10-12 04:06:17 #1177 INFO] start_ebrisk  40% [339 submitted, 0 queued]
[2020-10-12 04:09:30 #1177 INFO] start_ebrisk  41% [339 submitted, 0 queued]
[2020-10-12 04:11:14 #1177 INFO] start_ebrisk  42% [339 submitted, 0 queued]
[2020-10-12 04:15:07 #1177 INFO] start_ebrisk  43% [339 submitted, 0 queued]
[2020-10-12 04:17:17 #1177 INFO] start_ebrisk  44% [339 submitted, 0 queued]
[2020-10-12 04:18:09 #1177 INFO] start_ebrisk  45% [339 submitted, 0 queued]
[2020-10-12 04:19:25 #1177 INFO] start_ebrisk  46% [339 submitted, 0 queued]
[2020-10-12 04:20:36 #1177 INFO] start_ebrisk  47% [339 submitted, 0 queued]
[2020-10-12 04:22:27 #1177 INFO] start_ebrisk  48% [339 submitted, 0 queued]
[2020-10-12 04:27:38 #1177 INFO] start_ebrisk  49% [339 submitted, 0 queued]
[2020-10-12 04:28:37 #1177 INFO] start_ebrisk  50% [339 submitted, 0 queued]
[2020-10-12 04:30:20 #1177 INFO] start_ebrisk  51% [339 submitted, 0 queued]
[2020-10-12 04:32:34 #1177 INFO] start_ebrisk  52% [339 submitted, 0 queued]
[2020-10-12 04:36:50 #1177 INFO] start_ebrisk  53% [339 submitted, 0 queued]
[2020-10-12 04:37:32 #1177 INFO] start_ebrisk  54% [339 submitted, 0 queued]
[2020-10-12 04:40:14 #1177 INFO] start_ebrisk  55% [339 submitted, 0 queued]
[2020-10-12 04:41:13 #1177 INFO] start_ebrisk  56% [339 submitted, 0 queued]
[2020-10-12 04:44:01 #1177 INFO] start_ebrisk  57% [339 submitted, 0 queued]
[2020-10-12 04:44:38 #1177 INFO] start_ebrisk  58% [339 submitted, 0 queued]
[2020-10-12 04:46:16 #1177 INFO] start_ebrisk  59% [339 submitted, 0 queued]
[2020-10-12 04:47:59 #1177 INFO] start_ebrisk  60% [339 submitted, 0 queued]
[2020-10-12 04:50:06 #1177 INFO] start_ebrisk  61% [339 submitted, 0 queued]
[2020-10-12 04:53:19 #1177 INFO] start_ebrisk  62% [339 submitted, 0 queued]
[2020-10-12 04:55:35 #1177 INFO] start_ebrisk  63% [339 submitted, 0 queued]
[2020-10-12 04:57:15 #1177 INFO] start_ebrisk  64% [339 submitted, 0 queued]
[2020-10-12 04:58:33 #1177 INFO] start_ebrisk  65% [339 submitted, 0 queued]
[2020-10-12 04:59:25 #1177 INFO] start_ebrisk  66% [339 submitted, 0 queued]
[2020-10-12 05:01:59 #1177 INFO] start_ebrisk  67% [339 submitted, 0 queued]
[2020-10-12 05:03:17 #1177 INFO] start_ebrisk  68% [339 submitted, 0 queued]
[2020-10-12 05:04:49 #1177 INFO] start_ebrisk  69% [339 submitted, 0 queued]
[2020-10-12 05:09:43 #1177 INFO] start_ebrisk  70% [339 submitted, 0 queued]
[2020-10-12 05:12:46 #1177 INFO] start_ebrisk  71% [339 submitted, 0 queued]
[2020-10-12 05:15:14 #1177 INFO] start_ebrisk  72% [339 submitted, 0 queued]
[2020-10-12 05:16:25 #1177 INFO] start_ebrisk  73% [339 submitted, 0 queued]
[2020-10-12 05:17:46 #1177 INFO] start_ebrisk  74% [339 submitted, 0 queued]
[2020-10-12 05:19:44 #1177 INFO] start_ebrisk  75% [339 submitted, 0 queued]
[2020-10-12 05:20:43 #1177 INFO] start_ebrisk  76% [339 submitted, 0 queued]
[2020-10-12 05:24:24 #1177 INFO] start_ebrisk  77% [339 submitted, 0 queued]
[2020-10-12 05:25:16 #1177 INFO] start_ebrisk  78% [339 submitted, 0 queued]
[2020-10-12 05:27:09 #1177 INFO] start_ebrisk  79% [339 submitted, 0 queued]
[2020-10-12 05:28:14 #1177 INFO] start_ebrisk  80% [339 submitted, 0 queued]
[2020-10-12 05:30:01 #1177 INFO] start_ebrisk  81% [339 submitted, 0 queued]
[2020-10-12 05:31:25 #1177 INFO] start_ebrisk  82% [339 submitted, 0 queued]
[2020-10-12 05:32:15 #1177 INFO] start_ebrisk  83% [339 submitted, 0 queued]
[2020-10-12 05:32:31 #1177 INFO] start_ebrisk  84% [339 submitted, 0 queued]
[2020-10-12 05:37:47 #1177 INFO] start_ebrisk  85% [339 submitted, 0 queued]
[2020-10-12 05:39:18 #1177 INFO] start_ebrisk  86% [339 submitted, 0 queued]
[2020-10-12 05:40:56 #1177 INFO] start_ebrisk  87% [339 submitted, 0 queued]
[2020-10-12 05:42:29 #1177 INFO] start_ebrisk  88% [339 submitted, 0 queued]
[2020-10-12 05:43:20 #1177 INFO] start_ebrisk  89% [339 submitted, 0 queued]
[2020-10-12 05:44:34 #1177 INFO] start_ebrisk  90% [339 submitted, 0 queued]
[2020-10-12 05:44:36 #1177 INFO] start_ebrisk  91% [339 submitted, 0 queued]
[2020-10-12 05:45:28 #1177 INFO] start_ebrisk  92% [339 submitted, 0 queued]
[2020-10-12 05:46:24 #1177 INFO] start_ebrisk  93% [339 submitted, 0 queued]
[2020-10-12 05:52:18 #1177 INFO] start_ebrisk  94% [339 submitted, 0 queued]
[2020-10-12 05:55:13 #1177 INFO] start_ebrisk  95% [339 submitted, 0 queued]
[2020-10-12 05:55:22 #1177 INFO] start_ebrisk  96% [339 submitted, 0 queued]
[2020-10-12 05:56:13 #1177 INFO] start_ebrisk  97% [339 submitted, 0 queued]
[2020-10-12 05:57:45 #1177 INFO] start_ebrisk  98% [339 submitted, 0 queued]
[2020-10-12 05:58:40 #1177 INFO] start_ebrisk  99% [339 submitted, 0 queued]
[2020-10-12 05:59:07 #1177 INFO] start_ebrisk 100% [339 submitted, 0 queued]
[2020-10-12 05:59:07 #1177 INFO] Received {'alt': '12.48 GB', 'losses_by_A': '199.05 MB', 'elt': '84.83 MB', 'gmf_info': '33.45 MB', 'numlosses': '54.62 KB', 'events_per_sid': '6.95 KB'} in 10376 seconds
[2020-10-12 05:59:07 #1177 INFO] Produced 304.03 GB of GMFs
[2020-10-12 05:59:07 #1177 INFO] Considered 88_865_498_061 / 260_039_123_314 losses
[2020-10-12 05:59:07 #1177 INFO] Building src_loss_table
[2020-10-12 05:59:25 #1177 INFO] Producing 3(loss_types) x 38(fsauid) x 6(GenOcc) x 7(GenType) loss curves
[2020-10-12 06:00:26 #1177 INFO] post_ebrisk   1% [80 submitted, 1516 queued]
[2020-10-12 06:00:26 #1177 INFO] post_ebrisk   2% [96 submitted, 1500 queued]
[2020-10-12 06:00:26 #1177 INFO] post_ebrisk   3% [112 submitted, 1484 queued]
[2020-10-12 06:00:37 #1177 INFO] post_ebrisk   4% [128 submitted, 1468 queued]
[2020-10-12 06:01:26 #1177 INFO] post_ebrisk   5% [144 submitted, 1452 queued]
[2020-10-12 06:01:27 #1177 INFO] post_ebrisk   6% [160 submitted, 1436 queued]
[2020-10-12 06:01:27 #1177 INFO] post_ebrisk   7% [176 submitted, 1420 queued]
[2020-10-12 06:01:46 #1177 INFO] post_ebrisk   8% [192 submitted, 1404 queued]
[2020-10-12 06:02:27 #1177 INFO] post_ebrisk   9% [208 submitted, 1388 queued]
[2020-10-12 06:02:27 #1177 INFO] post_ebrisk  10% [224 submitted, 1372 queued]
[2020-10-12 06:02:29 #1177 INFO] post_ebrisk  11% [240 submitted, 1356 queued]
[2020-10-12 06:02:48 #1177 INFO] post_ebrisk  12% [256 submitted, 1340 queued]
[2020-10-12 06:03:23 #1177 INFO] post_ebrisk  13% [272 submitted, 1324 queued]
[2020-10-12 06:03:27 #1177 INFO] post_ebrisk  14% [288 submitted, 1308 queued]
[2020-10-12 06:03:30 #1177 INFO] post_ebrisk  15% [304 submitted, 1292 queued]
[2020-10-12 06:03:53 #1177 INFO] post_ebrisk  16% [320 submitted, 1276 queued]
[2020-10-12 06:04:20 #1177 INFO] post_ebrisk  17% [336 submitted, 1260 queued]
[2020-10-12 06:04:24 #1177 INFO] post_ebrisk  18% [352 submitted, 1244 queued]
[2020-10-12 06:04:34 #1177 INFO] post_ebrisk  19% [368 submitted, 1228 queued]
[2020-10-12 06:05:02 #1177 INFO] post_ebrisk  20% [384 submitted, 1212 queued]
[2020-10-12 06:05:18 #1177 INFO] post_ebrisk  21% [400 submitted, 1196 queued]
[2020-10-12 06:05:24 #1177 INFO] post_ebrisk  22% [416 submitted, 1180 queued]
[2020-10-12 06:05:35 #1177 INFO] post_ebrisk  23% [432 submitted, 1164 queued]
[2020-10-12 06:05:58 #1177 INFO] post_ebrisk  24% [448 submitted, 1148 queued]
[2020-10-12 06:06:17 #1177 INFO] post_ebrisk  25% [463 submitted, 1133 queued]
[2020-10-12 06:06:23 #1177 INFO] post_ebrisk  26% [479 submitted, 1117 queued]
[2020-10-12 06:06:35 #1177 INFO] post_ebrisk  27% [495 submitted, 1101 queued]
[2020-10-12 06:06:53 #1177 INFO] post_ebrisk  28% [511 submitted, 1085 queued]
[2020-10-12 06:07:13 #1177 INFO] post_ebrisk  29% [527 submitted, 1069 queued]
[2020-10-12 06:07:22 #1177 INFO] post_ebrisk  30% [543 submitted, 1053 queued]
[2020-10-12 06:07:35 #1177 INFO] post_ebrisk  31% [559 submitted, 1037 queued]
[2020-10-12 06:07:58 #1177 INFO] post_ebrisk  32% [575 submitted, 1021 queued]
[2020-10-12 06:08:14 #1177 INFO] post_ebrisk  33% [591 submitted, 1005 queued]
[2020-10-12 06:08:25 #1177 INFO] post_ebrisk  34% [607 submitted, 989 queued]
[2020-10-12 06:08:37 #1177 INFO] post_ebrisk  35% [623 submitted, 973 queued]
[2020-10-12 06:08:57 #1177 INFO] post_ebrisk  36% [639 submitted, 957 queued]
[2020-10-12 06:09:13 #1177 INFO] post_ebrisk  37% [655 submitted, 941 queued]
[2020-10-12 06:09:26 #1177 INFO] post_ebrisk  38% [671 submitted, 925 queued]
[2020-10-12 06:09:39 #1177 INFO] post_ebrisk  39% [687 submitted, 909 queued]
[2020-10-12 06:09:56 #1177 INFO] post_ebrisk  40% [703 submitted, 893 queued]
[2020-10-12 06:10:14 #1177 INFO] post_ebrisk  41% [719 submitted, 877 queued]
[2020-10-12 06:10:24 #1177 INFO] post_ebrisk  42% [735 submitted, 861 queued]
[2020-10-12 06:10:41 #1177 INFO] post_ebrisk  43% [751 submitted, 845 queued]
[2020-10-12 06:10:57 #1177 INFO] post_ebrisk  44% [767 submitted, 829 queued]
[2020-10-12 06:11:15 #1177 INFO] post_ebrisk  45% [783 submitted, 813 queued]
[2020-10-12 06:11:28 #1177 INFO] post_ebrisk  46% [799 submitted, 797 queued]
[2020-10-12 06:11:43 #1177 INFO] post_ebrisk  47% [815 submitted, 781 queued]
[2020-10-12 06:11:59 #1177 INFO] post_ebrisk  48% [831 submitted, 765 queued]
[2020-10-12 06:12:13 #1177 INFO] post_ebrisk  49% [847 submitted, 749 queued]
[2020-10-12 06:12:28 #1177 INFO] post_ebrisk  50% [862 submitted, 734 queued]
[2020-10-12 06:12:43 #1177 INFO] post_ebrisk  51% [878 submitted, 718 queued]
[2020-10-12 06:12:59 #1177 INFO] post_ebrisk  52% [894 submitted, 702 queued]
[2020-10-12 06:13:13 #1177 INFO] post_ebrisk  53% [910 submitted, 686 queued]
[2020-10-12 06:13:29 #1177 INFO] post_ebrisk  54% [926 submitted, 670 queued]
[2020-10-12 06:13:41 #1177 INFO] post_ebrisk  55% [942 submitted, 654 queued]
[2020-10-12 06:14:00 #1177 INFO] post_ebrisk  56% [958 submitted, 638 queued]
[2020-10-12 06:14:11 #1177 INFO] post_ebrisk  57% [974 submitted, 622 queued]
[2020-10-12 06:14:29 #1177 INFO] post_ebrisk  58% [990 submitted, 606 queued]
[2020-10-12 06:14:40 #1177 INFO] post_ebrisk  59% [1006 submitted, 590 queued]
[2020-10-12 06:14:56 #1177 INFO] post_ebrisk  60% [1022 submitted, 574 queued]
[2020-10-12 06:15:10 #1177 INFO] post_ebrisk  61% [1038 submitted, 558 queued]
[2020-10-12 06:15:31 #1177 INFO] post_ebrisk  62% [1054 submitted, 542 queued]
[2020-10-12 06:15:40 #1177 INFO] post_ebrisk  63% [1070 submitted, 526 queued]
[2020-10-12 06:15:56 #1177 INFO] post_ebrisk  64% [1086 submitted, 510 queued]
[2020-10-12 06:16:12 #1177 INFO] post_ebrisk  65% [1102 submitted, 494 queued]
[2020-10-12 06:16:28 #1177 INFO] post_ebrisk  66% [1118 submitted, 478 queued]
[2020-10-12 06:16:42 #1177 INFO] post_ebrisk  67% [1134 submitted, 462 queued]
[2020-10-12 06:16:59 #1177 INFO] post_ebrisk  68% [1150 submitted, 446 queued]
[2020-10-12 06:17:14 #1177 INFO] post_ebrisk  69% [1166 submitted, 430 queued]
[2020-10-12 06:17:30 #1177 INFO] post_ebrisk  70% [1182 submitted, 414 queued]
[2020-10-12 06:17:43 #1177 INFO] post_ebrisk  71% [1198 submitted, 398 queued]
[2020-10-12 06:17:58 #1177 INFO] post_ebrisk  72% [1214 submitted, 382 queued]
[2020-10-12 06:18:15 #1177 INFO] post_ebrisk  73% [1230 submitted, 366 queued]
[2020-10-12 06:18:30 #1177 INFO] post_ebrisk  74% [1246 submitted, 350 queued]
[2020-10-12 06:18:47 #1177 INFO] post_ebrisk  75% [1261 submitted, 335 queued]
[2020-10-12 06:19:01 #1177 INFO] post_ebrisk  76% [1277 submitted, 319 queued]
[2020-10-12 06:19:16 #1177 INFO] post_ebrisk  77% [1293 submitted, 303 queued]
[2020-10-12 06:19:30 #1177 INFO] post_ebrisk  78% [1309 submitted, 287 queued]
[2020-10-12 06:19:46 #1177 INFO] post_ebrisk  79% [1325 submitted, 271 queued]
[2020-10-12 06:20:03 #1177 INFO] post_ebrisk  80% [1341 submitted, 255 queued]
[2020-10-12 06:20:15 #1177 INFO] post_ebrisk  81% [1357 submitted, 239 queued]
[2020-10-12 06:20:30 #1177 INFO] post_ebrisk  82% [1373 submitted, 223 queued]
[2020-10-12 06:20:45 #1177 INFO] post_ebrisk  83% [1389 submitted, 207 queued]
[2020-10-12 06:21:03 #1177 INFO] post_ebrisk  84% [1405 submitted, 191 queued]
[2020-10-12 06:21:17 #1177 INFO] post_ebrisk  85% [1421 submitted, 175 queued]
[2020-10-12 06:21:31 #1177 INFO] post_ebrisk  86% [1437 submitted, 159 queued]
[2020-10-12 06:21:45 #1177 INFO] post_ebrisk  87% [1453 submitted, 143 queued]
[2020-10-12 06:22:03 #1177 INFO] post_ebrisk  88% [1469 submitted, 127 queued]
[2020-10-12 06:22:17 #1177 INFO] post_ebrisk  89% [1485 submitted, 111 queued]
[2020-10-12 06:22:31 #1177 INFO] post_ebrisk  90% [1501 submitted, 95 queued]
[2020-10-12 06:22:43 #1177 INFO] post_ebrisk  91% [1517 submitted, 79 queued]
[2020-10-12 06:23:00 #1177 INFO] post_ebrisk  92% [1533 submitted, 63 queued]
[2020-10-12 06:23:15 #1177 INFO] post_ebrisk  93% [1549 submitted, 47 queued]
[2020-10-12 06:23:28 #1177 INFO] post_ebrisk  94% [1565 submitted, 31 queued]
[2020-10-12 06:23:43 #1177 INFO] post_ebrisk  95% [1581 submitted, 15 queued]
[2020-10-12 06:23:59 #1177 INFO] post_ebrisk  96% [1596 submitted, 0 queued]
[2020-10-12 06:24:11 #1177 INFO] post_ebrisk  97% [1596 submitted, 0 queued]
[2020-10-12 06:24:20 #1177 INFO] post_ebrisk  98% [1596 submitted, 0 queued]
[2020-10-12 06:24:27 #1177 INFO] post_ebrisk  99% [1596 submitted, 0 queued]
[2020-10-12 06:24:35 #1177 INFO] post_ebrisk 100% [1596 submitted, 0 queued]
[2020-10-12 06:24:35 #1177 INFO] Received {'tot': '29.91 MB'} in 1510 seconds
[2020-10-12 06:24:55 #1177 INFO] Mean portfolio loss
=============== ================= =================
contents        nonstructural     structural       
=============== ================= =================
262_802_571_264 1_102_505_574_400 1_521_559_404_544
=============== ================= =================
[2020-10-12 06:24:55 #1177 INFO] Sanity check on agg_losses/tot_losses
[2020-10-12 06:24:55 #1177 INFO] Exposing the outputs to the database
[2020-10-12 06:24:56 #1177 INFO] Stored 13.3 GB on /mnt/data/murray.journeay/oqdata/calc_1177.hdf5 in 13557 seconds
  id | name
5652 | Aggregate Event Losses
5644 | Aggregate Loss Curves
5645 | Aggregate Loss Curves Statistics
5646 | Aggregate Losses
5647 | Aggregate Losses Statistics
5648 | Average Asset Losses Statistics
5654 | Earthquake Ruptures
5649 | Events
5650 | Full Report
5651 | Input Files
 ... | 6 additional output(s)
Some outputs were not shown. You can see the full list with the command
`oq engine --list-outputs 1177`
