[2020-10-31 04:23:17 #1456 INFO] murray.journeay running /mnt/data/shared/canada-2020/canada-srm2/eDamage/input/eDamage_r2_SK4740-60.ini [--hc=None]
[2020-10-31 04:23:17 #1456 INFO] Using engine version 3.11.0-git4f03c56
[2020-10-31 04:23:18 #1456 WARNING] Using 64 cores on gem-compute
[2020-10-31 04:23:18 #1456 INFO] Validated nationalModel.xml in 0.01 seconds
[2020-10-31 04:23:18 #1456 INFO] Checksum of the input files: 2528730147
[2020-10-31 04:23:18 #1456 INFO] Reading the risk model if present
[2020-10-31 04:23:21 #1456 INFO] Reading /mnt/data/shared/canada-2020/model-inputs/exposure/general-building-stock/oqBldgExp_SK4740-60.xml
[2020-10-31 04:23:27 #1456 INFO] Extracting the hazard sites from the site model
[2020-10-31 04:23:30 #1456 INFO] Associated 57416 assets to 9985 sites
[2020-10-31 04:23:33 #1456 INFO] Reducing risk model from 4224 to 419 taxonomies
[2020-10-31 04:23:34 #1456 INFO] Considering 50 logic tree paths out of 24_576
[2020-10-31 04:23:34 #1456 INFO] 6 effective smlt realization(s)
[2020-10-31 04:23:34 #1456 INFO] Reading the source model(s) in parallel
[2020-10-31 04:23:36 #1456 INFO] read_source_model  16% [6 submitted, 0 queued]
[2020-10-31 04:23:36 #1456 INFO] read_source_model  33% [6 submitted, 0 queued]
[2020-10-31 04:23:36 #1456 INFO] read_source_model  50% [6 submitted, 0 queued]
[2020-10-31 04:23:36 #1456 INFO] read_source_model  66% [6 submitted, 0 queued]
[2020-10-31 04:23:36 #1456 INFO] read_source_model  83% [6 submitted, 0 queued]
[2020-10-31 04:23:36 #1456 INFO] read_source_model 100% [6 submitted, 0 queued]
[2020-10-31 04:23:36 #1456 INFO] Received {'/mnt/data/shared/canada-2020/CanadaSHM6/OpenQuake_model_files/sources/nationalModel/xml/simplifiedModel/WCan_HYeast_Harctic_simplified_collapsedRates.xml': '141.06 KB', '/mnt/data/shared/canada-2020/CanadaSHM6/OpenQuake_model_files/sources/nationalModel/xml/simplifiedModel/WCan_H2east_Harctic_simplified_collapsedRates.xml': '135.23 KB', '/mnt/data/shared/canada-2020/CanadaSHM6/OpenQuake_model_files/sources/nationalModel/xml/simplifiedModel/WCan_HYeast_Rarctic_simplified_collapsedRates.xml': '134.61 KB', '/mnt/data/shared/canada-2020/CanadaSHM6/OpenQuake_model_files/sources/nationalModel/xml/simplifiedModel/WCan_H2east_Rarctic_simplified_collapsedRates.xml': '128.78 KB', '/mnt/data/shared/canada-2020/CanadaSHM6/OpenQuake_model_files/sources/nationalModel/xml/simplifiedModel/WCan_R2east_Harctic_simplified_collapsedRates.xml': '119.91 KB', '/mnt/data/shared/canada-2020/CanadaSHM6/OpenQuake_model_files/sources/nationalModel/xml/simplifiedModel/WCan_R2east_Rarctic_simplified_collapsedRates.xml': '113.68 KB'} in 1 seconds
[2020-10-31 04:23:37 #1456 WARNING] There are multiple different sources with the same ID [<AreaSource SCCCT>, <AreaSource SCCCT>, <AreaSource SCCCT>, <AreaSource SCCCT>, <AreaSource SCCCT>, <AreaSource SCCCT>]
[2020-10-31 04:25:08 #1456 INFO] There are 195 sources
[2020-10-31 04:25:08 #1456 INFO] Checking the sources bounding box
[2020-10-31 04:25:08 #1456 ERROR] source ACM: The buffer of 600 km is too large, the bounding box is larger than half the globe: 219 degrees
[2020-10-31 04:25:08 #1456 INFO] Rupture floating factor = 1.6265060240963856
[2020-10-31 04:25:08 #1456 INFO] Rupture spinning factor = 3.2710843373493974
[2020-10-31 04:25:08 #1456 INFO] gzipping the input files
[2020-10-31 04:25:10 #1456 INFO] Storing risk model
[2020-10-31 04:25:11 #1456 INFO] minimum_intensity={'SA(0.3)': 0.1, 'SA(0.6)': 0.05, 'SA(1.0)': 0.05, 'SA(2.0)': 0.05}
[2020-10-31 04:25:11 #1456 INFO] Building ruptures
[2020-10-31 04:25:11 #1456 INFO] Sending <SourceGroup Subduction IntraSlab30, 1 source(s)>
[2020-10-31 04:25:11 #1456 INFO] Sending <SourceGroup Subduction IntraSlab55, 4 source(s)>
[2020-10-31 04:25:11 #1456 INFO] Sending <SourceGroup Subduction Interface, 13 source(s)>
[2020-10-31 04:25:11 #1456 INFO] Sending <SourceGroup Stable Shallow Crust, 120 source(s)>
[2020-10-31 04:25:11 #1456 INFO] Sending <SourceGroup Active Shallow Crust, 59 source(s)>
[2020-10-31 04:25:12 #1456 INFO] Sent 64 tasks, 89.34 MB in 0 seconds
[2020-10-31 04:25:13 #1456 INFO] sample_ruptures   1% [65 submitted, 19 queued]
[2020-10-31 04:25:14 #1456 INFO] sample_ruptures   2% [66 submitted, 18 queued]
[2020-10-31 04:25:14 #1456 INFO] sample_ruptures   3% [67 submitted, 17 queued]
[2020-10-31 04:25:14 #1456 INFO] sample_ruptures   4% [68 submitted, 16 queued]
[2020-10-31 04:25:14 #1456 INFO] sample_ruptures   5% [69 submitted, 15 queued]
[2020-10-31 04:25:14 #1456 INFO] sample_ruptures   7% [70 submitted, 14 queued]
[2020-10-31 04:25:14 #1456 INFO] sample_ruptures   8% [71 submitted, 13 queued]
[2020-10-31 04:25:14 #1456 INFO] sample_ruptures   9% [72 submitted, 12 queued]
[2020-10-31 04:25:14 #1456 INFO] sample_ruptures  10% [73 submitted, 11 queued]
[2020-10-31 04:25:14 #1456 INFO] sample_ruptures  11% [74 submitted, 10 queued]
[2020-10-31 04:25:14 #1456 INFO] sample_ruptures  13% [75 submitted, 9 queued]
[2020-10-31 04:25:14 #1456 INFO] sample_ruptures  14% [76 submitted, 8 queued]
[2020-10-31 04:25:14 #1456 INFO] sample_ruptures  15% [77 submitted, 7 queued]
[2020-10-31 04:25:14 #1456 INFO] sample_ruptures  16% [78 submitted, 6 queued]
[2020-10-31 04:25:14 #1456 INFO] sample_ruptures  17% [79 submitted, 5 queued]
[2020-10-31 04:25:14 #1456 INFO] sample_ruptures  19% [80 submitted, 4 queued]
[2020-10-31 04:25:15 #1456 INFO] sample_ruptures  20% [81 submitted, 3 queued]
[2020-10-31 04:25:15 #1456 INFO] sample_ruptures  21% [82 submitted, 2 queued]
[2020-10-31 04:25:15 #1456 INFO] sample_ruptures  22% [83 submitted, 1 queued]
[2020-10-31 04:25:15 #1456 INFO] sample_ruptures  23% [84 submitted, 0 queued]
[2020-10-31 04:25:15 #1456 INFO] sample_ruptures  25% [84 submitted, 0 queued]
[2020-10-31 04:25:15 #1456 INFO] sample_ruptures  26% [84 submitted, 0 queued]
[2020-10-31 04:25:15 #1456 INFO] sample_ruptures  27% [84 submitted, 0 queued]
[2020-10-31 04:25:15 #1456 INFO] sample_ruptures  28% [84 submitted, 0 queued]
[2020-10-31 04:25:15 #1456 INFO] sample_ruptures  29% [84 submitted, 0 queued]
[2020-10-31 04:25:15 #1456 INFO] sample_ruptures  30% [84 submitted, 0 queued]
[2020-10-31 04:25:15 #1456 INFO] sample_ruptures  32% [84 submitted, 0 queued]
[2020-10-31 04:25:15 #1456 INFO] sample_ruptures  33% [84 submitted, 0 queued]
[2020-10-31 04:25:15 #1456 INFO] sample_ruptures  34% [84 submitted, 0 queued]
[2020-10-31 04:25:15 #1456 INFO] sample_ruptures  35% [84 submitted, 0 queued]
[2020-10-31 04:25:15 #1456 INFO] sample_ruptures  36% [84 submitted, 0 queued]
[2020-10-31 04:25:15 #1456 INFO] sample_ruptures  38% [84 submitted, 0 queued]
[2020-10-31 04:25:15 #1456 INFO] sample_ruptures  39% [84 submitted, 0 queued]
[2020-10-31 04:25:15 #1456 INFO] sample_ruptures  40% [84 submitted, 0 queued]
[2020-10-31 04:25:15 #1456 INFO] sample_ruptures  41% [84 submitted, 0 queued]
[2020-10-31 04:25:15 #1456 INFO] sample_ruptures  42% [84 submitted, 0 queued]
[2020-10-31 04:25:15 #1456 INFO] sample_ruptures  44% [84 submitted, 0 queued]
[2020-10-31 04:25:15 #1456 INFO] sample_ruptures  45% [84 submitted, 0 queued]
[2020-10-31 04:25:16 #1456 INFO] sample_ruptures  46% [84 submitted, 0 queued]
[2020-10-31 04:25:16 #1456 INFO] sample_ruptures  47% [84 submitted, 0 queued]
[2020-10-31 04:25:16 #1456 INFO] sample_ruptures  48% [84 submitted, 0 queued]
[2020-10-31 04:25:16 #1456 INFO] sample_ruptures  50% [84 submitted, 0 queued]
[2020-10-31 04:25:16 #1456 INFO] sample_ruptures  51% [84 submitted, 0 queued]
[2020-10-31 04:25:16 #1456 INFO] sample_ruptures  52% [84 submitted, 0 queued]
[2020-10-31 04:25:16 #1456 INFO] sample_ruptures  53% [84 submitted, 0 queued]
[2020-10-31 04:25:16 #1456 INFO] sample_ruptures  54% [84 submitted, 0 queued]
[2020-10-31 04:25:16 #1456 INFO] sample_ruptures  55% [84 submitted, 0 queued]
[2020-10-31 04:25:16 #1456 INFO] sample_ruptures  57% [84 submitted, 0 queued]
[2020-10-31 04:25:16 #1456 INFO] sample_ruptures  58% [84 submitted, 0 queued]
[2020-10-31 04:25:16 #1456 INFO] sample_ruptures  59% [84 submitted, 0 queued]
[2020-10-31 04:25:16 #1456 INFO] sample_ruptures  60% [84 submitted, 0 queued]
[2020-10-31 04:25:16 #1456 INFO] sample_ruptures  61% [84 submitted, 0 queued]
[2020-10-31 04:25:16 #1456 INFO] sample_ruptures  63% [84 submitted, 0 queued]
[2020-10-31 04:25:16 #1456 INFO] sample_ruptures  64% [84 submitted, 0 queued]
[2020-10-31 04:25:16 #1456 INFO] sample_ruptures  65% [84 submitted, 0 queued]
[2020-10-31 04:25:16 #1456 INFO] sample_ruptures  66% [84 submitted, 0 queued]
[2020-10-31 04:25:16 #1456 INFO] sample_ruptures  67% [84 submitted, 0 queued]
[2020-10-31 04:25:16 #1456 INFO] sample_ruptures  69% [84 submitted, 0 queued]
[2020-10-31 04:25:16 #1456 INFO] sample_ruptures  70% [84 submitted, 0 queued]
[2020-10-31 04:25:16 #1456 INFO] sample_ruptures  71% [84 submitted, 0 queued]
[2020-10-31 04:25:16 #1456 INFO] sample_ruptures  72% [84 submitted, 0 queued]
[2020-10-31 04:25:16 #1456 INFO] sample_ruptures  73% [84 submitted, 0 queued]
[2020-10-31 04:25:16 #1456 INFO] sample_ruptures  75% [84 submitted, 0 queued]
[2020-10-31 04:25:17 #1456 INFO] sample_ruptures  76% [84 submitted, 0 queued]
[2020-10-31 04:25:17 #1456 INFO] sample_ruptures  77% [84 submitted, 0 queued]
[2020-10-31 04:25:17 #1456 INFO] sample_ruptures  78% [84 submitted, 0 queued]
[2020-10-31 04:25:17 #1456 INFO] sample_ruptures  79% [84 submitted, 0 queued]
[2020-10-31 04:25:17 #1456 INFO] sample_ruptures  80% [84 submitted, 0 queued]
[2020-10-31 04:25:17 #1456 INFO] sample_ruptures  82% [84 submitted, 0 queued]
[2020-10-31 04:25:22 #1456 INFO] sample_ruptures  83% [84 submitted, 0 queued]
[2020-10-31 04:25:22 #1456 INFO] sample_ruptures  84% [84 submitted, 0 queued]
[2020-10-31 04:25:31 #1456 INFO] sample_ruptures  85% [84 submitted, 0 queued]
[2020-10-31 04:25:48 #1456 INFO] sample_ruptures  86% [84 submitted, 0 queued]
[2020-10-31 04:25:52 #1456 INFO] sample_ruptures  88% [84 submitted, 0 queued]
[2020-10-31 04:26:00 #1456 INFO] sample_ruptures  89% [84 submitted, 0 queued]
[2020-10-31 04:26:02 #1456 INFO] sample_ruptures  90% [84 submitted, 0 queued]
[2020-10-31 04:26:10 #1456 INFO] sample_ruptures  91% [84 submitted, 0 queued]
[2020-10-31 04:26:14 #1456 INFO] sample_ruptures  92% [84 submitted, 0 queued]
[2020-10-31 04:26:15 #1456 INFO] sample_ruptures  94% [84 submitted, 0 queued]
[2020-10-31 04:26:15 #1456 INFO] sample_ruptures  95% [84 submitted, 0 queued]
[2020-10-31 04:26:17 #1456 INFO] sample_ruptures  96% [84 submitted, 0 queued]
[2020-10-31 04:26:21 #1456 INFO] sample_ruptures  97% [84 submitted, 0 queued]
[2020-10-31 04:26:25 #1456 INFO] sample_ruptures  98% [84 submitted, 0 queued]
[2020-10-31 04:26:52 #1456 INFO] sample_ruptures 100% [84 submitted, 0 queued]
[2020-10-31 04:26:52 #1456 INFO] Received {'rup_array': '52.41 MB', 'calc_times': '18.75 KB', 'eff_ruptures': '3.34 KB'} in 100 seconds
[2020-10-31 04:26:52 #1456 INFO] There are 50 realization(s)
[2020-10-31 04:26:52 #1456 INFO] Reordering the ruptures and storing the events
[2020-10-31 04:26:53 #1456 INFO] Associating event_id -> rlz_id for 179_744 events and 162_673 ruptures
[2020-10-31 04:26:58 #1456 INFO] Sent 138 tasks, 17.66 MB in 4 seconds
[2020-10-31 04:26:59 #1456 INFO] Received {'tot': '1.75 MB'} in 1 seconds
[2020-10-31 04:27:01 #1456 INFO] Reading 162_673 ruptures
[2020-10-31 04:27:09 #1456 INFO] Sent 138 tasks, 55.77 MB in 8 seconds
[2020-10-31 04:27:10 #1456 INFO] compute_gmfs   1% [138 submitted, 0 queued]
[2020-10-31 04:27:10 #1456 INFO] compute_gmfs   2% [138 submitted, 0 queued]
[2020-10-31 04:27:12 #1456 INFO] compute_gmfs   3% [138 submitted, 0 queued]
[2020-10-31 04:27:13 #1456 INFO] compute_gmfs   4% [138 submitted, 0 queued]
[2020-10-31 04:27:29 #1456 INFO] compute_gmfs   5% [138 submitted, 0 queued]
[2020-10-31 04:27:36 #1456 INFO] compute_gmfs   6% [138 submitted, 0 queued]
[2020-10-31 04:27:37 #1456 INFO] compute_gmfs   7% [138 submitted, 0 queued]
[2020-10-31 04:27:38 #1456 INFO] compute_gmfs   8% [138 submitted, 0 queued]
[2020-10-31 04:28:43 #1456 INFO] compute_gmfs   9% [138 submitted, 0 queued]
[2020-10-31 04:28:45 #1456 INFO] compute_gmfs  10% [138 submitted, 0 queued]
[2020-10-31 04:29:03 #1456 INFO] compute_gmfs  11% [138 submitted, 0 queued]
[2020-10-31 04:29:04 #1456 INFO] compute_gmfs  12% [138 submitted, 0 queued]
[2020-10-31 04:29:04 #1456 INFO] compute_gmfs  13% [138 submitted, 0 queued]
[2020-10-31 04:29:21 #1456 INFO] compute_gmfs  14% [138 submitted, 0 queued]
[2020-10-31 04:29:22 #1456 INFO] compute_gmfs  15% [138 submitted, 0 queued]
[2020-10-31 04:29:27 #1456 INFO] compute_gmfs  16% [138 submitted, 0 queued]
[2020-10-31 04:29:28 #1456 INFO] compute_gmfs  17% [138 submitted, 0 queued]
[2020-10-31 04:29:33 #1456 INFO] compute_gmfs  18% [138 submitted, 0 queued]
[2020-10-31 04:29:36 #1456 INFO] compute_gmfs  19% [138 submitted, 0 queued]
[2020-10-31 04:29:39 #1456 INFO] compute_gmfs  20% [138 submitted, 0 queued]
[2020-10-31 04:29:40 #1456 INFO] compute_gmfs  21% [138 submitted, 0 queued]
[2020-10-31 04:29:52 #1456 INFO] compute_gmfs  22% [138 submitted, 0 queued]
[2020-10-31 04:29:58 #1456 INFO] compute_gmfs  23% [138 submitted, 0 queued]
[2020-10-31 04:30:06 #1456 INFO] compute_gmfs  24% [138 submitted, 0 queued]
[2020-10-31 04:30:06 #1456 INFO] compute_gmfs  25% [138 submitted, 0 queued]
[2020-10-31 04:30:11 #1456 INFO] compute_gmfs  26% [138 submitted, 0 queued]
[2020-10-31 04:30:22 #1456 INFO] compute_gmfs  27% [138 submitted, 0 queued]
[2020-10-31 04:30:39 #1456 INFO] compute_gmfs  28% [138 submitted, 0 queued]
[2020-10-31 04:30:53 #1456 INFO] compute_gmfs  29% [138 submitted, 0 queued]
[2020-10-31 04:30:54 #1456 INFO] compute_gmfs  30% [138 submitted, 0 queued]
[2020-10-31 04:31:04 #1456 INFO] compute_gmfs  31% [138 submitted, 0 queued]
[2020-10-31 04:31:17 #1456 INFO] compute_gmfs  32% [138 submitted, 0 queued]
[2020-10-31 04:31:19 #1456 INFO] compute_gmfs  33% [138 submitted, 0 queued]
[2020-10-31 04:31:20 #1456 INFO] compute_gmfs  34% [138 submitted, 0 queued]
[2020-10-31 04:31:42 #1456 INFO] compute_gmfs  35% [138 submitted, 0 queued]
[2020-10-31 04:31:46 #1456 INFO] compute_gmfs  36% [138 submitted, 0 queued]
[2020-10-31 04:31:47 #1456 INFO] compute_gmfs  37% [138 submitted, 0 queued]
[2020-10-31 04:31:52 #1456 INFO] compute_gmfs  38% [138 submitted, 0 queued]
[2020-10-31 04:31:53 #1456 INFO] compute_gmfs  39% [138 submitted, 0 queued]
[2020-10-31 04:31:57 #1456 INFO] compute_gmfs  40% [138 submitted, 0 queued]
[2020-10-31 04:31:58 #1456 INFO] compute_gmfs  41% [138 submitted, 0 queued]
[2020-10-31 04:31:59 #1456 INFO] compute_gmfs  42% [138 submitted, 0 queued]
[2020-10-31 04:32:06 #1456 INFO] compute_gmfs  43% [138 submitted, 0 queued]
[2020-10-31 04:32:12 #1456 INFO] compute_gmfs  44% [138 submitted, 0 queued]
[2020-10-31 04:32:28 #1456 INFO] compute_gmfs  45% [138 submitted, 0 queued]
[2020-10-31 04:32:28 #1456 INFO] compute_gmfs  46% [138 submitted, 0 queued]
[2020-10-31 04:32:30 #1456 INFO] compute_gmfs  47% [138 submitted, 0 queued]
[2020-10-31 04:32:39 #1456 INFO] compute_gmfs  48% [138 submitted, 0 queued]
[2020-10-31 04:32:43 #1456 INFO] compute_gmfs  49% [138 submitted, 0 queued]
[2020-10-31 04:32:45 #1456 INFO] compute_gmfs  50% [138 submitted, 0 queued]
[2020-10-31 04:32:46 #1456 INFO] compute_gmfs  51% [138 submitted, 0 queued]
[2020-10-31 04:32:47 #1456 INFO] compute_gmfs  52% [138 submitted, 0 queued]
[2020-10-31 04:32:57 #1456 INFO] compute_gmfs  53% [138 submitted, 0 queued]
[2020-10-31 04:32:58 #1456 INFO] compute_gmfs  54% [138 submitted, 0 queued]
[2020-10-31 04:33:03 #1456 INFO] compute_gmfs  55% [138 submitted, 0 queued]
[2020-10-31 04:33:05 #1456 INFO] compute_gmfs  56% [138 submitted, 0 queued]
[2020-10-31 04:33:10 #1456 INFO] compute_gmfs  57% [138 submitted, 0 queued]
[2020-10-31 04:33:12 #1456 INFO] compute_gmfs  58% [138 submitted, 0 queued]
[2020-10-31 04:33:13 #1456 INFO] compute_gmfs  59% [138 submitted, 0 queued]
[2020-10-31 04:33:18 #1456 INFO] compute_gmfs  60% [138 submitted, 0 queued]
[2020-10-31 04:33:19 #1456 INFO] compute_gmfs  61% [138 submitted, 0 queued]
[2020-10-31 04:33:19 #1456 INFO] compute_gmfs  62% [138 submitted, 0 queued]
[2020-10-31 04:33:22 #1456 INFO] compute_gmfs  63% [138 submitted, 0 queued]
[2020-10-31 04:33:28 #1456 INFO] compute_gmfs  64% [138 submitted, 0 queued]
[2020-10-31 04:33:30 #1456 INFO] compute_gmfs  65% [138 submitted, 0 queued]
[2020-10-31 04:33:35 #1456 INFO] compute_gmfs  66% [138 submitted, 0 queued]
[2020-10-31 04:33:36 #1456 INFO] compute_gmfs  67% [138 submitted, 0 queued]
[2020-10-31 04:33:38 #1456 INFO] compute_gmfs  68% [138 submitted, 0 queued]
[2020-10-31 04:33:41 #1456 INFO] compute_gmfs  69% [138 submitted, 0 queued]
[2020-10-31 04:33:42 #1456 INFO] compute_gmfs  70% [138 submitted, 0 queued]
[2020-10-31 04:33:48 #1456 INFO] compute_gmfs  71% [138 submitted, 0 queued]
[2020-10-31 04:33:53 #1456 INFO] compute_gmfs  72% [138 submitted, 0 queued]
[2020-10-31 04:33:55 #1456 INFO] compute_gmfs  73% [138 submitted, 0 queued]
[2020-10-31 04:33:57 #1456 INFO] compute_gmfs  74% [138 submitted, 0 queued]
[2020-10-31 04:33:58 #1456 INFO] compute_gmfs  75% [138 submitted, 0 queued]
[2020-10-31 04:34:02 #1456 INFO] compute_gmfs  76% [138 submitted, 0 queued]
[2020-10-31 04:34:10 #1456 INFO] compute_gmfs  77% [138 submitted, 0 queued]
[2020-10-31 04:34:13 #1456 INFO] compute_gmfs  78% [138 submitted, 0 queued]
[2020-10-31 04:34:18 #1456 INFO] compute_gmfs  79% [138 submitted, 0 queued]
[2020-10-31 04:34:20 #1456 INFO] compute_gmfs  80% [138 submitted, 0 queued]
[2020-10-31 04:34:20 #1456 INFO] compute_gmfs  81% [138 submitted, 0 queued]
[2020-10-31 04:34:25 #1456 INFO] compute_gmfs  82% [138 submitted, 0 queued]
[2020-10-31 04:34:26 #1456 INFO] compute_gmfs  83% [138 submitted, 0 queued]
[2020-10-31 04:34:31 #1456 INFO] compute_gmfs  84% [138 submitted, 0 queued]
[2020-10-31 04:34:32 #1456 INFO] compute_gmfs  85% [138 submitted, 0 queued]
[2020-10-31 04:34:33 #1456 INFO] compute_gmfs  86% [138 submitted, 0 queued]
[2020-10-31 04:34:45 #1456 INFO] compute_gmfs  87% [138 submitted, 0 queued]
[2020-10-31 04:34:45 #1456 INFO] compute_gmfs  88% [138 submitted, 0 queued]
[2020-10-31 04:34:46 #1456 INFO] compute_gmfs  89% [138 submitted, 0 queued]
[2020-10-31 04:34:53 #1456 INFO] compute_gmfs  90% [138 submitted, 0 queued]
[2020-10-31 04:34:53 #1456 INFO] compute_gmfs  91% [138 submitted, 0 queued]
[2020-10-31 04:34:58 #1456 INFO] compute_gmfs  92% [138 submitted, 0 queued]
[2020-10-31 04:35:00 #1456 INFO] compute_gmfs  93% [138 submitted, 0 queued]
[2020-10-31 04:35:01 #1456 INFO] compute_gmfs  94% [138 submitted, 0 queued]
[2020-10-31 04:35:07 #1456 INFO] compute_gmfs  95% [138 submitted, 0 queued]
[2020-10-31 04:35:08 #1456 INFO] compute_gmfs  96% [138 submitted, 0 queued]
[2020-10-31 04:35:09 #1456 INFO] compute_gmfs  97% [138 submitted, 0 queued]
[2020-10-31 04:35:28 #1456 INFO] compute_gmfs  98% [138 submitted, 0 queued]
[2020-10-31 04:35:45 #1456 INFO] compute_gmfs  99% [138 submitted, 0 queued]
[2020-10-31 04:36:01 #1456 INFO] compute_gmfs 100% [138 submitted, 0 queued]
[2020-10-31 04:36:02 #1456 INFO] Received {'gmfdata': '411.23 MB', 'times': '1.86 MB', 'sig_eps': '1.23 MB', 'hcurves': '1.8 KB'} in 532 seconds
[2020-10-31 04:36:02 #1456 INFO] Stored 41034 relevant event IDs
[2020-10-31 04:36:02 #1456 INFO] Building risk inputs from 50 realization(s)
[2020-10-31 04:36:09 #1456 INFO] Grouped the GMFs by site ID
[2020-10-31 04:36:18 #1456 INFO] Built 9985 risk inputs
[2020-10-31 04:36:24 #1456 INFO] Sent 134 tasks, 465.09 MB in 5 seconds
[2020-10-31 04:37:06 #1456 INFO] scenario_damage   1% [134 submitted, 0 queued]
[2020-10-31 04:37:19 #1456 INFO] scenario_damage   2% [134 submitted, 0 queued]
[2020-10-31 04:37:25 #1456 INFO] scenario_damage   3% [134 submitted, 0 queued]
[2020-10-31 04:37:29 #1456 INFO] scenario_damage   4% [134 submitted, 0 queued]
[2020-10-31 04:37:31 #1456 INFO] scenario_damage   5% [134 submitted, 0 queued]
[2020-10-31 04:37:39 #1456 INFO] scenario_damage   6% [134 submitted, 0 queued]
[2020-10-31 04:37:40 #1456 INFO] scenario_damage   7% [134 submitted, 0 queued]
[2020-10-31 04:37:48 #1456 INFO] scenario_damage   8% [134 submitted, 0 queued]
[2020-10-31 04:37:50 #1456 INFO] scenario_damage   9% [134 submitted, 0 queued]
[2020-10-31 04:37:52 #1456 INFO] scenario_damage  10% [134 submitted, 0 queued]
[2020-10-31 04:37:56 #1456 INFO] scenario_damage  11% [134 submitted, 0 queued]
[2020-10-31 04:37:59 #1456 INFO] scenario_damage  12% [134 submitted, 0 queued]
[2020-10-31 04:37:59 #1456 INFO] scenario_damage  13% [134 submitted, 0 queued]
[2020-10-31 04:38:01 #1456 INFO] scenario_damage  14% [134 submitted, 0 queued]
[2020-10-31 04:38:02 #1456 INFO] scenario_damage  15% [134 submitted, 0 queued]
[2020-10-31 04:38:04 #1456 INFO] scenario_damage  16% [134 submitted, 0 queued]
[2020-10-31 04:38:04 #1456 INFO] scenario_damage  17% [134 submitted, 0 queued]
[2020-10-31 04:38:05 #1456 INFO] scenario_damage  18% [134 submitted, 0 queued]
[2020-10-31 04:38:06 #1456 INFO] scenario_damage  19% [134 submitted, 0 queued]
[2020-10-31 04:38:06 #1456 INFO] scenario_damage  20% [134 submitted, 0 queued]
[2020-10-31 04:38:09 #1456 INFO] scenario_damage  21% [134 submitted, 0 queued]
[2020-10-31 04:38:10 #1456 INFO] scenario_damage  22% [134 submitted, 0 queued]
[2020-10-31 04:38:14 #1456 INFO] scenario_damage  23% [134 submitted, 0 queued]
[2020-10-31 04:38:14 #1456 INFO] scenario_damage  24% [134 submitted, 0 queued]
[2020-10-31 04:38:15 #1456 INFO] scenario_damage  25% [134 submitted, 0 queued]
[2020-10-31 04:38:15 #1456 INFO] scenario_damage  26% [134 submitted, 0 queued]
[2020-10-31 04:38:15 #1456 INFO] scenario_damage  27% [134 submitted, 0 queued]
[2020-10-31 04:38:15 #1456 INFO] scenario_damage  28% [134 submitted, 0 queued]
[2020-10-31 04:38:18 #1456 INFO] scenario_damage  29% [134 submitted, 0 queued]
[2020-10-31 04:38:19 #1456 INFO] scenario_damage  30% [134 submitted, 0 queued]
[2020-10-31 04:38:19 #1456 INFO] scenario_damage  31% [134 submitted, 0 queued]
[2020-10-31 04:38:19 #1456 INFO] scenario_damage  32% [134 submitted, 0 queued]
[2020-10-31 04:38:19 #1456 INFO] scenario_damage  33% [134 submitted, 0 queued]
[2020-10-31 04:38:19 #1456 INFO] scenario_damage  34% [134 submitted, 0 queued]
[2020-10-31 04:38:19 #1456 INFO] scenario_damage  35% [134 submitted, 0 queued]
[2020-10-31 04:38:24 #1456 INFO] scenario_damage  36% [134 submitted, 0 queued]
[2020-10-31 04:38:25 #1456 INFO] scenario_damage  37% [134 submitted, 0 queued]
[2020-10-31 04:38:25 #1456 INFO] scenario_damage  38% [134 submitted, 0 queued]
[2020-10-31 04:38:26 #1456 INFO] scenario_damage  39% [134 submitted, 0 queued]
[2020-10-31 04:38:27 #1456 INFO] scenario_damage  40% [134 submitted, 0 queued]
[2020-10-31 04:38:27 #1456 INFO] scenario_damage  41% [134 submitted, 0 queued]
[2020-10-31 04:38:31 #1456 INFO] scenario_damage  42% [134 submitted, 0 queued]
[2020-10-31 04:38:32 #1456 INFO] scenario_damage  43% [134 submitted, 0 queued]
[2020-10-31 04:38:33 #1456 INFO] scenario_damage  44% [134 submitted, 0 queued]
[2020-10-31 04:38:41 #1456 INFO] scenario_damage  45% [134 submitted, 0 queued]
[2020-10-31 04:38:43 #1456 INFO] scenario_damage  46% [134 submitted, 0 queued]
[2020-10-31 04:38:45 #1456 INFO] scenario_damage  47% [134 submitted, 0 queued]
[2020-10-31 04:39:08 #1456 INFO] scenario_damage  48% [134 submitted, 0 queued]
[2020-10-31 04:39:21 #1456 INFO] scenario_damage  49% [134 submitted, 0 queued]
[2020-10-31 04:39:25 #1456 INFO] scenario_damage  50% [134 submitted, 0 queued]
[2020-10-31 04:39:29 #1456 INFO] scenario_damage  51% [134 submitted, 0 queued]
[2020-10-31 04:39:32 #1456 INFO] scenario_damage  52% [134 submitted, 0 queued]
[2020-10-31 04:39:38 #1456 INFO] scenario_damage  53% [134 submitted, 0 queued]
[2020-10-31 04:39:39 #1456 INFO] scenario_damage  54% [134 submitted, 0 queued]
[2020-10-31 04:39:48 #1456 INFO] scenario_damage  55% [134 submitted, 0 queued]
[2020-10-31 04:39:52 #1456 INFO] scenario_damage  56% [134 submitted, 0 queued]
[2020-10-31 04:39:53 #1456 INFO] scenario_damage  57% [134 submitted, 0 queued]
[2020-10-31 04:39:53 #1456 INFO] scenario_damage  58% [134 submitted, 0 queued]
[2020-10-31 04:39:55 #1456 INFO] scenario_damage  59% [134 submitted, 0 queued]
[2020-10-31 04:39:55 #1456 INFO] scenario_damage  60% [134 submitted, 0 queued]
[2020-10-31 04:40:00 #1456 INFO] scenario_damage  61% [134 submitted, 0 queued]
[2020-10-31 04:40:04 #1456 INFO] scenario_damage  62% [134 submitted, 0 queued]
[2020-10-31 04:40:04 #1456 INFO] scenario_damage  63% [134 submitted, 0 queued]
[2020-10-31 04:40:04 #1456 INFO] scenario_damage  64% [134 submitted, 0 queued]
[2020-10-31 04:40:09 #1456 INFO] scenario_damage  65% [134 submitted, 0 queued]
[2020-10-31 04:40:11 #1456 INFO] scenario_damage  66% [134 submitted, 0 queued]
[2020-10-31 04:40:12 #1456 INFO] scenario_damage  67% [134 submitted, 0 queued]
[2020-10-31 04:40:18 #1456 INFO] scenario_damage  68% [134 submitted, 0 queued]
[2020-10-31 04:40:19 #1456 INFO] scenario_damage  69% [134 submitted, 0 queued]
[2020-10-31 04:40:20 #1456 INFO] scenario_damage  70% [134 submitted, 0 queued]
[2020-10-31 04:40:20 #1456 INFO] scenario_damage  71% [134 submitted, 0 queued]
[2020-10-31 04:40:23 #1456 INFO] scenario_damage  72% [134 submitted, 0 queued]
[2020-10-31 04:40:24 #1456 INFO] scenario_damage  73% [134 submitted, 0 queued]
[2020-10-31 04:40:26 #1456 INFO] scenario_damage  74% [134 submitted, 0 queued]
[2020-10-31 04:40:27 #1456 INFO] scenario_damage  75% [134 submitted, 0 queued]
[2020-10-31 04:40:27 #1456 INFO] scenario_damage  76% [134 submitted, 0 queued]
[2020-10-31 04:40:30 #1456 INFO] scenario_damage  77% [134 submitted, 0 queued]
[2020-10-31 04:40:32 #1456 INFO] scenario_damage  78% [134 submitted, 0 queued]
[2020-10-31 04:40:32 #1456 INFO] scenario_damage  79% [134 submitted, 0 queued]
[2020-10-31 04:40:33 #1456 INFO] scenario_damage  80% [134 submitted, 0 queued]
[2020-10-31 04:40:33 #1456 INFO] scenario_damage  81% [134 submitted, 0 queued]
[2020-10-31 04:40:33 #1456 INFO] scenario_damage  82% [134 submitted, 0 queued]
[2020-10-31 04:40:35 #1456 INFO] scenario_damage  83% [134 submitted, 0 queued]
[2020-10-31 04:40:35 #1456 INFO] scenario_damage  84% [134 submitted, 0 queued]
[2020-10-31 04:40:37 #1456 INFO] scenario_damage  85% [134 submitted, 0 queued]
[2020-10-31 04:40:40 #1456 INFO] scenario_damage  86% [134 submitted, 0 queued]
[2020-10-31 04:40:42 #1456 INFO] scenario_damage  87% [134 submitted, 0 queued]
[2020-10-31 04:40:42 #1456 INFO] scenario_damage  88% [134 submitted, 0 queued]
[2020-10-31 04:40:43 #1456 INFO] scenario_damage  89% [134 submitted, 0 queued]
[2020-10-31 04:40:48 #1456 INFO] scenario_damage  90% [134 submitted, 0 queued]
[2020-10-31 04:40:49 #1456 INFO] scenario_damage  91% [134 submitted, 0 queued]
[2020-10-31 04:40:51 #1456 INFO] scenario_damage  92% [134 submitted, 0 queued]
[2020-10-31 04:40:51 #1456 INFO] scenario_damage  93% [134 submitted, 0 queued]
[2020-10-31 04:40:56 #1456 INFO] scenario_damage  94% [134 submitted, 0 queued]
[2020-10-31 04:41:01 #1456 INFO] scenario_damage  95% [134 submitted, 0 queued]
[2020-10-31 04:41:08 #1456 INFO] scenario_damage  96% [134 submitted, 0 queued]
[2020-10-31 04:41:14 #1456 INFO] scenario_damage  97% [134 submitted, 0 queued]
[2020-10-31 04:41:27 #1456 INFO] scenario_damage  98% [134 submitted, 0 queued]
[2020-10-31 04:41:33 #1456 INFO] scenario_damage  99% [134 submitted, 0 queued]
[2020-10-31 04:41:36 #1456 INFO] scenario_damage 100% [134 submitted, 0 queued]
[2020-10-31 04:41:36 #1456 INFO] Received {'aed': '307.91 MB', 'd_asset': '251.46 MB', 'd_event': '76.23 MB'} in 311 seconds
[2020-10-31 04:41:42 #1456 INFO] Due to numeric errors the total number of assets is imprecise: {'expected': 131761.0, 'structural': 9448.898}
[2020-10-31 04:41:44 #1456 INFO] Exposing the outputs to the database
[2020-10-31 04:41:44 #1456 INFO] Stored 518.41 MB on /mnt/data/murray.journeay/oqdata/calc_1456.hdf5 in 1106 seconds
  id | name
8002 | Aggregate Event Damages
8000 | Average Asset Damages
8001 | Average Asset Damages Statistics
8008 | Earthquake Ruptures
8003 | Events
8004 | Full Report
8005 | Ground Motion Fields
8006 | Input Files
8007 | Realizations
