[2020-10-31 03:38:33 #1454 INFO] murray.journeay running /mnt/data/shared/canada-2020/canada-srm2/eDamage/input/eDamage_r2_SK4710-30.ini [--hc=None]
[2020-10-31 03:38:33 #1454 INFO] Using engine version 3.11.0-git4f03c56
[2020-10-31 03:38:34 #1454 WARNING] Using 64 cores on gem-compute
[2020-10-31 03:38:34 #1454 INFO] Validated nationalModel.xml in 0.01 seconds
[2020-10-31 03:38:34 #1454 INFO] Checksum of the input files: 2528730147
[2020-10-31 03:38:34 #1454 INFO] Reading the risk model if present
[2020-10-31 03:38:38 #1454 INFO] Reading /mnt/data/shared/canada-2020/model-inputs/exposure/general-building-stock/oqBldgExp_SK4710-30.xml
[2020-10-31 03:38:45 #1454 INFO] Extracting the hazard sites from the site model
[2020-10-31 03:38:48 #1454 INFO] Associated 72811 assets to 13300 sites
[2020-10-31 03:38:51 #1454 INFO] Reducing risk model from 4224 to 514 taxonomies
[2020-10-31 03:38:53 #1454 INFO] Considering 50 logic tree paths out of 24_576
[2020-10-31 03:38:53 #1454 INFO] 6 effective smlt realization(s)
[2020-10-31 03:38:53 #1454 INFO] Reading the source model(s) in parallel
[2020-10-31 03:38:55 #1454 INFO] read_source_model  16% [6 submitted, 0 queued]
[2020-10-31 03:38:55 #1454 INFO] read_source_model  33% [6 submitted, 0 queued]
[2020-10-31 03:38:55 #1454 INFO] read_source_model  50% [6 submitted, 0 queued]
[2020-10-31 03:38:55 #1454 INFO] read_source_model  66% [6 submitted, 0 queued]
[2020-10-31 03:38:56 #1454 INFO] read_source_model  83% [6 submitted, 0 queued]
[2020-10-31 03:38:56 #1454 INFO] read_source_model 100% [6 submitted, 0 queued]
[2020-10-31 03:38:56 #1454 INFO] Received {'/mnt/data/shared/canada-2020/CanadaSHM6/OpenQuake_model_files/sources/nationalModel/xml/simplifiedModel/WCan_HYeast_Harctic_simplified_collapsedRates.xml': '141.06 KB', '/mnt/data/shared/canada-2020/CanadaSHM6/OpenQuake_model_files/sources/nationalModel/xml/simplifiedModel/WCan_H2east_Harctic_simplified_collapsedRates.xml': '135.23 KB', '/mnt/data/shared/canada-2020/CanadaSHM6/OpenQuake_model_files/sources/nationalModel/xml/simplifiedModel/WCan_HYeast_Rarctic_simplified_collapsedRates.xml': '134.61 KB', '/mnt/data/shared/canada-2020/CanadaSHM6/OpenQuake_model_files/sources/nationalModel/xml/simplifiedModel/WCan_H2east_Rarctic_simplified_collapsedRates.xml': '128.78 KB', '/mnt/data/shared/canada-2020/CanadaSHM6/OpenQuake_model_files/sources/nationalModel/xml/simplifiedModel/WCan_R2east_Harctic_simplified_collapsedRates.xml': '119.91 KB', '/mnt/data/shared/canada-2020/CanadaSHM6/OpenQuake_model_files/sources/nationalModel/xml/simplifiedModel/WCan_R2east_Rarctic_simplified_collapsedRates.xml': '113.68 KB'} in 1 seconds
[2020-10-31 03:38:56 #1454 WARNING] There are multiple different sources with the same ID [<AreaSource SCCCT>, <AreaSource SCCCT>, <AreaSource SCCCT>, <AreaSource SCCCT>, <AreaSource SCCCT>, <AreaSource SCCCT>]
[2020-10-31 03:40:27 #1454 INFO] There are 195 sources
[2020-10-31 03:40:27 #1454 INFO] Checking the sources bounding box
[2020-10-31 03:40:28 #1454 ERROR] source ACM: The buffer of 600 km is too large, the bounding box is larger than half the globe: 219 degrees
[2020-10-31 03:40:28 #1454 INFO] Rupture floating factor = 1.6265060240963856
[2020-10-31 03:40:28 #1454 INFO] Rupture spinning factor = 3.2710843373493974
[2020-10-31 03:40:28 #1454 INFO] gzipping the input files
[2020-10-31 03:40:29 #1454 INFO] Storing risk model
[2020-10-31 03:40:30 #1454 INFO] minimum_intensity={'SA(0.3)': 0.1, 'SA(0.6)': 0.05, 'SA(1.0)': 0.05, 'SA(2.0)': 0.05}
[2020-10-31 03:40:30 #1454 INFO] Building ruptures
[2020-10-31 03:40:31 #1454 INFO] Sending <SourceGroup Subduction IntraSlab30, 1 source(s)>
[2020-10-31 03:40:31 #1454 INFO] Sending <SourceGroup Subduction IntraSlab55, 4 source(s)>
[2020-10-31 03:40:31 #1454 INFO] Sending <SourceGroup Subduction Interface, 13 source(s)>
[2020-10-31 03:40:31 #1454 INFO] Sending <SourceGroup Stable Shallow Crust, 120 source(s)>
[2020-10-31 03:40:31 #1454 INFO] Sending <SourceGroup Active Shallow Crust, 59 source(s)>
[2020-10-31 03:40:32 #1454 INFO] Sent 64 tasks, 100.27 MB in 0 seconds
[2020-10-31 03:40:33 #1454 INFO] sample_ruptures   1% [65 submitted, 19 queued]
[2020-10-31 03:40:33 #1454 INFO] sample_ruptures   2% [66 submitted, 18 queued]
[2020-10-31 03:40:33 #1454 INFO] sample_ruptures   3% [67 submitted, 17 queued]
[2020-10-31 03:40:34 #1454 INFO] sample_ruptures   4% [68 submitted, 16 queued]
[2020-10-31 03:40:34 #1454 INFO] sample_ruptures   5% [69 submitted, 15 queued]
[2020-10-31 03:40:34 #1454 INFO] sample_ruptures   7% [70 submitted, 14 queued]
[2020-10-31 03:40:34 #1454 INFO] sample_ruptures   8% [71 submitted, 13 queued]
[2020-10-31 03:40:34 #1454 INFO] sample_ruptures   9% [72 submitted, 12 queued]
[2020-10-31 03:40:34 #1454 INFO] sample_ruptures  10% [73 submitted, 11 queued]
[2020-10-31 03:40:34 #1454 INFO] sample_ruptures  11% [74 submitted, 10 queued]
[2020-10-31 03:40:34 #1454 INFO] sample_ruptures  13% [75 submitted, 9 queued]
[2020-10-31 03:40:34 #1454 INFO] sample_ruptures  14% [76 submitted, 8 queued]
[2020-10-31 03:40:34 #1454 INFO] sample_ruptures  15% [77 submitted, 7 queued]
[2020-10-31 03:40:34 #1454 INFO] sample_ruptures  16% [78 submitted, 6 queued]
[2020-10-31 03:40:34 #1454 INFO] sample_ruptures  17% [79 submitted, 5 queued]
[2020-10-31 03:40:34 #1454 INFO] sample_ruptures  19% [80 submitted, 4 queued]
[2020-10-31 03:40:34 #1454 INFO] sample_ruptures  20% [81 submitted, 3 queued]
[2020-10-31 03:40:34 #1454 INFO] sample_ruptures  21% [82 submitted, 2 queued]
[2020-10-31 03:40:34 #1454 INFO] sample_ruptures  22% [83 submitted, 1 queued]
[2020-10-31 03:40:34 #1454 INFO] sample_ruptures  23% [84 submitted, 0 queued]
[2020-10-31 03:40:35 #1454 INFO] sample_ruptures  25% [84 submitted, 0 queued]
[2020-10-31 03:40:35 #1454 INFO] sample_ruptures  26% [84 submitted, 0 queued]
[2020-10-31 03:40:35 #1454 INFO] sample_ruptures  27% [84 submitted, 0 queued]
[2020-10-31 03:40:35 #1454 INFO] sample_ruptures  28% [84 submitted, 0 queued]
[2020-10-31 03:40:35 #1454 INFO] sample_ruptures  29% [84 submitted, 0 queued]
[2020-10-31 03:40:35 #1454 INFO] sample_ruptures  30% [84 submitted, 0 queued]
[2020-10-31 03:40:35 #1454 INFO] sample_ruptures  32% [84 submitted, 0 queued]
[2020-10-31 03:40:35 #1454 INFO] sample_ruptures  33% [84 submitted, 0 queued]
[2020-10-31 03:40:35 #1454 INFO] sample_ruptures  34% [84 submitted, 0 queued]
[2020-10-31 03:40:35 #1454 INFO] sample_ruptures  35% [84 submitted, 0 queued]
[2020-10-31 03:40:35 #1454 INFO] sample_ruptures  36% [84 submitted, 0 queued]
[2020-10-31 03:40:35 #1454 INFO] sample_ruptures  38% [84 submitted, 0 queued]
[2020-10-31 03:40:35 #1454 INFO] sample_ruptures  39% [84 submitted, 0 queued]
[2020-10-31 03:40:35 #1454 INFO] sample_ruptures  40% [84 submitted, 0 queued]
[2020-10-31 03:40:35 #1454 INFO] sample_ruptures  41% [84 submitted, 0 queued]
[2020-10-31 03:40:35 #1454 INFO] sample_ruptures  42% [84 submitted, 0 queued]
[2020-10-31 03:40:35 #1454 INFO] sample_ruptures  44% [84 submitted, 0 queued]
[2020-10-31 03:40:35 #1454 INFO] sample_ruptures  45% [84 submitted, 0 queued]
[2020-10-31 03:40:35 #1454 INFO] sample_ruptures  46% [84 submitted, 0 queued]
[2020-10-31 03:40:35 #1454 INFO] sample_ruptures  47% [84 submitted, 0 queued]
[2020-10-31 03:40:35 #1454 INFO] sample_ruptures  48% [84 submitted, 0 queued]
[2020-10-31 03:40:35 #1454 INFO] sample_ruptures  50% [84 submitted, 0 queued]
[2020-10-31 03:40:35 #1454 INFO] sample_ruptures  51% [84 submitted, 0 queued]
[2020-10-31 03:40:35 #1454 INFO] sample_ruptures  52% [84 submitted, 0 queued]
[2020-10-31 03:40:36 #1454 INFO] sample_ruptures  53% [84 submitted, 0 queued]
[2020-10-31 03:40:36 #1454 INFO] sample_ruptures  54% [84 submitted, 0 queued]
[2020-10-31 03:40:36 #1454 INFO] sample_ruptures  55% [84 submitted, 0 queued]
[2020-10-31 03:40:36 #1454 INFO] sample_ruptures  57% [84 submitted, 0 queued]
[2020-10-31 03:40:36 #1454 INFO] sample_ruptures  58% [84 submitted, 0 queued]
[2020-10-31 03:40:36 #1454 INFO] sample_ruptures  59% [84 submitted, 0 queued]
[2020-10-31 03:40:36 #1454 INFO] sample_ruptures  60% [84 submitted, 0 queued]
[2020-10-31 03:40:36 #1454 INFO] sample_ruptures  61% [84 submitted, 0 queued]
[2020-10-31 03:40:36 #1454 INFO] sample_ruptures  63% [84 submitted, 0 queued]
[2020-10-31 03:40:36 #1454 INFO] sample_ruptures  64% [84 submitted, 0 queued]
[2020-10-31 03:40:36 #1454 INFO] sample_ruptures  65% [84 submitted, 0 queued]
[2020-10-31 03:40:36 #1454 INFO] sample_ruptures  66% [84 submitted, 0 queued]
[2020-10-31 03:40:36 #1454 INFO] sample_ruptures  67% [84 submitted, 0 queued]
[2020-10-31 03:40:36 #1454 INFO] sample_ruptures  69% [84 submitted, 0 queued]
[2020-10-31 03:40:36 #1454 INFO] sample_ruptures  70% [84 submitted, 0 queued]
[2020-10-31 03:40:36 #1454 INFO] sample_ruptures  71% [84 submitted, 0 queued]
[2020-10-31 03:40:36 #1454 INFO] sample_ruptures  72% [84 submitted, 0 queued]
[2020-10-31 03:40:36 #1454 INFO] sample_ruptures  73% [84 submitted, 0 queued]
[2020-10-31 03:40:36 #1454 INFO] sample_ruptures  75% [84 submitted, 0 queued]
[2020-10-31 03:40:36 #1454 INFO] sample_ruptures  76% [84 submitted, 0 queued]
[2020-10-31 03:40:36 #1454 INFO] sample_ruptures  77% [84 submitted, 0 queued]
[2020-10-31 03:40:36 #1454 INFO] sample_ruptures  78% [84 submitted, 0 queued]
[2020-10-31 03:40:36 #1454 INFO] sample_ruptures  79% [84 submitted, 0 queued]
[2020-10-31 03:40:36 #1454 INFO] sample_ruptures  80% [84 submitted, 0 queued]
[2020-10-31 03:40:36 #1454 INFO] sample_ruptures  82% [84 submitted, 0 queued]
[2020-10-31 03:40:37 #1454 INFO] sample_ruptures  83% [84 submitted, 0 queued]
[2020-10-31 03:40:37 #1454 INFO] sample_ruptures  84% [84 submitted, 0 queued]
[2020-10-31 03:40:42 #1454 INFO] sample_ruptures  85% [84 submitted, 0 queued]
[2020-10-31 03:41:07 #1454 INFO] sample_ruptures  86% [84 submitted, 0 queued]
[2020-10-31 03:41:11 #1454 INFO] sample_ruptures  88% [84 submitted, 0 queued]
[2020-10-31 03:41:18 #1454 INFO] sample_ruptures  89% [84 submitted, 0 queued]
[2020-10-31 03:41:19 #1454 INFO] sample_ruptures  90% [84 submitted, 0 queued]
[2020-10-31 03:41:32 #1454 INFO] sample_ruptures  91% [84 submitted, 0 queued]
[2020-10-31 03:41:36 #1454 INFO] sample_ruptures  92% [84 submitted, 0 queued]
[2020-10-31 03:41:36 #1454 INFO] sample_ruptures  94% [84 submitted, 0 queued]
[2020-10-31 03:41:38 #1454 INFO] sample_ruptures  95% [84 submitted, 0 queued]
[2020-10-31 03:41:43 #1454 INFO] sample_ruptures  96% [84 submitted, 0 queued]
[2020-10-31 03:41:43 #1454 INFO] sample_ruptures  97% [84 submitted, 0 queued]
[2020-10-31 03:41:46 #1454 INFO] sample_ruptures  98% [84 submitted, 0 queued]
[2020-10-31 03:42:10 #1454 INFO] sample_ruptures 100% [84 submitted, 0 queued]
[2020-10-31 03:42:10 #1454 INFO] Received {'rup_array': '65.1 MB', 'calc_times': '18.59 KB', 'eff_ruptures': '3.32 KB'} in 98 seconds
[2020-10-31 03:42:10 #1454 INFO] There are 50 realization(s)
[2020-10-31 03:42:10 #1454 INFO] Reordering the ruptures and storing the events
[2020-10-31 03:42:10 #1454 INFO] Associating event_id -> rlz_id for 334_419 events and 230_904 ruptures
[2020-10-31 03:42:17 #1454 INFO] Sent 140 tasks, 25.01 MB in 6 seconds
[2020-10-31 03:42:19 #1454 INFO] Received {'tot': '3.23 MB'} in 1 seconds
[2020-10-31 03:42:21 #1454 INFO] Reading 230_904 ruptures
[2020-10-31 03:42:33 #1454 INFO] Sent 140 tasks, 39.47 MB in 11 seconds
[2020-10-31 03:42:57 #1454 INFO] compute_gmfs   1% [140 submitted, 0 queued]
[2020-10-31 03:42:58 #1454 INFO] compute_gmfs   2% [140 submitted, 0 queued]
[2020-10-31 03:43:02 #1454 INFO] compute_gmfs   3% [140 submitted, 0 queued]
[2020-10-31 03:43:03 #1454 INFO] compute_gmfs   4% [140 submitted, 0 queued]
[2020-10-31 03:43:03 #1454 INFO] compute_gmfs   5% [140 submitted, 0 queued]
[2020-10-31 03:43:05 #1454 INFO] compute_gmfs   6% [140 submitted, 0 queued]
[2020-10-31 03:43:06 #1454 INFO] compute_gmfs   7% [140 submitted, 0 queued]
[2020-10-31 03:43:06 #1454 INFO] compute_gmfs   8% [140 submitted, 0 queued]
[2020-10-31 03:43:07 #1454 INFO] compute_gmfs   9% [140 submitted, 0 queued]
[2020-10-31 03:43:07 #1454 INFO] compute_gmfs  10% [140 submitted, 0 queued]
[2020-10-31 03:43:07 #1454 INFO] compute_gmfs  11% [140 submitted, 0 queued]
[2020-10-31 03:43:07 #1454 INFO] compute_gmfs  12% [140 submitted, 0 queued]
[2020-10-31 03:43:08 #1454 INFO] compute_gmfs  13% [140 submitted, 0 queued]
[2020-10-31 03:43:08 #1454 INFO] compute_gmfs  14% [140 submitted, 0 queued]
[2020-10-31 03:43:08 #1454 INFO] compute_gmfs  15% [140 submitted, 0 queued]
[2020-10-31 03:43:09 #1454 INFO] compute_gmfs  16% [140 submitted, 0 queued]
[2020-10-31 03:43:09 #1454 INFO] compute_gmfs  17% [140 submitted, 0 queued]
[2020-10-31 03:43:09 #1454 INFO] compute_gmfs  18% [140 submitted, 0 queued]
[2020-10-31 03:43:10 #1454 INFO] compute_gmfs  19% [140 submitted, 0 queued]
[2020-10-31 03:43:10 #1454 INFO] compute_gmfs  20% [140 submitted, 0 queued]
[2020-10-31 03:43:10 #1454 INFO] compute_gmfs  21% [140 submitted, 0 queued]
[2020-10-31 03:43:11 #1454 INFO] compute_gmfs  22% [140 submitted, 0 queued]
[2020-10-31 03:43:11 #1454 INFO] compute_gmfs  23% [140 submitted, 0 queued]
[2020-10-31 03:43:11 #1454 INFO] compute_gmfs  24% [140 submitted, 0 queued]
[2020-10-31 03:43:11 #1454 INFO] compute_gmfs  25% [140 submitted, 0 queued]
[2020-10-31 03:43:11 #1454 INFO] compute_gmfs  26% [140 submitted, 0 queued]
[2020-10-31 03:43:12 #1454 INFO] compute_gmfs  27% [140 submitted, 0 queued]
[2020-10-31 03:43:12 #1454 INFO] compute_gmfs  28% [140 submitted, 0 queued]
[2020-10-31 03:43:12 #1454 INFO] compute_gmfs  29% [140 submitted, 0 queued]
[2020-10-31 03:43:12 #1454 INFO] compute_gmfs  30% [140 submitted, 0 queued]
[2020-10-31 03:43:12 #1454 INFO] compute_gmfs  31% [140 submitted, 0 queued]
[2020-10-31 03:43:13 #1454 INFO] compute_gmfs  32% [140 submitted, 0 queued]
[2020-10-31 03:43:13 #1454 INFO] compute_gmfs  33% [140 submitted, 0 queued]
[2020-10-31 03:43:13 #1454 INFO] compute_gmfs  34% [140 submitted, 0 queued]
[2020-10-31 03:43:13 #1454 INFO] compute_gmfs  35% [140 submitted, 0 queued]
[2020-10-31 03:43:13 #1454 INFO] compute_gmfs  36% [140 submitted, 0 queued]
[2020-10-31 03:43:13 #1454 INFO] compute_gmfs  37% [140 submitted, 0 queued]
[2020-10-31 03:43:16 #1454 INFO] compute_gmfs  38% [140 submitted, 0 queued]
[2020-10-31 03:43:16 #1454 INFO] compute_gmfs  39% [140 submitted, 0 queued]
[2020-10-31 03:43:20 #1454 INFO] compute_gmfs  40% [140 submitted, 0 queued]
[2020-10-31 03:43:26 #1454 INFO] compute_gmfs  41% [140 submitted, 0 queued]
[2020-10-31 03:43:33 #1454 INFO] compute_gmfs  42% [140 submitted, 0 queued]
[2020-10-31 03:43:34 #1454 INFO] compute_gmfs  43% [140 submitted, 0 queued]
[2020-10-31 03:43:38 #1454 INFO] compute_gmfs  44% [140 submitted, 0 queued]
[2020-10-31 03:43:39 #1454 INFO] compute_gmfs  45% [140 submitted, 0 queued]
[2020-10-31 03:43:43 #1454 INFO] compute_gmfs  46% [140 submitted, 0 queued]
[2020-10-31 03:43:45 #1454 INFO] compute_gmfs  47% [140 submitted, 0 queued]
[2020-10-31 03:43:46 #1454 INFO] compute_gmfs  48% [140 submitted, 0 queued]
[2020-10-31 03:43:46 #1454 INFO] compute_gmfs  49% [140 submitted, 0 queued]
[2020-10-31 03:43:47 #1454 INFO] compute_gmfs  50% [140 submitted, 0 queued]
[2020-10-31 03:43:47 #1454 INFO] compute_gmfs  51% [140 submitted, 0 queued]
[2020-10-31 03:43:48 #1454 INFO] compute_gmfs  52% [140 submitted, 0 queued]
[2020-10-31 03:43:48 #1454 INFO] compute_gmfs  53% [140 submitted, 0 queued]
[2020-10-31 03:43:49 #1454 INFO] compute_gmfs  54% [140 submitted, 0 queued]
[2020-10-31 03:43:49 #1454 INFO] compute_gmfs  55% [140 submitted, 0 queued]
[2020-10-31 03:44:05 #1454 INFO] compute_gmfs  56% [140 submitted, 0 queued]
[2020-10-31 03:44:07 #1454 INFO] compute_gmfs  57% [140 submitted, 0 queued]
[2020-10-31 03:44:09 #1454 INFO] compute_gmfs  58% [140 submitted, 0 queued]
[2020-10-31 03:44:16 #1454 INFO] compute_gmfs  59% [140 submitted, 0 queued]
[2020-10-31 03:44:17 #1454 INFO] compute_gmfs  60% [140 submitted, 0 queued]
[2020-10-31 03:44:18 #1454 INFO] compute_gmfs  61% [140 submitted, 0 queued]
[2020-10-31 03:44:19 #1454 INFO] compute_gmfs  62% [140 submitted, 0 queued]
[2020-10-31 03:44:23 #1454 INFO] compute_gmfs  63% [140 submitted, 0 queued]
[2020-10-31 03:44:24 #1454 INFO] compute_gmfs  64% [140 submitted, 0 queued]
[2020-10-31 03:44:26 #1454 INFO] compute_gmfs  65% [140 submitted, 0 queued]
[2020-10-31 03:44:31 #1454 INFO] compute_gmfs  66% [140 submitted, 0 queued]
[2020-10-31 03:44:31 #1454 INFO] compute_gmfs  67% [140 submitted, 0 queued]
[2020-10-31 03:44:46 #1454 INFO] compute_gmfs  68% [140 submitted, 0 queued]
[2020-10-31 03:46:07 #1454 INFO] compute_gmfs  69% [140 submitted, 0 queued]
[2020-10-31 03:46:47 #1454 INFO] compute_gmfs  70% [140 submitted, 0 queued]
[2020-10-31 03:47:25 #1454 INFO] compute_gmfs  71% [140 submitted, 0 queued]
[2020-10-31 03:47:35 #1454 INFO] compute_gmfs  72% [140 submitted, 0 queued]
[2020-10-31 03:48:32 #1454 INFO] compute_gmfs  73% [140 submitted, 0 queued]
[2020-10-31 03:49:03 #1454 INFO] compute_gmfs  74% [140 submitted, 0 queued]
[2020-10-31 03:49:24 #1454 INFO] compute_gmfs  75% [140 submitted, 0 queued]
[2020-10-31 03:49:37 #1454 INFO] compute_gmfs  76% [140 submitted, 0 queued]
[2020-10-31 03:49:41 #1454 INFO] compute_gmfs  77% [140 submitted, 0 queued]
[2020-10-31 03:50:06 #1454 INFO] compute_gmfs  78% [140 submitted, 0 queued]
[2020-10-31 03:50:14 #1454 INFO] compute_gmfs  79% [140 submitted, 0 queued]
[2020-10-31 03:50:21 #1454 INFO] compute_gmfs  80% [140 submitted, 0 queued]
[2020-10-31 03:50:40 #1454 INFO] compute_gmfs  81% [140 submitted, 0 queued]
[2020-10-31 03:50:54 #1454 INFO] compute_gmfs  82% [140 submitted, 0 queued]
[2020-10-31 03:51:07 #1454 INFO] compute_gmfs  83% [140 submitted, 0 queued]
[2020-10-31 03:51:16 #1454 INFO] compute_gmfs  84% [140 submitted, 0 queued]
[2020-10-31 03:51:33 #1454 INFO] compute_gmfs  85% [140 submitted, 0 queued]
[2020-10-31 03:51:50 #1454 INFO] compute_gmfs  86% [140 submitted, 0 queued]
[2020-10-31 03:52:03 #1454 INFO] compute_gmfs  87% [140 submitted, 0 queued]
[2020-10-31 03:52:26 #1454 INFO] compute_gmfs  88% [140 submitted, 0 queued]
[2020-10-31 03:52:26 #1454 INFO] compute_gmfs  89% [140 submitted, 0 queued]
[2020-10-31 03:52:49 #1454 INFO] compute_gmfs  90% [140 submitted, 0 queued]
[2020-10-31 03:53:05 #1454 INFO] compute_gmfs  91% [140 submitted, 0 queued]
[2020-10-31 03:53:12 #1454 INFO] compute_gmfs  92% [140 submitted, 0 queued]
[2020-10-31 03:53:16 #1454 INFO] compute_gmfs  93% [140 submitted, 0 queued]
[2020-10-31 03:53:19 #1454 INFO] compute_gmfs  94% [140 submitted, 0 queued]
[2020-10-31 03:53:26 #1454 INFO] compute_gmfs  95% [140 submitted, 0 queued]
[2020-10-31 03:53:55 #1454 INFO] compute_gmfs  96% [140 submitted, 0 queued]
[2020-10-31 03:53:57 #1454 INFO] compute_gmfs  97% [140 submitted, 0 queued]
[2020-10-31 03:54:16 #1454 INFO] compute_gmfs  98% [140 submitted, 0 queued]
[2020-10-31 03:54:18 #1454 INFO] compute_gmfs  99% [140 submitted, 0 queued]
[2020-10-31 03:54:20 #1454 INFO] compute_gmfs 100% [140 submitted, 0 queued]
[2020-10-31 03:54:20 #1454 INFO] Received {'gmfdata': '792.72 MB', 'times': '2.63 MB', 'sig_eps': '1.48 MB', 'hcurves': '1.83 KB'} in 706 seconds
[2020-10-31 03:54:21 #1454 INFO] Stored 49762 relevant event IDs
[2020-10-31 03:54:21 #1454 INFO] Building risk inputs from 50 realization(s)
[2020-10-31 03:54:34 #1454 INFO] Grouped the GMFs by site ID
[2020-10-31 03:54:46 #1454 INFO] Built 13303 risk inputs
[2020-10-31 03:54:56 #1454 INFO] Sent 128 tasks, 883.85 MB in 8 seconds
[2020-10-31 03:55:36 #1454 INFO] scenario_damage   1% [128 submitted, 0 queued]
[2020-10-31 03:56:01 #1454 INFO] scenario_damage   2% [128 submitted, 0 queued]
[2020-10-31 03:56:20 #1454 INFO] scenario_damage   3% [128 submitted, 0 queued]
[2020-10-31 03:56:36 #1454 INFO] scenario_damage   4% [128 submitted, 0 queued]
[2020-10-31 03:56:37 #1454 INFO] scenario_damage   5% [128 submitted, 0 queued]
[2020-10-31 03:56:40 #1454 INFO] scenario_damage   6% [128 submitted, 0 queued]
[2020-10-31 03:56:48 #1454 INFO] scenario_damage   7% [128 submitted, 0 queued]
[2020-10-31 03:56:50 #1454 INFO] scenario_damage   8% [128 submitted, 0 queued]
[2020-10-31 03:56:55 #1454 INFO] scenario_damage   9% [128 submitted, 0 queued]
[2020-10-31 03:57:13 #1454 INFO] scenario_damage  10% [128 submitted, 0 queued]
[2020-10-31 03:57:26 #1454 INFO] scenario_damage  11% [128 submitted, 0 queued]
[2020-10-31 03:57:34 #1454 INFO] scenario_damage  12% [128 submitted, 0 queued]
[2020-10-31 03:57:37 #1454 INFO] scenario_damage  13% [128 submitted, 0 queued]
[2020-10-31 03:57:43 #1454 INFO] scenario_damage  14% [128 submitted, 0 queued]
[2020-10-31 03:57:45 #1454 INFO] scenario_damage  15% [128 submitted, 0 queued]
[2020-10-31 03:57:47 #1454 INFO] scenario_damage  16% [128 submitted, 0 queued]
[2020-10-31 03:57:49 #1454 INFO] scenario_damage  17% [128 submitted, 0 queued]
[2020-10-31 03:57:51 #1454 INFO] scenario_damage  18% [128 submitted, 0 queued]
[2020-10-31 03:57:53 #1454 INFO] scenario_damage  19% [128 submitted, 0 queued]
[2020-10-31 03:57:54 #1454 INFO] scenario_damage  20% [128 submitted, 0 queued]
[2020-10-31 03:58:00 #1454 INFO] scenario_damage  21% [128 submitted, 0 queued]
[2020-10-31 03:58:06 #1454 INFO] scenario_damage  22% [128 submitted, 0 queued]
[2020-10-31 03:58:06 #1454 INFO] scenario_damage  23% [128 submitted, 0 queued]
[2020-10-31 03:58:09 #1454 INFO] scenario_damage  24% [128 submitted, 0 queued]
[2020-10-31 03:58:09 #1454 INFO] scenario_damage  25% [128 submitted, 0 queued]
[2020-10-31 03:58:13 #1454 INFO] scenario_damage  26% [128 submitted, 0 queued]
[2020-10-31 03:58:14 #1454 INFO] scenario_damage  27% [128 submitted, 0 queued]
[2020-10-31 03:58:19 #1454 INFO] scenario_damage  28% [128 submitted, 0 queued]
[2020-10-31 03:58:23 #1454 INFO] scenario_damage  29% [128 submitted, 0 queued]
[2020-10-31 03:58:24 #1454 INFO] scenario_damage  30% [128 submitted, 0 queued]
[2020-10-31 03:58:25 #1454 INFO] scenario_damage  31% [128 submitted, 0 queued]
[2020-10-31 03:58:27 #1454 INFO] scenario_damage  32% [128 submitted, 0 queued]
[2020-10-31 03:58:30 #1454 INFO] scenario_damage  33% [128 submitted, 0 queued]
[2020-10-31 03:58:35 #1454 INFO] scenario_damage  34% [128 submitted, 0 queued]
[2020-10-31 03:58:38 #1454 INFO] scenario_damage  35% [128 submitted, 0 queued]
[2020-10-31 03:58:51 #1454 INFO] scenario_damage  36% [128 submitted, 0 queued]
[2020-10-31 03:58:52 #1454 INFO] scenario_damage  37% [128 submitted, 0 queued]
[2020-10-31 03:58:54 #1454 INFO] scenario_damage  38% [128 submitted, 0 queued]
[2020-10-31 03:58:54 #1454 INFO] scenario_damage  39% [128 submitted, 0 queued]
[2020-10-31 03:59:01 #1454 INFO] scenario_damage  40% [128 submitted, 0 queued]
[2020-10-31 03:59:05 #1454 INFO] scenario_damage  41% [128 submitted, 0 queued]
[2020-10-31 03:59:08 #1454 INFO] scenario_damage  42% [128 submitted, 0 queued]
[2020-10-31 03:59:18 #1454 INFO] scenario_damage  43% [128 submitted, 0 queued]
[2020-10-31 03:59:37 #1454 INFO] scenario_damage  44% [128 submitted, 0 queued]
[2020-10-31 03:59:40 #1454 INFO] scenario_damage  45% [128 submitted, 0 queued]
[2020-10-31 03:59:43 #1454 INFO] scenario_damage  46% [128 submitted, 0 queued]
[2020-10-31 03:59:44 #1454 INFO] scenario_damage  47% [128 submitted, 0 queued]
[2020-10-31 03:59:45 #1454 INFO] scenario_damage  48% [128 submitted, 0 queued]
[2020-10-31 03:59:47 #1454 INFO] scenario_damage  49% [128 submitted, 0 queued]
[2020-10-31 03:59:51 #1454 INFO] scenario_damage  50% [128 submitted, 0 queued]
[2020-10-31 03:59:57 #1454 INFO] scenario_damage  51% [128 submitted, 0 queued]
[2020-10-31 04:00:07 #1454 INFO] scenario_damage  52% [128 submitted, 0 queued]
[2020-10-31 04:00:15 #1454 INFO] scenario_damage  53% [128 submitted, 0 queued]
[2020-10-31 04:00:21 #1454 INFO] scenario_damage  54% [128 submitted, 0 queued]
[2020-10-31 04:00:24 #1454 INFO] scenario_damage  55% [128 submitted, 0 queued]
[2020-10-31 04:00:27 #1454 INFO] scenario_damage  56% [128 submitted, 0 queued]
[2020-10-31 04:00:30 #1454 INFO] scenario_damage  57% [128 submitted, 0 queued]
[2020-10-31 04:00:37 #1454 INFO] scenario_damage  58% [128 submitted, 0 queued]
[2020-10-31 04:00:43 #1454 INFO] scenario_damage  59% [128 submitted, 0 queued]
[2020-10-31 04:00:44 #1454 INFO] scenario_damage  60% [128 submitted, 0 queued]
[2020-10-31 04:00:50 #1454 INFO] scenario_damage  61% [128 submitted, 0 queued]
[2020-10-31 04:00:54 #1454 INFO] scenario_damage  62% [128 submitted, 0 queued]
[2020-10-31 04:01:05 #1454 INFO] scenario_damage  63% [128 submitted, 0 queued]
[2020-10-31 04:01:07 #1454 INFO] scenario_damage  64% [128 submitted, 0 queued]
[2020-10-31 04:01:10 #1454 INFO] scenario_damage  65% [128 submitted, 0 queued]
[2020-10-31 04:01:11 #1454 INFO] scenario_damage  66% [128 submitted, 0 queued]
[2020-10-31 04:01:13 #1454 INFO] scenario_damage  67% [128 submitted, 0 queued]
[2020-10-31 04:01:20 #1454 INFO] scenario_damage  68% [128 submitted, 0 queued]
[2020-10-31 04:01:20 #1454 INFO] scenario_damage  69% [128 submitted, 0 queued]
[2020-10-31 04:01:20 #1454 INFO] scenario_damage  70% [128 submitted, 0 queued]
[2020-10-31 04:01:24 #1454 INFO] scenario_damage  71% [128 submitted, 0 queued]
[2020-10-31 04:01:35 #1454 INFO] scenario_damage  72% [128 submitted, 0 queued]
[2020-10-31 04:01:36 #1454 INFO] scenario_damage  73% [128 submitted, 0 queued]
[2020-10-31 04:01:36 #1454 INFO] scenario_damage  74% [128 submitted, 0 queued]
[2020-10-31 04:01:36 #1454 INFO] scenario_damage  75% [128 submitted, 0 queued]
[2020-10-31 04:01:42 #1454 INFO] scenario_damage  76% [128 submitted, 0 queued]
[2020-10-31 04:01:44 #1454 INFO] scenario_damage  77% [128 submitted, 0 queued]
[2020-10-31 04:01:44 #1454 INFO] scenario_damage  78% [128 submitted, 0 queued]
[2020-10-31 04:01:44 #1454 INFO] scenario_damage  79% [128 submitted, 0 queued]
[2020-10-31 04:01:47 #1454 INFO] scenario_damage  80% [128 submitted, 0 queued]
[2020-10-31 04:01:48 #1454 INFO] scenario_damage  81% [128 submitted, 0 queued]
[2020-10-31 04:01:49 #1454 INFO] scenario_damage  82% [128 submitted, 0 queued]
[2020-10-31 04:02:03 #1454 INFO] scenario_damage  83% [128 submitted, 0 queued]
[2020-10-31 04:02:06 #1454 INFO] scenario_damage  84% [128 submitted, 0 queued]
[2020-10-31 04:02:08 #1454 INFO] scenario_damage  85% [128 submitted, 0 queued]
[2020-10-31 04:02:13 #1454 INFO] scenario_damage  86% [128 submitted, 0 queued]
[2020-10-31 04:02:14 #1454 INFO] scenario_damage  87% [128 submitted, 0 queued]
[2020-10-31 04:02:18 #1454 INFO] scenario_damage  88% [128 submitted, 0 queued]
[2020-10-31 04:02:29 #1454 INFO] scenario_damage  89% [128 submitted, 0 queued]
[2020-10-31 04:02:32 #1454 INFO] scenario_damage  90% [128 submitted, 0 queued]
[2020-10-31 04:02:35 #1454 INFO] scenario_damage  91% [128 submitted, 0 queued]
[2020-10-31 04:02:36 #1454 INFO] scenario_damage  92% [128 submitted, 0 queued]
[2020-10-31 04:02:46 #1454 INFO] scenario_damage  93% [128 submitted, 0 queued]
[2020-10-31 04:02:51 #1454 INFO] scenario_damage  94% [128 submitted, 0 queued]
[2020-10-31 04:02:55 #1454 INFO] scenario_damage  95% [128 submitted, 0 queued]
[2020-10-31 04:03:03 #1454 INFO] scenario_damage  96% [128 submitted, 0 queued]
[2020-10-31 04:03:16 #1454 INFO] scenario_damage  97% [128 submitted, 0 queued]
[2020-10-31 04:03:20 #1454 INFO] scenario_damage  98% [128 submitted, 0 queued]
[2020-10-31 04:03:38 #1454 INFO] scenario_damage  99% [128 submitted, 0 queued]
[2020-10-31 04:03:59 #1454 INFO] scenario_damage 100% [128 submitted, 0 queued]
[2020-10-31 04:03:59 #1454 INFO] Received {'aed': '1.24 GB', 'd_asset': '319.25 MB', 'd_event': '86.19 MB'} in 543 seconds
[2020-10-31 04:04:09 #1454 INFO] Due to numeric errors the total number of assets is imprecise: {'expected': 264889.0, 'structural': 35415.027}
[2020-10-31 04:04:11 #1454 INFO] Exposing the outputs to the database
[2020-10-31 04:04:12 #1454 INFO] Stored 984.46 MB on /mnt/data/murray.journeay/oqdata/calc_1454.hdf5 in 1537 seconds
  id | name
7984 | Aggregate Event Damages
7982 | Average Asset Damages
7983 | Average Asset Damages Statistics
7990 | Earthquake Ruptures
7985 | Events
7986 | Full Report
7987 | Ground Motion Fields
7988 | Input Files
7989 | Realizations
