[2020-10-28 22:46:17 #1408 INFO] murray.journeay running /mnt/data/shared/canada-2020/canada-srm2/eDamage/input/eDamage_r2_MB4650-80.ini [--hc=None]
[2020-10-28 22:46:17 #1408 INFO] Using engine version 3.11.0-git4f03c56
[2020-10-28 22:46:17 #1408 WARNING] Using 64 cores on gem-compute
[2020-10-28 22:46:17 #1408 INFO] Validated nationalModel.xml in 0.01 seconds
[2020-10-28 22:46:18 #1408 INFO] Checksum of the input files: 2528730147
[2020-10-28 22:46:18 #1408 INFO] Reading the risk model if present
[2020-10-28 22:46:21 #1408 INFO] Reading /mnt/data/shared/canada-2020/model-inputs/exposure/general-building-stock/oqBldgExp_MB4650-80.xml
[2020-10-28 22:46:26 #1408 INFO] Extracting the hazard sites from the site model
[2020-10-28 22:46:28 #1408 INFO] Associated 54061 assets to 3713 sites
[2020-10-28 22:46:30 #1408 INFO] Reducing risk model from 4224 to 479 taxonomies
[2020-10-28 22:46:31 #1408 INFO] Considering 50 logic tree paths out of 24_576
[2020-10-28 22:46:31 #1408 INFO] 6 effective smlt realization(s)
[2020-10-28 22:46:31 #1408 INFO] Reading the source model(s) in parallel
[2020-10-28 22:46:33 #1408 INFO] read_source_model  16% [6 submitted, 0 queued]
[2020-10-28 22:46:33 #1408 INFO] read_source_model  33% [6 submitted, 0 queued]
[2020-10-28 22:46:33 #1408 INFO] read_source_model  50% [6 submitted, 0 queued]
[2020-10-28 22:46:34 #1408 INFO] read_source_model  66% [6 submitted, 0 queued]
[2020-10-28 22:46:34 #1408 INFO] read_source_model  83% [6 submitted, 0 queued]
[2020-10-28 22:46:34 #1408 INFO] read_source_model 100% [6 submitted, 0 queued]
[2020-10-28 22:46:34 #1408 INFO] Received {'/mnt/data/shared/canada-2020/CanadaSHM6/OpenQuake_model_files/sources/nationalModel/xml/simplifiedModel/WCan_HYeast_Harctic_simplified_collapsedRates.xml': '141.06 KB', '/mnt/data/shared/canada-2020/CanadaSHM6/OpenQuake_model_files/sources/nationalModel/xml/simplifiedModel/WCan_H2east_Harctic_simplified_collapsedRates.xml': '135.23 KB', '/mnt/data/shared/canada-2020/CanadaSHM6/OpenQuake_model_files/sources/nationalModel/xml/simplifiedModel/WCan_HYeast_Rarctic_simplified_collapsedRates.xml': '134.61 KB', '/mnt/data/shared/canada-2020/CanadaSHM6/OpenQuake_model_files/sources/nationalModel/xml/simplifiedModel/WCan_H2east_Rarctic_simplified_collapsedRates.xml': '128.78 KB', '/mnt/data/shared/canada-2020/CanadaSHM6/OpenQuake_model_files/sources/nationalModel/xml/simplifiedModel/WCan_R2east_Harctic_simplified_collapsedRates.xml': '119.91 KB', '/mnt/data/shared/canada-2020/CanadaSHM6/OpenQuake_model_files/sources/nationalModel/xml/simplifiedModel/WCan_R2east_Rarctic_simplified_collapsedRates.xml': '113.68 KB'} in 1 seconds
[2020-10-28 22:46:34 #1408 WARNING] There are multiple different sources with the same ID [<AreaSource SCCCT>, <AreaSource SCCCT>, <AreaSource SCCCT>, <AreaSource SCCCT>, <AreaSource SCCCT>, <AreaSource SCCCT>]
[2020-10-28 22:48:06 #1408 INFO] There are 195 sources
[2020-10-28 22:48:06 #1408 INFO] Checking the sources bounding box
[2020-10-28 22:48:06 #1408 ERROR] source ACM: The buffer of 600 km is too large, the bounding box is larger than half the globe: 219 degrees
[2020-10-28 22:48:06 #1408 INFO] Rupture floating factor = 1.6265060240963856
[2020-10-28 22:48:06 #1408 INFO] Rupture spinning factor = 3.2710843373493974
[2020-10-28 22:48:06 #1408 INFO] gzipping the input files
[2020-10-28 22:48:08 #1408 INFO] Storing risk model
[2020-10-28 22:48:09 #1408 INFO] minimum_intensity={'SA(0.3)': 0.1, 'SA(0.6)': 0.05, 'SA(1.0)': 0.05, 'SA(2.0)': 0.05}
[2020-10-28 22:48:09 #1408 INFO] Building ruptures
[2020-10-28 22:48:09 #1408 INFO] Sending <SourceGroup Subduction IntraSlab30, 1 source(s)>
[2020-10-28 22:48:09 #1408 INFO] Sending <SourceGroup Subduction IntraSlab55, 4 source(s)>
[2020-10-28 22:48:09 #1408 INFO] Sending <SourceGroup Subduction Interface, 13 source(s)>
[2020-10-28 22:48:09 #1408 INFO] Sending <SourceGroup Stable Shallow Crust, 120 source(s)>
[2020-10-28 22:48:09 #1408 INFO] Sending <SourceGroup Active Shallow Crust, 59 source(s)>
[2020-10-28 22:48:11 #1408 INFO] Sent 64 tasks, 68.67 MB in 0 seconds
[2020-10-28 22:48:12 #1408 INFO] sample_ruptures   1% [65 submitted, 19 queued]
[2020-10-28 22:48:12 #1408 INFO] sample_ruptures   2% [66 submitted, 18 queued]
[2020-10-28 22:48:12 #1408 INFO] sample_ruptures   3% [67 submitted, 17 queued]
[2020-10-28 22:48:12 #1408 INFO] sample_ruptures   4% [68 submitted, 16 queued]
[2020-10-28 22:48:12 #1408 INFO] sample_ruptures   5% [69 submitted, 15 queued]
[2020-10-28 22:48:12 #1408 INFO] sample_ruptures   7% [70 submitted, 14 queued]
[2020-10-28 22:48:12 #1408 INFO] sample_ruptures   8% [71 submitted, 13 queued]
[2020-10-28 22:48:12 #1408 INFO] sample_ruptures   9% [72 submitted, 12 queued]
[2020-10-28 22:48:13 #1408 INFO] sample_ruptures  10% [73 submitted, 11 queued]
[2020-10-28 22:48:13 #1408 INFO] sample_ruptures  11% [74 submitted, 10 queued]
[2020-10-28 22:48:13 #1408 INFO] sample_ruptures  13% [75 submitted, 9 queued]
[2020-10-28 22:48:13 #1408 INFO] sample_ruptures  14% [76 submitted, 8 queued]
[2020-10-28 22:48:13 #1408 INFO] sample_ruptures  15% [77 submitted, 7 queued]
[2020-10-28 22:48:13 #1408 INFO] sample_ruptures  16% [78 submitted, 6 queued]
[2020-10-28 22:48:13 #1408 INFO] sample_ruptures  17% [79 submitted, 5 queued]
[2020-10-28 22:48:13 #1408 INFO] sample_ruptures  19% [80 submitted, 4 queued]
[2020-10-28 22:48:13 #1408 INFO] sample_ruptures  20% [81 submitted, 3 queued]
[2020-10-28 22:48:13 #1408 INFO] sample_ruptures  21% [82 submitted, 2 queued]
[2020-10-28 22:48:13 #1408 INFO] sample_ruptures  22% [83 submitted, 1 queued]
[2020-10-28 22:48:13 #1408 INFO] sample_ruptures  23% [84 submitted, 0 queued]
[2020-10-28 22:48:13 #1408 INFO] sample_ruptures  25% [84 submitted, 0 queued]
[2020-10-28 22:48:13 #1408 INFO] sample_ruptures  26% [84 submitted, 0 queued]
[2020-10-28 22:48:13 #1408 INFO] sample_ruptures  27% [84 submitted, 0 queued]
[2020-10-28 22:48:14 #1408 INFO] sample_ruptures  28% [84 submitted, 0 queued]
[2020-10-28 22:48:14 #1408 INFO] sample_ruptures  29% [84 submitted, 0 queued]
[2020-10-28 22:48:14 #1408 INFO] sample_ruptures  30% [84 submitted, 0 queued]
[2020-10-28 22:48:14 #1408 INFO] sample_ruptures  32% [84 submitted, 0 queued]
[2020-10-28 22:48:14 #1408 INFO] sample_ruptures  33% [84 submitted, 0 queued]
[2020-10-28 22:48:14 #1408 INFO] sample_ruptures  34% [84 submitted, 0 queued]
[2020-10-28 22:48:14 #1408 INFO] sample_ruptures  35% [84 submitted, 0 queued]
[2020-10-28 22:48:14 #1408 INFO] sample_ruptures  36% [84 submitted, 0 queued]
[2020-10-28 22:48:14 #1408 INFO] sample_ruptures  38% [84 submitted, 0 queued]
[2020-10-28 22:48:14 #1408 INFO] sample_ruptures  39% [84 submitted, 0 queued]
[2020-10-28 22:48:14 #1408 INFO] sample_ruptures  40% [84 submitted, 0 queued]
[2020-10-28 22:48:14 #1408 INFO] sample_ruptures  41% [84 submitted, 0 queued]
[2020-10-28 22:48:14 #1408 INFO] sample_ruptures  42% [84 submitted, 0 queued]
[2020-10-28 22:48:14 #1408 INFO] sample_ruptures  44% [84 submitted, 0 queued]
[2020-10-28 22:48:14 #1408 INFO] sample_ruptures  45% [84 submitted, 0 queued]
[2020-10-28 22:48:14 #1408 INFO] sample_ruptures  46% [84 submitted, 0 queued]
[2020-10-28 22:48:14 #1408 INFO] sample_ruptures  47% [84 submitted, 0 queued]
[2020-10-28 22:48:14 #1408 INFO] sample_ruptures  48% [84 submitted, 0 queued]
[2020-10-28 22:48:14 #1408 INFO] sample_ruptures  50% [84 submitted, 0 queued]
[2020-10-28 22:48:14 #1408 INFO] sample_ruptures  51% [84 submitted, 0 queued]
[2020-10-28 22:48:14 #1408 INFO] sample_ruptures  52% [84 submitted, 0 queued]
[2020-10-28 22:48:14 #1408 INFO] sample_ruptures  53% [84 submitted, 0 queued]
[2020-10-28 22:48:15 #1408 INFO] sample_ruptures  54% [84 submitted, 0 queued]
[2020-10-28 22:48:15 #1408 INFO] sample_ruptures  55% [84 submitted, 0 queued]
[2020-10-28 22:48:15 #1408 INFO] sample_ruptures  57% [84 submitted, 0 queued]
[2020-10-28 22:48:15 #1408 INFO] sample_ruptures  58% [84 submitted, 0 queued]
[2020-10-28 22:48:15 #1408 INFO] sample_ruptures  59% [84 submitted, 0 queued]
[2020-10-28 22:48:15 #1408 INFO] sample_ruptures  60% [84 submitted, 0 queued]
[2020-10-28 22:48:15 #1408 INFO] sample_ruptures  61% [84 submitted, 0 queued]
[2020-10-28 22:48:15 #1408 INFO] sample_ruptures  63% [84 submitted, 0 queued]
[2020-10-28 22:48:15 #1408 INFO] sample_ruptures  64% [84 submitted, 0 queued]
[2020-10-28 22:48:15 #1408 INFO] sample_ruptures  65% [84 submitted, 0 queued]
[2020-10-28 22:48:15 #1408 INFO] sample_ruptures  66% [84 submitted, 0 queued]
[2020-10-28 22:48:15 #1408 INFO] sample_ruptures  67% [84 submitted, 0 queued]
[2020-10-28 22:48:15 #1408 INFO] sample_ruptures  69% [84 submitted, 0 queued]
[2020-10-28 22:48:15 #1408 INFO] sample_ruptures  70% [84 submitted, 0 queued]
[2020-10-28 22:48:15 #1408 INFO] sample_ruptures  71% [84 submitted, 0 queued]
[2020-10-28 22:48:15 #1408 INFO] sample_ruptures  72% [84 submitted, 0 queued]
[2020-10-28 22:48:15 #1408 INFO] sample_ruptures  73% [84 submitted, 0 queued]
[2020-10-28 22:48:15 #1408 INFO] sample_ruptures  75% [84 submitted, 0 queued]
[2020-10-28 22:48:15 #1408 INFO] sample_ruptures  76% [84 submitted, 0 queued]
[2020-10-28 22:48:15 #1408 INFO] sample_ruptures  77% [84 submitted, 0 queued]
[2020-10-28 22:48:15 #1408 INFO] sample_ruptures  78% [84 submitted, 0 queued]
[2020-10-28 22:48:16 #1408 INFO] sample_ruptures  79% [84 submitted, 0 queued]
[2020-10-28 22:48:21 #1408 INFO] sample_ruptures  80% [84 submitted, 0 queued]
[2020-10-28 22:48:25 #1408 INFO] sample_ruptures  82% [84 submitted, 0 queued]
[2020-10-28 22:48:27 #1408 INFO] sample_ruptures  83% [84 submitted, 0 queued]
[2020-10-28 22:48:30 #1408 INFO] sample_ruptures  84% [84 submitted, 0 queued]
[2020-10-28 22:48:31 #1408 INFO] sample_ruptures  85% [84 submitted, 0 queued]
[2020-10-28 22:48:44 #1408 INFO] sample_ruptures  86% [84 submitted, 0 queued]
[2020-10-28 22:48:53 #1408 INFO] sample_ruptures  88% [84 submitted, 0 queued]
[2020-10-28 22:48:53 #1408 INFO] sample_ruptures  89% [84 submitted, 0 queued]
[2020-10-28 22:48:59 #1408 INFO] sample_ruptures  90% [84 submitted, 0 queued]
[2020-10-28 22:49:00 #1408 INFO] sample_ruptures  91% [84 submitted, 0 queued]
[2020-10-28 22:49:02 #1408 INFO] sample_ruptures  92% [84 submitted, 0 queued]
[2020-10-28 22:49:04 #1408 INFO] sample_ruptures  94% [84 submitted, 0 queued]
[2020-10-28 22:49:10 #1408 INFO] sample_ruptures  95% [84 submitted, 0 queued]
[2020-10-28 22:49:11 #1408 INFO] sample_ruptures  96% [84 submitted, 0 queued]
[2020-10-28 22:49:29 #1408 INFO] sample_ruptures  97% [84 submitted, 0 queued]
[2020-10-28 22:49:39 #1408 INFO] sample_ruptures  98% [84 submitted, 0 queued]
[2020-10-28 22:49:53 #1408 INFO] sample_ruptures 100% [84 submitted, 0 queued]
[2020-10-28 22:49:53 #1408 INFO] Received {'rup_array': '29.16 MB', 'calc_times': '18.79 KB', 'eff_ruptures': '3.35 KB'} in 102 seconds
[2020-10-28 22:49:53 #1408 INFO] There are 50 realization(s)
[2020-10-28 22:49:53 #1408 INFO] Reordering the ruptures and storing the events
[2020-10-28 22:49:53 #1408 INFO] Associating event_id -> rlz_id for 174_629 events and 156_741 ruptures
[2020-10-28 22:49:58 #1408 INFO] Sent 131 tasks, 17.01 MB in 4 seconds
[2020-10-28 22:50:00 #1408 INFO] Received {'tot': '1.7 MB'} in 1 seconds
[2020-10-28 22:50:01 #1408 INFO] Reading 156_741 ruptures
[2020-10-28 22:50:11 #1408 INFO] Sent 131 tasks, 59.2 MB in 9 seconds
[2020-10-28 22:50:25 #1408 INFO] compute_gmfs   1% [131 submitted, 0 queued]
[2020-10-28 22:51:40 #1408 INFO] compute_gmfs   2% [131 submitted, 0 queued]
[2020-10-28 22:51:40 #1408 INFO] compute_gmfs   3% [131 submitted, 0 queued]
[2020-10-28 22:51:43 #1408 INFO] compute_gmfs   4% [131 submitted, 0 queued]
[2020-10-28 22:51:47 #1408 INFO] compute_gmfs   5% [131 submitted, 0 queued]
[2020-10-28 22:51:50 #1408 INFO] compute_gmfs   6% [131 submitted, 0 queued]
[2020-10-28 22:51:58 #1408 INFO] compute_gmfs   7% [131 submitted, 0 queued]
[2020-10-28 22:51:59 #1408 INFO] compute_gmfs   8% [131 submitted, 0 queued]
[2020-10-28 22:52:00 #1408 INFO] compute_gmfs   9% [131 submitted, 0 queued]
[2020-10-28 22:52:08 #1408 INFO] compute_gmfs  10% [131 submitted, 0 queued]
[2020-10-28 22:52:09 #1408 INFO] compute_gmfs  11% [131 submitted, 0 queued]
[2020-10-28 22:52:13 #1408 INFO] compute_gmfs  12% [131 submitted, 0 queued]
[2020-10-28 22:52:17 #1408 INFO] compute_gmfs  13% [131 submitted, 0 queued]
[2020-10-28 22:52:17 #1408 INFO] compute_gmfs  14% [131 submitted, 0 queued]
[2020-10-28 22:52:18 #1408 INFO] compute_gmfs  15% [131 submitted, 0 queued]
[2020-10-28 22:52:19 #1408 INFO] compute_gmfs  16% [131 submitted, 0 queued]
[2020-10-28 22:52:24 #1408 INFO] compute_gmfs  17% [131 submitted, 0 queued]
[2020-10-28 22:52:25 #1408 INFO] compute_gmfs  18% [131 submitted, 0 queued]
[2020-10-28 22:52:26 #1408 INFO] compute_gmfs  19% [131 submitted, 0 queued]
[2020-10-28 22:52:30 #1408 INFO] compute_gmfs  20% [131 submitted, 0 queued]
[2020-10-28 22:52:30 #1408 INFO] compute_gmfs  21% [131 submitted, 0 queued]
[2020-10-28 22:52:33 #1408 INFO] compute_gmfs  22% [131 submitted, 0 queued]
[2020-10-28 22:52:33 #1408 INFO] compute_gmfs  23% [131 submitted, 0 queued]
[2020-10-28 22:52:34 #1408 INFO] compute_gmfs  24% [131 submitted, 0 queued]
[2020-10-28 22:52:35 #1408 INFO] compute_gmfs  25% [131 submitted, 0 queued]
[2020-10-28 22:52:45 #1408 INFO] compute_gmfs  26% [131 submitted, 0 queued]
[2020-10-28 22:52:45 #1408 INFO] compute_gmfs  27% [131 submitted, 0 queued]
[2020-10-28 22:52:49 #1408 INFO] compute_gmfs  28% [131 submitted, 0 queued]
[2020-10-28 22:52:51 #1408 INFO] compute_gmfs  29% [131 submitted, 0 queued]
[2020-10-28 22:53:00 #1408 INFO] compute_gmfs  30% [131 submitted, 0 queued]
[2020-10-28 22:53:02 #1408 INFO] compute_gmfs  31% [131 submitted, 0 queued]
[2020-10-28 22:53:03 #1408 INFO] compute_gmfs  32% [131 submitted, 0 queued]
[2020-10-28 22:53:14 #1408 INFO] compute_gmfs  33% [131 submitted, 0 queued]
[2020-10-28 22:53:19 #1408 INFO] compute_gmfs  34% [131 submitted, 0 queued]
[2020-10-28 22:53:20 #1408 INFO] compute_gmfs  35% [131 submitted, 0 queued]
[2020-10-28 22:53:25 #1408 INFO] compute_gmfs  36% [131 submitted, 0 queued]
[2020-10-28 22:53:26 #1408 INFO] compute_gmfs  37% [131 submitted, 0 queued]
[2020-10-28 22:53:27 #1408 INFO] compute_gmfs  38% [131 submitted, 0 queued]
[2020-10-28 22:53:35 #1408 INFO] compute_gmfs  39% [131 submitted, 0 queued]
[2020-10-28 22:53:37 #1408 INFO] compute_gmfs  40% [131 submitted, 0 queued]
[2020-10-28 22:53:37 #1408 INFO] compute_gmfs  41% [131 submitted, 0 queued]
[2020-10-28 22:53:44 #1408 INFO] compute_gmfs  42% [131 submitted, 0 queued]
[2020-10-28 22:53:46 #1408 INFO] compute_gmfs  43% [131 submitted, 0 queued]
[2020-10-28 22:53:46 #1408 INFO] compute_gmfs  44% [131 submitted, 0 queued]
[2020-10-28 22:53:50 #1408 INFO] compute_gmfs  45% [131 submitted, 0 queued]
[2020-10-28 22:53:50 #1408 INFO] compute_gmfs  46% [131 submitted, 0 queued]
[2020-10-28 22:53:51 #1408 INFO] compute_gmfs  47% [131 submitted, 0 queued]
[2020-10-28 22:53:51 #1408 INFO] compute_gmfs  48% [131 submitted, 0 queued]
[2020-10-28 22:53:55 #1408 INFO] compute_gmfs  49% [131 submitted, 0 queued]
[2020-10-28 22:53:55 #1408 INFO] compute_gmfs  50% [131 submitted, 0 queued]
[2020-10-28 22:53:55 #1408 INFO] compute_gmfs  51% [131 submitted, 0 queued]
[2020-10-28 22:54:00 #1408 INFO] compute_gmfs  52% [131 submitted, 0 queued]
[2020-10-28 22:54:03 #1408 INFO] compute_gmfs  53% [131 submitted, 0 queued]
[2020-10-28 22:54:03 #1408 INFO] compute_gmfs  54% [131 submitted, 0 queued]
[2020-10-28 22:54:05 #1408 INFO] compute_gmfs  55% [131 submitted, 0 queued]
[2020-10-28 22:54:05 #1408 INFO] compute_gmfs  56% [131 submitted, 0 queued]
[2020-10-28 22:54:06 #1408 INFO] compute_gmfs  57% [131 submitted, 0 queued]
[2020-10-28 22:54:08 #1408 INFO] compute_gmfs  58% [131 submitted, 0 queued]
[2020-10-28 22:54:11 #1408 INFO] compute_gmfs  59% [131 submitted, 0 queued]
[2020-10-28 22:54:12 #1408 INFO] compute_gmfs  60% [131 submitted, 0 queued]
[2020-10-28 22:54:12 #1408 INFO] compute_gmfs  61% [131 submitted, 0 queued]
[2020-10-28 22:54:17 #1408 INFO] compute_gmfs  62% [131 submitted, 0 queued]
[2020-10-28 22:54:18 #1408 INFO] compute_gmfs  63% [131 submitted, 0 queued]
[2020-10-28 22:54:20 #1408 INFO] compute_gmfs  64% [131 submitted, 0 queued]
[2020-10-28 22:54:21 #1408 INFO] compute_gmfs  65% [131 submitted, 0 queued]
[2020-10-28 22:54:22 #1408 INFO] compute_gmfs  66% [131 submitted, 0 queued]
[2020-10-28 22:54:22 #1408 INFO] compute_gmfs  67% [131 submitted, 0 queued]
[2020-10-28 22:54:29 #1408 INFO] compute_gmfs  68% [131 submitted, 0 queued]
[2020-10-28 22:54:32 #1408 INFO] compute_gmfs  69% [131 submitted, 0 queued]
[2020-10-28 22:54:34 #1408 INFO] compute_gmfs  70% [131 submitted, 0 queued]
[2020-10-28 22:54:36 #1408 INFO] compute_gmfs  71% [131 submitted, 0 queued]
[2020-10-28 22:54:39 #1408 INFO] compute_gmfs  72% [131 submitted, 0 queued]
[2020-10-28 22:54:39 #1408 INFO] compute_gmfs  73% [131 submitted, 0 queued]
[2020-10-28 22:54:43 #1408 INFO] compute_gmfs  74% [131 submitted, 0 queued]
[2020-10-28 22:54:45 #1408 INFO] compute_gmfs  75% [131 submitted, 0 queued]
[2020-10-28 22:54:48 #1408 INFO] compute_gmfs  76% [131 submitted, 0 queued]
[2020-10-28 22:54:48 #1408 INFO] compute_gmfs  77% [131 submitted, 0 queued]
[2020-10-28 22:54:51 #1408 INFO] compute_gmfs  78% [131 submitted, 0 queued]
[2020-10-28 22:54:51 #1408 INFO] compute_gmfs  79% [131 submitted, 0 queued]
[2020-10-28 22:54:52 #1408 INFO] compute_gmfs  80% [131 submitted, 0 queued]
[2020-10-28 22:54:53 #1408 INFO] compute_gmfs  81% [131 submitted, 0 queued]
[2020-10-28 22:54:54 #1408 INFO] compute_gmfs  82% [131 submitted, 0 queued]
[2020-10-28 22:54:55 #1408 INFO] compute_gmfs  83% [131 submitted, 0 queued]
[2020-10-28 22:54:55 #1408 INFO] compute_gmfs  84% [131 submitted, 0 queued]
[2020-10-28 22:54:55 #1408 INFO] compute_gmfs  85% [131 submitted, 0 queued]
[2020-10-28 22:54:56 #1408 INFO] compute_gmfs  86% [131 submitted, 0 queued]
[2020-10-28 22:54:56 #1408 INFO] compute_gmfs  87% [131 submitted, 0 queued]
[2020-10-28 22:54:57 #1408 INFO] compute_gmfs  88% [131 submitted, 0 queued]
[2020-10-28 22:54:59 #1408 INFO] compute_gmfs  89% [131 submitted, 0 queued]
[2020-10-28 22:55:01 #1408 INFO] compute_gmfs  90% [131 submitted, 0 queued]
[2020-10-28 22:55:02 #1408 INFO] compute_gmfs  91% [131 submitted, 0 queued]
[2020-10-28 22:55:02 #1408 INFO] compute_gmfs  92% [131 submitted, 0 queued]
[2020-10-28 22:55:02 #1408 INFO] compute_gmfs  93% [131 submitted, 0 queued]
[2020-10-28 22:55:08 #1408 INFO] compute_gmfs  94% [131 submitted, 0 queued]
[2020-10-28 22:55:09 #1408 INFO] compute_gmfs  95% [131 submitted, 0 queued]
[2020-10-28 22:55:12 #1408 INFO] compute_gmfs  96% [131 submitted, 0 queued]
[2020-10-28 22:55:16 #1408 INFO] compute_gmfs  97% [131 submitted, 0 queued]
[2020-10-28 22:55:20 #1408 INFO] compute_gmfs  98% [131 submitted, 0 queued]
[2020-10-28 22:55:22 #1408 INFO] compute_gmfs  99% [131 submitted, 0 queued]
[2020-10-28 22:55:28 #1408 INFO] compute_gmfs 100% [131 submitted, 0 queued]
[2020-10-28 22:55:28 #1408 INFO] Received {'gmfdata': '142.63 MB', 'times': '1.82 MB', 'sig_eps': '1.23 MB', 'hcurves': '1.79 KB'} in 316 seconds
[2020-10-28 22:55:28 #1408 INFO] Stored 41088 relevant event IDs
[2020-10-28 22:55:28 #1408 INFO] Building risk inputs from 50 realization(s)
[2020-10-28 22:55:31 #1408 INFO] Grouped the GMFs by site ID
[2020-10-28 22:55:34 #1408 INFO] Built 3719 risk inputs
[2020-10-28 22:55:37 #1408 INFO] Sent 114 tasks, 169.72 MB in 2 seconds
[2020-10-28 22:56:42 #1408 INFO] scenario_damage   1% [114 submitted, 0 queued]
[2020-10-28 22:56:51 #1408 INFO] scenario_damage   2% [114 submitted, 0 queued]
[2020-10-28 22:56:54 #1408 INFO] scenario_damage   3% [114 submitted, 0 queued]
[2020-10-28 22:56:55 #1408 INFO] scenario_damage   4% [114 submitted, 0 queued]
[2020-10-28 22:57:01 #1408 INFO] scenario_damage   5% [114 submitted, 0 queued]
[2020-10-28 22:57:01 #1408 INFO] scenario_damage   6% [114 submitted, 0 queued]
[2020-10-28 22:57:05 #1408 INFO] scenario_damage   7% [114 submitted, 0 queued]
[2020-10-28 22:57:11 #1408 INFO] scenario_damage   8% [114 submitted, 0 queued]
[2020-10-28 22:57:13 #1408 INFO] scenario_damage   9% [114 submitted, 0 queued]
[2020-10-28 22:57:14 #1408 INFO] scenario_damage  10% [114 submitted, 0 queued]
[2020-10-28 22:57:15 #1408 INFO] scenario_damage  11% [114 submitted, 0 queued]
[2020-10-28 22:57:16 #1408 INFO] scenario_damage  12% [114 submitted, 0 queued]
[2020-10-28 22:57:17 #1408 INFO] scenario_damage  13% [114 submitted, 0 queued]
[2020-10-28 22:57:17 #1408 INFO] scenario_damage  14% [114 submitted, 0 queued]
[2020-10-28 22:57:19 #1408 INFO] scenario_damage  15% [114 submitted, 0 queued]
[2020-10-28 22:57:20 #1408 INFO] scenario_damage  16% [114 submitted, 0 queued]
[2020-10-28 22:57:24 #1408 INFO] scenario_damage  17% [114 submitted, 0 queued]
[2020-10-28 22:57:25 #1408 INFO] scenario_damage  18% [114 submitted, 0 queued]
[2020-10-28 22:57:26 #1408 INFO] scenario_damage  19% [114 submitted, 0 queued]
[2020-10-28 22:57:27 #1408 INFO] scenario_damage  20% [114 submitted, 0 queued]
[2020-10-28 22:57:28 #1408 INFO] scenario_damage  21% [114 submitted, 0 queued]
[2020-10-28 22:57:31 #1408 INFO] scenario_damage  22% [114 submitted, 0 queued]
[2020-10-28 22:57:32 #1408 INFO] scenario_damage  23% [114 submitted, 0 queued]
[2020-10-28 22:57:32 #1408 INFO] scenario_damage  24% [114 submitted, 0 queued]
[2020-10-28 22:57:34 #1408 INFO] scenario_damage  25% [114 submitted, 0 queued]
[2020-10-28 22:57:36 #1408 INFO] scenario_damage  26% [114 submitted, 0 queued]
[2020-10-28 22:57:37 #1408 INFO] scenario_damage  27% [114 submitted, 0 queued]
[2020-10-28 22:57:40 #1408 INFO] scenario_damage  28% [114 submitted, 0 queued]
[2020-10-28 22:57:43 #1408 INFO] scenario_damage  29% [114 submitted, 0 queued]
[2020-10-28 22:57:46 #1408 INFO] scenario_damage  30% [114 submitted, 0 queued]
[2020-10-28 22:57:48 #1408 INFO] scenario_damage  31% [114 submitted, 0 queued]
[2020-10-28 22:57:48 #1408 INFO] scenario_damage  32% [114 submitted, 0 queued]
[2020-10-28 22:57:49 #1408 INFO] scenario_damage  33% [114 submitted, 0 queued]
[2020-10-28 22:57:50 #1408 INFO] scenario_damage  34% [114 submitted, 0 queued]
[2020-10-28 22:57:55 #1408 INFO] scenario_damage  35% [114 submitted, 0 queued]
[2020-10-28 22:58:03 #1408 INFO] scenario_damage  36% [114 submitted, 0 queued]
[2020-10-28 22:58:05 #1408 INFO] scenario_damage  37% [114 submitted, 0 queued]
[2020-10-28 22:58:22 #1408 INFO] scenario_damage  38% [114 submitted, 0 queued]
[2020-10-28 22:58:29 #1408 INFO] scenario_damage  39% [114 submitted, 0 queued]
[2020-10-28 22:58:34 #1408 INFO] scenario_damage  40% [114 submitted, 0 queued]
[2020-10-28 22:58:35 #1408 INFO] scenario_damage  41% [114 submitted, 0 queued]
[2020-10-28 22:58:38 #1408 INFO] scenario_damage  42% [114 submitted, 0 queued]
[2020-10-28 22:58:40 #1408 INFO] scenario_damage  43% [114 submitted, 0 queued]
[2020-10-28 22:58:44 #1408 INFO] scenario_damage  44% [114 submitted, 0 queued]
[2020-10-28 22:58:50 #1408 INFO] scenario_damage  45% [114 submitted, 0 queued]
[2020-10-28 22:58:52 #1408 INFO] scenario_damage  46% [114 submitted, 0 queued]
[2020-10-28 22:58:53 #1408 INFO] scenario_damage  47% [114 submitted, 0 queued]
[2020-10-28 22:58:55 #1408 INFO] scenario_damage  48% [114 submitted, 0 queued]
[2020-10-28 22:58:58 #1408 INFO] scenario_damage  49% [114 submitted, 0 queued]
[2020-10-28 22:59:01 #1408 INFO] scenario_damage  50% [114 submitted, 0 queued]
[2020-10-28 22:59:05 #1408 INFO] scenario_damage  51% [114 submitted, 0 queued]
[2020-10-28 22:59:07 #1408 INFO] scenario_damage  52% [114 submitted, 0 queued]
[2020-10-28 22:59:08 #1408 INFO] scenario_damage  53% [114 submitted, 0 queued]
[2020-10-28 22:59:13 #1408 INFO] scenario_damage  54% [114 submitted, 0 queued]
[2020-10-28 22:59:15 #1408 INFO] scenario_damage  55% [114 submitted, 0 queued]
[2020-10-28 22:59:17 #1408 INFO] scenario_damage  56% [114 submitted, 0 queued]
[2020-10-28 22:59:17 #1408 INFO] scenario_damage  57% [114 submitted, 0 queued]
[2020-10-28 22:59:18 #1408 INFO] scenario_damage  58% [114 submitted, 0 queued]
[2020-10-28 22:59:19 #1408 INFO] scenario_damage  59% [114 submitted, 0 queued]
[2020-10-28 22:59:20 #1408 INFO] scenario_damage  60% [114 submitted, 0 queued]
[2020-10-28 22:59:22 #1408 INFO] scenario_damage  61% [114 submitted, 0 queued]
[2020-10-28 22:59:22 #1408 INFO] scenario_damage  62% [114 submitted, 0 queued]
[2020-10-28 22:59:22 #1408 INFO] scenario_damage  63% [114 submitted, 0 queued]
[2020-10-28 22:59:22 #1408 INFO] scenario_damage  64% [114 submitted, 0 queued]
[2020-10-28 22:59:22 #1408 INFO] scenario_damage  65% [114 submitted, 0 queued]
[2020-10-28 22:59:22 #1408 INFO] scenario_damage  66% [114 submitted, 0 queued]
[2020-10-28 22:59:23 #1408 INFO] scenario_damage  67% [114 submitted, 0 queued]
[2020-10-28 22:59:25 #1408 INFO] scenario_damage  68% [114 submitted, 0 queued]
[2020-10-28 22:59:26 #1408 INFO] scenario_damage  69% [114 submitted, 0 queued]
[2020-10-28 22:59:28 #1408 INFO] scenario_damage  70% [114 submitted, 0 queued]
[2020-10-28 22:59:29 #1408 INFO] scenario_damage  71% [114 submitted, 0 queued]
[2020-10-28 22:59:29 #1408 INFO] scenario_damage  72% [114 submitted, 0 queued]
[2020-10-28 22:59:29 #1408 INFO] scenario_damage  73% [114 submitted, 0 queued]
[2020-10-28 22:59:30 #1408 INFO] scenario_damage  74% [114 submitted, 0 queued]
[2020-10-28 22:59:34 #1408 INFO] scenario_damage  75% [114 submitted, 0 queued]
[2020-10-28 22:59:35 #1408 INFO] scenario_damage  76% [114 submitted, 0 queued]
[2020-10-28 22:59:37 #1408 INFO] scenario_damage  77% [114 submitted, 0 queued]
[2020-10-28 22:59:37 #1408 INFO] scenario_damage  78% [114 submitted, 0 queued]
[2020-10-28 22:59:41 #1408 INFO] scenario_damage  79% [114 submitted, 0 queued]
[2020-10-28 22:59:42 #1408 INFO] scenario_damage  80% [114 submitted, 0 queued]
[2020-10-28 22:59:43 #1408 INFO] scenario_damage  81% [114 submitted, 0 queued]
[2020-10-28 22:59:47 #1408 INFO] scenario_damage  82% [114 submitted, 0 queued]
[2020-10-28 22:59:49 #1408 INFO] scenario_damage  83% [114 submitted, 0 queued]
[2020-10-28 22:59:49 #1408 INFO] scenario_damage  84% [114 submitted, 0 queued]
[2020-10-28 22:59:51 #1408 INFO] scenario_damage  85% [114 submitted, 0 queued]
[2020-10-28 22:59:55 #1408 INFO] scenario_damage  86% [114 submitted, 0 queued]
[2020-10-28 22:59:55 #1408 INFO] scenario_damage  87% [114 submitted, 0 queued]
[2020-10-28 22:59:55 #1408 INFO] scenario_damage  88% [114 submitted, 0 queued]
[2020-10-28 22:59:57 #1408 INFO] scenario_damage  89% [114 submitted, 0 queued]
[2020-10-28 22:59:58 #1408 INFO] scenario_damage  90% [114 submitted, 0 queued]
[2020-10-28 22:59:59 #1408 INFO] scenario_damage  91% [114 submitted, 0 queued]
[2020-10-28 23:00:01 #1408 INFO] scenario_damage  92% [114 submitted, 0 queued]
[2020-10-28 23:00:04 #1408 INFO] scenario_damage  93% [114 submitted, 0 queued]
[2020-10-28 23:00:05 #1408 INFO] scenario_damage  94% [114 submitted, 0 queued]
[2020-10-28 23:00:06 #1408 INFO] scenario_damage  95% [114 submitted, 0 queued]
[2020-10-28 23:00:09 #1408 INFO] scenario_damage  96% [114 submitted, 0 queued]
[2020-10-28 23:00:13 #1408 INFO] scenario_damage  97% [114 submitted, 0 queued]
[2020-10-28 23:00:17 #1408 INFO] scenario_damage  98% [114 submitted, 0 queued]
[2020-10-28 23:00:19 #1408 INFO] scenario_damage  99% [114 submitted, 0 queued]
[2020-10-28 23:00:19 #1408 INFO] scenario_damage 100% [114 submitted, 0 queued]
[2020-10-28 23:00:19 #1408 INFO] Received {'aed': '1.26 GB', 'd_asset': '236.95 MB', 'd_event': '48.22 MB'} in 282 seconds
[2020-10-28 23:00:26 #1408 INFO] Due to numeric errors the total number of assets is imprecise: {'expected': 272356.0, 'structural': 19013.78}
[2020-10-28 23:00:27 #1408 INFO] Exposing the outputs to the database
[2020-10-28 23:00:28 #1408 INFO] Stored 388.4 MB on /mnt/data/murray.journeay/oqdata/calc_1408.hdf5 in 850 seconds
  id | name
7570 | Aggregate Event Damages
7568 | Average Asset Damages
7569 | Average Asset Damages Statistics
7576 | Earthquake Ruptures
7571 | Events
7572 | Full Report
7573 | Ground Motion Fields
7574 | Input Files
7575 | Realizations
