[2020-10-26 19:05:15 #1382 INFO] murray.journeay running /mnt/data/shared/canada-2020/canada-srm2/cDamage/input/cDamage_r2_SK4740-60.ini [--hc=1319]
[2020-10-26 19:05:15 #1382 INFO] Using engine version 3.11.0-git4f03c56
[2020-10-26 19:05:15 #1382 WARNING] An error occurred while calling https://api.openquake.org/engine/latest to check if the installed version of the engine is up to date.
{"message":"API rate limit exceeded for 195.201.39.154. (But here's the good news: Authenticated requests get a higher rate limit. Check out the documentation for more details.)","documentation_url":"https://developer.github.com/v3/#rate-limiting"}

[2020-10-26 19:05:15 #1382 WARNING] Using 64 cores on gem-compute
[2020-10-26 19:05:15 #1382 INFO] Checksum of the input files: 1508585000
[2020-10-26 19:05:16 #1382 INFO] Reading the risk model if present
[2020-10-26 19:05:19 #1382 INFO] Reading /mnt/data/shared/canada-2020/model-inputs/exposure/general-building-stock/oqBldgExp_SK4740-60.xml
[2020-10-26 19:05:24 #1382 INFO] Using asset_hazard_distance=14 km instead of 15 km
[2020-10-26 19:05:27 #1382 INFO] Associated 57416 assets to 1453 sites
[2020-10-26 19:05:29 #1382 INFO] Reducing risk model from 4224 to 419 taxonomies
[2020-10-26 19:05:29 #1382 INFO] Storing risk model
[2020-10-26 19:05:31 #1382 INFO] Building risk inputs from 50 realization(s)
[2020-10-26 19:05:31 #1382 INFO] Built 1454 risk inputs
[2020-10-26 19:05:34 #1382 INFO] Sent 140 tasks, 16.84 MB in 0 seconds
[2020-10-26 19:05:41 #1382 INFO] classical_damage   1% [140 submitted, 0 queued]
[2020-10-26 19:05:41 #1382 INFO] classical_damage   2% [140 submitted, 0 queued]
[2020-10-26 19:05:42 #1382 INFO] classical_damage   3% [140 submitted, 0 queued]
[2020-10-26 19:05:42 #1382 INFO] classical_damage   4% [140 submitted, 0 queued]
[2020-10-26 19:05:42 #1382 INFO] classical_damage   5% [140 submitted, 0 queued]
[2020-10-26 19:05:42 #1382 INFO] classical_damage   6% [140 submitted, 0 queued]
[2020-10-26 19:05:43 #1382 INFO] classical_damage   7% [140 submitted, 0 queued]
[2020-10-26 19:05:43 #1382 INFO] classical_damage   8% [140 submitted, 0 queued]
[2020-10-26 19:05:43 #1382 INFO] classical_damage   9% [140 submitted, 0 queued]
[2020-10-26 19:05:44 #1382 INFO] classical_damage  10% [140 submitted, 0 queued]
[2020-10-26 19:05:44 #1382 INFO] classical_damage  11% [140 submitted, 0 queued]
[2020-10-26 19:05:44 #1382 INFO] classical_damage  12% [140 submitted, 0 queued]
[2020-10-26 19:05:44 #1382 INFO] classical_damage  13% [140 submitted, 0 queued]
[2020-10-26 19:05:44 #1382 INFO] classical_damage  14% [140 submitted, 0 queued]
[2020-10-26 19:05:44 #1382 INFO] classical_damage  15% [140 submitted, 0 queued]
[2020-10-26 19:05:44 #1382 INFO] classical_damage  16% [140 submitted, 0 queued]
[2020-10-26 19:05:45 #1382 INFO] classical_damage  17% [140 submitted, 0 queued]
[2020-10-26 19:05:46 #1382 INFO] classical_damage  18% [140 submitted, 0 queued]
[2020-10-26 19:05:46 #1382 INFO] classical_damage  19% [140 submitted, 0 queued]
[2020-10-26 19:05:46 #1382 INFO] classical_damage  20% [140 submitted, 0 queued]
[2020-10-26 19:05:47 #1382 INFO] classical_damage  21% [140 submitted, 0 queued]
[2020-10-26 19:05:47 #1382 INFO] classical_damage  22% [140 submitted, 0 queued]
[2020-10-26 19:05:47 #1382 INFO] classical_damage  23% [140 submitted, 0 queued]
[2020-10-26 19:05:47 #1382 INFO] classical_damage  24% [140 submitted, 0 queued]
[2020-10-26 19:05:47 #1382 INFO] classical_damage  25% [140 submitted, 0 queued]
[2020-10-26 19:05:48 #1382 INFO] classical_damage  26% [140 submitted, 0 queued]
[2020-10-26 19:05:48 #1382 INFO] classical_damage  27% [140 submitted, 0 queued]
[2020-10-26 19:05:48 #1382 INFO] classical_damage  28% [140 submitted, 0 queued]
[2020-10-26 19:05:48 #1382 INFO] classical_damage  29% [140 submitted, 0 queued]
[2020-10-26 19:05:48 #1382 INFO] classical_damage  30% [140 submitted, 0 queued]
[2020-10-26 19:05:49 #1382 INFO] classical_damage  31% [140 submitted, 0 queued]
[2020-10-26 19:05:49 #1382 INFO] classical_damage  32% [140 submitted, 0 queued]
[2020-10-26 19:05:49 #1382 INFO] classical_damage  33% [140 submitted, 0 queued]
[2020-10-26 19:05:49 #1382 INFO] classical_damage  34% [140 submitted, 0 queued]
[2020-10-26 19:05:49 #1382 INFO] classical_damage  35% [140 submitted, 0 queued]
[2020-10-26 19:05:50 #1382 INFO] classical_damage  36% [140 submitted, 0 queued]
[2020-10-26 19:05:50 #1382 INFO] classical_damage  37% [140 submitted, 0 queued]
[2020-10-26 19:05:50 #1382 INFO] classical_damage  38% [140 submitted, 0 queued]
[2020-10-26 19:05:50 #1382 INFO] classical_damage  39% [140 submitted, 0 queued]
[2020-10-26 19:05:50 #1382 INFO] classical_damage  40% [140 submitted, 0 queued]
[2020-10-26 19:05:50 #1382 INFO] classical_damage  41% [140 submitted, 0 queued]
[2020-10-26 19:05:51 #1382 INFO] classical_damage  42% [140 submitted, 0 queued]
[2020-10-26 19:05:51 #1382 INFO] classical_damage  43% [140 submitted, 0 queued]
[2020-10-26 19:05:51 #1382 INFO] classical_damage  44% [140 submitted, 0 queued]
[2020-10-26 19:05:51 #1382 INFO] classical_damage  45% [140 submitted, 0 queued]
[2020-10-26 19:05:52 #1382 INFO] classical_damage  46% [140 submitted, 0 queued]
[2020-10-26 19:05:52 #1382 INFO] classical_damage  47% [140 submitted, 0 queued]
[2020-10-26 19:05:52 #1382 INFO] classical_damage  48% [140 submitted, 0 queued]
[2020-10-26 19:05:53 #1382 INFO] classical_damage  49% [140 submitted, 0 queued]
[2020-10-26 19:05:53 #1382 INFO] classical_damage  50% [140 submitted, 0 queued]
[2020-10-26 19:05:53 #1382 INFO] classical_damage  51% [140 submitted, 0 queued]
[2020-10-26 19:05:54 #1382 INFO] classical_damage  52% [140 submitted, 0 queued]
[2020-10-26 19:05:54 #1382 INFO] classical_damage  53% [140 submitted, 0 queued]
[2020-10-26 19:05:54 #1382 INFO] classical_damage  54% [140 submitted, 0 queued]
[2020-10-26 19:05:54 #1382 INFO] classical_damage  55% [140 submitted, 0 queued]
[2020-10-26 19:05:54 #1382 INFO] classical_damage  56% [140 submitted, 0 queued]
[2020-10-26 19:05:54 #1382 INFO] classical_damage  57% [140 submitted, 0 queued]
[2020-10-26 19:05:54 #1382 INFO] classical_damage  58% [140 submitted, 0 queued]
[2020-10-26 19:05:54 #1382 INFO] classical_damage  59% [140 submitted, 0 queued]
[2020-10-26 19:05:55 #1382 INFO] classical_damage  60% [140 submitted, 0 queued]
[2020-10-26 19:05:55 #1382 INFO] classical_damage  61% [140 submitted, 0 queued]
[2020-10-26 19:05:55 #1382 INFO] classical_damage  62% [140 submitted, 0 queued]
[2020-10-26 19:05:55 #1382 INFO] classical_damage  63% [140 submitted, 0 queued]
[2020-10-26 19:05:55 #1382 INFO] classical_damage  64% [140 submitted, 0 queued]
[2020-10-26 19:05:55 #1382 INFO] classical_damage  65% [140 submitted, 0 queued]
[2020-10-26 19:05:55 #1382 INFO] classical_damage  66% [140 submitted, 0 queued]
[2020-10-26 19:05:56 #1382 INFO] classical_damage  67% [140 submitted, 0 queued]
[2020-10-26 19:05:56 #1382 INFO] classical_damage  68% [140 submitted, 0 queued]
[2020-10-26 19:05:56 #1382 INFO] classical_damage  69% [140 submitted, 0 queued]
[2020-10-26 19:05:56 #1382 INFO] classical_damage  70% [140 submitted, 0 queued]
[2020-10-26 19:05:56 #1382 INFO] classical_damage  71% [140 submitted, 0 queued]
[2020-10-26 19:05:56 #1382 INFO] classical_damage  72% [140 submitted, 0 queued]
[2020-10-26 19:05:56 #1382 INFO] classical_damage  73% [140 submitted, 0 queued]
[2020-10-26 19:05:56 #1382 INFO] classical_damage  74% [140 submitted, 0 queued]
[2020-10-26 19:05:57 #1382 INFO] classical_damage  75% [140 submitted, 0 queued]
[2020-10-26 19:05:57 #1382 INFO] classical_damage  76% [140 submitted, 0 queued]
[2020-10-26 19:05:57 #1382 INFO] classical_damage  77% [140 submitted, 0 queued]
[2020-10-26 19:05:57 #1382 INFO] classical_damage  78% [140 submitted, 0 queued]
[2020-10-26 19:05:57 #1382 INFO] classical_damage  79% [140 submitted, 0 queued]
[2020-10-26 19:05:57 #1382 INFO] classical_damage  80% [140 submitted, 0 queued]
[2020-10-26 19:05:57 #1382 INFO] classical_damage  81% [140 submitted, 0 queued]
[2020-10-26 19:05:57 #1382 INFO] classical_damage  82% [140 submitted, 0 queued]
[2020-10-26 19:05:57 #1382 INFO] classical_damage  83% [140 submitted, 0 queued]
[2020-10-26 19:05:57 #1382 INFO] classical_damage  84% [140 submitted, 0 queued]
[2020-10-26 19:05:58 #1382 INFO] classical_damage  85% [140 submitted, 0 queued]
[2020-10-26 19:05:58 #1382 INFO] classical_damage  86% [140 submitted, 0 queued]
[2020-10-26 19:05:58 #1382 INFO] classical_damage  87% [140 submitted, 0 queued]
[2020-10-26 19:05:58 #1382 INFO] classical_damage  88% [140 submitted, 0 queued]
[2020-10-26 19:05:58 #1382 INFO] classical_damage  89% [140 submitted, 0 queued]
[2020-10-26 19:05:58 #1382 INFO] classical_damage  90% [140 submitted, 0 queued]
[2020-10-26 19:05:58 #1382 INFO] classical_damage  91% [140 submitted, 0 queued]
[2020-10-26 19:05:59 #1382 INFO] classical_damage  92% [140 submitted, 0 queued]
[2020-10-26 19:05:59 #1382 INFO] classical_damage  93% [140 submitted, 0 queued]
[2020-10-26 19:05:59 #1382 INFO] classical_damage  94% [140 submitted, 0 queued]
[2020-10-26 19:05:59 #1382 INFO] classical_damage  95% [140 submitted, 0 queued]
[2020-10-26 19:05:59 #1382 INFO] classical_damage  96% [140 submitted, 0 queued]
[2020-10-26 19:06:00 #1382 INFO] classical_damage  97% [140 submitted, 0 queued]
[2020-10-26 19:06:00 #1382 INFO] classical_damage  98% [140 submitted, 0 queued]
[2020-10-26 19:06:01 #1382 INFO] classical_damage  99% [140 submitted, 0 queued]
[2020-10-26 19:06:03 #1382 INFO] classical_damage 100% [140 submitted, 0 queued]
[2020-10-26 19:06:03 #1382 INFO] Received {'tot': '63.3 MB'} in 28 seconds
[2020-10-26 19:06:03 #1382 INFO] Exposing the outputs to the database
[2020-10-26 19:06:03 #1382 INFO] Stored 83.08 MB on /mnt/data/murray.journeay/oqdata/calc_1382.hdf5 in 48 seconds
  id | name
7349 | Asset Damage Distributions
7350 | Asset Damage Statistics
7351 | Full Report
7352 | Realizations
