[2020-10-18 02:18:42 #1289 INFO] murray.journeay running /mnt/data/shared/canada-2020/canada-srm2/ebRisk/input/ebRisk_b0_NT.ini [--hc=None]
[2020-10-18 02:18:42 #1289 INFO] Using engine version 3.11.0-git4f03c56
[2020-10-18 02:18:43 #1289 WARNING] Using 64 cores on gem-compute
[2020-10-18 02:18:43 #1289 INFO] Validated nationalModel.xml in 0.01 seconds
[2020-10-18 02:18:43 #1289 INFO] Checksum of the input files: 2804627169
[2020-10-18 02:18:43 #1289 INFO] Reading the risk model if present
[2020-10-18 02:18:55 #1289 INFO] Reading /mnt/data/shared/canada-2020/model-inputs/exposure/general-building-stock/oqBldgExp_NT.xml
[2020-10-18 02:18:56 #1289 INFO] Extracting the hazard sites from the site model
[2020-10-18 02:19:00 #1289 INFO] Associated 2828 assets to 162 sites
[2020-10-18 02:19:00 #1289 INFO] Reducing risk model from 7260 to 258 taxonomies
[2020-10-18 02:19:02 #1289 INFO] Considering 50 logic tree paths out of 24_576
[2020-10-18 02:19:02 #1289 INFO] 6 effective smlt realization(s)
[2020-10-18 02:19:02 #1289 INFO] Reading the source model(s) in parallel
[2020-10-18 02:19:04 #1289 INFO] read_source_model  16% [6 submitted, 0 queued]
[2020-10-18 02:19:04 #1289 INFO] read_source_model  33% [6 submitted, 0 queued]
[2020-10-18 02:19:04 #1289 INFO] read_source_model  50% [6 submitted, 0 queued]
[2020-10-18 02:19:04 #1289 INFO] read_source_model  66% [6 submitted, 0 queued]
[2020-10-18 02:19:04 #1289 INFO] read_source_model  83% [6 submitted, 0 queued]
[2020-10-18 02:19:05 #1289 INFO] read_source_model 100% [6 submitted, 0 queued]
[2020-10-18 02:19:05 #1289 INFO] Received {'/mnt/data/shared/canada-2020/CanadaSHM6/OpenQuake_model_files/sources/nationalModel/xml/simplifiedModel/WCan_HYeast_Harctic_simplified_collapsedRates.xml': '141.06 KB', '/mnt/data/shared/canada-2020/CanadaSHM6/OpenQuake_model_files/sources/nationalModel/xml/simplifiedModel/WCan_H2east_Harctic_simplified_collapsedRates.xml': '135.23 KB', '/mnt/data/shared/canada-2020/CanadaSHM6/OpenQuake_model_files/sources/nationalModel/xml/simplifiedModel/WCan_HYeast_Rarctic_simplified_collapsedRates.xml': '134.61 KB', '/mnt/data/shared/canada-2020/CanadaSHM6/OpenQuake_model_files/sources/nationalModel/xml/simplifiedModel/WCan_H2east_Rarctic_simplified_collapsedRates.xml': '128.78 KB', '/mnt/data/shared/canada-2020/CanadaSHM6/OpenQuake_model_files/sources/nationalModel/xml/simplifiedModel/WCan_R2east_Harctic_simplified_collapsedRates.xml': '119.91 KB', '/mnt/data/shared/canada-2020/CanadaSHM6/OpenQuake_model_files/sources/nationalModel/xml/simplifiedModel/WCan_R2east_Rarctic_simplified_collapsedRates.xml': '113.68 KB'} in 1 seconds
[2020-10-18 02:19:05 #1289 WARNING] There are multiple different sources with the same ID [<AreaSource SCCCT>, <AreaSource SCCCT>, <AreaSource SCCCT>, <AreaSource SCCCT>, <AreaSource SCCCT>, <AreaSource SCCCT>]
[2020-10-18 02:20:39 #1289 INFO] There are 195 sources
[2020-10-18 02:20:39 #1289 INFO] Checking the sources bounding box
[2020-10-18 02:20:39 #1289 ERROR] source ACM: The buffer of 600 km is too large, the bounding box is larger than half the globe: 219 degrees
[2020-10-18 02:20:40 #1289 INFO] Rupture floating factor = 1.6265060240963856
[2020-10-18 02:20:40 #1289 INFO] Rupture spinning factor = 3.2710843373493974
[2020-10-18 02:20:40 #1289 INFO] gzipping the input files
[2020-10-18 02:20:43 #1289 INFO] Storing risk model
[2020-10-18 02:20:45 #1289 INFO] minimum_intensity={'SA(0.3)': 0.1, 'SA(0.6)': 0.05, 'SA(1.0)': 0.05, 'SA(2.0)': 0.05, 'SA(0.5)': 0.1}
[2020-10-18 02:20:45 #1289 INFO] Building ruptures
[2020-10-18 02:20:45 #1289 INFO] Sending <SourceGroup Subduction IntraSlab30, 1 source(s)>
[2020-10-18 02:20:45 #1289 INFO] Sending <SourceGroup Subduction IntraSlab55, 4 source(s)>
[2020-10-18 02:20:45 #1289 INFO] Sending <SourceGroup Subduction Interface, 13 source(s)>
[2020-10-18 02:20:45 #1289 INFO] Sending <SourceGroup Stable Shallow Crust, 120 source(s)>
[2020-10-18 02:20:45 #1289 INFO] Sending <SourceGroup Active Shallow Crust, 59 source(s)>
[2020-10-18 02:20:46 #1289 INFO] Sent 64 tasks, 57.01 MB in 0 seconds
[2020-10-18 02:20:48 #1289 INFO] sample_ruptures   1% [65 submitted, 19 queued]
[2020-10-18 02:20:48 #1289 INFO] sample_ruptures   2% [66 submitted, 18 queued]
[2020-10-18 02:20:48 #1289 INFO] sample_ruptures   3% [67 submitted, 17 queued]
[2020-10-18 02:20:48 #1289 INFO] sample_ruptures   4% [68 submitted, 16 queued]
[2020-10-18 02:20:48 #1289 INFO] sample_ruptures   5% [69 submitted, 15 queued]
[2020-10-18 02:20:48 #1289 INFO] sample_ruptures   7% [70 submitted, 14 queued]
[2020-10-18 02:20:48 #1289 INFO] sample_ruptures   8% [71 submitted, 13 queued]
[2020-10-18 02:20:48 #1289 INFO] sample_ruptures   9% [72 submitted, 12 queued]
[2020-10-18 02:20:48 #1289 INFO] sample_ruptures  10% [73 submitted, 11 queued]
[2020-10-18 02:20:48 #1289 INFO] sample_ruptures  11% [74 submitted, 10 queued]
[2020-10-18 02:20:48 #1289 INFO] sample_ruptures  13% [75 submitted, 9 queued]
[2020-10-18 02:20:48 #1289 INFO] sample_ruptures  14% [76 submitted, 8 queued]
[2020-10-18 02:20:48 #1289 INFO] sample_ruptures  15% [77 submitted, 7 queued]
[2020-10-18 02:20:49 #1289 INFO] sample_ruptures  16% [78 submitted, 6 queued]
[2020-10-18 02:20:49 #1289 INFO] sample_ruptures  17% [79 submitted, 5 queued]
[2020-10-18 02:20:49 #1289 INFO] sample_ruptures  19% [80 submitted, 4 queued]
[2020-10-18 02:20:49 #1289 INFO] sample_ruptures  20% [81 submitted, 3 queued]
[2020-10-18 02:20:49 #1289 INFO] sample_ruptures  21% [82 submitted, 2 queued]
[2020-10-18 02:20:49 #1289 INFO] sample_ruptures  22% [83 submitted, 1 queued]
[2020-10-18 02:20:49 #1289 INFO] sample_ruptures  23% [84 submitted, 0 queued]
[2020-10-18 02:20:49 #1289 INFO] sample_ruptures  25% [84 submitted, 0 queued]
[2020-10-18 02:20:49 #1289 INFO] sample_ruptures  26% [84 submitted, 0 queued]
[2020-10-18 02:20:49 #1289 INFO] sample_ruptures  27% [84 submitted, 0 queued]
[2020-10-18 02:20:49 #1289 INFO] sample_ruptures  28% [84 submitted, 0 queued]
[2020-10-18 02:20:49 #1289 INFO] sample_ruptures  29% [84 submitted, 0 queued]
[2020-10-18 02:20:49 #1289 INFO] sample_ruptures  30% [84 submitted, 0 queued]
[2020-10-18 02:20:49 #1289 INFO] sample_ruptures  32% [84 submitted, 0 queued]
[2020-10-18 02:20:49 #1289 INFO] sample_ruptures  33% [84 submitted, 0 queued]
[2020-10-18 02:20:49 #1289 INFO] sample_ruptures  34% [84 submitted, 0 queued]
[2020-10-18 02:20:49 #1289 INFO] sample_ruptures  35% [84 submitted, 0 queued]
[2020-10-18 02:20:49 #1289 INFO] sample_ruptures  36% [84 submitted, 0 queued]
[2020-10-18 02:20:49 #1289 INFO] sample_ruptures  38% [84 submitted, 0 queued]
[2020-10-18 02:20:49 #1289 INFO] sample_ruptures  39% [84 submitted, 0 queued]
[2020-10-18 02:20:49 #1289 INFO] sample_ruptures  40% [84 submitted, 0 queued]
[2020-10-18 02:20:49 #1289 INFO] sample_ruptures  41% [84 submitted, 0 queued]
[2020-10-18 02:20:50 #1289 INFO] sample_ruptures  42% [84 submitted, 0 queued]
[2020-10-18 02:20:50 #1289 INFO] sample_ruptures  44% [84 submitted, 0 queued]
[2020-10-18 02:20:50 #1289 INFO] sample_ruptures  45% [84 submitted, 0 queued]
[2020-10-18 02:20:50 #1289 INFO] sample_ruptures  46% [84 submitted, 0 queued]
[2020-10-18 02:20:50 #1289 INFO] sample_ruptures  47% [84 submitted, 0 queued]
[2020-10-18 02:20:50 #1289 INFO] sample_ruptures  48% [84 submitted, 0 queued]
[2020-10-18 02:20:50 #1289 INFO] sample_ruptures  50% [84 submitted, 0 queued]
[2020-10-18 02:20:50 #1289 INFO] sample_ruptures  51% [84 submitted, 0 queued]
[2020-10-18 02:20:50 #1289 INFO] sample_ruptures  52% [84 submitted, 0 queued]
[2020-10-18 02:20:50 #1289 INFO] sample_ruptures  53% [84 submitted, 0 queued]
[2020-10-18 02:20:50 #1289 INFO] sample_ruptures  54% [84 submitted, 0 queued]
[2020-10-18 02:20:50 #1289 INFO] sample_ruptures  55% [84 submitted, 0 queued]
[2020-10-18 02:20:50 #1289 INFO] sample_ruptures  57% [84 submitted, 0 queued]
[2020-10-18 02:20:50 #1289 INFO] sample_ruptures  58% [84 submitted, 0 queued]
[2020-10-18 02:20:50 #1289 INFO] sample_ruptures  59% [84 submitted, 0 queued]
[2020-10-18 02:20:50 #1289 INFO] sample_ruptures  60% [84 submitted, 0 queued]
[2020-10-18 02:20:50 #1289 INFO] sample_ruptures  61% [84 submitted, 0 queued]
[2020-10-18 02:20:50 #1289 INFO] sample_ruptures  63% [84 submitted, 0 queued]
[2020-10-18 02:20:50 #1289 INFO] sample_ruptures  64% [84 submitted, 0 queued]
[2020-10-18 02:20:50 #1289 INFO] sample_ruptures  65% [84 submitted, 0 queued]
[2020-10-18 02:20:50 #1289 INFO] sample_ruptures  66% [84 submitted, 0 queued]
[2020-10-18 02:20:53 #1289 INFO] sample_ruptures  67% [84 submitted, 0 queued]
[2020-10-18 02:20:53 #1289 INFO] sample_ruptures  69% [84 submitted, 0 queued]
[2020-10-18 02:20:54 #1289 INFO] sample_ruptures  70% [84 submitted, 0 queued]
[2020-10-18 02:20:55 #1289 INFO] sample_ruptures  71% [84 submitted, 0 queued]
[2020-10-18 02:21:07 #1289 INFO] sample_ruptures  72% [84 submitted, 0 queued]
[2020-10-18 02:21:12 #1289 INFO] sample_ruptures  73% [84 submitted, 0 queued]
[2020-10-18 02:21:21 #1289 INFO] sample_ruptures  75% [84 submitted, 0 queued]
[2020-10-18 02:21:26 #1289 INFO] sample_ruptures  76% [84 submitted, 0 queued]
[2020-10-18 02:21:30 #1289 INFO] sample_ruptures  77% [84 submitted, 0 queued]
[2020-10-18 02:21:33 #1289 INFO] sample_ruptures  78% [84 submitted, 0 queued]
[2020-10-18 02:21:34 #1289 INFO] sample_ruptures  79% [84 submitted, 0 queued]
[2020-10-18 02:21:39 #1289 INFO] sample_ruptures  80% [84 submitted, 0 queued]
[2020-10-18 02:21:39 #1289 INFO] sample_ruptures  82% [84 submitted, 0 queued]
[2020-10-18 02:21:40 #1289 INFO] sample_ruptures  83% [84 submitted, 0 queued]
[2020-10-18 02:21:45 #1289 INFO] sample_ruptures  84% [84 submitted, 0 queued]
[2020-10-18 02:21:47 #1289 INFO] sample_ruptures  85% [84 submitted, 0 queued]
[2020-10-18 02:21:59 #1289 INFO] sample_ruptures  86% [84 submitted, 0 queued]
[2020-10-18 02:22:10 #1289 INFO] sample_ruptures  88% [84 submitted, 0 queued]
[2020-10-18 02:22:41 #1289 INFO] sample_ruptures  89% [84 submitted, 0 queued]
[2020-10-18 02:23:00 #1289 INFO] sample_ruptures  90% [84 submitted, 0 queued]
[2020-10-18 02:23:29 #1289 INFO] sample_ruptures  91% [84 submitted, 0 queued]
[2020-10-18 02:23:29 #1289 INFO] sample_ruptures  92% [84 submitted, 0 queued]
[2020-10-18 02:23:39 #1289 INFO] sample_ruptures  94% [84 submitted, 0 queued]
[2020-10-18 02:25:10 #1289 INFO] sample_ruptures  95% [84 submitted, 0 queued]
[2020-10-18 02:25:16 #1289 INFO] sample_ruptures  96% [84 submitted, 0 queued]
[2020-10-18 02:27:23 #1289 INFO] sample_ruptures  97% [84 submitted, 0 queued]
[2020-10-18 02:28:41 #1289 INFO] sample_ruptures  98% [84 submitted, 0 queued]
[2020-10-18 02:30:19 #1289 INFO] sample_ruptures 100% [84 submitted, 0 queued]
[2020-10-18 02:30:19 #1289 INFO] Received {'rup_array': '483.71 MB', 'calc_times': '20.04 KB', 'eff_ruptures': '3.5 KB'} in 573 seconds
[2020-10-18 02:30:20 #1289 INFO] There are 50 realization(s)
[2020-10-18 02:30:20 #1289 INFO] Reordering the ruptures and storing the events
[2020-10-18 02:30:23 #1289 INFO] Associating event_id -> rlz_id for 3_246_520 events and 2_327_592 ruptures
[2020-10-18 02:31:29 #1289 INFO] Sent 132 tasks, 250.99 MB in 61 seconds
[2020-10-18 02:31:33 #1289 INFO] Received {'tot': '31 MB'} in 4 seconds
[2020-10-18 02:31:52 #1289 INFO] minimum_asset_loss={'contents': 0, 'nonstructural': 0, 'structural': 0}
[2020-10-18 02:31:52 #1289 INFO] minimum_intensity={'SA(0.3)': 0.1, 'SA(0.6)': 0.05, 'SA(1.0)': 0.05, 'SA(2.0)': 0.05, 'SA(0.5)': 0.1}
[2020-10-18 02:31:52 #1289 INFO] Sending 2_327_592 ruptures
[2020-10-18 02:33:47 #1289 INFO] Sent 132 tasks, 255.61 MB in 110 seconds
[2020-10-18 02:40:38 #1289 INFO] start_ebrisk   1% [132 submitted, 0 queued]
[2020-10-18 02:40:38 #1289 INFO] start_ebrisk   2% [132 submitted, 0 queued]
[2020-10-18 02:40:46 #1289 INFO] start_ebrisk   3% [132 submitted, 0 queued]
[2020-10-18 02:40:50 #1289 INFO] start_ebrisk   4% [132 submitted, 0 queued]
[2020-10-18 02:40:54 #1289 INFO] start_ebrisk   5% [132 submitted, 0 queued]
[2020-10-18 02:40:59 #1289 INFO] start_ebrisk   6% [132 submitted, 0 queued]
[2020-10-18 02:41:07 #1289 INFO] start_ebrisk   7% [132 submitted, 0 queued]
[2020-10-18 02:41:12 #1289 INFO] start_ebrisk   8% [132 submitted, 0 queued]
[2020-10-18 02:41:14 #1289 INFO] start_ebrisk   9% [132 submitted, 0 queued]
[2020-10-18 02:41:17 #1289 INFO] start_ebrisk  10% [132 submitted, 0 queued]
[2020-10-18 02:41:31 #1289 INFO] start_ebrisk  11% [132 submitted, 0 queued]
[2020-10-18 02:41:33 #1289 INFO] start_ebrisk  12% [132 submitted, 0 queued]
[2020-10-18 02:42:33 #1289 INFO] start_ebrisk  13% [132 submitted, 0 queued]
[2020-10-18 02:44:36 #1289 INFO] start_ebrisk  14% [132 submitted, 0 queued]
[2020-10-18 02:44:47 #1289 INFO] start_ebrisk  15% [132 submitted, 0 queued]
[2020-10-18 02:45:38 #1289 INFO] start_ebrisk  16% [132 submitted, 0 queued]
[2020-10-18 02:46:22 #1289 INFO] start_ebrisk  17% [132 submitted, 0 queued]
[2020-10-18 02:46:38 #1289 INFO] start_ebrisk  18% [132 submitted, 0 queued]
[2020-10-18 02:46:51 #1289 INFO] start_ebrisk  19% [132 submitted, 0 queued]
[2020-10-18 02:46:52 #1289 INFO] start_ebrisk  20% [132 submitted, 0 queued]
[2020-10-18 02:46:56 #1289 INFO] start_ebrisk  21% [132 submitted, 0 queued]
[2020-10-18 02:46:59 #1289 INFO] start_ebrisk  22% [132 submitted, 0 queued]
[2020-10-18 02:46:59 #1289 INFO] start_ebrisk  23% [132 submitted, 0 queued]
[2020-10-18 02:47:00 #1289 INFO] start_ebrisk  24% [132 submitted, 0 queued]
[2020-10-18 02:47:04 #1289 INFO] start_ebrisk  25% [132 submitted, 0 queued]
[2020-10-18 02:47:04 #1289 INFO] start_ebrisk  26% [132 submitted, 0 queued]
[2020-10-18 02:47:07 #1289 INFO] start_ebrisk  27% [132 submitted, 0 queued]
[2020-10-18 02:47:09 #1289 INFO] start_ebrisk  28% [132 submitted, 0 queued]
[2020-10-18 02:47:14 #1289 INFO] start_ebrisk  29% [132 submitted, 0 queued]
[2020-10-18 02:47:18 #1289 INFO] start_ebrisk  30% [132 submitted, 0 queued]
[2020-10-18 02:47:24 #1289 INFO] start_ebrisk  31% [132 submitted, 0 queued]
[2020-10-18 02:47:29 #1289 INFO] start_ebrisk  32% [132 submitted, 0 queued]
[2020-10-18 02:47:31 #1289 INFO] start_ebrisk  33% [132 submitted, 0 queued]
[2020-10-18 02:47:32 #1289 INFO] start_ebrisk  34% [132 submitted, 0 queued]
[2020-10-18 02:47:33 #1289 INFO] start_ebrisk  35% [132 submitted, 0 queued]
[2020-10-18 02:47:34 #1289 INFO] start_ebrisk  36% [132 submitted, 0 queued]
[2020-10-18 02:47:36 #1289 INFO] start_ebrisk  37% [132 submitted, 0 queued]
[2020-10-18 02:47:47 #1289 INFO] start_ebrisk  38% [132 submitted, 0 queued]
[2020-10-18 02:47:47 #1289 INFO] start_ebrisk  39% [132 submitted, 0 queued]
[2020-10-18 02:47:53 #1289 INFO] start_ebrisk  40% [132 submitted, 0 queued]
[2020-10-18 02:47:57 #1289 INFO] start_ebrisk  41% [132 submitted, 0 queued]
[2020-10-18 02:47:59 #1289 INFO] start_ebrisk  42% [132 submitted, 0 queued]
[2020-10-18 02:48:00 #1289 INFO] start_ebrisk  43% [132 submitted, 0 queued]
[2020-10-18 02:48:16 #1289 INFO] start_ebrisk  44% [132 submitted, 0 queued]
[2020-10-18 02:48:19 #1289 INFO] start_ebrisk  45% [132 submitted, 0 queued]
[2020-10-18 02:48:25 #1289 INFO] start_ebrisk  46% [132 submitted, 0 queued]
[2020-10-18 02:48:49 #1289 INFO] start_ebrisk  47% [132 submitted, 0 queued]
[2020-10-18 02:48:56 #1289 INFO] start_ebrisk  48% [132 submitted, 0 queued]
[2020-10-18 02:49:46 #1289 INFO] start_ebrisk  49% [132 submitted, 0 queued]
[2020-10-18 02:49:52 #1289 INFO] start_ebrisk  50% [132 submitted, 0 queued]
[2020-10-18 02:50:00 #1289 INFO] start_ebrisk  51% [132 submitted, 0 queued]
[2020-10-18 02:50:03 #1289 INFO] start_ebrisk  52% [132 submitted, 0 queued]
[2020-10-18 02:50:55 #1289 INFO] start_ebrisk  53% [132 submitted, 0 queued]
[2020-10-18 02:52:05 #1289 INFO] start_ebrisk  54% [132 submitted, 0 queued]
[2020-10-18 02:52:25 #1289 INFO] start_ebrisk  55% [132 submitted, 0 queued]
[2020-10-18 02:52:48 #1289 INFO] start_ebrisk  56% [132 submitted, 0 queued]
[2020-10-18 02:53:12 #1289 INFO] start_ebrisk  57% [132 submitted, 0 queued]
[2020-10-18 02:53:21 #1289 INFO] start_ebrisk  58% [132 submitted, 0 queued]
[2020-10-18 02:53:23 #1289 INFO] start_ebrisk  59% [132 submitted, 0 queued]
[2020-10-18 02:53:24 #1289 INFO] start_ebrisk  60% [132 submitted, 0 queued]
[2020-10-18 02:53:26 #1289 INFO] start_ebrisk  61% [132 submitted, 0 queued]
[2020-10-18 02:53:33 #1289 INFO] start_ebrisk  62% [132 submitted, 0 queued]
[2020-10-18 02:53:48 #1289 INFO] start_ebrisk  63% [132 submitted, 0 queued]
[2020-10-18 02:54:01 #1289 INFO] start_ebrisk  64% [132 submitted, 0 queued]
[2020-10-18 02:54:02 #1289 INFO] start_ebrisk  65% [132 submitted, 0 queued]
[2020-10-18 02:54:23 #1289 INFO] start_ebrisk  66% [132 submitted, 0 queued]
[2020-10-18 02:54:26 #1289 INFO] start_ebrisk  67% [132 submitted, 0 queued]
[2020-10-18 02:54:30 #1289 INFO] start_ebrisk  68% [132 submitted, 0 queued]
[2020-10-18 02:54:42 #1289 INFO] start_ebrisk  69% [132 submitted, 0 queued]
[2020-10-18 02:54:44 #1289 INFO] start_ebrisk  70% [132 submitted, 0 queued]
[2020-10-18 02:54:45 #1289 INFO] start_ebrisk  71% [132 submitted, 0 queued]
[2020-10-18 02:55:03 #1289 INFO] start_ebrisk  72% [132 submitted, 0 queued]
[2020-10-18 02:55:05 #1289 INFO] start_ebrisk  73% [132 submitted, 0 queued]
[2020-10-18 02:55:06 #1289 INFO] start_ebrisk  74% [132 submitted, 0 queued]
[2020-10-18 02:55:13 #1289 INFO] start_ebrisk  75% [132 submitted, 0 queued]
[2020-10-18 02:55:21 #1289 INFO] start_ebrisk  76% [132 submitted, 0 queued]
[2020-10-18 02:55:39 #1289 INFO] start_ebrisk  77% [132 submitted, 0 queued]
[2020-10-18 02:55:44 #1289 INFO] start_ebrisk  78% [132 submitted, 0 queued]
[2020-10-18 02:56:11 #1289 INFO] start_ebrisk  79% [132 submitted, 0 queued]
[2020-10-18 02:56:17 #1289 INFO] start_ebrisk  80% [132 submitted, 0 queued]
[2020-10-18 02:56:21 #1289 INFO] start_ebrisk  81% [132 submitted, 0 queued]
[2020-10-18 02:56:43 #1289 INFO] start_ebrisk  82% [132 submitted, 0 queued]
[2020-10-18 02:57:02 #1289 INFO] start_ebrisk  83% [132 submitted, 0 queued]
[2020-10-18 02:57:05 #1289 INFO] start_ebrisk  84% [132 submitted, 0 queued]
[2020-10-18 02:57:07 #1289 INFO] start_ebrisk  85% [132 submitted, 0 queued]
[2020-10-18 02:57:18 #1289 INFO] start_ebrisk  86% [132 submitted, 0 queued]
[2020-10-18 02:57:19 #1289 INFO] start_ebrisk  87% [132 submitted, 0 queued]
[2020-10-18 02:57:23 #1289 INFO] start_ebrisk  88% [132 submitted, 0 queued]
[2020-10-18 02:57:24 #1289 INFO] start_ebrisk  89% [132 submitted, 0 queued]
[2020-10-18 02:57:35 #1289 INFO] start_ebrisk  90% [132 submitted, 0 queued]
[2020-10-18 02:57:50 #1289 INFO] start_ebrisk  91% [132 submitted, 0 queued]
[2020-10-18 02:57:55 #1289 INFO] start_ebrisk  92% [132 submitted, 0 queued]
[2020-10-18 03:00:15 #1289 INFO] start_ebrisk  93% [132 submitted, 0 queued]
[2020-10-18 03:03:49 #1289 INFO] start_ebrisk  94% [132 submitted, 0 queued]
[2020-10-18 03:07:52 #1289 INFO] start_ebrisk  95% [132 submitted, 0 queued]
[2020-10-18 03:10:13 #1289 INFO] start_ebrisk  96% [132 submitted, 0 queued]
[2020-10-18 03:15:15 #1289 INFO] start_ebrisk  97% [132 submitted, 0 queued]
[2020-10-18 03:17:49 #1289 INFO] start_ebrisk  98% [132 submitted, 0 queued]
[2020-10-18 03:17:56 #1289 INFO] start_ebrisk  99% [132 submitted, 0 queued]
[2020-10-18 03:22:14 #1289 INFO] start_ebrisk 100% [132 submitted, 0 queued]
[2020-10-18 03:22:14 #1289 INFO] Received {'alt': '14.28 MB', 'gmf_info': '5.17 MB', 'losses_by_A': '4.29 MB', 'elt': '3.59 MB', 'numlosses': '21.27 KB', 'events_per_sid': '2.71 KB'} in 2906 seconds
[2020-10-18 03:22:14 #1289 INFO] Produced 47.97 MB of GMFs
[2020-10-18 03:22:14 #1289 INFO] Considered 18_456_386 / 46_483_831 losses
[2020-10-18 03:22:14 #1289 INFO] Building src_loss_table
[2020-10-18 03:22:15 #1289 INFO] Producing 3(loss_types) x 3(fsauid) x 6(GenOcc) x 7(GenType) loss curves
[2020-10-18 03:22:45 #1289 INFO] post_ebrisk   1% [66 submitted, 60 queued]
[2020-10-18 03:22:46 #1289 INFO] post_ebrisk   2% [67 submitted, 59 queued]
[2020-10-18 03:22:51 #1289 INFO] post_ebrisk   3% [68 submitted, 58 queued]
[2020-10-18 03:22:51 #1289 INFO] post_ebrisk   4% [70 submitted, 56 queued]
[2020-10-18 03:22:51 #1289 INFO] post_ebrisk   5% [71 submitted, 55 queued]
[2020-10-18 03:22:51 #1289 INFO] post_ebrisk   6% [72 submitted, 54 queued]
[2020-10-18 03:22:51 #1289 INFO] post_ebrisk   7% [73 submitted, 53 queued]
[2020-10-18 03:22:51 #1289 INFO] post_ebrisk   8% [75 submitted, 51 queued]
[2020-10-18 03:22:51 #1289 INFO] post_ebrisk   9% [76 submitted, 50 queued]
[2020-10-18 03:22:51 #1289 INFO] post_ebrisk  10% [77 submitted, 49 queued]
[2020-10-18 03:22:51 #1289 INFO] post_ebrisk  11% [78 submitted, 48 queued]
[2020-10-18 03:22:51 #1289 INFO] post_ebrisk  12% [80 submitted, 46 queued]
[2020-10-18 03:22:51 #1289 INFO] post_ebrisk  13% [81 submitted, 45 queued]
[2020-10-18 03:22:51 #1289 INFO] post_ebrisk  14% [82 submitted, 44 queued]
[2020-10-18 03:22:51 #1289 INFO] post_ebrisk  15% [83 submitted, 43 queued]
[2020-10-18 03:22:51 #1289 INFO] post_ebrisk  16% [85 submitted, 41 queued]
[2020-10-18 03:22:51 #1289 INFO] post_ebrisk  17% [86 submitted, 40 queued]
[2020-10-18 03:22:51 #1289 INFO] post_ebrisk  18% [87 submitted, 39 queued]
[2020-10-18 03:22:52 #1289 INFO] post_ebrisk  19% [88 submitted, 38 queued]
[2020-10-18 03:22:52 #1289 INFO] post_ebrisk  20% [90 submitted, 36 queued]
[2020-10-18 03:22:52 #1289 INFO] post_ebrisk  21% [91 submitted, 35 queued]
[2020-10-18 03:22:52 #1289 INFO] post_ebrisk  22% [92 submitted, 34 queued]
[2020-10-18 03:22:52 #1289 INFO] post_ebrisk  23% [93 submitted, 33 queued]
[2020-10-18 03:22:52 #1289 INFO] post_ebrisk  24% [95 submitted, 31 queued]
[2020-10-18 03:22:52 #1289 INFO] post_ebrisk  25% [96 submitted, 30 queued]
[2020-10-18 03:22:52 #1289 INFO] post_ebrisk  26% [97 submitted, 29 queued]
[2020-10-18 03:22:52 #1289 INFO] post_ebrisk  27% [99 submitted, 27 queued]
[2020-10-18 03:22:52 #1289 INFO] post_ebrisk  28% [100 submitted, 26 queued]
[2020-10-18 03:22:52 #1289 INFO] post_ebrisk  29% [101 submitted, 25 queued]
[2020-10-18 03:22:52 #1289 INFO] post_ebrisk  30% [102 submitted, 24 queued]
[2020-10-18 03:22:52 #1289 INFO] post_ebrisk  31% [104 submitted, 22 queued]
[2020-10-18 03:22:52 #1289 INFO] post_ebrisk  32% [105 submitted, 21 queued]
[2020-10-18 03:22:52 #1289 INFO] post_ebrisk  33% [106 submitted, 20 queued]
[2020-10-18 03:22:52 #1289 INFO] post_ebrisk  34% [107 submitted, 19 queued]
[2020-10-18 03:22:52 #1289 INFO] post_ebrisk  35% [109 submitted, 17 queued]
[2020-10-18 03:22:52 #1289 INFO] post_ebrisk  36% [110 submitted, 16 queued]
[2020-10-18 03:22:52 #1289 INFO] post_ebrisk  37% [111 submitted, 15 queued]
[2020-10-18 03:22:52 #1289 INFO] post_ebrisk  38% [112 submitted, 14 queued]
[2020-10-18 03:22:53 #1289 INFO] post_ebrisk  39% [114 submitted, 12 queued]
[2020-10-18 03:22:53 #1289 INFO] post_ebrisk  40% [115 submitted, 11 queued]
[2020-10-18 03:22:53 #1289 INFO] post_ebrisk  41% [116 submitted, 10 queued]
[2020-10-18 03:22:53 #1289 INFO] post_ebrisk  42% [117 submitted, 9 queued]
[2020-10-18 03:22:53 #1289 INFO] post_ebrisk  43% [119 submitted, 7 queued]
[2020-10-18 03:22:53 #1289 INFO] post_ebrisk  44% [120 submitted, 6 queued]
[2020-10-18 03:22:53 #1289 INFO] post_ebrisk  45% [121 submitted, 5 queued]
[2020-10-18 03:22:53 #1289 INFO] post_ebrisk  46% [122 submitted, 4 queued]
[2020-10-18 03:22:53 #1289 INFO] post_ebrisk  47% [124 submitted, 2 queued]
[2020-10-18 03:22:53 #1289 INFO] post_ebrisk  48% [125 submitted, 1 queued]
[2020-10-18 03:22:53 #1289 INFO] post_ebrisk  49% [126 submitted, 0 queued]
[2020-10-18 03:22:53 #1289 INFO] post_ebrisk  50% [126 submitted, 0 queued]
[2020-10-18 03:23:07 #1289 INFO] post_ebrisk  51% [126 submitted, 0 queued]
[2020-10-18 03:23:07 #1289 INFO] post_ebrisk  52% [126 submitted, 0 queued]
[2020-10-18 03:23:08 #1289 INFO] post_ebrisk  53% [126 submitted, 0 queued]
[2020-10-18 03:23:18 #1289 INFO] post_ebrisk  54% [126 submitted, 0 queued]
[2020-10-18 03:23:18 #1289 INFO] post_ebrisk  55% [126 submitted, 0 queued]
[2020-10-18 03:23:19 #1289 INFO] post_ebrisk  56% [126 submitted, 0 queued]
[2020-10-18 03:23:19 #1289 INFO] post_ebrisk  57% [126 submitted, 0 queued]
[2020-10-18 03:23:19 #1289 INFO] post_ebrisk  58% [126 submitted, 0 queued]
[2020-10-18 03:23:24 #1289 INFO] post_ebrisk  59% [126 submitted, 0 queued]
[2020-10-18 03:23:24 #1289 INFO] post_ebrisk  60% [126 submitted, 0 queued]
[2020-10-18 03:23:24 #1289 INFO] post_ebrisk  61% [126 submitted, 0 queued]
[2020-10-18 03:23:24 #1289 INFO] post_ebrisk  62% [126 submitted, 0 queued]
[2020-10-18 03:23:24 #1289 INFO] post_ebrisk  63% [126 submitted, 0 queued]
[2020-10-18 03:23:24 #1289 INFO] post_ebrisk  64% [126 submitted, 0 queued]
[2020-10-18 03:23:24 #1289 INFO] post_ebrisk  65% [126 submitted, 0 queued]
[2020-10-18 03:23:24 #1289 INFO] post_ebrisk  66% [126 submitted, 0 queued]
[2020-10-18 03:23:24 #1289 INFO] post_ebrisk  67% [126 submitted, 0 queued]
[2020-10-18 03:23:24 #1289 INFO] post_ebrisk  68% [126 submitted, 0 queued]
[2020-10-18 03:23:24 #1289 INFO] post_ebrisk  69% [126 submitted, 0 queued]
[2020-10-18 03:23:24 #1289 INFO] post_ebrisk  70% [126 submitted, 0 queued]
[2020-10-18 03:23:24 #1289 INFO] post_ebrisk  71% [126 submitted, 0 queued]
[2020-10-18 03:23:24 #1289 INFO] post_ebrisk  72% [126 submitted, 0 queued]
[2020-10-18 03:23:24 #1289 INFO] post_ebrisk  73% [126 submitted, 0 queued]
[2020-10-18 03:23:24 #1289 INFO] post_ebrisk  74% [126 submitted, 0 queued]
[2020-10-18 03:23:24 #1289 INFO] post_ebrisk  75% [126 submitted, 0 queued]
[2020-10-18 03:23:24 #1289 INFO] post_ebrisk  76% [126 submitted, 0 queued]
[2020-10-18 03:23:24 #1289 INFO] post_ebrisk  77% [126 submitted, 0 queued]
[2020-10-18 03:23:25 #1289 INFO] post_ebrisk  78% [126 submitted, 0 queued]
[2020-10-18 03:23:25 #1289 INFO] post_ebrisk  79% [126 submitted, 0 queued]
[2020-10-18 03:23:25 #1289 INFO] post_ebrisk  80% [126 submitted, 0 queued]
[2020-10-18 03:23:25 #1289 INFO] post_ebrisk  81% [126 submitted, 0 queued]
[2020-10-18 03:23:25 #1289 INFO] post_ebrisk  82% [126 submitted, 0 queued]
[2020-10-18 03:23:25 #1289 INFO] post_ebrisk  83% [126 submitted, 0 queued]
[2020-10-18 03:23:25 #1289 INFO] post_ebrisk  84% [126 submitted, 0 queued]
[2020-10-18 03:23:25 #1289 INFO] post_ebrisk  85% [126 submitted, 0 queued]
[2020-10-18 03:23:25 #1289 INFO] post_ebrisk  86% [126 submitted, 0 queued]
[2020-10-18 03:23:25 #1289 INFO] post_ebrisk  87% [126 submitted, 0 queued]
[2020-10-18 03:23:25 #1289 INFO] post_ebrisk  88% [126 submitted, 0 queued]
[2020-10-18 03:23:25 #1289 INFO] post_ebrisk  89% [126 submitted, 0 queued]
[2020-10-18 03:23:25 #1289 INFO] post_ebrisk  90% [126 submitted, 0 queued]
[2020-10-18 03:23:25 #1289 INFO] post_ebrisk  91% [126 submitted, 0 queued]
[2020-10-18 03:23:25 #1289 INFO] post_ebrisk  92% [126 submitted, 0 queued]
[2020-10-18 03:23:25 #1289 INFO] post_ebrisk  93% [126 submitted, 0 queued]
[2020-10-18 03:23:25 #1289 INFO] post_ebrisk  94% [126 submitted, 0 queued]
[2020-10-18 03:23:25 #1289 INFO] post_ebrisk  95% [126 submitted, 0 queued]
[2020-10-18 03:23:25 #1289 INFO] post_ebrisk  96% [126 submitted, 0 queued]
[2020-10-18 03:23:25 #1289 INFO] post_ebrisk  97% [126 submitted, 0 queued]
[2020-10-18 03:23:25 #1289 INFO] post_ebrisk  98% [126 submitted, 0 queued]
[2020-10-18 03:23:25 #1289 INFO] post_ebrisk  99% [126 submitted, 0 queued]
[2020-10-18 03:23:25 #1289 INFO] post_ebrisk 100% [126 submitted, 0 queued]
[2020-10-18 03:23:25 #1289 INFO] Received {'tot': '2.36 MB'} in 70 seconds
[2020-10-18 03:23:27 #1289 INFO] Mean portfolio loss
=========== ============= =============
contents    nonstructural structural   
=========== ============= =============
331_078_240 2_209_352_448 1_853_561_344
=========== ============= =============
[2020-10-18 03:23:27 #1289 INFO] Sanity check on agg_losses/tot_losses
[2020-10-18 03:23:27 #1289 INFO] Exposing the outputs to the database
[2020-10-18 03:23:27 #1289 INFO] Stored 694.38 MB on /mnt/data/murray.journeay/oqdata/calc_1289.hdf5 in 3884 seconds
  id | name
6805 | Aggregate Event Losses
6797 | Aggregate Loss Curves
6798 | Aggregate Loss Curves Statistics
6799 | Aggregate Losses
6800 | Aggregate Losses Statistics
6801 | Average Asset Losses Statistics
6807 | Earthquake Ruptures
6802 | Events
6803 | Full Report
6804 | Input Files
 ... | 6 additional output(s)
Some outputs were not shown. You can see the full list with the command
`oq engine --list-outputs 1289`
