[2020-10-29 06:27:40 #1418 INFO] murray.journeay running /mnt/data/shared/canada-2020/canada-srm2/eDamage/input/eDamage_r2_NU.ini [--hc=None]
[2020-10-29 06:27:40 #1418 INFO] Using engine version 3.11.0-git4f03c56
[2020-10-29 06:27:41 #1418 WARNING] Using 64 cores on gem-compute
[2020-10-29 06:27:41 #1418 INFO] Validated nationalModel.xml in 0.01 seconds
[2020-10-29 06:27:41 #1418 INFO] Checksum of the input files: 2528730147
[2020-10-29 06:27:41 #1418 INFO] Reading the risk model if present
[2020-10-29 06:27:45 #1418 INFO] Reading /mnt/data/shared/canada-2020/model-inputs/exposure/general-building-stock/oqBldgExp_NU.xml
[2020-10-29 06:27:45 #1418 INFO] Extracting the hazard sites from the site model
[2020-10-29 06:27:55 #1418 INFO] Associated 2087 assets to 78 sites
[2020-10-29 06:27:55 #1418 INFO] Reducing risk model from 4224 to 143 taxonomies
[2020-10-29 06:27:59 #1418 INFO] Considering 50 logic tree paths out of 24_576
[2020-10-29 06:27:59 #1418 INFO] 6 effective smlt realization(s)
[2020-10-29 06:27:59 #1418 INFO] Reading the source model(s) in parallel
[2020-10-29 06:28:02 #1418 INFO] read_source_model  16% [6 submitted, 0 queued]
[2020-10-29 06:28:02 #1418 INFO] read_source_model  33% [6 submitted, 0 queued]
[2020-10-29 06:28:02 #1418 INFO] read_source_model  50% [6 submitted, 0 queued]
[2020-10-29 06:28:02 #1418 INFO] read_source_model  66% [6 submitted, 0 queued]
[2020-10-29 06:28:02 #1418 INFO] read_source_model  83% [6 submitted, 0 queued]
[2020-10-29 06:28:02 #1418 INFO] read_source_model 100% [6 submitted, 0 queued]
[2020-10-29 06:28:02 #1418 INFO] Received {'/mnt/data/shared/canada-2020/CanadaSHM6/OpenQuake_model_files/sources/nationalModel/xml/simplifiedModel/WCan_HYeast_Harctic_simplified_collapsedRates.xml': '141.06 KB', '/mnt/data/shared/canada-2020/CanadaSHM6/OpenQuake_model_files/sources/nationalModel/xml/simplifiedModel/WCan_H2east_Harctic_simplified_collapsedRates.xml': '135.23 KB', '/mnt/data/shared/canada-2020/CanadaSHM6/OpenQuake_model_files/sources/nationalModel/xml/simplifiedModel/WCan_HYeast_Rarctic_simplified_collapsedRates.xml': '134.61 KB', '/mnt/data/shared/canada-2020/CanadaSHM6/OpenQuake_model_files/sources/nationalModel/xml/simplifiedModel/WCan_H2east_Rarctic_simplified_collapsedRates.xml': '128.78 KB', '/mnt/data/shared/canada-2020/CanadaSHM6/OpenQuake_model_files/sources/nationalModel/xml/simplifiedModel/WCan_R2east_Harctic_simplified_collapsedRates.xml': '119.91 KB', '/mnt/data/shared/canada-2020/CanadaSHM6/OpenQuake_model_files/sources/nationalModel/xml/simplifiedModel/WCan_R2east_Rarctic_simplified_collapsedRates.xml': '113.68 KB'} in 1 seconds
[2020-10-29 06:28:02 #1418 WARNING] There are multiple different sources with the same ID [<AreaSource SCCCT>, <AreaSource SCCCT>, <AreaSource SCCCT>, <AreaSource SCCCT>, <AreaSource SCCCT>, <AreaSource SCCCT>]
[2020-10-29 06:29:36 #1418 INFO] There are 195 sources
[2020-10-29 06:29:36 #1418 INFO] Checking the sources bounding box
[2020-10-29 06:29:36 #1418 ERROR] source ACM: The buffer of 600 km is too large, the bounding box is larger than half the globe: 219 degrees
[2020-10-29 06:29:36 #1418 INFO] Rupture floating factor = 1.6265060240963856
[2020-10-29 06:29:36 #1418 INFO] Rupture spinning factor = 3.2710843373493974
[2020-10-29 06:29:36 #1418 INFO] gzipping the input files
[2020-10-29 06:29:40 #1418 INFO] Storing risk model
[2020-10-29 06:29:40 #1418 INFO] minimum_intensity={'SA(0.3)': 0.1, 'SA(0.6)': 0.05, 'SA(1.0)': 0.05, 'SA(2.0)': 0.05}
[2020-10-29 06:29:40 #1418 INFO] Building ruptures
[2020-10-29 06:29:40 #1418 INFO] Sending <SourceGroup Subduction IntraSlab30, 1 source(s)>
[2020-10-29 06:29:40 #1418 INFO] Sending <SourceGroup Subduction IntraSlab55, 4 source(s)>
[2020-10-29 06:29:40 #1418 INFO] Sending <SourceGroup Subduction Interface, 13 source(s)>
[2020-10-29 06:29:40 #1418 INFO] Sending <SourceGroup Stable Shallow Crust, 120 source(s)>
[2020-10-29 06:29:40 #1418 INFO] Sending <SourceGroup Active Shallow Crust, 59 source(s)>
[2020-10-29 06:29:42 #1418 INFO] Sent 64 tasks, 56.69 MB in 0 seconds
[2020-10-29 06:29:43 #1418 INFO] sample_ruptures   1% [65 submitted, 19 queued]
[2020-10-29 06:29:43 #1418 INFO] sample_ruptures   2% [66 submitted, 18 queued]
[2020-10-29 06:29:44 #1418 INFO] sample_ruptures   3% [67 submitted, 17 queued]
[2020-10-29 06:29:44 #1418 INFO] sample_ruptures   4% [68 submitted, 16 queued]
[2020-10-29 06:29:44 #1418 INFO] sample_ruptures   5% [69 submitted, 15 queued]
[2020-10-29 06:29:44 #1418 INFO] sample_ruptures   7% [70 submitted, 14 queued]
[2020-10-29 06:29:44 #1418 INFO] sample_ruptures   8% [71 submitted, 13 queued]
[2020-10-29 06:29:44 #1418 INFO] sample_ruptures   9% [72 submitted, 12 queued]
[2020-10-29 06:29:44 #1418 INFO] sample_ruptures  10% [73 submitted, 11 queued]
[2020-10-29 06:29:44 #1418 INFO] sample_ruptures  11% [74 submitted, 10 queued]
[2020-10-29 06:29:44 #1418 INFO] sample_ruptures  13% [75 submitted, 9 queued]
[2020-10-29 06:29:44 #1418 INFO] sample_ruptures  14% [76 submitted, 8 queued]
[2020-10-29 06:29:44 #1418 INFO] sample_ruptures  15% [77 submitted, 7 queued]
[2020-10-29 06:29:44 #1418 INFO] sample_ruptures  16% [78 submitted, 6 queued]
[2020-10-29 06:29:44 #1418 INFO] sample_ruptures  17% [79 submitted, 5 queued]
[2020-10-29 06:29:44 #1418 INFO] sample_ruptures  19% [80 submitted, 4 queued]
[2020-10-29 06:29:44 #1418 INFO] sample_ruptures  20% [81 submitted, 3 queued]
[2020-10-29 06:29:44 #1418 INFO] sample_ruptures  21% [82 submitted, 2 queued]
[2020-10-29 06:29:44 #1418 INFO] sample_ruptures  22% [83 submitted, 1 queued]
[2020-10-29 06:29:45 #1418 INFO] sample_ruptures  23% [84 submitted, 0 queued]
[2020-10-29 06:29:45 #1418 INFO] sample_ruptures  25% [84 submitted, 0 queued]
[2020-10-29 06:29:45 #1418 INFO] sample_ruptures  26% [84 submitted, 0 queued]
[2020-10-29 06:29:45 #1418 INFO] sample_ruptures  27% [84 submitted, 0 queued]
[2020-10-29 06:29:45 #1418 INFO] sample_ruptures  28% [84 submitted, 0 queued]
[2020-10-29 06:29:45 #1418 INFO] sample_ruptures  29% [84 submitted, 0 queued]
[2020-10-29 06:29:45 #1418 INFO] sample_ruptures  30% [84 submitted, 0 queued]
[2020-10-29 06:29:45 #1418 INFO] sample_ruptures  32% [84 submitted, 0 queued]
[2020-10-29 06:29:45 #1418 INFO] sample_ruptures  33% [84 submitted, 0 queued]
[2020-10-29 06:29:45 #1418 INFO] sample_ruptures  34% [84 submitted, 0 queued]
[2020-10-29 06:29:45 #1418 INFO] sample_ruptures  35% [84 submitted, 0 queued]
[2020-10-29 06:29:45 #1418 INFO] sample_ruptures  36% [84 submitted, 0 queued]
[2020-10-29 06:29:45 #1418 INFO] sample_ruptures  38% [84 submitted, 0 queued]
[2020-10-29 06:29:45 #1418 INFO] sample_ruptures  39% [84 submitted, 0 queued]
[2020-10-29 06:29:45 #1418 INFO] sample_ruptures  40% [84 submitted, 0 queued]
[2020-10-29 06:29:45 #1418 INFO] sample_ruptures  41% [84 submitted, 0 queued]
[2020-10-29 06:29:45 #1418 INFO] sample_ruptures  42% [84 submitted, 0 queued]
[2020-10-29 06:29:45 #1418 INFO] sample_ruptures  44% [84 submitted, 0 queued]
[2020-10-29 06:29:45 #1418 INFO] sample_ruptures  45% [84 submitted, 0 queued]
[2020-10-29 06:29:46 #1418 INFO] sample_ruptures  46% [84 submitted, 0 queued]
[2020-10-29 06:29:46 #1418 INFO] sample_ruptures  47% [84 submitted, 0 queued]
[2020-10-29 06:29:46 #1418 INFO] sample_ruptures  48% [84 submitted, 0 queued]
[2020-10-29 06:29:46 #1418 INFO] sample_ruptures  50% [84 submitted, 0 queued]
[2020-10-29 06:29:49 #1418 INFO] sample_ruptures  51% [84 submitted, 0 queued]
[2020-10-29 06:29:51 #1418 INFO] sample_ruptures  52% [84 submitted, 0 queued]
[2020-10-29 06:29:52 #1418 INFO] sample_ruptures  53% [84 submitted, 0 queued]
[2020-10-29 06:29:52 #1418 INFO] sample_ruptures  54% [84 submitted, 0 queued]
[2020-10-29 06:29:54 #1418 INFO] sample_ruptures  55% [84 submitted, 0 queued]
[2020-10-29 06:29:55 #1418 INFO] sample_ruptures  57% [84 submitted, 0 queued]
[2020-10-29 06:29:55 #1418 INFO] sample_ruptures  58% [84 submitted, 0 queued]
[2020-10-29 06:29:56 #1418 INFO] sample_ruptures  59% [84 submitted, 0 queued]
[2020-10-29 06:29:56 #1418 INFO] sample_ruptures  60% [84 submitted, 0 queued]
[2020-10-29 06:29:56 #1418 INFO] sample_ruptures  61% [84 submitted, 0 queued]
[2020-10-29 06:29:57 #1418 INFO] sample_ruptures  63% [84 submitted, 0 queued]
[2020-10-29 06:30:01 #1418 INFO] sample_ruptures  64% [84 submitted, 0 queued]
[2020-10-29 06:30:01 #1418 INFO] sample_ruptures  65% [84 submitted, 0 queued]
[2020-10-29 06:30:01 #1418 INFO] sample_ruptures  66% [84 submitted, 0 queued]
[2020-10-29 06:30:02 #1418 INFO] sample_ruptures  67% [84 submitted, 0 queued]
[2020-10-29 06:30:02 #1418 INFO] sample_ruptures  69% [84 submitted, 0 queued]
[2020-10-29 06:30:02 #1418 INFO] sample_ruptures  70% [84 submitted, 0 queued]
[2020-10-29 06:30:03 #1418 INFO] sample_ruptures  71% [84 submitted, 0 queued]
[2020-10-29 06:30:03 #1418 INFO] sample_ruptures  72% [84 submitted, 0 queued]
[2020-10-29 06:30:03 #1418 INFO] sample_ruptures  73% [84 submitted, 0 queued]
[2020-10-29 06:30:04 #1418 INFO] sample_ruptures  75% [84 submitted, 0 queued]
[2020-10-29 06:30:06 #1418 INFO] sample_ruptures  76% [84 submitted, 0 queued]
[2020-10-29 06:30:08 #1418 INFO] sample_ruptures  77% [84 submitted, 0 queued]
[2020-10-29 06:30:11 #1418 INFO] sample_ruptures  78% [84 submitted, 0 queued]
[2020-10-29 06:30:21 #1418 INFO] sample_ruptures  79% [84 submitted, 0 queued]
[2020-10-29 06:30:27 #1418 INFO] sample_ruptures  80% [84 submitted, 0 queued]
[2020-10-29 06:30:28 #1418 INFO] sample_ruptures  82% [84 submitted, 0 queued]
[2020-10-29 06:30:29 #1418 INFO] sample_ruptures  83% [84 submitted, 0 queued]
[2020-10-29 06:30:30 #1418 INFO] sample_ruptures  84% [84 submitted, 0 queued]
[2020-10-29 06:30:31 #1418 INFO] sample_ruptures  85% [84 submitted, 0 queued]
[2020-10-29 06:30:33 #1418 INFO] sample_ruptures  86% [84 submitted, 0 queued]
[2020-10-29 06:30:35 #1418 INFO] sample_ruptures  88% [84 submitted, 0 queued]
[2020-10-29 06:30:36 #1418 INFO] sample_ruptures  89% [84 submitted, 0 queued]
[2020-10-29 06:30:37 #1418 INFO] sample_ruptures  90% [84 submitted, 0 queued]
[2020-10-29 06:30:37 #1418 INFO] sample_ruptures  91% [84 submitted, 0 queued]
[2020-10-29 06:30:39 #1418 INFO] sample_ruptures  92% [84 submitted, 0 queued]
[2020-10-29 06:30:58 #1418 INFO] sample_ruptures  94% [84 submitted, 0 queued]
[2020-10-29 06:31:07 #1418 INFO] sample_ruptures  95% [84 submitted, 0 queued]
[2020-10-29 06:31:07 #1418 INFO] sample_ruptures  96% [84 submitted, 0 queued]
[2020-10-29 06:31:20 #1418 INFO] sample_ruptures  97% [84 submitted, 0 queued]
[2020-10-29 06:31:31 #1418 INFO] sample_ruptures  98% [84 submitted, 0 queued]
[2020-10-29 06:36:47 #1418 INFO] sample_ruptures 100% [84 submitted, 0 queued]
[2020-10-29 06:36:47 #1418 INFO] Received {'rup_array': '210.22 MB', 'calc_times': '20.19 KB', 'eff_ruptures': '3.44 KB'} in 425 seconds
[2020-10-29 06:36:47 #1418 INFO] There are 50 realization(s)
[2020-10-29 06:36:47 #1418 INFO] Reordering the ruptures and storing the events
[2020-10-29 06:36:49 #1418 INFO] Associating event_id -> rlz_id for 1_485_327 events and 1_130_011 ruptures
[2020-10-29 06:37:21 #1418 INFO] Sent 143 tasks, 121.92 MB in 30 seconds
[2020-10-29 06:37:24 #1418 INFO] Received {'tot': '14.2 MB'} in 3 seconds
[2020-10-29 06:37:32 #1418 INFO] Reading 1_130_011 ruptures
[2020-10-29 06:38:32 #1418 INFO] Sent 143 tasks, 161.78 MB in 57 seconds
[2020-10-29 06:38:32 #1418 INFO] compute_gmfs   1% [143 submitted, 0 queued]
[2020-10-29 06:38:32 #1418 INFO] compute_gmfs   2% [143 submitted, 0 queued]
[2020-10-29 06:38:32 #1418 INFO] compute_gmfs   3% [143 submitted, 0 queued]
[2020-10-29 06:38:33 #1418 INFO] compute_gmfs   4% [143 submitted, 0 queued]
[2020-10-29 06:41:18 #1418 INFO] compute_gmfs   5% [143 submitted, 0 queued]
[2020-10-29 06:42:12 #1418 INFO] compute_gmfs   6% [143 submitted, 0 queued]
[2020-10-29 06:44:09 #1418 INFO] compute_gmfs   7% [143 submitted, 0 queued]
[2020-10-29 06:44:16 #1418 INFO] compute_gmfs   8% [143 submitted, 0 queued]
[2020-10-29 06:44:21 #1418 INFO] compute_gmfs   9% [143 submitted, 0 queued]
[2020-10-29 06:45:18 #1418 INFO] compute_gmfs  10% [143 submitted, 0 queued]
[2020-10-29 06:45:51 #1418 INFO] compute_gmfs  11% [143 submitted, 0 queued]
[2020-10-29 06:45:54 #1418 INFO] compute_gmfs  12% [143 submitted, 0 queued]
[2020-10-29 06:47:08 #1418 INFO] compute_gmfs  13% [143 submitted, 0 queued]
[2020-10-29 06:47:32 #1418 INFO] compute_gmfs  14% [143 submitted, 0 queued]
[2020-10-29 06:47:36 #1418 INFO] compute_gmfs  15% [143 submitted, 0 queued]
[2020-10-29 06:47:39 #1418 INFO] compute_gmfs  16% [143 submitted, 0 queued]
[2020-10-29 06:48:46 #1418 INFO] compute_gmfs  17% [143 submitted, 0 queued]
[2020-10-29 06:49:09 #1418 INFO] compute_gmfs  18% [143 submitted, 0 queued]
[2020-10-29 06:49:24 #1418 INFO] compute_gmfs  19% [143 submitted, 0 queued]
[2020-10-29 06:49:45 #1418 INFO] compute_gmfs  20% [143 submitted, 0 queued]
[2020-10-29 06:50:07 #1418 INFO] compute_gmfs  21% [143 submitted, 0 queued]
[2020-10-29 06:50:09 #1418 INFO] compute_gmfs  22% [143 submitted, 0 queued]
[2020-10-29 06:50:49 #1418 INFO] compute_gmfs  23% [143 submitted, 0 queued]
[2020-10-29 06:51:14 #1418 INFO] compute_gmfs  24% [143 submitted, 0 queued]
[2020-10-29 06:51:15 #1418 INFO] compute_gmfs  25% [143 submitted, 0 queued]
[2020-10-29 06:51:19 #1418 INFO] compute_gmfs  26% [143 submitted, 0 queued]
[2020-10-29 06:51:20 #1418 INFO] compute_gmfs  27% [143 submitted, 0 queued]
[2020-10-29 06:51:27 #1418 INFO] compute_gmfs  28% [143 submitted, 0 queued]
[2020-10-29 06:51:29 #1418 INFO] compute_gmfs  29% [143 submitted, 0 queued]
[2020-10-29 06:51:31 #1418 INFO] compute_gmfs  30% [143 submitted, 0 queued]
[2020-10-29 06:51:33 #1418 INFO] compute_gmfs  31% [143 submitted, 0 queued]
[2020-10-29 06:51:46 #1418 INFO] compute_gmfs  32% [143 submitted, 0 queued]
[2020-10-29 06:51:59 #1418 INFO] compute_gmfs  33% [143 submitted, 0 queued]
[2020-10-29 06:52:24 #1418 INFO] compute_gmfs  34% [143 submitted, 0 queued]
[2020-10-29 06:53:05 #1418 INFO] compute_gmfs  35% [143 submitted, 0 queued]
[2020-10-29 06:53:11 #1418 INFO] compute_gmfs  36% [143 submitted, 0 queued]
[2020-10-29 06:53:13 #1418 INFO] compute_gmfs  37% [143 submitted, 0 queued]
[2020-10-29 06:53:17 #1418 INFO] compute_gmfs  38% [143 submitted, 0 queued]
[2020-10-29 06:53:29 #1418 INFO] compute_gmfs  39% [143 submitted, 0 queued]
[2020-10-29 06:53:54 #1418 INFO] compute_gmfs  40% [143 submitted, 0 queued]
[2020-10-29 06:54:22 #1418 INFO] compute_gmfs  41% [143 submitted, 0 queued]
[2020-10-29 06:54:41 #1418 INFO] compute_gmfs  42% [143 submitted, 0 queued]
[2020-10-29 06:54:47 #1418 INFO] compute_gmfs  43% [143 submitted, 0 queued]
[2020-10-29 06:54:55 #1418 INFO] compute_gmfs  44% [143 submitted, 0 queued]
[2020-10-29 06:55:11 #1418 INFO] compute_gmfs  45% [143 submitted, 0 queued]
[2020-10-29 06:55:17 #1418 INFO] compute_gmfs  46% [143 submitted, 0 queued]
[2020-10-29 06:55:32 #1418 INFO] compute_gmfs  47% [143 submitted, 0 queued]
[2020-10-29 06:55:47 #1418 INFO] compute_gmfs  48% [143 submitted, 0 queued]
[2020-10-29 06:56:09 #1418 INFO] compute_gmfs  49% [143 submitted, 0 queued]
[2020-10-29 06:56:12 #1418 INFO] compute_gmfs  50% [143 submitted, 0 queued]
[2020-10-29 06:56:27 #1418 INFO] compute_gmfs  51% [143 submitted, 0 queued]
[2020-10-29 06:56:31 #1418 INFO] compute_gmfs  52% [143 submitted, 0 queued]
[2020-10-29 06:56:33 #1418 INFO] compute_gmfs  53% [143 submitted, 0 queued]
[2020-10-29 06:56:36 #1418 INFO] compute_gmfs  54% [143 submitted, 0 queued]
[2020-10-29 06:56:37 #1418 INFO] compute_gmfs  55% [143 submitted, 0 queued]
[2020-10-29 06:56:40 #1418 INFO] compute_gmfs  56% [143 submitted, 0 queued]
[2020-10-29 06:56:46 #1418 INFO] compute_gmfs  57% [143 submitted, 0 queued]
[2020-10-29 06:57:02 #1418 INFO] compute_gmfs  58% [143 submitted, 0 queued]
[2020-10-29 06:57:22 #1418 INFO] compute_gmfs  59% [143 submitted, 0 queued]
[2020-10-29 06:57:39 #1418 INFO] compute_gmfs  60% [143 submitted, 0 queued]
[2020-10-29 06:57:56 #1418 INFO] compute_gmfs  61% [143 submitted, 0 queued]
[2020-10-29 06:58:01 #1418 INFO] compute_gmfs  62% [143 submitted, 0 queued]
[2020-10-29 06:58:07 #1418 INFO] compute_gmfs  63% [143 submitted, 0 queued]
[2020-10-29 06:58:09 #1418 INFO] compute_gmfs  64% [143 submitted, 0 queued]
[2020-10-29 06:58:14 #1418 INFO] compute_gmfs  65% [143 submitted, 0 queued]
[2020-10-29 06:58:25 #1418 INFO] compute_gmfs  66% [143 submitted, 0 queued]
[2020-10-29 06:58:29 #1418 INFO] compute_gmfs  67% [143 submitted, 0 queued]
[2020-10-29 06:58:41 #1418 INFO] compute_gmfs  68% [143 submitted, 0 queued]
[2020-10-29 06:58:55 #1418 INFO] compute_gmfs  69% [143 submitted, 0 queued]
[2020-10-29 06:59:20 #1418 INFO] compute_gmfs  70% [143 submitted, 0 queued]
[2020-10-29 06:59:35 #1418 INFO] compute_gmfs  71% [143 submitted, 0 queued]
[2020-10-29 06:59:37 #1418 INFO] compute_gmfs  72% [143 submitted, 0 queued]
[2020-10-29 06:59:43 #1418 INFO] compute_gmfs  73% [143 submitted, 0 queued]
[2020-10-29 06:59:46 #1418 INFO] compute_gmfs  74% [143 submitted, 0 queued]
[2020-10-29 07:00:04 #1418 INFO] compute_gmfs  75% [143 submitted, 0 queued]
[2020-10-29 07:00:04 #1418 INFO] compute_gmfs  76% [143 submitted, 0 queued]
[2020-10-29 07:00:08 #1418 INFO] compute_gmfs  77% [143 submitted, 0 queued]
[2020-10-29 07:00:08 #1418 INFO] compute_gmfs  78% [143 submitted, 0 queued]
[2020-10-29 07:00:09 #1418 INFO] compute_gmfs  79% [143 submitted, 0 queued]
[2020-10-29 07:00:13 #1418 INFO] compute_gmfs  80% [143 submitted, 0 queued]
[2020-10-29 07:00:17 #1418 INFO] compute_gmfs  81% [143 submitted, 0 queued]
[2020-10-29 07:00:27 #1418 INFO] compute_gmfs  82% [143 submitted, 0 queued]
[2020-10-29 07:00:27 #1418 INFO] compute_gmfs  83% [143 submitted, 0 queued]
[2020-10-29 07:00:29 #1418 INFO] compute_gmfs  84% [143 submitted, 0 queued]
[2020-10-29 07:00:34 #1418 INFO] compute_gmfs  85% [143 submitted, 0 queued]
[2020-10-29 07:00:40 #1418 INFO] compute_gmfs  86% [143 submitted, 0 queued]
[2020-10-29 07:00:51 #1418 INFO] compute_gmfs  87% [143 submitted, 0 queued]
[2020-10-29 07:00:51 #1418 INFO] compute_gmfs  88% [143 submitted, 0 queued]
[2020-10-29 07:00:54 #1418 INFO] compute_gmfs  89% [143 submitted, 0 queued]
[2020-10-29 07:01:04 #1418 INFO] compute_gmfs  90% [143 submitted, 0 queued]
[2020-10-29 07:01:16 #1418 INFO] compute_gmfs  91% [143 submitted, 0 queued]
[2020-10-29 07:01:20 #1418 INFO] compute_gmfs  92% [143 submitted, 0 queued]
[2020-10-29 07:01:23 #1418 INFO] compute_gmfs  93% [143 submitted, 0 queued]
[2020-10-29 07:01:25 #1418 INFO] compute_gmfs  94% [143 submitted, 0 queued]
[2020-10-29 07:01:30 #1418 INFO] compute_gmfs  95% [143 submitted, 0 queued]
[2020-10-29 07:01:35 #1418 INFO] compute_gmfs  96% [143 submitted, 0 queued]
[2020-10-29 07:01:53 #1418 INFO] compute_gmfs  97% [143 submitted, 0 queued]
[2020-10-29 07:02:16 #1418 INFO] compute_gmfs  98% [143 submitted, 0 queued]
[2020-10-29 07:02:29 #1418 INFO] compute_gmfs  99% [143 submitted, 0 queued]
[2020-10-29 07:02:30 #1418 INFO] compute_gmfs 100% [143 submitted, 0 queued]
[2020-10-29 07:02:30 #1418 INFO] Received {'times': '12.68 MB', 'gmfdata': '8.7 MB', 'sig_eps': '3.6 MB', 'hcurves': '1.79 KB'} in 1437 seconds
[2020-10-29 07:02:30 #1418 INFO] Stored 123977 relevant event IDs
[2020-10-29 07:02:30 #1418 INFO] Building risk inputs from 50 realization(s)
[2020-10-29 07:02:30 #1418 INFO] Grouped the GMFs by site ID
[2020-10-29 07:02:31 #1418 INFO] Built 78 risk inputs
[2020-10-29 07:02:32 #1418 INFO] Sent 63 tasks, 10.44 MB in 0 seconds
[2020-10-29 07:02:35 #1418 INFO] scenario_damage   1% [63 submitted, 0 queued]
[2020-10-29 07:02:35 #1418 INFO] scenario_damage   3% [63 submitted, 0 queued]
[2020-10-29 07:02:36 #1418 INFO] scenario_damage   4% [63 submitted, 0 queued]
[2020-10-29 07:02:36 #1418 INFO] scenario_damage   6% [63 submitted, 0 queued]
[2020-10-29 07:02:36 #1418 INFO] scenario_damage   7% [63 submitted, 0 queued]
[2020-10-29 07:02:37 #1418 INFO] scenario_damage   9% [63 submitted, 0 queued]
[2020-10-29 07:02:37 #1418 INFO] scenario_damage  11% [63 submitted, 0 queued]
[2020-10-29 07:02:37 #1418 INFO] scenario_damage  12% [63 submitted, 0 queued]
[2020-10-29 07:02:38 #1418 INFO] scenario_damage  14% [63 submitted, 0 queued]
[2020-10-29 07:02:38 #1418 INFO] scenario_damage  15% [63 submitted, 0 queued]
[2020-10-29 07:02:38 #1418 INFO] scenario_damage  17% [63 submitted, 0 queued]
[2020-10-29 07:02:38 #1418 INFO] scenario_damage  19% [63 submitted, 0 queued]
[2020-10-29 07:02:38 #1418 INFO] scenario_damage  20% [63 submitted, 0 queued]
[2020-10-29 07:02:39 #1418 INFO] scenario_damage  22% [63 submitted, 0 queued]
[2020-10-29 07:02:39 #1418 INFO] scenario_damage  23% [63 submitted, 0 queued]
[2020-10-29 07:02:39 #1418 INFO] scenario_damage  25% [63 submitted, 0 queued]
[2020-10-29 07:02:40 #1418 INFO] scenario_damage  26% [63 submitted, 0 queued]
[2020-10-29 07:02:40 #1418 INFO] scenario_damage  28% [63 submitted, 0 queued]
[2020-10-29 07:02:40 #1418 INFO] scenario_damage  30% [63 submitted, 0 queued]
[2020-10-29 07:02:40 #1418 INFO] scenario_damage  31% [63 submitted, 0 queued]
[2020-10-29 07:02:40 #1418 INFO] scenario_damage  33% [63 submitted, 0 queued]
[2020-10-29 07:02:40 #1418 INFO] scenario_damage  34% [63 submitted, 0 queued]
[2020-10-29 07:02:40 #1418 INFO] scenario_damage  36% [63 submitted, 0 queued]
[2020-10-29 07:02:41 #1418 INFO] scenario_damage  38% [63 submitted, 0 queued]
[2020-10-29 07:02:41 #1418 INFO] scenario_damage  39% [63 submitted, 0 queued]
[2020-10-29 07:02:42 #1418 INFO] scenario_damage  41% [63 submitted, 0 queued]
[2020-10-29 07:02:42 #1418 INFO] scenario_damage  42% [63 submitted, 0 queued]
[2020-10-29 07:02:42 #1418 INFO] scenario_damage  44% [63 submitted, 0 queued]
[2020-10-29 07:02:42 #1418 INFO] scenario_damage  46% [63 submitted, 0 queued]
[2020-10-29 07:02:42 #1418 INFO] scenario_damage  47% [63 submitted, 0 queued]
[2020-10-29 07:02:42 #1418 INFO] scenario_damage  49% [63 submitted, 0 queued]
[2020-10-29 07:02:43 #1418 INFO] scenario_damage  50% [63 submitted, 0 queued]
[2020-10-29 07:02:43 #1418 INFO] scenario_damage  52% [63 submitted, 0 queued]
[2020-10-29 07:02:43 #1418 INFO] scenario_damage  53% [63 submitted, 0 queued]
[2020-10-29 07:02:43 #1418 INFO] scenario_damage  55% [63 submitted, 0 queued]
[2020-10-29 07:02:43 #1418 INFO] scenario_damage  57% [63 submitted, 0 queued]
[2020-10-29 07:02:43 #1418 INFO] scenario_damage  58% [63 submitted, 0 queued]
[2020-10-29 07:02:43 #1418 INFO] scenario_damage  60% [63 submitted, 0 queued]
[2020-10-29 07:02:44 #1418 INFO] scenario_damage  61% [63 submitted, 0 queued]
[2020-10-29 07:02:44 #1418 INFO] scenario_damage  63% [63 submitted, 0 queued]
[2020-10-29 07:02:44 #1418 INFO] scenario_damage  65% [63 submitted, 0 queued]
[2020-10-29 07:02:44 #1418 INFO] scenario_damage  66% [63 submitted, 0 queued]
[2020-10-29 07:02:44 #1418 INFO] scenario_damage  68% [63 submitted, 0 queued]
[2020-10-29 07:02:44 #1418 INFO] scenario_damage  69% [63 submitted, 0 queued]
[2020-10-29 07:02:44 #1418 INFO] scenario_damage  71% [63 submitted, 0 queued]
[2020-10-29 07:02:45 #1418 INFO] scenario_damage  73% [63 submitted, 0 queued]
[2020-10-29 07:02:45 #1418 INFO] scenario_damage  74% [63 submitted, 0 queued]
[2020-10-29 07:02:46 #1418 INFO] scenario_damage  76% [63 submitted, 0 queued]
[2020-10-29 07:02:46 #1418 INFO] scenario_damage  77% [63 submitted, 0 queued]
[2020-10-29 07:02:47 #1418 INFO] scenario_damage  79% [63 submitted, 0 queued]
[2020-10-29 07:02:47 #1418 INFO] scenario_damage  80% [63 submitted, 0 queued]
[2020-10-29 07:02:49 #1418 INFO] scenario_damage  82% [63 submitted, 0 queued]
[2020-10-29 07:02:49 #1418 INFO] scenario_damage  84% [63 submitted, 0 queued]
[2020-10-29 07:02:51 #1418 INFO] scenario_damage  85% [63 submitted, 0 queued]
[2020-10-29 07:02:52 #1418 INFO] scenario_damage  87% [63 submitted, 0 queued]
[2020-10-29 07:02:56 #1418 INFO] scenario_damage  88% [63 submitted, 0 queued]
[2020-10-29 07:02:58 #1418 INFO] scenario_damage  90% [63 submitted, 0 queued]
[2020-10-29 07:02:59 #1418 INFO] scenario_damage  92% [63 submitted, 0 queued]
[2020-10-29 07:03:00 #1418 INFO] scenario_damage  93% [63 submitted, 0 queued]
[2020-10-29 07:03:02 #1418 INFO] scenario_damage  95% [63 submitted, 0 queued]
[2020-10-29 07:03:03 #1418 INFO] scenario_damage  96% [63 submitted, 0 queued]
[2020-10-29 07:03:04 #1418 INFO] scenario_damage  98% [63 submitted, 0 queued]
[2020-10-29 07:03:26 #1418 INFO] scenario_damage 100% [63 submitted, 0 queued]
[2020-10-29 07:03:26 #1418 INFO] Received {'aed': '159.62 MB', 'd_event': '21.1 MB', 'd_asset': '9.15 MB'} in 53 seconds
[2020-10-29 07:03:26 #1418 INFO] Due to numeric errors the total number of assets is imprecise: {'expected': 6307.0, 'structural': 3738.5327}
[2020-10-29 07:03:28 #1418 INFO] Exposing the outputs to the database
[2020-10-29 07:03:28 #1418 INFO] Stored 388.21 MB on /mnt/data/murray.journeay/oqdata/calc_1418.hdf5 in 2146 seconds
  id | name
7660 | Aggregate Event Damages
7658 | Average Asset Damages
7659 | Average Asset Damages Statistics
7666 | Earthquake Ruptures
7661 | Events
7662 | Full Report
7663 | Ground Motion Fields
7664 | Input Files
7665 | Realizations
