/home/ssm-user/src/oq-engine/openquake/hazardlib/gsim/base.py:347: ExperimentalWarning: CanadaSHM6_ActiveCrust_BooreEtAl2014 is experimental and may change in future versions - the user is liable for their application
  warnings.warn(msg, ExperimentalWarning)
/home/ssm-user/src/oq-engine/openquake/hazardlib/gsim/base.py:347: ExperimentalWarning: CanadaSHM6_ActiveCrust_AbrahamsonEtAl2014 is experimental and may change in future versions - the user is liable for their application
  warnings.warn(msg, ExperimentalWarning)
/home/ssm-user/src/oq-engine/openquake/hazardlib/gsim/base.py:347: ExperimentalWarning: CanadaSHM6_ActiveCrust_BooreEtAl2014 is experimental and may change in future versions - the user is liable for their application
  warnings.warn(msg, ExperimentalWarning)
/home/ssm-user/src/oq-engine/openquake/hazardlib/gsim/base.py:347: ExperimentalWarning: CanadaSHM6_ActiveCrust_CampbellBozorgnia2014 is experimental and may change in future versions - the user is liable for their application
  warnings.warn(msg, ExperimentalWarning)
/home/ssm-user/src/oq-engine/openquake/hazardlib/gsim/base.py:347: ExperimentalWarning: CanadaSHM6_ActiveCrust_ChiouYoungs2014 is experimental and may change in future versions - the user is liable for their application
  warnings.warn(msg, ExperimentalWarning)
[2021-11-04 13:09:33 #212 INFO] root running /mnt/storage/canada-srm2/eDamage/input/eDamage_b0_NT_X.ini [--hc=None]
[2021-11-04 13:09:33 #212 INFO] Using engine version 3.11.3-git29ac352f7d
[2021-11-04 13:09:33 #212 WARNING] Version v3.11.4 of the engine is available, but you are still using version 3.11.3-git29ac352f7d
[2021-11-04 13:09:33 #212 WARNING] Using 96 cores on ip-10-70-136-127
[2021-11-04 13:09:33 #212 INFO] Validated nationalModel.xml in 0.01 seconds
[2021-11-04 13:09:34 #212 INFO] Checksum of the input files: 514598877
[2021-11-04 13:09:34 #212 INFO] Reading the risk model if present
[2021-11-04 13:09:37 #212 INFO] Reading /mnt/storage/openquake-inputs/exposure/general-building-stock/oqBldgExp_NT_X.xml
[2021-11-04 13:09:37 #212 INFO] Extracting the hazard sites from the site model
[2021-11-04 13:09:42 #212 INFO] Associated 2828 assets to 162 sites
[2021-11-04 13:09:42 #212 INFO] Reducing risk model from 4224 to 256 taxonomies
[2021-11-04 13:09:44 #212 INFO] minimum_asset_loss={'structural': 0}
[2021-11-04 13:09:44 #212 INFO] Considering 200 logic tree paths out of 24_576
[2021-11-04 13:09:44 #212 INFO] Reading the source model(s) in parallel
[2021-11-04 13:09:47 #212 INFO] read_source_model  16% [6 submitted, 0 queued]
[2021-11-04 13:09:47 #212 INFO] read_source_model  33% [6 submitted, 0 queued]
[2021-11-04 13:09:47 #212 INFO] read_source_model  50% [6 submitted, 0 queued]
[2021-11-04 13:09:47 #212 INFO] read_source_model  66% [6 submitted, 0 queued]
[2021-11-04 13:09:47 #212 INFO] read_source_model  83% [6 submitted, 0 queued]
[2021-11-04 13:09:47 #212 INFO] read_source_model 100% [6 submitted, 0 queued]
[2021-11-04 13:09:47 #212 INFO] Mean time per core=0s, std=0.0s, min=0s, max=0s
[2021-11-04 13:09:47 #212 INFO] Received {'/mnt/storage/CanadaSHM6/OpenQuake_model_files/sources/nationalModel/xml/simplifiedModel/WCan_HYeast_Harctic_simplified_collapsedRates.xml': '157.72 KB', '/mnt/storage/CanadaSHM6/OpenQuake_model_files/sources/nationalModel/xml/simplifiedModel/WCan_H2east_Harctic_simplified_collapsedRates.xml': '152.1 KB', '/mnt/storage/CanadaSHM6/OpenQuake_model_files/sources/nationalModel/xml/simplifiedModel/WCan_HYeast_Rarctic_simplified_collapsedRates.xml': '151.35 KB', '/mnt/storage/CanadaSHM6/OpenQuake_model_files/sources/nationalModel/xml/simplifiedModel/WCan_H2east_Rarctic_simplified_collapsedRates.xml': '145.73 KB', '/mnt/storage/CanadaSHM6/OpenQuake_model_files/sources/nationalModel/xml/simplifiedModel/WCan_R2east_Harctic_simplified_collapsedRates.xml': '137.01 KB', '/mnt/storage/CanadaSHM6/OpenQuake_model_files/sources/nationalModel/xml/simplifiedModel/WCan_R2east_Rarctic_simplified_collapsedRates.xml': '130.86 KB'} in 1 seconds
/home/ssm-user/src/oq-engine/openquake/hazardlib/gsim/base.py:347: ExperimentalWarning: CanadaSHM6_ActiveCrust_BooreEtAl2014 is experimental and may change in future versions - the user is liable for their application
  warnings.warn(msg, ExperimentalWarning)
/home/ssm-user/src/oq-engine/openquake/hazardlib/gsim/base.py:347: ExperimentalWarning: CanadaSHM6_ActiveCrust_BooreEtAl2014 is experimental and may change in future versions - the user is liable for their application
  warnings.warn(msg, ExperimentalWarning)
/home/ssm-user/src/oq-engine/openquake/hazardlib/gsim/base.py:347: ExperimentalWarning: CanadaSHM6_ActiveCrust_BooreEtAl2014 is experimental and may change in future versions - the user is liable for their application
  warnings.warn(msg, ExperimentalWarning)
/home/ssm-user/src/oq-engine/openquake/hazardlib/gsim/base.py:347: ExperimentalWarning: CanadaSHM6_ActiveCrust_BooreEtAl2014 is experimental and may change in future versions - the user is liable for their application
  warnings.warn(msg, ExperimentalWarning)
/home/ssm-user/src/oq-engine/openquake/hazardlib/gsim/base.py:347: ExperimentalWarning: CanadaSHM6_ActiveCrust_BooreEtAl2014 is experimental and may change in future versions - the user is liable for their application
  warnings.warn(msg, ExperimentalWarning)
/home/ssm-user/src/oq-engine/openquake/hazardlib/gsim/base.py:347: ExperimentalWarning: CanadaSHM6_ActiveCrust_BooreEtAl2014 is experimental and may change in future versions - the user is liable for their application
  warnings.warn(msg, ExperimentalWarning)
[2021-11-04 13:09:47 #212 INFO] There are multiple different sources with the same ID [<AreaSource SCCYA;0>, <AreaSource SCCYA;1>]
[2021-11-04 13:09:47 #212 INFO] There are 13 groups and 198 sources with len(et_ids)=3.87
[2021-11-04 13:09:47 #212 INFO] Checking the sources bounding box
[2021-11-04 13:09:47 #212 ERROR] source ACM: The buffer of 600 km is too large, the bounding box is larger than half the globe: 219 degrees
[2021-11-04 13:09:47 #212 INFO] Rupture floating factor = 1.6303030303030304
[2021-11-04 13:09:47 #212 INFO] Rupture spinning factor = 3.2181818181818183
[2021-11-04 13:09:47 #212 INFO] gzipping the input files
[2021-11-04 13:09:50 #212 INFO] Storing risk model
[2021-11-04 13:09:50 #212 INFO] minimum_intensity={'SA(0.3)': 0.02, 'SA(0.6)': 0.05, 'SA(1.0)': 0.05, 'SA(2.0)': 0.05}
[2021-11-04 13:09:50 #212 INFO] Building ruptures
[2021-11-04 13:11:26 #212 INFO] Sending <SourceGroup Subduction IntraSlab30, 1 source(s)>
[2021-11-04 13:11:26 #212 INFO] Sending <SourceGroup Subduction IntraSlab55, 4 source(s)>
[2021-11-04 13:11:26 #212 INFO] Sending <SourceGroup Subduction Interface, 14 source(s)>
[2021-11-04 13:11:26 #212 INFO] Sending <SourceGroup Stable Shallow Crust, 29 source(s)>
[2021-11-04 13:11:26 #212 INFO] Sending <SourceGroup Stable Shallow Crust, 4 source(s)>
[2021-11-04 13:11:26 #212 INFO] Sending <SourceGroup Stable Shallow Crust, 6 source(s)>
[2021-11-04 13:11:26 #212 INFO] Sending <SourceGroup Stable Shallow Crust, 18 source(s)>
[2021-11-04 13:11:26 #212 INFO] Sending <SourceGroup Stable Shallow Crust, 10 source(s)>
[2021-11-04 13:11:26 #212 INFO] Sending <SourceGroup Stable Shallow Crust, 38 source(s)>
[2021-11-04 13:11:26 #212 INFO] Sending <SourceGroup Stable Shallow Crust, 14 source(s)>
[2021-11-04 13:11:26 #212 INFO] Sending <SourceGroup Active Shallow Crust, 1 source(s)>
[2021-11-04 13:11:26 #212 INFO] Sending <SourceGroup Active Shallow Crust, 58 source(s)>
[2021-11-04 13:11:26 #212 INFO] Sending <SourceGroup Active Shallow Crust, 1 source(s)>
[2021-11-04 13:11:28 #212 INFO] Sent 96 tasks, 63.18 MB in 0 seconds
[2021-11-04 13:11:29 #212 INFO] sample_ruptures   1% [98 submitted, 5 queued]
[2021-11-04 13:11:29 #212 INFO] sample_ruptures   2% [99 submitted, 4 queued]
[2021-11-04 13:11:29 #212 INFO] sample_ruptures   3% [100 submitted, 3 queued]
[2021-11-04 13:11:29 #212 INFO] sample_ruptures   4% [101 submitted, 2 queued]
[2021-11-04 13:11:30 #212 INFO] sample_ruptures   5% [102 submitted, 1 queued]
[2021-11-04 13:11:30 #212 INFO] sample_ruptures   6% [103 submitted, 0 queued]
[2021-11-04 13:11:30 #212 INFO] sample_ruptures   7% [103 submitted, 0 queued]
[2021-11-04 13:11:30 #212 INFO] sample_ruptures   8% [103 submitted, 0 queued]
[2021-11-04 13:11:30 #212 INFO] sample_ruptures   9% [103 submitted, 0 queued]
[2021-11-04 13:11:30 #212 INFO] sample_ruptures  10% [103 submitted, 0 queued]
[2021-11-04 13:11:30 #212 INFO] sample_ruptures  11% [103 submitted, 0 queued]
[2021-11-04 13:11:30 #212 INFO] sample_ruptures  12% [103 submitted, 0 queued]
[2021-11-04 13:11:30 #212 INFO] sample_ruptures  13% [103 submitted, 0 queued]
[2021-11-04 13:11:30 #212 INFO] sample_ruptures  14% [103 submitted, 0 queued]
[2021-11-04 13:11:30 #212 INFO] sample_ruptures  15% [103 submitted, 0 queued]
[2021-11-04 13:11:30 #212 INFO] sample_ruptures  16% [103 submitted, 0 queued]
[2021-11-04 13:11:30 #212 INFO] sample_ruptures  17% [103 submitted, 0 queued]
[2021-11-04 13:11:30 #212 INFO] sample_ruptures  18% [103 submitted, 0 queued]
[2021-11-04 13:11:30 #212 INFO] sample_ruptures  19% [103 submitted, 0 queued]
[2021-11-04 13:11:30 #212 INFO] sample_ruptures  20% [103 submitted, 0 queued]
[2021-11-04 13:11:30 #212 INFO] sample_ruptures  21% [103 submitted, 0 queued]
[2021-11-04 13:11:30 #212 INFO] sample_ruptures  22% [103 submitted, 0 queued]
[2021-11-04 13:11:30 #212 INFO] sample_ruptures  23% [103 submitted, 0 queued]
[2021-11-04 13:11:30 #212 INFO] sample_ruptures  24% [103 submitted, 0 queued]
[2021-11-04 13:11:30 #212 INFO] sample_ruptures  25% [103 submitted, 0 queued]
[2021-11-04 13:11:30 #212 INFO] sample_ruptures  26% [103 submitted, 0 queued]
[2021-11-04 13:11:30 #212 INFO] sample_ruptures  27% [103 submitted, 0 queued]
[2021-11-04 13:11:30 #212 INFO] sample_ruptures  28% [103 submitted, 0 queued]
[2021-11-04 13:11:30 #212 INFO] sample_ruptures  29% [103 submitted, 0 queued]
[2021-11-04 13:11:30 #212 INFO] sample_ruptures  30% [103 submitted, 0 queued]
[2021-11-04 13:11:30 #212 INFO] sample_ruptures  31% [103 submitted, 0 queued]
[2021-11-04 13:11:30 #212 INFO] sample_ruptures  32% [103 submitted, 0 queued]
[2021-11-04 13:11:30 #212 INFO] sample_ruptures  33% [103 submitted, 0 queued]
[2021-11-04 13:11:31 #212 INFO] sample_ruptures  34% [103 submitted, 0 queued]
[2021-11-04 13:11:31 #212 INFO] sample_ruptures  35% [103 submitted, 0 queued]
[2021-11-04 13:11:31 #212 INFO] sample_ruptures  36% [103 submitted, 0 queued]
[2021-11-04 13:11:31 #212 INFO] sample_ruptures  37% [103 submitted, 0 queued]
[2021-11-04 13:11:31 #212 INFO] sample_ruptures  38% [103 submitted, 0 queued]
[2021-11-04 13:11:31 #212 INFO] sample_ruptures  39% [103 submitted, 0 queued]
[2021-11-04 13:11:31 #212 INFO] sample_ruptures  40% [103 submitted, 0 queued]
[2021-11-04 13:11:31 #212 INFO] sample_ruptures  41% [103 submitted, 0 queued]
[2021-11-04 13:11:31 #212 INFO] sample_ruptures  42% [103 submitted, 0 queued]
[2021-11-04 13:11:31 #212 INFO] sample_ruptures  43% [103 submitted, 0 queued]
[2021-11-04 13:11:31 #212 INFO] sample_ruptures  44% [103 submitted, 0 queued]
[2021-11-04 13:11:31 #212 INFO] sample_ruptures  45% [103 submitted, 0 queued]
[2021-11-04 13:11:31 #212 INFO] sample_ruptures  46% [103 submitted, 0 queued]
[2021-11-04 13:11:31 #212 INFO] sample_ruptures  47% [103 submitted, 0 queued]
[2021-11-04 13:11:31 #212 INFO] sample_ruptures  48% [103 submitted, 0 queued]
[2021-11-04 13:11:31 #212 INFO] sample_ruptures  49% [103 submitted, 0 queued]
[2021-11-04 13:11:31 #212 INFO] sample_ruptures  50% [103 submitted, 0 queued]
[2021-11-04 13:11:31 #212 INFO] sample_ruptures  51% [103 submitted, 0 queued]
[2021-11-04 13:11:31 #212 INFO] sample_ruptures  52% [103 submitted, 0 queued]
[2021-11-04 13:11:31 #212 INFO] sample_ruptures  53% [103 submitted, 0 queued]
[2021-11-04 13:11:31 #212 INFO] sample_ruptures  54% [103 submitted, 0 queued]
[2021-11-04 13:11:31 #212 INFO] sample_ruptures  55% [103 submitted, 0 queued]
[2021-11-04 13:11:31 #212 INFO] sample_ruptures  56% [103 submitted, 0 queued]
[2021-11-04 13:11:31 #212 INFO] sample_ruptures  57% [103 submitted, 0 queued]
[2021-11-04 13:11:31 #212 INFO] sample_ruptures  58% [103 submitted, 0 queued]
[2021-11-04 13:11:31 #212 INFO] sample_ruptures  59% [103 submitted, 0 queued]
[2021-11-04 13:11:31 #212 INFO] sample_ruptures  60% [103 submitted, 0 queued]
[2021-11-04 13:11:31 #212 INFO] sample_ruptures  61% [103 submitted, 0 queued]
[2021-11-04 13:11:31 #212 INFO] sample_ruptures  62% [103 submitted, 0 queued]
[2021-11-04 13:11:31 #212 INFO] sample_ruptures  63% [103 submitted, 0 queued]
[2021-11-04 13:11:31 #212 INFO] sample_ruptures  64% [103 submitted, 0 queued]
[2021-11-04 13:11:31 #212 INFO] sample_ruptures  65% [103 submitted, 0 queued]
[2021-11-04 13:11:33 #212 INFO] sample_ruptures  66% [103 submitted, 0 queued]
[2021-11-04 13:11:34 #212 INFO] sample_ruptures  67% [103 submitted, 0 queued]
[2021-11-04 13:11:35 #212 INFO] sample_ruptures  68% [103 submitted, 0 queued]
[2021-11-04 13:11:36 #212 INFO] sample_ruptures  69% [103 submitted, 0 queued]
[2021-11-04 13:11:37 #212 INFO] sample_ruptures  70% [103 submitted, 0 queued]
[2021-11-04 13:11:40 #212 INFO] sample_ruptures  71% [103 submitted, 0 queued]
[2021-11-04 13:11:41 #212 INFO] sample_ruptures  72% [103 submitted, 0 queued]
[2021-11-04 13:11:41 #212 INFO] sample_ruptures  73% [103 submitted, 0 queued]
[2021-11-04 13:12:31 #212 INFO] sample_ruptures  74% [103 submitted, 0 queued]
[2021-11-04 13:13:04 #212 INFO] sample_ruptures  75% [103 submitted, 0 queued]
[2021-11-04 13:13:24 #212 INFO] sample_ruptures  76% [103 submitted, 0 queued]
[2021-11-04 13:13:26 #212 INFO] sample_ruptures  77% [103 submitted, 0 queued]
[2021-11-04 13:13:28 #212 INFO] sample_ruptures  78% [103 submitted, 0 queued]
[2021-11-04 13:13:47 #212 INFO] sample_ruptures  79% [103 submitted, 0 queued]
[2021-11-04 13:13:59 #212 INFO] sample_ruptures  80% [103 submitted, 0 queued]
[2021-11-04 13:14:01 #212 INFO] sample_ruptures  81% [103 submitted, 0 queued]
[2021-11-04 13:14:05 #212 INFO] sample_ruptures  82% [103 submitted, 0 queued]
[2021-11-04 13:14:07 #212 INFO] sample_ruptures  83% [103 submitted, 0 queued]
[2021-11-04 13:14:14 #212 INFO] sample_ruptures  84% [103 submitted, 0 queued]
[2021-11-04 13:14:50 #212 INFO] sample_ruptures  85% [103 submitted, 0 queued]
[2021-11-04 13:14:53 #212 INFO] sample_ruptures  86% [103 submitted, 0 queued]
[2021-11-04 13:14:53 #212 INFO] sample_ruptures  87% [103 submitted, 0 queued]
[2021-11-04 13:15:41 #212 INFO] sample_ruptures  88% [103 submitted, 0 queued]
[2021-11-04 13:15:54 #212 INFO] sample_ruptures  89% [103 submitted, 0 queued]
[2021-11-04 13:16:07 #212 INFO] sample_ruptures  90% [103 submitted, 0 queued]
[2021-11-04 13:16:29 #212 INFO] sample_ruptures  91% [103 submitted, 0 queued]
[2021-11-04 13:16:44 #212 INFO] sample_ruptures  92% [103 submitted, 0 queued]
[2021-11-04 13:17:48 #212 INFO] sample_ruptures  93% [103 submitted, 0 queued]
[2021-11-04 13:20:00 #212 INFO] sample_ruptures  94% [103 submitted, 0 queued]
[2021-11-04 13:20:22 #212 INFO] sample_ruptures  95% [103 submitted, 0 queued]
[2021-11-04 13:22:24 #212 INFO] sample_ruptures  96% [103 submitted, 0 queued]
[2021-11-04 13:25:49 #212 INFO] sample_ruptures  97% [103 submitted, 0 queued]
[2021-11-04 13:29:16 #212 INFO] sample_ruptures  98% [103 submitted, 0 queued]
[2021-11-04 13:39:04 #212 INFO] sample_ruptures  99% [103 submitted, 0 queued]
[2021-11-04 13:41:23 #212 INFO] sample_ruptures 100% [103 submitted, 0 queued]
[2021-11-04 13:41:23 #212 INFO] Mean time per core=121s, std=303.1s, min=0s, max=1779s
[2021-11-04 13:41:23 #212 INFO] Received {'rup_array': '1.57 GB', 'calc_times': '21.47 KB', 'eff_ruptures': '4.14 KB'} in 1795 seconds
[2021-11-04 13:41:23 #212 INFO] There are 200 realization(s)
[2021-11-04 13:41:24 #212 INFO] Reordering the ruptures and storing the events
[2021-11-04 13:41:36 #212 INFO] Associating event_id -> rlz_id for 21_245_428 events and 7_481_176 ruptures
[2021-11-04 13:45:45 #212 INFO] Sent 201 tasks, 799.38 MB in 230 seconds
[2021-11-04 13:46:21 #212 INFO] Mean time per core=45s, std=15.0s, min=16s, max=82s
[2021-11-04 13:46:21 #212 INFO] Received {'tot': '202.66 MB'} in 36 seconds
[2021-11-04 13:48:13 #212 INFO] Reading 7_481_176 ruptures
[2021-11-04 13:51:32 #212 INFO] Sent 96 tasks, 372.65 MB in 27 seconds
[2021-11-04 13:58:25 #212 INFO] compute_gmfs   1% [99 submitted, 102 queued]
[2021-11-04 13:58:35 #212 INFO] compute_gmfs   2% [101 submitted, 100 queued]
[2021-11-04 13:58:55 #212 INFO] compute_gmfs   3% [103 submitted, 98 queued]
[2021-11-04 14:00:24 #212 INFO] compute_gmfs   4% [105 submitted, 96 queued]
[2021-11-04 14:01:04 #212 INFO] compute_gmfs   5% [107 submitted, 94 queued]
[2021-11-04 14:01:10 #212 INFO] compute_gmfs   6% [109 submitted, 92 queued]
[2021-11-04 14:01:12 #212 INFO] compute_gmfs   7% [111 submitted, 90 queued]
[2021-11-04 14:02:04 #212 INFO] compute_gmfs   8% [113 submitted, 88 queued]
[2021-11-04 14:02:10 #212 INFO] compute_gmfs   9% [115 submitted, 86 queued]
[2021-11-04 14:02:29 #212 INFO] compute_gmfs  10% [117 submitted, 84 queued]
[2021-11-04 14:02:41 #212 INFO] compute_gmfs  11% [119 submitted, 82 queued]
[2021-11-04 14:02:45 #212 INFO] compute_gmfs  12% [121 submitted, 80 queued]
[2021-11-04 14:02:50 #212 INFO] compute_gmfs  13% [123 submitted, 78 queued]
[2021-11-04 14:02:56 #212 INFO] compute_gmfs  14% [125 submitted, 76 queued]
[2021-11-04 14:03:03 #212 INFO] compute_gmfs  15% [127 submitted, 74 queued]
[2021-11-04 14:03:09 #212 INFO] compute_gmfs  16% [129 submitted, 72 queued]
[2021-11-04 14:03:11 #212 INFO] compute_gmfs  17% [131 submitted, 70 queued]
[2021-11-04 14:03:29 #212 INFO] compute_gmfs  18% [133 submitted, 68 queued]
[2021-11-04 14:03:47 #212 INFO] compute_gmfs  19% [135 submitted, 66 queued]
[2021-11-04 14:03:51 #212 INFO] compute_gmfs  20% [137 submitted, 64 queued]
[2021-11-04 14:05:43 #212 INFO] compute_gmfs  21% [139 submitted, 62 queued]
[2021-11-04 14:06:07 #212 INFO] compute_gmfs  22% [141 submitted, 60 queued]
[2021-11-04 14:06:18 #212 INFO] compute_gmfs  23% [143 submitted, 58 queued]
[2021-11-04 14:06:23 #212 INFO] compute_gmfs  24% [145 submitted, 56 queued]
[2021-11-04 14:06:48 #212 INFO] compute_gmfs  25% [147 submitted, 54 queued]
[2021-11-04 14:06:51 #212 INFO] compute_gmfs  26% [149 submitted, 52 queued]
[2021-11-04 14:07:00 #212 INFO] compute_gmfs  27% [151 submitted, 50 queued]
[2021-11-04 14:07:07 #212 INFO] compute_gmfs  28% [153 submitted, 48 queued]
[2021-11-04 14:07:17 #212 INFO] compute_gmfs  29% [155 submitted, 46 queued]
[2021-11-04 14:07:34 #212 INFO] compute_gmfs  30% [157 submitted, 44 queued]
[2021-11-04 14:07:41 #212 INFO] compute_gmfs  31% [159 submitted, 42 queued]
[2021-11-04 14:07:45 #212 INFO] compute_gmfs  32% [161 submitted, 40 queued]
[2021-11-04 14:07:52 #212 INFO] compute_gmfs  33% [163 submitted, 38 queued]
[2021-11-04 14:07:55 #212 INFO] compute_gmfs  34% [165 submitted, 36 queued]
[2021-11-04 14:08:08 #212 INFO] compute_gmfs  35% [167 submitted, 34 queued]
[2021-11-04 14:08:18 #212 INFO] compute_gmfs  36% [169 submitted, 32 queued]
[2021-11-04 14:08:30 #212 INFO] compute_gmfs  37% [171 submitted, 30 queued]
[2021-11-04 14:08:43 #212 INFO] compute_gmfs  38% [173 submitted, 28 queued]
[2021-11-04 14:08:54 #212 INFO] compute_gmfs  39% [175 submitted, 26 queued]
[2021-11-04 14:08:58 #212 INFO] compute_gmfs  40% [177 submitted, 24 queued]
[2021-11-04 14:09:11 #212 INFO] compute_gmfs  41% [179 submitted, 22 queued]
[2021-11-04 14:09:32 #212 INFO] compute_gmfs  42% [181 submitted, 20 queued]
[2021-11-04 14:09:37 #212 INFO] compute_gmfs  43% [183 submitted, 18 queued]
[2021-11-04 14:10:13 #212 INFO] compute_gmfs  44% [185 submitted, 16 queued]
[2021-11-04 14:10:17 #212 INFO] compute_gmfs  45% [187 submitted, 14 queued]
[2021-11-04 14:10:22 #212 INFO] compute_gmfs  46% [189 submitted, 12 queued]
[2021-11-04 14:10:27 #212 INFO] compute_gmfs  47% [191 submitted, 10 queued]
[2021-11-04 14:10:34 #212 INFO] compute_gmfs  48% [193 submitted, 8 queued]
[2021-11-04 14:10:43 #212 INFO] compute_gmfs  49% [195 submitted, 6 queued]
[2021-11-04 14:10:54 #212 INFO] compute_gmfs  50% [197 submitted, 4 queued]
[2021-11-04 14:11:46 #212 INFO] compute_gmfs  51% [199 submitted, 2 queued]
[2021-11-04 14:12:02 #212 INFO] compute_gmfs  52% [201 submitted, 0 queued]
[2021-11-04 14:12:49 #212 INFO] compute_gmfs  53% [201 submitted, 0 queued]
[2021-11-04 14:13:01 #212 INFO] compute_gmfs  54% [201 submitted, 0 queued]
[2021-11-04 14:13:09 #212 INFO] compute_gmfs  55% [201 submitted, 0 queued]
[2021-11-04 14:13:38 #212 INFO] compute_gmfs  56% [201 submitted, 0 queued]
[2021-11-04 14:14:11 #212 INFO] compute_gmfs  57% [201 submitted, 0 queued]
[2021-11-04 14:14:20 #212 INFO] compute_gmfs  58% [201 submitted, 0 queued]
[2021-11-04 14:14:54 #212 INFO] compute_gmfs  59% [201 submitted, 0 queued]
[2021-11-04 14:15:23 #212 INFO] compute_gmfs  60% [201 submitted, 0 queued]
[2021-11-04 14:15:43 #212 INFO] compute_gmfs  61% [201 submitted, 0 queued]
[2021-11-04 14:16:33 #212 INFO] compute_gmfs  62% [201 submitted, 0 queued]
[2021-11-04 14:16:53 #212 INFO] compute_gmfs  63% [201 submitted, 0 queued]
[2021-11-04 14:17:09 #212 INFO] compute_gmfs  64% [201 submitted, 0 queued]
[2021-11-04 14:17:14 #212 INFO] compute_gmfs  65% [201 submitted, 0 queued]
[2021-11-04 14:17:16 #212 INFO] compute_gmfs  66% [201 submitted, 0 queued]
[2021-11-04 14:17:23 #212 INFO] compute_gmfs  67% [201 submitted, 0 queued]
[2021-11-04 14:17:41 #212 INFO] compute_gmfs  68% [201 submitted, 0 queued]
[2021-11-04 14:17:52 #212 INFO] compute_gmfs  69% [201 submitted, 0 queued]
[2021-11-04 14:17:54 #212 INFO] compute_gmfs  70% [201 submitted, 0 queued]
[2021-11-04 14:18:14 #212 INFO] compute_gmfs  71% [201 submitted, 0 queued]
[2021-11-04 14:18:21 #212 INFO] compute_gmfs  72% [201 submitted, 0 queued]
[2021-11-04 14:18:36 #212 INFO] compute_gmfs  73% [201 submitted, 0 queued]
[2021-11-04 14:18:45 #212 INFO] compute_gmfs  74% [201 submitted, 0 queued]
[2021-11-04 14:18:50 #212 INFO] compute_gmfs  75% [201 submitted, 0 queued]
[2021-11-04 14:19:04 #212 INFO] compute_gmfs  76% [201 submitted, 0 queued]
[2021-11-04 14:19:15 #212 INFO] compute_gmfs  77% [201 submitted, 0 queued]
[2021-11-04 14:19:31 #212 INFO] compute_gmfs  78% [201 submitted, 0 queued]
[2021-11-04 14:19:45 #212 INFO] compute_gmfs  79% [201 submitted, 0 queued]
[2021-11-04 14:19:51 #212 INFO] compute_gmfs  80% [201 submitted, 0 queued]
[2021-11-04 14:20:17 #212 INFO] compute_gmfs  81% [201 submitted, 0 queued]
[2021-11-04 14:20:40 #212 INFO] compute_gmfs  82% [201 submitted, 0 queued]
[2021-11-04 14:20:47 #212 INFO] compute_gmfs  83% [201 submitted, 0 queued]
[2021-11-04 14:20:52 #212 INFO] compute_gmfs  84% [201 submitted, 0 queued]
[2021-11-04 14:21:01 #212 INFO] compute_gmfs  85% [201 submitted, 0 queued]
[2021-11-04 14:21:18 #212 INFO] compute_gmfs  86% [201 submitted, 0 queued]
[2021-11-04 14:21:29 #212 INFO] compute_gmfs  87% [201 submitted, 0 queued]
[2021-11-04 14:21:48 #212 INFO] compute_gmfs  88% [201 submitted, 0 queued]
[2021-11-04 14:22:01 #212 INFO] compute_gmfs  89% [201 submitted, 0 queued]
[2021-11-04 14:22:15 #212 INFO] compute_gmfs  90% [201 submitted, 0 queued]
[2021-11-04 14:22:19 #212 INFO] compute_gmfs  91% [201 submitted, 0 queued]
[2021-11-04 14:22:22 #212 INFO] compute_gmfs  92% [201 submitted, 0 queued]
[2021-11-04 14:22:57 #212 INFO] compute_gmfs  93% [201 submitted, 0 queued]
[2021-11-04 14:23:33 #212 INFO] compute_gmfs  94% [201 submitted, 0 queued]
[2021-11-04 14:24:54 #212 INFO] compute_gmfs  95% [201 submitted, 0 queued]
[2021-11-04 14:28:59 #212 INFO] compute_gmfs  96% [201 submitted, 0 queued]
[2021-11-04 14:30:46 #212 INFO] compute_gmfs  97% [201 submitted, 0 queued]
[2021-11-04 14:30:54 #212 INFO] compute_gmfs  98% [201 submitted, 0 queued]
[2021-11-04 14:33:00 #212 INFO] compute_gmfs  99% [201 submitted, 0 queued]
[2021-11-04 14:34:40 #212 INFO] compute_gmfs 100% [201 submitted, 0 queued]
[2021-11-04 14:34:40 #212 INFO] Mean time per core=1704s, std=289.4s, min=1263s, max=2580s
[2021-11-04 14:34:40 #212 INFO] Received {'gmfdata': '1.02 GB', 'sig_eps': '593.39 MB', 'times': '83.18 MB', 'hcurves': '1005 B'} in 2615 seconds
[2021-11-04 14:34:40 #212 INFO] Stored 1.3 GB of GMFs
[2021-11-04 14:34:40 #212 WARNING] There are more than 1 GB of GMFs, not computing avg_gmf
[2021-11-04 14:34:44 #212 INFO] Building risk inputs from 200 realization(s)
[2021-11-04 14:34:51 #212 INFO] Grouping the GMFs by site ID
[2021-11-04 14:34:54 #212 INFO] Built 162 risk inputs
[2021-11-04 14:34:56 #212 INFO] Sent 106 tasks, 852.35 MB in 1 seconds
[2021-11-04 14:35:17 #212 INFO] scenario_damage   1% [106 submitted, 0 queued]
[2021-11-04 14:35:17 #212 INFO] scenario_damage   2% [106 submitted, 0 queued]
[2021-11-04 14:35:21 #212 INFO] scenario_damage   3% [106 submitted, 0 queued]
[2021-11-04 14:35:22 #212 INFO] scenario_damage   4% [106 submitted, 0 queued]
[2021-11-04 14:35:22 #212 INFO] scenario_damage   5% [106 submitted, 0 queued]
[2021-11-04 14:35:23 #212 INFO] scenario_damage   6% [106 submitted, 0 queued]
[2021-11-04 14:35:24 #212 INFO] scenario_damage   7% [106 submitted, 0 queued]
[2021-11-04 14:35:24 #212 INFO] scenario_damage   8% [106 submitted, 0 queued]
[2021-11-04 14:35:24 #212 INFO] scenario_damage   9% [106 submitted, 0 queued]
[2021-11-04 14:35:25 #212 INFO] scenario_damage  10% [106 submitted, 0 queued]
[2021-11-04 14:35:25 #212 INFO] scenario_damage  11% [106 submitted, 0 queued]
[2021-11-04 14:35:26 #212 INFO] scenario_damage  12% [106 submitted, 0 queued]
[2021-11-04 14:35:26 #212 INFO] scenario_damage  13% [106 submitted, 0 queued]
[2021-11-04 14:35:28 #212 INFO] scenario_damage  14% [106 submitted, 0 queued]
[2021-11-04 14:35:29 #212 INFO] scenario_damage  15% [106 submitted, 0 queued]
[2021-11-04 14:35:29 #212 INFO] scenario_damage  16% [106 submitted, 0 queued]
[2021-11-04 14:35:34 #212 INFO] scenario_damage  17% [106 submitted, 0 queued]
[2021-11-04 14:35:34 #212 INFO] scenario_damage  18% [106 submitted, 0 queued]
[2021-11-04 14:35:35 #212 INFO] scenario_damage  19% [106 submitted, 0 queued]
[2021-11-04 14:35:35 #212 INFO] scenario_damage  20% [106 submitted, 0 queued]
[2021-11-04 14:35:35 #212 INFO] scenario_damage  21% [106 submitted, 0 queued]
[2021-11-04 14:35:36 #212 INFO] scenario_damage  22% [106 submitted, 0 queued]
[2021-11-04 14:35:37 #212 INFO] scenario_damage  23% [106 submitted, 0 queued]
[2021-11-04 14:35:38 #212 INFO] scenario_damage  24% [106 submitted, 0 queued]
[2021-11-04 14:35:39 #212 INFO] scenario_damage  25% [106 submitted, 0 queued]
[2021-11-04 14:35:40 #212 INFO] scenario_damage  26% [106 submitted, 0 queued]
[2021-11-04 14:35:41 #212 INFO] scenario_damage  27% [106 submitted, 0 queued]
[2021-11-04 14:35:42 #212 INFO] scenario_damage  28% [106 submitted, 0 queued]
[2021-11-04 14:35:43 #212 INFO] scenario_damage  29% [106 submitted, 0 queued]
[2021-11-04 14:35:44 #212 INFO] scenario_damage  30% [106 submitted, 0 queued]
[2021-11-04 14:35:44 #212 INFO] scenario_damage  31% [106 submitted, 0 queued]
[2021-11-04 14:35:46 #212 INFO] scenario_damage  32% [106 submitted, 0 queued]
[2021-11-04 14:35:50 #212 INFO] scenario_damage  33% [106 submitted, 0 queued]
[2021-11-04 14:35:53 #212 INFO] scenario_damage  34% [106 submitted, 0 queued]
[2021-11-04 14:35:55 #212 INFO] scenario_damage  35% [106 submitted, 0 queued]
[2021-11-04 14:35:56 #212 INFO] scenario_damage  36% [106 submitted, 0 queued]
[2021-11-04 14:36:02 #212 INFO] scenario_damage  37% [106 submitted, 0 queued]
[2021-11-04 14:36:05 #212 INFO] scenario_damage  38% [106 submitted, 0 queued]
[2021-11-04 14:36:06 #212 INFO] scenario_damage  39% [106 submitted, 0 queued]
[2021-11-04 14:36:13 #212 INFO] scenario_damage  40% [106 submitted, 0 queued]
[2021-11-04 14:36:23 #212 INFO] scenario_damage  41% [106 submitted, 0 queued]
[2021-11-04 14:36:26 #212 INFO] scenario_damage  42% [106 submitted, 0 queued]
[2021-11-04 14:36:39 #212 INFO] scenario_damage  43% [106 submitted, 0 queued]
[2021-11-04 14:36:40 #212 INFO] scenario_damage  44% [106 submitted, 0 queued]
[2021-11-04 14:36:40 #212 INFO] scenario_damage  45% [106 submitted, 0 queued]
[2021-11-04 14:36:43 #212 INFO] scenario_damage  46% [106 submitted, 0 queued]
[2021-11-04 14:36:52 #212 INFO] scenario_damage  47% [106 submitted, 0 queued]
[2021-11-04 14:36:58 #212 INFO] scenario_damage  48% [106 submitted, 0 queued]
[2021-11-04 14:37:00 #212 INFO] scenario_damage  49% [106 submitted, 0 queued]
[2021-11-04 14:37:03 #212 INFO] scenario_damage  50% [106 submitted, 0 queued]
[2021-11-04 14:37:34 #212 INFO] scenario_damage  51% [106 submitted, 0 queued]
[2021-11-04 14:37:36 #212 INFO] scenario_damage  52% [106 submitted, 0 queued]
[2021-11-04 14:37:52 #212 INFO] scenario_damage  53% [106 submitted, 0 queued]
[2021-11-04 14:37:54 #212 INFO] scenario_damage  54% [106 submitted, 0 queued]
[2021-11-04 14:38:17 #212 INFO] scenario_damage  55% [106 submitted, 0 queued]
[2021-11-04 14:38:19 #212 INFO] scenario_damage  56% [106 submitted, 0 queued]
[2021-11-04 14:38:21 #212 INFO] scenario_damage  57% [106 submitted, 0 queued]
[2021-11-04 14:38:30 #212 INFO] scenario_damage  58% [106 submitted, 0 queued]
[2021-11-04 14:38:36 #212 INFO] scenario_damage  59% [106 submitted, 0 queued]
[2021-11-04 14:38:45 #212 INFO] scenario_damage  60% [106 submitted, 0 queued]
[2021-11-04 14:38:46 #212 INFO] scenario_damage  61% [106 submitted, 0 queued]
[2021-11-04 14:39:06 #212 INFO] scenario_damage  62% [106 submitted, 0 queued]
[2021-11-04 14:39:14 #212 INFO] scenario_damage  63% [106 submitted, 0 queued]
[2021-11-04 14:39:24 #212 INFO] scenario_damage  64% [106 submitted, 0 queued]
[2021-11-04 14:39:28 #212 INFO] scenario_damage  65% [106 submitted, 0 queued]
[2021-11-04 14:39:40 #212 INFO] scenario_damage  66% [106 submitted, 0 queued]
[2021-11-04 14:39:59 #212 INFO] scenario_damage  67% [106 submitted, 0 queued]
[2021-11-04 14:40:05 #212 INFO] scenario_damage  68% [106 submitted, 0 queued]
[2021-11-04 14:40:05 #212 INFO] scenario_damage  69% [106 submitted, 0 queued]
[2021-11-04 14:40:12 #212 INFO] scenario_damage  70% [106 submitted, 0 queued]
[2021-11-04 14:40:22 #212 INFO] scenario_damage  71% [106 submitted, 0 queued]
[2021-11-04 14:40:24 #212 INFO] scenario_damage  72% [106 submitted, 0 queued]
[2021-11-04 14:40:35 #212 INFO] scenario_damage  73% [106 submitted, 0 queued]
[2021-11-04 14:40:47 #212 INFO] scenario_damage  74% [106 submitted, 0 queued]
[2021-11-04 14:40:52 #212 INFO] scenario_damage  75% [106 submitted, 0 queued]
[2021-11-04 14:41:09 #212 INFO] scenario_damage  76% [106 submitted, 0 queued]
[2021-11-04 14:41:10 #212 INFO] scenario_damage  77% [106 submitted, 0 queued]
[2021-11-04 14:41:10 #212 INFO] scenario_damage  78% [106 submitted, 0 queued]
[2021-11-04 14:41:12 #212 INFO] scenario_damage  79% [106 submitted, 0 queued]
[2021-11-04 14:41:19 #212 INFO] scenario_damage  80% [106 submitted, 0 queued]
[2021-11-04 14:41:39 #212 INFO] scenario_damage  81% [106 submitted, 0 queued]
[2021-11-04 14:41:48 #212 INFO] scenario_damage  82% [106 submitted, 0 queued]
[2021-11-04 14:41:56 #212 INFO] scenario_damage  83% [106 submitted, 0 queued]
[2021-11-04 14:42:24 #212 INFO] scenario_damage  84% [106 submitted, 0 queued]
[2021-11-04 14:43:11 #212 INFO] scenario_damage  85% [106 submitted, 0 queued]
[2021-11-04 14:43:17 #212 INFO] scenario_damage  86% [106 submitted, 0 queued]
[2021-11-04 14:43:28 #212 INFO] scenario_damage  87% [106 submitted, 0 queued]
[2021-11-04 14:43:29 #212 INFO] scenario_damage  88% [106 submitted, 0 queued]
[2021-11-04 14:43:48 #212 INFO] scenario_damage  89% [106 submitted, 0 queued]
[2021-11-04 14:44:11 #212 INFO] scenario_damage  90% [106 submitted, 0 queued]
[2021-11-04 14:45:03 #212 INFO] scenario_damage  91% [106 submitted, 0 queued]
[2021-11-04 14:45:32 #212 INFO] scenario_damage  92% [106 submitted, 0 queued]
[2021-11-04 14:46:38 #212 INFO] scenario_damage  93% [106 submitted, 0 queued]
[2021-11-04 14:47:01 #212 INFO] scenario_damage  94% [106 submitted, 0 queued]
[2021-11-04 14:47:51 #212 INFO] scenario_damage  95% [106 submitted, 0 queued]
[2021-11-04 14:48:21 #212 INFO] scenario_damage  96% [106 submitted, 0 queued]
[2021-11-04 14:49:36 #212 INFO] scenario_damage  97% [106 submitted, 0 queued]
[2021-11-04 14:50:22 #212 INFO] scenario_damage  98% [106 submitted, 0 queued]
[2021-11-04 14:54:59 #212 INFO] scenario_damage  99% [106 submitted, 0 queued]
[2021-11-04 15:11:23 #212 INFO] scenario_damage 100% [106 submitted, 0 queued]
[2021-11-04 15:11:23 #212 INFO] Mean time per core=269s, std=307.0s, min=25s, max=2172s
[2021-11-04 15:11:23 #212 INFO] Received {'aed': '138.97 MB', 'd_event': '112.88 MB', 'd_asset': '48.99 MB'} in 2186 seconds
[2021-11-04 15:11:23 #212 INFO] Saving 138.93 MB in dd_data (instead of 223.82 GB)
[2021-11-04 15:11:48 #212 INFO] Portfolio damage
==== ========== ========= =======
kind loss_type  dmg_state value  
==== ========== ========= =======
avg  structural no_damage 11_607 
avg  structural slight    0.43420
avg  structural moderate  0.05346
avg  structural extensive 0.01725
avg  structural complete  0.01836
std  structural no_damage 9.69844
std  structural slight    7.03047
std  structural moderate  1.54365
std  structural extensive 0.65461
std  structural complete  1.21521
==== ========== ========= =======
[2021-11-04 15:11:48 #212 INFO] Due to rounding errors inherent in floating-point arithmetic, the total number of buildings is not exact: {'expected': 11608.0, 'structural': 137.29372}
[2021-11-04 15:11:49 #212 INFO] Exposing the outputs to the database
[2021-11-04 15:11:50 #212 INFO] Stored 3.12 GB on /root/oqdata/calc_212.hdf5 in 7336 seconds
/home/ssm-user/src/oq-engine/openquake/hazardlib/gsim/base.py:347: ExperimentalWarning: CanadaSHM6_ActiveCrust_BooreEtAl2014 is experimental and may change in future versions - the user is liable for their application
  warnings.warn(msg, ExperimentalWarning)
/home/ssm-user/src/oq-engine/openquake/hazardlib/gsim/base.py:347: ExperimentalWarning: CanadaSHM6_ActiveCrust_BooreEtAl2014 is experimental and may change in future versions - the user is liable for their application
  warnings.warn(msg, ExperimentalWarning)
/home/ssm-user/src/oq-engine/openquake/hazardlib/gsim/base.py:347: ExperimentalWarning: CanadaSHM6_ActiveCrust_BooreEtAl2014 is experimental and may change in future versions - the user is liable for their application
  warnings.warn(msg, ExperimentalWarning)
/home/ssm-user/src/oq-engine/openquake/hazardlib/gsim/base.py:347: ExperimentalWarning: CanadaSHM6_ActiveCrust_BooreEtAl2014 is experimental and may change in future versions - the user is liable for their application
  warnings.warn(msg, ExperimentalWarning)
/home/ssm-user/src/oq-engine/openquake/hazardlib/gsim/base.py:347: ExperimentalWarning: CanadaSHM6_ActiveCrust_BooreEtAl2014 is experimental and may change in future versions - the user is liable for their application
  warnings.warn(msg, ExperimentalWarning)
/home/ssm-user/src/oq-engine/openquake/hazardlib/gsim/base.py:347: ExperimentalWarning: CanadaSHM6_ActiveCrust_BooreEtAl2014 is experimental and may change in future versions - the user is liable for their application
  warnings.warn(msg, ExperimentalWarning)
/home/ssm-user/src/oq-engine/openquake/hazardlib/gsim/base.py:347: ExperimentalWarning: CanadaSHM6_ActiveCrust_BooreEtAl2014 is experimental and may change in future versions - the user is liable for their application
  warnings.warn(msg, ExperimentalWarning)
/home/ssm-user/src/oq-engine/openquake/hazardlib/gsim/base.py:347: ExperimentalWarning: CanadaSHM6_ActiveCrust_BooreEtAl2014 is experimental and may change in future versions - the user is liable for their application
  warnings.warn(msg, ExperimentalWarning)
/home/ssm-user/src/oq-engine/openquake/hazardlib/gsim/base.py:347: ExperimentalWarning: CanadaSHM6_ActiveCrust_BooreEtAl2014 is experimental and may change in future versions - the user is liable for their application
  warnings.warn(msg, ExperimentalWarning)
/home/ssm-user/src/oq-engine/openquake/hazardlib/gsim/base.py:347: ExperimentalWarning: CanadaSHM6_ActiveCrust_BooreEtAl2014 is experimental and may change in future versions - the user is liable for their application
  warnings.warn(msg, ExperimentalWarning)
/home/ssm-user/src/oq-engine/openquake/hazardlib/gsim/base.py:347: ExperimentalWarning: CanadaSHM6_ActiveCrust_BooreEtAl2014 is experimental and may change in future versions - the user is liable for their application
  warnings.warn(msg, ExperimentalWarning)
/home/ssm-user/src/oq-engine/openquake/hazardlib/gsim/base.py:347: ExperimentalWarning: CanadaSHM6_ActiveCrust_BooreEtAl2014 is experimental and may change in future versions - the user is liable for their application
  warnings.warn(msg, ExperimentalWarning)
/home/ssm-user/src/oq-engine/openquake/hazardlib/gsim/base.py:347: ExperimentalWarning: CanadaSHM6_ActiveCrust_BooreEtAl2014 is experimental and may change in future versions - the user is liable for their application
  warnings.warn(msg, ExperimentalWarning)
/home/ssm-user/src/oq-engine/openquake/hazardlib/gsim/base.py:347: ExperimentalWarning: CanadaSHM6_ActiveCrust_BooreEtAl2014 is experimental and may change in future versions - the user is liable for their application
  warnings.warn(msg, ExperimentalWarning)
/home/ssm-user/src/oq-engine/openquake/hazardlib/gsim/base.py:347: ExperimentalWarning: CanadaSHM6_ActiveCrust_BooreEtAl2014 is experimental and may change in future versions - the user is liable for their application
  warnings.warn(msg, ExperimentalWarning)
/home/ssm-user/src/oq-engine/openquake/hazardlib/gsim/base.py:347: ExperimentalWarning: CanadaSHM6_ActiveCrust_BooreEtAl2014 is experimental and may change in future versions - the user is liable for their application
  warnings.warn(msg, ExperimentalWarning)
/home/ssm-user/src/oq-engine/openquake/hazardlib/gsim/base.py:347: ExperimentalWarning: CanadaSHM6_ActiveCrust_BooreEtAl2014 is experimental and may change in future versions - the user is liable for their application
  warnings.warn(msg, ExperimentalWarning)
/home/ssm-user/src/oq-engine/openquake/hazardlib/gsim/base.py:347: ExperimentalWarning: CanadaSHM6_ActiveCrust_BooreEtAl2014 is experimental and may change in future versions - the user is liable for their application
  warnings.warn(msg, ExperimentalWarning)
/home/ssm-user/src/oq-engine/openquake/hazardlib/gsim/base.py:347: ExperimentalWarning: CanadaSHM6_ActiveCrust_BooreEtAl2014 is experimental and may change in future versions - the user is liable for their application
  warnings.warn(msg, ExperimentalWarning)
/home/ssm-user/src/oq-engine/openquake/hazardlib/gsim/base.py:347: ExperimentalWarning: CanadaSHM6_ActiveCrust_BooreEtAl2014 is experimental and may change in future versions - the user is liable for their application
  warnings.warn(msg, ExperimentalWarning)
/home/ssm-user/src/oq-engine/openquake/hazardlib/gsim/base.py:347: ExperimentalWarning: CanadaSHM6_ActiveCrust_BooreEtAl2014 is experimental and may change in future versions - the user is liable for their application
  warnings.warn(msg, ExperimentalWarning)
/home/ssm-user/src/oq-engine/openquake/hazardlib/gsim/base.py:347: ExperimentalWarning: CanadaSHM6_ActiveCrust_BooreEtAl2014 is experimental and may change in future versions - the user is liable for their application
  warnings.warn(msg, ExperimentalWarning)
/home/ssm-user/src/oq-engine/openquake/hazardlib/gsim/base.py:347: ExperimentalWarning: CanadaSHM6_ActiveCrust_BooreEtAl2014 is experimental and may change in future versions - the user is liable for their application
  warnings.warn(msg, ExperimentalWarning)
/home/ssm-user/src/oq-engine/openquake/hazardlib/gsim/base.py:347: ExperimentalWarning: CanadaSHM6_ActiveCrust_BooreEtAl2014 is experimental and may change in future versions - the user is liable for their application
  warnings.warn(msg, ExperimentalWarning)
/home/ssm-user/src/oq-engine/openquake/hazardlib/gsim/base.py:347: ExperimentalWarning: CanadaSHM6_ActiveCrust_BooreEtAl2014 is experimental and may change in future versions - the user is liable for their application
  warnings.warn(msg, ExperimentalWarning)
/home/ssm-user/src/oq-engine/openquake/hazardlib/gsim/base.py:347: ExperimentalWarning: CanadaSHM6_ActiveCrust_BooreEtAl2014 is experimental and may change in future versions - the user is liable for their application
  warnings.warn(msg, ExperimentalWarning)
/home/ssm-user/src/oq-engine/openquake/hazardlib/gsim/base.py:347: ExperimentalWarning: CanadaSHM6_ActiveCrust_BooreEtAl2014 is experimental and may change in future versions - the user is liable for their application
  warnings.warn(msg, ExperimentalWarning)
/home/ssm-user/src/oq-engine/openquake/hazardlib/gsim/base.py:347: ExperimentalWarning: CanadaSHM6_ActiveCrust_BooreEtAl2014 is experimental and may change in future versions - the user is liable for their application
  warnings.warn(msg, ExperimentalWarning)
/home/ssm-user/src/oq-engine/openquake/hazardlib/gsim/base.py:347: ExperimentalWarning: CanadaSHM6_ActiveCrust_BooreEtAl2014 is experimental and may change in future versions - the user is liable for their application
  warnings.warn(msg, ExperimentalWarning)
/home/ssm-user/src/oq-engine/openquake/hazardlib/gsim/base.py:347: ExperimentalWarning: CanadaSHM6_ActiveCrust_BooreEtAl2014 is experimental and may change in future versions - the user is liable for their application
  warnings.warn(msg, ExperimentalWarning)
/home/ssm-user/src/oq-engine/openquake/hazardlib/gsim/base.py:347: ExperimentalWarning: CanadaSHM6_ActiveCrust_BooreEtAl2014 is experimental and may change in future versions - the user is liable for their application
  warnings.warn(msg, ExperimentalWarning)
/home/ssm-user/src/oq-engine/openquake/hazardlib/gsim/base.py:347: ExperimentalWarning: CanadaSHM6_ActiveCrust_BooreEtAl2014 is experimental and may change in future versions - the user is liable for their application
  warnings.warn(msg, ExperimentalWarning)
/home/ssm-user/src/oq-engine/openquake/hazardlib/gsim/base.py:347: ExperimentalWarning: CanadaSHM6_ActiveCrust_BooreEtAl2014 is experimental and may change in future versions - the user is liable for their application
  warnings.warn(msg, ExperimentalWarning)
/home/ssm-user/src/oq-engine/openquake/hazardlib/gsim/base.py:347: ExperimentalWarning: CanadaSHM6_ActiveCrust_BooreEtAl2014 is experimental and may change in future versions - the user is liable for their application
  warnings.warn(msg, ExperimentalWarning)
/home/ssm-user/src/oq-engine/openquake/hazardlib/gsim/base.py:347: ExperimentalWarning: CanadaSHM6_ActiveCrust_BooreEtAl2014 is experimental and may change in future versions - the user is liable for their application
  warnings.warn(msg, ExperimentalWarning)
/home/ssm-user/src/oq-engine/openquake/hazardlib/gsim/base.py:347: ExperimentalWarning: CanadaSHM6_ActiveCrust_BooreEtAl2014 is experimental and may change in future versions - the user is liable for their application
  warnings.warn(msg, ExperimentalWarning)
/home/ssm-user/src/oq-engine/openquake/hazardlib/gsim/base.py:347: ExperimentalWarning: CanadaSHM6_ActiveCrust_BooreEtAl2014 is experimental and may change in future versions - the user is liable for their application
  warnings.warn(msg, ExperimentalWarning)
/home/ssm-user/src/oq-engine/openquake/hazardlib/gsim/base.py:347: ExperimentalWarning: CanadaSHM6_ActiveCrust_BooreEtAl2014 is experimental and may change in future versions - the user is liable for their application
  warnings.warn(msg, ExperimentalWarning)
/home/ssm-user/src/oq-engine/openquake/hazardlib/gsim/base.py:347: ExperimentalWarning: CanadaSHM6_ActiveCrust_BooreEtAl2014 is experimental and may change in future versions - the user is liable for their application
  warnings.warn(msg, ExperimentalWarning)
/home/ssm-user/src/oq-engine/openquake/hazardlib/gsim/base.py:347: ExperimentalWarning: CanadaSHM6_ActiveCrust_BooreEtAl2014 is experimental and may change in future versions - the user is liable for their application
  warnings.warn(msg, ExperimentalWarning)
/home/ssm-user/src/oq-engine/openquake/hazardlib/gsim/base.py:347: ExperimentalWarning: CanadaSHM6_ActiveCrust_BooreEtAl2014 is experimental and may change in future versions - the user is liable for their application
  warnings.warn(msg, ExperimentalWarning)
/home/ssm-user/src/oq-engine/openquake/hazardlib/gsim/base.py:347: ExperimentalWarning: CanadaSHM6_ActiveCrust_BooreEtAl2014 is experimental and may change in future versions - the user is liable for their application
  warnings.warn(msg, ExperimentalWarning)
/home/ssm-user/src/oq-engine/openquake/hazardlib/gsim/base.py:347: ExperimentalWarning: CanadaSHM6_ActiveCrust_BooreEtAl2014 is experimental and may change in future versions - the user is liable for their application
  warnings.warn(msg, ExperimentalWarning)
/home/ssm-user/src/oq-engine/openquake/hazardlib/gsim/base.py:347: ExperimentalWarning: CanadaSHM6_ActiveCrust_BooreEtAl2014 is experimental and may change in future versions - the user is liable for their application
  warnings.warn(msg, ExperimentalWarning)
/home/ssm-user/src/oq-engine/openquake/hazardlib/gsim/base.py:347: ExperimentalWarning: CanadaSHM6_ActiveCrust_BooreEtAl2014 is experimental and may change in future versions - the user is liable for their application
  warnings.warn(msg, ExperimentalWarning)
/home/ssm-user/src/oq-engine/openquake/hazardlib/gsim/base.py:347: ExperimentalWarning: CanadaSHM6_ActiveCrust_BooreEtAl2014 is experimental and may change in future versions - the user is liable for their application
  warnings.warn(msg, ExperimentalWarning)
/home/ssm-user/src/oq-engine/openquake/hazardlib/gsim/base.py:347: ExperimentalWarning: CanadaSHM6_ActiveCrust_BooreEtAl2014 is experimental and may change in future versions - the user is liable for their application
  warnings.warn(msg, ExperimentalWarning)
/home/ssm-user/src/oq-engine/openquake/hazardlib/gsim/base.py:347: ExperimentalWarning: CanadaSHM6_ActiveCrust_BooreEtAl2014 is experimental and may change in future versions - the user is liable for their application
  warnings.warn(msg, ExperimentalWarning)
/home/ssm-user/src/oq-engine/openquake/hazardlib/gsim/base.py:347: ExperimentalWarning: CanadaSHM6_ActiveCrust_BooreEtAl2014 is experimental and may change in future versions - the user is liable for their application
  warnings.warn(msg, ExperimentalWarning)
/home/ssm-user/src/oq-engine/openquake/hazardlib/gsim/base.py:347: ExperimentalWarning: CanadaSHM6_ActiveCrust_BooreEtAl2014 is experimental and may change in future versions - the user is liable for their application
  warnings.warn(msg, ExperimentalWarning)
/home/ssm-user/src/oq-engine/openquake/hazardlib/gsim/base.py:347: ExperimentalWarning: CanadaSHM6_ActiveCrust_BooreEtAl2014 is experimental and may change in future versions - the user is liable for their application
  warnings.warn(msg, ExperimentalWarning)
/home/ssm-user/src/oq-engine/openquake/hazardlib/gsim/base.py:347: ExperimentalWarning: CanadaSHM6_ActiveCrust_BooreEtAl2014 is experimental and may change in future versions - the user is liable for their application
  warnings.warn(msg, ExperimentalWarning)
/home/ssm-user/src/oq-engine/openquake/hazardlib/gsim/base.py:347: ExperimentalWarning: CanadaSHM6_ActiveCrust_BooreEtAl2014 is experimental and may change in future versions - the user is liable for their application
  warnings.warn(msg, ExperimentalWarning)
/home/ssm-user/src/oq-engine/openquake/hazardlib/gsim/base.py:347: ExperimentalWarning: CanadaSHM6_ActiveCrust_BooreEtAl2014 is experimental and may change in future versions - the user is liable for their application
  warnings.warn(msg, ExperimentalWarning)
/home/ssm-user/src/oq-engine/openquake/hazardlib/gsim/base.py:347: ExperimentalWarning: CanadaSHM6_ActiveCrust_BooreEtAl2014 is experimental and may change in future versions - the user is liable for their application
  warnings.warn(msg, ExperimentalWarning)
/home/ssm-user/src/oq-engine/openquake/hazardlib/gsim/base.py:347: ExperimentalWarning: CanadaSHM6_ActiveCrust_BooreEtAl2014 is experimental and may change in future versions - the user is liable for their application
  warnings.warn(msg, ExperimentalWarning)
/home/ssm-user/src/oq-engine/openquake/hazardlib/gsim/base.py:347: ExperimentalWarning: CanadaSHM6_ActiveCrust_BooreEtAl2014 is experimental and may change in future versions - the user is liable for their application
  warnings.warn(msg, ExperimentalWarning)
/home/ssm-user/src/oq-engine/openquake/hazardlib/gsim/base.py:347: ExperimentalWarning: CanadaSHM6_ActiveCrust_BooreEtAl2014 is experimental and may change in future versions - the user is liable for their application
  warnings.warn(msg, ExperimentalWarning)
/home/ssm-user/src/oq-engine/openquake/hazardlib/gsim/base.py:347: ExperimentalWarning: CanadaSHM6_ActiveCrust_BooreEtAl2014 is experimental and may change in future versions - the user is liable for their application
  warnings.warn(msg, ExperimentalWarning)
/home/ssm-user/src/oq-engine/openquake/hazardlib/gsim/base.py:347: ExperimentalWarning: CanadaSHM6_ActiveCrust_BooreEtAl2014 is experimental and may change in future versions - the user is liable for their application
  warnings.warn(msg, ExperimentalWarning)
/home/ssm-user/src/oq-engine/openquake/hazardlib/gsim/base.py:347: ExperimentalWarning: CanadaSHM6_ActiveCrust_BooreEtAl2014 is experimental and may change in future versions - the user is liable for their application
  warnings.warn(msg, ExperimentalWarning)
/home/ssm-user/src/oq-engine/openquake/hazardlib/gsim/base.py:347: ExperimentalWarning: CanadaSHM6_ActiveCrust_BooreEtAl2014 is experimental and may change in future versions - the user is liable for their application
  warnings.warn(msg, ExperimentalWarning)
/home/ssm-user/src/oq-engine/openquake/hazardlib/gsim/base.py:347: ExperimentalWarning: CanadaSHM6_ActiveCrust_BooreEtAl2014 is experimental and may change in future versions - the user is liable for their application
  warnings.warn(msg, ExperimentalWarning)
/home/ssm-user/src/oq-engine/openquake/hazardlib/gsim/base.py:347: ExperimentalWarning: CanadaSHM6_ActiveCrust_BooreEtAl2014 is experimental and may change in future versions - the user is liable for their application
  warnings.warn(msg, ExperimentalWarning)
/home/ssm-user/src/oq-engine/openquake/hazardlib/gsim/base.py:347: ExperimentalWarning: CanadaSHM6_ActiveCrust_BooreEtAl2014 is experimental and may change in future versions - the user is liable for their application
  warnings.warn(msg, ExperimentalWarning)
/home/ssm-user/src/oq-engine/openquake/hazardlib/gsim/base.py:347: ExperimentalWarning: CanadaSHM6_ActiveCrust_BooreEtAl2014 is experimental and may change in future versions - the user is liable for their application
  warnings.warn(msg, ExperimentalWarning)
/home/ssm-user/src/oq-engine/openquake/hazardlib/gsim/base.py:347: ExperimentalWarning: CanadaSHM6_ActiveCrust_BooreEtAl2014 is experimental and may change in future versions - the user is liable for their application
  warnings.warn(msg, ExperimentalWarning)
/home/ssm-user/src/oq-engine/openquake/hazardlib/gsim/base.py:347: ExperimentalWarning: CanadaSHM6_ActiveCrust_BooreEtAl2014 is experimental and may change in future versions - the user is liable for their application
  warnings.warn(msg, ExperimentalWarning)
/home/ssm-user/src/oq-engine/openquake/hazardlib/gsim/base.py:347: ExperimentalWarning: CanadaSHM6_ActiveCrust_BooreEtAl2014 is experimental and may change in future versions - the user is liable for their application
  warnings.warn(msg, ExperimentalWarning)
/home/ssm-user/src/oq-engine/openquake/hazardlib/gsim/base.py:347: ExperimentalWarning: CanadaSHM6_ActiveCrust_BooreEtAl2014 is experimental and may change in future versions - the user is liable for their application
  warnings.warn(msg, ExperimentalWarning)
/home/ssm-user/src/oq-engine/openquake/hazardlib/gsim/base.py:347: ExperimentalWarning: CanadaSHM6_ActiveCrust_BooreEtAl2014 is experimental and may change in future versions - the user is liable for their application
  warnings.warn(msg, ExperimentalWarning)
/home/ssm-user/src/oq-engine/openquake/hazardlib/gsim/base.py:347: ExperimentalWarning: CanadaSHM6_ActiveCrust_BooreEtAl2014 is experimental and may change in future versions - the user is liable for their application
  warnings.warn(msg, ExperimentalWarning)
/home/ssm-user/src/oq-engine/openquake/hazardlib/gsim/base.py:347: ExperimentalWarning: CanadaSHM6_ActiveCrust_BooreEtAl2014 is experimental and may change in future versions - the user is liable for their application
  warnings.warn(msg, ExperimentalWarning)
/home/ssm-user/src/oq-engine/openquake/hazardlib/gsim/base.py:347: ExperimentalWarning: CanadaSHM6_ActiveCrust_BooreEtAl2014 is experimental and may change in future versions - the user is liable for their application
  warnings.warn(msg, ExperimentalWarning)
/home/ssm-user/src/oq-engine/openquake/hazardlib/gsim/base.py:347: ExperimentalWarning: CanadaSHM6_ActiveCrust_BooreEtAl2014 is experimental and may change in future versions - the user is liable for their application
  warnings.warn(msg, ExperimentalWarning)
/home/ssm-user/src/oq-engine/openquake/hazardlib/gsim/base.py:347: ExperimentalWarning: CanadaSHM6_ActiveCrust_BooreEtAl2014 is experimental and may change in future versions - the user is liable for their application
  warnings.warn(msg, ExperimentalWarning)
/home/ssm-user/src/oq-engine/openquake/hazardlib/gsim/base.py:347: ExperimentalWarning: CanadaSHM6_ActiveCrust_BooreEtAl2014 is experimental and may change in future versions - the user is liable for their application
  warnings.warn(msg, ExperimentalWarning)
/home/ssm-user/src/oq-engine/openquake/hazardlib/gsim/base.py:347: ExperimentalWarning: CanadaSHM6_ActiveCrust_BooreEtAl2014 is experimental and may change in future versions - the user is liable for their application
  warnings.warn(msg, ExperimentalWarning)
/home/ssm-user/src/oq-engine/openquake/hazardlib/gsim/base.py:347: ExperimentalWarning: CanadaSHM6_ActiveCrust_BooreEtAl2014 is experimental and may change in future versions - the user is liable for their application
  warnings.warn(msg, ExperimentalWarning)
/home/ssm-user/src/oq-engine/openquake/hazardlib/gsim/base.py:347: ExperimentalWarning: CanadaSHM6_ActiveCrust_BooreEtAl2014 is experimental and may change in future versions - the user is liable for their application
  warnings.warn(msg, ExperimentalWarning)
/home/ssm-user/src/oq-engine/openquake/hazardlib/gsim/base.py:347: ExperimentalWarning: CanadaSHM6_ActiveCrust_BooreEtAl2014 is experimental and may change in future versions - the user is liable for their application
  warnings.warn(msg, ExperimentalWarning)
/home/ssm-user/src/oq-engine/openquake/hazardlib/gsim/base.py:347: ExperimentalWarning: CanadaSHM6_ActiveCrust_BooreEtAl2014 is experimental and may change in future versions - the user is liable for their application
  warnings.warn(msg, ExperimentalWarning)
/home/ssm-user/src/oq-engine/openquake/hazardlib/gsim/base.py:347: ExperimentalWarning: CanadaSHM6_ActiveCrust_BooreEtAl2014 is experimental and may change in future versions - the user is liable for their application
  warnings.warn(msg, ExperimentalWarning)
/home/ssm-user/src/oq-engine/openquake/hazardlib/gsim/base.py:347: ExperimentalWarning: CanadaSHM6_ActiveCrust_BooreEtAl2014 is experimental and may change in future versions - the user is liable for their application
  warnings.warn(msg, ExperimentalWarning)
/home/ssm-user/src/oq-engine/openquake/hazardlib/gsim/base.py:347: ExperimentalWarning: CanadaSHM6_ActiveCrust_BooreEtAl2014 is experimental and may change in future versions - the user is liable for their application
  warnings.warn(msg, ExperimentalWarning)
/home/ssm-user/src/oq-engine/openquake/hazardlib/gsim/base.py:347: ExperimentalWarning: CanadaSHM6_ActiveCrust_BooreEtAl2014 is experimental and may change in future versions - the user is liable for their application
  warnings.warn(msg, ExperimentalWarning)
/home/ssm-user/src/oq-engine/openquake/hazardlib/gsim/base.py:347: ExperimentalWarning: CanadaSHM6_ActiveCrust_BooreEtAl2014 is experimental and may change in future versions - the user is liable for their application
  warnings.warn(msg, ExperimentalWarning)
/home/ssm-user/src/oq-engine/openquake/hazardlib/gsim/base.py:347: ExperimentalWarning: CanadaSHM6_ActiveCrust_BooreEtAl2014 is experimental and may change in future versions - the user is liable for their application
  warnings.warn(msg, ExperimentalWarning)
/home/ssm-user/src/oq-engine/openquake/hazardlib/gsim/base.py:347: ExperimentalWarning: CanadaSHM6_ActiveCrust_BooreEtAl2014 is experimental and may change in future versions - the user is liable for their application
  warnings.warn(msg, ExperimentalWarning)
/home/ssm-user/src/oq-engine/openquake/hazardlib/gsim/base.py:347: ExperimentalWarning: CanadaSHM6_ActiveCrust_BooreEtAl2014 is experimental and may change in future versions - the user is liable for their application
  warnings.warn(msg, ExperimentalWarning)
/home/ssm-user/src/oq-engine/openquake/hazardlib/gsim/base.py:347: ExperimentalWarning: CanadaSHM6_ActiveCrust_BooreEtAl2014 is experimental and may change in future versions - the user is liable for their application
  warnings.warn(msg, ExperimentalWarning)
/home/ssm-user/src/oq-engine/openquake/hazardlib/gsim/base.py:347: ExperimentalWarning: CanadaSHM6_ActiveCrust_BooreEtAl2014 is experimental and may change in future versions - the user is liable for their application
  warnings.warn(msg, ExperimentalWarning)
/home/ssm-user/src/oq-engine/openquake/hazardlib/gsim/base.py:347: ExperimentalWarning: CanadaSHM6_ActiveCrust_BooreEtAl2014 is experimental and may change in future versions - the user is liable for their application
  warnings.warn(msg, ExperimentalWarning)
/home/ssm-user/src/oq-engine/openquake/hazardlib/gsim/base.py:347: ExperimentalWarning: CanadaSHM6_ActiveCrust_BooreEtAl2014 is experimental and may change in future versions - the user is liable for their application
  warnings.warn(msg, ExperimentalWarning)
/home/ssm-user/src/oq-engine/openquake/hazardlib/gsim/base.py:347: ExperimentalWarning: CanadaSHM6_ActiveCrust_BooreEtAl2014 is experimental and may change in future versions - the user is liable for their application
  warnings.warn(msg, ExperimentalWarning)
/home/ssm-user/src/oq-engine/openquake/hazardlib/gsim/base.py:347: ExperimentalWarning: CanadaSHM6_ActiveCrust_BooreEtAl2014 is experimental and may change in future versions - the user is liable for their application
  warnings.warn(msg, ExperimentalWarning)
[2021-11-04 15:11:50 #213 INFO] root running /mnt/storage/canada-srm2/eDamage/input/eDamage_r1_NT_X.ini [--hc=212]
[2021-11-04 15:11:50 #213 INFO] Using engine version 3.11.3-git29ac352f7d
[2021-11-04 15:11:50 #213 WARNING] Version v3.11.4 of the engine is available, but you are still using version 3.11.3-git29ac352f7d
[2021-11-04 15:11:51 #213 WARNING] Using 96 cores on ip-10-70-136-127
[2021-11-04 15:11:51 #213 INFO] Validated nationalModel.xml in 0.01 seconds
[2021-11-04 15:11:51 #213 INFO] Checksum of the input files: 514598877
[2021-11-04 15:11:51 #213 INFO] Reading the risk model if present
[2021-11-04 15:11:54 #213 INFO] Reading /mnt/storage/openquake-inputs/exposure/general-building-stock/oqBldgExp_NT_X.xml
[2021-11-04 15:11:54 #213 INFO] Associated 2828 assets to 162 sites
[2021-11-04 15:11:54 #213 INFO] Reducing risk model from 4224 to 195 taxonomies
[2021-11-04 15:11:56 #213 INFO] minimum_asset_loss={'structural': 0}
[2021-11-04 15:11:56 #213 INFO] Storing risk model
[2021-11-04 15:11:57 #213 INFO] Building risk inputs from 200 realization(s)
[2021-11-04 15:12:04 #213 INFO] Grouping the GMFs by site ID
[2021-11-04 15:12:08 #213 INFO] Built 162 risk inputs
  id | name
1630 | Aggregate Event Damages
1628 | Asset Damage Distributions
1629 | Asset Damage Statistics
1636 | Earthquake Ruptures
1631 | Events
1632 | Full Report
1633 | Ground Motion Fields
1634 | Input Files
1635 | Realizations
[2021-11-04 15:12:13 #213 INFO] Sent 106 tasks, 851.65 MB in 1 seconds
[2021-11-04 15:12:34 #213 INFO] scenario_damage   1% [106 submitted, 0 queued]
[2021-11-04 15:12:34 #213 INFO] scenario_damage   2% [106 submitted, 0 queued]
[2021-11-04 15:12:38 #213 INFO] scenario_damage   3% [106 submitted, 0 queued]
[2021-11-04 15:12:39 #213 INFO] scenario_damage   4% [106 submitted, 0 queued]
[2021-11-04 15:12:39 #213 INFO] scenario_damage   5% [106 submitted, 0 queued]
[2021-11-04 15:12:40 #213 INFO] scenario_damage   6% [106 submitted, 0 queued]
[2021-11-04 15:12:42 #213 INFO] scenario_damage   7% [106 submitted, 0 queued]
[2021-11-04 15:12:42 #213 INFO] scenario_damage   8% [106 submitted, 0 queued]
[2021-11-04 15:12:42 #213 INFO] scenario_damage   9% [106 submitted, 0 queued]
[2021-11-04 15:12:43 #213 INFO] scenario_damage  10% [106 submitted, 0 queued]
[2021-11-04 15:12:44 #213 INFO] scenario_damage  11% [106 submitted, 0 queued]
[2021-11-04 15:12:44 #213 INFO] scenario_damage  12% [106 submitted, 0 queued]
[2021-11-04 15:12:44 #213 INFO] scenario_damage  13% [106 submitted, 0 queued]
[2021-11-04 15:12:46 #213 INFO] scenario_damage  14% [106 submitted, 0 queued]
[2021-11-04 15:12:46 #213 INFO] scenario_damage  15% [106 submitted, 0 queued]
[2021-11-04 15:12:49 #213 INFO] scenario_damage  16% [106 submitted, 0 queued]
[2021-11-04 15:12:49 #213 INFO] scenario_damage  17% [106 submitted, 0 queued]
[2021-11-04 15:12:53 #213 INFO] scenario_damage  18% [106 submitted, 0 queued]
[2021-11-04 15:12:53 #213 INFO] scenario_damage  19% [106 submitted, 0 queued]
[2021-11-04 15:12:54 #213 INFO] scenario_damage  20% [106 submitted, 0 queued]
[2021-11-04 15:12:55 #213 INFO] scenario_damage  21% [106 submitted, 0 queued]
[2021-11-04 15:12:56 #213 INFO] scenario_damage  22% [106 submitted, 0 queued]
[2021-11-04 15:12:57 #213 INFO] scenario_damage  23% [106 submitted, 0 queued]
[2021-11-04 15:12:57 #213 INFO] scenario_damage  24% [106 submitted, 0 queued]
[2021-11-04 15:12:58 #213 INFO] scenario_damage  25% [106 submitted, 0 queued]
[2021-11-04 15:12:59 #213 INFO] scenario_damage  26% [106 submitted, 0 queued]
[2021-11-04 15:12:59 #213 INFO] scenario_damage  27% [106 submitted, 0 queued]
[2021-11-04 15:12:59 #213 INFO] scenario_damage  28% [106 submitted, 0 queued]
[2021-11-04 15:13:00 #213 INFO] scenario_damage  29% [106 submitted, 0 queued]
[2021-11-04 15:13:00 #213 INFO] scenario_damage  30% [106 submitted, 0 queued]
[2021-11-04 15:13:02 #213 INFO] scenario_damage  31% [106 submitted, 0 queued]
[2021-11-04 15:13:03 #213 INFO] scenario_damage  32% [106 submitted, 0 queued]
[2021-11-04 15:13:09 #213 INFO] scenario_damage  33% [106 submitted, 0 queued]
[2021-11-04 15:13:11 #213 INFO] scenario_damage  34% [106 submitted, 0 queued]
[2021-11-04 15:13:11 #213 INFO] scenario_damage  35% [106 submitted, 0 queued]
[2021-11-04 15:13:14 #213 INFO] scenario_damage  36% [106 submitted, 0 queued]
[2021-11-04 15:13:16 #213 INFO] scenario_damage  37% [106 submitted, 0 queued]
[2021-11-04 15:13:22 #213 INFO] scenario_damage  38% [106 submitted, 0 queued]
[2021-11-04 15:13:27 #213 INFO] scenario_damage  39% [106 submitted, 0 queued]
[2021-11-04 15:13:36 #213 INFO] scenario_damage  40% [106 submitted, 0 queued]
[2021-11-04 15:13:45 #213 INFO] scenario_damage  41% [106 submitted, 0 queued]
[2021-11-04 15:13:46 #213 INFO] scenario_damage  42% [106 submitted, 0 queued]
[2021-11-04 15:13:50 #213 INFO] scenario_damage  43% [106 submitted, 0 queued]
[2021-11-04 15:13:50 #213 INFO] scenario_damage  44% [106 submitted, 0 queued]
[2021-11-04 15:13:54 #213 INFO] scenario_damage  45% [106 submitted, 0 queued]
[2021-11-04 15:13:54 #213 INFO] scenario_damage  46% [106 submitted, 0 queued]
[2021-11-04 15:14:07 #213 INFO] scenario_damage  47% [106 submitted, 0 queued]
[2021-11-04 15:14:08 #213 INFO] scenario_damage  48% [106 submitted, 0 queued]
[2021-11-04 15:14:13 #213 INFO] scenario_damage  49% [106 submitted, 0 queued]
[2021-11-04 15:14:17 #213 INFO] scenario_damage  50% [106 submitted, 0 queued]
[2021-11-04 15:14:38 #213 INFO] scenario_damage  51% [106 submitted, 0 queued]
[2021-11-04 15:15:02 #213 INFO] scenario_damage  52% [106 submitted, 0 queued]
[2021-11-04 15:15:04 #213 INFO] scenario_damage  53% [106 submitted, 0 queued]
[2021-11-04 15:15:07 #213 INFO] scenario_damage  54% [106 submitted, 0 queued]
[2021-11-04 15:15:22 #213 INFO] scenario_damage  55% [106 submitted, 0 queued]
[2021-11-04 15:15:26 #213 INFO] scenario_damage  56% [106 submitted, 0 queued]
[2021-11-04 15:15:27 #213 INFO] scenario_damage  57% [106 submitted, 0 queued]
[2021-11-04 15:15:32 #213 INFO] scenario_damage  58% [106 submitted, 0 queued]
[2021-11-04 15:15:35 #213 INFO] scenario_damage  59% [106 submitted, 0 queued]
[2021-11-04 15:15:37 #213 INFO] scenario_damage  60% [106 submitted, 0 queued]
[2021-11-04 15:16:03 #213 INFO] scenario_damage  61% [106 submitted, 0 queued]
[2021-11-04 15:16:27 #213 INFO] scenario_damage  62% [106 submitted, 0 queued]
[2021-11-04 15:16:33 #213 INFO] scenario_damage  63% [106 submitted, 0 queued]
[2021-11-04 15:16:34 #213 INFO] scenario_damage  64% [106 submitted, 0 queued]
[2021-11-04 15:16:43 #213 INFO] scenario_damage  65% [106 submitted, 0 queued]
[2021-11-04 15:16:52 #213 INFO] scenario_damage  66% [106 submitted, 0 queued]
[2021-11-04 15:17:12 #213 INFO] scenario_damage  67% [106 submitted, 0 queued]
[2021-11-04 15:17:26 #213 INFO] scenario_damage  68% [106 submitted, 0 queued]
[2021-11-04 15:17:35 #213 INFO] scenario_damage  69% [106 submitted, 0 queued]
[2021-11-04 15:17:42 #213 INFO] scenario_damage  70% [106 submitted, 0 queued]
[2021-11-04 15:17:45 #213 INFO] scenario_damage  71% [106 submitted, 0 queued]
[2021-11-04 15:17:54 #213 INFO] scenario_damage  72% [106 submitted, 0 queued]
[2021-11-04 15:17:57 #213 INFO] scenario_damage  73% [106 submitted, 0 queued]
[2021-11-04 15:18:03 #213 INFO] scenario_damage  74% [106 submitted, 0 queued]
[2021-11-04 15:18:09 #213 INFO] scenario_damage  75% [106 submitted, 0 queued]
[2021-11-04 15:18:12 #213 INFO] scenario_damage  76% [106 submitted, 0 queued]
[2021-11-04 15:18:19 #213 INFO] scenario_damage  77% [106 submitted, 0 queued]
[2021-11-04 15:18:19 #213 INFO] scenario_damage  78% [106 submitted, 0 queued]
[2021-11-04 15:18:33 #213 INFO] scenario_damage  79% [106 submitted, 0 queued]
[2021-11-04 15:18:45 #213 INFO] scenario_damage  80% [106 submitted, 0 queued]
[2021-11-04 15:18:46 #213 INFO] scenario_damage  81% [106 submitted, 0 queued]
[2021-11-04 15:19:09 #213 INFO] scenario_damage  82% [106 submitted, 0 queued]
[2021-11-04 15:19:23 #213 INFO] scenario_damage  83% [106 submitted, 0 queued]
[2021-11-04 15:19:42 #213 INFO] scenario_damage  84% [106 submitted, 0 queued]
[2021-11-04 15:20:05 #213 INFO] scenario_damage  85% [106 submitted, 0 queued]
[2021-11-04 15:20:34 #213 INFO] scenario_damage  86% [106 submitted, 0 queued]
[2021-11-04 15:20:41 #213 INFO] scenario_damage  87% [106 submitted, 0 queued]
[2021-11-04 15:21:05 #213 INFO] scenario_damage  88% [106 submitted, 0 queued]
[2021-11-04 15:21:18 #213 INFO] scenario_damage  89% [106 submitted, 0 queued]
[2021-11-04 15:21:35 #213 INFO] scenario_damage  90% [106 submitted, 0 queued]
[2021-11-04 15:22:16 #213 INFO] scenario_damage  91% [106 submitted, 0 queued]
[2021-11-04 15:22:55 #213 INFO] scenario_damage  92% [106 submitted, 0 queued]
[2021-11-04 15:23:34 #213 INFO] scenario_damage  93% [106 submitted, 0 queued]
[2021-11-04 15:24:32 #213 INFO] scenario_damage  94% [106 submitted, 0 queued]
[2021-11-04 15:25:51 #213 INFO] scenario_damage  95% [106 submitted, 0 queued]
[2021-11-04 15:26:03 #213 INFO] scenario_damage  96% [106 submitted, 0 queued]
[2021-11-04 15:26:56 #213 INFO] scenario_damage  97% [106 submitted, 0 queued]
[2021-11-04 15:28:08 #213 INFO] scenario_damage  98% [106 submitted, 0 queued]
[2021-11-04 15:32:43 #213 INFO] scenario_damage  99% [106 submitted, 0 queued]
[2021-11-04 15:48:23 #213 INFO] scenario_damage 100% [106 submitted, 0 queued]
[2021-11-04 15:48:23 #213 INFO] Mean time per core=268s, std=309.3s, min=25s, max=2156s
[2021-11-04 15:48:23 #213 INFO] Received {'aed': '108.77 MB', 'd_event': '88.09 MB', 'd_asset': '48.99 MB'} in 2169 seconds
[2021-11-04 15:48:23 #213 INFO] Saving 108.74 MB in dd_data (instead of 223.82 GB)
[2021-11-04 15:48:45 #213 INFO] Portfolio damage
==== ========== ========= =======
kind loss_type  dmg_state value  
==== ========== ========= =======
avg  structural no_damage 11_608 
avg  structural slight    0.37861
avg  structural moderate  0.04155
avg  structural extensive 0.01237
avg  structural complete  0.01074
std  structural no_damage 8.30882
std  structural slight    6.42661
std  structural moderate  1.29299
std  structural extensive 0.49787
std  structural complete  0.66230
==== ========== ========= =======
[2021-11-04 15:48:45 #213 INFO] Due to rounding errors inherent in floating-point arithmetic, the total number of buildings is not exact: {'expected': 11608.0, 'structural': 137.29353}
[2021-11-04 15:48:46 #213 INFO] Exposing the outputs to the database
[2021-11-04 15:48:46 #213 INFO] Stored 431.89 MB on /root/oqdata/calc_213.hdf5 in 2215 seconds
/home/ssm-user/src/oq-engine/openquake/hazardlib/gsim/base.py:347: ExperimentalWarning: CanadaSHM6_ActiveCrust_BooreEtAl2014 is experimental and may change in future versions - the user is liable for their application
  warnings.warn(msg, ExperimentalWarning)
/home/ssm-user/src/oq-engine/openquake/hazardlib/gsim/base.py:347: ExperimentalWarning: CanadaSHM6_ActiveCrust_BooreEtAl2014 is experimental and may change in future versions - the user is liable for their application
  warnings.warn(msg, ExperimentalWarning)
/home/ssm-user/src/oq-engine/openquake/hazardlib/gsim/base.py:347: ExperimentalWarning: CanadaSHM6_ActiveCrust_BooreEtAl2014 is experimental and may change in future versions - the user is liable for their application
  warnings.warn(msg, ExperimentalWarning)
/home/ssm-user/src/oq-engine/openquake/hazardlib/gsim/base.py:347: ExperimentalWarning: CanadaSHM6_ActiveCrust_BooreEtAl2014 is experimental and may change in future versions - the user is liable for their application
  warnings.warn(msg, ExperimentalWarning)
/home/ssm-user/src/oq-engine/openquake/hazardlib/gsim/base.py:347: ExperimentalWarning: CanadaSHM6_ActiveCrust_BooreEtAl2014 is experimental and may change in future versions - the user is liable for their application
  warnings.warn(msg, ExperimentalWarning)
/home/ssm-user/src/oq-engine/openquake/hazardlib/gsim/base.py:347: ExperimentalWarning: CanadaSHM6_ActiveCrust_BooreEtAl2014 is experimental and may change in future versions - the user is liable for their application
  warnings.warn(msg, ExperimentalWarning)
/home/ssm-user/src/oq-engine/openquake/hazardlib/gsim/base.py:347: ExperimentalWarning: CanadaSHM6_ActiveCrust_BooreEtAl2014 is experimental and may change in future versions - the user is liable for their application
  warnings.warn(msg, ExperimentalWarning)
/home/ssm-user/src/oq-engine/openquake/hazardlib/gsim/base.py:347: ExperimentalWarning: CanadaSHM6_ActiveCrust_BooreEtAl2014 is experimental and may change in future versions - the user is liable for their application
  warnings.warn(msg, ExperimentalWarning)
/home/ssm-user/src/oq-engine/openquake/hazardlib/gsim/base.py:347: ExperimentalWarning: CanadaSHM6_ActiveCrust_BooreEtAl2014 is experimental and may change in future versions - the user is liable for their application
  warnings.warn(msg, ExperimentalWarning)
/home/ssm-user/src/oq-engine/openquake/hazardlib/gsim/base.py:347: ExperimentalWarning: CanadaSHM6_ActiveCrust_BooreEtAl2014 is experimental and may change in future versions - the user is liable for their application
  warnings.warn(msg, ExperimentalWarning)
/home/ssm-user/src/oq-engine/openquake/hazardlib/gsim/base.py:347: ExperimentalWarning: CanadaSHM6_ActiveCrust_BooreEtAl2014 is experimental and may change in future versions - the user is liable for their application
  warnings.warn(msg, ExperimentalWarning)
/home/ssm-user/src/oq-engine/openquake/hazardlib/gsim/base.py:347: ExperimentalWarning: CanadaSHM6_ActiveCrust_BooreEtAl2014 is experimental and may change in future versions - the user is liable for their application
  warnings.warn(msg, ExperimentalWarning)
/home/ssm-user/src/oq-engine/openquake/hazardlib/gsim/base.py:347: ExperimentalWarning: CanadaSHM6_ActiveCrust_BooreEtAl2014 is experimental and may change in future versions - the user is liable for their application
  warnings.warn(msg, ExperimentalWarning)
/home/ssm-user/src/oq-engine/openquake/hazardlib/gsim/base.py:347: ExperimentalWarning: CanadaSHM6_ActiveCrust_BooreEtAl2014 is experimental and may change in future versions - the user is liable for their application
  warnings.warn(msg, ExperimentalWarning)
/home/ssm-user/src/oq-engine/openquake/hazardlib/gsim/base.py:347: ExperimentalWarning: CanadaSHM6_ActiveCrust_BooreEtAl2014 is experimental and may change in future versions - the user is liable for their application
  warnings.warn(msg, ExperimentalWarning)
/home/ssm-user/src/oq-engine/openquake/hazardlib/gsim/base.py:347: ExperimentalWarning: CanadaSHM6_ActiveCrust_BooreEtAl2014 is experimental and may change in future versions - the user is liable for their application
  warnings.warn(msg, ExperimentalWarning)
/home/ssm-user/src/oq-engine/openquake/hazardlib/gsim/base.py:347: ExperimentalWarning: CanadaSHM6_ActiveCrust_BooreEtAl2014 is experimental and may change in future versions - the user is liable for their application
  warnings.warn(msg, ExperimentalWarning)
/home/ssm-user/src/oq-engine/openquake/hazardlib/gsim/base.py:347: ExperimentalWarning: CanadaSHM6_ActiveCrust_BooreEtAl2014 is experimental and may change in future versions - the user is liable for their application
  warnings.warn(msg, ExperimentalWarning)
/home/ssm-user/src/oq-engine/openquake/hazardlib/gsim/base.py:347: ExperimentalWarning: CanadaSHM6_ActiveCrust_BooreEtAl2014 is experimental and may change in future versions - the user is liable for their application
  warnings.warn(msg, ExperimentalWarning)
/home/ssm-user/src/oq-engine/openquake/hazardlib/gsim/base.py:347: ExperimentalWarning: CanadaSHM6_ActiveCrust_BooreEtAl2014 is experimental and may change in future versions - the user is liable for their application
  warnings.warn(msg, ExperimentalWarning)
/home/ssm-user/src/oq-engine/openquake/hazardlib/gsim/base.py:347: ExperimentalWarning: CanadaSHM6_ActiveCrust_BooreEtAl2014 is experimental and may change in future versions - the user is liable for their application
  warnings.warn(msg, ExperimentalWarning)
/home/ssm-user/src/oq-engine/openquake/hazardlib/gsim/base.py:347: ExperimentalWarning: CanadaSHM6_ActiveCrust_BooreEtAl2014 is experimental and may change in future versions - the user is liable for their application
  warnings.warn(msg, ExperimentalWarning)
/home/ssm-user/src/oq-engine/openquake/hazardlib/gsim/base.py:347: ExperimentalWarning: CanadaSHM6_ActiveCrust_BooreEtAl2014 is experimental and may change in future versions - the user is liable for their application
  warnings.warn(msg, ExperimentalWarning)
/home/ssm-user/src/oq-engine/openquake/hazardlib/gsim/base.py:347: ExperimentalWarning: CanadaSHM6_ActiveCrust_BooreEtAl2014 is experimental and may change in future versions - the user is liable for their application
  warnings.warn(msg, ExperimentalWarning)
/home/ssm-user/src/oq-engine/openquake/hazardlib/gsim/base.py:347: ExperimentalWarning: CanadaSHM6_ActiveCrust_BooreEtAl2014 is experimental and may change in future versions - the user is liable for their application
  warnings.warn(msg, ExperimentalWarning)
/home/ssm-user/src/oq-engine/openquake/hazardlib/gsim/base.py:347: ExperimentalWarning: CanadaSHM6_ActiveCrust_BooreEtAl2014 is experimental and may change in future versions - the user is liable for their application
  warnings.warn(msg, ExperimentalWarning)
/home/ssm-user/src/oq-engine/openquake/hazardlib/gsim/base.py:347: ExperimentalWarning: CanadaSHM6_ActiveCrust_BooreEtAl2014 is experimental and may change in future versions - the user is liable for their application
  warnings.warn(msg, ExperimentalWarning)
/home/ssm-user/src/oq-engine/openquake/hazardlib/gsim/base.py:347: ExperimentalWarning: CanadaSHM6_ActiveCrust_BooreEtAl2014 is experimental and may change in future versions - the user is liable for their application
  warnings.warn(msg, ExperimentalWarning)
/home/ssm-user/src/oq-engine/openquake/hazardlib/gsim/base.py:347: ExperimentalWarning: CanadaSHM6_ActiveCrust_BooreEtAl2014 is experimental and may change in future versions - the user is liable for their application
  warnings.warn(msg, ExperimentalWarning)
/home/ssm-user/src/oq-engine/openquake/hazardlib/gsim/base.py:347: ExperimentalWarning: CanadaSHM6_ActiveCrust_BooreEtAl2014 is experimental and may change in future versions - the user is liable for their application
  warnings.warn(msg, ExperimentalWarning)
/home/ssm-user/src/oq-engine/openquake/hazardlib/gsim/base.py:347: ExperimentalWarning: CanadaSHM6_ActiveCrust_BooreEtAl2014 is experimental and may change in future versions - the user is liable for their application
  warnings.warn(msg, ExperimentalWarning)
/home/ssm-user/src/oq-engine/openquake/hazardlib/gsim/base.py:347: ExperimentalWarning: CanadaSHM6_ActiveCrust_BooreEtAl2014 is experimental and may change in future versions - the user is liable for their application
  warnings.warn(msg, ExperimentalWarning)
/home/ssm-user/src/oq-engine/openquake/hazardlib/gsim/base.py:347: ExperimentalWarning: CanadaSHM6_ActiveCrust_BooreEtAl2014 is experimental and may change in future versions - the user is liable for their application
  warnings.warn(msg, ExperimentalWarning)
/home/ssm-user/src/oq-engine/openquake/hazardlib/gsim/base.py:347: ExperimentalWarning: CanadaSHM6_ActiveCrust_BooreEtAl2014 is experimental and may change in future versions - the user is liable for their application
  warnings.warn(msg, ExperimentalWarning)
/home/ssm-user/src/oq-engine/openquake/hazardlib/gsim/base.py:347: ExperimentalWarning: CanadaSHM6_ActiveCrust_BooreEtAl2014 is experimental and may change in future versions - the user is liable for their application
  warnings.warn(msg, ExperimentalWarning)
/home/ssm-user/src/oq-engine/openquake/hazardlib/gsim/base.py:347: ExperimentalWarning: CanadaSHM6_ActiveCrust_BooreEtAl2014 is experimental and may change in future versions - the user is liable for their application
  warnings.warn(msg, ExperimentalWarning)
/home/ssm-user/src/oq-engine/openquake/hazardlib/gsim/base.py:347: ExperimentalWarning: CanadaSHM6_ActiveCrust_BooreEtAl2014 is experimental and may change in future versions - the user is liable for their application
  warnings.warn(msg, ExperimentalWarning)
/home/ssm-user/src/oq-engine/openquake/hazardlib/gsim/base.py:347: ExperimentalWarning: CanadaSHM6_ActiveCrust_BooreEtAl2014 is experimental and may change in future versions - the user is liable for their application
  warnings.warn(msg, ExperimentalWarning)
/home/ssm-user/src/oq-engine/openquake/hazardlib/gsim/base.py:347: ExperimentalWarning: CanadaSHM6_ActiveCrust_BooreEtAl2014 is experimental and may change in future versions - the user is liable for their application
  warnings.warn(msg, ExperimentalWarning)
/home/ssm-user/src/oq-engine/openquake/hazardlib/gsim/base.py:347: ExperimentalWarning: CanadaSHM6_ActiveCrust_BooreEtAl2014 is experimental and may change in future versions - the user is liable for their application
  warnings.warn(msg, ExperimentalWarning)
/home/ssm-user/src/oq-engine/openquake/hazardlib/gsim/base.py:347: ExperimentalWarning: CanadaSHM6_ActiveCrust_BooreEtAl2014 is experimental and may change in future versions - the user is liable for their application
  warnings.warn(msg, ExperimentalWarning)
/home/ssm-user/src/oq-engine/openquake/hazardlib/gsim/base.py:347: ExperimentalWarning: CanadaSHM6_ActiveCrust_BooreEtAl2014 is experimental and may change in future versions - the user is liable for their application
  warnings.warn(msg, ExperimentalWarning)
/home/ssm-user/src/oq-engine/openquake/hazardlib/gsim/base.py:347: ExperimentalWarning: CanadaSHM6_ActiveCrust_BooreEtAl2014 is experimental and may change in future versions - the user is liable for their application
  warnings.warn(msg, ExperimentalWarning)
/home/ssm-user/src/oq-engine/openquake/hazardlib/gsim/base.py:347: ExperimentalWarning: CanadaSHM6_ActiveCrust_BooreEtAl2014 is experimental and may change in future versions - the user is liable for their application
  warnings.warn(msg, ExperimentalWarning)
/home/ssm-user/src/oq-engine/openquake/hazardlib/gsim/base.py:347: ExperimentalWarning: CanadaSHM6_ActiveCrust_BooreEtAl2014 is experimental and may change in future versions - the user is liable for their application
  warnings.warn(msg, ExperimentalWarning)
/home/ssm-user/src/oq-engine/openquake/hazardlib/gsim/base.py:347: ExperimentalWarning: CanadaSHM6_ActiveCrust_BooreEtAl2014 is experimental and may change in future versions - the user is liable for their application
  warnings.warn(msg, ExperimentalWarning)
/home/ssm-user/src/oq-engine/openquake/hazardlib/gsim/base.py:347: ExperimentalWarning: CanadaSHM6_ActiveCrust_BooreEtAl2014 is experimental and may change in future versions - the user is liable for their application
  warnings.warn(msg, ExperimentalWarning)
/home/ssm-user/src/oq-engine/openquake/hazardlib/gsim/base.py:347: ExperimentalWarning: CanadaSHM6_ActiveCrust_BooreEtAl2014 is experimental and may change in future versions - the user is liable for their application
  warnings.warn(msg, ExperimentalWarning)
/home/ssm-user/src/oq-engine/openquake/hazardlib/gsim/base.py:347: ExperimentalWarning: CanadaSHM6_ActiveCrust_BooreEtAl2014 is experimental and may change in future versions - the user is liable for their application
  warnings.warn(msg, ExperimentalWarning)
/home/ssm-user/src/oq-engine/openquake/hazardlib/gsim/base.py:347: ExperimentalWarning: CanadaSHM6_ActiveCrust_BooreEtAl2014 is experimental and may change in future versions - the user is liable for their application
  warnings.warn(msg, ExperimentalWarning)
/home/ssm-user/src/oq-engine/openquake/hazardlib/gsim/base.py:347: ExperimentalWarning: CanadaSHM6_ActiveCrust_BooreEtAl2014 is experimental and may change in future versions - the user is liable for their application
  warnings.warn(msg, ExperimentalWarning)
/home/ssm-user/src/oq-engine/openquake/hazardlib/gsim/base.py:347: ExperimentalWarning: CanadaSHM6_ActiveCrust_BooreEtAl2014 is experimental and may change in future versions - the user is liable for their application
  warnings.warn(msg, ExperimentalWarning)
/home/ssm-user/src/oq-engine/openquake/hazardlib/gsim/base.py:347: ExperimentalWarning: CanadaSHM6_ActiveCrust_BooreEtAl2014 is experimental and may change in future versions - the user is liable for their application
  warnings.warn(msg, ExperimentalWarning)
/home/ssm-user/src/oq-engine/openquake/hazardlib/gsim/base.py:347: ExperimentalWarning: CanadaSHM6_ActiveCrust_BooreEtAl2014 is experimental and may change in future versions - the user is liable for their application
  warnings.warn(msg, ExperimentalWarning)
/home/ssm-user/src/oq-engine/openquake/hazardlib/gsim/base.py:347: ExperimentalWarning: CanadaSHM6_ActiveCrust_BooreEtAl2014 is experimental and may change in future versions - the user is liable for their application
  warnings.warn(msg, ExperimentalWarning)
/home/ssm-user/src/oq-engine/openquake/hazardlib/gsim/base.py:347: ExperimentalWarning: CanadaSHM6_ActiveCrust_BooreEtAl2014 is experimental and may change in future versions - the user is liable for their application
  warnings.warn(msg, ExperimentalWarning)
/home/ssm-user/src/oq-engine/openquake/hazardlib/gsim/base.py:347: ExperimentalWarning: CanadaSHM6_ActiveCrust_BooreEtAl2014 is experimental and may change in future versions - the user is liable for their application
  warnings.warn(msg, ExperimentalWarning)
/home/ssm-user/src/oq-engine/openquake/hazardlib/gsim/base.py:347: ExperimentalWarning: CanadaSHM6_ActiveCrust_BooreEtAl2014 is experimental and may change in future versions - the user is liable for their application
  warnings.warn(msg, ExperimentalWarning)
/home/ssm-user/src/oq-engine/openquake/hazardlib/gsim/base.py:347: ExperimentalWarning: CanadaSHM6_ActiveCrust_BooreEtAl2014 is experimental and may change in future versions - the user is liable for their application
  warnings.warn(msg, ExperimentalWarning)
/home/ssm-user/src/oq-engine/openquake/hazardlib/gsim/base.py:347: ExperimentalWarning: CanadaSHM6_ActiveCrust_BooreEtAl2014 is experimental and may change in future versions - the user is liable for their application
  warnings.warn(msg, ExperimentalWarning)
/home/ssm-user/src/oq-engine/openquake/hazardlib/gsim/base.py:347: ExperimentalWarning: CanadaSHM6_ActiveCrust_BooreEtAl2014 is experimental and may change in future versions - the user is liable for their application
  warnings.warn(msg, ExperimentalWarning)
/home/ssm-user/src/oq-engine/openquake/hazardlib/gsim/base.py:347: ExperimentalWarning: CanadaSHM6_ActiveCrust_BooreEtAl2014 is experimental and may change in future versions - the user is liable for their application
  warnings.warn(msg, ExperimentalWarning)
/home/ssm-user/src/oq-engine/openquake/hazardlib/gsim/base.py:347: ExperimentalWarning: CanadaSHM6_ActiveCrust_BooreEtAl2014 is experimental and may change in future versions - the user is liable for their application
  warnings.warn(msg, ExperimentalWarning)
/home/ssm-user/src/oq-engine/openquake/hazardlib/gsim/base.py:347: ExperimentalWarning: CanadaSHM6_ActiveCrust_BooreEtAl2014 is experimental and may change in future versions - the user is liable for their application
  warnings.warn(msg, ExperimentalWarning)
/home/ssm-user/src/oq-engine/openquake/hazardlib/gsim/base.py:347: ExperimentalWarning: CanadaSHM6_ActiveCrust_BooreEtAl2014 is experimental and may change in future versions - the user is liable for their application
  warnings.warn(msg, ExperimentalWarning)
/home/ssm-user/src/oq-engine/openquake/hazardlib/gsim/base.py:347: ExperimentalWarning: CanadaSHM6_ActiveCrust_BooreEtAl2014 is experimental and may change in future versions - the user is liable for their application
  warnings.warn(msg, ExperimentalWarning)
/home/ssm-user/src/oq-engine/openquake/hazardlib/gsim/base.py:347: ExperimentalWarning: CanadaSHM6_ActiveCrust_BooreEtAl2014 is experimental and may change in future versions - the user is liable for their application
  warnings.warn(msg, ExperimentalWarning)
/home/ssm-user/src/oq-engine/openquake/hazardlib/gsim/base.py:347: ExperimentalWarning: CanadaSHM6_ActiveCrust_BooreEtAl2014 is experimental and may change in future versions - the user is liable for their application
  warnings.warn(msg, ExperimentalWarning)
/home/ssm-user/src/oq-engine/openquake/hazardlib/gsim/base.py:347: ExperimentalWarning: CanadaSHM6_ActiveCrust_BooreEtAl2014 is experimental and may change in future versions - the user is liable for their application
  warnings.warn(msg, ExperimentalWarning)
/home/ssm-user/src/oq-engine/openquake/hazardlib/gsim/base.py:347: ExperimentalWarning: CanadaSHM6_ActiveCrust_BooreEtAl2014 is experimental and may change in future versions - the user is liable for their application
  warnings.warn(msg, ExperimentalWarning)
/home/ssm-user/src/oq-engine/openquake/hazardlib/gsim/base.py:347: ExperimentalWarning: CanadaSHM6_ActiveCrust_BooreEtAl2014 is experimental and may change in future versions - the user is liable for their application
  warnings.warn(msg, ExperimentalWarning)
/home/ssm-user/src/oq-engine/openquake/hazardlib/gsim/base.py:347: ExperimentalWarning: CanadaSHM6_ActiveCrust_BooreEtAl2014 is experimental and may change in future versions - the user is liable for their application
  warnings.warn(msg, ExperimentalWarning)
/home/ssm-user/src/oq-engine/openquake/hazardlib/gsim/base.py:347: ExperimentalWarning: CanadaSHM6_ActiveCrust_BooreEtAl2014 is experimental and may change in future versions - the user is liable for their application
  warnings.warn(msg, ExperimentalWarning)
/home/ssm-user/src/oq-engine/openquake/hazardlib/gsim/base.py:347: ExperimentalWarning: CanadaSHM6_ActiveCrust_BooreEtAl2014 is experimental and may change in future versions - the user is liable for their application
  warnings.warn(msg, ExperimentalWarning)
/home/ssm-user/src/oq-engine/openquake/hazardlib/gsim/base.py:347: ExperimentalWarning: CanadaSHM6_ActiveCrust_BooreEtAl2014 is experimental and may change in future versions - the user is liable for their application
  warnings.warn(msg, ExperimentalWarning)
/home/ssm-user/src/oq-engine/openquake/hazardlib/gsim/base.py:347: ExperimentalWarning: CanadaSHM6_ActiveCrust_BooreEtAl2014 is experimental and may change in future versions - the user is liable for their application
  warnings.warn(msg, ExperimentalWarning)
/home/ssm-user/src/oq-engine/openquake/hazardlib/gsim/base.py:347: ExperimentalWarning: CanadaSHM6_ActiveCrust_BooreEtAl2014 is experimental and may change in future versions - the user is liable for their application
  warnings.warn(msg, ExperimentalWarning)
/home/ssm-user/src/oq-engine/openquake/hazardlib/gsim/base.py:347: ExperimentalWarning: CanadaSHM6_ActiveCrust_BooreEtAl2014 is experimental and may change in future versions - the user is liable for their application
  warnings.warn(msg, ExperimentalWarning)
/home/ssm-user/src/oq-engine/openquake/hazardlib/gsim/base.py:347: ExperimentalWarning: CanadaSHM6_ActiveCrust_BooreEtAl2014 is experimental and may change in future versions - the user is liable for their application
  warnings.warn(msg, ExperimentalWarning)
/home/ssm-user/src/oq-engine/openquake/hazardlib/gsim/base.py:347: ExperimentalWarning: CanadaSHM6_ActiveCrust_BooreEtAl2014 is experimental and may change in future versions - the user is liable for their application
  warnings.warn(msg, ExperimentalWarning)
/home/ssm-user/src/oq-engine/openquake/hazardlib/gsim/base.py:347: ExperimentalWarning: CanadaSHM6_ActiveCrust_BooreEtAl2014 is experimental and may change in future versions - the user is liable for their application
  warnings.warn(msg, ExperimentalWarning)
/home/ssm-user/src/oq-engine/openquake/hazardlib/gsim/base.py:347: ExperimentalWarning: CanadaSHM6_ActiveCrust_BooreEtAl2014 is experimental and may change in future versions - the user is liable for their application
  warnings.warn(msg, ExperimentalWarning)
/home/ssm-user/src/oq-engine/openquake/hazardlib/gsim/base.py:347: ExperimentalWarning: CanadaSHM6_ActiveCrust_BooreEtAl2014 is experimental and may change in future versions - the user is liable for their application
  warnings.warn(msg, ExperimentalWarning)
/home/ssm-user/src/oq-engine/openquake/hazardlib/gsim/base.py:347: ExperimentalWarning: CanadaSHM6_ActiveCrust_BooreEtAl2014 is experimental and may change in future versions - the user is liable for their application
  warnings.warn(msg, ExperimentalWarning)
/home/ssm-user/src/oq-engine/openquake/hazardlib/gsim/base.py:347: ExperimentalWarning: CanadaSHM6_ActiveCrust_BooreEtAl2014 is experimental and may change in future versions - the user is liable for their application
  warnings.warn(msg, ExperimentalWarning)
/home/ssm-user/src/oq-engine/openquake/hazardlib/gsim/base.py:347: ExperimentalWarning: CanadaSHM6_ActiveCrust_BooreEtAl2014 is experimental and may change in future versions - the user is liable for their application
  warnings.warn(msg, ExperimentalWarning)
/home/ssm-user/src/oq-engine/openquake/hazardlib/gsim/base.py:347: ExperimentalWarning: CanadaSHM6_ActiveCrust_BooreEtAl2014 is experimental and may change in future versions - the user is liable for their application
  warnings.warn(msg, ExperimentalWarning)
/home/ssm-user/src/oq-engine/openquake/hazardlib/gsim/base.py:347: ExperimentalWarning: CanadaSHM6_ActiveCrust_BooreEtAl2014 is experimental and may change in future versions - the user is liable for their application
  warnings.warn(msg, ExperimentalWarning)
/home/ssm-user/src/oq-engine/openquake/hazardlib/gsim/base.py:347: ExperimentalWarning: CanadaSHM6_ActiveCrust_BooreEtAl2014 is experimental and may change in future versions - the user is liable for their application
  warnings.warn(msg, ExperimentalWarning)
/home/ssm-user/src/oq-engine/openquake/hazardlib/gsim/base.py:347: ExperimentalWarning: CanadaSHM6_ActiveCrust_BooreEtAl2014 is experimental and may change in future versions - the user is liable for their application
  warnings.warn(msg, ExperimentalWarning)
/home/ssm-user/src/oq-engine/openquake/hazardlib/gsim/base.py:347: ExperimentalWarning: CanadaSHM6_ActiveCrust_BooreEtAl2014 is experimental and may change in future versions - the user is liable for their application
  warnings.warn(msg, ExperimentalWarning)
/home/ssm-user/src/oq-engine/openquake/hazardlib/gsim/base.py:347: ExperimentalWarning: CanadaSHM6_ActiveCrust_BooreEtAl2014 is experimental and may change in future versions - the user is liable for their application
  warnings.warn(msg, ExperimentalWarning)
/home/ssm-user/src/oq-engine/openquake/hazardlib/gsim/base.py:347: ExperimentalWarning: CanadaSHM6_ActiveCrust_BooreEtAl2014 is experimental and may change in future versions - the user is liable for their application
  warnings.warn(msg, ExperimentalWarning)
/home/ssm-user/src/oq-engine/openquake/hazardlib/gsim/base.py:347: ExperimentalWarning: CanadaSHM6_ActiveCrust_BooreEtAl2014 is experimental and may change in future versions - the user is liable for their application
  warnings.warn(msg, ExperimentalWarning)
/home/ssm-user/src/oq-engine/openquake/hazardlib/gsim/base.py:347: ExperimentalWarning: CanadaSHM6_ActiveCrust_BooreEtAl2014 is experimental and may change in future versions - the user is liable for their application
  warnings.warn(msg, ExperimentalWarning)
/home/ssm-user/src/oq-engine/openquake/hazardlib/gsim/base.py:347: ExperimentalWarning: CanadaSHM6_ActiveCrust_BooreEtAl2014 is experimental and may change in future versions - the user is liable for their application
  warnings.warn(msg, ExperimentalWarning)
[2021-11-04 15:48:47 #213 INFO] Stopping the workers
  id | name
1639 | Aggregate Event Damages
1637 | Asset Damage Distributions
1638 | Asset Damage Statistics
1640 | Full Report
1641 | Realizations
