[2020-10-30 06:45:37 #1442 INFO] murray.journeay running /mnt/data/shared/canada-2020/canada-srm2/eDamage/input/eDamage_r2_QC2425-33.ini [--hc=None]
[2020-10-30 06:45:37 #1442 INFO] Using engine version 3.11.0-git4f03c56
[2020-10-30 06:45:38 #1442 WARNING] Using 64 cores on gem-compute
[2020-10-30 06:45:38 #1442 INFO] Validated nationalModel.xml in 0.01 seconds
[2020-10-30 06:45:38 #1442 INFO] Checksum of the input files: 2528730147
[2020-10-30 06:45:38 #1442 INFO] Reading the risk model if present
[2020-10-30 06:45:41 #1442 INFO] Reading /mnt/data/shared/canada-2020/model-inputs/exposure/general-building-stock/oqBldgExp_QC2425-33.xml
[2020-10-30 06:45:50 #1442 INFO] Extracting the hazard sites from the site model
[2020-10-30 06:45:54 #1442 INFO] Associated 86622 assets to 13732 sites
[2020-10-30 06:45:58 #1442 INFO] Reducing risk model from 4224 to 470 taxonomies
[2020-10-30 06:46:00 #1442 INFO] Considering 50 logic tree paths out of 24_576
[2020-10-30 06:46:00 #1442 INFO] 6 effective smlt realization(s)
[2020-10-30 06:46:00 #1442 INFO] Reading the source model(s) in parallel
[2020-10-30 06:46:02 #1442 INFO] read_source_model  16% [6 submitted, 0 queued]
[2020-10-30 06:46:02 #1442 INFO] read_source_model  33% [6 submitted, 0 queued]
[2020-10-30 06:46:03 #1442 INFO] read_source_model  50% [6 submitted, 0 queued]
[2020-10-30 06:46:03 #1442 INFO] read_source_model  66% [6 submitted, 0 queued]
[2020-10-30 06:46:03 #1442 INFO] read_source_model  83% [6 submitted, 0 queued]
[2020-10-30 06:46:03 #1442 INFO] read_source_model 100% [6 submitted, 0 queued]
[2020-10-30 06:46:03 #1442 INFO] Received {'/mnt/data/shared/canada-2020/CanadaSHM6/OpenQuake_model_files/sources/nationalModel/xml/simplifiedModel/WCan_HYeast_Harctic_simplified_collapsedRates.xml': '141.06 KB', '/mnt/data/shared/canada-2020/CanadaSHM6/OpenQuake_model_files/sources/nationalModel/xml/simplifiedModel/WCan_H2east_Harctic_simplified_collapsedRates.xml': '135.23 KB', '/mnt/data/shared/canada-2020/CanadaSHM6/OpenQuake_model_files/sources/nationalModel/xml/simplifiedModel/WCan_HYeast_Rarctic_simplified_collapsedRates.xml': '134.61 KB', '/mnt/data/shared/canada-2020/CanadaSHM6/OpenQuake_model_files/sources/nationalModel/xml/simplifiedModel/WCan_H2east_Rarctic_simplified_collapsedRates.xml': '128.78 KB', '/mnt/data/shared/canada-2020/CanadaSHM6/OpenQuake_model_files/sources/nationalModel/xml/simplifiedModel/WCan_R2east_Harctic_simplified_collapsedRates.xml': '119.91 KB', '/mnt/data/shared/canada-2020/CanadaSHM6/OpenQuake_model_files/sources/nationalModel/xml/simplifiedModel/WCan_R2east_Rarctic_simplified_collapsedRates.xml': '113.68 KB'} in 1 seconds
[2020-10-30 06:46:03 #1442 WARNING] There are multiple different sources with the same ID [<AreaSource SCCCT>, <AreaSource SCCCT>, <AreaSource SCCCT>, <AreaSource SCCCT>, <AreaSource SCCCT>, <AreaSource SCCCT>]
[2020-10-30 06:47:39 #1442 INFO] There are 195 sources
[2020-10-30 06:47:39 #1442 INFO] Checking the sources bounding box
[2020-10-30 06:47:39 #1442 ERROR] source ACM: The buffer of 600 km is too large, the bounding box is larger than half the globe: 219 degrees
[2020-10-30 06:47:39 #1442 INFO] Rupture floating factor = 1.6265060240963856
[2020-10-30 06:47:39 #1442 INFO] Rupture spinning factor = 3.2710843373493974
[2020-10-30 06:47:39 #1442 INFO] gzipping the input files
[2020-10-30 06:47:41 #1442 INFO] Storing risk model
[2020-10-30 06:47:43 #1442 INFO] minimum_intensity={'SA(0.3)': 0.1, 'SA(0.6)': 0.05, 'SA(1.0)': 0.05, 'SA(2.0)': 0.05}
[2020-10-30 06:47:43 #1442 INFO] Building ruptures
[2020-10-30 06:47:43 #1442 INFO] Sending <SourceGroup Subduction IntraSlab30, 1 source(s)>
[2020-10-30 06:47:43 #1442 INFO] Sending <SourceGroup Subduction IntraSlab55, 4 source(s)>
[2020-10-30 06:47:43 #1442 INFO] Sending <SourceGroup Subduction Interface, 13 source(s)>
[2020-10-30 06:47:43 #1442 INFO] Sending <SourceGroup Stable Shallow Crust, 120 source(s)>
[2020-10-30 06:47:43 #1442 INFO] Sending <SourceGroup Active Shallow Crust, 59 source(s)>
[2020-10-30 06:47:44 #1442 INFO] Sent 64 tasks, 101.69 MB in 0 seconds
[2020-10-30 06:47:46 #1442 INFO] sample_ruptures   1% [65 submitted, 19 queued]
[2020-10-30 06:47:46 #1442 INFO] sample_ruptures   2% [66 submitted, 18 queued]
[2020-10-30 06:47:46 #1442 INFO] sample_ruptures   3% [67 submitted, 17 queued]
[2020-10-30 06:47:46 #1442 INFO] sample_ruptures   4% [68 submitted, 16 queued]
[2020-10-30 06:47:46 #1442 INFO] sample_ruptures   5% [69 submitted, 15 queued]
[2020-10-30 06:47:46 #1442 INFO] sample_ruptures   7% [70 submitted, 14 queued]
[2020-10-30 06:47:46 #1442 INFO] sample_ruptures   8% [71 submitted, 13 queued]
[2020-10-30 06:47:46 #1442 INFO] sample_ruptures   9% [72 submitted, 12 queued]
[2020-10-30 06:47:46 #1442 INFO] sample_ruptures  10% [73 submitted, 11 queued]
[2020-10-30 06:47:46 #1442 INFO] sample_ruptures  11% [74 submitted, 10 queued]
[2020-10-30 06:47:47 #1442 INFO] sample_ruptures  13% [75 submitted, 9 queued]
[2020-10-30 06:47:47 #1442 INFO] sample_ruptures  14% [76 submitted, 8 queued]
[2020-10-30 06:47:47 #1442 INFO] sample_ruptures  15% [77 submitted, 7 queued]
[2020-10-30 06:47:47 #1442 INFO] sample_ruptures  16% [78 submitted, 6 queued]
[2020-10-30 06:47:47 #1442 INFO] sample_ruptures  17% [79 submitted, 5 queued]
[2020-10-30 06:47:47 #1442 INFO] sample_ruptures  19% [80 submitted, 4 queued]
[2020-10-30 06:47:47 #1442 INFO] sample_ruptures  20% [81 submitted, 3 queued]
[2020-10-30 06:47:47 #1442 INFO] sample_ruptures  21% [82 submitted, 2 queued]
[2020-10-30 06:47:47 #1442 INFO] sample_ruptures  22% [83 submitted, 1 queued]
[2020-10-30 06:47:47 #1442 INFO] sample_ruptures  23% [84 submitted, 0 queued]
[2020-10-30 06:47:47 #1442 INFO] sample_ruptures  25% [84 submitted, 0 queued]
[2020-10-30 06:47:47 #1442 INFO] sample_ruptures  26% [84 submitted, 0 queued]
[2020-10-30 06:47:47 #1442 INFO] sample_ruptures  27% [84 submitted, 0 queued]
[2020-10-30 06:47:47 #1442 INFO] sample_ruptures  28% [84 submitted, 0 queued]
[2020-10-30 06:47:47 #1442 INFO] sample_ruptures  29% [84 submitted, 0 queued]
[2020-10-30 06:47:47 #1442 INFO] sample_ruptures  30% [84 submitted, 0 queued]
[2020-10-30 06:47:47 #1442 INFO] sample_ruptures  32% [84 submitted, 0 queued]
[2020-10-30 06:47:47 #1442 INFO] sample_ruptures  33% [84 submitted, 0 queued]
[2020-10-30 06:47:47 #1442 INFO] sample_ruptures  34% [84 submitted, 0 queued]
[2020-10-30 06:47:48 #1442 INFO] sample_ruptures  35% [84 submitted, 0 queued]
[2020-10-30 06:47:48 #1442 INFO] sample_ruptures  36% [84 submitted, 0 queued]
[2020-10-30 06:47:48 #1442 INFO] sample_ruptures  38% [84 submitted, 0 queued]
[2020-10-30 06:47:48 #1442 INFO] sample_ruptures  39% [84 submitted, 0 queued]
[2020-10-30 06:47:48 #1442 INFO] sample_ruptures  40% [84 submitted, 0 queued]
[2020-10-30 06:47:48 #1442 INFO] sample_ruptures  41% [84 submitted, 0 queued]
[2020-10-30 06:47:48 #1442 INFO] sample_ruptures  42% [84 submitted, 0 queued]
[2020-10-30 06:47:48 #1442 INFO] sample_ruptures  44% [84 submitted, 0 queued]
[2020-10-30 06:47:48 #1442 INFO] sample_ruptures  45% [84 submitted, 0 queued]
[2020-10-30 06:47:48 #1442 INFO] sample_ruptures  46% [84 submitted, 0 queued]
[2020-10-30 06:47:48 #1442 INFO] sample_ruptures  47% [84 submitted, 0 queued]
[2020-10-30 06:47:48 #1442 INFO] sample_ruptures  48% [84 submitted, 0 queued]
[2020-10-30 06:47:48 #1442 INFO] sample_ruptures  50% [84 submitted, 0 queued]
[2020-10-30 06:47:48 #1442 INFO] sample_ruptures  51% [84 submitted, 0 queued]
[2020-10-30 06:47:48 #1442 INFO] sample_ruptures  52% [84 submitted, 0 queued]
[2020-10-30 06:47:50 #1442 INFO] sample_ruptures  53% [84 submitted, 0 queued]
[2020-10-30 06:47:51 #1442 INFO] sample_ruptures  54% [84 submitted, 0 queued]
[2020-10-30 06:47:52 #1442 INFO] sample_ruptures  55% [84 submitted, 0 queued]
[2020-10-30 06:47:58 #1442 INFO] sample_ruptures  57% [84 submitted, 0 queued]
[2020-10-30 06:47:58 #1442 INFO] sample_ruptures  58% [84 submitted, 0 queued]
[2020-10-30 06:47:58 #1442 INFO] sample_ruptures  59% [84 submitted, 0 queued]
[2020-10-30 06:47:58 #1442 INFO] sample_ruptures  60% [84 submitted, 0 queued]
[2020-10-30 06:47:59 #1442 INFO] sample_ruptures  61% [84 submitted, 0 queued]
[2020-10-30 06:47:59 #1442 INFO] sample_ruptures  63% [84 submitted, 0 queued]
[2020-10-30 06:48:00 #1442 INFO] sample_ruptures  64% [84 submitted, 0 queued]
[2020-10-30 06:48:01 #1442 INFO] sample_ruptures  65% [84 submitted, 0 queued]
[2020-10-30 06:48:01 #1442 INFO] sample_ruptures  66% [84 submitted, 0 queued]
[2020-10-30 06:48:05 #1442 INFO] sample_ruptures  67% [84 submitted, 0 queued]
[2020-10-30 06:48:06 #1442 INFO] sample_ruptures  69% [84 submitted, 0 queued]
[2020-10-30 06:48:07 #1442 INFO] sample_ruptures  70% [84 submitted, 0 queued]
[2020-10-30 06:48:07 #1442 INFO] sample_ruptures  71% [84 submitted, 0 queued]
[2020-10-30 06:48:09 #1442 INFO] sample_ruptures  72% [84 submitted, 0 queued]
[2020-10-30 06:48:09 #1442 INFO] sample_ruptures  73% [84 submitted, 0 queued]
[2020-10-30 06:48:10 #1442 INFO] sample_ruptures  75% [84 submitted, 0 queued]
[2020-10-30 06:48:11 #1442 INFO] sample_ruptures  76% [84 submitted, 0 queued]
[2020-10-30 06:48:12 #1442 INFO] sample_ruptures  77% [84 submitted, 0 queued]
[2020-10-30 06:48:13 #1442 INFO] sample_ruptures  78% [84 submitted, 0 queued]
[2020-10-30 06:48:18 #1442 INFO] sample_ruptures  79% [84 submitted, 0 queued]
[2020-10-30 06:48:24 #1442 INFO] sample_ruptures  80% [84 submitted, 0 queued]
[2020-10-30 06:48:27 #1442 INFO] sample_ruptures  82% [84 submitted, 0 queued]
[2020-10-30 06:48:39 #1442 INFO] sample_ruptures  83% [84 submitted, 0 queued]
[2020-10-30 06:48:39 #1442 INFO] sample_ruptures  84% [84 submitted, 0 queued]
[2020-10-30 06:48:40 #1442 INFO] sample_ruptures  85% [84 submitted, 0 queued]
[2020-10-30 06:48:41 #1442 INFO] sample_ruptures  86% [84 submitted, 0 queued]
[2020-10-30 06:48:43 #1442 INFO] sample_ruptures  88% [84 submitted, 0 queued]
[2020-10-30 06:48:44 #1442 INFO] sample_ruptures  89% [84 submitted, 0 queued]
[2020-10-30 06:48:44 #1442 INFO] sample_ruptures  90% [84 submitted, 0 queued]
[2020-10-30 06:48:48 #1442 INFO] sample_ruptures  91% [84 submitted, 0 queued]
[2020-10-30 06:48:48 #1442 INFO] sample_ruptures  92% [84 submitted, 0 queued]
[2020-10-30 06:48:57 #1442 INFO] sample_ruptures  94% [84 submitted, 0 queued]
[2020-10-30 06:49:21 #1442 INFO] sample_ruptures  95% [84 submitted, 0 queued]
[2020-10-30 06:49:34 #1442 INFO] sample_ruptures  96% [84 submitted, 0 queued]
[2020-10-30 06:49:47 #1442 INFO] sample_ruptures  97% [84 submitted, 0 queued]
[2020-10-30 06:49:59 #1442 INFO] sample_ruptures  98% [84 submitted, 0 queued]
[2020-10-30 06:50:47 #1442 INFO] sample_ruptures 100% [84 submitted, 0 queued]
[2020-10-30 06:50:47 #1442 INFO] Received {'rup_array': '75.07 MB', 'calc_times': '22.18 KB', 'eff_ruptures': '3.81 KB'} in 183 seconds
[2020-10-30 06:50:47 #1442 INFO] There are 50 realization(s)
[2020-10-30 06:50:47 #1442 INFO] Reordering the ruptures and storing the events
[2020-10-30 06:50:48 #1442 INFO] Associating event_id -> rlz_id for 653_653 events and 403_312 ruptures
[2020-10-30 06:50:59 #1442 INFO] Sent 132 tasks, 43.59 MB in 10 seconds
[2020-10-30 06:51:02 #1442 INFO] Received {'tot': '6.27 MB'} in 2 seconds
[2020-10-30 06:51:05 #1442 INFO] Reading 403_312 ruptures
[2020-10-30 06:51:25 #1442 INFO] Sent 132 tasks, 87.61 MB in 18 seconds
[2020-10-30 06:57:58 #1442 INFO] compute_gmfs   1% [132 submitted, 0 queued]
[2020-10-30 06:58:07 #1442 INFO] compute_gmfs   2% [132 submitted, 0 queued]
[2020-10-30 07:00:29 #1442 INFO] compute_gmfs   3% [132 submitted, 0 queued]
[2020-10-30 07:01:27 #1442 INFO] compute_gmfs   4% [132 submitted, 0 queued]
[2020-10-30 07:02:48 #1442 INFO] compute_gmfs   5% [132 submitted, 0 queued]
[2020-10-30 07:03:51 #1442 INFO] compute_gmfs   6% [132 submitted, 0 queued]
[2020-10-30 07:04:53 #1442 INFO] compute_gmfs   7% [132 submitted, 0 queued]
[2020-10-30 07:05:25 #1442 INFO] compute_gmfs   8% [132 submitted, 0 queued]
[2020-10-30 07:05:36 #1442 INFO] compute_gmfs   9% [132 submitted, 0 queued]
[2020-10-30 07:05:50 #1442 INFO] compute_gmfs  10% [132 submitted, 0 queued]
[2020-10-30 07:06:51 #1442 INFO] compute_gmfs  11% [132 submitted, 0 queued]
[2020-10-30 07:07:05 #1442 INFO] compute_gmfs  12% [132 submitted, 0 queued]
[2020-10-30 07:08:24 #1442 INFO] compute_gmfs  13% [132 submitted, 0 queued]
[2020-10-30 07:09:48 #1442 INFO] compute_gmfs  14% [132 submitted, 0 queued]
[2020-10-30 07:10:12 #1442 INFO] compute_gmfs  15% [132 submitted, 0 queued]
[2020-10-30 07:10:24 #1442 INFO] compute_gmfs  16% [132 submitted, 0 queued]
[2020-10-30 07:10:40 #1442 INFO] compute_gmfs  17% [132 submitted, 0 queued]
[2020-10-30 07:10:41 #1442 INFO] compute_gmfs  18% [132 submitted, 0 queued]
[2020-10-30 07:11:51 #1442 INFO] compute_gmfs  19% [132 submitted, 0 queued]
[2020-10-30 07:13:09 #1442 INFO] compute_gmfs  20% [132 submitted, 0 queued]
[2020-10-30 07:13:55 #1442 INFO] compute_gmfs  21% [132 submitted, 0 queued]
[2020-10-30 07:14:08 #1442 INFO] compute_gmfs  22% [132 submitted, 0 queued]
[2020-10-30 07:14:21 #1442 INFO] compute_gmfs  23% [132 submitted, 0 queued]
[2020-10-30 07:14:24 #1442 INFO] compute_gmfs  24% [132 submitted, 0 queued]
[2020-10-30 07:14:36 #1442 INFO] compute_gmfs  25% [132 submitted, 0 queued]
[2020-10-30 07:15:10 #1442 INFO] compute_gmfs  26% [132 submitted, 0 queued]
[2020-10-30 07:15:22 #1442 INFO] compute_gmfs  27% [132 submitted, 0 queued]
[2020-10-30 07:15:25 #1442 INFO] compute_gmfs  28% [132 submitted, 0 queued]
[2020-10-30 07:16:04 #1442 INFO] compute_gmfs  29% [132 submitted, 0 queued]
[2020-10-30 07:16:31 #1442 INFO] compute_gmfs  30% [132 submitted, 0 queued]
[2020-10-30 07:16:41 #1442 INFO] compute_gmfs  31% [132 submitted, 0 queued]
[2020-10-30 07:16:52 #1442 INFO] compute_gmfs  32% [132 submitted, 0 queued]
[2020-10-30 07:17:04 #1442 INFO] compute_gmfs  33% [132 submitted, 0 queued]
[2020-10-30 07:17:05 #1442 INFO] compute_gmfs  34% [132 submitted, 0 queued]
[2020-10-30 07:17:15 #1442 INFO] compute_gmfs  35% [132 submitted, 0 queued]
[2020-10-30 07:17:24 #1442 INFO] compute_gmfs  36% [132 submitted, 0 queued]
[2020-10-30 07:17:26 #1442 INFO] compute_gmfs  37% [132 submitted, 0 queued]
[2020-10-30 07:17:37 #1442 INFO] compute_gmfs  38% [132 submitted, 0 queued]
[2020-10-30 07:17:40 #1442 INFO] compute_gmfs  39% [132 submitted, 0 queued]
[2020-10-30 07:17:49 #1442 INFO] compute_gmfs  40% [132 submitted, 0 queued]
[2020-10-30 07:18:04 #1442 INFO] compute_gmfs  41% [132 submitted, 0 queued]
[2020-10-30 07:18:13 #1442 INFO] compute_gmfs  42% [132 submitted, 0 queued]
[2020-10-30 07:18:17 #1442 INFO] compute_gmfs  43% [132 submitted, 0 queued]
[2020-10-30 07:18:56 #1442 INFO] compute_gmfs  44% [132 submitted, 0 queued]
[2020-10-30 07:19:08 #1442 INFO] compute_gmfs  45% [132 submitted, 0 queued]
[2020-10-30 07:19:25 #1442 INFO] compute_gmfs  46% [132 submitted, 0 queued]
[2020-10-30 07:19:33 #1442 INFO] compute_gmfs  47% [132 submitted, 0 queued]
[2020-10-30 07:20:01 #1442 INFO] compute_gmfs  48% [132 submitted, 0 queued]
[2020-10-30 07:20:20 #1442 INFO] compute_gmfs  49% [132 submitted, 0 queued]
[2020-10-30 07:21:16 #1442 INFO] compute_gmfs  50% [132 submitted, 0 queued]
[2020-10-30 07:21:55 #1442 INFO] compute_gmfs  51% [132 submitted, 0 queued]
[2020-10-30 07:21:59 #1442 INFO] compute_gmfs  52% [132 submitted, 0 queued]
[2020-10-30 07:22:05 #1442 INFO] compute_gmfs  53% [132 submitted, 0 queued]
[2020-10-30 07:22:13 #1442 INFO] compute_gmfs  54% [132 submitted, 0 queued]
[2020-10-30 07:22:26 #1442 INFO] compute_gmfs  55% [132 submitted, 0 queued]
[2020-10-30 07:22:58 #1442 INFO] compute_gmfs  56% [132 submitted, 0 queued]
[2020-10-30 07:24:14 #1442 INFO] compute_gmfs  57% [132 submitted, 0 queued]
[2020-10-30 07:24:48 #1442 INFO] compute_gmfs  58% [132 submitted, 0 queued]
[2020-10-30 07:25:05 #1442 INFO] compute_gmfs  59% [132 submitted, 0 queued]
[2020-10-30 07:25:16 #1442 INFO] compute_gmfs  60% [132 submitted, 0 queued]
[2020-10-30 07:25:34 #1442 INFO] compute_gmfs  61% [132 submitted, 0 queued]
[2020-10-30 07:25:46 #1442 INFO] compute_gmfs  62% [132 submitted, 0 queued]
[2020-10-30 07:25:54 #1442 INFO] compute_gmfs  63% [132 submitted, 0 queued]
[2020-10-30 07:27:00 #1442 INFO] compute_gmfs  64% [132 submitted, 0 queued]
[2020-10-30 07:27:09 #1442 INFO] compute_gmfs  65% [132 submitted, 0 queued]
[2020-10-30 07:27:24 #1442 INFO] compute_gmfs  66% [132 submitted, 0 queued]
[2020-10-30 07:27:34 #1442 INFO] compute_gmfs  67% [132 submitted, 0 queued]
[2020-10-30 07:27:45 #1442 INFO] compute_gmfs  68% [132 submitted, 0 queued]
[2020-10-30 07:28:00 #1442 INFO] compute_gmfs  69% [132 submitted, 0 queued]
[2020-10-30 07:28:16 #1442 INFO] compute_gmfs  70% [132 submitted, 0 queued]
[2020-10-30 07:28:25 #1442 INFO] compute_gmfs  71% [132 submitted, 0 queued]
[2020-10-30 07:28:43 #1442 INFO] compute_gmfs  72% [132 submitted, 0 queued]
[2020-10-30 07:28:43 #1442 INFO] compute_gmfs  73% [132 submitted, 0 queued]
[2020-10-30 07:28:58 #1442 INFO] compute_gmfs  74% [132 submitted, 0 queued]
[2020-10-30 07:29:03 #1442 INFO] compute_gmfs  75% [132 submitted, 0 queued]
[2020-10-30 07:29:08 #1442 INFO] compute_gmfs  76% [132 submitted, 0 queued]
[2020-10-30 07:29:25 #1442 INFO] compute_gmfs  77% [132 submitted, 0 queued]
[2020-10-30 07:29:26 #1442 INFO] compute_gmfs  78% [132 submitted, 0 queued]
[2020-10-30 07:29:47 #1442 INFO] compute_gmfs  79% [132 submitted, 0 queued]
[2020-10-30 07:29:48 #1442 INFO] compute_gmfs  80% [132 submitted, 0 queued]
[2020-10-30 07:29:50 #1442 INFO] compute_gmfs  81% [132 submitted, 0 queued]
[2020-10-30 07:30:41 #1442 INFO] compute_gmfs  82% [132 submitted, 0 queued]
[2020-10-30 07:30:52 #1442 INFO] compute_gmfs  83% [132 submitted, 0 queued]
[2020-10-30 07:31:05 #1442 INFO] compute_gmfs  84% [132 submitted, 0 queued]
[2020-10-30 07:31:54 #1442 INFO] compute_gmfs  85% [132 submitted, 0 queued]
[2020-10-30 07:32:05 #1442 INFO] compute_gmfs  86% [132 submitted, 0 queued]
[2020-10-30 07:32:07 #1442 INFO] compute_gmfs  87% [132 submitted, 0 queued]
[2020-10-30 07:32:20 #1442 INFO] compute_gmfs  88% [132 submitted, 0 queued]
[2020-10-30 07:32:21 #1442 INFO] compute_gmfs  89% [132 submitted, 0 queued]
[2020-10-30 07:32:27 #1442 INFO] compute_gmfs  90% [132 submitted, 0 queued]
[2020-10-30 07:32:34 #1442 INFO] compute_gmfs  91% [132 submitted, 0 queued]
[2020-10-30 07:32:41 #1442 INFO] compute_gmfs  92% [132 submitted, 0 queued]
[2020-10-30 07:32:47 #1442 INFO] compute_gmfs  93% [132 submitted, 0 queued]
[2020-10-30 07:32:55 #1442 INFO] compute_gmfs  94% [132 submitted, 0 queued]
[2020-10-30 07:34:26 #1442 INFO] compute_gmfs  95% [132 submitted, 0 queued]
[2020-10-30 07:34:28 #1442 INFO] compute_gmfs  96% [132 submitted, 0 queued]
[2020-10-30 07:35:21 #1442 INFO] compute_gmfs  97% [132 submitted, 0 queued]
[2020-10-30 07:35:38 #1442 INFO] compute_gmfs  98% [132 submitted, 0 queued]
[2020-10-30 07:36:05 #1442 INFO] compute_gmfs  99% [132 submitted, 0 queued]
[2020-10-30 07:37:38 #1442 INFO] compute_gmfs 100% [132 submitted, 0 queued]
[2020-10-30 07:37:38 #1442 INFO] Received {'gmfdata': '6.81 GB', 'sig_eps': '7.56 MB', 'times': '4.64 MB', 'hcurves': '1.8 KB'} in 2773 seconds
[2020-10-30 07:37:46 #1442 INFO] Stored 262343 relevant event IDs
[2020-10-30 07:37:47 #1442 INFO] Building risk inputs from 50 realization(s)
[2020-10-30 07:39:01 #1442 INFO] Grouped the GMFs by site ID
[2020-10-30 07:39:15 #1442 INFO] Built 13732 risk inputs
[2020-10-30 07:39:37 #1442 INFO] Sent 130 tasks, 7.41 GB in 21 seconds
[2020-10-30 08:07:10 #1442 INFO] scenario_damage   1% [130 submitted, 0 queued]
[2020-10-30 08:07:51 #1442 INFO] scenario_damage   2% [130 submitted, 0 queued]
[2020-10-30 08:09:06 #1442 INFO] scenario_damage   3% [130 submitted, 0 queued]
[2020-10-30 08:10:02 #1442 INFO] scenario_damage   4% [130 submitted, 0 queued]
[2020-10-30 08:10:49 #1442 INFO] scenario_damage   5% [130 submitted, 0 queued]
[2020-10-30 08:10:51 #1442 INFO] scenario_damage   6% [130 submitted, 0 queued]
[2020-10-30 08:11:13 #1442 INFO] scenario_damage   7% [130 submitted, 0 queued]
[2020-10-30 08:11:48 #1442 INFO] scenario_damage   8% [130 submitted, 0 queued]
[2020-10-30 08:11:51 #1442 INFO] scenario_damage   9% [130 submitted, 0 queued]
[2020-10-30 08:11:59 #1442 INFO] scenario_damage  10% [130 submitted, 0 queued]
[2020-10-30 08:12:27 #1442 INFO] scenario_damage  11% [130 submitted, 0 queued]
[2020-10-30 08:12:32 #1442 INFO] scenario_damage  12% [130 submitted, 0 queued]
[2020-10-30 08:12:50 #1442 INFO] scenario_damage  13% [130 submitted, 0 queued]
[2020-10-30 08:13:08 #1442 INFO] scenario_damage  14% [130 submitted, 0 queued]
[2020-10-30 08:13:16 #1442 INFO] scenario_damage  15% [130 submitted, 0 queued]
[2020-10-30 08:13:23 #1442 INFO] scenario_damage  16% [130 submitted, 0 queued]
[2020-10-30 08:13:41 #1442 INFO] scenario_damage  17% [130 submitted, 0 queued]
[2020-10-30 08:14:00 #1442 INFO] scenario_damage  18% [130 submitted, 0 queued]
[2020-10-30 08:15:53 #1442 INFO] scenario_damage  19% [130 submitted, 0 queued]
[2020-10-30 08:15:56 #1442 INFO] scenario_damage  20% [130 submitted, 0 queued]
[2020-10-30 08:16:28 #1442 INFO] scenario_damage  21% [130 submitted, 0 queued]
[2020-10-30 08:16:32 #1442 INFO] scenario_damage  22% [130 submitted, 0 queued]
[2020-10-30 08:16:35 #1442 INFO] scenario_damage  23% [130 submitted, 0 queued]
[2020-10-30 08:16:52 #1442 INFO] scenario_damage  24% [130 submitted, 0 queued]
[2020-10-30 08:17:09 #1442 INFO] scenario_damage  25% [130 submitted, 0 queued]
[2020-10-30 08:17:27 #1442 INFO] scenario_damage  26% [130 submitted, 0 queued]
[2020-10-30 08:17:37 #1442 INFO] scenario_damage  27% [130 submitted, 0 queued]
[2020-10-30 08:17:40 #1442 INFO] scenario_damage  28% [130 submitted, 0 queued]
[2020-10-30 08:17:51 #1442 INFO] scenario_damage  29% [130 submitted, 0 queued]
[2020-10-30 08:18:24 #1442 INFO] scenario_damage  30% [130 submitted, 0 queued]
[2020-10-30 08:18:43 #1442 INFO] scenario_damage  31% [130 submitted, 0 queued]
[2020-10-30 08:18:53 #1442 INFO] scenario_damage  32% [130 submitted, 0 queued]
[2020-10-30 08:18:58 #1442 INFO] scenario_damage  33% [130 submitted, 0 queued]
[2020-10-30 08:19:11 #1442 INFO] scenario_damage  34% [130 submitted, 0 queued]
[2020-10-30 08:19:39 #1442 INFO] scenario_damage  35% [130 submitted, 0 queued]
[2020-10-30 08:19:56 #1442 INFO] scenario_damage  36% [130 submitted, 0 queued]
[2020-10-30 08:20:16 #1442 INFO] scenario_damage  37% [130 submitted, 0 queued]
[2020-10-30 08:20:22 #1442 INFO] scenario_damage  38% [130 submitted, 0 queued]
[2020-10-30 08:20:24 #1442 INFO] scenario_damage  39% [130 submitted, 0 queued]
[2020-10-30 08:20:36 #1442 INFO] scenario_damage  40% [130 submitted, 0 queued]
[2020-10-30 08:21:16 #1442 INFO] scenario_damage  41% [130 submitted, 0 queued]
[2020-10-30 08:21:25 #1442 INFO] scenario_damage  42% [130 submitted, 0 queued]
[2020-10-30 08:21:43 #1442 INFO] scenario_damage  43% [130 submitted, 0 queued]
[2020-10-30 08:22:55 #1442 INFO] scenario_damage  44% [130 submitted, 0 queued]
[2020-10-30 08:23:04 #1442 INFO] scenario_damage  45% [130 submitted, 0 queued]
[2020-10-30 08:23:11 #1442 INFO] scenario_damage  46% [130 submitted, 0 queued]
[2020-10-30 08:27:13 #1442 INFO] scenario_damage  47% [130 submitted, 0 queued]
[2020-10-30 08:27:49 #1442 INFO] scenario_damage  48% [130 submitted, 0 queued]
[2020-10-30 08:33:33 #1442 INFO] scenario_damage  49% [130 submitted, 0 queued]
[2020-10-30 08:44:04 #1442 INFO] scenario_damage  50% [130 submitted, 0 queued]
[2020-10-30 08:45:39 #1442 INFO] scenario_damage  51% [130 submitted, 0 queued]
[2020-10-30 08:46:10 #1442 INFO] scenario_damage  52% [130 submitted, 0 queued]
[2020-10-30 08:46:21 #1442 INFO] scenario_damage  53% [130 submitted, 0 queued]
[2020-10-30 08:46:39 #1442 INFO] scenario_damage  54% [130 submitted, 0 queued]
[2020-10-30 08:46:42 #1442 INFO] scenario_damage  55% [130 submitted, 0 queued]
[2020-10-30 08:46:47 #1442 INFO] scenario_damage  56% [130 submitted, 0 queued]
[2020-10-30 08:47:00 #1442 INFO] scenario_damage  57% [130 submitted, 0 queued]
[2020-10-30 08:47:20 #1442 INFO] scenario_damage  58% [130 submitted, 0 queued]
[2020-10-30 08:47:24 #1442 INFO] scenario_damage  59% [130 submitted, 0 queued]
[2020-10-30 08:47:26 #1442 INFO] scenario_damage  60% [130 submitted, 0 queued]
[2020-10-30 08:48:29 #1442 INFO] scenario_damage  61% [130 submitted, 0 queued]
[2020-10-30 08:48:37 #1442 INFO] scenario_damage  62% [130 submitted, 0 queued]
[2020-10-30 08:48:41 #1442 INFO] scenario_damage  63% [130 submitted, 0 queued]
[2020-10-30 08:48:53 #1442 INFO] scenario_damage  64% [130 submitted, 0 queued]
[2020-10-30 08:48:57 #1442 INFO] scenario_damage  65% [130 submitted, 0 queued]
[2020-10-30 08:49:00 #1442 INFO] scenario_damage  66% [130 submitted, 0 queued]
[2020-10-30 08:49:20 #1442 INFO] scenario_damage  67% [130 submitted, 0 queued]
[2020-10-30 08:49:22 #1442 INFO] scenario_damage  68% [130 submitted, 0 queued]
[2020-10-30 08:49:24 #1442 INFO] scenario_damage  69% [130 submitted, 0 queued]
[2020-10-30 08:49:38 #1442 INFO] scenario_damage  70% [130 submitted, 0 queued]
[2020-10-30 08:49:48 #1442 INFO] scenario_damage  71% [130 submitted, 0 queued]
[2020-10-30 08:49:59 #1442 INFO] scenario_damage  72% [130 submitted, 0 queued]
[2020-10-30 08:50:02 #1442 INFO] scenario_damage  73% [130 submitted, 0 queued]
[2020-10-30 08:50:09 #1442 INFO] scenario_damage  74% [130 submitted, 0 queued]
[2020-10-30 08:50:26 #1442 INFO] scenario_damage  75% [130 submitted, 0 queued]
[2020-10-30 08:50:35 #1442 INFO] scenario_damage  76% [130 submitted, 0 queued]
[2020-10-30 08:50:58 #1442 INFO] scenario_damage  77% [130 submitted, 0 queued]
[2020-10-30 08:51:01 #1442 INFO] scenario_damage  78% [130 submitted, 0 queued]
[2020-10-30 08:51:08 #1442 INFO] scenario_damage  79% [130 submitted, 0 queued]
[2020-10-30 08:51:12 #1442 INFO] scenario_damage  80% [130 submitted, 0 queued]
[2020-10-30 08:51:19 #1442 INFO] scenario_damage  81% [130 submitted, 0 queued]
[2020-10-30 08:51:23 #1442 INFO] scenario_damage  82% [130 submitted, 0 queued]
[2020-10-30 08:51:25 #1442 INFO] scenario_damage  83% [130 submitted, 0 queued]
[2020-10-30 08:51:25 #1442 INFO] scenario_damage  84% [130 submitted, 0 queued]
[2020-10-30 08:51:40 #1442 INFO] scenario_damage  85% [130 submitted, 0 queued]
[2020-10-30 08:52:15 #1442 INFO] scenario_damage  86% [130 submitted, 0 queued]
[2020-10-30 08:52:47 #1442 INFO] scenario_damage  87% [130 submitted, 0 queued]
[2020-10-30 08:52:50 #1442 INFO] scenario_damage  88% [130 submitted, 0 queued]
[2020-10-30 08:52:53 #1442 INFO] scenario_damage  89% [130 submitted, 0 queued]
[2020-10-30 08:53:04 #1442 INFO] scenario_damage  90% [130 submitted, 0 queued]
[2020-10-30 08:54:25 #1442 INFO] scenario_damage  91% [130 submitted, 0 queued]
[2020-10-30 08:54:52 #1442 INFO] scenario_damage  92% [130 submitted, 0 queued]
[2020-10-30 08:54:54 #1442 INFO] scenario_damage  93% [130 submitted, 0 queued]
[2020-10-30 08:55:24 #1442 INFO] scenario_damage  94% [130 submitted, 0 queued]
[2020-10-30 08:56:08 #1442 INFO] scenario_damage  95% [130 submitted, 0 queued]
[2020-10-30 08:56:18 #1442 INFO] scenario_damage  96% [130 submitted, 0 queued]
[2020-10-30 08:58:41 #1442 INFO] scenario_damage  97% [130 submitted, 0 queued]
[2020-10-30 08:59:01 #1442 INFO] scenario_damage  98% [130 submitted, 0 queued]
[2020-10-30 08:59:56 #1442 INFO] scenario_damage  99% [130 submitted, 0 queued]
[2020-10-30 09:02:09 #1442 INFO] scenario_damage 100% [130 submitted, 0 queued]
[2020-10-30 09:02:09 #1442 INFO] Received {'aed': '1.13 GB', 'd_event': '890.51 MB', 'd_asset': '380.08 MB'} in 4952 seconds
[2020-10-30 09:02:21 #1442 INFO] Due to numeric errors the total number of assets is imprecise: {'expected': 324965.0, 'structural': 84965.74}
[2020-10-30 09:02:27 #1442 INFO] Exposing the outputs to the database
[2020-10-30 09:02:28 #1442 INFO] Stored 6.05 GB on /mnt/data/murray.journeay/oqdata/calc_1442.hdf5 in 8209 seconds
  id | name
7876 | Aggregate Event Damages
7874 | Average Asset Damages
7875 | Average Asset Damages Statistics
7882 | Earthquake Ruptures
7877 | Events
7878 | Full Report
7879 | Ground Motion Fields
7880 | Input Files
7881 | Realizations
