[2020-10-30 19:59:52 #1448 INFO] murray.journeay running /mnt/data/shared/canada-2020/canada-srm2/eDamage/input/eDamage_r2_QC2445-55.ini [--hc=None]
[2020-10-30 19:59:52 #1448 INFO] Using engine version 3.11.0-git4f03c56
[2020-10-30 19:59:52 #1448 WARNING] Using 64 cores on gem-compute
[2020-10-30 19:59:52 #1448 INFO] Validated nationalModel.xml in 0.01 seconds
[2020-10-30 19:59:53 #1448 INFO] Checksum of the input files: 2528730147
[2020-10-30 19:59:53 #1448 INFO] Reading the risk model if present
[2020-10-30 19:59:56 #1448 INFO] Reading /mnt/data/shared/canada-2020/model-inputs/exposure/general-building-stock/oqBldgExp_QC2445-55.xml
[2020-10-30 20:00:03 #1448 INFO] Extracting the hazard sites from the site model
[2020-10-30 20:00:06 #1448 INFO] Associated 79896 assets to 7366 sites
[2020-10-30 20:00:10 #1448 INFO] Reducing risk model from 4224 to 513 taxonomies
[2020-10-30 20:00:12 #1448 INFO] Considering 50 logic tree paths out of 24_576
[2020-10-30 20:00:12 #1448 INFO] 6 effective smlt realization(s)
[2020-10-30 20:00:12 #1448 INFO] Reading the source model(s) in parallel
[2020-10-30 20:00:14 #1448 INFO] read_source_model  16% [6 submitted, 0 queued]
[2020-10-30 20:00:14 #1448 INFO] read_source_model  33% [6 submitted, 0 queued]
[2020-10-30 20:00:14 #1448 INFO] read_source_model  50% [6 submitted, 0 queued]
[2020-10-30 20:00:14 #1448 INFO] read_source_model  66% [6 submitted, 0 queued]
[2020-10-30 20:00:14 #1448 INFO] read_source_model  83% [6 submitted, 0 queued]
[2020-10-30 20:00:14 #1448 INFO] read_source_model 100% [6 submitted, 0 queued]
[2020-10-30 20:00:14 #1448 INFO] Received {'/mnt/data/shared/canada-2020/CanadaSHM6/OpenQuake_model_files/sources/nationalModel/xml/simplifiedModel/WCan_HYeast_Harctic_simplified_collapsedRates.xml': '141.06 KB', '/mnt/data/shared/canada-2020/CanadaSHM6/OpenQuake_model_files/sources/nationalModel/xml/simplifiedModel/WCan_H2east_Harctic_simplified_collapsedRates.xml': '135.23 KB', '/mnt/data/shared/canada-2020/CanadaSHM6/OpenQuake_model_files/sources/nationalModel/xml/simplifiedModel/WCan_HYeast_Rarctic_simplified_collapsedRates.xml': '134.61 KB', '/mnt/data/shared/canada-2020/CanadaSHM6/OpenQuake_model_files/sources/nationalModel/xml/simplifiedModel/WCan_H2east_Rarctic_simplified_collapsedRates.xml': '128.78 KB', '/mnt/data/shared/canada-2020/CanadaSHM6/OpenQuake_model_files/sources/nationalModel/xml/simplifiedModel/WCan_R2east_Harctic_simplified_collapsedRates.xml': '119.91 KB', '/mnt/data/shared/canada-2020/CanadaSHM6/OpenQuake_model_files/sources/nationalModel/xml/simplifiedModel/WCan_R2east_Rarctic_simplified_collapsedRates.xml': '113.68 KB'} in 1 seconds
[2020-10-30 20:00:14 #1448 WARNING] There are multiple different sources with the same ID [<AreaSource SCCCT>, <AreaSource SCCCT>, <AreaSource SCCCT>, <AreaSource SCCCT>, <AreaSource SCCCT>, <AreaSource SCCCT>]
[2020-10-30 20:01:46 #1448 INFO] There are 195 sources
[2020-10-30 20:01:46 #1448 INFO] Checking the sources bounding box
[2020-10-30 20:01:46 #1448 ERROR] source ACM: The buffer of 600 km is too large, the bounding box is larger than half the globe: 219 degrees
[2020-10-30 20:01:46 #1448 INFO] Rupture floating factor = 1.6265060240963856
[2020-10-30 20:01:46 #1448 INFO] Rupture spinning factor = 3.2710843373493974
[2020-10-30 20:01:46 #1448 INFO] gzipping the input files
[2020-10-30 20:01:49 #1448 INFO] Storing risk model
[2020-10-30 20:01:50 #1448 INFO] minimum_intensity={'SA(0.3)': 0.1, 'SA(0.6)': 0.05, 'SA(1.0)': 0.05, 'SA(2.0)': 0.05}
[2020-10-30 20:01:50 #1448 INFO] Building ruptures
[2020-10-30 20:01:50 #1448 INFO] Sending <SourceGroup Subduction IntraSlab30, 1 source(s)>
[2020-10-30 20:01:50 #1448 INFO] Sending <SourceGroup Subduction IntraSlab55, 4 source(s)>
[2020-10-30 20:01:50 #1448 INFO] Sending <SourceGroup Subduction Interface, 13 source(s)>
[2020-10-30 20:01:50 #1448 INFO] Sending <SourceGroup Stable Shallow Crust, 120 source(s)>
[2020-10-30 20:01:50 #1448 INFO] Sending <SourceGroup Active Shallow Crust, 59 source(s)>
[2020-10-30 20:01:51 #1448 INFO] Sent 64 tasks, 80.71 MB in 0 seconds
[2020-10-30 20:01:53 #1448 INFO] sample_ruptures   1% [65 submitted, 19 queued]
[2020-10-30 20:01:53 #1448 INFO] sample_ruptures   2% [66 submitted, 18 queued]
[2020-10-30 20:01:53 #1448 INFO] sample_ruptures   3% [67 submitted, 17 queued]
[2020-10-30 20:01:53 #1448 INFO] sample_ruptures   4% [68 submitted, 16 queued]
[2020-10-30 20:01:53 #1448 INFO] sample_ruptures   5% [69 submitted, 15 queued]
[2020-10-30 20:01:53 #1448 INFO] sample_ruptures   7% [70 submitted, 14 queued]
[2020-10-30 20:01:53 #1448 INFO] sample_ruptures   8% [71 submitted, 13 queued]
[2020-10-30 20:01:53 #1448 INFO] sample_ruptures   9% [72 submitted, 12 queued]
[2020-10-30 20:01:54 #1448 INFO] sample_ruptures  10% [73 submitted, 11 queued]
[2020-10-30 20:01:54 #1448 INFO] sample_ruptures  11% [74 submitted, 10 queued]
[2020-10-30 20:01:54 #1448 INFO] sample_ruptures  13% [75 submitted, 9 queued]
[2020-10-30 20:01:54 #1448 INFO] sample_ruptures  14% [76 submitted, 8 queued]
[2020-10-30 20:01:54 #1448 INFO] sample_ruptures  15% [77 submitted, 7 queued]
[2020-10-30 20:01:54 #1448 INFO] sample_ruptures  16% [78 submitted, 6 queued]
[2020-10-30 20:01:54 #1448 INFO] sample_ruptures  17% [79 submitted, 5 queued]
[2020-10-30 20:01:54 #1448 INFO] sample_ruptures  19% [80 submitted, 4 queued]
[2020-10-30 20:01:54 #1448 INFO] sample_ruptures  20% [81 submitted, 3 queued]
[2020-10-30 20:01:54 #1448 INFO] sample_ruptures  21% [82 submitted, 2 queued]
[2020-10-30 20:01:54 #1448 INFO] sample_ruptures  22% [83 submitted, 1 queued]
[2020-10-30 20:01:54 #1448 INFO] sample_ruptures  23% [84 submitted, 0 queued]
[2020-10-30 20:01:54 #1448 INFO] sample_ruptures  25% [84 submitted, 0 queued]
[2020-10-30 20:01:54 #1448 INFO] sample_ruptures  26% [84 submitted, 0 queued]
[2020-10-30 20:01:54 #1448 INFO] sample_ruptures  27% [84 submitted, 0 queued]
[2020-10-30 20:01:54 #1448 INFO] sample_ruptures  28% [84 submitted, 0 queued]
[2020-10-30 20:01:55 #1448 INFO] sample_ruptures  29% [84 submitted, 0 queued]
[2020-10-30 20:01:55 #1448 INFO] sample_ruptures  30% [84 submitted, 0 queued]
[2020-10-30 20:01:55 #1448 INFO] sample_ruptures  32% [84 submitted, 0 queued]
[2020-10-30 20:01:55 #1448 INFO] sample_ruptures  33% [84 submitted, 0 queued]
[2020-10-30 20:01:55 #1448 INFO] sample_ruptures  34% [84 submitted, 0 queued]
[2020-10-30 20:01:55 #1448 INFO] sample_ruptures  35% [84 submitted, 0 queued]
[2020-10-30 20:01:55 #1448 INFO] sample_ruptures  36% [84 submitted, 0 queued]
[2020-10-30 20:01:55 #1448 INFO] sample_ruptures  38% [84 submitted, 0 queued]
[2020-10-30 20:01:55 #1448 INFO] sample_ruptures  39% [84 submitted, 0 queued]
[2020-10-30 20:01:55 #1448 INFO] sample_ruptures  40% [84 submitted, 0 queued]
[2020-10-30 20:01:55 #1448 INFO] sample_ruptures  41% [84 submitted, 0 queued]
[2020-10-30 20:01:55 #1448 INFO] sample_ruptures  42% [84 submitted, 0 queued]
[2020-10-30 20:01:55 #1448 INFO] sample_ruptures  44% [84 submitted, 0 queued]
[2020-10-30 20:01:55 #1448 INFO] sample_ruptures  45% [84 submitted, 0 queued]
[2020-10-30 20:01:55 #1448 INFO] sample_ruptures  46% [84 submitted, 0 queued]
[2020-10-30 20:01:55 #1448 INFO] sample_ruptures  47% [84 submitted, 0 queued]
[2020-10-30 20:01:55 #1448 INFO] sample_ruptures  48% [84 submitted, 0 queued]
[2020-10-30 20:01:55 #1448 INFO] sample_ruptures  50% [84 submitted, 0 queued]
[2020-10-30 20:01:55 #1448 INFO] sample_ruptures  51% [84 submitted, 0 queued]
[2020-10-30 20:01:55 #1448 INFO] sample_ruptures  52% [84 submitted, 0 queued]
[2020-10-30 20:01:55 #1448 INFO] sample_ruptures  53% [84 submitted, 0 queued]
[2020-10-30 20:01:57 #1448 INFO] sample_ruptures  54% [84 submitted, 0 queued]
[2020-10-30 20:01:58 #1448 INFO] sample_ruptures  55% [84 submitted, 0 queued]
[2020-10-30 20:02:01 #1448 INFO] sample_ruptures  57% [84 submitted, 0 queued]
[2020-10-30 20:02:02 #1448 INFO] sample_ruptures  58% [84 submitted, 0 queued]
[2020-10-30 20:02:04 #1448 INFO] sample_ruptures  59% [84 submitted, 0 queued]
[2020-10-30 20:02:04 #1448 INFO] sample_ruptures  60% [84 submitted, 0 queued]
[2020-10-30 20:02:05 #1448 INFO] sample_ruptures  61% [84 submitted, 0 queued]
[2020-10-30 20:02:06 #1448 INFO] sample_ruptures  63% [84 submitted, 0 queued]
[2020-10-30 20:02:08 #1448 INFO] sample_ruptures  64% [84 submitted, 0 queued]
[2020-10-30 20:02:08 #1448 INFO] sample_ruptures  65% [84 submitted, 0 queued]
[2020-10-30 20:02:09 #1448 INFO] sample_ruptures  66% [84 submitted, 0 queued]
[2020-10-30 20:02:10 #1448 INFO] sample_ruptures  67% [84 submitted, 0 queued]
[2020-10-30 20:02:10 #1448 INFO] sample_ruptures  69% [84 submitted, 0 queued]
[2020-10-30 20:02:12 #1448 INFO] sample_ruptures  70% [84 submitted, 0 queued]
[2020-10-30 20:02:13 #1448 INFO] sample_ruptures  71% [84 submitted, 0 queued]
[2020-10-30 20:02:14 #1448 INFO] sample_ruptures  72% [84 submitted, 0 queued]
[2020-10-30 20:02:14 #1448 INFO] sample_ruptures  73% [84 submitted, 0 queued]
[2020-10-30 20:02:15 #1448 INFO] sample_ruptures  75% [84 submitted, 0 queued]
[2020-10-30 20:02:15 #1448 INFO] sample_ruptures  76% [84 submitted, 0 queued]
[2020-10-30 20:02:15 #1448 INFO] sample_ruptures  77% [84 submitted, 0 queued]
[2020-10-30 20:02:15 #1448 INFO] sample_ruptures  78% [84 submitted, 0 queued]
[2020-10-30 20:02:15 #1448 INFO] sample_ruptures  79% [84 submitted, 0 queued]
[2020-10-30 20:02:16 #1448 INFO] sample_ruptures  80% [84 submitted, 0 queued]
[2020-10-30 20:02:17 #1448 INFO] sample_ruptures  82% [84 submitted, 0 queued]
[2020-10-30 20:02:19 #1448 INFO] sample_ruptures  83% [84 submitted, 0 queued]
[2020-10-30 20:02:25 #1448 INFO] sample_ruptures  84% [84 submitted, 0 queued]
[2020-10-30 20:02:26 #1448 INFO] sample_ruptures  85% [84 submitted, 0 queued]
[2020-10-30 20:02:32 #1448 INFO] sample_ruptures  86% [84 submitted, 0 queued]
[2020-10-30 20:02:34 #1448 INFO] sample_ruptures  88% [84 submitted, 0 queued]
[2020-10-30 20:02:43 #1448 INFO] sample_ruptures  89% [84 submitted, 0 queued]
[2020-10-30 20:02:45 #1448 INFO] sample_ruptures  90% [84 submitted, 0 queued]
[2020-10-30 20:02:46 #1448 INFO] sample_ruptures  91% [84 submitted, 0 queued]
[2020-10-30 20:02:47 #1448 INFO] sample_ruptures  92% [84 submitted, 0 queued]
[2020-10-30 20:02:48 #1448 INFO] sample_ruptures  94% [84 submitted, 0 queued]
[2020-10-30 20:02:56 #1448 INFO] sample_ruptures  95% [84 submitted, 0 queued]
[2020-10-30 20:03:10 #1448 INFO] sample_ruptures  96% [84 submitted, 0 queued]
[2020-10-30 20:03:16 #1448 INFO] sample_ruptures  97% [84 submitted, 0 queued]
[2020-10-30 20:03:31 #1448 INFO] sample_ruptures  98% [84 submitted, 0 queued]
[2020-10-30 20:03:50 #1448 INFO] sample_ruptures 100% [84 submitted, 0 queued]
[2020-10-30 20:03:50 #1448 INFO] Received {'rup_array': '71.17 MB', 'calc_times': '22.19 KB', 'eff_ruptures': '3.82 KB'} in 118 seconds
[2020-10-30 20:03:50 #1448 INFO] There are 50 realization(s)
[2020-10-30 20:03:50 #1448 INFO] Reordering the ruptures and storing the events
[2020-10-30 20:03:51 #1448 INFO] Associating event_id -> rlz_id for 624_965 events and 382_360 ruptures
[2020-10-30 20:04:02 #1448 INFO] Sent 130 tasks, 41.33 MB in 10 seconds
[2020-10-30 20:04:04 #1448 INFO] Received {'tot': '5.99 MB'} in 2 seconds
[2020-10-30 20:04:07 #1448 INFO] Reading 382_360 ruptures
[2020-10-30 20:04:26 #1448 INFO] Sent 130 tasks, 85.03 MB in 18 seconds
[2020-10-30 20:07:44 #1448 INFO] compute_gmfs   1% [130 submitted, 0 queued]
[2020-10-30 20:09:15 #1448 INFO] compute_gmfs   2% [130 submitted, 0 queued]
[2020-10-30 20:09:16 #1448 INFO] compute_gmfs   3% [130 submitted, 0 queued]
[2020-10-30 20:10:17 #1448 INFO] compute_gmfs   4% [130 submitted, 0 queued]
[2020-10-30 20:11:31 #1448 INFO] compute_gmfs   5% [130 submitted, 0 queued]
[2020-10-30 20:12:34 #1448 INFO] compute_gmfs   6% [130 submitted, 0 queued]
[2020-10-30 20:13:18 #1448 INFO] compute_gmfs   7% [130 submitted, 0 queued]
[2020-10-30 20:13:33 #1448 INFO] compute_gmfs   8% [130 submitted, 0 queued]
[2020-10-30 20:14:02 #1448 INFO] compute_gmfs   9% [130 submitted, 0 queued]
[2020-10-30 20:14:26 #1448 INFO] compute_gmfs  10% [130 submitted, 0 queued]
[2020-10-30 20:15:34 #1448 INFO] compute_gmfs  11% [130 submitted, 0 queued]
[2020-10-30 20:15:45 #1448 INFO] compute_gmfs  12% [130 submitted, 0 queued]
[2020-10-30 20:15:52 #1448 INFO] compute_gmfs  13% [130 submitted, 0 queued]
[2020-10-30 20:16:23 #1448 INFO] compute_gmfs  14% [130 submitted, 0 queued]
[2020-10-30 20:16:29 #1448 INFO] compute_gmfs  15% [130 submitted, 0 queued]
[2020-10-30 20:16:45 #1448 INFO] compute_gmfs  16% [130 submitted, 0 queued]
[2020-10-30 20:16:46 #1448 INFO] compute_gmfs  17% [130 submitted, 0 queued]
[2020-10-30 20:16:48 #1448 INFO] compute_gmfs  18% [130 submitted, 0 queued]
[2020-10-30 20:16:52 #1448 INFO] compute_gmfs  19% [130 submitted, 0 queued]
[2020-10-30 20:16:56 #1448 INFO] compute_gmfs  20% [130 submitted, 0 queued]
[2020-10-30 20:17:02 #1448 INFO] compute_gmfs  21% [130 submitted, 0 queued]
[2020-10-30 20:17:16 #1448 INFO] compute_gmfs  22% [130 submitted, 0 queued]
[2020-10-30 20:17:19 #1448 INFO] compute_gmfs  23% [130 submitted, 0 queued]
[2020-10-30 20:17:35 #1448 INFO] compute_gmfs  24% [130 submitted, 0 queued]
[2020-10-30 20:17:36 #1448 INFO] compute_gmfs  25% [130 submitted, 0 queued]
[2020-10-30 20:17:42 #1448 INFO] compute_gmfs  26% [130 submitted, 0 queued]
[2020-10-30 20:17:48 #1448 INFO] compute_gmfs  27% [130 submitted, 0 queued]
[2020-10-30 20:18:03 #1448 INFO] compute_gmfs  28% [130 submitted, 0 queued]
[2020-10-30 20:18:17 #1448 INFO] compute_gmfs  29% [130 submitted, 0 queued]
[2020-10-30 20:18:20 #1448 INFO] compute_gmfs  30% [130 submitted, 0 queued]
[2020-10-30 20:18:46 #1448 INFO] compute_gmfs  31% [130 submitted, 0 queued]
[2020-10-30 20:19:08 #1448 INFO] compute_gmfs  32% [130 submitted, 0 queued]
[2020-10-30 20:19:18 #1448 INFO] compute_gmfs  33% [130 submitted, 0 queued]
[2020-10-30 20:19:25 #1448 INFO] compute_gmfs  34% [130 submitted, 0 queued]
[2020-10-30 20:19:33 #1448 INFO] compute_gmfs  35% [130 submitted, 0 queued]
[2020-10-30 20:19:38 #1448 INFO] compute_gmfs  36% [130 submitted, 0 queued]
[2020-10-30 20:19:40 #1448 INFO] compute_gmfs  37% [130 submitted, 0 queued]
[2020-10-30 20:19:44 #1448 INFO] compute_gmfs  38% [130 submitted, 0 queued]
[2020-10-30 20:19:59 #1448 INFO] compute_gmfs  39% [130 submitted, 0 queued]
[2020-10-30 20:20:19 #1448 INFO] compute_gmfs  40% [130 submitted, 0 queued]
[2020-10-30 20:20:23 #1448 INFO] compute_gmfs  41% [130 submitted, 0 queued]
[2020-10-30 20:20:30 #1448 INFO] compute_gmfs  42% [130 submitted, 0 queued]
[2020-10-30 20:20:33 #1448 INFO] compute_gmfs  43% [130 submitted, 0 queued]
[2020-10-30 20:20:42 #1448 INFO] compute_gmfs  44% [130 submitted, 0 queued]
[2020-10-30 20:20:43 #1448 INFO] compute_gmfs  45% [130 submitted, 0 queued]
[2020-10-30 20:21:08 #1448 INFO] compute_gmfs  46% [130 submitted, 0 queued]
[2020-10-30 20:21:24 #1448 INFO] compute_gmfs  47% [130 submitted, 0 queued]
[2020-10-30 20:21:50 #1448 INFO] compute_gmfs  48% [130 submitted, 0 queued]
[2020-10-30 20:21:55 #1448 INFO] compute_gmfs  49% [130 submitted, 0 queued]
[2020-10-30 20:22:17 #1448 INFO] compute_gmfs  50% [130 submitted, 0 queued]
[2020-10-30 20:23:01 #1448 INFO] compute_gmfs  51% [130 submitted, 0 queued]
[2020-10-30 20:23:03 #1448 INFO] compute_gmfs  52% [130 submitted, 0 queued]
[2020-10-30 20:23:15 #1448 INFO] compute_gmfs  53% [130 submitted, 0 queued]
[2020-10-30 20:23:40 #1448 INFO] compute_gmfs  54% [130 submitted, 0 queued]
[2020-10-30 20:23:46 #1448 INFO] compute_gmfs  55% [130 submitted, 0 queued]
[2020-10-30 20:24:13 #1448 INFO] compute_gmfs  56% [130 submitted, 0 queued]
[2020-10-30 20:24:21 #1448 INFO] compute_gmfs  57% [130 submitted, 0 queued]
[2020-10-30 20:24:22 #1448 INFO] compute_gmfs  58% [130 submitted, 0 queued]
[2020-10-30 20:24:33 #1448 INFO] compute_gmfs  59% [130 submitted, 0 queued]
[2020-10-30 20:24:37 #1448 INFO] compute_gmfs  60% [130 submitted, 0 queued]
[2020-10-30 20:24:43 #1448 INFO] compute_gmfs  61% [130 submitted, 0 queued]
[2020-10-30 20:25:19 #1448 INFO] compute_gmfs  62% [130 submitted, 0 queued]
[2020-10-30 20:25:20 #1448 INFO] compute_gmfs  63% [130 submitted, 0 queued]
[2020-10-30 20:25:33 #1448 INFO] compute_gmfs  64% [130 submitted, 0 queued]
[2020-10-30 20:25:44 #1448 INFO] compute_gmfs  65% [130 submitted, 0 queued]
[2020-10-30 20:25:54 #1448 INFO] compute_gmfs  66% [130 submitted, 0 queued]
[2020-10-30 20:26:06 #1448 INFO] compute_gmfs  67% [130 submitted, 0 queued]
[2020-10-30 20:26:10 #1448 INFO] compute_gmfs  68% [130 submitted, 0 queued]
[2020-10-30 20:26:14 #1448 INFO] compute_gmfs  69% [130 submitted, 0 queued]
[2020-10-30 20:26:29 #1448 INFO] compute_gmfs  70% [130 submitted, 0 queued]
[2020-10-30 20:26:46 #1448 INFO] compute_gmfs  71% [130 submitted, 0 queued]
[2020-10-30 20:27:07 #1448 INFO] compute_gmfs  72% [130 submitted, 0 queued]
[2020-10-30 20:27:19 #1448 INFO] compute_gmfs  73% [130 submitted, 0 queued]
[2020-10-30 20:27:35 #1448 INFO] compute_gmfs  74% [130 submitted, 0 queued]
[2020-10-30 20:27:36 #1448 INFO] compute_gmfs  75% [130 submitted, 0 queued]
[2020-10-30 20:27:41 #1448 INFO] compute_gmfs  76% [130 submitted, 0 queued]
[2020-10-30 20:27:51 #1448 INFO] compute_gmfs  77% [130 submitted, 0 queued]
[2020-10-30 20:27:52 #1448 INFO] compute_gmfs  78% [130 submitted, 0 queued]
[2020-10-30 20:27:57 #1448 INFO] compute_gmfs  79% [130 submitted, 0 queued]
[2020-10-30 20:27:57 #1448 INFO] compute_gmfs  80% [130 submitted, 0 queued]
[2020-10-30 20:28:00 #1448 INFO] compute_gmfs  81% [130 submitted, 0 queued]
[2020-10-30 20:28:22 #1448 INFO] compute_gmfs  82% [130 submitted, 0 queued]
[2020-10-30 20:28:27 #1448 INFO] compute_gmfs  83% [130 submitted, 0 queued]
[2020-10-30 20:28:30 #1448 INFO] compute_gmfs  84% [130 submitted, 0 queued]
[2020-10-30 20:28:32 #1448 INFO] compute_gmfs  85% [130 submitted, 0 queued]
[2020-10-30 20:28:37 #1448 INFO] compute_gmfs  86% [130 submitted, 0 queued]
[2020-10-30 20:29:02 #1448 INFO] compute_gmfs  87% [130 submitted, 0 queued]
[2020-10-30 20:29:07 #1448 INFO] compute_gmfs  88% [130 submitted, 0 queued]
[2020-10-30 20:29:18 #1448 INFO] compute_gmfs  89% [130 submitted, 0 queued]
[2020-10-30 20:29:21 #1448 INFO] compute_gmfs  90% [130 submitted, 0 queued]
[2020-10-30 20:29:25 #1448 INFO] compute_gmfs  91% [130 submitted, 0 queued]
[2020-10-30 20:29:28 #1448 INFO] compute_gmfs  92% [130 submitted, 0 queued]
[2020-10-30 20:29:29 #1448 INFO] compute_gmfs  93% [130 submitted, 0 queued]
[2020-10-30 20:29:38 #1448 INFO] compute_gmfs  94% [130 submitted, 0 queued]
[2020-10-30 20:29:39 #1448 INFO] compute_gmfs  95% [130 submitted, 0 queued]
[2020-10-30 20:29:42 #1448 INFO] compute_gmfs  96% [130 submitted, 0 queued]
[2020-10-30 20:30:20 #1448 INFO] compute_gmfs  97% [130 submitted, 0 queued]
[2020-10-30 20:31:06 #1448 INFO] compute_gmfs  98% [130 submitted, 0 queued]
[2020-10-30 20:31:38 #1448 INFO] compute_gmfs  99% [130 submitted, 0 queued]
[2020-10-30 20:31:45 #1448 INFO] compute_gmfs 100% [130 submitted, 0 queued]
[2020-10-30 20:31:45 #1448 INFO] Received {'gmfdata': '4.09 GB', 'sig_eps': '6.04 MB', 'times': '4.39 MB', 'hcurves': '1.78 KB'} in 1639 seconds
[2020-10-30 20:31:50 #1448 INFO] Stored 209039 relevant event IDs
[2020-10-30 20:31:50 #1448 INFO] Building risk inputs from 50 realization(s)
[2020-10-30 20:32:35 #1448 INFO] Grouped the GMFs by site ID
[2020-10-30 20:32:43 #1448 INFO] Built 7366 risk inputs
[2020-10-30 20:32:59 #1448 INFO] Sent 131 tasks, 4.46 GB in 15 seconds
[2020-10-30 21:07:19 #1448 INFO] scenario_damage   1% [131 submitted, 0 queued]
[2020-10-30 21:08:16 #1448 INFO] scenario_damage   2% [131 submitted, 0 queued]
[2020-10-30 21:08:18 #1448 INFO] scenario_damage   3% [131 submitted, 0 queued]
[2020-10-30 21:09:32 #1448 INFO] scenario_damage   4% [131 submitted, 0 queued]
[2020-10-30 21:09:54 #1448 INFO] scenario_damage   5% [131 submitted, 0 queued]
[2020-10-30 21:09:59 #1448 INFO] scenario_damage   6% [131 submitted, 0 queued]
[2020-10-30 21:10:29 #1448 INFO] scenario_damage   7% [131 submitted, 0 queued]
[2020-10-30 21:11:28 #1448 INFO] scenario_damage   8% [131 submitted, 0 queued]
[2020-10-30 21:12:08 #1448 INFO] scenario_damage   9% [131 submitted, 0 queued]
[2020-10-30 21:12:22 #1448 INFO] scenario_damage  10% [131 submitted, 0 queued]
[2020-10-30 21:12:54 #1448 INFO] scenario_damage  11% [131 submitted, 0 queued]
[2020-10-30 21:13:02 #1448 INFO] scenario_damage  12% [131 submitted, 0 queued]
[2020-10-30 21:14:29 #1448 INFO] scenario_damage  13% [131 submitted, 0 queued]
[2020-10-30 21:14:39 #1448 INFO] scenario_damage  14% [131 submitted, 0 queued]
[2020-10-30 21:14:43 #1448 INFO] scenario_damage  15% [131 submitted, 0 queued]
[2020-10-30 21:15:24 #1448 INFO] scenario_damage  16% [131 submitted, 0 queued]
[2020-10-30 21:15:42 #1448 INFO] scenario_damage  17% [131 submitted, 0 queued]
[2020-10-30 21:16:01 #1448 INFO] scenario_damage  18% [131 submitted, 0 queued]
[2020-10-30 21:16:14 #1448 INFO] scenario_damage  19% [131 submitted, 0 queued]
[2020-10-30 21:16:51 #1448 INFO] scenario_damage  20% [131 submitted, 0 queued]
[2020-10-30 21:16:56 #1448 INFO] scenario_damage  21% [131 submitted, 0 queued]
[2020-10-30 21:17:31 #1448 INFO] scenario_damage  22% [131 submitted, 0 queued]
[2020-10-30 21:18:02 #1448 INFO] scenario_damage  23% [131 submitted, 0 queued]
[2020-10-30 21:18:11 #1448 INFO] scenario_damage  24% [131 submitted, 0 queued]
[2020-10-30 21:18:25 #1448 INFO] scenario_damage  25% [131 submitted, 0 queued]
[2020-10-30 21:18:42 #1448 INFO] scenario_damage  26% [131 submitted, 0 queued]
[2020-10-30 21:18:50 #1448 INFO] scenario_damage  27% [131 submitted, 0 queued]
[2020-10-30 21:18:59 #1448 INFO] scenario_damage  28% [131 submitted, 0 queued]
[2020-10-30 21:19:08 #1448 INFO] scenario_damage  29% [131 submitted, 0 queued]
[2020-10-30 21:19:40 #1448 INFO] scenario_damage  30% [131 submitted, 0 queued]
[2020-10-30 21:20:06 #1448 INFO] scenario_damage  31% [131 submitted, 0 queued]
[2020-10-30 21:21:04 #1448 INFO] scenario_damage  32% [131 submitted, 0 queued]
[2020-10-30 21:21:17 #1448 INFO] scenario_damage  33% [131 submitted, 0 queued]
[2020-10-30 21:21:29 #1448 INFO] scenario_damage  34% [131 submitted, 0 queued]
[2020-10-30 21:21:43 #1448 INFO] scenario_damage  35% [131 submitted, 0 queued]
[2020-10-30 21:22:03 #1448 INFO] scenario_damage  36% [131 submitted, 0 queued]
[2020-10-30 21:22:09 #1448 INFO] scenario_damage  37% [131 submitted, 0 queued]
[2020-10-30 21:22:43 #1448 INFO] scenario_damage  38% [131 submitted, 0 queued]
[2020-10-30 21:23:06 #1448 INFO] scenario_damage  39% [131 submitted, 0 queued]
[2020-10-30 21:23:36 #1448 INFO] scenario_damage  40% [131 submitted, 0 queued]
[2020-10-30 21:23:51 #1448 INFO] scenario_damage  41% [131 submitted, 0 queued]
[2020-10-30 21:24:35 #1448 INFO] scenario_damage  42% [131 submitted, 0 queued]
[2020-10-30 21:24:43 #1448 INFO] scenario_damage  43% [131 submitted, 0 queued]
[2020-10-30 21:24:46 #1448 INFO] scenario_damage  44% [131 submitted, 0 queued]
[2020-10-30 21:25:14 #1448 INFO] scenario_damage  45% [131 submitted, 0 queued]
[2020-10-30 21:25:55 #1448 INFO] scenario_damage  46% [131 submitted, 0 queued]
[2020-10-30 21:25:58 #1448 INFO] scenario_damage  47% [131 submitted, 0 queued]
[2020-10-30 21:27:48 #1448 INFO] scenario_damage  48% [131 submitted, 0 queued]
[2020-10-30 21:41:05 #1448 INFO] scenario_damage  49% [131 submitted, 0 queued]
[2020-10-30 21:44:29 #1448 INFO] scenario_damage  50% [131 submitted, 0 queued]
[2020-10-30 21:44:50 #1448 INFO] scenario_damage  51% [131 submitted, 0 queued]
[2020-10-30 21:46:40 #1448 INFO] scenario_damage  52% [131 submitted, 0 queued]
[2020-10-30 21:46:58 #1448 INFO] scenario_damage  53% [131 submitted, 0 queued]
[2020-10-30 21:47:42 #1448 INFO] scenario_damage  54% [131 submitted, 0 queued]
[2020-10-30 21:48:00 #1448 INFO] scenario_damage  55% [131 submitted, 0 queued]
[2020-10-30 21:48:14 #1448 INFO] scenario_damage  56% [131 submitted, 0 queued]
[2020-10-30 21:49:14 #1448 INFO] scenario_damage  57% [131 submitted, 0 queued]
[2020-10-30 21:49:28 #1448 INFO] scenario_damage  58% [131 submitted, 0 queued]
[2020-10-30 21:50:21 #1448 INFO] scenario_damage  59% [131 submitted, 0 queued]
[2020-10-30 21:50:35 #1448 INFO] scenario_damage  60% [131 submitted, 0 queued]
[2020-10-30 21:50:53 #1448 INFO] scenario_damage  61% [131 submitted, 0 queued]
[2020-10-30 21:51:39 #1448 INFO] scenario_damage  62% [131 submitted, 0 queued]
[2020-10-30 21:52:14 #1448 INFO] scenario_damage  63% [131 submitted, 0 queued]
[2020-10-30 21:52:17 #1448 INFO] scenario_damage  64% [131 submitted, 0 queued]
[2020-10-30 21:52:38 #1448 INFO] scenario_damage  65% [131 submitted, 0 queued]
[2020-10-30 21:52:45 #1448 INFO] scenario_damage  66% [131 submitted, 0 queued]
[2020-10-30 21:53:05 #1448 INFO] scenario_damage  67% [131 submitted, 0 queued]
[2020-10-30 21:53:31 #1448 INFO] scenario_damage  68% [131 submitted, 0 queued]
[2020-10-30 21:53:35 #1448 INFO] scenario_damage  69% [131 submitted, 0 queued]
[2020-10-30 21:53:37 #1448 INFO] scenario_damage  70% [131 submitted, 0 queued]
[2020-10-30 21:54:08 #1448 INFO] scenario_damage  71% [131 submitted, 0 queued]
[2020-10-30 21:54:09 #1448 INFO] scenario_damage  72% [131 submitted, 0 queued]
[2020-10-30 21:54:13 #1448 INFO] scenario_damage  73% [131 submitted, 0 queued]
[2020-10-30 21:54:23 #1448 INFO] scenario_damage  74% [131 submitted, 0 queued]
[2020-10-30 21:54:52 #1448 INFO] scenario_damage  75% [131 submitted, 0 queued]
[2020-10-30 21:55:04 #1448 INFO] scenario_damage  76% [131 submitted, 0 queued]
[2020-10-30 21:55:14 #1448 INFO] scenario_damage  77% [131 submitted, 0 queued]
[2020-10-30 21:55:31 #1448 INFO] scenario_damage  78% [131 submitted, 0 queued]
[2020-10-30 21:55:44 #1448 INFO] scenario_damage  79% [131 submitted, 0 queued]
[2020-10-30 21:55:46 #1448 INFO] scenario_damage  80% [131 submitted, 0 queued]
[2020-10-30 21:55:54 #1448 INFO] scenario_damage  81% [131 submitted, 0 queued]
[2020-10-30 21:56:01 #1448 INFO] scenario_damage  82% [131 submitted, 0 queued]
[2020-10-30 21:56:28 #1448 INFO] scenario_damage  83% [131 submitted, 0 queued]
[2020-10-30 21:56:53 #1448 INFO] scenario_damage  84% [131 submitted, 0 queued]
[2020-10-30 21:57:10 #1448 INFO] scenario_damage  85% [131 submitted, 0 queued]
[2020-10-30 21:57:22 #1448 INFO] scenario_damage  86% [131 submitted, 0 queued]
[2020-10-30 21:57:40 #1448 INFO] scenario_damage  87% [131 submitted, 0 queued]
[2020-10-30 21:57:48 #1448 INFO] scenario_damage  88% [131 submitted, 0 queued]
[2020-10-30 21:58:21 #1448 INFO] scenario_damage  89% [131 submitted, 0 queued]
[2020-10-30 21:58:22 #1448 INFO] scenario_damage  90% [131 submitted, 0 queued]
[2020-10-30 21:58:30 #1448 INFO] scenario_damage  91% [131 submitted, 0 queued]
[2020-10-30 21:58:30 #1448 INFO] scenario_damage  92% [131 submitted, 0 queued]
[2020-10-30 21:58:37 #1448 INFO] scenario_damage  93% [131 submitted, 0 queued]
[2020-10-30 21:58:41 #1448 INFO] scenario_damage  94% [131 submitted, 0 queued]
[2020-10-30 21:59:00 #1448 INFO] scenario_damage  95% [131 submitted, 0 queued]
[2020-10-30 21:59:14 #1448 INFO] scenario_damage  96% [131 submitted, 0 queued]
[2020-10-30 21:59:34 #1448 INFO] scenario_damage  97% [131 submitted, 0 queued]
[2020-10-30 22:00:23 #1448 INFO] scenario_damage  98% [131 submitted, 0 queued]
[2020-10-30 22:02:39 #1448 INFO] scenario_damage  99% [131 submitted, 0 queued]
[2020-10-30 22:02:43 #1448 INFO] scenario_damage 100% [131 submitted, 0 queued]
[2020-10-30 22:02:43 #1448 INFO] Received {'aed': '2.18 GB', 'd_event': '790.14 MB', 'd_asset': '350.57 MB'} in 5383 seconds
[2020-10-30 22:02:54 #1448 INFO] Due to numeric errors the total number of assets is imprecise: {'expected': 445883.0, 'structural': 111464.52}
[2020-10-30 22:03:00 #1448 INFO] Exposing the outputs to the database
[2020-10-30 22:03:00 #1448 INFO] Stored 3.87 GB on /mnt/data/murray.journeay/oqdata/calc_1448.hdf5 in 7387 seconds
  id | name
7930 | Aggregate Event Damages
7928 | Average Asset Damages
7929 | Average Asset Damages Statistics
7936 | Earthquake Ruptures
7931 | Events
7932 | Full Report
7933 | Ground Motion Fields
7934 | Input Files
7935 | Realizations
