[2020-10-30 02:29:34 #1440 INFO] murray.journeay running /mnt/data/shared/canada-2020/canada-srm2/eDamage/input/eDamage_r2_QC2410-20.ini [--hc=None]
[2020-10-30 02:29:34 #1440 INFO] Using engine version 3.11.0-git4f03c56
[2020-10-30 02:29:35 #1440 WARNING] Using 64 cores on gem-compute
[2020-10-30 02:29:35 #1440 INFO] Validated nationalModel.xml in 0.01 seconds
[2020-10-30 02:29:35 #1440 INFO] Checksum of the input files: 2528730147
[2020-10-30 02:29:35 #1440 INFO] Reading the risk model if present
[2020-10-30 02:29:38 #1440 INFO] Reading /mnt/data/shared/canada-2020/model-inputs/exposure/general-building-stock/oqBldgExp_QC2410-20.xml
[2020-10-30 02:29:45 #1440 INFO] Extracting the hazard sites from the site model
[2020-10-30 02:29:48 #1440 INFO] Associated 69827 assets to 8273 sites
[2020-10-30 02:29:51 #1440 INFO] Reducing risk model from 4224 to 512 taxonomies
[2020-10-30 02:29:52 #1440 INFO] Considering 50 logic tree paths out of 24_576
[2020-10-30 02:29:52 #1440 INFO] 6 effective smlt realization(s)
[2020-10-30 02:29:52 #1440 INFO] Reading the source model(s) in parallel
[2020-10-30 02:29:55 #1440 INFO] read_source_model  16% [6 submitted, 0 queued]
[2020-10-30 02:29:55 #1440 INFO] read_source_model  33% [6 submitted, 0 queued]
[2020-10-30 02:29:55 #1440 INFO] read_source_model  50% [6 submitted, 0 queued]
[2020-10-30 02:29:55 #1440 INFO] read_source_model  66% [6 submitted, 0 queued]
[2020-10-30 02:29:55 #1440 INFO] read_source_model  83% [6 submitted, 0 queued]
[2020-10-30 02:29:55 #1440 INFO] read_source_model 100% [6 submitted, 0 queued]
[2020-10-30 02:29:55 #1440 INFO] Received {'/mnt/data/shared/canada-2020/CanadaSHM6/OpenQuake_model_files/sources/nationalModel/xml/simplifiedModel/WCan_HYeast_Harctic_simplified_collapsedRates.xml': '141.06 KB', '/mnt/data/shared/canada-2020/CanadaSHM6/OpenQuake_model_files/sources/nationalModel/xml/simplifiedModel/WCan_H2east_Harctic_simplified_collapsedRates.xml': '135.23 KB', '/mnt/data/shared/canada-2020/CanadaSHM6/OpenQuake_model_files/sources/nationalModel/xml/simplifiedModel/WCan_HYeast_Rarctic_simplified_collapsedRates.xml': '134.61 KB', '/mnt/data/shared/canada-2020/CanadaSHM6/OpenQuake_model_files/sources/nationalModel/xml/simplifiedModel/WCan_H2east_Rarctic_simplified_collapsedRates.xml': '128.78 KB', '/mnt/data/shared/canada-2020/CanadaSHM6/OpenQuake_model_files/sources/nationalModel/xml/simplifiedModel/WCan_R2east_Harctic_simplified_collapsedRates.xml': '119.91 KB', '/mnt/data/shared/canada-2020/CanadaSHM6/OpenQuake_model_files/sources/nationalModel/xml/simplifiedModel/WCan_R2east_Rarctic_simplified_collapsedRates.xml': '113.68 KB'} in 1 seconds
[2020-10-30 02:29:55 #1440 WARNING] There are multiple different sources with the same ID [<AreaSource SCCCT>, <AreaSource SCCCT>, <AreaSource SCCCT>, <AreaSource SCCCT>, <AreaSource SCCCT>, <AreaSource SCCCT>]
[2020-10-30 02:31:28 #1440 INFO] There are 195 sources
[2020-10-30 02:31:28 #1440 INFO] Checking the sources bounding box
[2020-10-30 02:31:28 #1440 ERROR] source ACM: The buffer of 600 km is too large, the bounding box is larger than half the globe: 219 degrees
[2020-10-30 02:31:28 #1440 INFO] Rupture floating factor = 1.6265060240963856
[2020-10-30 02:31:28 #1440 INFO] Rupture spinning factor = 3.2710843373493974
[2020-10-30 02:31:28 #1440 INFO] gzipping the input files
[2020-10-30 02:31:30 #1440 INFO] Storing risk model
[2020-10-30 02:31:31 #1440 INFO] minimum_intensity={'SA(0.3)': 0.1, 'SA(0.6)': 0.05, 'SA(1.0)': 0.05, 'SA(2.0)': 0.05}
[2020-10-30 02:31:31 #1440 INFO] Building ruptures
[2020-10-30 02:31:31 #1440 INFO] Sending <SourceGroup Subduction IntraSlab30, 1 source(s)>
[2020-10-30 02:31:31 #1440 INFO] Sending <SourceGroup Subduction IntraSlab55, 4 source(s)>
[2020-10-30 02:31:31 #1440 INFO] Sending <SourceGroup Subduction Interface, 13 source(s)>
[2020-10-30 02:31:31 #1440 INFO] Sending <SourceGroup Stable Shallow Crust, 120 source(s)>
[2020-10-30 02:31:31 #1440 INFO] Sending <SourceGroup Active Shallow Crust, 59 source(s)>
[2020-10-30 02:31:33 #1440 INFO] Sent 64 tasks, 83.7 MB in 0 seconds
[2020-10-30 02:31:34 #1440 INFO] sample_ruptures   1% [65 submitted, 19 queued]
[2020-10-30 02:31:34 #1440 INFO] sample_ruptures   2% [66 submitted, 18 queued]
[2020-10-30 02:31:34 #1440 INFO] sample_ruptures   3% [67 submitted, 17 queued]
[2020-10-30 02:31:34 #1440 INFO] sample_ruptures   4% [68 submitted, 16 queued]
[2020-10-30 02:31:34 #1440 INFO] sample_ruptures   5% [69 submitted, 15 queued]
[2020-10-30 02:31:35 #1440 INFO] sample_ruptures   7% [70 submitted, 14 queued]
[2020-10-30 02:31:35 #1440 INFO] sample_ruptures   8% [71 submitted, 13 queued]
[2020-10-30 02:31:35 #1440 INFO] sample_ruptures   9% [72 submitted, 12 queued]
[2020-10-30 02:31:35 #1440 INFO] sample_ruptures  10% [73 submitted, 11 queued]
[2020-10-30 02:31:35 #1440 INFO] sample_ruptures  11% [74 submitted, 10 queued]
[2020-10-30 02:31:35 #1440 INFO] sample_ruptures  13% [75 submitted, 9 queued]
[2020-10-30 02:31:35 #1440 INFO] sample_ruptures  14% [76 submitted, 8 queued]
[2020-10-30 02:31:35 #1440 INFO] sample_ruptures  15% [77 submitted, 7 queued]
[2020-10-30 02:31:35 #1440 INFO] sample_ruptures  16% [78 submitted, 6 queued]
[2020-10-30 02:31:35 #1440 INFO] sample_ruptures  17% [79 submitted, 5 queued]
[2020-10-30 02:31:35 #1440 INFO] sample_ruptures  19% [80 submitted, 4 queued]
[2020-10-30 02:31:35 #1440 INFO] sample_ruptures  20% [81 submitted, 3 queued]
[2020-10-30 02:31:35 #1440 INFO] sample_ruptures  21% [82 submitted, 2 queued]
[2020-10-30 02:31:35 #1440 INFO] sample_ruptures  22% [83 submitted, 1 queued]
[2020-10-30 02:31:35 #1440 INFO] sample_ruptures  23% [84 submitted, 0 queued]
[2020-10-30 02:31:35 #1440 INFO] sample_ruptures  25% [84 submitted, 0 queued]
[2020-10-30 02:31:35 #1440 INFO] sample_ruptures  26% [84 submitted, 0 queued]
[2020-10-30 02:31:36 #1440 INFO] sample_ruptures  27% [84 submitted, 0 queued]
[2020-10-30 02:31:36 #1440 INFO] sample_ruptures  28% [84 submitted, 0 queued]
[2020-10-30 02:31:36 #1440 INFO] sample_ruptures  29% [84 submitted, 0 queued]
[2020-10-30 02:31:36 #1440 INFO] sample_ruptures  30% [84 submitted, 0 queued]
[2020-10-30 02:31:36 #1440 INFO] sample_ruptures  32% [84 submitted, 0 queued]
[2020-10-30 02:31:36 #1440 INFO] sample_ruptures  33% [84 submitted, 0 queued]
[2020-10-30 02:31:36 #1440 INFO] sample_ruptures  34% [84 submitted, 0 queued]
[2020-10-30 02:31:36 #1440 INFO] sample_ruptures  35% [84 submitted, 0 queued]
[2020-10-30 02:31:36 #1440 INFO] sample_ruptures  36% [84 submitted, 0 queued]
[2020-10-30 02:31:36 #1440 INFO] sample_ruptures  38% [84 submitted, 0 queued]
[2020-10-30 02:31:36 #1440 INFO] sample_ruptures  39% [84 submitted, 0 queued]
[2020-10-30 02:31:36 #1440 INFO] sample_ruptures  40% [84 submitted, 0 queued]
[2020-10-30 02:31:36 #1440 INFO] sample_ruptures  41% [84 submitted, 0 queued]
[2020-10-30 02:31:36 #1440 INFO] sample_ruptures  42% [84 submitted, 0 queued]
[2020-10-30 02:31:36 #1440 INFO] sample_ruptures  44% [84 submitted, 0 queued]
[2020-10-30 02:31:36 #1440 INFO] sample_ruptures  45% [84 submitted, 0 queued]
[2020-10-30 02:31:36 #1440 INFO] sample_ruptures  46% [84 submitted, 0 queued]
[2020-10-30 02:31:36 #1440 INFO] sample_ruptures  47% [84 submitted, 0 queued]
[2020-10-30 02:31:39 #1440 INFO] sample_ruptures  48% [84 submitted, 0 queued]
[2020-10-30 02:31:40 #1440 INFO] sample_ruptures  50% [84 submitted, 0 queued]
[2020-10-30 02:31:43 #1440 INFO] sample_ruptures  51% [84 submitted, 0 queued]
[2020-10-30 02:31:43 #1440 INFO] sample_ruptures  52% [84 submitted, 0 queued]
[2020-10-30 02:31:44 #1440 INFO] sample_ruptures  53% [84 submitted, 0 queued]
[2020-10-30 02:31:45 #1440 INFO] sample_ruptures  54% [84 submitted, 0 queued]
[2020-10-30 02:31:46 #1440 INFO] sample_ruptures  55% [84 submitted, 0 queued]
[2020-10-30 02:31:46 #1440 INFO] sample_ruptures  57% [84 submitted, 0 queued]
[2020-10-30 02:31:47 #1440 INFO] sample_ruptures  58% [84 submitted, 0 queued]
[2020-10-30 02:31:47 #1440 INFO] sample_ruptures  59% [84 submitted, 0 queued]
[2020-10-30 02:31:47 #1440 INFO] sample_ruptures  60% [84 submitted, 0 queued]
[2020-10-30 02:31:49 #1440 INFO] sample_ruptures  61% [84 submitted, 0 queued]
[2020-10-30 02:31:49 #1440 INFO] sample_ruptures  63% [84 submitted, 0 queued]
[2020-10-30 02:31:50 #1440 INFO] sample_ruptures  64% [84 submitted, 0 queued]
[2020-10-30 02:31:52 #1440 INFO] sample_ruptures  65% [84 submitted, 0 queued]
[2020-10-30 02:31:53 #1440 INFO] sample_ruptures  66% [84 submitted, 0 queued]
[2020-10-30 02:31:53 #1440 INFO] sample_ruptures  67% [84 submitted, 0 queued]
[2020-10-30 02:31:53 #1440 INFO] sample_ruptures  69% [84 submitted, 0 queued]
[2020-10-30 02:31:54 #1440 INFO] sample_ruptures  70% [84 submitted, 0 queued]
[2020-10-30 02:31:56 #1440 INFO] sample_ruptures  71% [84 submitted, 0 queued]
[2020-10-30 02:31:57 #1440 INFO] sample_ruptures  72% [84 submitted, 0 queued]
[2020-10-30 02:31:58 #1440 INFO] sample_ruptures  73% [84 submitted, 0 queued]
[2020-10-30 02:31:58 #1440 INFO] sample_ruptures  75% [84 submitted, 0 queued]
[2020-10-30 02:31:59 #1440 INFO] sample_ruptures  76% [84 submitted, 0 queued]
[2020-10-30 02:32:00 #1440 INFO] sample_ruptures  77% [84 submitted, 0 queued]
[2020-10-30 02:32:02 #1440 INFO] sample_ruptures  78% [84 submitted, 0 queued]
[2020-10-30 02:32:02 #1440 INFO] sample_ruptures  79% [84 submitted, 0 queued]
[2020-10-30 02:32:08 #1440 INFO] sample_ruptures  80% [84 submitted, 0 queued]
[2020-10-30 02:32:11 #1440 INFO] sample_ruptures  82% [84 submitted, 0 queued]
[2020-10-30 02:32:13 #1440 INFO] sample_ruptures  83% [84 submitted, 0 queued]
[2020-10-30 02:32:16 #1440 INFO] sample_ruptures  84% [84 submitted, 0 queued]
[2020-10-30 02:32:23 #1440 INFO] sample_ruptures  85% [84 submitted, 0 queued]
[2020-10-30 02:32:23 #1440 INFO] sample_ruptures  86% [84 submitted, 0 queued]
[2020-10-30 02:32:26 #1440 INFO] sample_ruptures  88% [84 submitted, 0 queued]
[2020-10-30 02:32:29 #1440 INFO] sample_ruptures  89% [84 submitted, 0 queued]
[2020-10-30 02:32:30 #1440 INFO] sample_ruptures  90% [84 submitted, 0 queued]
[2020-10-30 02:32:32 #1440 INFO] sample_ruptures  91% [84 submitted, 0 queued]
[2020-10-30 02:32:32 #1440 INFO] sample_ruptures  92% [84 submitted, 0 queued]
[2020-10-30 02:32:37 #1440 INFO] sample_ruptures  94% [84 submitted, 0 queued]
[2020-10-30 02:32:55 #1440 INFO] sample_ruptures  95% [84 submitted, 0 queued]
[2020-10-30 02:32:58 #1440 INFO] sample_ruptures  96% [84 submitted, 0 queued]
[2020-10-30 02:33:08 #1440 INFO] sample_ruptures  97% [84 submitted, 0 queued]
[2020-10-30 02:33:23 #1440 INFO] sample_ruptures  98% [84 submitted, 0 queued]
[2020-10-30 02:33:39 #1440 INFO] sample_ruptures 100% [84 submitted, 0 queued]
[2020-10-30 02:33:39 #1440 INFO] Received {'rup_array': '89.43 MB', 'calc_times': '22.69 KB', 'eff_ruptures': '3.88 KB'} in 126 seconds
[2020-10-30 02:33:39 #1440 INFO] There are 50 realization(s)
[2020-10-30 02:33:39 #1440 INFO] Reordering the ruptures and storing the events
[2020-10-30 02:33:40 #1440 INFO] Associating event_id -> rlz_id for 814_960 events and 480_495 ruptures
[2020-10-30 02:33:53 #1440 INFO] Sent 130 tasks, 51.9 MB in 12 seconds
[2020-10-30 02:33:56 #1440 INFO] Received {'tot': '7.81 MB'} in 2 seconds
[2020-10-30 02:34:00 #1440 INFO] Reading 480_495 ruptures
[2020-10-30 02:34:24 #1440 INFO] Sent 130 tasks, 95.61 MB in 23 seconds
[2020-10-30 02:35:54 #1440 INFO] compute_gmfs   1% [130 submitted, 0 queued]
[2020-10-30 02:35:54 #1440 INFO] compute_gmfs   2% [130 submitted, 0 queued]
[2020-10-30 02:35:54 #1440 INFO] compute_gmfs   3% [130 submitted, 0 queued]
[2020-10-30 02:36:49 #1440 INFO] compute_gmfs   4% [130 submitted, 0 queued]
[2020-10-30 02:37:26 #1440 INFO] compute_gmfs   5% [130 submitted, 0 queued]
[2020-10-30 02:37:29 #1440 INFO] compute_gmfs   6% [130 submitted, 0 queued]
[2020-10-30 02:38:51 #1440 INFO] compute_gmfs   7% [130 submitted, 0 queued]
[2020-10-30 02:39:30 #1440 INFO] compute_gmfs   8% [130 submitted, 0 queued]
[2020-10-30 02:40:23 #1440 INFO] compute_gmfs   9% [130 submitted, 0 queued]
[2020-10-30 02:40:31 #1440 INFO] compute_gmfs  10% [130 submitted, 0 queued]
[2020-10-30 02:43:05 #1440 INFO] compute_gmfs  11% [130 submitted, 0 queued]
[2020-10-30 02:43:27 #1440 INFO] compute_gmfs  12% [130 submitted, 0 queued]
[2020-10-30 02:44:56 #1440 INFO] compute_gmfs  13% [130 submitted, 0 queued]
[2020-10-30 02:45:21 #1440 INFO] compute_gmfs  14% [130 submitted, 0 queued]
[2020-10-30 02:45:40 #1440 INFO] compute_gmfs  15% [130 submitted, 0 queued]
[2020-10-30 02:45:53 #1440 INFO] compute_gmfs  16% [130 submitted, 0 queued]
[2020-10-30 02:46:56 #1440 INFO] compute_gmfs  17% [130 submitted, 0 queued]
[2020-10-30 02:46:58 #1440 INFO] compute_gmfs  18% [130 submitted, 0 queued]
[2020-10-30 02:47:13 #1440 INFO] compute_gmfs  19% [130 submitted, 0 queued]
[2020-10-30 02:47:19 #1440 INFO] compute_gmfs  20% [130 submitted, 0 queued]
[2020-10-30 02:47:35 #1440 INFO] compute_gmfs  21% [130 submitted, 0 queued]
[2020-10-30 02:47:41 #1440 INFO] compute_gmfs  22% [130 submitted, 0 queued]
[2020-10-30 02:47:53 #1440 INFO] compute_gmfs  23% [130 submitted, 0 queued]
[2020-10-30 02:48:25 #1440 INFO] compute_gmfs  24% [130 submitted, 0 queued]
[2020-10-30 02:48:28 #1440 INFO] compute_gmfs  25% [130 submitted, 0 queued]
[2020-10-30 02:48:39 #1440 INFO] compute_gmfs  26% [130 submitted, 0 queued]
[2020-10-30 02:49:55 #1440 INFO] compute_gmfs  27% [130 submitted, 0 queued]
[2020-10-30 02:49:56 #1440 INFO] compute_gmfs  28% [130 submitted, 0 queued]
[2020-10-30 02:50:03 #1440 INFO] compute_gmfs  29% [130 submitted, 0 queued]
[2020-10-30 02:50:18 #1440 INFO] compute_gmfs  30% [130 submitted, 0 queued]
[2020-10-30 02:50:28 #1440 INFO] compute_gmfs  31% [130 submitted, 0 queued]
[2020-10-30 02:50:31 #1440 INFO] compute_gmfs  32% [130 submitted, 0 queued]
[2020-10-30 02:50:38 #1440 INFO] compute_gmfs  33% [130 submitted, 0 queued]
[2020-10-30 02:51:56 #1440 INFO] compute_gmfs  34% [130 submitted, 0 queued]
[2020-10-30 02:52:00 #1440 INFO] compute_gmfs  35% [130 submitted, 0 queued]
[2020-10-30 02:52:10 #1440 INFO] compute_gmfs  36% [130 submitted, 0 queued]
[2020-10-30 02:52:30 #1440 INFO] compute_gmfs  37% [130 submitted, 0 queued]
[2020-10-30 02:52:51 #1440 INFO] compute_gmfs  38% [130 submitted, 0 queued]
[2020-10-30 02:53:25 #1440 INFO] compute_gmfs  39% [130 submitted, 0 queued]
[2020-10-30 02:53:27 #1440 INFO] compute_gmfs  40% [130 submitted, 0 queued]
[2020-10-30 02:53:33 #1440 INFO] compute_gmfs  41% [130 submitted, 0 queued]
[2020-10-30 02:53:42 #1440 INFO] compute_gmfs  42% [130 submitted, 0 queued]
[2020-10-30 02:53:53 #1440 INFO] compute_gmfs  43% [130 submitted, 0 queued]
[2020-10-30 02:54:20 #1440 INFO] compute_gmfs  44% [130 submitted, 0 queued]
[2020-10-30 02:54:26 #1440 INFO] compute_gmfs  45% [130 submitted, 0 queued]
[2020-10-30 02:54:33 #1440 INFO] compute_gmfs  46% [130 submitted, 0 queued]
[2020-10-30 02:55:04 #1440 INFO] compute_gmfs  47% [130 submitted, 0 queued]
[2020-10-30 02:55:24 #1440 INFO] compute_gmfs  48% [130 submitted, 0 queued]
[2020-10-30 02:55:37 #1440 INFO] compute_gmfs  49% [130 submitted, 0 queued]
[2020-10-30 02:55:49 #1440 INFO] compute_gmfs  50% [130 submitted, 0 queued]
[2020-10-30 02:56:01 #1440 INFO] compute_gmfs  51% [130 submitted, 0 queued]
[2020-10-30 02:56:09 #1440 INFO] compute_gmfs  52% [130 submitted, 0 queued]
[2020-10-30 02:56:10 #1440 INFO] compute_gmfs  53% [130 submitted, 0 queued]
[2020-10-30 02:56:22 #1440 INFO] compute_gmfs  54% [130 submitted, 0 queued]
[2020-10-30 02:56:31 #1440 INFO] compute_gmfs  55% [130 submitted, 0 queued]
[2020-10-30 02:56:36 #1440 INFO] compute_gmfs  56% [130 submitted, 0 queued]
[2020-10-30 02:56:44 #1440 INFO] compute_gmfs  57% [130 submitted, 0 queued]
[2020-10-30 02:56:52 #1440 INFO] compute_gmfs  58% [130 submitted, 0 queued]
[2020-10-30 02:56:52 #1440 INFO] compute_gmfs  59% [130 submitted, 0 queued]
[2020-10-30 02:57:05 #1440 INFO] compute_gmfs  60% [130 submitted, 0 queued]
[2020-10-30 02:57:17 #1440 INFO] compute_gmfs  61% [130 submitted, 0 queued]
[2020-10-30 02:57:55 #1440 INFO] compute_gmfs  62% [130 submitted, 0 queued]
[2020-10-30 02:58:01 #1440 INFO] compute_gmfs  63% [130 submitted, 0 queued]
[2020-10-30 02:58:16 #1440 INFO] compute_gmfs  64% [130 submitted, 0 queued]
[2020-10-30 02:58:24 #1440 INFO] compute_gmfs  65% [130 submitted, 0 queued]
[2020-10-30 02:58:33 #1440 INFO] compute_gmfs  66% [130 submitted, 0 queued]
[2020-10-30 02:58:45 #1440 INFO] compute_gmfs  67% [130 submitted, 0 queued]
[2020-10-30 02:58:46 #1440 INFO] compute_gmfs  68% [130 submitted, 0 queued]
[2020-10-30 02:58:49 #1440 INFO] compute_gmfs  69% [130 submitted, 0 queued]
[2020-10-30 02:58:52 #1440 INFO] compute_gmfs  70% [130 submitted, 0 queued]
[2020-10-30 02:59:01 #1440 INFO] compute_gmfs  71% [130 submitted, 0 queued]
[2020-10-30 02:59:07 #1440 INFO] compute_gmfs  72% [130 submitted, 0 queued]
[2020-10-30 02:59:09 #1440 INFO] compute_gmfs  73% [130 submitted, 0 queued]
[2020-10-30 02:59:19 #1440 INFO] compute_gmfs  74% [130 submitted, 0 queued]
[2020-10-30 02:59:40 #1440 INFO] compute_gmfs  75% [130 submitted, 0 queued]
[2020-10-30 02:59:44 #1440 INFO] compute_gmfs  76% [130 submitted, 0 queued]
[2020-10-30 03:00:13 #1440 INFO] compute_gmfs  77% [130 submitted, 0 queued]
[2020-10-30 03:00:20 #1440 INFO] compute_gmfs  78% [130 submitted, 0 queued]
[2020-10-30 03:00:21 #1440 INFO] compute_gmfs  79% [130 submitted, 0 queued]
[2020-10-30 03:00:22 #1440 INFO] compute_gmfs  80% [130 submitted, 0 queued]
[2020-10-30 03:00:29 #1440 INFO] compute_gmfs  81% [130 submitted, 0 queued]
[2020-10-30 03:00:59 #1440 INFO] compute_gmfs  82% [130 submitted, 0 queued]
[2020-10-30 03:01:08 #1440 INFO] compute_gmfs  83% [130 submitted, 0 queued]
[2020-10-30 03:01:27 #1440 INFO] compute_gmfs  84% [130 submitted, 0 queued]
[2020-10-30 03:01:30 #1440 INFO] compute_gmfs  85% [130 submitted, 0 queued]
[2020-10-30 03:01:37 #1440 INFO] compute_gmfs  86% [130 submitted, 0 queued]
[2020-10-30 03:02:03 #1440 INFO] compute_gmfs  87% [130 submitted, 0 queued]
[2020-10-30 03:02:09 #1440 INFO] compute_gmfs  88% [130 submitted, 0 queued]
[2020-10-30 03:02:14 #1440 INFO] compute_gmfs  89% [130 submitted, 0 queued]
[2020-10-30 03:02:15 #1440 INFO] compute_gmfs  90% [130 submitted, 0 queued]
[2020-10-30 03:02:51 #1440 INFO] compute_gmfs  91% [130 submitted, 0 queued]
[2020-10-30 03:03:23 #1440 INFO] compute_gmfs  92% [130 submitted, 0 queued]
[2020-10-30 03:03:25 #1440 INFO] compute_gmfs  93% [130 submitted, 0 queued]
[2020-10-30 03:04:07 #1440 INFO] compute_gmfs  94% [130 submitted, 0 queued]
[2020-10-30 03:04:24 #1440 INFO] compute_gmfs  95% [130 submitted, 0 queued]
[2020-10-30 03:04:28 #1440 INFO] compute_gmfs  96% [130 submitted, 0 queued]
[2020-10-30 03:05:24 #1440 INFO] compute_gmfs  97% [130 submitted, 0 queued]
[2020-10-30 03:05:34 #1440 INFO] compute_gmfs  98% [130 submitted, 0 queued]
[2020-10-30 03:05:39 #1440 INFO] compute_gmfs  99% [130 submitted, 0 queued]
[2020-10-30 03:07:00 #1440 INFO] compute_gmfs 100% [130 submitted, 0 queued]
[2020-10-30 03:07:00 #1440 INFO] Received {'gmfdata': '4.88 GB', 'sig_eps': '8.85 MB', 'times': '5.51 MB', 'hcurves': '1.78 KB'} in 1955 seconds
[2020-10-30 03:07:05 #1440 INFO] Stored 307251 relevant event IDs
[2020-10-30 03:07:06 #1440 INFO] Building risk inputs from 50 realization(s)
[2020-10-30 03:07:58 #1440 INFO] Grouped the GMFs by site ID
[2020-10-30 03:08:07 #1440 INFO] Built 8273 risk inputs
[2020-10-30 03:08:23 #1440 INFO] Sent 131 tasks, 5.31 GB in 15 seconds
[2020-10-30 03:25:33 #1440 INFO] scenario_damage   1% [131 submitted, 0 queued]
[2020-10-30 03:28:25 #1440 INFO] scenario_damage   2% [131 submitted, 0 queued]
[2020-10-30 03:32:40 #1440 INFO] scenario_damage   3% [131 submitted, 0 queued]
[2020-10-30 03:33:57 #1440 INFO] scenario_damage   4% [131 submitted, 0 queued]
[2020-10-30 03:34:08 #1440 INFO] scenario_damage   5% [131 submitted, 0 queued]
[2020-10-30 03:34:17 #1440 INFO] scenario_damage   6% [131 submitted, 0 queued]
[2020-10-30 03:34:32 #1440 INFO] scenario_damage   7% [131 submitted, 0 queued]
[2020-10-30 03:35:09 #1440 INFO] scenario_damage   8% [131 submitted, 0 queued]
[2020-10-30 03:36:34 #1440 INFO] scenario_damage   9% [131 submitted, 0 queued]
[2020-10-30 03:37:58 #1440 INFO] scenario_damage  10% [131 submitted, 0 queued]
[2020-10-30 03:38:08 #1440 INFO] scenario_damage  11% [131 submitted, 0 queued]
[2020-10-30 03:38:17 #1440 INFO] scenario_damage  12% [131 submitted, 0 queued]
[2020-10-30 03:38:40 #1440 INFO] scenario_damage  13% [131 submitted, 0 queued]
[2020-10-30 03:39:12 #1440 INFO] scenario_damage  14% [131 submitted, 0 queued]
[2020-10-30 03:39:14 #1440 INFO] scenario_damage  15% [131 submitted, 0 queued]
[2020-10-30 03:39:22 #1440 INFO] scenario_damage  16% [131 submitted, 0 queued]
[2020-10-30 03:39:43 #1440 INFO] scenario_damage  17% [131 submitted, 0 queued]
[2020-10-30 03:39:49 #1440 INFO] scenario_damage  18% [131 submitted, 0 queued]
[2020-10-30 03:39:51 #1440 INFO] scenario_damage  19% [131 submitted, 0 queued]
[2020-10-30 03:40:00 #1440 INFO] scenario_damage  20% [131 submitted, 0 queued]
[2020-10-30 03:40:07 #1440 INFO] scenario_damage  21% [131 submitted, 0 queued]
[2020-10-30 03:40:12 #1440 INFO] scenario_damage  22% [131 submitted, 0 queued]
[2020-10-30 03:40:32 #1440 INFO] scenario_damage  23% [131 submitted, 0 queued]
[2020-10-30 03:40:35 #1440 INFO] scenario_damage  24% [131 submitted, 0 queued]
[2020-10-30 03:40:35 #1440 INFO] scenario_damage  25% [131 submitted, 0 queued]
[2020-10-30 03:41:21 #1440 INFO] scenario_damage  26% [131 submitted, 0 queued]
[2020-10-30 03:41:32 #1440 INFO] scenario_damage  27% [131 submitted, 0 queued]
[2020-10-30 03:41:59 #1440 INFO] scenario_damage  28% [131 submitted, 0 queued]
[2020-10-30 03:42:05 #1440 INFO] scenario_damage  29% [131 submitted, 0 queued]
[2020-10-30 03:42:15 #1440 INFO] scenario_damage  30% [131 submitted, 0 queued]
[2020-10-30 03:42:15 #1440 INFO] scenario_damage  31% [131 submitted, 0 queued]
[2020-10-30 03:42:35 #1440 INFO] scenario_damage  32% [131 submitted, 0 queued]
[2020-10-30 03:43:03 #1440 INFO] scenario_damage  33% [131 submitted, 0 queued]
[2020-10-30 03:43:08 #1440 INFO] scenario_damage  34% [131 submitted, 0 queued]
[2020-10-30 03:43:18 #1440 INFO] scenario_damage  35% [131 submitted, 0 queued]
[2020-10-30 03:43:56 #1440 INFO] scenario_damage  36% [131 submitted, 0 queued]
[2020-10-30 03:43:59 #1440 INFO] scenario_damage  37% [131 submitted, 0 queued]
[2020-10-30 03:44:27 #1440 INFO] scenario_damage  38% [131 submitted, 0 queued]
[2020-10-30 03:45:10 #1440 INFO] scenario_damage  39% [131 submitted, 0 queued]
[2020-10-30 03:45:14 #1440 INFO] scenario_damage  40% [131 submitted, 0 queued]
[2020-10-30 03:45:36 #1440 INFO] scenario_damage  41% [131 submitted, 0 queued]
[2020-10-30 03:46:46 #1440 INFO] scenario_damage  42% [131 submitted, 0 queued]
[2020-10-30 03:47:06 #1440 INFO] scenario_damage  43% [131 submitted, 0 queued]
[2020-10-30 03:47:31 #1440 INFO] scenario_damage  44% [131 submitted, 0 queued]
[2020-10-30 03:48:05 #1440 INFO] scenario_damage  45% [131 submitted, 0 queued]
[2020-10-30 03:49:09 #1440 INFO] scenario_damage  46% [131 submitted, 0 queued]
[2020-10-30 03:49:27 #1440 INFO] scenario_damage  47% [131 submitted, 0 queued]
[2020-10-30 03:49:46 #1440 INFO] scenario_damage  48% [131 submitted, 0 queued]
[2020-10-30 03:54:31 #1440 INFO] scenario_damage  49% [131 submitted, 0 queued]
[2020-10-30 03:56:06 #1440 INFO] scenario_damage  50% [131 submitted, 0 queued]
[2020-10-30 03:56:56 #1440 INFO] scenario_damage  51% [131 submitted, 0 queued]
[2020-10-30 03:58:04 #1440 INFO] scenario_damage  52% [131 submitted, 0 queued]
[2020-10-30 03:58:08 #1440 INFO] scenario_damage  53% [131 submitted, 0 queued]
[2020-10-30 03:59:48 #1440 INFO] scenario_damage  54% [131 submitted, 0 queued]
[2020-10-30 04:00:39 #1440 INFO] scenario_damage  55% [131 submitted, 0 queued]
[2020-10-30 04:00:47 #1440 INFO] scenario_damage  56% [131 submitted, 0 queued]
[2020-10-30 04:01:09 #1440 INFO] scenario_damage  57% [131 submitted, 0 queued]
[2020-10-30 04:01:21 #1440 INFO] scenario_damage  58% [131 submitted, 0 queued]
[2020-10-30 04:01:32 #1440 INFO] scenario_damage  59% [131 submitted, 0 queued]
[2020-10-30 04:02:48 #1440 INFO] scenario_damage  60% [131 submitted, 0 queued]
[2020-10-30 04:03:23 #1440 INFO] scenario_damage  61% [131 submitted, 0 queued]
[2020-10-30 04:03:43 #1440 INFO] scenario_damage  62% [131 submitted, 0 queued]
[2020-10-30 04:04:20 #1440 INFO] scenario_damage  63% [131 submitted, 0 queued]
[2020-10-30 04:04:29 #1440 INFO] scenario_damage  64% [131 submitted, 0 queued]
[2020-10-30 04:04:47 #1440 INFO] scenario_damage  65% [131 submitted, 0 queued]
[2020-10-30 04:06:17 #1440 INFO] scenario_damage  66% [131 submitted, 0 queued]
[2020-10-30 04:06:59 #1440 INFO] scenario_damage  67% [131 submitted, 0 queued]
[2020-10-30 04:07:13 #1440 INFO] scenario_damage  68% [131 submitted, 0 queued]
[2020-10-30 04:07:14 #1440 INFO] scenario_damage  69% [131 submitted, 0 queued]
[2020-10-30 04:08:01 #1440 INFO] scenario_damage  70% [131 submitted, 0 queued]
[2020-10-30 04:08:36 #1440 INFO] scenario_damage  71% [131 submitted, 0 queued]
[2020-10-30 04:08:46 #1440 INFO] scenario_damage  72% [131 submitted, 0 queued]
[2020-10-30 04:09:00 #1440 INFO] scenario_damage  73% [131 submitted, 0 queued]
[2020-10-30 04:09:11 #1440 INFO] scenario_damage  74% [131 submitted, 0 queued]
[2020-10-30 04:09:27 #1440 INFO] scenario_damage  75% [131 submitted, 0 queued]
[2020-10-30 04:09:35 #1440 INFO] scenario_damage  76% [131 submitted, 0 queued]
[2020-10-30 04:10:09 #1440 INFO] scenario_damage  77% [131 submitted, 0 queued]
[2020-10-30 04:10:28 #1440 INFO] scenario_damage  78% [131 submitted, 0 queued]
[2020-10-30 04:10:49 #1440 INFO] scenario_damage  79% [131 submitted, 0 queued]
[2020-10-30 04:10:51 #1440 INFO] scenario_damage  80% [131 submitted, 0 queued]
[2020-10-30 04:11:07 #1440 INFO] scenario_damage  81% [131 submitted, 0 queued]
[2020-10-30 04:11:19 #1440 INFO] scenario_damage  82% [131 submitted, 0 queued]
[2020-10-30 04:11:25 #1440 INFO] scenario_damage  83% [131 submitted, 0 queued]
[2020-10-30 04:14:18 #1440 INFO] scenario_damage  84% [131 submitted, 0 queued]
[2020-10-30 04:14:39 #1440 INFO] scenario_damage  85% [131 submitted, 0 queued]
[2020-10-30 04:14:47 #1440 INFO] scenario_damage  86% [131 submitted, 0 queued]
[2020-10-30 04:14:48 #1440 INFO] scenario_damage  87% [131 submitted, 0 queued]
[2020-10-30 04:15:29 #1440 INFO] scenario_damage  88% [131 submitted, 0 queued]
[2020-10-30 04:16:08 #1440 INFO] scenario_damage  89% [131 submitted, 0 queued]
[2020-10-30 04:16:45 #1440 INFO] scenario_damage  90% [131 submitted, 0 queued]
[2020-10-30 04:18:04 #1440 INFO] scenario_damage  91% [131 submitted, 0 queued]
[2020-10-30 04:19:03 #1440 INFO] scenario_damage  92% [131 submitted, 0 queued]
[2020-10-30 04:19:30 #1440 INFO] scenario_damage  93% [131 submitted, 0 queued]
[2020-10-30 04:20:08 #1440 INFO] scenario_damage  94% [131 submitted, 0 queued]
[2020-10-30 04:20:45 #1440 INFO] scenario_damage  95% [131 submitted, 0 queued]
[2020-10-30 04:21:05 #1440 INFO] scenario_damage  96% [131 submitted, 0 queued]
[2020-10-30 04:23:30 #1440 INFO] scenario_damage  97% [131 submitted, 0 queued]
[2020-10-30 04:23:46 #1440 INFO] scenario_damage  98% [131 submitted, 0 queued]
[2020-10-30 04:23:49 #1440 INFO] scenario_damage  99% [131 submitted, 0 queued]
[2020-10-30 04:27:32 #1440 INFO] scenario_damage 100% [131 submitted, 0 queued]
[2020-10-30 04:27:32 #1440 INFO] Received {'aed': '1.87 GB', 'd_event': '896.71 MB', 'd_asset': '306.39 MB'} in 4748 seconds
[2020-10-30 04:27:43 #1440 INFO] Due to numeric errors the total number of assets is imprecise: {'expected': 295461.0, 'structural': 96315.55}
[2020-10-30 04:27:52 #1440 INFO] Exposing the outputs to the database
[2020-10-30 04:27:53 #1440 INFO] Stored 4.51 GB on /mnt/data/murray.journeay/oqdata/calc_1440.hdf5 in 7097 seconds
  id | name
7858 | Aggregate Event Damages
7856 | Average Asset Damages
7857 | Average Asset Damages Statistics
7864 | Earthquake Ruptures
7859 | Events
7860 | Full Report
7861 | Ground Motion Fields
7862 | Input Files
7863 | Realizations
