/home/ssm-user/src/oq-engine/openquake/hazardlib/gsim/base.py:347: ExperimentalWarning: CanadaSHM6_ActiveCrust_BooreEtAl2014 is experimental and may change in future versions - the user is liable for their application
  warnings.warn(msg, ExperimentalWarning)
/home/ssm-user/src/oq-engine/openquake/hazardlib/gsim/base.py:347: ExperimentalWarning: CanadaSHM6_ActiveCrust_AbrahamsonEtAl2014 is experimental and may change in future versions - the user is liable for their application
  warnings.warn(msg, ExperimentalWarning)
/home/ssm-user/src/oq-engine/openquake/hazardlib/gsim/base.py:347: ExperimentalWarning: CanadaSHM6_ActiveCrust_BooreEtAl2014 is experimental and may change in future versions - the user is liable for their application
  warnings.warn(msg, ExperimentalWarning)
/home/ssm-user/src/oq-engine/openquake/hazardlib/gsim/base.py:347: ExperimentalWarning: CanadaSHM6_ActiveCrust_CampbellBozorgnia2014 is experimental and may change in future versions - the user is liable for their application
  warnings.warn(msg, ExperimentalWarning)
/home/ssm-user/src/oq-engine/openquake/hazardlib/gsim/base.py:347: ExperimentalWarning: CanadaSHM6_ActiveCrust_ChiouYoungs2014 is experimental and may change in future versions - the user is liable for their application
  warnings.warn(msg, ExperimentalWarning)
[2021-11-16 12:30:17 #266 INFO] root running /mnt/storage/canada-srm2/eDamage/input/eDamage_b0_QC_J_NorthWestShoreMTL.ini [--hc=None]
[2021-11-16 12:30:17 #266 INFO] Using engine version 3.11.3-git29ac352f7d
[2021-11-16 12:30:17 #266 WARNING] Version v3.12.1 of the engine is available, but you are still using version 3.11.3-git29ac352f7d
[2021-11-16 12:30:17 #266 WARNING] Using 96 cores on ip-10-70-136-127
[2021-11-16 12:30:17 #266 INFO] Validated nationalModel.xml in 0.01 seconds
[2021-11-16 12:30:17 #266 INFO] Checksum of the input files: 514598877
[2021-11-16 12:30:17 #266 INFO] Reading the risk model if present
[2021-11-16 12:30:21 #266 INFO] Reading /mnt/storage/openquake-inputs/exposure/general-building-stock/oqBldgExp_QC_J_NorthWestShoreMTL.xml
[2021-11-16 12:30:30 #266 INFO] Extracting the hazard sites from the site model
[2021-11-16 12:30:34 #266 INFO] Associated 73321 assets to 7060 sites
[2021-11-16 12:30:39 #266 INFO] Reducing risk model from 4224 to 674 taxonomies
[2021-11-16 12:30:41 #266 INFO] minimum_asset_loss={'structural': 0}
[2021-11-16 12:30:41 #266 INFO] Considering 200 logic tree paths out of 24_576
[2021-11-16 12:30:41 #266 INFO] Reading the source model(s) in parallel
[2021-11-16 12:30:45 #266 INFO] read_source_model  16% [6 submitted, 0 queued]
[2021-11-16 12:30:45 #266 INFO] read_source_model  33% [6 submitted, 0 queued]
[2021-11-16 12:30:45 #266 INFO] read_source_model  50% [6 submitted, 0 queued]
[2021-11-16 12:30:45 #266 INFO] read_source_model  66% [6 submitted, 0 queued]
[2021-11-16 12:30:45 #266 INFO] read_source_model  83% [6 submitted, 0 queued]
[2021-11-16 12:30:45 #266 INFO] read_source_model 100% [6 submitted, 0 queued]
[2021-11-16 12:30:45 #266 INFO] Mean time per core=0s, std=0.0s, min=0s, max=0s
[2021-11-16 12:30:45 #266 INFO] Received {'/mnt/storage/CanadaSHM6/OpenQuake_model_files/sources/nationalModel/xml/simplifiedModel/WCan_HYeast_Harctic_simplified_collapsedRates.xml': '157.72 KB', '/mnt/storage/CanadaSHM6/OpenQuake_model_files/sources/nationalModel/xml/simplifiedModel/WCan_H2east_Harctic_simplified_collapsedRates.xml': '152.1 KB', '/mnt/storage/CanadaSHM6/OpenQuake_model_files/sources/nationalModel/xml/simplifiedModel/WCan_HYeast_Rarctic_simplified_collapsedRates.xml': '151.35 KB', '/mnt/storage/CanadaSHM6/OpenQuake_model_files/sources/nationalModel/xml/simplifiedModel/WCan_H2east_Rarctic_simplified_collapsedRates.xml': '145.73 KB', '/mnt/storage/CanadaSHM6/OpenQuake_model_files/sources/nationalModel/xml/simplifiedModel/WCan_R2east_Harctic_simplified_collapsedRates.xml': '137.01 KB', '/mnt/storage/CanadaSHM6/OpenQuake_model_files/sources/nationalModel/xml/simplifiedModel/WCan_R2east_Rarctic_simplified_collapsedRates.xml': '130.86 KB'} in 0 seconds
/home/ssm-user/src/oq-engine/openquake/hazardlib/gsim/base.py:347: ExperimentalWarning: CanadaSHM6_ActiveCrust_BooreEtAl2014 is experimental and may change in future versions - the user is liable for their application
  warnings.warn(msg, ExperimentalWarning)
/home/ssm-user/src/oq-engine/openquake/hazardlib/gsim/base.py:347: ExperimentalWarning: CanadaSHM6_ActiveCrust_BooreEtAl2014 is experimental and may change in future versions - the user is liable for their application
  warnings.warn(msg, ExperimentalWarning)
/home/ssm-user/src/oq-engine/openquake/hazardlib/gsim/base.py:347: ExperimentalWarning: CanadaSHM6_ActiveCrust_BooreEtAl2014 is experimental and may change in future versions - the user is liable for their application
  warnings.warn(msg, ExperimentalWarning)
/home/ssm-user/src/oq-engine/openquake/hazardlib/gsim/base.py:347: ExperimentalWarning: CanadaSHM6_ActiveCrust_BooreEtAl2014 is experimental and may change in future versions - the user is liable for their application
  warnings.warn(msg, ExperimentalWarning)
/home/ssm-user/src/oq-engine/openquake/hazardlib/gsim/base.py:347: ExperimentalWarning: CanadaSHM6_ActiveCrust_BooreEtAl2014 is experimental and may change in future versions - the user is liable for their application
  warnings.warn(msg, ExperimentalWarning)
/home/ssm-user/src/oq-engine/openquake/hazardlib/gsim/base.py:347: ExperimentalWarning: CanadaSHM6_ActiveCrust_BooreEtAl2014 is experimental and may change in future versions - the user is liable for their application
  warnings.warn(msg, ExperimentalWarning)
[2021-11-16 12:30:45 #266 INFO] There are multiple different sources with the same ID [<AreaSource SCCYA;0>, <AreaSource SCCYA;1>]
[2021-11-16 12:30:45 #266 INFO] There are 13 groups and 198 sources with len(et_ids)=3.87
[2021-11-16 12:30:45 #266 INFO] Checking the sources bounding box
[2021-11-16 12:30:45 #266 ERROR] source ACM: The buffer of 600 km is too large, the bounding box is larger than half the globe: 219 degrees
[2021-11-16 12:30:45 #266 INFO] Rupture floating factor = 1.6303030303030304
[2021-11-16 12:30:45 #266 INFO] Rupture spinning factor = 3.2181818181818183
[2021-11-16 12:30:45 #266 INFO] gzipping the input files
[2021-11-16 12:30:48 #266 INFO] Storing risk model
[2021-11-16 12:30:49 #266 INFO] minimum_intensity={'SA(0.3)': 0.02, 'SA(0.6)': 0.05, 'SA(1.0)': 0.05, 'SA(2.0)': 0.05}
[2021-11-16 12:30:49 #266 INFO] Building ruptures
[2021-11-16 12:32:24 #266 INFO] Sending <SourceGroup Subduction IntraSlab30, 1 source(s)>
[2021-11-16 12:32:24 #266 INFO] Sending <SourceGroup Subduction IntraSlab55, 4 source(s)>
[2021-11-16 12:32:24 #266 INFO] Sending <SourceGroup Subduction Interface, 14 source(s)>
[2021-11-16 12:32:24 #266 INFO] Sending <SourceGroup Stable Shallow Crust, 29 source(s)>
[2021-11-16 12:32:24 #266 INFO] Sending <SourceGroup Stable Shallow Crust, 4 source(s)>
[2021-11-16 12:32:24 #266 INFO] Sending <SourceGroup Stable Shallow Crust, 6 source(s)>
[2021-11-16 12:32:24 #266 INFO] Sending <SourceGroup Stable Shallow Crust, 18 source(s)>
[2021-11-16 12:32:24 #266 INFO] Sending <SourceGroup Stable Shallow Crust, 10 source(s)>
[2021-11-16 12:32:25 #266 INFO] Sending <SourceGroup Stable Shallow Crust, 38 source(s)>
[2021-11-16 12:32:25 #266 INFO] Sending <SourceGroup Stable Shallow Crust, 14 source(s)>
[2021-11-16 12:32:25 #266 INFO] Sending <SourceGroup Active Shallow Crust, 1 source(s)>
[2021-11-16 12:32:25 #266 INFO] Sending <SourceGroup Active Shallow Crust, 58 source(s)>
[2021-11-16 12:32:25 #266 INFO] Sending <SourceGroup Active Shallow Crust, 1 source(s)>
[2021-11-16 12:32:27 #266 INFO] Sent 96 tasks, 97.28 MB in 0 seconds
[2021-11-16 12:32:28 #266 INFO] sample_ruptures   1% [98 submitted, 5 queued]
[2021-11-16 12:32:28 #266 INFO] sample_ruptures   2% [99 submitted, 4 queued]
[2021-11-16 12:32:28 #266 INFO] sample_ruptures   3% [100 submitted, 3 queued]
[2021-11-16 12:32:29 #266 INFO] sample_ruptures   4% [101 submitted, 2 queued]
[2021-11-16 12:32:29 #266 INFO] sample_ruptures   5% [102 submitted, 1 queued]
[2021-11-16 12:32:29 #266 INFO] sample_ruptures   6% [103 submitted, 0 queued]
[2021-11-16 12:32:29 #266 INFO] sample_ruptures   7% [103 submitted, 0 queued]
[2021-11-16 12:32:29 #266 INFO] sample_ruptures   8% [103 submitted, 0 queued]
[2021-11-16 12:32:29 #266 INFO] sample_ruptures   9% [103 submitted, 0 queued]
[2021-11-16 12:32:29 #266 INFO] sample_ruptures  10% [103 submitted, 0 queued]
[2021-11-16 12:32:29 #266 INFO] sample_ruptures  11% [103 submitted, 0 queued]
[2021-11-16 12:32:29 #266 INFO] sample_ruptures  12% [103 submitted, 0 queued]
[2021-11-16 12:32:29 #266 INFO] sample_ruptures  13% [103 submitted, 0 queued]
[2021-11-16 12:32:29 #266 INFO] sample_ruptures  14% [103 submitted, 0 queued]
[2021-11-16 12:32:29 #266 INFO] sample_ruptures  15% [103 submitted, 0 queued]
[2021-11-16 12:32:29 #266 INFO] sample_ruptures  16% [103 submitted, 0 queued]
[2021-11-16 12:32:29 #266 INFO] sample_ruptures  17% [103 submitted, 0 queued]
[2021-11-16 12:32:29 #266 INFO] sample_ruptures  18% [103 submitted, 0 queued]
[2021-11-16 12:32:29 #266 INFO] sample_ruptures  19% [103 submitted, 0 queued]
[2021-11-16 12:32:29 #266 INFO] sample_ruptures  20% [103 submitted, 0 queued]
[2021-11-16 12:32:29 #266 INFO] sample_ruptures  21% [103 submitted, 0 queued]
[2021-11-16 12:32:29 #266 INFO] sample_ruptures  22% [103 submitted, 0 queued]
[2021-11-16 12:32:29 #266 INFO] sample_ruptures  23% [103 submitted, 0 queued]
[2021-11-16 12:32:29 #266 INFO] sample_ruptures  24% [103 submitted, 0 queued]
[2021-11-16 12:32:29 #266 INFO] sample_ruptures  25% [103 submitted, 0 queued]
[2021-11-16 12:32:29 #266 INFO] sample_ruptures  26% [103 submitted, 0 queued]
[2021-11-16 12:32:29 #266 INFO] sample_ruptures  27% [103 submitted, 0 queued]
[2021-11-16 12:32:29 #266 INFO] sample_ruptures  28% [103 submitted, 0 queued]
[2021-11-16 12:32:29 #266 INFO] sample_ruptures  29% [103 submitted, 0 queued]
[2021-11-16 12:32:29 #266 INFO] sample_ruptures  30% [103 submitted, 0 queued]
[2021-11-16 12:32:29 #266 INFO] sample_ruptures  31% [103 submitted, 0 queued]
[2021-11-16 12:32:29 #266 INFO] sample_ruptures  32% [103 submitted, 0 queued]
[2021-11-16 12:32:29 #266 INFO] sample_ruptures  33% [103 submitted, 0 queued]
[2021-11-16 12:32:30 #266 INFO] sample_ruptures  34% [103 submitted, 0 queued]
[2021-11-16 12:32:30 #266 INFO] sample_ruptures  35% [103 submitted, 0 queued]
[2021-11-16 12:32:30 #266 INFO] sample_ruptures  36% [103 submitted, 0 queued]
[2021-11-16 12:32:30 #266 INFO] sample_ruptures  37% [103 submitted, 0 queued]
[2021-11-16 12:32:30 #266 INFO] sample_ruptures  38% [103 submitted, 0 queued]
[2021-11-16 12:32:30 #266 INFO] sample_ruptures  39% [103 submitted, 0 queued]
[2021-11-16 12:32:30 #266 INFO] sample_ruptures  40% [103 submitted, 0 queued]
[2021-11-16 12:32:30 #266 INFO] sample_ruptures  41% [103 submitted, 0 queued]
[2021-11-16 12:32:30 #266 INFO] sample_ruptures  42% [103 submitted, 0 queued]
[2021-11-16 12:32:30 #266 INFO] sample_ruptures  43% [103 submitted, 0 queued]
[2021-11-16 12:32:30 #266 INFO] sample_ruptures  44% [103 submitted, 0 queued]
[2021-11-16 12:32:30 #266 INFO] sample_ruptures  45% [103 submitted, 0 queued]
[2021-11-16 12:32:30 #266 INFO] sample_ruptures  46% [103 submitted, 0 queued]
[2021-11-16 12:32:30 #266 INFO] sample_ruptures  47% [103 submitted, 0 queued]
[2021-11-16 12:32:30 #266 INFO] sample_ruptures  48% [103 submitted, 0 queued]
[2021-11-16 12:32:30 #266 INFO] sample_ruptures  49% [103 submitted, 0 queued]
[2021-11-16 12:32:30 #266 INFO] sample_ruptures  50% [103 submitted, 0 queued]
[2021-11-16 12:32:30 #266 INFO] sample_ruptures  51% [103 submitted, 0 queued]
[2021-11-16 12:32:30 #266 INFO] sample_ruptures  52% [103 submitted, 0 queued]
[2021-11-16 12:32:30 #266 INFO] sample_ruptures  53% [103 submitted, 0 queued]
[2021-11-16 12:32:30 #266 INFO] sample_ruptures  54% [103 submitted, 0 queued]
[2021-11-16 12:32:30 #266 INFO] sample_ruptures  55% [103 submitted, 0 queued]
[2021-11-16 12:32:30 #266 INFO] sample_ruptures  56% [103 submitted, 0 queued]
[2021-11-16 12:32:30 #266 INFO] sample_ruptures  57% [103 submitted, 0 queued]
[2021-11-16 12:32:30 #266 INFO] sample_ruptures  58% [103 submitted, 0 queued]
[2021-11-16 12:32:30 #266 INFO] sample_ruptures  59% [103 submitted, 0 queued]
[2021-11-16 12:32:30 #266 INFO] sample_ruptures  60% [103 submitted, 0 queued]
[2021-11-16 12:32:30 #266 INFO] sample_ruptures  61% [103 submitted, 0 queued]
[2021-11-16 12:32:30 #266 INFO] sample_ruptures  62% [103 submitted, 0 queued]
[2021-11-16 12:32:30 #266 INFO] sample_ruptures  63% [103 submitted, 0 queued]
[2021-11-16 12:32:30 #266 INFO] sample_ruptures  64% [103 submitted, 0 queued]
[2021-11-16 12:32:30 #266 INFO] sample_ruptures  65% [103 submitted, 0 queued]
[2021-11-16 12:32:30 #266 INFO] sample_ruptures  66% [103 submitted, 0 queued]
[2021-11-16 12:32:30 #266 INFO] sample_ruptures  67% [103 submitted, 0 queued]
[2021-11-16 12:32:49 #266 INFO] sample_ruptures  68% [103 submitted, 0 queued]
[2021-11-16 12:32:54 #266 INFO] sample_ruptures  69% [103 submitted, 0 queued]
[2021-11-16 12:32:57 #266 INFO] sample_ruptures  70% [103 submitted, 0 queued]
[2021-11-16 12:32:59 #266 INFO] sample_ruptures  71% [103 submitted, 0 queued]
[2021-11-16 12:33:01 #266 INFO] sample_ruptures  72% [103 submitted, 0 queued]
[2021-11-16 12:33:03 #266 INFO] sample_ruptures  73% [103 submitted, 0 queued]
[2021-11-16 12:33:04 #266 INFO] sample_ruptures  74% [103 submitted, 0 queued]
[2021-11-16 12:33:10 #266 INFO] sample_ruptures  75% [103 submitted, 0 queued]
[2021-11-16 12:33:10 #266 INFO] sample_ruptures  76% [103 submitted, 0 queued]
[2021-11-16 12:33:10 #266 INFO] sample_ruptures  77% [103 submitted, 0 queued]
[2021-11-16 12:33:12 #266 INFO] sample_ruptures  78% [103 submitted, 0 queued]
[2021-11-16 12:33:13 #266 INFO] sample_ruptures  79% [103 submitted, 0 queued]
[2021-11-16 12:33:14 #266 INFO] sample_ruptures  80% [103 submitted, 0 queued]
[2021-11-16 12:33:18 #266 INFO] sample_ruptures  81% [103 submitted, 0 queued]
[2021-11-16 12:33:18 #266 INFO] sample_ruptures  82% [103 submitted, 0 queued]
[2021-11-16 12:33:26 #266 INFO] sample_ruptures  83% [103 submitted, 0 queued]
[2021-11-16 12:33:26 #266 INFO] sample_ruptures  84% [103 submitted, 0 queued]
[2021-11-16 12:33:31 #266 INFO] sample_ruptures  85% [103 submitted, 0 queued]
[2021-11-16 12:33:31 #266 INFO] sample_ruptures  86% [103 submitted, 0 queued]
[2021-11-16 12:33:40 #266 INFO] sample_ruptures  87% [103 submitted, 0 queued]
[2021-11-16 12:33:56 #266 INFO] sample_ruptures  88% [103 submitted, 0 queued]
[2021-11-16 12:34:02 #266 INFO] sample_ruptures  89% [103 submitted, 0 queued]
[2021-11-16 12:34:29 #266 INFO] sample_ruptures  90% [103 submitted, 0 queued]
[2021-11-16 12:34:32 #266 INFO] sample_ruptures  91% [103 submitted, 0 queued]
[2021-11-16 12:34:34 #266 INFO] sample_ruptures  92% [103 submitted, 0 queued]
[2021-11-16 12:34:36 #266 INFO] sample_ruptures  93% [103 submitted, 0 queued]
[2021-11-16 12:34:55 #266 INFO] sample_ruptures  94% [103 submitted, 0 queued]
[2021-11-16 12:35:13 #266 INFO] sample_ruptures  95% [103 submitted, 0 queued]
[2021-11-16 12:35:19 #266 INFO] sample_ruptures  96% [103 submitted, 0 queued]
[2021-11-16 12:35:28 #266 INFO] sample_ruptures  97% [103 submitted, 0 queued]
[2021-11-16 12:35:29 #266 INFO] sample_ruptures  98% [103 submitted, 0 queued]
[2021-11-16 12:35:45 #266 INFO] sample_ruptures  99% [103 submitted, 0 queued]
[2021-11-16 12:36:49 #266 INFO] sample_ruptures 100% [103 submitted, 0 queued]
[2021-11-16 12:36:49 #266 INFO] Mean time per core=29s, std=54.4s, min=0s, max=260s
[2021-11-16 12:36:49 #266 INFO] Received {'rup_array': '194.04 MB', 'calc_times': '23.09 KB', 'eff_ruptures': '4.33 KB'} in 261 seconds
[2021-11-16 12:36:49 #266 INFO] There are 200 realization(s)
[2021-11-16 12:36:49 #266 INFO] Reordering the ruptures and storing the events
[2021-11-16 12:36:50 #266 INFO] Associating event_id -> rlz_id for 2_747_325 events and 932_829 ruptures
[2021-11-16 12:37:22 #266 INFO] Sent 194 tasks, 99.83 MB in 29 seconds
[2021-11-16 12:37:29 #266 INFO] Mean time per core=5s, std=2.2s, min=1s, max=12s
[2021-11-16 12:37:29 #266 INFO] Received {'tot': '26.25 MB'} in 6 seconds
[2021-11-16 12:37:43 #266 INFO] Reading 932_829 ruptures
[2021-11-16 12:38:09 #266 INFO] Sent 96 tasks, 121.44 MB in 3 seconds
[2021-11-16 12:59:22 #266 INFO] compute_gmfs   1% [98 submitted, 96 queued]
[2021-11-16 13:52:38 #266 INFO] compute_gmfs   2% [100 submitted, 94 queued]
[2021-11-16 13:58:24 #266 INFO] compute_gmfs   3% [102 submitted, 92 queued]
[2021-11-16 14:05:37 #266 INFO] compute_gmfs   4% [104 submitted, 90 queued]
[2021-11-16 14:11:09 #266 INFO] compute_gmfs   5% [106 submitted, 88 queued]
[2021-11-16 14:19:10 #266 INFO] compute_gmfs   6% [108 submitted, 86 queued]
[2021-11-16 14:20:07 #266 INFO] compute_gmfs   7% [110 submitted, 84 queued]
[2021-11-16 14:24:28 #266 INFO] compute_gmfs   8% [112 submitted, 82 queued]
[2021-11-16 14:26:35 #266 INFO] compute_gmfs   9% [114 submitted, 80 queued]
[2021-11-16 14:33:39 #266 INFO] compute_gmfs  10% [116 submitted, 78 queued]
[2021-11-16 14:35:53 #266 INFO] compute_gmfs  11% [118 submitted, 76 queued]
[2021-11-16 14:36:45 #266 INFO] compute_gmfs  12% [120 submitted, 74 queued]
[2021-11-16 14:38:52 #266 INFO] compute_gmfs  13% [122 submitted, 72 queued]
[2021-11-16 14:40:29 #266 INFO] compute_gmfs  14% [124 submitted, 70 queued]
[2021-11-16 14:42:42 #266 INFO] compute_gmfs  15% [126 submitted, 68 queued]
[2021-11-16 14:45:13 #266 INFO] compute_gmfs  16% [128 submitted, 66 queued]
[2021-11-16 14:45:34 #266 INFO] compute_gmfs  17% [129 submitted, 65 queued]
[2021-11-16 14:46:55 #266 INFO] compute_gmfs  18% [131 submitted, 63 queued]
[2021-11-16 14:53:02 #266 INFO] compute_gmfs  19% [133 submitted, 61 queued]
[2021-11-16 14:53:02 #266 INFO] compute_gmfs  20% [135 submitted, 59 queued]
[2021-11-16 14:54:16 #266 INFO] compute_gmfs  21% [137 submitted, 57 queued]
[2021-11-16 14:58:01 #266 INFO] compute_gmfs  22% [139 submitted, 55 queued]
[2021-11-16 14:58:01 #266 INFO] compute_gmfs  23% [141 submitted, 53 queued]
[2021-11-16 14:58:55 #266 INFO] compute_gmfs  24% [143 submitted, 51 queued]
[2021-11-16 14:58:55 #266 INFO] compute_gmfs  25% [145 submitted, 49 queued]
[2021-11-16 14:58:56 #266 INFO] compute_gmfs  26% [147 submitted, 47 queued]
[2021-11-16 14:58:56 #266 INFO] compute_gmfs  27% [149 submitted, 45 queued]
[2021-11-16 14:59:11 #266 INFO] compute_gmfs  28% [151 submitted, 43 queued]
[2021-11-16 15:10:12 #266 INFO] compute_gmfs  29% [153 submitted, 41 queued]
[2021-11-16 15:10:12 #266 INFO] compute_gmfs  30% [155 submitted, 39 queued]
[2021-11-16 15:10:12 #266 INFO] compute_gmfs  31% [157 submitted, 37 queued]
[2021-11-16 15:10:12 #266 INFO] compute_gmfs  32% [159 submitted, 35 queued]
[2021-11-16 15:10:12 #266 INFO] compute_gmfs  33% [161 submitted, 33 queued]
[2021-11-16 15:10:13 #266 INFO] compute_gmfs  34% [162 submitted, 32 queued]
[2021-11-16 15:10:13 #266 INFO] compute_gmfs  35% [164 submitted, 30 queued]
[2021-11-16 15:10:13 #266 INFO] compute_gmfs  36% [166 submitted, 28 queued]
[2021-11-16 15:10:13 #266 INFO] compute_gmfs  37% [168 submitted, 26 queued]
[2021-11-16 15:10:14 #266 INFO] compute_gmfs  38% [170 submitted, 24 queued]
[2021-11-16 15:10:14 #266 INFO] compute_gmfs  39% [172 submitted, 22 queued]
[2021-11-16 15:10:14 #266 INFO] compute_gmfs  40% [174 submitted, 20 queued]
[2021-11-16 15:10:14 #266 INFO] compute_gmfs  41% [176 submitted, 18 queued]
[2021-11-16 15:10:14 #266 INFO] compute_gmfs  42% [178 submitted, 16 queued]
[2021-11-16 15:10:15 #266 INFO] compute_gmfs  43% [180 submitted, 14 queued]
[2021-11-16 15:10:15 #266 INFO] compute_gmfs  44% [182 submitted, 12 queued]
[2021-11-16 15:10:15 #266 INFO] compute_gmfs  45% [184 submitted, 10 queued]
[2021-11-16 15:10:15 #266 INFO] compute_gmfs  46% [186 submitted, 8 queued]
[2021-11-16 15:10:16 #266 INFO] compute_gmfs  47% [188 submitted, 6 queued]
[2021-11-16 15:10:16 #266 INFO] compute_gmfs  48% [190 submitted, 4 queued]
[2021-11-16 15:10:16 #266 INFO] compute_gmfs  49% [192 submitted, 2 queued]
[2021-11-16 15:10:16 #266 INFO] compute_gmfs  50% [193 submitted, 1 queued]
[2021-11-16 15:14:35 #266 INFO] compute_gmfs  51% [194 submitted, 0 queued]
[2021-11-16 15:27:49 #266 INFO] compute_gmfs  52% [194 submitted, 0 queued]
[2021-11-16 15:30:44 #266 INFO] compute_gmfs  53% [194 submitted, 0 queued]
[2021-11-16 15:48:39 #266 INFO] compute_gmfs  54% [194 submitted, 0 queued]
[2021-11-16 15:51:15 #266 INFO] compute_gmfs  55% [194 submitted, 0 queued]
[2021-11-16 16:04:41 #266 INFO] compute_gmfs  56% [194 submitted, 0 queued]
[2021-11-16 16:06:36 #266 INFO] compute_gmfs  57% [194 submitted, 0 queued]
[2021-11-16 16:15:33 #266 INFO] compute_gmfs  58% [194 submitted, 0 queued]
[2021-11-16 16:18:59 #266 INFO] compute_gmfs  59% [194 submitted, 0 queued]
[2021-11-16 16:19:30 #266 INFO] compute_gmfs  60% [194 submitted, 0 queued]
[2021-11-16 16:20:51 #266 INFO] compute_gmfs  61% [194 submitted, 0 queued]
[2021-11-16 16:23:29 #266 INFO] compute_gmfs  62% [194 submitted, 0 queued]
[2021-11-16 16:31:00 #266 INFO] compute_gmfs  63% [194 submitted, 0 queued]
[2021-11-16 16:33:13 #266 INFO] compute_gmfs  64% [194 submitted, 0 queued]
[2021-11-16 16:34:37 #266 INFO] compute_gmfs  65% [194 submitted, 0 queued]
[2021-11-16 16:36:24 #266 INFO] compute_gmfs  66% [194 submitted, 0 queued]
[2021-11-16 16:37:07 #266 INFO] compute_gmfs  67% [194 submitted, 0 queued]
[2021-11-16 16:40:40 #266 INFO] compute_gmfs  68% [194 submitted, 0 queued]
[2021-11-16 16:41:34 #266 INFO] compute_gmfs  69% [194 submitted, 0 queued]
[2021-11-16 16:42:44 #266 INFO] compute_gmfs  70% [194 submitted, 0 queued]
[2021-11-16 16:43:21 #266 INFO] compute_gmfs  71% [194 submitted, 0 queued]
[2021-11-16 16:46:24 #266 INFO] compute_gmfs  72% [194 submitted, 0 queued]
[2021-11-16 16:48:25 #266 INFO] compute_gmfs  73% [194 submitted, 0 queued]
[2021-11-16 16:48:59 #266 INFO] compute_gmfs  74% [194 submitted, 0 queued]
[2021-11-16 16:49:39 #266 INFO] compute_gmfs  75% [194 submitted, 0 queued]
[2021-11-16 16:50:51 #266 INFO] compute_gmfs  76% [194 submitted, 0 queued]
[2021-11-16 16:51:59 #266 INFO] compute_gmfs  77% [194 submitted, 0 queued]
[2021-11-16 16:52:12 #266 INFO] compute_gmfs  78% [194 submitted, 0 queued]
[2021-11-16 16:53:12 #266 INFO] compute_gmfs  79% [194 submitted, 0 queued]
[2021-11-16 16:54:06 #266 INFO] compute_gmfs  80% [194 submitted, 0 queued]
[2021-11-16 16:54:22 #266 INFO] compute_gmfs  81% [194 submitted, 0 queued]
[2021-11-16 16:55:21 #266 INFO] compute_gmfs  82% [194 submitted, 0 queued]
[2021-11-16 16:55:56 #266 INFO] compute_gmfs  83% [194 submitted, 0 queued]
[2021-11-16 16:56:41 #266 INFO] compute_gmfs  84% [194 submitted, 0 queued]
[2021-11-16 16:57:46 #266 INFO] compute_gmfs  85% [194 submitted, 0 queued]
[2021-11-16 16:58:15 #266 INFO] compute_gmfs  86% [194 submitted, 0 queued]
[2021-11-16 17:00:25 #266 INFO] compute_gmfs  87% [194 submitted, 0 queued]
[2021-11-16 17:01:06 #266 INFO] compute_gmfs  88% [194 submitted, 0 queued]
[2021-11-16 17:02:46 #266 INFO] compute_gmfs  89% [194 submitted, 0 queued]
[2021-11-16 17:02:46 #266 INFO] compute_gmfs  90% [194 submitted, 0 queued]
[2021-11-16 17:05:07 #266 INFO] compute_gmfs  91% [194 submitted, 0 queued]
[2021-11-16 17:07:19 #266 INFO] compute_gmfs  92% [194 submitted, 0 queued]
[2021-11-16 17:07:44 #266 INFO] compute_gmfs  93% [194 submitted, 0 queued]
[2021-11-16 17:12:21 #266 INFO] compute_gmfs  94% [194 submitted, 0 queued]
[2021-11-16 17:13:42 #266 INFO] compute_gmfs  95% [194 submitted, 0 queued]
[2021-11-16 17:15:43 #266 INFO] compute_gmfs  96% [194 submitted, 0 queued]
[2021-11-16 17:17:25 #266 INFO] compute_gmfs  97% [194 submitted, 0 queued]
[2021-11-16 17:18:58 #266 INFO] compute_gmfs  98% [194 submitted, 0 queued]
[2021-11-16 17:19:25 #266 INFO] compute_gmfs  99% [194 submitted, 0 queued]
[2021-11-16 17:19:25 #266 INFO] compute_gmfs 100% [194 submitted, 0 queued]
[2021-11-16 17:19:25 #266 INFO] Mean time per core=14354s, std=1654.2s, min=9370s, max=16418s
[2021-11-16 17:19:25 #266 INFO] Received {'gmfdata': '87.44 GB', 'sig_eps': '77.83 MB', 'times': '10.57 MB', 'hcurves': '970 B'} in 16879 seconds
[2021-11-16 17:19:25 #266 INFO] Stored 54.74 GB of GMFs
[2021-11-16 17:19:25 #266 WARNING] There are more than 1 GB of GMFs, not computing avg_gmf
[2021-11-16 17:21:16 #266 INFO] Building risk inputs from 200 realization(s)
[2021-11-16 17:32:44 #266 INFO] Grouping the GMFs by site ID
[2021-11-16 17:45:11 #266 INFO] Built 7060 risk inputs
[2021-11-16 17:47:37 #266 INFO] Sent 199 tasks, 71.07 GB in 145 seconds
[2021-11-16 21:27:50 #266 INFO] scenario_damage   1% [199 submitted, 0 queued]
[2021-11-16 22:05:06 #266 INFO] scenario_damage   2% [199 submitted, 0 queued]
[2021-11-16 22:06:15 #266 INFO] scenario_damage   3% [199 submitted, 0 queued]
[2021-11-16 22:14:18 #266 INFO] scenario_damage   4% [199 submitted, 0 queued]
[2021-11-16 22:14:48 #266 INFO] scenario_damage   5% [199 submitted, 0 queued]
[2021-11-16 22:16:48 #266 INFO] scenario_damage   6% [199 submitted, 0 queued]
[2021-11-16 22:21:20 #266 INFO] scenario_damage   7% [199 submitted, 0 queued]
[2021-11-16 22:25:45 #266 INFO] scenario_damage   8% [199 submitted, 0 queued]
[2021-11-16 22:34:17 #266 INFO] scenario_damage   9% [199 submitted, 0 queued]
[2021-11-16 22:36:43 #266 INFO] scenario_damage  10% [199 submitted, 0 queued]
[2021-11-16 22:38:47 #266 INFO] scenario_damage  11% [199 submitted, 0 queued]
[2021-11-16 22:41:57 #266 INFO] scenario_damage  12% [199 submitted, 0 queued]
[2021-11-16 22:47:20 #266 INFO] scenario_damage  13% [199 submitted, 0 queued]
[2021-11-16 22:51:41 #266 INFO] scenario_damage  14% [199 submitted, 0 queued]
[2021-11-16 22:53:33 #266 INFO] scenario_damage  15% [199 submitted, 0 queued]
[2021-11-16 22:55:18 #266 INFO] scenario_damage  16% [199 submitted, 0 queued]
[2021-11-16 22:55:57 #266 INFO] scenario_damage  17% [199 submitted, 0 queued]
[2021-11-16 22:55:57 #266 INFO] scenario_damage  18% [199 submitted, 0 queued]
[2021-11-16 22:58:40 #266 INFO] scenario_damage  19% [199 submitted, 0 queued]
[2021-11-16 23:00:52 #266 INFO] scenario_damage  20% [199 submitted, 0 queued]
[2021-11-16 23:02:51 #266 INFO] scenario_damage  21% [199 submitted, 0 queued]
[2021-11-16 23:03:45 #266 INFO] scenario_damage  22% [199 submitted, 0 queued]
[2021-11-16 23:04:51 #266 INFO] scenario_damage  23% [199 submitted, 0 queued]
[2021-11-16 23:07:52 #266 INFO] scenario_damage  24% [199 submitted, 0 queued]
[2021-11-16 23:08:49 #266 INFO] scenario_damage  25% [199 submitted, 0 queued]
[2021-11-16 23:09:08 #266 INFO] scenario_damage  26% [199 submitted, 0 queued]
[2021-11-16 23:13:49 #266 INFO] scenario_damage  27% [199 submitted, 0 queued]
[2021-11-16 23:14:29 #266 INFO] scenario_damage  28% [199 submitted, 0 queued]
[2021-11-16 23:17:02 #266 INFO] scenario_damage  29% [199 submitted, 0 queued]
[2021-11-16 23:20:53 #266 INFO] scenario_damage  30% [199 submitted, 0 queued]
[2021-11-16 23:21:42 #266 INFO] scenario_damage  31% [199 submitted, 0 queued]
[2021-11-16 23:23:43 #266 INFO] scenario_damage  32% [199 submitted, 0 queued]
[2021-11-16 23:24:30 #266 INFO] scenario_damage  33% [199 submitted, 0 queued]
[2021-11-16 23:26:26 #266 INFO] scenario_damage  34% [199 submitted, 0 queued]
[2021-11-16 23:27:28 #266 INFO] scenario_damage  35% [199 submitted, 0 queued]
[2021-11-16 23:30:33 #266 INFO] scenario_damage  36% [199 submitted, 0 queued]
[2021-11-16 23:31:56 #266 INFO] scenario_damage  37% [199 submitted, 0 queued]
[2021-11-16 23:34:56 #266 INFO] scenario_damage  38% [199 submitted, 0 queued]
[2021-11-16 23:36:58 #266 INFO] scenario_damage  39% [199 submitted, 0 queued]
[2021-11-16 23:38:02 #266 INFO] scenario_damage  40% [199 submitted, 0 queued]
[2021-11-16 23:38:02 #266 INFO] scenario_damage  41% [199 submitted, 0 queued]
[2021-11-16 23:38:41 #266 INFO] scenario_damage  42% [199 submitted, 0 queued]
[2021-11-16 23:39:28 #266 INFO] scenario_damage  43% [199 submitted, 0 queued]
[2021-11-16 23:40:56 #266 INFO] scenario_damage  44% [199 submitted, 0 queued]
[2021-11-16 23:47:41 #266 INFO] scenario_damage  45% [199 submitted, 0 queued]
[2021-11-16 23:55:39 #266 INFO] scenario_damage  46% [199 submitted, 0 queued]
[2021-11-16 23:59:55 #266 INFO] scenario_damage  47% [199 submitted, 0 queued]
[2021-11-17 00:04:23 #266 INFO] scenario_damage  48% [199 submitted, 0 queued]
[2021-11-17 03:00:36 #266 INFO] scenario_damage  49% [199 submitted, 0 queued]
[2021-11-17 03:05:50 #266 INFO] scenario_damage  50% [199 submitted, 0 queued]
[2021-11-17 03:14:12 #266 INFO] scenario_damage  51% [199 submitted, 0 queued]
[2021-11-17 03:24:02 #266 INFO] scenario_damage  52% [199 submitted, 0 queued]
[2021-11-17 03:25:52 #266 INFO] scenario_damage  53% [199 submitted, 0 queued]
[2021-11-17 03:28:13 #266 INFO] scenario_damage  54% [199 submitted, 0 queued]
[2021-11-17 03:31:33 #266 INFO] scenario_damage  55% [199 submitted, 0 queued]
[2021-11-17 03:33:30 #266 INFO] scenario_damage  56% [199 submitted, 0 queued]
[2021-11-17 03:34:19 #266 INFO] scenario_damage  57% [199 submitted, 0 queued]
[2021-11-17 03:36:38 #266 INFO] scenario_damage  58% [199 submitted, 0 queued]
[2021-11-17 03:42:27 #266 INFO] scenario_damage  59% [199 submitted, 0 queued]
[2021-11-17 03:46:11 #266 INFO] scenario_damage  60% [199 submitted, 0 queued]
[2021-11-17 03:49:23 #266 INFO] scenario_damage  61% [199 submitted, 0 queued]
[2021-11-17 03:50:36 #266 INFO] scenario_damage  62% [199 submitted, 0 queued]
[2021-11-17 03:50:58 #266 INFO] scenario_damage  63% [199 submitted, 0 queued]
[2021-11-17 03:53:33 #266 INFO] scenario_damage  64% [199 submitted, 0 queued]
[2021-11-17 03:55:39 #266 INFO] scenario_damage  65% [199 submitted, 0 queued]
[2021-11-17 03:57:58 #266 INFO] scenario_damage  66% [199 submitted, 0 queued]
[2021-11-17 03:58:16 #266 INFO] scenario_damage  67% [199 submitted, 0 queued]
[2021-11-17 03:58:41 #266 INFO] scenario_damage  68% [199 submitted, 0 queued]
[2021-11-17 04:00:12 #266 INFO] scenario_damage  69% [199 submitted, 0 queued]
[2021-11-17 04:02:55 #266 INFO] scenario_damage  70% [199 submitted, 0 queued]
[2021-11-17 04:03:48 #266 INFO] scenario_damage  71% [199 submitted, 0 queued]
[2021-11-17 04:04:33 #266 INFO] scenario_damage  72% [199 submitted, 0 queued]
[2021-11-17 04:08:24 #266 INFO] scenario_damage  73% [199 submitted, 0 queued]
[2021-11-17 04:09:16 #266 INFO] scenario_damage  74% [199 submitted, 0 queued]
[2021-11-17 04:10:10 #266 INFO] scenario_damage  75% [199 submitted, 0 queued]
[2021-11-17 04:10:39 #266 INFO] scenario_damage  76% [199 submitted, 0 queued]
[2021-11-17 04:11:47 #266 INFO] scenario_damage  77% [199 submitted, 0 queued]
[2021-11-17 04:12:45 #266 INFO] scenario_damage  78% [199 submitted, 0 queued]
[2021-11-17 04:13:19 #266 INFO] scenario_damage  79% [199 submitted, 0 queued]
[2021-11-17 04:14:33 #266 INFO] scenario_damage  80% [199 submitted, 0 queued]
[2021-11-17 04:15:04 #266 INFO] scenario_damage  81% [199 submitted, 0 queued]
[2021-11-17 04:16:29 #266 INFO] scenario_damage  82% [199 submitted, 0 queued]
[2021-11-17 04:17:00 #266 INFO] scenario_damage  83% [199 submitted, 0 queued]
[2021-11-17 04:17:25 #266 INFO] scenario_damage  84% [199 submitted, 0 queued]
[2021-11-17 04:17:25 #266 INFO] scenario_damage  85% [199 submitted, 0 queued]
[2021-11-17 04:19:09 #266 INFO] scenario_damage  86% [199 submitted, 0 queued]
[2021-11-17 04:20:40 #266 INFO] scenario_damage  87% [199 submitted, 0 queued]
[2021-11-17 04:21:10 #266 INFO] scenario_damage  88% [199 submitted, 0 queued]
[2021-11-17 04:21:48 #266 INFO] scenario_damage  89% [199 submitted, 0 queued]
[2021-11-17 04:22:30 #266 INFO] scenario_damage  90% [199 submitted, 0 queued]
[2021-11-17 04:23:57 #266 INFO] scenario_damage  91% [199 submitted, 0 queued]
[2021-11-17 04:24:37 #266 INFO] scenario_damage  92% [199 submitted, 0 queued]
[2021-11-17 04:27:05 #266 INFO] scenario_damage  93% [199 submitted, 0 queued]
[2021-11-17 04:28:15 #266 INFO] scenario_damage  94% [199 submitted, 0 queued]
[2021-11-17 04:30:46 #266 INFO] scenario_damage  95% [199 submitted, 0 queued]
[2021-11-17 04:33:06 #266 INFO] scenario_damage  96% [199 submitted, 0 queued]
[2021-11-17 05:11:44 #266 INFO] scenario_damage  97% [199 submitted, 0 queued]
[2021-11-17 06:07:02 #266 INFO] scenario_damage  98% [199 submitted, 0 queued]
[2021-11-17 06:17:31 #266 INFO] scenario_damage  99% [199 submitted, 0 queued]
[2021-11-17 06:35:19 #266 INFO] scenario_damage 100% [199 submitted, 0 queued]
[2021-11-17 06:35:19 #266 INFO] Mean time per core=37540s, std=2086.5s, min=34684s, max=46134s
[2021-11-17 06:35:19 #266 INFO] Received {'aed': '19.36 GB', 'd_event': '3.73 GB', 'd_asset': '1.25 GB'} in 46062 seconds
[2021-11-17 06:35:19 #266 INFO] Saving 19.36 GB in dd_data (instead of 750.41 GB)
[2021-11-17 06:39:41 #266 INFO] Portfolio damage
==== ========== ========= =======
kind loss_type  dmg_state value  
==== ========== ========= =======
avg  structural no_damage 411_194
avg  structural slight    564    
avg  structural moderate  83     
avg  structural extensive 29     
avg  structural complete  41     
std  structural no_damage 7_362  
std  structural slight    5_146  
std  structural moderate  1_149  
std  structural extensive 481    
std  structural complete  833    
==== ========== ========= =======
[2021-11-17 06:39:41 #266 INFO] Due to rounding errors inherent in floating-point arithmetic, the total number of buildings is not exact: {'expected': 411913.0, 'structural': 32498.459}
[2021-11-17 06:39:56 #266 INFO] Exposing the outputs to the database
[2021-11-17 06:39:56 #266 INFO] Stored 37.02 GB on /root/oqdata/calc_266.hdf5 in 65378 seconds
/home/ssm-user/src/oq-engine/openquake/hazardlib/gsim/base.py:347: ExperimentalWarning: CanadaSHM6_ActiveCrust_BooreEtAl2014 is experimental and may change in future versions - the user is liable for their application
  warnings.warn(msg, ExperimentalWarning)
/home/ssm-user/src/oq-engine/openquake/hazardlib/gsim/base.py:347: ExperimentalWarning: CanadaSHM6_ActiveCrust_BooreEtAl2014 is experimental and may change in future versions - the user is liable for their application
  warnings.warn(msg, ExperimentalWarning)
/home/ssm-user/src/oq-engine/openquake/hazardlib/gsim/base.py:347: ExperimentalWarning: CanadaSHM6_ActiveCrust_BooreEtAl2014 is experimental and may change in future versions - the user is liable for their application
  warnings.warn(msg, ExperimentalWarning)
/home/ssm-user/src/oq-engine/openquake/hazardlib/gsim/base.py:347: ExperimentalWarning: CanadaSHM6_ActiveCrust_BooreEtAl2014 is experimental and may change in future versions - the user is liable for their application
  warnings.warn(msg, ExperimentalWarning)
/home/ssm-user/src/oq-engine/openquake/hazardlib/gsim/base.py:347: ExperimentalWarning: CanadaSHM6_ActiveCrust_BooreEtAl2014 is experimental and may change in future versions - the user is liable for their application
  warnings.warn(msg, ExperimentalWarning)
/home/ssm-user/src/oq-engine/openquake/hazardlib/gsim/base.py:347: ExperimentalWarning: CanadaSHM6_ActiveCrust_BooreEtAl2014 is experimental and may change in future versions - the user is liable for their application
  warnings.warn(msg, ExperimentalWarning)
/home/ssm-user/src/oq-engine/openquake/hazardlib/gsim/base.py:347: ExperimentalWarning: CanadaSHM6_ActiveCrust_BooreEtAl2014 is experimental and may change in future versions - the user is liable for their application
  warnings.warn(msg, ExperimentalWarning)
/home/ssm-user/src/oq-engine/openquake/hazardlib/gsim/base.py:347: ExperimentalWarning: CanadaSHM6_ActiveCrust_BooreEtAl2014 is experimental and may change in future versions - the user is liable for their application
  warnings.warn(msg, ExperimentalWarning)
/home/ssm-user/src/oq-engine/openquake/hazardlib/gsim/base.py:347: ExperimentalWarning: CanadaSHM6_ActiveCrust_BooreEtAl2014 is experimental and may change in future versions - the user is liable for their application
  warnings.warn(msg, ExperimentalWarning)
/home/ssm-user/src/oq-engine/openquake/hazardlib/gsim/base.py:347: ExperimentalWarning: CanadaSHM6_ActiveCrust_BooreEtAl2014 is experimental and may change in future versions - the user is liable for their application
  warnings.warn(msg, ExperimentalWarning)
/home/ssm-user/src/oq-engine/openquake/hazardlib/gsim/base.py:347: ExperimentalWarning: CanadaSHM6_ActiveCrust_BooreEtAl2014 is experimental and may change in future versions - the user is liable for their application
  warnings.warn(msg, ExperimentalWarning)
/home/ssm-user/src/oq-engine/openquake/hazardlib/gsim/base.py:347: ExperimentalWarning: CanadaSHM6_ActiveCrust_BooreEtAl2014 is experimental and may change in future versions - the user is liable for their application
  warnings.warn(msg, ExperimentalWarning)
/home/ssm-user/src/oq-engine/openquake/hazardlib/gsim/base.py:347: ExperimentalWarning: CanadaSHM6_ActiveCrust_BooreEtAl2014 is experimental and may change in future versions - the user is liable for their application
  warnings.warn(msg, ExperimentalWarning)
/home/ssm-user/src/oq-engine/openquake/hazardlib/gsim/base.py:347: ExperimentalWarning: CanadaSHM6_ActiveCrust_BooreEtAl2014 is experimental and may change in future versions - the user is liable for their application
  warnings.warn(msg, ExperimentalWarning)
/home/ssm-user/src/oq-engine/openquake/hazardlib/gsim/base.py:347: ExperimentalWarning: CanadaSHM6_ActiveCrust_BooreEtAl2014 is experimental and may change in future versions - the user is liable for their application
  warnings.warn(msg, ExperimentalWarning)
/home/ssm-user/src/oq-engine/openquake/hazardlib/gsim/base.py:347: ExperimentalWarning: CanadaSHM6_ActiveCrust_BooreEtAl2014 is experimental and may change in future versions - the user is liable for their application
  warnings.warn(msg, ExperimentalWarning)
/home/ssm-user/src/oq-engine/openquake/hazardlib/gsim/base.py:347: ExperimentalWarning: CanadaSHM6_ActiveCrust_BooreEtAl2014 is experimental and may change in future versions - the user is liable for their application
  warnings.warn(msg, ExperimentalWarning)
/home/ssm-user/src/oq-engine/openquake/hazardlib/gsim/base.py:347: ExperimentalWarning: CanadaSHM6_ActiveCrust_BooreEtAl2014 is experimental and may change in future versions - the user is liable for their application
  warnings.warn(msg, ExperimentalWarning)
/home/ssm-user/src/oq-engine/openquake/hazardlib/gsim/base.py:347: ExperimentalWarning: CanadaSHM6_ActiveCrust_BooreEtAl2014 is experimental and may change in future versions - the user is liable for their application
  warnings.warn(msg, ExperimentalWarning)
/home/ssm-user/src/oq-engine/openquake/hazardlib/gsim/base.py:347: ExperimentalWarning: CanadaSHM6_ActiveCrust_BooreEtAl2014 is experimental and may change in future versions - the user is liable for their application
  warnings.warn(msg, ExperimentalWarning)
/home/ssm-user/src/oq-engine/openquake/hazardlib/gsim/base.py:347: ExperimentalWarning: CanadaSHM6_ActiveCrust_BooreEtAl2014 is experimental and may change in future versions - the user is liable for their application
  warnings.warn(msg, ExperimentalWarning)
/home/ssm-user/src/oq-engine/openquake/hazardlib/gsim/base.py:347: ExperimentalWarning: CanadaSHM6_ActiveCrust_BooreEtAl2014 is experimental and may change in future versions - the user is liable for their application
  warnings.warn(msg, ExperimentalWarning)
/home/ssm-user/src/oq-engine/openquake/hazardlib/gsim/base.py:347: ExperimentalWarning: CanadaSHM6_ActiveCrust_BooreEtAl2014 is experimental and may change in future versions - the user is liable for their application
  warnings.warn(msg, ExperimentalWarning)
/home/ssm-user/src/oq-engine/openquake/hazardlib/gsim/base.py:347: ExperimentalWarning: CanadaSHM6_ActiveCrust_BooreEtAl2014 is experimental and may change in future versions - the user is liable for their application
  warnings.warn(msg, ExperimentalWarning)
/home/ssm-user/src/oq-engine/openquake/hazardlib/gsim/base.py:347: ExperimentalWarning: CanadaSHM6_ActiveCrust_BooreEtAl2014 is experimental and may change in future versions - the user is liable for their application
  warnings.warn(msg, ExperimentalWarning)
/home/ssm-user/src/oq-engine/openquake/hazardlib/gsim/base.py:347: ExperimentalWarning: CanadaSHM6_ActiveCrust_BooreEtAl2014 is experimental and may change in future versions - the user is liable for their application
  warnings.warn(msg, ExperimentalWarning)
/home/ssm-user/src/oq-engine/openquake/hazardlib/gsim/base.py:347: ExperimentalWarning: CanadaSHM6_ActiveCrust_BooreEtAl2014 is experimental and may change in future versions - the user is liable for their application
  warnings.warn(msg, ExperimentalWarning)
/home/ssm-user/src/oq-engine/openquake/hazardlib/gsim/base.py:347: ExperimentalWarning: CanadaSHM6_ActiveCrust_BooreEtAl2014 is experimental and may change in future versions - the user is liable for their application
  warnings.warn(msg, ExperimentalWarning)
/home/ssm-user/src/oq-engine/openquake/hazardlib/gsim/base.py:347: ExperimentalWarning: CanadaSHM6_ActiveCrust_BooreEtAl2014 is experimental and may change in future versions - the user is liable for their application
  warnings.warn(msg, ExperimentalWarning)
/home/ssm-user/src/oq-engine/openquake/hazardlib/gsim/base.py:347: ExperimentalWarning: CanadaSHM6_ActiveCrust_BooreEtAl2014 is experimental and may change in future versions - the user is liable for their application
  warnings.warn(msg, ExperimentalWarning)
/home/ssm-user/src/oq-engine/openquake/hazardlib/gsim/base.py:347: ExperimentalWarning: CanadaSHM6_ActiveCrust_BooreEtAl2014 is experimental and may change in future versions - the user is liable for their application
  warnings.warn(msg, ExperimentalWarning)
/home/ssm-user/src/oq-engine/openquake/hazardlib/gsim/base.py:347: ExperimentalWarning: CanadaSHM6_ActiveCrust_BooreEtAl2014 is experimental and may change in future versions - the user is liable for their application
  warnings.warn(msg, ExperimentalWarning)
/home/ssm-user/src/oq-engine/openquake/hazardlib/gsim/base.py:347: ExperimentalWarning: CanadaSHM6_ActiveCrust_BooreEtAl2014 is experimental and may change in future versions - the user is liable for their application
  warnings.warn(msg, ExperimentalWarning)
/home/ssm-user/src/oq-engine/openquake/hazardlib/gsim/base.py:347: ExperimentalWarning: CanadaSHM6_ActiveCrust_BooreEtAl2014 is experimental and may change in future versions - the user is liable for their application
  warnings.warn(msg, ExperimentalWarning)
/home/ssm-user/src/oq-engine/openquake/hazardlib/gsim/base.py:347: ExperimentalWarning: CanadaSHM6_ActiveCrust_BooreEtAl2014 is experimental and may change in future versions - the user is liable for their application
  warnings.warn(msg, ExperimentalWarning)
/home/ssm-user/src/oq-engine/openquake/hazardlib/gsim/base.py:347: ExperimentalWarning: CanadaSHM6_ActiveCrust_BooreEtAl2014 is experimental and may change in future versions - the user is liable for their application
  warnings.warn(msg, ExperimentalWarning)
/home/ssm-user/src/oq-engine/openquake/hazardlib/gsim/base.py:347: ExperimentalWarning: CanadaSHM6_ActiveCrust_BooreEtAl2014 is experimental and may change in future versions - the user is liable for their application
  warnings.warn(msg, ExperimentalWarning)
/home/ssm-user/src/oq-engine/openquake/hazardlib/gsim/base.py:347: ExperimentalWarning: CanadaSHM6_ActiveCrust_BooreEtAl2014 is experimental and may change in future versions - the user is liable for their application
  warnings.warn(msg, ExperimentalWarning)
/home/ssm-user/src/oq-engine/openquake/hazardlib/gsim/base.py:347: ExperimentalWarning: CanadaSHM6_ActiveCrust_BooreEtAl2014 is experimental and may change in future versions - the user is liable for their application
  warnings.warn(msg, ExperimentalWarning)
/home/ssm-user/src/oq-engine/openquake/hazardlib/gsim/base.py:347: ExperimentalWarning: CanadaSHM6_ActiveCrust_BooreEtAl2014 is experimental and may change in future versions - the user is liable for their application
  warnings.warn(msg, ExperimentalWarning)
/home/ssm-user/src/oq-engine/openquake/hazardlib/gsim/base.py:347: ExperimentalWarning: CanadaSHM6_ActiveCrust_BooreEtAl2014 is experimental and may change in future versions - the user is liable for their application
  warnings.warn(msg, ExperimentalWarning)
/home/ssm-user/src/oq-engine/openquake/hazardlib/gsim/base.py:347: ExperimentalWarning: CanadaSHM6_ActiveCrust_BooreEtAl2014 is experimental and may change in future versions - the user is liable for their application
  warnings.warn(msg, ExperimentalWarning)
/home/ssm-user/src/oq-engine/openquake/hazardlib/gsim/base.py:347: ExperimentalWarning: CanadaSHM6_ActiveCrust_BooreEtAl2014 is experimental and may change in future versions - the user is liable for their application
  warnings.warn(msg, ExperimentalWarning)
/home/ssm-user/src/oq-engine/openquake/hazardlib/gsim/base.py:347: ExperimentalWarning: CanadaSHM6_ActiveCrust_BooreEtAl2014 is experimental and may change in future versions - the user is liable for their application
  warnings.warn(msg, ExperimentalWarning)
/home/ssm-user/src/oq-engine/openquake/hazardlib/gsim/base.py:347: ExperimentalWarning: CanadaSHM6_ActiveCrust_BooreEtAl2014 is experimental and may change in future versions - the user is liable for their application
  warnings.warn(msg, ExperimentalWarning)
/home/ssm-user/src/oq-engine/openquake/hazardlib/gsim/base.py:347: ExperimentalWarning: CanadaSHM6_ActiveCrust_BooreEtAl2014 is experimental and may change in future versions - the user is liable for their application
  warnings.warn(msg, ExperimentalWarning)
/home/ssm-user/src/oq-engine/openquake/hazardlib/gsim/base.py:347: ExperimentalWarning: CanadaSHM6_ActiveCrust_BooreEtAl2014 is experimental and may change in future versions - the user is liable for their application
  warnings.warn(msg, ExperimentalWarning)
/home/ssm-user/src/oq-engine/openquake/hazardlib/gsim/base.py:347: ExperimentalWarning: CanadaSHM6_ActiveCrust_BooreEtAl2014 is experimental and may change in future versions - the user is liable for their application
  warnings.warn(msg, ExperimentalWarning)
/home/ssm-user/src/oq-engine/openquake/hazardlib/gsim/base.py:347: ExperimentalWarning: CanadaSHM6_ActiveCrust_BooreEtAl2014 is experimental and may change in future versions - the user is liable for their application
  warnings.warn(msg, ExperimentalWarning)
/home/ssm-user/src/oq-engine/openquake/hazardlib/gsim/base.py:347: ExperimentalWarning: CanadaSHM6_ActiveCrust_BooreEtAl2014 is experimental and may change in future versions - the user is liable for their application
  warnings.warn(msg, ExperimentalWarning)
/home/ssm-user/src/oq-engine/openquake/hazardlib/gsim/base.py:347: ExperimentalWarning: CanadaSHM6_ActiveCrust_BooreEtAl2014 is experimental and may change in future versions - the user is liable for their application
  warnings.warn(msg, ExperimentalWarning)
/home/ssm-user/src/oq-engine/openquake/hazardlib/gsim/base.py:347: ExperimentalWarning: CanadaSHM6_ActiveCrust_BooreEtAl2014 is experimental and may change in future versions - the user is liable for their application
  warnings.warn(msg, ExperimentalWarning)
/home/ssm-user/src/oq-engine/openquake/hazardlib/gsim/base.py:347: ExperimentalWarning: CanadaSHM6_ActiveCrust_BooreEtAl2014 is experimental and may change in future versions - the user is liable for their application
  warnings.warn(msg, ExperimentalWarning)
/home/ssm-user/src/oq-engine/openquake/hazardlib/gsim/base.py:347: ExperimentalWarning: CanadaSHM6_ActiveCrust_BooreEtAl2014 is experimental and may change in future versions - the user is liable for their application
  warnings.warn(msg, ExperimentalWarning)
/home/ssm-user/src/oq-engine/openquake/hazardlib/gsim/base.py:347: ExperimentalWarning: CanadaSHM6_ActiveCrust_BooreEtAl2014 is experimental and may change in future versions - the user is liable for their application
  warnings.warn(msg, ExperimentalWarning)
/home/ssm-user/src/oq-engine/openquake/hazardlib/gsim/base.py:347: ExperimentalWarning: CanadaSHM6_ActiveCrust_BooreEtAl2014 is experimental and may change in future versions - the user is liable for their application
  warnings.warn(msg, ExperimentalWarning)
/home/ssm-user/src/oq-engine/openquake/hazardlib/gsim/base.py:347: ExperimentalWarning: CanadaSHM6_ActiveCrust_BooreEtAl2014 is experimental and may change in future versions - the user is liable for their application
  warnings.warn(msg, ExperimentalWarning)
/home/ssm-user/src/oq-engine/openquake/hazardlib/gsim/base.py:347: ExperimentalWarning: CanadaSHM6_ActiveCrust_BooreEtAl2014 is experimental and may change in future versions - the user is liable for their application
  warnings.warn(msg, ExperimentalWarning)
/home/ssm-user/src/oq-engine/openquake/hazardlib/gsim/base.py:347: ExperimentalWarning: CanadaSHM6_ActiveCrust_BooreEtAl2014 is experimental and may change in future versions - the user is liable for their application
  warnings.warn(msg, ExperimentalWarning)
/home/ssm-user/src/oq-engine/openquake/hazardlib/gsim/base.py:347: ExperimentalWarning: CanadaSHM6_ActiveCrust_BooreEtAl2014 is experimental and may change in future versions - the user is liable for their application
  warnings.warn(msg, ExperimentalWarning)
/home/ssm-user/src/oq-engine/openquake/hazardlib/gsim/base.py:347: ExperimentalWarning: CanadaSHM6_ActiveCrust_BooreEtAl2014 is experimental and may change in future versions - the user is liable for their application
  warnings.warn(msg, ExperimentalWarning)
/home/ssm-user/src/oq-engine/openquake/hazardlib/gsim/base.py:347: ExperimentalWarning: CanadaSHM6_ActiveCrust_BooreEtAl2014 is experimental and may change in future versions - the user is liable for their application
  warnings.warn(msg, ExperimentalWarning)
/home/ssm-user/src/oq-engine/openquake/hazardlib/gsim/base.py:347: ExperimentalWarning: CanadaSHM6_ActiveCrust_BooreEtAl2014 is experimental and may change in future versions - the user is liable for their application
  warnings.warn(msg, ExperimentalWarning)
/home/ssm-user/src/oq-engine/openquake/hazardlib/gsim/base.py:347: ExperimentalWarning: CanadaSHM6_ActiveCrust_BooreEtAl2014 is experimental and may change in future versions - the user is liable for their application
  warnings.warn(msg, ExperimentalWarning)
/home/ssm-user/src/oq-engine/openquake/hazardlib/gsim/base.py:347: ExperimentalWarning: CanadaSHM6_ActiveCrust_BooreEtAl2014 is experimental and may change in future versions - the user is liable for their application
  warnings.warn(msg, ExperimentalWarning)
/home/ssm-user/src/oq-engine/openquake/hazardlib/gsim/base.py:347: ExperimentalWarning: CanadaSHM6_ActiveCrust_BooreEtAl2014 is experimental and may change in future versions - the user is liable for their application
  warnings.warn(msg, ExperimentalWarning)
/home/ssm-user/src/oq-engine/openquake/hazardlib/gsim/base.py:347: ExperimentalWarning: CanadaSHM6_ActiveCrust_BooreEtAl2014 is experimental and may change in future versions - the user is liable for their application
  warnings.warn(msg, ExperimentalWarning)
/home/ssm-user/src/oq-engine/openquake/hazardlib/gsim/base.py:347: ExperimentalWarning: CanadaSHM6_ActiveCrust_BooreEtAl2014 is experimental and may change in future versions - the user is liable for their application
  warnings.warn(msg, ExperimentalWarning)
/home/ssm-user/src/oq-engine/openquake/hazardlib/gsim/base.py:347: ExperimentalWarning: CanadaSHM6_ActiveCrust_BooreEtAl2014 is experimental and may change in future versions - the user is liable for their application
  warnings.warn(msg, ExperimentalWarning)
/home/ssm-user/src/oq-engine/openquake/hazardlib/gsim/base.py:347: ExperimentalWarning: CanadaSHM6_ActiveCrust_BooreEtAl2014 is experimental and may change in future versions - the user is liable for their application
  warnings.warn(msg, ExperimentalWarning)
/home/ssm-user/src/oq-engine/openquake/hazardlib/gsim/base.py:347: ExperimentalWarning: CanadaSHM6_ActiveCrust_BooreEtAl2014 is experimental and may change in future versions - the user is liable for their application
  warnings.warn(msg, ExperimentalWarning)
/home/ssm-user/src/oq-engine/openquake/hazardlib/gsim/base.py:347: ExperimentalWarning: CanadaSHM6_ActiveCrust_BooreEtAl2014 is experimental and may change in future versions - the user is liable for their application
  warnings.warn(msg, ExperimentalWarning)
/home/ssm-user/src/oq-engine/openquake/hazardlib/gsim/base.py:347: ExperimentalWarning: CanadaSHM6_ActiveCrust_BooreEtAl2014 is experimental and may change in future versions - the user is liable for their application
  warnings.warn(msg, ExperimentalWarning)
/home/ssm-user/src/oq-engine/openquake/hazardlib/gsim/base.py:347: ExperimentalWarning: CanadaSHM6_ActiveCrust_BooreEtAl2014 is experimental and may change in future versions - the user is liable for their application
  warnings.warn(msg, ExperimentalWarning)
/home/ssm-user/src/oq-engine/openquake/hazardlib/gsim/base.py:347: ExperimentalWarning: CanadaSHM6_ActiveCrust_BooreEtAl2014 is experimental and may change in future versions - the user is liable for their application
  warnings.warn(msg, ExperimentalWarning)
/home/ssm-user/src/oq-engine/openquake/hazardlib/gsim/base.py:347: ExperimentalWarning: CanadaSHM6_ActiveCrust_BooreEtAl2014 is experimental and may change in future versions - the user is liable for their application
  warnings.warn(msg, ExperimentalWarning)
/home/ssm-user/src/oq-engine/openquake/hazardlib/gsim/base.py:347: ExperimentalWarning: CanadaSHM6_ActiveCrust_BooreEtAl2014 is experimental and may change in future versions - the user is liable for their application
  warnings.warn(msg, ExperimentalWarning)
/home/ssm-user/src/oq-engine/openquake/hazardlib/gsim/base.py:347: ExperimentalWarning: CanadaSHM6_ActiveCrust_BooreEtAl2014 is experimental and may change in future versions - the user is liable for their application
  warnings.warn(msg, ExperimentalWarning)
/home/ssm-user/src/oq-engine/openquake/hazardlib/gsim/base.py:347: ExperimentalWarning: CanadaSHM6_ActiveCrust_BooreEtAl2014 is experimental and may change in future versions - the user is liable for their application
  warnings.warn(msg, ExperimentalWarning)
/home/ssm-user/src/oq-engine/openquake/hazardlib/gsim/base.py:347: ExperimentalWarning: CanadaSHM6_ActiveCrust_BooreEtAl2014 is experimental and may change in future versions - the user is liable for their application
  warnings.warn(msg, ExperimentalWarning)
/home/ssm-user/src/oq-engine/openquake/hazardlib/gsim/base.py:347: ExperimentalWarning: CanadaSHM6_ActiveCrust_BooreEtAl2014 is experimental and may change in future versions - the user is liable for their application
  warnings.warn(msg, ExperimentalWarning)
/home/ssm-user/src/oq-engine/openquake/hazardlib/gsim/base.py:347: ExperimentalWarning: CanadaSHM6_ActiveCrust_BooreEtAl2014 is experimental and may change in future versions - the user is liable for their application
  warnings.warn(msg, ExperimentalWarning)
/home/ssm-user/src/oq-engine/openquake/hazardlib/gsim/base.py:347: ExperimentalWarning: CanadaSHM6_ActiveCrust_BooreEtAl2014 is experimental and may change in future versions - the user is liable for their application
  warnings.warn(msg, ExperimentalWarning)
/home/ssm-user/src/oq-engine/openquake/hazardlib/gsim/base.py:347: ExperimentalWarning: CanadaSHM6_ActiveCrust_BooreEtAl2014 is experimental and may change in future versions - the user is liable for their application
  warnings.warn(msg, ExperimentalWarning)
/home/ssm-user/src/oq-engine/openquake/hazardlib/gsim/base.py:347: ExperimentalWarning: CanadaSHM6_ActiveCrust_BooreEtAl2014 is experimental and may change in future versions - the user is liable for their application
  warnings.warn(msg, ExperimentalWarning)
/home/ssm-user/src/oq-engine/openquake/hazardlib/gsim/base.py:347: ExperimentalWarning: CanadaSHM6_ActiveCrust_BooreEtAl2014 is experimental and may change in future versions - the user is liable for their application
  warnings.warn(msg, ExperimentalWarning)
/home/ssm-user/src/oq-engine/openquake/hazardlib/gsim/base.py:347: ExperimentalWarning: CanadaSHM6_ActiveCrust_BooreEtAl2014 is experimental and may change in future versions - the user is liable for their application
  warnings.warn(msg, ExperimentalWarning)
/home/ssm-user/src/oq-engine/openquake/hazardlib/gsim/base.py:347: ExperimentalWarning: CanadaSHM6_ActiveCrust_BooreEtAl2014 is experimental and may change in future versions - the user is liable for their application
  warnings.warn(msg, ExperimentalWarning)
/home/ssm-user/src/oq-engine/openquake/hazardlib/gsim/base.py:347: ExperimentalWarning: CanadaSHM6_ActiveCrust_BooreEtAl2014 is experimental and may change in future versions - the user is liable for their application
  warnings.warn(msg, ExperimentalWarning)
/home/ssm-user/src/oq-engine/openquake/hazardlib/gsim/base.py:347: ExperimentalWarning: CanadaSHM6_ActiveCrust_BooreEtAl2014 is experimental and may change in future versions - the user is liable for their application
  warnings.warn(msg, ExperimentalWarning)
/home/ssm-user/src/oq-engine/openquake/hazardlib/gsim/base.py:347: ExperimentalWarning: CanadaSHM6_ActiveCrust_BooreEtAl2014 is experimental and may change in future versions - the user is liable for their application
  warnings.warn(msg, ExperimentalWarning)
/home/ssm-user/src/oq-engine/openquake/hazardlib/gsim/base.py:347: ExperimentalWarning: CanadaSHM6_ActiveCrust_BooreEtAl2014 is experimental and may change in future versions - the user is liable for their application
  warnings.warn(msg, ExperimentalWarning)
/home/ssm-user/src/oq-engine/openquake/hazardlib/gsim/base.py:347: ExperimentalWarning: CanadaSHM6_ActiveCrust_BooreEtAl2014 is experimental and may change in future versions - the user is liable for their application
  warnings.warn(msg, ExperimentalWarning)
/home/ssm-user/src/oq-engine/openquake/hazardlib/gsim/base.py:347: ExperimentalWarning: CanadaSHM6_ActiveCrust_BooreEtAl2014 is experimental and may change in future versions - the user is liable for their application
  warnings.warn(msg, ExperimentalWarning)
/home/ssm-user/src/oq-engine/openquake/hazardlib/gsim/base.py:347: ExperimentalWarning: CanadaSHM6_ActiveCrust_BooreEtAl2014 is experimental and may change in future versions - the user is liable for their application
  warnings.warn(msg, ExperimentalWarning)
/home/ssm-user/src/oq-engine/openquake/hazardlib/gsim/base.py:347: ExperimentalWarning: CanadaSHM6_ActiveCrust_BooreEtAl2014 is experimental and may change in future versions - the user is liable for their application
  warnings.warn(msg, ExperimentalWarning)
[2021-11-17 06:39:58 #267 INFO] root running /mnt/storage/canada-srm2/eDamage/input/eDamage_r1_QC_J_NorthWestShoreMTL.ini [--hc=266]
[2021-11-17 06:39:58 #267 INFO] Using engine version 3.11.3-git29ac352f7d
[2021-11-17 06:39:58 #267 WARNING] Version v3.12.1 of the engine is available, but you are still using version 3.11.3-git29ac352f7d
[2021-11-17 06:39:58 #267 WARNING] Using 96 cores on ip-10-70-136-127
[2021-11-17 06:39:58 #267 INFO] Validated nationalModel.xml in 0.01 seconds
[2021-11-17 06:39:59 #267 INFO] Checksum of the input files: 514598877
[2021-11-17 06:39:59 #267 INFO] Reading the risk model if present
[2021-11-17 06:40:02 #267 INFO] Reading /mnt/storage/openquake-inputs/exposure/general-building-stock/oqBldgExp_QC_J_NorthWestShoreMTL.xml
[2021-11-17 06:40:13 #267 INFO] Associated 73321 assets to 7060 sites
[2021-11-17 06:40:18 #267 INFO] Reducing risk model from 4224 to 310 taxonomies
[2021-11-17 06:40:20 #267 INFO] minimum_asset_loss={'structural': 0}
[2021-11-17 06:40:20 #267 INFO] Storing risk model
[2021-11-17 06:40:21 #267 INFO] Building risk inputs from 200 realization(s)
[2021-11-17 06:51:55 #267 INFO] Grouping the GMFs by site ID
[2021-11-17 07:03:35 #267 INFO] Built 7060 risk inputs
  id | name
2008 | Aggregate Event Damages
2006 | Asset Damage Distributions
2007 | Asset Damage Statistics
2014 | Earthquake Ruptures
2009 | Events
2010 | Full Report
2011 | Ground Motion Fields
2012 | Input Files
2013 | Realizations
[2021-11-17 07:06:30 #267 INFO] Sent 199 tasks, 71.07 GB in 149 seconds
[2021-11-17 10:48:53 #267 INFO] scenario_damage   1% [199 submitted, 0 queued]
[2021-11-17 11:21:41 #267 INFO] scenario_damage   2% [199 submitted, 0 queued]
[2021-11-17 11:27:32 #267 INFO] scenario_damage   3% [199 submitted, 0 queued]
[2021-11-17 11:30:07 #267 INFO] scenario_damage   4% [199 submitted, 0 queued]
[2021-11-17 11:32:37 #267 INFO] scenario_damage   5% [199 submitted, 0 queued]
[2021-11-17 11:35:53 #267 INFO] scenario_damage   6% [199 submitted, 0 queued]
[2021-11-17 11:38:34 #267 INFO] scenario_damage   7% [199 submitted, 0 queued]
[2021-11-17 11:43:09 #267 INFO] scenario_damage   8% [199 submitted, 0 queued]
[2021-11-17 11:50:46 #267 INFO] scenario_damage   9% [199 submitted, 0 queued]
[2021-11-17 11:51:48 #267 INFO] scenario_damage  10% [199 submitted, 0 queued]
[2021-11-17 11:55:37 #267 INFO] scenario_damage  11% [199 submitted, 0 queued]
[2021-11-17 12:00:29 #267 INFO] scenario_damage  12% [199 submitted, 0 queued]
[2021-11-17 12:02:07 #267 INFO] scenario_damage  13% [199 submitted, 0 queued]
[2021-11-17 12:07:04 #267 INFO] scenario_damage  14% [199 submitted, 0 queued]
[2021-11-17 12:08:28 #267 INFO] scenario_damage  15% [199 submitted, 0 queued]
[2021-11-17 12:13:53 #267 INFO] scenario_damage  16% [199 submitted, 0 queued]
[2021-11-17 12:15:41 #267 INFO] scenario_damage  17% [199 submitted, 0 queued]
[2021-11-17 12:16:38 #267 INFO] scenario_damage  18% [199 submitted, 0 queued]
[2021-11-17 12:18:06 #267 INFO] scenario_damage  19% [199 submitted, 0 queued]
[2021-11-17 12:18:23 #267 INFO] scenario_damage  20% [199 submitted, 0 queued]
[2021-11-17 12:20:12 #267 INFO] scenario_damage  21% [199 submitted, 0 queued]
[2021-11-17 12:21:18 #267 INFO] scenario_damage  22% [199 submitted, 0 queued]
[2021-11-17 12:22:05 #267 INFO] scenario_damage  23% [199 submitted, 0 queued]
[2021-11-17 12:26:53 #267 INFO] scenario_damage  24% [199 submitted, 0 queued]
[2021-11-17 12:27:29 #267 INFO] scenario_damage  25% [199 submitted, 0 queued]
[2021-11-17 12:27:29 #267 INFO] scenario_damage  26% [199 submitted, 0 queued]
[2021-11-17 12:29:18 #267 INFO] scenario_damage  27% [199 submitted, 0 queued]
[2021-11-17 12:30:11 #267 INFO] scenario_damage  28% [199 submitted, 0 queued]
[2021-11-17 12:34:04 #267 INFO] scenario_damage  29% [199 submitted, 0 queued]
[2021-11-17 12:34:48 #267 INFO] scenario_damage  30% [199 submitted, 0 queued]
[2021-11-17 12:36:33 #267 INFO] scenario_damage  31% [199 submitted, 0 queued]
[2021-11-17 12:39:06 #267 INFO] scenario_damage  32% [199 submitted, 0 queued]
[2021-11-17 12:42:37 #267 INFO] scenario_damage  33% [199 submitted, 0 queued]
[2021-11-17 12:45:44 #267 INFO] scenario_damage  34% [199 submitted, 0 queued]
[2021-11-17 12:46:12 #267 INFO] scenario_damage  35% [199 submitted, 0 queued]
[2021-11-17 12:47:22 #267 INFO] scenario_damage  36% [199 submitted, 0 queued]
[2021-11-17 12:49:26 #267 INFO] scenario_damage  37% [199 submitted, 0 queued]
[2021-11-17 12:50:43 #267 INFO] scenario_damage  38% [199 submitted, 0 queued]
[2021-11-17 12:52:54 #267 INFO] scenario_damage  39% [199 submitted, 0 queued]
[2021-11-17 12:52:54 #267 INFO] scenario_damage  40% [199 submitted, 0 queued]
[2021-11-17 12:54:27 #267 INFO] scenario_damage  41% [199 submitted, 0 queued]
[2021-11-17 12:55:34 #267 INFO] scenario_damage  42% [199 submitted, 0 queued]
[2021-11-17 12:57:22 #267 INFO] scenario_damage  43% [199 submitted, 0 queued]
[2021-11-17 13:01:00 #267 INFO] scenario_damage  44% [199 submitted, 0 queued]
[2021-11-17 13:08:23 #267 INFO] scenario_damage  45% [199 submitted, 0 queued]
[2021-11-17 13:10:33 #267 INFO] scenario_damage  46% [199 submitted, 0 queued]
[2021-11-17 13:13:40 #267 INFO] scenario_damage  47% [199 submitted, 0 queued]
[2021-11-17 13:27:09 #267 INFO] scenario_damage  48% [199 submitted, 0 queued]
[2021-11-17 16:20:49 #267 INFO] scenario_damage  49% [199 submitted, 0 queued]
[2021-11-17 16:24:17 #267 INFO] scenario_damage  50% [199 submitted, 0 queued]
[2021-11-17 16:30:46 #267 INFO] scenario_damage  51% [199 submitted, 0 queued]
[2021-11-17 16:38:59 #267 INFO] scenario_damage  52% [199 submitted, 0 queued]
[2021-11-17 16:42:23 #267 INFO] scenario_damage  53% [199 submitted, 0 queued]
[2021-11-17 16:45:43 #267 INFO] scenario_damage  54% [199 submitted, 0 queued]
[2021-11-17 16:49:17 #267 INFO] scenario_damage  55% [199 submitted, 0 queued]
[2021-11-17 16:51:19 #267 INFO] scenario_damage  56% [199 submitted, 0 queued]
[2021-11-17 16:54:49 #267 INFO] scenario_damage  57% [199 submitted, 0 queued]
[2021-11-17 16:57:04 #267 INFO] scenario_damage  58% [199 submitted, 0 queued]
[2021-11-17 16:57:32 #267 INFO] scenario_damage  59% [199 submitted, 0 queued]
[2021-11-17 16:58:41 #267 INFO] scenario_damage  60% [199 submitted, 0 queued]
[2021-11-17 17:02:41 #267 INFO] scenario_damage  61% [199 submitted, 0 queued]
[2021-11-17 17:06:04 #267 INFO] scenario_damage  62% [199 submitted, 0 queued]
[2021-11-17 17:08:46 #267 INFO] scenario_damage  63% [199 submitted, 0 queued]
[2021-11-17 17:09:13 #267 INFO] scenario_damage  64% [199 submitted, 0 queued]
[2021-11-17 17:09:41 #267 INFO] scenario_damage  65% [199 submitted, 0 queued]
[2021-11-17 17:11:32 #267 INFO] scenario_damage  66% [199 submitted, 0 queued]
[2021-11-17 17:13:20 #267 INFO] scenario_damage  67% [199 submitted, 0 queued]
[2021-11-17 17:16:05 #267 INFO] scenario_damage  68% [199 submitted, 0 queued]
[2021-11-17 17:17:12 #267 INFO] scenario_damage  69% [199 submitted, 0 queued]
[2021-11-17 17:19:31 #267 INFO] scenario_damage  70% [199 submitted, 0 queued]
[2021-11-17 17:19:46 #267 INFO] scenario_damage  71% [199 submitted, 0 queued]
[2021-11-17 17:21:05 #267 INFO] scenario_damage  72% [199 submitted, 0 queued]
[2021-11-17 17:21:56 #267 INFO] scenario_damage  73% [199 submitted, 0 queued]
[2021-11-17 17:23:34 #267 INFO] scenario_damage  74% [199 submitted, 0 queued]
[2021-11-17 17:24:39 #267 INFO] scenario_damage  75% [199 submitted, 0 queued]
[2021-11-17 17:26:01 #267 INFO] scenario_damage  76% [199 submitted, 0 queued]
[2021-11-17 17:26:11 #267 INFO] scenario_damage  77% [199 submitted, 0 queued]
[2021-11-17 17:28:30 #267 INFO] scenario_damage  78% [199 submitted, 0 queued]
[2021-11-17 17:30:12 #267 INFO] scenario_damage  79% [199 submitted, 0 queued]
[2021-11-17 17:31:13 #267 INFO] scenario_damage  80% [199 submitted, 0 queued]
[2021-11-17 17:31:45 #267 INFO] scenario_damage  81% [199 submitted, 0 queued]
[2021-11-17 17:33:07 #267 INFO] scenario_damage  82% [199 submitted, 0 queued]
[2021-11-17 17:34:23 #267 INFO] scenario_damage  83% [199 submitted, 0 queued]
[2021-11-17 17:35:12 #267 INFO] scenario_damage  84% [199 submitted, 0 queued]
[2021-11-17 17:35:48 #267 INFO] scenario_damage  85% [199 submitted, 0 queued]
[2021-11-17 17:36:29 #267 INFO] scenario_damage  86% [199 submitted, 0 queued]
[2021-11-17 17:36:54 #267 INFO] scenario_damage  87% [199 submitted, 0 queued]
[2021-11-17 17:38:07 #267 INFO] scenario_damage  88% [199 submitted, 0 queued]
[2021-11-17 17:38:49 #267 INFO] scenario_damage  89% [199 submitted, 0 queued]
[2021-11-17 17:39:33 #267 INFO] scenario_damage  90% [199 submitted, 0 queued]
[2021-11-17 17:40:17 #267 INFO] scenario_damage  91% [199 submitted, 0 queued]
[2021-11-17 17:42:10 #267 INFO] scenario_damage  92% [199 submitted, 0 queued]
[2021-11-17 17:44:06 #267 INFO] scenario_damage  93% [199 submitted, 0 queued]
[2021-11-17 17:44:47 #267 INFO] scenario_damage  94% [199 submitted, 0 queued]
[2021-11-17 17:47:33 #267 INFO] scenario_damage  95% [199 submitted, 0 queued]
[2021-11-17 17:49:21 #267 INFO] scenario_damage  96% [199 submitted, 0 queued]
[2021-11-17 18:52:01 #267 INFO] scenario_damage  97% [199 submitted, 0 queued]
[2021-11-17 19:26:10 #267 INFO] scenario_damage  98% [199 submitted, 0 queued]
[2021-11-17 19:30:32 #267 INFO] scenario_damage  99% [199 submitted, 0 queued]
[2021-11-17 19:43:54 #267 INFO] scenario_damage 100% [199 submitted, 0 queued]
[2021-11-17 19:43:54 #267 INFO] Mean time per core=37418s, std=2108.4s, min=34467s, max=45526s
[2021-11-17 19:43:54 #267 INFO] Received {'aed': '13.56 GB', 'd_event': '2.63 GB', 'd_asset': '1.25 GB'} in 45444 seconds
[2021-11-17 19:43:55 #267 INFO] Saving 13.56 GB in dd_data (instead of 750.41 GB)
[2021-11-17 19:48:20 #267 INFO] Portfolio damage
==== ========== ========= =======
kind loss_type  dmg_state value  
==== ========== ========= =======
avg  structural no_damage 411_309
avg  structural slight    497    
avg  structural moderate  63     
avg  structural extensive 20     
avg  structural complete  22     
std  structural no_damage 6_882  
std  structural slight    5_073  
std  structural moderate  1_073  
std  structural extensive 431    
std  structural complete  589    
==== ========== ========= =======
[2021-11-17 19:48:20 #267 INFO] Due to rounding errors inherent in floating-point arithmetic, the total number of buildings is not exact: {'expected': 411913.0, 'structural': 32496.459}
[2021-11-17 19:48:40 #267 INFO] Exposing the outputs to the database
[2021-11-17 19:48:40 #267 INFO] Stored 2.07 GB on /root/oqdata/calc_267.hdf5 in 47321 seconds
/home/ssm-user/src/oq-engine/openquake/hazardlib/gsim/base.py:347: ExperimentalWarning: CanadaSHM6_ActiveCrust_BooreEtAl2014 is experimental and may change in future versions - the user is liable for their application
  warnings.warn(msg, ExperimentalWarning)
/home/ssm-user/src/oq-engine/openquake/hazardlib/gsim/base.py:347: ExperimentalWarning: CanadaSHM6_ActiveCrust_BooreEtAl2014 is experimental and may change in future versions - the user is liable for their application
  warnings.warn(msg, ExperimentalWarning)
/home/ssm-user/src/oq-engine/openquake/hazardlib/gsim/base.py:347: ExperimentalWarning: CanadaSHM6_ActiveCrust_BooreEtAl2014 is experimental and may change in future versions - the user is liable for their application
  warnings.warn(msg, ExperimentalWarning)
/home/ssm-user/src/oq-engine/openquake/hazardlib/gsim/base.py:347: ExperimentalWarning: CanadaSHM6_ActiveCrust_BooreEtAl2014 is experimental and may change in future versions - the user is liable for their application
  warnings.warn(msg, ExperimentalWarning)
/home/ssm-user/src/oq-engine/openquake/hazardlib/gsim/base.py:347: ExperimentalWarning: CanadaSHM6_ActiveCrust_BooreEtAl2014 is experimental and may change in future versions - the user is liable for their application
  warnings.warn(msg, ExperimentalWarning)
/home/ssm-user/src/oq-engine/openquake/hazardlib/gsim/base.py:347: ExperimentalWarning: CanadaSHM6_ActiveCrust_BooreEtAl2014 is experimental and may change in future versions - the user is liable for their application
  warnings.warn(msg, ExperimentalWarning)
/home/ssm-user/src/oq-engine/openquake/hazardlib/gsim/base.py:347: ExperimentalWarning: CanadaSHM6_ActiveCrust_BooreEtAl2014 is experimental and may change in future versions - the user is liable for their application
  warnings.warn(msg, ExperimentalWarning)
/home/ssm-user/src/oq-engine/openquake/hazardlib/gsim/base.py:347: ExperimentalWarning: CanadaSHM6_ActiveCrust_BooreEtAl2014 is experimental and may change in future versions - the user is liable for their application
  warnings.warn(msg, ExperimentalWarning)
/home/ssm-user/src/oq-engine/openquake/hazardlib/gsim/base.py:347: ExperimentalWarning: CanadaSHM6_ActiveCrust_BooreEtAl2014 is experimental and may change in future versions - the user is liable for their application
  warnings.warn(msg, ExperimentalWarning)
/home/ssm-user/src/oq-engine/openquake/hazardlib/gsim/base.py:347: ExperimentalWarning: CanadaSHM6_ActiveCrust_BooreEtAl2014 is experimental and may change in future versions - the user is liable for their application
  warnings.warn(msg, ExperimentalWarning)
/home/ssm-user/src/oq-engine/openquake/hazardlib/gsim/base.py:347: ExperimentalWarning: CanadaSHM6_ActiveCrust_BooreEtAl2014 is experimental and may change in future versions - the user is liable for their application
  warnings.warn(msg, ExperimentalWarning)
/home/ssm-user/src/oq-engine/openquake/hazardlib/gsim/base.py:347: ExperimentalWarning: CanadaSHM6_ActiveCrust_BooreEtAl2014 is experimental and may change in future versions - the user is liable for their application
  warnings.warn(msg, ExperimentalWarning)
/home/ssm-user/src/oq-engine/openquake/hazardlib/gsim/base.py:347: ExperimentalWarning: CanadaSHM6_ActiveCrust_BooreEtAl2014 is experimental and may change in future versions - the user is liable for their application
  warnings.warn(msg, ExperimentalWarning)
/home/ssm-user/src/oq-engine/openquake/hazardlib/gsim/base.py:347: ExperimentalWarning: CanadaSHM6_ActiveCrust_BooreEtAl2014 is experimental and may change in future versions - the user is liable for their application
  warnings.warn(msg, ExperimentalWarning)
/home/ssm-user/src/oq-engine/openquake/hazardlib/gsim/base.py:347: ExperimentalWarning: CanadaSHM6_ActiveCrust_BooreEtAl2014 is experimental and may change in future versions - the user is liable for their application
  warnings.warn(msg, ExperimentalWarning)
/home/ssm-user/src/oq-engine/openquake/hazardlib/gsim/base.py:347: ExperimentalWarning: CanadaSHM6_ActiveCrust_BooreEtAl2014 is experimental and may change in future versions - the user is liable for their application
  warnings.warn(msg, ExperimentalWarning)
/home/ssm-user/src/oq-engine/openquake/hazardlib/gsim/base.py:347: ExperimentalWarning: CanadaSHM6_ActiveCrust_BooreEtAl2014 is experimental and may change in future versions - the user is liable for their application
  warnings.warn(msg, ExperimentalWarning)
/home/ssm-user/src/oq-engine/openquake/hazardlib/gsim/base.py:347: ExperimentalWarning: CanadaSHM6_ActiveCrust_BooreEtAl2014 is experimental and may change in future versions - the user is liable for their application
  warnings.warn(msg, ExperimentalWarning)
/home/ssm-user/src/oq-engine/openquake/hazardlib/gsim/base.py:347: ExperimentalWarning: CanadaSHM6_ActiveCrust_BooreEtAl2014 is experimental and may change in future versions - the user is liable for their application
  warnings.warn(msg, ExperimentalWarning)
/home/ssm-user/src/oq-engine/openquake/hazardlib/gsim/base.py:347: ExperimentalWarning: CanadaSHM6_ActiveCrust_BooreEtAl2014 is experimental and may change in future versions - the user is liable for their application
  warnings.warn(msg, ExperimentalWarning)
/home/ssm-user/src/oq-engine/openquake/hazardlib/gsim/base.py:347: ExperimentalWarning: CanadaSHM6_ActiveCrust_BooreEtAl2014 is experimental and may change in future versions - the user is liable for their application
  warnings.warn(msg, ExperimentalWarning)
/home/ssm-user/src/oq-engine/openquake/hazardlib/gsim/base.py:347: ExperimentalWarning: CanadaSHM6_ActiveCrust_BooreEtAl2014 is experimental and may change in future versions - the user is liable for their application
  warnings.warn(msg, ExperimentalWarning)
/home/ssm-user/src/oq-engine/openquake/hazardlib/gsim/base.py:347: ExperimentalWarning: CanadaSHM6_ActiveCrust_BooreEtAl2014 is experimental and may change in future versions - the user is liable for their application
  warnings.warn(msg, ExperimentalWarning)
/home/ssm-user/src/oq-engine/openquake/hazardlib/gsim/base.py:347: ExperimentalWarning: CanadaSHM6_ActiveCrust_BooreEtAl2014 is experimental and may change in future versions - the user is liable for their application
  warnings.warn(msg, ExperimentalWarning)
/home/ssm-user/src/oq-engine/openquake/hazardlib/gsim/base.py:347: ExperimentalWarning: CanadaSHM6_ActiveCrust_BooreEtAl2014 is experimental and may change in future versions - the user is liable for their application
  warnings.warn(msg, ExperimentalWarning)
/home/ssm-user/src/oq-engine/openquake/hazardlib/gsim/base.py:347: ExperimentalWarning: CanadaSHM6_ActiveCrust_BooreEtAl2014 is experimental and may change in future versions - the user is liable for their application
  warnings.warn(msg, ExperimentalWarning)
/home/ssm-user/src/oq-engine/openquake/hazardlib/gsim/base.py:347: ExperimentalWarning: CanadaSHM6_ActiveCrust_BooreEtAl2014 is experimental and may change in future versions - the user is liable for their application
  warnings.warn(msg, ExperimentalWarning)
/home/ssm-user/src/oq-engine/openquake/hazardlib/gsim/base.py:347: ExperimentalWarning: CanadaSHM6_ActiveCrust_BooreEtAl2014 is experimental and may change in future versions - the user is liable for their application
  warnings.warn(msg, ExperimentalWarning)
/home/ssm-user/src/oq-engine/openquake/hazardlib/gsim/base.py:347: ExperimentalWarning: CanadaSHM6_ActiveCrust_BooreEtAl2014 is experimental and may change in future versions - the user is liable for their application
  warnings.warn(msg, ExperimentalWarning)
/home/ssm-user/src/oq-engine/openquake/hazardlib/gsim/base.py:347: ExperimentalWarning: CanadaSHM6_ActiveCrust_BooreEtAl2014 is experimental and may change in future versions - the user is liable for their application
  warnings.warn(msg, ExperimentalWarning)
/home/ssm-user/src/oq-engine/openquake/hazardlib/gsim/base.py:347: ExperimentalWarning: CanadaSHM6_ActiveCrust_BooreEtAl2014 is experimental and may change in future versions - the user is liable for their application
  warnings.warn(msg, ExperimentalWarning)
/home/ssm-user/src/oq-engine/openquake/hazardlib/gsim/base.py:347: ExperimentalWarning: CanadaSHM6_ActiveCrust_BooreEtAl2014 is experimental and may change in future versions - the user is liable for their application
  warnings.warn(msg, ExperimentalWarning)
/home/ssm-user/src/oq-engine/openquake/hazardlib/gsim/base.py:347: ExperimentalWarning: CanadaSHM6_ActiveCrust_BooreEtAl2014 is experimental and may change in future versions - the user is liable for their application
  warnings.warn(msg, ExperimentalWarning)
/home/ssm-user/src/oq-engine/openquake/hazardlib/gsim/base.py:347: ExperimentalWarning: CanadaSHM6_ActiveCrust_BooreEtAl2014 is experimental and may change in future versions - the user is liable for their application
  warnings.warn(msg, ExperimentalWarning)
/home/ssm-user/src/oq-engine/openquake/hazardlib/gsim/base.py:347: ExperimentalWarning: CanadaSHM6_ActiveCrust_BooreEtAl2014 is experimental and may change in future versions - the user is liable for their application
  warnings.warn(msg, ExperimentalWarning)
/home/ssm-user/src/oq-engine/openquake/hazardlib/gsim/base.py:347: ExperimentalWarning: CanadaSHM6_ActiveCrust_BooreEtAl2014 is experimental and may change in future versions - the user is liable for their application
  warnings.warn(msg, ExperimentalWarning)
/home/ssm-user/src/oq-engine/openquake/hazardlib/gsim/base.py:347: ExperimentalWarning: CanadaSHM6_ActiveCrust_BooreEtAl2014 is experimental and may change in future versions - the user is liable for their application
  warnings.warn(msg, ExperimentalWarning)
/home/ssm-user/src/oq-engine/openquake/hazardlib/gsim/base.py:347: ExperimentalWarning: CanadaSHM6_ActiveCrust_BooreEtAl2014 is experimental and may change in future versions - the user is liable for their application
  warnings.warn(msg, ExperimentalWarning)
/home/ssm-user/src/oq-engine/openquake/hazardlib/gsim/base.py:347: ExperimentalWarning: CanadaSHM6_ActiveCrust_BooreEtAl2014 is experimental and may change in future versions - the user is liable for their application
  warnings.warn(msg, ExperimentalWarning)
/home/ssm-user/src/oq-engine/openquake/hazardlib/gsim/base.py:347: ExperimentalWarning: CanadaSHM6_ActiveCrust_BooreEtAl2014 is experimental and may change in future versions - the user is liable for their application
  warnings.warn(msg, ExperimentalWarning)
/home/ssm-user/src/oq-engine/openquake/hazardlib/gsim/base.py:347: ExperimentalWarning: CanadaSHM6_ActiveCrust_BooreEtAl2014 is experimental and may change in future versions - the user is liable for their application
  warnings.warn(msg, ExperimentalWarning)
/home/ssm-user/src/oq-engine/openquake/hazardlib/gsim/base.py:347: ExperimentalWarning: CanadaSHM6_ActiveCrust_BooreEtAl2014 is experimental and may change in future versions - the user is liable for their application
  warnings.warn(msg, ExperimentalWarning)
/home/ssm-user/src/oq-engine/openquake/hazardlib/gsim/base.py:347: ExperimentalWarning: CanadaSHM6_ActiveCrust_BooreEtAl2014 is experimental and may change in future versions - the user is liable for their application
  warnings.warn(msg, ExperimentalWarning)
/home/ssm-user/src/oq-engine/openquake/hazardlib/gsim/base.py:347: ExperimentalWarning: CanadaSHM6_ActiveCrust_BooreEtAl2014 is experimental and may change in future versions - the user is liable for their application
  warnings.warn(msg, ExperimentalWarning)
/home/ssm-user/src/oq-engine/openquake/hazardlib/gsim/base.py:347: ExperimentalWarning: CanadaSHM6_ActiveCrust_BooreEtAl2014 is experimental and may change in future versions - the user is liable for their application
  warnings.warn(msg, ExperimentalWarning)
/home/ssm-user/src/oq-engine/openquake/hazardlib/gsim/base.py:347: ExperimentalWarning: CanadaSHM6_ActiveCrust_BooreEtAl2014 is experimental and may change in future versions - the user is liable for their application
  warnings.warn(msg, ExperimentalWarning)
/home/ssm-user/src/oq-engine/openquake/hazardlib/gsim/base.py:347: ExperimentalWarning: CanadaSHM6_ActiveCrust_BooreEtAl2014 is experimental and may change in future versions - the user is liable for their application
  warnings.warn(msg, ExperimentalWarning)
/home/ssm-user/src/oq-engine/openquake/hazardlib/gsim/base.py:347: ExperimentalWarning: CanadaSHM6_ActiveCrust_BooreEtAl2014 is experimental and may change in future versions - the user is liable for their application
  warnings.warn(msg, ExperimentalWarning)
/home/ssm-user/src/oq-engine/openquake/hazardlib/gsim/base.py:347: ExperimentalWarning: CanadaSHM6_ActiveCrust_BooreEtAl2014 is experimental and may change in future versions - the user is liable for their application
  warnings.warn(msg, ExperimentalWarning)
/home/ssm-user/src/oq-engine/openquake/hazardlib/gsim/base.py:347: ExperimentalWarning: CanadaSHM6_ActiveCrust_BooreEtAl2014 is experimental and may change in future versions - the user is liable for their application
  warnings.warn(msg, ExperimentalWarning)
/home/ssm-user/src/oq-engine/openquake/hazardlib/gsim/base.py:347: ExperimentalWarning: CanadaSHM6_ActiveCrust_BooreEtAl2014 is experimental and may change in future versions - the user is liable for their application
  warnings.warn(msg, ExperimentalWarning)
/home/ssm-user/src/oq-engine/openquake/hazardlib/gsim/base.py:347: ExperimentalWarning: CanadaSHM6_ActiveCrust_BooreEtAl2014 is experimental and may change in future versions - the user is liable for their application
  warnings.warn(msg, ExperimentalWarning)
/home/ssm-user/src/oq-engine/openquake/hazardlib/gsim/base.py:347: ExperimentalWarning: CanadaSHM6_ActiveCrust_BooreEtAl2014 is experimental and may change in future versions - the user is liable for their application
  warnings.warn(msg, ExperimentalWarning)
/home/ssm-user/src/oq-engine/openquake/hazardlib/gsim/base.py:347: ExperimentalWarning: CanadaSHM6_ActiveCrust_BooreEtAl2014 is experimental and may change in future versions - the user is liable for their application
  warnings.warn(msg, ExperimentalWarning)
/home/ssm-user/src/oq-engine/openquake/hazardlib/gsim/base.py:347: ExperimentalWarning: CanadaSHM6_ActiveCrust_BooreEtAl2014 is experimental and may change in future versions - the user is liable for their application
  warnings.warn(msg, ExperimentalWarning)
/home/ssm-user/src/oq-engine/openquake/hazardlib/gsim/base.py:347: ExperimentalWarning: CanadaSHM6_ActiveCrust_BooreEtAl2014 is experimental and may change in future versions - the user is liable for their application
  warnings.warn(msg, ExperimentalWarning)
/home/ssm-user/src/oq-engine/openquake/hazardlib/gsim/base.py:347: ExperimentalWarning: CanadaSHM6_ActiveCrust_BooreEtAl2014 is experimental and may change in future versions - the user is liable for their application
  warnings.warn(msg, ExperimentalWarning)
/home/ssm-user/src/oq-engine/openquake/hazardlib/gsim/base.py:347: ExperimentalWarning: CanadaSHM6_ActiveCrust_BooreEtAl2014 is experimental and may change in future versions - the user is liable for their application
  warnings.warn(msg, ExperimentalWarning)
/home/ssm-user/src/oq-engine/openquake/hazardlib/gsim/base.py:347: ExperimentalWarning: CanadaSHM6_ActiveCrust_BooreEtAl2014 is experimental and may change in future versions - the user is liable for their application
  warnings.warn(msg, ExperimentalWarning)
/home/ssm-user/src/oq-engine/openquake/hazardlib/gsim/base.py:347: ExperimentalWarning: CanadaSHM6_ActiveCrust_BooreEtAl2014 is experimental and may change in future versions - the user is liable for their application
  warnings.warn(msg, ExperimentalWarning)
/home/ssm-user/src/oq-engine/openquake/hazardlib/gsim/base.py:347: ExperimentalWarning: CanadaSHM6_ActiveCrust_BooreEtAl2014 is experimental and may change in future versions - the user is liable for their application
  warnings.warn(msg, ExperimentalWarning)
/home/ssm-user/src/oq-engine/openquake/hazardlib/gsim/base.py:347: ExperimentalWarning: CanadaSHM6_ActiveCrust_BooreEtAl2014 is experimental and may change in future versions - the user is liable for their application
  warnings.warn(msg, ExperimentalWarning)
/home/ssm-user/src/oq-engine/openquake/hazardlib/gsim/base.py:347: ExperimentalWarning: CanadaSHM6_ActiveCrust_BooreEtAl2014 is experimental and may change in future versions - the user is liable for their application
  warnings.warn(msg, ExperimentalWarning)
/home/ssm-user/src/oq-engine/openquake/hazardlib/gsim/base.py:347: ExperimentalWarning: CanadaSHM6_ActiveCrust_BooreEtAl2014 is experimental and may change in future versions - the user is liable for their application
  warnings.warn(msg, ExperimentalWarning)
/home/ssm-user/src/oq-engine/openquake/hazardlib/gsim/base.py:347: ExperimentalWarning: CanadaSHM6_ActiveCrust_BooreEtAl2014 is experimental and may change in future versions - the user is liable for their application
  warnings.warn(msg, ExperimentalWarning)
/home/ssm-user/src/oq-engine/openquake/hazardlib/gsim/base.py:347: ExperimentalWarning: CanadaSHM6_ActiveCrust_BooreEtAl2014 is experimental and may change in future versions - the user is liable for their application
  warnings.warn(msg, ExperimentalWarning)
/home/ssm-user/src/oq-engine/openquake/hazardlib/gsim/base.py:347: ExperimentalWarning: CanadaSHM6_ActiveCrust_BooreEtAl2014 is experimental and may change in future versions - the user is liable for their application
  warnings.warn(msg, ExperimentalWarning)
/home/ssm-user/src/oq-engine/openquake/hazardlib/gsim/base.py:347: ExperimentalWarning: CanadaSHM6_ActiveCrust_BooreEtAl2014 is experimental and may change in future versions - the user is liable for their application
  warnings.warn(msg, ExperimentalWarning)
/home/ssm-user/src/oq-engine/openquake/hazardlib/gsim/base.py:347: ExperimentalWarning: CanadaSHM6_ActiveCrust_BooreEtAl2014 is experimental and may change in future versions - the user is liable for their application
  warnings.warn(msg, ExperimentalWarning)
/home/ssm-user/src/oq-engine/openquake/hazardlib/gsim/base.py:347: ExperimentalWarning: CanadaSHM6_ActiveCrust_BooreEtAl2014 is experimental and may change in future versions - the user is liable for their application
  warnings.warn(msg, ExperimentalWarning)
/home/ssm-user/src/oq-engine/openquake/hazardlib/gsim/base.py:347: ExperimentalWarning: CanadaSHM6_ActiveCrust_BooreEtAl2014 is experimental and may change in future versions - the user is liable for their application
  warnings.warn(msg, ExperimentalWarning)
/home/ssm-user/src/oq-engine/openquake/hazardlib/gsim/base.py:347: ExperimentalWarning: CanadaSHM6_ActiveCrust_BooreEtAl2014 is experimental and may change in future versions - the user is liable for their application
  warnings.warn(msg, ExperimentalWarning)
/home/ssm-user/src/oq-engine/openquake/hazardlib/gsim/base.py:347: ExperimentalWarning: CanadaSHM6_ActiveCrust_BooreEtAl2014 is experimental and may change in future versions - the user is liable for their application
  warnings.warn(msg, ExperimentalWarning)
/home/ssm-user/src/oq-engine/openquake/hazardlib/gsim/base.py:347: ExperimentalWarning: CanadaSHM6_ActiveCrust_BooreEtAl2014 is experimental and may change in future versions - the user is liable for their application
  warnings.warn(msg, ExperimentalWarning)
/home/ssm-user/src/oq-engine/openquake/hazardlib/gsim/base.py:347: ExperimentalWarning: CanadaSHM6_ActiveCrust_BooreEtAl2014 is experimental and may change in future versions - the user is liable for their application
  warnings.warn(msg, ExperimentalWarning)
/home/ssm-user/src/oq-engine/openquake/hazardlib/gsim/base.py:347: ExperimentalWarning: CanadaSHM6_ActiveCrust_BooreEtAl2014 is experimental and may change in future versions - the user is liable for their application
  warnings.warn(msg, ExperimentalWarning)
/home/ssm-user/src/oq-engine/openquake/hazardlib/gsim/base.py:347: ExperimentalWarning: CanadaSHM6_ActiveCrust_BooreEtAl2014 is experimental and may change in future versions - the user is liable for their application
  warnings.warn(msg, ExperimentalWarning)
/home/ssm-user/src/oq-engine/openquake/hazardlib/gsim/base.py:347: ExperimentalWarning: CanadaSHM6_ActiveCrust_BooreEtAl2014 is experimental and may change in future versions - the user is liable for their application
  warnings.warn(msg, ExperimentalWarning)
/home/ssm-user/src/oq-engine/openquake/hazardlib/gsim/base.py:347: ExperimentalWarning: CanadaSHM6_ActiveCrust_BooreEtAl2014 is experimental and may change in future versions - the user is liable for their application
  warnings.warn(msg, ExperimentalWarning)
/home/ssm-user/src/oq-engine/openquake/hazardlib/gsim/base.py:347: ExperimentalWarning: CanadaSHM6_ActiveCrust_BooreEtAl2014 is experimental and may change in future versions - the user is liable for their application
  warnings.warn(msg, ExperimentalWarning)
/home/ssm-user/src/oq-engine/openquake/hazardlib/gsim/base.py:347: ExperimentalWarning: CanadaSHM6_ActiveCrust_BooreEtAl2014 is experimental and may change in future versions - the user is liable for their application
  warnings.warn(msg, ExperimentalWarning)
/home/ssm-user/src/oq-engine/openquake/hazardlib/gsim/base.py:347: ExperimentalWarning: CanadaSHM6_ActiveCrust_BooreEtAl2014 is experimental and may change in future versions - the user is liable for their application
  warnings.warn(msg, ExperimentalWarning)
/home/ssm-user/src/oq-engine/openquake/hazardlib/gsim/base.py:347: ExperimentalWarning: CanadaSHM6_ActiveCrust_BooreEtAl2014 is experimental and may change in future versions - the user is liable for their application
  warnings.warn(msg, ExperimentalWarning)
/home/ssm-user/src/oq-engine/openquake/hazardlib/gsim/base.py:347: ExperimentalWarning: CanadaSHM6_ActiveCrust_BooreEtAl2014 is experimental and may change in future versions - the user is liable for their application
  warnings.warn(msg, ExperimentalWarning)
/home/ssm-user/src/oq-engine/openquake/hazardlib/gsim/base.py:347: ExperimentalWarning: CanadaSHM6_ActiveCrust_BooreEtAl2014 is experimental and may change in future versions - the user is liable for their application
  warnings.warn(msg, ExperimentalWarning)
/home/ssm-user/src/oq-engine/openquake/hazardlib/gsim/base.py:347: ExperimentalWarning: CanadaSHM6_ActiveCrust_BooreEtAl2014 is experimental and may change in future versions - the user is liable for their application
  warnings.warn(msg, ExperimentalWarning)
/home/ssm-user/src/oq-engine/openquake/hazardlib/gsim/base.py:347: ExperimentalWarning: CanadaSHM6_ActiveCrust_BooreEtAl2014 is experimental and may change in future versions - the user is liable for their application
  warnings.warn(msg, ExperimentalWarning)
/home/ssm-user/src/oq-engine/openquake/hazardlib/gsim/base.py:347: ExperimentalWarning: CanadaSHM6_ActiveCrust_BooreEtAl2014 is experimental and may change in future versions - the user is liable for their application
  warnings.warn(msg, ExperimentalWarning)
/home/ssm-user/src/oq-engine/openquake/hazardlib/gsim/base.py:347: ExperimentalWarning: CanadaSHM6_ActiveCrust_BooreEtAl2014 is experimental and may change in future versions - the user is liable for their application
  warnings.warn(msg, ExperimentalWarning)
/home/ssm-user/src/oq-engine/openquake/hazardlib/gsim/base.py:347: ExperimentalWarning: CanadaSHM6_ActiveCrust_BooreEtAl2014 is experimental and may change in future versions - the user is liable for their application
  warnings.warn(msg, ExperimentalWarning)
/home/ssm-user/src/oq-engine/openquake/hazardlib/gsim/base.py:347: ExperimentalWarning: CanadaSHM6_ActiveCrust_BooreEtAl2014 is experimental and may change in future versions - the user is liable for their application
  warnings.warn(msg, ExperimentalWarning)
/home/ssm-user/src/oq-engine/openquake/hazardlib/gsim/base.py:347: ExperimentalWarning: CanadaSHM6_ActiveCrust_BooreEtAl2014 is experimental and may change in future versions - the user is liable for their application
  warnings.warn(msg, ExperimentalWarning)
/home/ssm-user/src/oq-engine/openquake/hazardlib/gsim/base.py:347: ExperimentalWarning: CanadaSHM6_ActiveCrust_BooreEtAl2014 is experimental and may change in future versions - the user is liable for their application
  warnings.warn(msg, ExperimentalWarning)
/home/ssm-user/src/oq-engine/openquake/hazardlib/gsim/base.py:347: ExperimentalWarning: CanadaSHM6_ActiveCrust_BooreEtAl2014 is experimental and may change in future versions - the user is liable for their application
  warnings.warn(msg, ExperimentalWarning)
/home/ssm-user/src/oq-engine/openquake/hazardlib/gsim/base.py:347: ExperimentalWarning: CanadaSHM6_ActiveCrust_BooreEtAl2014 is experimental and may change in future versions - the user is liable for their application
  warnings.warn(msg, ExperimentalWarning)
/home/ssm-user/src/oq-engine/openquake/hazardlib/gsim/base.py:347: ExperimentalWarning: CanadaSHM6_ActiveCrust_BooreEtAl2014 is experimental and may change in future versions - the user is liable for their application
  warnings.warn(msg, ExperimentalWarning)
[2021-11-17 19:48:42 #267 INFO] Stopping the workers
  id | name
2017 | Aggregate Event Damages
2015 | Asset Damage Distributions
2016 | Asset Damage Statistics
2018 | Full Report
2019 | Realizations
