/home/ssm-user/src/oq-engine/openquake/hazardlib/gsim/base.py:347: ExperimentalWarning: CanadaSHM6_ActiveCrust_BooreEtAl2014 is experimental and may change in future versions - the user is liable for their application
  warnings.warn(msg, ExperimentalWarning)
/home/ssm-user/src/oq-engine/openquake/hazardlib/gsim/base.py:347: ExperimentalWarning: CanadaSHM6_ActiveCrust_AbrahamsonEtAl2014 is experimental and may change in future versions - the user is liable for their application
  warnings.warn(msg, ExperimentalWarning)
/home/ssm-user/src/oq-engine/openquake/hazardlib/gsim/base.py:347: ExperimentalWarning: CanadaSHM6_ActiveCrust_BooreEtAl2014 is experimental and may change in future versions - the user is liable for their application
  warnings.warn(msg, ExperimentalWarning)
/home/ssm-user/src/oq-engine/openquake/hazardlib/gsim/base.py:347: ExperimentalWarning: CanadaSHM6_ActiveCrust_CampbellBozorgnia2014 is experimental and may change in future versions - the user is liable for their application
  warnings.warn(msg, ExperimentalWarning)
/home/ssm-user/src/oq-engine/openquake/hazardlib/gsim/base.py:347: ExperimentalWarning: CanadaSHM6_ActiveCrust_ChiouYoungs2014 is experimental and may change in future versions - the user is liable for their application
  warnings.warn(msg, ExperimentalWarning)
[2021-11-14 00:12:34 #258 INFO] root running /mnt/storage/canada-srm2/eDamage/input/eDamage_b0_QC_H_Montreal.ini [--hc=None]
[2021-11-14 00:12:34 #258 INFO] Using engine version 3.11.3-git29ac352f7d
[2021-11-14 00:12:34 #258 WARNING] Version v3.12.1 of the engine is available, but you are still using version 3.11.3-git29ac352f7d
[2021-11-14 00:12:34 #258 WARNING] Using 96 cores on ip-10-70-136-127
[2021-11-14 00:12:34 #258 INFO] Validated nationalModel.xml in 0.01 seconds
[2021-11-14 00:12:34 #258 INFO] Checksum of the input files: 514598877
[2021-11-14 00:12:34 #258 INFO] Reading the risk model if present
[2021-11-14 00:12:38 #258 INFO] Reading /mnt/storage/openquake-inputs/exposure/general-building-stock/oqBldgExp_QC_H_Montreal.xml
[2021-11-14 00:12:47 #258 INFO] Extracting the hazard sites from the site model
[2021-11-14 00:12:51 #258 INFO] Associated 74415 assets to 3273 sites
[2021-11-14 00:12:56 #258 INFO] Reducing risk model from 4224 to 828 taxonomies
[2021-11-14 00:12:58 #258 INFO] minimum_asset_loss={'structural': 0}
[2021-11-14 00:12:58 #258 INFO] Considering 200 logic tree paths out of 24_576
[2021-11-14 00:12:58 #258 INFO] Reading the source model(s) in parallel
[2021-11-14 00:13:01 #258 INFO] read_source_model  16% [6 submitted, 0 queued]
[2021-11-14 00:13:01 #258 INFO] read_source_model  33% [6 submitted, 0 queued]
[2021-11-14 00:13:01 #258 INFO] read_source_model  50% [6 submitted, 0 queued]
[2021-11-14 00:13:01 #258 INFO] read_source_model  66% [6 submitted, 0 queued]
[2021-11-14 00:13:01 #258 INFO] read_source_model  83% [6 submitted, 0 queued]
[2021-11-14 00:13:01 #258 INFO] read_source_model 100% [6 submitted, 0 queued]
[2021-11-14 00:13:01 #258 INFO] Mean time per core=0s, std=0.0s, min=0s, max=0s
[2021-11-14 00:13:01 #258 INFO] Received {'/mnt/storage/CanadaSHM6/OpenQuake_model_files/sources/nationalModel/xml/simplifiedModel/WCan_HYeast_Harctic_simplified_collapsedRates.xml': '157.72 KB', '/mnt/storage/CanadaSHM6/OpenQuake_model_files/sources/nationalModel/xml/simplifiedModel/WCan_H2east_Harctic_simplified_collapsedRates.xml': '152.1 KB', '/mnt/storage/CanadaSHM6/OpenQuake_model_files/sources/nationalModel/xml/simplifiedModel/WCan_HYeast_Rarctic_simplified_collapsedRates.xml': '151.35 KB', '/mnt/storage/CanadaSHM6/OpenQuake_model_files/sources/nationalModel/xml/simplifiedModel/WCan_H2east_Rarctic_simplified_collapsedRates.xml': '145.73 KB', '/mnt/storage/CanadaSHM6/OpenQuake_model_files/sources/nationalModel/xml/simplifiedModel/WCan_R2east_Harctic_simplified_collapsedRates.xml': '137.01 KB', '/mnt/storage/CanadaSHM6/OpenQuake_model_files/sources/nationalModel/xml/simplifiedModel/WCan_R2east_Rarctic_simplified_collapsedRates.xml': '130.86 KB'} in 0 seconds
/home/ssm-user/src/oq-engine/openquake/hazardlib/gsim/base.py:347: ExperimentalWarning: CanadaSHM6_ActiveCrust_BooreEtAl2014 is experimental and may change in future versions - the user is liable for their application
  warnings.warn(msg, ExperimentalWarning)
/home/ssm-user/src/oq-engine/openquake/hazardlib/gsim/base.py:347: ExperimentalWarning: CanadaSHM6_ActiveCrust_BooreEtAl2014 is experimental and may change in future versions - the user is liable for their application
  warnings.warn(msg, ExperimentalWarning)
/home/ssm-user/src/oq-engine/openquake/hazardlib/gsim/base.py:347: ExperimentalWarning: CanadaSHM6_ActiveCrust_BooreEtAl2014 is experimental and may change in future versions - the user is liable for their application
  warnings.warn(msg, ExperimentalWarning)
/home/ssm-user/src/oq-engine/openquake/hazardlib/gsim/base.py:347: ExperimentalWarning: CanadaSHM6_ActiveCrust_BooreEtAl2014 is experimental and may change in future versions - the user is liable for their application
  warnings.warn(msg, ExperimentalWarning)
/home/ssm-user/src/oq-engine/openquake/hazardlib/gsim/base.py:347: ExperimentalWarning: CanadaSHM6_ActiveCrust_BooreEtAl2014 is experimental and may change in future versions - the user is liable for their application
  warnings.warn(msg, ExperimentalWarning)
/home/ssm-user/src/oq-engine/openquake/hazardlib/gsim/base.py:347: ExperimentalWarning: CanadaSHM6_ActiveCrust_BooreEtAl2014 is experimental and may change in future versions - the user is liable for their application
  warnings.warn(msg, ExperimentalWarning)
[2021-11-14 00:13:02 #258 INFO] There are multiple different sources with the same ID [<AreaSource SCCYA;0>, <AreaSource SCCYA;1>]
[2021-11-14 00:13:02 #258 INFO] There are 13 groups and 198 sources with len(et_ids)=3.87
[2021-11-14 00:13:02 #258 INFO] Checking the sources bounding box
[2021-11-14 00:13:02 #258 ERROR] source ACM: The buffer of 600 km is too large, the bounding box is larger than half the globe: 219 degrees
[2021-11-14 00:13:02 #258 INFO] Rupture floating factor = 1.6303030303030304
[2021-11-14 00:13:02 #258 INFO] Rupture spinning factor = 3.2181818181818183
[2021-11-14 00:13:02 #258 INFO] gzipping the input files
[2021-11-14 00:13:05 #258 INFO] Storing risk model
[2021-11-14 00:13:05 #258 INFO] minimum_intensity={'SA(0.3)': 0.02, 'SA(0.6)': 0.05, 'SA(1.0)': 0.05, 'SA(2.0)': 0.05}
[2021-11-14 00:13:05 #258 INFO] Building ruptures
[2021-11-14 00:14:43 #258 INFO] Sending <SourceGroup Subduction IntraSlab30, 1 source(s)>
[2021-11-14 00:14:43 #258 INFO] Sending <SourceGroup Subduction IntraSlab55, 4 source(s)>
[2021-11-14 00:14:43 #258 INFO] Sending <SourceGroup Subduction Interface, 14 source(s)>
[2021-11-14 00:14:43 #258 INFO] Sending <SourceGroup Stable Shallow Crust, 29 source(s)>
[2021-11-14 00:14:43 #258 INFO] Sending <SourceGroup Stable Shallow Crust, 4 source(s)>
[2021-11-14 00:14:43 #258 INFO] Sending <SourceGroup Stable Shallow Crust, 6 source(s)>
[2021-11-14 00:14:43 #258 INFO] Sending <SourceGroup Stable Shallow Crust, 18 source(s)>
[2021-11-14 00:14:43 #258 INFO] Sending <SourceGroup Stable Shallow Crust, 10 source(s)>
[2021-11-14 00:14:43 #258 INFO] Sending <SourceGroup Stable Shallow Crust, 38 source(s)>
[2021-11-14 00:14:43 #258 INFO] Sending <SourceGroup Stable Shallow Crust, 14 source(s)>
[2021-11-14 00:14:43 #258 INFO] Sending <SourceGroup Active Shallow Crust, 1 source(s)>
[2021-11-14 00:14:43 #258 INFO] Sending <SourceGroup Active Shallow Crust, 58 source(s)>
[2021-11-14 00:14:43 #258 INFO] Sending <SourceGroup Active Shallow Crust, 1 source(s)>
[2021-11-14 00:14:46 #258 INFO] Sent 96 tasks, 78.56 MB in 0 seconds
[2021-11-14 00:14:46 #258 INFO] sample_ruptures   1% [98 submitted, 5 queued]
[2021-11-14 00:14:46 #258 INFO] sample_ruptures   2% [99 submitted, 4 queued]
[2021-11-14 00:14:46 #258 INFO] sample_ruptures   3% [100 submitted, 3 queued]
[2021-11-14 00:14:47 #258 INFO] sample_ruptures   4% [101 submitted, 2 queued]
[2021-11-14 00:14:47 #258 INFO] sample_ruptures   5% [102 submitted, 1 queued]
[2021-11-14 00:14:47 #258 INFO] sample_ruptures   6% [103 submitted, 0 queued]
[2021-11-14 00:14:47 #258 INFO] sample_ruptures   7% [103 submitted, 0 queued]
[2021-11-14 00:14:47 #258 INFO] sample_ruptures   8% [103 submitted, 0 queued]
[2021-11-14 00:14:47 #258 INFO] sample_ruptures   9% [103 submitted, 0 queued]
[2021-11-14 00:14:47 #258 INFO] sample_ruptures  10% [103 submitted, 0 queued]
[2021-11-14 00:14:47 #258 INFO] sample_ruptures  11% [103 submitted, 0 queued]
[2021-11-14 00:14:47 #258 INFO] sample_ruptures  12% [103 submitted, 0 queued]
[2021-11-14 00:14:47 #258 INFO] sample_ruptures  13% [103 submitted, 0 queued]
[2021-11-14 00:14:47 #258 INFO] sample_ruptures  14% [103 submitted, 0 queued]
[2021-11-14 00:14:47 #258 INFO] sample_ruptures  15% [103 submitted, 0 queued]
[2021-11-14 00:14:47 #258 INFO] sample_ruptures  16% [103 submitted, 0 queued]
[2021-11-14 00:14:48 #258 INFO] sample_ruptures  17% [103 submitted, 0 queued]
[2021-11-14 00:14:48 #258 INFO] sample_ruptures  18% [103 submitted, 0 queued]
[2021-11-14 00:14:48 #258 INFO] sample_ruptures  19% [103 submitted, 0 queued]
[2021-11-14 00:14:48 #258 INFO] sample_ruptures  20% [103 submitted, 0 queued]
[2021-11-14 00:14:48 #258 INFO] sample_ruptures  21% [103 submitted, 0 queued]
[2021-11-14 00:14:48 #258 INFO] sample_ruptures  22% [103 submitted, 0 queued]
[2021-11-14 00:14:48 #258 INFO] sample_ruptures  23% [103 submitted, 0 queued]
[2021-11-14 00:14:48 #258 INFO] sample_ruptures  24% [103 submitted, 0 queued]
[2021-11-14 00:14:48 #258 INFO] sample_ruptures  25% [103 submitted, 0 queued]
[2021-11-14 00:14:48 #258 INFO] sample_ruptures  26% [103 submitted, 0 queued]
[2021-11-14 00:14:48 #258 INFO] sample_ruptures  27% [103 submitted, 0 queued]
[2021-11-14 00:14:48 #258 INFO] sample_ruptures  28% [103 submitted, 0 queued]
[2021-11-14 00:14:48 #258 INFO] sample_ruptures  29% [103 submitted, 0 queued]
[2021-11-14 00:14:48 #258 INFO] sample_ruptures  30% [103 submitted, 0 queued]
[2021-11-14 00:14:48 #258 INFO] sample_ruptures  31% [103 submitted, 0 queued]
[2021-11-14 00:14:48 #258 INFO] sample_ruptures  32% [103 submitted, 0 queued]
[2021-11-14 00:14:48 #258 INFO] sample_ruptures  33% [103 submitted, 0 queued]
[2021-11-14 00:14:48 #258 INFO] sample_ruptures  34% [103 submitted, 0 queued]
[2021-11-14 00:14:48 #258 INFO] sample_ruptures  35% [103 submitted, 0 queued]
[2021-11-14 00:14:48 #258 INFO] sample_ruptures  36% [103 submitted, 0 queued]
[2021-11-14 00:14:48 #258 INFO] sample_ruptures  37% [103 submitted, 0 queued]
[2021-11-14 00:14:48 #258 INFO] sample_ruptures  38% [103 submitted, 0 queued]
[2021-11-14 00:14:48 #258 INFO] sample_ruptures  39% [103 submitted, 0 queued]
[2021-11-14 00:14:48 #258 INFO] sample_ruptures  40% [103 submitted, 0 queued]
[2021-11-14 00:14:48 #258 INFO] sample_ruptures  41% [103 submitted, 0 queued]
[2021-11-14 00:14:48 #258 INFO] sample_ruptures  42% [103 submitted, 0 queued]
[2021-11-14 00:14:48 #258 INFO] sample_ruptures  43% [103 submitted, 0 queued]
[2021-11-14 00:14:48 #258 INFO] sample_ruptures  44% [103 submitted, 0 queued]
[2021-11-14 00:14:48 #258 INFO] sample_ruptures  45% [103 submitted, 0 queued]
[2021-11-14 00:14:48 #258 INFO] sample_ruptures  46% [103 submitted, 0 queued]
[2021-11-14 00:14:48 #258 INFO] sample_ruptures  47% [103 submitted, 0 queued]
[2021-11-14 00:14:48 #258 INFO] sample_ruptures  48% [103 submitted, 0 queued]
[2021-11-14 00:14:48 #258 INFO] sample_ruptures  49% [103 submitted, 0 queued]
[2021-11-14 00:14:48 #258 INFO] sample_ruptures  50% [103 submitted, 0 queued]
[2021-11-14 00:14:48 #258 INFO] sample_ruptures  51% [103 submitted, 0 queued]
[2021-11-14 00:14:48 #258 INFO] sample_ruptures  52% [103 submitted, 0 queued]
[2021-11-14 00:14:48 #258 INFO] sample_ruptures  53% [103 submitted, 0 queued]
[2021-11-14 00:14:48 #258 INFO] sample_ruptures  54% [103 submitted, 0 queued]
[2021-11-14 00:14:48 #258 INFO] sample_ruptures  55% [103 submitted, 0 queued]
[2021-11-14 00:14:48 #258 INFO] sample_ruptures  56% [103 submitted, 0 queued]
[2021-11-14 00:14:48 #258 INFO] sample_ruptures  57% [103 submitted, 0 queued]
[2021-11-14 00:14:48 #258 INFO] sample_ruptures  58% [103 submitted, 0 queued]
[2021-11-14 00:14:48 #258 INFO] sample_ruptures  59% [103 submitted, 0 queued]
[2021-11-14 00:14:48 #258 INFO] sample_ruptures  60% [103 submitted, 0 queued]
[2021-11-14 00:14:48 #258 INFO] sample_ruptures  61% [103 submitted, 0 queued]
[2021-11-14 00:14:48 #258 INFO] sample_ruptures  62% [103 submitted, 0 queued]
[2021-11-14 00:14:48 #258 INFO] sample_ruptures  63% [103 submitted, 0 queued]
[2021-11-14 00:14:48 #258 INFO] sample_ruptures  64% [103 submitted, 0 queued]
[2021-11-14 00:14:48 #258 INFO] sample_ruptures  65% [103 submitted, 0 queued]
[2021-11-14 00:14:48 #258 INFO] sample_ruptures  66% [103 submitted, 0 queued]
[2021-11-14 00:14:48 #258 INFO] sample_ruptures  67% [103 submitted, 0 queued]
[2021-11-14 00:14:48 #258 INFO] sample_ruptures  68% [103 submitted, 0 queued]
[2021-11-14 00:15:03 #258 INFO] sample_ruptures  69% [103 submitted, 0 queued]
[2021-11-14 00:15:07 #258 INFO] sample_ruptures  70% [103 submitted, 0 queued]
[2021-11-14 00:15:08 #258 INFO] sample_ruptures  71% [103 submitted, 0 queued]
[2021-11-14 00:15:10 #258 INFO] sample_ruptures  72% [103 submitted, 0 queued]
[2021-11-14 00:15:13 #258 INFO] sample_ruptures  73% [103 submitted, 0 queued]
[2021-11-14 00:15:14 #258 INFO] sample_ruptures  74% [103 submitted, 0 queued]
[2021-11-14 00:15:15 #258 INFO] sample_ruptures  75% [103 submitted, 0 queued]
[2021-11-14 00:15:16 #258 INFO] sample_ruptures  76% [103 submitted, 0 queued]
[2021-11-14 00:15:18 #258 INFO] sample_ruptures  77% [103 submitted, 0 queued]
[2021-11-14 00:15:22 #258 INFO] sample_ruptures  78% [103 submitted, 0 queued]
[2021-11-14 00:15:24 #258 INFO] sample_ruptures  79% [103 submitted, 0 queued]
[2021-11-14 00:15:25 #258 INFO] sample_ruptures  80% [103 submitted, 0 queued]
[2021-11-14 00:15:29 #258 INFO] sample_ruptures  81% [103 submitted, 0 queued]
[2021-11-14 00:15:29 #258 INFO] sample_ruptures  82% [103 submitted, 0 queued]
[2021-11-14 00:15:30 #258 INFO] sample_ruptures  83% [103 submitted, 0 queued]
[2021-11-14 00:15:34 #258 INFO] sample_ruptures  84% [103 submitted, 0 queued]
[2021-11-14 00:15:35 #258 INFO] sample_ruptures  85% [103 submitted, 0 queued]
[2021-11-14 00:15:36 #258 INFO] sample_ruptures  86% [103 submitted, 0 queued]
[2021-11-14 00:15:37 #258 INFO] sample_ruptures  87% [103 submitted, 0 queued]
[2021-11-14 00:15:48 #258 INFO] sample_ruptures  88% [103 submitted, 0 queued]
[2021-11-14 00:15:53 #258 INFO] sample_ruptures  89% [103 submitted, 0 queued]
[2021-11-14 00:16:26 #258 INFO] sample_ruptures  90% [103 submitted, 0 queued]
[2021-11-14 00:16:40 #258 INFO] sample_ruptures  91% [103 submitted, 0 queued]
[2021-11-14 00:16:44 #258 INFO] sample_ruptures  92% [103 submitted, 0 queued]
[2021-11-14 00:16:45 #258 INFO] sample_ruptures  93% [103 submitted, 0 queued]
[2021-11-14 00:16:45 #258 INFO] sample_ruptures  94% [103 submitted, 0 queued]
[2021-11-14 00:16:46 #258 INFO] sample_ruptures  95% [103 submitted, 0 queued]
[2021-11-14 00:16:48 #258 INFO] sample_ruptures  96% [103 submitted, 0 queued]
[2021-11-14 00:16:48 #258 INFO] sample_ruptures  97% [103 submitted, 0 queued]
[2021-11-14 00:16:59 #258 INFO] sample_ruptures  98% [103 submitted, 0 queued]
[2021-11-14 00:17:30 #258 INFO] sample_ruptures  99% [103 submitted, 0 queued]
[2021-11-14 00:19:04 #258 INFO] sample_ruptures 100% [103 submitted, 0 queued]
[2021-11-14 00:19:04 #258 INFO] Mean time per core=23s, std=45.4s, min=0s, max=257s
[2021-11-14 00:19:04 #258 INFO] Received {'rup_array': '173.41 MB', 'calc_times': '23.06 KB', 'eff_ruptures': '4.33 KB'} in 259 seconds
[2021-11-14 00:19:05 #258 INFO] There are 200 realization(s)
[2021-11-14 00:19:05 #258 INFO] Reordering the ruptures and storing the events
[2021-11-14 00:19:06 #258 INFO] Associating event_id -> rlz_id for 2_530_052 events and 833_652 ruptures
[2021-11-14 00:19:34 #258 INFO] Sent 194 tasks, 89.23 MB in 26 seconds
[2021-11-14 00:19:40 #258 INFO] Mean time per core=5s, std=2.0s, min=2s, max=10s
[2021-11-14 00:19:40 #258 INFO] Received {'tot': '24.18 MB'} in 6 seconds
[2021-11-14 00:19:53 #258 INFO] Reading 833_652 ruptures
[2021-11-14 00:20:16 #258 INFO] Sent 96 tasks, 117.54 MB in 3 seconds
[2021-11-14 01:03:46 #258 INFO] compute_gmfs   1% [98 submitted, 96 queued]
[2021-11-14 01:12:37 #258 INFO] compute_gmfs   2% [100 submitted, 94 queued]
[2021-11-14 01:14:21 #258 INFO] compute_gmfs   3% [102 submitted, 92 queued]
[2021-11-14 01:17:05 #258 INFO] compute_gmfs   4% [104 submitted, 90 queued]
[2021-11-14 01:18:35 #258 INFO] compute_gmfs   5% [106 submitted, 88 queued]
[2021-11-14 01:19:20 #258 INFO] compute_gmfs   6% [108 submitted, 86 queued]
[2021-11-14 01:19:38 #258 INFO] compute_gmfs   7% [110 submitted, 84 queued]
[2021-11-14 01:19:46 #258 INFO] compute_gmfs   8% [112 submitted, 82 queued]
[2021-11-14 01:19:50 #258 INFO] compute_gmfs   9% [114 submitted, 80 queued]
[2021-11-14 01:20:24 #258 INFO] compute_gmfs  10% [116 submitted, 78 queued]
[2021-11-14 01:20:42 #258 INFO] compute_gmfs  11% [118 submitted, 76 queued]
[2021-11-14 01:28:15 #258 INFO] compute_gmfs  12% [120 submitted, 74 queued]
[2021-11-14 01:28:15 #258 INFO] compute_gmfs  13% [122 submitted, 72 queued]
[2021-11-14 01:28:15 #258 INFO] compute_gmfs  14% [124 submitted, 70 queued]
[2021-11-14 01:28:15 #258 INFO] compute_gmfs  15% [126 submitted, 68 queued]
[2021-11-14 01:28:15 #258 INFO] compute_gmfs  16% [128 submitted, 66 queued]
[2021-11-14 01:28:15 #258 INFO] compute_gmfs  17% [129 submitted, 65 queued]
[2021-11-14 01:28:16 #258 INFO] compute_gmfs  18% [131 submitted, 63 queued]
[2021-11-14 01:28:16 #258 INFO] compute_gmfs  19% [133 submitted, 61 queued]
[2021-11-14 01:28:16 #258 INFO] compute_gmfs  20% [135 submitted, 59 queued]
[2021-11-14 01:28:16 #258 INFO] compute_gmfs  21% [137 submitted, 57 queued]
[2021-11-14 01:28:16 #258 INFO] compute_gmfs  22% [139 submitted, 55 queued]
[2021-11-14 01:28:16 #258 INFO] compute_gmfs  23% [141 submitted, 53 queued]
[2021-11-14 01:28:16 #258 INFO] compute_gmfs  24% [143 submitted, 51 queued]
[2021-11-14 01:28:16 #258 INFO] compute_gmfs  25% [145 submitted, 49 queued]
[2021-11-14 01:28:17 #258 INFO] compute_gmfs  26% [147 submitted, 47 queued]
[2021-11-14 01:28:17 #258 INFO] compute_gmfs  27% [149 submitted, 45 queued]
[2021-11-14 01:28:17 #258 INFO] compute_gmfs  28% [151 submitted, 43 queued]
[2021-11-14 01:28:17 #258 INFO] compute_gmfs  29% [153 submitted, 41 queued]
[2021-11-14 01:28:17 #258 INFO] compute_gmfs  30% [155 submitted, 39 queued]
[2021-11-14 01:28:17 #258 INFO] compute_gmfs  31% [157 submitted, 37 queued]
[2021-11-14 01:28:17 #258 INFO] compute_gmfs  32% [159 submitted, 35 queued]
[2021-11-14 01:28:18 #258 INFO] compute_gmfs  33% [161 submitted, 33 queued]
[2021-11-14 01:28:18 #258 INFO] compute_gmfs  34% [162 submitted, 32 queued]
[2021-11-14 01:28:18 #258 INFO] compute_gmfs  35% [164 submitted, 30 queued]
[2021-11-14 01:28:18 #258 INFO] compute_gmfs  36% [166 submitted, 28 queued]
[2021-11-14 01:28:18 #258 INFO] compute_gmfs  37% [168 submitted, 26 queued]
[2021-11-14 01:28:18 #258 INFO] compute_gmfs  38% [170 submitted, 24 queued]
[2021-11-14 01:28:19 #258 INFO] compute_gmfs  39% [172 submitted, 22 queued]
[2021-11-14 01:28:19 #258 INFO] compute_gmfs  40% [174 submitted, 20 queued]
[2021-11-14 01:28:19 #258 INFO] compute_gmfs  41% [176 submitted, 18 queued]
[2021-11-14 01:28:19 #258 INFO] compute_gmfs  42% [178 submitted, 16 queued]
[2021-11-14 01:28:20 #258 INFO] compute_gmfs  43% [180 submitted, 14 queued]
[2021-11-14 01:28:20 #258 INFO] compute_gmfs  44% [182 submitted, 12 queued]
[2021-11-14 01:28:20 #258 INFO] compute_gmfs  45% [184 submitted, 10 queued]
[2021-11-14 01:28:20 #258 INFO] compute_gmfs  46% [186 submitted, 8 queued]
[2021-11-14 01:28:20 #258 INFO] compute_gmfs  47% [188 submitted, 6 queued]
[2021-11-14 01:28:21 #258 INFO] compute_gmfs  48% [190 submitted, 4 queued]
[2021-11-14 01:28:21 #258 INFO] compute_gmfs  49% [192 submitted, 2 queued]
[2021-11-14 01:51:36 #258 INFO] compute_gmfs  50% [193 submitted, 1 queued]
[2021-11-14 01:55:05 #258 INFO] compute_gmfs  51% [194 submitted, 0 queued]
[2021-11-14 01:59:58 #258 INFO] compute_gmfs  52% [194 submitted, 0 queued]
[2021-11-14 02:05:53 #258 INFO] compute_gmfs  53% [194 submitted, 0 queued]
[2021-11-14 02:07:45 #258 INFO] compute_gmfs  54% [194 submitted, 0 queued]
[2021-11-14 02:10:01 #258 INFO] compute_gmfs  55% [194 submitted, 0 queued]
[2021-11-14 02:12:22 #258 INFO] compute_gmfs  56% [194 submitted, 0 queued]
[2021-11-14 02:14:05 #258 INFO] compute_gmfs  57% [194 submitted, 0 queued]
[2021-11-14 02:14:54 #258 INFO] compute_gmfs  58% [194 submitted, 0 queued]
[2021-11-14 02:15:04 #258 INFO] compute_gmfs  59% [194 submitted, 0 queued]
[2021-11-14 02:16:36 #258 INFO] compute_gmfs  60% [194 submitted, 0 queued]
[2021-11-14 02:18:03 #258 INFO] compute_gmfs  61% [194 submitted, 0 queued]
[2021-11-14 02:19:23 #258 INFO] compute_gmfs  62% [194 submitted, 0 queued]
[2021-11-14 02:19:23 #258 INFO] compute_gmfs  63% [194 submitted, 0 queued]
[2021-11-14 02:20:04 #258 INFO] compute_gmfs  64% [194 submitted, 0 queued]
[2021-11-14 02:22:35 #258 INFO] compute_gmfs  65% [194 submitted, 0 queued]
[2021-11-14 02:22:56 #258 INFO] compute_gmfs  66% [194 submitted, 0 queued]
[2021-11-14 02:23:03 #258 INFO] compute_gmfs  67% [194 submitted, 0 queued]
[2021-11-14 02:23:37 #258 INFO] compute_gmfs  68% [194 submitted, 0 queued]
[2021-11-14 02:23:46 #258 INFO] compute_gmfs  69% [194 submitted, 0 queued]
[2021-11-14 02:23:57 #258 INFO] compute_gmfs  70% [194 submitted, 0 queued]
[2021-11-14 02:24:07 #258 INFO] compute_gmfs  71% [194 submitted, 0 queued]
[2021-11-14 02:24:24 #258 INFO] compute_gmfs  72% [194 submitted, 0 queued]
[2021-11-14 02:24:44 #258 INFO] compute_gmfs  73% [194 submitted, 0 queued]
[2021-11-14 02:25:19 #258 INFO] compute_gmfs  74% [194 submitted, 0 queued]
[2021-11-14 02:26:15 #258 INFO] compute_gmfs  75% [194 submitted, 0 queued]
[2021-11-14 02:26:15 #258 INFO] compute_gmfs  76% [194 submitted, 0 queued]
[2021-11-14 02:26:15 #258 INFO] compute_gmfs  77% [194 submitted, 0 queued]
[2021-11-14 02:31:34 #258 INFO] compute_gmfs  78% [194 submitted, 0 queued]
[2021-11-14 02:31:34 #258 INFO] compute_gmfs  79% [194 submitted, 0 queued]
[2021-11-14 02:31:35 #258 INFO] compute_gmfs  80% [194 submitted, 0 queued]
[2021-11-14 02:31:35 #258 INFO] compute_gmfs  81% [194 submitted, 0 queued]
[2021-11-14 02:31:35 #258 INFO] compute_gmfs  82% [194 submitted, 0 queued]
[2021-11-14 02:31:35 #258 INFO] compute_gmfs  83% [194 submitted, 0 queued]
[2021-11-14 02:31:35 #258 INFO] compute_gmfs  84% [194 submitted, 0 queued]
[2021-11-14 02:31:35 #258 INFO] compute_gmfs  85% [194 submitted, 0 queued]
[2021-11-14 02:31:35 #258 INFO] compute_gmfs  86% [194 submitted, 0 queued]
[2021-11-14 02:31:35 #258 INFO] compute_gmfs  87% [194 submitted, 0 queued]
[2021-11-14 02:31:35 #258 INFO] compute_gmfs  88% [194 submitted, 0 queued]
[2021-11-14 02:31:35 #258 INFO] compute_gmfs  89% [194 submitted, 0 queued]
[2021-11-14 02:31:35 #258 INFO] compute_gmfs  90% [194 submitted, 0 queued]
[2021-11-14 02:31:35 #258 INFO] compute_gmfs  91% [194 submitted, 0 queued]
[2021-11-14 02:31:35 #258 INFO] compute_gmfs  92% [194 submitted, 0 queued]
[2021-11-14 02:31:35 #258 INFO] compute_gmfs  93% [194 submitted, 0 queued]
[2021-11-14 02:31:35 #258 INFO] compute_gmfs  94% [194 submitted, 0 queued]
[2021-11-14 02:31:35 #258 INFO] compute_gmfs  95% [194 submitted, 0 queued]
[2021-11-14 02:31:35 #258 INFO] compute_gmfs  96% [194 submitted, 0 queued]
[2021-11-14 02:31:35 #258 INFO] compute_gmfs  97% [194 submitted, 0 queued]
[2021-11-14 02:31:35 #258 INFO] compute_gmfs  98% [194 submitted, 0 queued]
[2021-11-14 02:31:35 #258 INFO] compute_gmfs  99% [194 submitted, 0 queued]
[2021-11-14 02:43:13 #258 INFO] compute_gmfs 100% [194 submitted, 0 queued]
[2021-11-14 02:43:13 #258 INFO] Mean time per core=7042s, std=404.6s, min=5635s, max=8547s
[2021-11-14 02:43:13 #258 INFO] Received {'gmfdata': '45.06 GB', 'sig_eps': '71.86 MB', 'times': '9.46 MB', 'hcurves': '970 B'} in 8580 seconds
[2021-11-14 02:43:13 #258 INFO] Stored 28.24 GB of GMFs
[2021-11-14 02:43:13 #258 WARNING] There are more than 1 GB of GMFs, not computing avg_gmf
[2021-11-14 02:44:11 #258 INFO] Building risk inputs from 200 realization(s)
[2021-11-14 02:49:16 #258 INFO] Grouping the GMFs by site ID
[2021-11-14 02:53:16 #258 INFO] Built 3273 risk inputs
[2021-11-14 02:54:27 #258 INFO] Sent 201 tasks, 36.63 GB in 71 seconds
[2021-11-14 07:02:32 #258 INFO] scenario_damage   1% [201 submitted, 0 queued]
[2021-11-14 07:16:28 #258 INFO] scenario_damage   2% [201 submitted, 0 queued]
[2021-11-14 07:25:43 #258 INFO] scenario_damage   3% [201 submitted, 0 queued]
[2021-11-14 07:31:31 #258 INFO] scenario_damage   4% [201 submitted, 0 queued]
[2021-11-14 07:41:30 #258 INFO] scenario_damage   5% [201 submitted, 0 queued]
[2021-11-14 07:44:01 #258 INFO] scenario_damage   6% [201 submitted, 0 queued]
[2021-11-14 07:44:30 #258 INFO] scenario_damage   7% [201 submitted, 0 queued]
[2021-11-14 07:46:35 #258 INFO] scenario_damage   8% [201 submitted, 0 queued]
[2021-11-14 07:47:24 #258 INFO] scenario_damage   9% [201 submitted, 0 queued]
[2021-11-14 07:49:15 #258 INFO] scenario_damage  10% [201 submitted, 0 queued]
[2021-11-14 07:50:56 #258 INFO] scenario_damage  11% [201 submitted, 0 queued]
[2021-11-14 07:52:38 #258 INFO] scenario_damage  12% [201 submitted, 0 queued]
[2021-11-14 07:55:14 #258 INFO] scenario_damage  13% [201 submitted, 0 queued]
[2021-11-14 07:55:32 #258 INFO] scenario_damage  14% [201 submitted, 0 queued]
[2021-11-14 07:56:31 #258 INFO] scenario_damage  15% [201 submitted, 0 queued]
[2021-11-14 07:56:59 #258 INFO] scenario_damage  16% [201 submitted, 0 queued]
[2021-11-14 07:58:59 #258 INFO] scenario_damage  17% [201 submitted, 0 queued]
[2021-11-14 07:59:29 #258 INFO] scenario_damage  18% [201 submitted, 0 queued]
[2021-11-14 08:01:48 #258 INFO] scenario_damage  19% [201 submitted, 0 queued]
[2021-11-14 08:03:18 #258 INFO] scenario_damage  20% [201 submitted, 0 queued]
[2021-11-14 08:03:51 #258 INFO] scenario_damage  21% [201 submitted, 0 queued]
[2021-11-14 08:04:29 #258 INFO] scenario_damage  22% [201 submitted, 0 queued]
[2021-11-14 08:05:23 #258 INFO] scenario_damage  23% [201 submitted, 0 queued]
[2021-11-14 08:05:51 #258 INFO] scenario_damage  24% [201 submitted, 0 queued]
[2021-11-14 08:06:42 #258 INFO] scenario_damage  25% [201 submitted, 0 queued]
[2021-11-14 08:07:40 #258 INFO] scenario_damage  26% [201 submitted, 0 queued]
[2021-11-14 08:09:16 #258 INFO] scenario_damage  27% [201 submitted, 0 queued]
[2021-11-14 08:10:54 #258 INFO] scenario_damage  28% [201 submitted, 0 queued]
[2021-11-14 08:11:31 #258 INFO] scenario_damage  29% [201 submitted, 0 queued]
[2021-11-14 08:12:39 #258 INFO] scenario_damage  30% [201 submitted, 0 queued]
[2021-11-14 08:12:40 #258 INFO] scenario_damage  31% [201 submitted, 0 queued]
[2021-11-14 08:13:32 #258 INFO] scenario_damage  32% [201 submitted, 0 queued]
[2021-11-14 08:15:22 #258 INFO] scenario_damage  33% [201 submitted, 0 queued]
[2021-11-14 08:15:46 #258 INFO] scenario_damage  34% [201 submitted, 0 queued]
[2021-11-14 08:19:44 #258 INFO] scenario_damage  35% [201 submitted, 0 queued]
[2021-11-14 08:21:38 #258 INFO] scenario_damage  36% [201 submitted, 0 queued]
[2021-11-14 08:23:43 #258 INFO] scenario_damage  37% [201 submitted, 0 queued]
[2021-11-14 08:26:44 #258 INFO] scenario_damage  38% [201 submitted, 0 queued]
[2021-11-14 08:29:22 #258 INFO] scenario_damage  39% [201 submitted, 0 queued]
[2021-11-14 08:29:53 #258 INFO] scenario_damage  40% [201 submitted, 0 queued]
[2021-11-14 08:31:17 #258 INFO] scenario_damage  41% [201 submitted, 0 queued]
[2021-11-14 08:32:39 #258 INFO] scenario_damage  42% [201 submitted, 0 queued]
[2021-11-14 08:35:32 #258 INFO] scenario_damage  43% [201 submitted, 0 queued]
[2021-11-14 08:37:22 #258 INFO] scenario_damage  44% [201 submitted, 0 queued]
[2021-11-14 08:42:35 #258 INFO] scenario_damage  45% [201 submitted, 0 queued]
[2021-11-14 08:46:06 #258 INFO] scenario_damage  46% [201 submitted, 0 queued]
[2021-11-14 09:06:05 #258 INFO] scenario_damage  47% [201 submitted, 0 queued]
[2021-11-14 10:18:38 #258 INFO] scenario_damage  48% [201 submitted, 0 queued]
[2021-11-14 11:52:35 #258 INFO] scenario_damage  49% [201 submitted, 0 queued]
[2021-11-14 12:00:16 #258 INFO] scenario_damage  50% [201 submitted, 0 queued]
[2021-11-14 12:35:59 #258 INFO] scenario_damage  51% [201 submitted, 0 queued]
[2021-11-14 12:41:12 #258 INFO] scenario_damage  52% [201 submitted, 0 queued]
[2021-11-14 12:54:28 #258 INFO] scenario_damage  53% [201 submitted, 0 queued]
[2021-11-14 12:56:23 #258 INFO] scenario_damage  54% [201 submitted, 0 queued]
[2021-11-14 12:58:46 #258 INFO] scenario_damage  55% [201 submitted, 0 queued]
[2021-11-14 13:00:33 #258 INFO] scenario_damage  56% [201 submitted, 0 queued]
[2021-11-14 13:02:56 #258 INFO] scenario_damage  57% [201 submitted, 0 queued]
[2021-11-14 13:05:39 #258 INFO] scenario_damage  58% [201 submitted, 0 queued]
[2021-11-14 13:06:41 #258 INFO] scenario_damage  59% [201 submitted, 0 queued]
[2021-11-14 13:09:51 #258 INFO] scenario_damage  60% [201 submitted, 0 queued]
[2021-11-14 13:10:42 #258 INFO] scenario_damage  61% [201 submitted, 0 queued]
[2021-11-14 13:11:28 #258 INFO] scenario_damage  62% [201 submitted, 0 queued]
[2021-11-14 13:16:17 #258 INFO] scenario_damage  63% [201 submitted, 0 queued]
[2021-11-14 13:17:05 #258 INFO] scenario_damage  64% [201 submitted, 0 queued]
[2021-11-14 13:18:19 #258 INFO] scenario_damage  65% [201 submitted, 0 queued]
[2021-11-14 13:19:48 #258 INFO] scenario_damage  66% [201 submitted, 0 queued]
[2021-11-14 13:20:23 #258 INFO] scenario_damage  67% [201 submitted, 0 queued]
[2021-11-14 13:20:50 #258 INFO] scenario_damage  68% [201 submitted, 0 queued]
[2021-11-14 13:22:30 #258 INFO] scenario_damage  69% [201 submitted, 0 queued]
[2021-11-14 13:24:22 #258 INFO] scenario_damage  70% [201 submitted, 0 queued]
[2021-11-14 13:25:18 #258 INFO] scenario_damage  71% [201 submitted, 0 queued]
[2021-11-14 13:25:43 #258 INFO] scenario_damage  72% [201 submitted, 0 queued]
[2021-11-14 13:26:18 #258 INFO] scenario_damage  73% [201 submitted, 0 queued]
[2021-11-14 13:27:22 #258 INFO] scenario_damage  74% [201 submitted, 0 queued]
[2021-11-14 13:28:36 #258 INFO] scenario_damage  75% [201 submitted, 0 queued]
[2021-11-14 13:30:11 #258 INFO] scenario_damage  76% [201 submitted, 0 queued]
[2021-11-14 13:30:35 #258 INFO] scenario_damage  77% [201 submitted, 0 queued]
[2021-11-14 13:32:50 #258 INFO] scenario_damage  78% [201 submitted, 0 queued]
[2021-11-14 13:33:39 #258 INFO] scenario_damage  79% [201 submitted, 0 queued]
[2021-11-14 13:34:22 #258 INFO] scenario_damage  80% [201 submitted, 0 queued]
[2021-11-14 13:35:51 #258 INFO] scenario_damage  81% [201 submitted, 0 queued]
[2021-11-14 13:36:17 #258 INFO] scenario_damage  82% [201 submitted, 0 queued]
[2021-11-14 13:36:43 #258 INFO] scenario_damage  83% [201 submitted, 0 queued]
[2021-11-14 13:39:21 #258 INFO] scenario_damage  84% [201 submitted, 0 queued]
[2021-11-14 13:40:06 #258 INFO] scenario_damage  85% [201 submitted, 0 queued]
[2021-11-14 13:40:43 #258 INFO] scenario_damage  86% [201 submitted, 0 queued]
[2021-11-14 13:45:26 #258 INFO] scenario_damage  87% [201 submitted, 0 queued]
[2021-11-14 13:46:56 #258 INFO] scenario_damage  88% [201 submitted, 0 queued]
[2021-11-14 13:50:46 #258 INFO] scenario_damage  89% [201 submitted, 0 queued]
[2021-11-14 13:51:13 #258 INFO] scenario_damage  90% [201 submitted, 0 queued]
[2021-11-14 13:56:18 #258 INFO] scenario_damage  91% [201 submitted, 0 queued]
[2021-11-14 13:59:02 #258 INFO] scenario_damage  92% [201 submitted, 0 queued]
[2021-11-14 13:59:33 #258 INFO] scenario_damage  93% [201 submitted, 0 queued]
[2021-11-14 14:02:20 #258 INFO] scenario_damage  94% [201 submitted, 0 queued]
[2021-11-14 14:06:55 #258 INFO] scenario_damage  95% [201 submitted, 0 queued]
[2021-11-14 14:51:07 #258 INFO] scenario_damage  96% [201 submitted, 0 queued]
[2021-11-14 15:39:23 #258 INFO] scenario_damage  97% [201 submitted, 0 queued]
[2021-11-14 15:48:36 #258 INFO] scenario_damage  98% [201 submitted, 0 queued]
[2021-11-14 16:03:09 #258 INFO] scenario_damage  99% [201 submitted, 0 queued]
[2021-11-14 16:19:43 #258 INFO] scenario_damage 100% [201 submitted, 0 queued]
[2021-11-14 16:19:43 #258 INFO] Mean time per core=38845s, std=2728.7s, min=35490s, max=48309s
[2021-11-14 16:19:43 #258 INFO] Received {'aed': '25.69 GB', 'd_event': '3.86 GB', 'd_asset': '1.26 GB'} in 48315 seconds
[2021-11-14 16:19:43 #258 INFO] Saving 25.69 GB in dd_data (instead of 701.37 GB)
[2021-11-14 16:24:06 #258 INFO] Portfolio damage
==== ========== ========= =======
kind loss_type  dmg_state value  
==== ========== ========= =======
avg  structural no_damage 250_641
avg  structural slight    559    
avg  structural moderate  102    
avg  structural extensive 40     
avg  structural complete  74     
std  structural no_damage 7_531  
std  structural slight    4_571  
std  structural moderate  1_256  
std  structural extensive 595    
std  structural complete  1_543  
==== ========== ========= =======
[2021-11-14 16:24:06 #258 INFO] Due to rounding errors inherent in floating-point arithmetic, the total number of buildings is not exact: {'expected': 251418.0, 'structural': 21542.086}
[2021-11-14 16:24:22 #258 INFO] Exposing the outputs to the database
[2021-11-14 16:24:22 #258 INFO] Stored 21.32 GB on /root/oqdata/calc_258.hdf5 in 58307 seconds
/home/ssm-user/src/oq-engine/openquake/hazardlib/gsim/base.py:347: ExperimentalWarning: CanadaSHM6_ActiveCrust_BooreEtAl2014 is experimental and may change in future versions - the user is liable for their application
  warnings.warn(msg, ExperimentalWarning)
/home/ssm-user/src/oq-engine/openquake/hazardlib/gsim/base.py:347: ExperimentalWarning: CanadaSHM6_ActiveCrust_BooreEtAl2014 is experimental and may change in future versions - the user is liable for their application
  warnings.warn(msg, ExperimentalWarning)
/home/ssm-user/src/oq-engine/openquake/hazardlib/gsim/base.py:347: ExperimentalWarning: CanadaSHM6_ActiveCrust_BooreEtAl2014 is experimental and may change in future versions - the user is liable for their application
  warnings.warn(msg, ExperimentalWarning)
/home/ssm-user/src/oq-engine/openquake/hazardlib/gsim/base.py:347: ExperimentalWarning: CanadaSHM6_ActiveCrust_BooreEtAl2014 is experimental and may change in future versions - the user is liable for their application
  warnings.warn(msg, ExperimentalWarning)
/home/ssm-user/src/oq-engine/openquake/hazardlib/gsim/base.py:347: ExperimentalWarning: CanadaSHM6_ActiveCrust_BooreEtAl2014 is experimental and may change in future versions - the user is liable for their application
  warnings.warn(msg, ExperimentalWarning)
/home/ssm-user/src/oq-engine/openquake/hazardlib/gsim/base.py:347: ExperimentalWarning: CanadaSHM6_ActiveCrust_BooreEtAl2014 is experimental and may change in future versions - the user is liable for their application
  warnings.warn(msg, ExperimentalWarning)
/home/ssm-user/src/oq-engine/openquake/hazardlib/gsim/base.py:347: ExperimentalWarning: CanadaSHM6_ActiveCrust_BooreEtAl2014 is experimental and may change in future versions - the user is liable for their application
  warnings.warn(msg, ExperimentalWarning)
/home/ssm-user/src/oq-engine/openquake/hazardlib/gsim/base.py:347: ExperimentalWarning: CanadaSHM6_ActiveCrust_BooreEtAl2014 is experimental and may change in future versions - the user is liable for their application
  warnings.warn(msg, ExperimentalWarning)
/home/ssm-user/src/oq-engine/openquake/hazardlib/gsim/base.py:347: ExperimentalWarning: CanadaSHM6_ActiveCrust_BooreEtAl2014 is experimental and may change in future versions - the user is liable for their application
  warnings.warn(msg, ExperimentalWarning)
/home/ssm-user/src/oq-engine/openquake/hazardlib/gsim/base.py:347: ExperimentalWarning: CanadaSHM6_ActiveCrust_BooreEtAl2014 is experimental and may change in future versions - the user is liable for their application
  warnings.warn(msg, ExperimentalWarning)
/home/ssm-user/src/oq-engine/openquake/hazardlib/gsim/base.py:347: ExperimentalWarning: CanadaSHM6_ActiveCrust_BooreEtAl2014 is experimental and may change in future versions - the user is liable for their application
  warnings.warn(msg, ExperimentalWarning)
/home/ssm-user/src/oq-engine/openquake/hazardlib/gsim/base.py:347: ExperimentalWarning: CanadaSHM6_ActiveCrust_BooreEtAl2014 is experimental and may change in future versions - the user is liable for their application
  warnings.warn(msg, ExperimentalWarning)
/home/ssm-user/src/oq-engine/openquake/hazardlib/gsim/base.py:347: ExperimentalWarning: CanadaSHM6_ActiveCrust_BooreEtAl2014 is experimental and may change in future versions - the user is liable for their application
  warnings.warn(msg, ExperimentalWarning)
/home/ssm-user/src/oq-engine/openquake/hazardlib/gsim/base.py:347: ExperimentalWarning: CanadaSHM6_ActiveCrust_BooreEtAl2014 is experimental and may change in future versions - the user is liable for their application
  warnings.warn(msg, ExperimentalWarning)
/home/ssm-user/src/oq-engine/openquake/hazardlib/gsim/base.py:347: ExperimentalWarning: CanadaSHM6_ActiveCrust_BooreEtAl2014 is experimental and may change in future versions - the user is liable for their application
  warnings.warn(msg, ExperimentalWarning)
/home/ssm-user/src/oq-engine/openquake/hazardlib/gsim/base.py:347: ExperimentalWarning: CanadaSHM6_ActiveCrust_BooreEtAl2014 is experimental and may change in future versions - the user is liable for their application
  warnings.warn(msg, ExperimentalWarning)
/home/ssm-user/src/oq-engine/openquake/hazardlib/gsim/base.py:347: ExperimentalWarning: CanadaSHM6_ActiveCrust_BooreEtAl2014 is experimental and may change in future versions - the user is liable for their application
  warnings.warn(msg, ExperimentalWarning)
/home/ssm-user/src/oq-engine/openquake/hazardlib/gsim/base.py:347: ExperimentalWarning: CanadaSHM6_ActiveCrust_BooreEtAl2014 is experimental and may change in future versions - the user is liable for their application
  warnings.warn(msg, ExperimentalWarning)
/home/ssm-user/src/oq-engine/openquake/hazardlib/gsim/base.py:347: ExperimentalWarning: CanadaSHM6_ActiveCrust_BooreEtAl2014 is experimental and may change in future versions - the user is liable for their application
  warnings.warn(msg, ExperimentalWarning)
/home/ssm-user/src/oq-engine/openquake/hazardlib/gsim/base.py:347: ExperimentalWarning: CanadaSHM6_ActiveCrust_BooreEtAl2014 is experimental and may change in future versions - the user is liable for their application
  warnings.warn(msg, ExperimentalWarning)
/home/ssm-user/src/oq-engine/openquake/hazardlib/gsim/base.py:347: ExperimentalWarning: CanadaSHM6_ActiveCrust_BooreEtAl2014 is experimental and may change in future versions - the user is liable for their application
  warnings.warn(msg, ExperimentalWarning)
/home/ssm-user/src/oq-engine/openquake/hazardlib/gsim/base.py:347: ExperimentalWarning: CanadaSHM6_ActiveCrust_BooreEtAl2014 is experimental and may change in future versions - the user is liable for their application
  warnings.warn(msg, ExperimentalWarning)
/home/ssm-user/src/oq-engine/openquake/hazardlib/gsim/base.py:347: ExperimentalWarning: CanadaSHM6_ActiveCrust_BooreEtAl2014 is experimental and may change in future versions - the user is liable for their application
  warnings.warn(msg, ExperimentalWarning)
/home/ssm-user/src/oq-engine/openquake/hazardlib/gsim/base.py:347: ExperimentalWarning: CanadaSHM6_ActiveCrust_BooreEtAl2014 is experimental and may change in future versions - the user is liable for their application
  warnings.warn(msg, ExperimentalWarning)
/home/ssm-user/src/oq-engine/openquake/hazardlib/gsim/base.py:347: ExperimentalWarning: CanadaSHM6_ActiveCrust_BooreEtAl2014 is experimental and may change in future versions - the user is liable for their application
  warnings.warn(msg, ExperimentalWarning)
/home/ssm-user/src/oq-engine/openquake/hazardlib/gsim/base.py:347: ExperimentalWarning: CanadaSHM6_ActiveCrust_BooreEtAl2014 is experimental and may change in future versions - the user is liable for their application
  warnings.warn(msg, ExperimentalWarning)
/home/ssm-user/src/oq-engine/openquake/hazardlib/gsim/base.py:347: ExperimentalWarning: CanadaSHM6_ActiveCrust_BooreEtAl2014 is experimental and may change in future versions - the user is liable for their application
  warnings.warn(msg, ExperimentalWarning)
/home/ssm-user/src/oq-engine/openquake/hazardlib/gsim/base.py:347: ExperimentalWarning: CanadaSHM6_ActiveCrust_BooreEtAl2014 is experimental and may change in future versions - the user is liable for their application
  warnings.warn(msg, ExperimentalWarning)
/home/ssm-user/src/oq-engine/openquake/hazardlib/gsim/base.py:347: ExperimentalWarning: CanadaSHM6_ActiveCrust_BooreEtAl2014 is experimental and may change in future versions - the user is liable for their application
  warnings.warn(msg, ExperimentalWarning)
/home/ssm-user/src/oq-engine/openquake/hazardlib/gsim/base.py:347: ExperimentalWarning: CanadaSHM6_ActiveCrust_BooreEtAl2014 is experimental and may change in future versions - the user is liable for their application
  warnings.warn(msg, ExperimentalWarning)
/home/ssm-user/src/oq-engine/openquake/hazardlib/gsim/base.py:347: ExperimentalWarning: CanadaSHM6_ActiveCrust_BooreEtAl2014 is experimental and may change in future versions - the user is liable for their application
  warnings.warn(msg, ExperimentalWarning)
/home/ssm-user/src/oq-engine/openquake/hazardlib/gsim/base.py:347: ExperimentalWarning: CanadaSHM6_ActiveCrust_BooreEtAl2014 is experimental and may change in future versions - the user is liable for their application
  warnings.warn(msg, ExperimentalWarning)
/home/ssm-user/src/oq-engine/openquake/hazardlib/gsim/base.py:347: ExperimentalWarning: CanadaSHM6_ActiveCrust_BooreEtAl2014 is experimental and may change in future versions - the user is liable for their application
  warnings.warn(msg, ExperimentalWarning)
/home/ssm-user/src/oq-engine/openquake/hazardlib/gsim/base.py:347: ExperimentalWarning: CanadaSHM6_ActiveCrust_BooreEtAl2014 is experimental and may change in future versions - the user is liable for their application
  warnings.warn(msg, ExperimentalWarning)
/home/ssm-user/src/oq-engine/openquake/hazardlib/gsim/base.py:347: ExperimentalWarning: CanadaSHM6_ActiveCrust_BooreEtAl2014 is experimental and may change in future versions - the user is liable for their application
  warnings.warn(msg, ExperimentalWarning)
/home/ssm-user/src/oq-engine/openquake/hazardlib/gsim/base.py:347: ExperimentalWarning: CanadaSHM6_ActiveCrust_BooreEtAl2014 is experimental and may change in future versions - the user is liable for their application
  warnings.warn(msg, ExperimentalWarning)
/home/ssm-user/src/oq-engine/openquake/hazardlib/gsim/base.py:347: ExperimentalWarning: CanadaSHM6_ActiveCrust_BooreEtAl2014 is experimental and may change in future versions - the user is liable for their application
  warnings.warn(msg, ExperimentalWarning)
/home/ssm-user/src/oq-engine/openquake/hazardlib/gsim/base.py:347: ExperimentalWarning: CanadaSHM6_ActiveCrust_BooreEtAl2014 is experimental and may change in future versions - the user is liable for their application
  warnings.warn(msg, ExperimentalWarning)
/home/ssm-user/src/oq-engine/openquake/hazardlib/gsim/base.py:347: ExperimentalWarning: CanadaSHM6_ActiveCrust_BooreEtAl2014 is experimental and may change in future versions - the user is liable for their application
  warnings.warn(msg, ExperimentalWarning)
/home/ssm-user/src/oq-engine/openquake/hazardlib/gsim/base.py:347: ExperimentalWarning: CanadaSHM6_ActiveCrust_BooreEtAl2014 is experimental and may change in future versions - the user is liable for their application
  warnings.warn(msg, ExperimentalWarning)
/home/ssm-user/src/oq-engine/openquake/hazardlib/gsim/base.py:347: ExperimentalWarning: CanadaSHM6_ActiveCrust_BooreEtAl2014 is experimental and may change in future versions - the user is liable for their application
  warnings.warn(msg, ExperimentalWarning)
/home/ssm-user/src/oq-engine/openquake/hazardlib/gsim/base.py:347: ExperimentalWarning: CanadaSHM6_ActiveCrust_BooreEtAl2014 is experimental and may change in future versions - the user is liable for their application
  warnings.warn(msg, ExperimentalWarning)
/home/ssm-user/src/oq-engine/openquake/hazardlib/gsim/base.py:347: ExperimentalWarning: CanadaSHM6_ActiveCrust_BooreEtAl2014 is experimental and may change in future versions - the user is liable for their application
  warnings.warn(msg, ExperimentalWarning)
/home/ssm-user/src/oq-engine/openquake/hazardlib/gsim/base.py:347: ExperimentalWarning: CanadaSHM6_ActiveCrust_BooreEtAl2014 is experimental and may change in future versions - the user is liable for their application
  warnings.warn(msg, ExperimentalWarning)
/home/ssm-user/src/oq-engine/openquake/hazardlib/gsim/base.py:347: ExperimentalWarning: CanadaSHM6_ActiveCrust_BooreEtAl2014 is experimental and may change in future versions - the user is liable for their application
  warnings.warn(msg, ExperimentalWarning)
/home/ssm-user/src/oq-engine/openquake/hazardlib/gsim/base.py:347: ExperimentalWarning: CanadaSHM6_ActiveCrust_BooreEtAl2014 is experimental and may change in future versions - the user is liable for their application
  warnings.warn(msg, ExperimentalWarning)
/home/ssm-user/src/oq-engine/openquake/hazardlib/gsim/base.py:347: ExperimentalWarning: CanadaSHM6_ActiveCrust_BooreEtAl2014 is experimental and may change in future versions - the user is liable for their application
  warnings.warn(msg, ExperimentalWarning)
/home/ssm-user/src/oq-engine/openquake/hazardlib/gsim/base.py:347: ExperimentalWarning: CanadaSHM6_ActiveCrust_BooreEtAl2014 is experimental and may change in future versions - the user is liable for their application
  warnings.warn(msg, ExperimentalWarning)
/home/ssm-user/src/oq-engine/openquake/hazardlib/gsim/base.py:347: ExperimentalWarning: CanadaSHM6_ActiveCrust_BooreEtAl2014 is experimental and may change in future versions - the user is liable for their application
  warnings.warn(msg, ExperimentalWarning)
/home/ssm-user/src/oq-engine/openquake/hazardlib/gsim/base.py:347: ExperimentalWarning: CanadaSHM6_ActiveCrust_BooreEtAl2014 is experimental and may change in future versions - the user is liable for their application
  warnings.warn(msg, ExperimentalWarning)
/home/ssm-user/src/oq-engine/openquake/hazardlib/gsim/base.py:347: ExperimentalWarning: CanadaSHM6_ActiveCrust_BooreEtAl2014 is experimental and may change in future versions - the user is liable for their application
  warnings.warn(msg, ExperimentalWarning)
/home/ssm-user/src/oq-engine/openquake/hazardlib/gsim/base.py:347: ExperimentalWarning: CanadaSHM6_ActiveCrust_BooreEtAl2014 is experimental and may change in future versions - the user is liable for their application
  warnings.warn(msg, ExperimentalWarning)
/home/ssm-user/src/oq-engine/openquake/hazardlib/gsim/base.py:347: ExperimentalWarning: CanadaSHM6_ActiveCrust_BooreEtAl2014 is experimental and may change in future versions - the user is liable for their application
  warnings.warn(msg, ExperimentalWarning)
/home/ssm-user/src/oq-engine/openquake/hazardlib/gsim/base.py:347: ExperimentalWarning: CanadaSHM6_ActiveCrust_BooreEtAl2014 is experimental and may change in future versions - the user is liable for their application
  warnings.warn(msg, ExperimentalWarning)
/home/ssm-user/src/oq-engine/openquake/hazardlib/gsim/base.py:347: ExperimentalWarning: CanadaSHM6_ActiveCrust_BooreEtAl2014 is experimental and may change in future versions - the user is liable for their application
  warnings.warn(msg, ExperimentalWarning)
/home/ssm-user/src/oq-engine/openquake/hazardlib/gsim/base.py:347: ExperimentalWarning: CanadaSHM6_ActiveCrust_BooreEtAl2014 is experimental and may change in future versions - the user is liable for their application
  warnings.warn(msg, ExperimentalWarning)
/home/ssm-user/src/oq-engine/openquake/hazardlib/gsim/base.py:347: ExperimentalWarning: CanadaSHM6_ActiveCrust_BooreEtAl2014 is experimental and may change in future versions - the user is liable for their application
  warnings.warn(msg, ExperimentalWarning)
/home/ssm-user/src/oq-engine/openquake/hazardlib/gsim/base.py:347: ExperimentalWarning: CanadaSHM6_ActiveCrust_BooreEtAl2014 is experimental and may change in future versions - the user is liable for their application
  warnings.warn(msg, ExperimentalWarning)
/home/ssm-user/src/oq-engine/openquake/hazardlib/gsim/base.py:347: ExperimentalWarning: CanadaSHM6_ActiveCrust_BooreEtAl2014 is experimental and may change in future versions - the user is liable for their application
  warnings.warn(msg, ExperimentalWarning)
/home/ssm-user/src/oq-engine/openquake/hazardlib/gsim/base.py:347: ExperimentalWarning: CanadaSHM6_ActiveCrust_BooreEtAl2014 is experimental and may change in future versions - the user is liable for their application
  warnings.warn(msg, ExperimentalWarning)
/home/ssm-user/src/oq-engine/openquake/hazardlib/gsim/base.py:347: ExperimentalWarning: CanadaSHM6_ActiveCrust_BooreEtAl2014 is experimental and may change in future versions - the user is liable for their application
  warnings.warn(msg, ExperimentalWarning)
/home/ssm-user/src/oq-engine/openquake/hazardlib/gsim/base.py:347: ExperimentalWarning: CanadaSHM6_ActiveCrust_BooreEtAl2014 is experimental and may change in future versions - the user is liable for their application
  warnings.warn(msg, ExperimentalWarning)
/home/ssm-user/src/oq-engine/openquake/hazardlib/gsim/base.py:347: ExperimentalWarning: CanadaSHM6_ActiveCrust_BooreEtAl2014 is experimental and may change in future versions - the user is liable for their application
  warnings.warn(msg, ExperimentalWarning)
/home/ssm-user/src/oq-engine/openquake/hazardlib/gsim/base.py:347: ExperimentalWarning: CanadaSHM6_ActiveCrust_BooreEtAl2014 is experimental and may change in future versions - the user is liable for their application
  warnings.warn(msg, ExperimentalWarning)
/home/ssm-user/src/oq-engine/openquake/hazardlib/gsim/base.py:347: ExperimentalWarning: CanadaSHM6_ActiveCrust_BooreEtAl2014 is experimental and may change in future versions - the user is liable for their application
  warnings.warn(msg, ExperimentalWarning)
/home/ssm-user/src/oq-engine/openquake/hazardlib/gsim/base.py:347: ExperimentalWarning: CanadaSHM6_ActiveCrust_BooreEtAl2014 is experimental and may change in future versions - the user is liable for their application
  warnings.warn(msg, ExperimentalWarning)
/home/ssm-user/src/oq-engine/openquake/hazardlib/gsim/base.py:347: ExperimentalWarning: CanadaSHM6_ActiveCrust_BooreEtAl2014 is experimental and may change in future versions - the user is liable for their application
  warnings.warn(msg, ExperimentalWarning)
/home/ssm-user/src/oq-engine/openquake/hazardlib/gsim/base.py:347: ExperimentalWarning: CanadaSHM6_ActiveCrust_BooreEtAl2014 is experimental and may change in future versions - the user is liable for their application
  warnings.warn(msg, ExperimentalWarning)
/home/ssm-user/src/oq-engine/openquake/hazardlib/gsim/base.py:347: ExperimentalWarning: CanadaSHM6_ActiveCrust_BooreEtAl2014 is experimental and may change in future versions - the user is liable for their application
  warnings.warn(msg, ExperimentalWarning)
/home/ssm-user/src/oq-engine/openquake/hazardlib/gsim/base.py:347: ExperimentalWarning: CanadaSHM6_ActiveCrust_BooreEtAl2014 is experimental and may change in future versions - the user is liable for their application
  warnings.warn(msg, ExperimentalWarning)
/home/ssm-user/src/oq-engine/openquake/hazardlib/gsim/base.py:347: ExperimentalWarning: CanadaSHM6_ActiveCrust_BooreEtAl2014 is experimental and may change in future versions - the user is liable for their application
  warnings.warn(msg, ExperimentalWarning)
/home/ssm-user/src/oq-engine/openquake/hazardlib/gsim/base.py:347: ExperimentalWarning: CanadaSHM6_ActiveCrust_BooreEtAl2014 is experimental and may change in future versions - the user is liable for their application
  warnings.warn(msg, ExperimentalWarning)
/home/ssm-user/src/oq-engine/openquake/hazardlib/gsim/base.py:347: ExperimentalWarning: CanadaSHM6_ActiveCrust_BooreEtAl2014 is experimental and may change in future versions - the user is liable for their application
  warnings.warn(msg, ExperimentalWarning)
/home/ssm-user/src/oq-engine/openquake/hazardlib/gsim/base.py:347: ExperimentalWarning: CanadaSHM6_ActiveCrust_BooreEtAl2014 is experimental and may change in future versions - the user is liable for their application
  warnings.warn(msg, ExperimentalWarning)
/home/ssm-user/src/oq-engine/openquake/hazardlib/gsim/base.py:347: ExperimentalWarning: CanadaSHM6_ActiveCrust_BooreEtAl2014 is experimental and may change in future versions - the user is liable for their application
  warnings.warn(msg, ExperimentalWarning)
/home/ssm-user/src/oq-engine/openquake/hazardlib/gsim/base.py:347: ExperimentalWarning: CanadaSHM6_ActiveCrust_BooreEtAl2014 is experimental and may change in future versions - the user is liable for their application
  warnings.warn(msg, ExperimentalWarning)
/home/ssm-user/src/oq-engine/openquake/hazardlib/gsim/base.py:347: ExperimentalWarning: CanadaSHM6_ActiveCrust_BooreEtAl2014 is experimental and may change in future versions - the user is liable for their application
  warnings.warn(msg, ExperimentalWarning)
/home/ssm-user/src/oq-engine/openquake/hazardlib/gsim/base.py:347: ExperimentalWarning: CanadaSHM6_ActiveCrust_BooreEtAl2014 is experimental and may change in future versions - the user is liable for their application
  warnings.warn(msg, ExperimentalWarning)
/home/ssm-user/src/oq-engine/openquake/hazardlib/gsim/base.py:347: ExperimentalWarning: CanadaSHM6_ActiveCrust_BooreEtAl2014 is experimental and may change in future versions - the user is liable for their application
  warnings.warn(msg, ExperimentalWarning)
/home/ssm-user/src/oq-engine/openquake/hazardlib/gsim/base.py:347: ExperimentalWarning: CanadaSHM6_ActiveCrust_BooreEtAl2014 is experimental and may change in future versions - the user is liable for their application
  warnings.warn(msg, ExperimentalWarning)
/home/ssm-user/src/oq-engine/openquake/hazardlib/gsim/base.py:347: ExperimentalWarning: CanadaSHM6_ActiveCrust_BooreEtAl2014 is experimental and may change in future versions - the user is liable for their application
  warnings.warn(msg, ExperimentalWarning)
/home/ssm-user/src/oq-engine/openquake/hazardlib/gsim/base.py:347: ExperimentalWarning: CanadaSHM6_ActiveCrust_BooreEtAl2014 is experimental and may change in future versions - the user is liable for their application
  warnings.warn(msg, ExperimentalWarning)
/home/ssm-user/src/oq-engine/openquake/hazardlib/gsim/base.py:347: ExperimentalWarning: CanadaSHM6_ActiveCrust_BooreEtAl2014 is experimental and may change in future versions - the user is liable for their application
  warnings.warn(msg, ExperimentalWarning)
/home/ssm-user/src/oq-engine/openquake/hazardlib/gsim/base.py:347: ExperimentalWarning: CanadaSHM6_ActiveCrust_BooreEtAl2014 is experimental and may change in future versions - the user is liable for their application
  warnings.warn(msg, ExperimentalWarning)
/home/ssm-user/src/oq-engine/openquake/hazardlib/gsim/base.py:347: ExperimentalWarning: CanadaSHM6_ActiveCrust_BooreEtAl2014 is experimental and may change in future versions - the user is liable for their application
  warnings.warn(msg, ExperimentalWarning)
/home/ssm-user/src/oq-engine/openquake/hazardlib/gsim/base.py:347: ExperimentalWarning: CanadaSHM6_ActiveCrust_BooreEtAl2014 is experimental and may change in future versions - the user is liable for their application
  warnings.warn(msg, ExperimentalWarning)
/home/ssm-user/src/oq-engine/openquake/hazardlib/gsim/base.py:347: ExperimentalWarning: CanadaSHM6_ActiveCrust_BooreEtAl2014 is experimental and may change in future versions - the user is liable for their application
  warnings.warn(msg, ExperimentalWarning)
/home/ssm-user/src/oq-engine/openquake/hazardlib/gsim/base.py:347: ExperimentalWarning: CanadaSHM6_ActiveCrust_BooreEtAl2014 is experimental and may change in future versions - the user is liable for their application
  warnings.warn(msg, ExperimentalWarning)
/home/ssm-user/src/oq-engine/openquake/hazardlib/gsim/base.py:347: ExperimentalWarning: CanadaSHM6_ActiveCrust_BooreEtAl2014 is experimental and may change in future versions - the user is liable for their application
  warnings.warn(msg, ExperimentalWarning)
/home/ssm-user/src/oq-engine/openquake/hazardlib/gsim/base.py:347: ExperimentalWarning: CanadaSHM6_ActiveCrust_BooreEtAl2014 is experimental and may change in future versions - the user is liable for their application
  warnings.warn(msg, ExperimentalWarning)
/home/ssm-user/src/oq-engine/openquake/hazardlib/gsim/base.py:347: ExperimentalWarning: CanadaSHM6_ActiveCrust_BooreEtAl2014 is experimental and may change in future versions - the user is liable for their application
  warnings.warn(msg, ExperimentalWarning)
/home/ssm-user/src/oq-engine/openquake/hazardlib/gsim/base.py:347: ExperimentalWarning: CanadaSHM6_ActiveCrust_BooreEtAl2014 is experimental and may change in future versions - the user is liable for their application
  warnings.warn(msg, ExperimentalWarning)
/home/ssm-user/src/oq-engine/openquake/hazardlib/gsim/base.py:347: ExperimentalWarning: CanadaSHM6_ActiveCrust_BooreEtAl2014 is experimental and may change in future versions - the user is liable for their application
  warnings.warn(msg, ExperimentalWarning)
/home/ssm-user/src/oq-engine/openquake/hazardlib/gsim/base.py:347: ExperimentalWarning: CanadaSHM6_ActiveCrust_BooreEtAl2014 is experimental and may change in future versions - the user is liable for their application
  warnings.warn(msg, ExperimentalWarning)
/home/ssm-user/src/oq-engine/openquake/hazardlib/gsim/base.py:347: ExperimentalWarning: CanadaSHM6_ActiveCrust_BooreEtAl2014 is experimental and may change in future versions - the user is liable for their application
  warnings.warn(msg, ExperimentalWarning)
/home/ssm-user/src/oq-engine/openquake/hazardlib/gsim/base.py:347: ExperimentalWarning: CanadaSHM6_ActiveCrust_BooreEtAl2014 is experimental and may change in future versions - the user is liable for their application
  warnings.warn(msg, ExperimentalWarning)
[2021-11-14 16:24:23 #259 INFO] root running /mnt/storage/canada-srm2/eDamage/input/eDamage_r1_QC_H_Montreal.ini [--hc=258]
[2021-11-14 16:24:23 #259 INFO] Using engine version 3.11.3-git29ac352f7d
[2021-11-14 16:24:24 #259 WARNING] Version v3.12.1 of the engine is available, but you are still using version 3.11.3-git29ac352f7d
[2021-11-14 16:24:24 #259 WARNING] Using 96 cores on ip-10-70-136-127
[2021-11-14 16:24:24 #259 INFO] Validated nationalModel.xml in 0.01 seconds
[2021-11-14 16:24:24 #259 INFO] Checksum of the input files: 514598877
[2021-11-14 16:24:24 #259 INFO] Reading the risk model if present
[2021-11-14 16:24:27 #259 INFO] Reading /mnt/storage/openquake-inputs/exposure/general-building-stock/oqBldgExp_QC_H_Montreal.xml
[2021-11-14 16:24:38 #259 INFO] Associated 74415 assets to 3273 sites
[2021-11-14 16:24:43 #259 INFO] Reducing risk model from 4224 to 369 taxonomies
[2021-11-14 16:24:45 #259 INFO] minimum_asset_loss={'structural': 0}
[2021-11-14 16:24:45 #259 INFO] Storing risk model
[2021-11-14 16:24:45 #259 INFO] Building risk inputs from 200 realization(s)
[2021-11-14 16:30:14 #259 INFO] Grouping the GMFs by site ID
[2021-11-14 16:33:59 #259 INFO] Built 3273 risk inputs
  id | name
1952 | Aggregate Event Damages
1950 | Asset Damage Distributions
1951 | Asset Damage Statistics
1958 | Earthquake Ruptures
1953 | Events
1954 | Full Report
1955 | Ground Motion Fields
1956 | Input Files
1957 | Realizations
[2021-11-14 16:35:33 #259 INFO] Sent 201 tasks, 36.63 GB in 79 seconds
[2021-11-14 20:39:56 #259 INFO] scenario_damage   1% [201 submitted, 0 queued]
[2021-11-14 20:58:31 #259 INFO] scenario_damage   2% [201 submitted, 0 queued]
[2021-11-14 21:07:00 #259 INFO] scenario_damage   3% [201 submitted, 0 queued]
[2021-11-14 21:14:44 #259 INFO] scenario_damage   4% [201 submitted, 0 queued]
[2021-11-14 21:22:32 #259 INFO] scenario_damage   5% [201 submitted, 0 queued]
[2021-11-14 21:23:57 #259 INFO] scenario_damage   6% [201 submitted, 0 queued]
[2021-11-14 21:26:26 #259 INFO] scenario_damage   7% [201 submitted, 0 queued]
[2021-11-14 21:28:26 #259 INFO] scenario_damage   8% [201 submitted, 0 queued]
[2021-11-14 21:29:33 #259 INFO] scenario_damage   9% [201 submitted, 0 queued]
[2021-11-14 21:30:06 #259 INFO] scenario_damage  10% [201 submitted, 0 queued]
[2021-11-14 21:30:48 #259 INFO] scenario_damage  11% [201 submitted, 0 queued]
[2021-11-14 21:31:51 #259 INFO] scenario_damage  12% [201 submitted, 0 queued]
[2021-11-14 21:32:47 #259 INFO] scenario_damage  13% [201 submitted, 0 queued]
[2021-11-14 21:33:34 #259 INFO] scenario_damage  14% [201 submitted, 0 queued]
[2021-11-14 21:36:23 #259 INFO] scenario_damage  15% [201 submitted, 0 queued]
[2021-11-14 21:36:43 #259 INFO] scenario_damage  16% [201 submitted, 0 queued]
[2021-11-14 21:37:07 #259 INFO] scenario_damage  17% [201 submitted, 0 queued]
[2021-11-14 21:37:56 #259 INFO] scenario_damage  18% [201 submitted, 0 queued]
[2021-11-14 21:40:20 #259 INFO] scenario_damage  19% [201 submitted, 0 queued]
[2021-11-14 21:40:59 #259 INFO] scenario_damage  20% [201 submitted, 0 queued]
[2021-11-14 21:42:00 #259 INFO] scenario_damage  21% [201 submitted, 0 queued]
[2021-11-14 21:44:08 #259 INFO] scenario_damage  22% [201 submitted, 0 queued]
[2021-11-14 21:44:37 #259 INFO] scenario_damage  23% [201 submitted, 0 queued]
[2021-11-14 21:45:53 #259 INFO] scenario_damage  24% [201 submitted, 0 queued]
[2021-11-14 21:46:31 #259 INFO] scenario_damage  25% [201 submitted, 0 queued]
[2021-11-14 21:48:21 #259 INFO] scenario_damage  26% [201 submitted, 0 queued]
[2021-11-14 21:49:06 #259 INFO] scenario_damage  27% [201 submitted, 0 queued]
[2021-11-14 21:52:11 #259 INFO] scenario_damage  28% [201 submitted, 0 queued]
[2021-11-14 21:52:29 #259 INFO] scenario_damage  29% [201 submitted, 0 queued]
[2021-11-14 21:52:57 #259 INFO] scenario_damage  30% [201 submitted, 0 queued]
[2021-11-14 21:53:56 #259 INFO] scenario_damage  31% [201 submitted, 0 queued]
[2021-11-14 21:54:58 #259 INFO] scenario_damage  32% [201 submitted, 0 queued]
[2021-11-14 21:57:11 #259 INFO] scenario_damage  33% [201 submitted, 0 queued]
[2021-11-14 21:58:11 #259 INFO] scenario_damage  34% [201 submitted, 0 queued]
[2021-11-14 21:59:55 #259 INFO] scenario_damage  35% [201 submitted, 0 queued]
[2021-11-14 22:03:06 #259 INFO] scenario_damage  36% [201 submitted, 0 queued]
[2021-11-14 22:05:54 #259 INFO] scenario_damage  37% [201 submitted, 0 queued]
[2021-11-14 22:08:10 #259 INFO] scenario_damage  38% [201 submitted, 0 queued]
[2021-11-14 22:08:58 #259 INFO] scenario_damage  39% [201 submitted, 0 queued]
[2021-11-14 22:09:55 #259 INFO] scenario_damage  40% [201 submitted, 0 queued]
[2021-11-14 22:11:52 #259 INFO] scenario_damage  41% [201 submitted, 0 queued]
[2021-11-14 22:12:36 #259 INFO] scenario_damage  42% [201 submitted, 0 queued]
[2021-11-14 22:13:05 #259 INFO] scenario_damage  43% [201 submitted, 0 queued]
[2021-11-14 22:16:02 #259 INFO] scenario_damage  44% [201 submitted, 0 queued]
[2021-11-14 22:20:21 #259 INFO] scenario_damage  45% [201 submitted, 0 queued]
[2021-11-14 22:25:59 #259 INFO] scenario_damage  46% [201 submitted, 0 queued]
[2021-11-14 22:57:51 #259 INFO] scenario_damage  47% [201 submitted, 0 queued]
[2021-11-15 00:02:58 #259 INFO] scenario_damage  48% [201 submitted, 0 queued]
[2021-11-15 01:33:06 #259 INFO] scenario_damage  49% [201 submitted, 0 queued]
[2021-11-15 01:37:22 #259 INFO] scenario_damage  50% [201 submitted, 0 queued]
[2021-11-15 02:20:33 #259 INFO] scenario_damage  51% [201 submitted, 0 queued]
[2021-11-15 02:27:01 #259 INFO] scenario_damage  52% [201 submitted, 0 queued]
[2021-11-15 02:28:51 #259 INFO] scenario_damage  53% [201 submitted, 0 queued]
[2021-11-15 02:33:39 #259 INFO] scenario_damage  54% [201 submitted, 0 queued]
[2021-11-15 02:35:31 #259 INFO] scenario_damage  55% [201 submitted, 0 queued]
[2021-11-15 02:37:48 #259 INFO] scenario_damage  56% [201 submitted, 0 queued]
[2021-11-15 02:43:14 #259 INFO] scenario_damage  57% [201 submitted, 0 queued]
[2021-11-15 02:44:54 #259 INFO] scenario_damage  58% [201 submitted, 0 queued]
[2021-11-15 02:49:14 #259 INFO] scenario_damage  59% [201 submitted, 0 queued]
[2021-11-15 02:50:36 #259 INFO] scenario_damage  60% [201 submitted, 0 queued]
[2021-11-15 02:52:33 #259 INFO] scenario_damage  61% [201 submitted, 0 queued]
[2021-11-15 02:52:47 #259 INFO] scenario_damage  62% [201 submitted, 0 queued]
[2021-11-15 02:54:53 #259 INFO] scenario_damage  63% [201 submitted, 0 queued]
[2021-11-15 02:56:51 #259 INFO] scenario_damage  64% [201 submitted, 0 queued]
[2021-11-15 02:59:34 #259 INFO] scenario_damage  65% [201 submitted, 0 queued]
[2021-11-15 03:00:10 #259 INFO] scenario_damage  66% [201 submitted, 0 queued]
[2021-11-15 03:00:25 #259 INFO] scenario_damage  67% [201 submitted, 0 queued]
[2021-11-15 03:01:10 #259 INFO] scenario_damage  68% [201 submitted, 0 queued]
[2021-11-15 03:02:36 #259 INFO] scenario_damage  69% [201 submitted, 0 queued]
[2021-11-15 03:03:38 #259 INFO] scenario_damage  70% [201 submitted, 0 queued]
[2021-11-15 03:04:58 #259 INFO] scenario_damage  71% [201 submitted, 0 queued]
[2021-11-15 03:06:11 #259 INFO] scenario_damage  72% [201 submitted, 0 queued]
[2021-11-15 03:08:27 #259 INFO] scenario_damage  73% [201 submitted, 0 queued]
[2021-11-15 03:09:39 #259 INFO] scenario_damage  74% [201 submitted, 0 queued]
[2021-11-15 03:10:30 #259 INFO] scenario_damage  75% [201 submitted, 0 queued]
[2021-11-15 03:11:12 #259 INFO] scenario_damage  76% [201 submitted, 0 queued]
[2021-11-15 03:12:35 #259 INFO] scenario_damage  77% [201 submitted, 0 queued]
[2021-11-15 03:12:44 #259 INFO] scenario_damage  78% [201 submitted, 0 queued]
[2021-11-15 03:13:47 #259 INFO] scenario_damage  79% [201 submitted, 0 queued]
[2021-11-15 03:14:03 #259 INFO] scenario_damage  80% [201 submitted, 0 queued]
[2021-11-15 03:16:00 #259 INFO] scenario_damage  81% [201 submitted, 0 queued]
[2021-11-15 03:17:40 #259 INFO] scenario_damage  82% [201 submitted, 0 queued]
[2021-11-15 03:18:50 #259 INFO] scenario_damage  83% [201 submitted, 0 queued]
[2021-11-15 03:19:22 #259 INFO] scenario_damage  84% [201 submitted, 0 queued]
[2021-11-15 03:20:18 #259 INFO] scenario_damage  85% [201 submitted, 0 queued]
[2021-11-15 03:20:43 #259 INFO] scenario_damage  86% [201 submitted, 0 queued]
[2021-11-15 03:23:11 #259 INFO] scenario_damage  87% [201 submitted, 0 queued]
[2021-11-15 03:24:34 #259 INFO] scenario_damage  88% [201 submitted, 0 queued]
[2021-11-15 03:25:37 #259 INFO] scenario_damage  89% [201 submitted, 0 queued]
[2021-11-15 03:31:04 #259 INFO] scenario_damage  90% [201 submitted, 0 queued]
[2021-11-15 03:32:30 #259 INFO] scenario_damage  91% [201 submitted, 0 queued]
[2021-11-15 03:36:30 #259 INFO] scenario_damage  92% [201 submitted, 0 queued]
[2021-11-15 03:40:51 #259 INFO] scenario_damage  93% [201 submitted, 0 queued]
[2021-11-15 03:41:28 #259 INFO] scenario_damage  94% [201 submitted, 0 queued]
[2021-11-15 03:47:38 #259 INFO] scenario_damage  95% [201 submitted, 0 queued]
[2021-11-15 04:37:37 #259 INFO] scenario_damage  96% [201 submitted, 0 queued]
[2021-11-15 05:18:47 #259 INFO] scenario_damage  97% [201 submitted, 0 queued]
[2021-11-15 05:27:53 #259 INFO] scenario_damage  98% [201 submitted, 0 queued]
[2021-11-15 05:41:34 #259 INFO] scenario_damage  99% [201 submitted, 0 queued]
[2021-11-15 06:03:02 #259 INFO] scenario_damage 100% [201 submitted, 0 queued]
[2021-11-15 06:03:02 #259 INFO] Mean time per core=38796s, std=2735.6s, min=35619s, max=48484s
[2021-11-15 06:03:02 #259 INFO] Received {'aed': '15.27 GB', 'd_event': '1.84 GB', 'd_asset': '1.26 GB'} in 48448 seconds
[2021-11-15 06:03:02 #259 INFO] Saving 15.27 GB in dd_data (instead of 701.37 GB)
[2021-11-15 06:07:29 #259 INFO] Portfolio damage
==== ========== ========= =======
kind loss_type  dmg_state value  
==== ========== ========= =======
avg  structural no_damage 250_872
avg  structural slight    427    
avg  structural moderate  65     
avg  structural extensive 22     
avg  structural complete  31     
std  structural no_damage 6_601  
std  structural slight    4_482  
std  structural moderate  1_152  
std  structural extensive 516    
std  structural complete  934    
==== ========== ========= =======
[2021-11-15 06:07:29 #259 INFO] Due to rounding errors inherent in floating-point arithmetic, the total number of buildings is not exact: {'expected': 251418.0, 'structural': 21540.27}
[2021-11-15 06:07:50 #259 INFO] Exposing the outputs to the database
[2021-11-15 06:07:50 #259 INFO] Stored 2.15 GB on /root/oqdata/calc_259.hdf5 in 49406 seconds
/home/ssm-user/src/oq-engine/openquake/hazardlib/gsim/base.py:347: ExperimentalWarning: CanadaSHM6_ActiveCrust_BooreEtAl2014 is experimental and may change in future versions - the user is liable for their application
  warnings.warn(msg, ExperimentalWarning)
/home/ssm-user/src/oq-engine/openquake/hazardlib/gsim/base.py:347: ExperimentalWarning: CanadaSHM6_ActiveCrust_BooreEtAl2014 is experimental and may change in future versions - the user is liable for their application
  warnings.warn(msg, ExperimentalWarning)
/home/ssm-user/src/oq-engine/openquake/hazardlib/gsim/base.py:347: ExperimentalWarning: CanadaSHM6_ActiveCrust_BooreEtAl2014 is experimental and may change in future versions - the user is liable for their application
  warnings.warn(msg, ExperimentalWarning)
/home/ssm-user/src/oq-engine/openquake/hazardlib/gsim/base.py:347: ExperimentalWarning: CanadaSHM6_ActiveCrust_BooreEtAl2014 is experimental and may change in future versions - the user is liable for their application
  warnings.warn(msg, ExperimentalWarning)
/home/ssm-user/src/oq-engine/openquake/hazardlib/gsim/base.py:347: ExperimentalWarning: CanadaSHM6_ActiveCrust_BooreEtAl2014 is experimental and may change in future versions - the user is liable for their application
  warnings.warn(msg, ExperimentalWarning)
/home/ssm-user/src/oq-engine/openquake/hazardlib/gsim/base.py:347: ExperimentalWarning: CanadaSHM6_ActiveCrust_BooreEtAl2014 is experimental and may change in future versions - the user is liable for their application
  warnings.warn(msg, ExperimentalWarning)
/home/ssm-user/src/oq-engine/openquake/hazardlib/gsim/base.py:347: ExperimentalWarning: CanadaSHM6_ActiveCrust_BooreEtAl2014 is experimental and may change in future versions - the user is liable for their application
  warnings.warn(msg, ExperimentalWarning)
/home/ssm-user/src/oq-engine/openquake/hazardlib/gsim/base.py:347: ExperimentalWarning: CanadaSHM6_ActiveCrust_BooreEtAl2014 is experimental and may change in future versions - the user is liable for their application
  warnings.warn(msg, ExperimentalWarning)
/home/ssm-user/src/oq-engine/openquake/hazardlib/gsim/base.py:347: ExperimentalWarning: CanadaSHM6_ActiveCrust_BooreEtAl2014 is experimental and may change in future versions - the user is liable for their application
  warnings.warn(msg, ExperimentalWarning)
/home/ssm-user/src/oq-engine/openquake/hazardlib/gsim/base.py:347: ExperimentalWarning: CanadaSHM6_ActiveCrust_BooreEtAl2014 is experimental and may change in future versions - the user is liable for their application
  warnings.warn(msg, ExperimentalWarning)
/home/ssm-user/src/oq-engine/openquake/hazardlib/gsim/base.py:347: ExperimentalWarning: CanadaSHM6_ActiveCrust_BooreEtAl2014 is experimental and may change in future versions - the user is liable for their application
  warnings.warn(msg, ExperimentalWarning)
/home/ssm-user/src/oq-engine/openquake/hazardlib/gsim/base.py:347: ExperimentalWarning: CanadaSHM6_ActiveCrust_BooreEtAl2014 is experimental and may change in future versions - the user is liable for their application
  warnings.warn(msg, ExperimentalWarning)
/home/ssm-user/src/oq-engine/openquake/hazardlib/gsim/base.py:347: ExperimentalWarning: CanadaSHM6_ActiveCrust_BooreEtAl2014 is experimental and may change in future versions - the user is liable for their application
  warnings.warn(msg, ExperimentalWarning)
/home/ssm-user/src/oq-engine/openquake/hazardlib/gsim/base.py:347: ExperimentalWarning: CanadaSHM6_ActiveCrust_BooreEtAl2014 is experimental and may change in future versions - the user is liable for their application
  warnings.warn(msg, ExperimentalWarning)
/home/ssm-user/src/oq-engine/openquake/hazardlib/gsim/base.py:347: ExperimentalWarning: CanadaSHM6_ActiveCrust_BooreEtAl2014 is experimental and may change in future versions - the user is liable for their application
  warnings.warn(msg, ExperimentalWarning)
/home/ssm-user/src/oq-engine/openquake/hazardlib/gsim/base.py:347: ExperimentalWarning: CanadaSHM6_ActiveCrust_BooreEtAl2014 is experimental and may change in future versions - the user is liable for their application
  warnings.warn(msg, ExperimentalWarning)
/home/ssm-user/src/oq-engine/openquake/hazardlib/gsim/base.py:347: ExperimentalWarning: CanadaSHM6_ActiveCrust_BooreEtAl2014 is experimental and may change in future versions - the user is liable for their application
  warnings.warn(msg, ExperimentalWarning)
/home/ssm-user/src/oq-engine/openquake/hazardlib/gsim/base.py:347: ExperimentalWarning: CanadaSHM6_ActiveCrust_BooreEtAl2014 is experimental and may change in future versions - the user is liable for their application
  warnings.warn(msg, ExperimentalWarning)
/home/ssm-user/src/oq-engine/openquake/hazardlib/gsim/base.py:347: ExperimentalWarning: CanadaSHM6_ActiveCrust_BooreEtAl2014 is experimental and may change in future versions - the user is liable for their application
  warnings.warn(msg, ExperimentalWarning)
/home/ssm-user/src/oq-engine/openquake/hazardlib/gsim/base.py:347: ExperimentalWarning: CanadaSHM6_ActiveCrust_BooreEtAl2014 is experimental and may change in future versions - the user is liable for their application
  warnings.warn(msg, ExperimentalWarning)
/home/ssm-user/src/oq-engine/openquake/hazardlib/gsim/base.py:347: ExperimentalWarning: CanadaSHM6_ActiveCrust_BooreEtAl2014 is experimental and may change in future versions - the user is liable for their application
  warnings.warn(msg, ExperimentalWarning)
/home/ssm-user/src/oq-engine/openquake/hazardlib/gsim/base.py:347: ExperimentalWarning: CanadaSHM6_ActiveCrust_BooreEtAl2014 is experimental and may change in future versions - the user is liable for their application
  warnings.warn(msg, ExperimentalWarning)
/home/ssm-user/src/oq-engine/openquake/hazardlib/gsim/base.py:347: ExperimentalWarning: CanadaSHM6_ActiveCrust_BooreEtAl2014 is experimental and may change in future versions - the user is liable for their application
  warnings.warn(msg, ExperimentalWarning)
/home/ssm-user/src/oq-engine/openquake/hazardlib/gsim/base.py:347: ExperimentalWarning: CanadaSHM6_ActiveCrust_BooreEtAl2014 is experimental and may change in future versions - the user is liable for their application
  warnings.warn(msg, ExperimentalWarning)
/home/ssm-user/src/oq-engine/openquake/hazardlib/gsim/base.py:347: ExperimentalWarning: CanadaSHM6_ActiveCrust_BooreEtAl2014 is experimental and may change in future versions - the user is liable for their application
  warnings.warn(msg, ExperimentalWarning)
/home/ssm-user/src/oq-engine/openquake/hazardlib/gsim/base.py:347: ExperimentalWarning: CanadaSHM6_ActiveCrust_BooreEtAl2014 is experimental and may change in future versions - the user is liable for their application
  warnings.warn(msg, ExperimentalWarning)
/home/ssm-user/src/oq-engine/openquake/hazardlib/gsim/base.py:347: ExperimentalWarning: CanadaSHM6_ActiveCrust_BooreEtAl2014 is experimental and may change in future versions - the user is liable for their application
  warnings.warn(msg, ExperimentalWarning)
/home/ssm-user/src/oq-engine/openquake/hazardlib/gsim/base.py:347: ExperimentalWarning: CanadaSHM6_ActiveCrust_BooreEtAl2014 is experimental and may change in future versions - the user is liable for their application
  warnings.warn(msg, ExperimentalWarning)
/home/ssm-user/src/oq-engine/openquake/hazardlib/gsim/base.py:347: ExperimentalWarning: CanadaSHM6_ActiveCrust_BooreEtAl2014 is experimental and may change in future versions - the user is liable for their application
  warnings.warn(msg, ExperimentalWarning)
/home/ssm-user/src/oq-engine/openquake/hazardlib/gsim/base.py:347: ExperimentalWarning: CanadaSHM6_ActiveCrust_BooreEtAl2014 is experimental and may change in future versions - the user is liable for their application
  warnings.warn(msg, ExperimentalWarning)
/home/ssm-user/src/oq-engine/openquake/hazardlib/gsim/base.py:347: ExperimentalWarning: CanadaSHM6_ActiveCrust_BooreEtAl2014 is experimental and may change in future versions - the user is liable for their application
  warnings.warn(msg, ExperimentalWarning)
/home/ssm-user/src/oq-engine/openquake/hazardlib/gsim/base.py:347: ExperimentalWarning: CanadaSHM6_ActiveCrust_BooreEtAl2014 is experimental and may change in future versions - the user is liable for their application
  warnings.warn(msg, ExperimentalWarning)
/home/ssm-user/src/oq-engine/openquake/hazardlib/gsim/base.py:347: ExperimentalWarning: CanadaSHM6_ActiveCrust_BooreEtAl2014 is experimental and may change in future versions - the user is liable for their application
  warnings.warn(msg, ExperimentalWarning)
/home/ssm-user/src/oq-engine/openquake/hazardlib/gsim/base.py:347: ExperimentalWarning: CanadaSHM6_ActiveCrust_BooreEtAl2014 is experimental and may change in future versions - the user is liable for their application
  warnings.warn(msg, ExperimentalWarning)
/home/ssm-user/src/oq-engine/openquake/hazardlib/gsim/base.py:347: ExperimentalWarning: CanadaSHM6_ActiveCrust_BooreEtAl2014 is experimental and may change in future versions - the user is liable for their application
  warnings.warn(msg, ExperimentalWarning)
/home/ssm-user/src/oq-engine/openquake/hazardlib/gsim/base.py:347: ExperimentalWarning: CanadaSHM6_ActiveCrust_BooreEtAl2014 is experimental and may change in future versions - the user is liable for their application
  warnings.warn(msg, ExperimentalWarning)
/home/ssm-user/src/oq-engine/openquake/hazardlib/gsim/base.py:347: ExperimentalWarning: CanadaSHM6_ActiveCrust_BooreEtAl2014 is experimental and may change in future versions - the user is liable for their application
  warnings.warn(msg, ExperimentalWarning)
/home/ssm-user/src/oq-engine/openquake/hazardlib/gsim/base.py:347: ExperimentalWarning: CanadaSHM6_ActiveCrust_BooreEtAl2014 is experimental and may change in future versions - the user is liable for their application
  warnings.warn(msg, ExperimentalWarning)
/home/ssm-user/src/oq-engine/openquake/hazardlib/gsim/base.py:347: ExperimentalWarning: CanadaSHM6_ActiveCrust_BooreEtAl2014 is experimental and may change in future versions - the user is liable for their application
  warnings.warn(msg, ExperimentalWarning)
/home/ssm-user/src/oq-engine/openquake/hazardlib/gsim/base.py:347: ExperimentalWarning: CanadaSHM6_ActiveCrust_BooreEtAl2014 is experimental and may change in future versions - the user is liable for their application
  warnings.warn(msg, ExperimentalWarning)
/home/ssm-user/src/oq-engine/openquake/hazardlib/gsim/base.py:347: ExperimentalWarning: CanadaSHM6_ActiveCrust_BooreEtAl2014 is experimental and may change in future versions - the user is liable for their application
  warnings.warn(msg, ExperimentalWarning)
/home/ssm-user/src/oq-engine/openquake/hazardlib/gsim/base.py:347: ExperimentalWarning: CanadaSHM6_ActiveCrust_BooreEtAl2014 is experimental and may change in future versions - the user is liable for their application
  warnings.warn(msg, ExperimentalWarning)
/home/ssm-user/src/oq-engine/openquake/hazardlib/gsim/base.py:347: ExperimentalWarning: CanadaSHM6_ActiveCrust_BooreEtAl2014 is experimental and may change in future versions - the user is liable for their application
  warnings.warn(msg, ExperimentalWarning)
/home/ssm-user/src/oq-engine/openquake/hazardlib/gsim/base.py:347: ExperimentalWarning: CanadaSHM6_ActiveCrust_BooreEtAl2014 is experimental and may change in future versions - the user is liable for their application
  warnings.warn(msg, ExperimentalWarning)
/home/ssm-user/src/oq-engine/openquake/hazardlib/gsim/base.py:347: ExperimentalWarning: CanadaSHM6_ActiveCrust_BooreEtAl2014 is experimental and may change in future versions - the user is liable for their application
  warnings.warn(msg, ExperimentalWarning)
/home/ssm-user/src/oq-engine/openquake/hazardlib/gsim/base.py:347: ExperimentalWarning: CanadaSHM6_ActiveCrust_BooreEtAl2014 is experimental and may change in future versions - the user is liable for their application
  warnings.warn(msg, ExperimentalWarning)
/home/ssm-user/src/oq-engine/openquake/hazardlib/gsim/base.py:347: ExperimentalWarning: CanadaSHM6_ActiveCrust_BooreEtAl2014 is experimental and may change in future versions - the user is liable for their application
  warnings.warn(msg, ExperimentalWarning)
/home/ssm-user/src/oq-engine/openquake/hazardlib/gsim/base.py:347: ExperimentalWarning: CanadaSHM6_ActiveCrust_BooreEtAl2014 is experimental and may change in future versions - the user is liable for their application
  warnings.warn(msg, ExperimentalWarning)
/home/ssm-user/src/oq-engine/openquake/hazardlib/gsim/base.py:347: ExperimentalWarning: CanadaSHM6_ActiveCrust_BooreEtAl2014 is experimental and may change in future versions - the user is liable for their application
  warnings.warn(msg, ExperimentalWarning)
/home/ssm-user/src/oq-engine/openquake/hazardlib/gsim/base.py:347: ExperimentalWarning: CanadaSHM6_ActiveCrust_BooreEtAl2014 is experimental and may change in future versions - the user is liable for their application
  warnings.warn(msg, ExperimentalWarning)
/home/ssm-user/src/oq-engine/openquake/hazardlib/gsim/base.py:347: ExperimentalWarning: CanadaSHM6_ActiveCrust_BooreEtAl2014 is experimental and may change in future versions - the user is liable for their application
  warnings.warn(msg, ExperimentalWarning)
/home/ssm-user/src/oq-engine/openquake/hazardlib/gsim/base.py:347: ExperimentalWarning: CanadaSHM6_ActiveCrust_BooreEtAl2014 is experimental and may change in future versions - the user is liable for their application
  warnings.warn(msg, ExperimentalWarning)
/home/ssm-user/src/oq-engine/openquake/hazardlib/gsim/base.py:347: ExperimentalWarning: CanadaSHM6_ActiveCrust_BooreEtAl2014 is experimental and may change in future versions - the user is liable for their application
  warnings.warn(msg, ExperimentalWarning)
/home/ssm-user/src/oq-engine/openquake/hazardlib/gsim/base.py:347: ExperimentalWarning: CanadaSHM6_ActiveCrust_BooreEtAl2014 is experimental and may change in future versions - the user is liable for their application
  warnings.warn(msg, ExperimentalWarning)
/home/ssm-user/src/oq-engine/openquake/hazardlib/gsim/base.py:347: ExperimentalWarning: CanadaSHM6_ActiveCrust_BooreEtAl2014 is experimental and may change in future versions - the user is liable for their application
  warnings.warn(msg, ExperimentalWarning)
/home/ssm-user/src/oq-engine/openquake/hazardlib/gsim/base.py:347: ExperimentalWarning: CanadaSHM6_ActiveCrust_BooreEtAl2014 is experimental and may change in future versions - the user is liable for their application
  warnings.warn(msg, ExperimentalWarning)
/home/ssm-user/src/oq-engine/openquake/hazardlib/gsim/base.py:347: ExperimentalWarning: CanadaSHM6_ActiveCrust_BooreEtAl2014 is experimental and may change in future versions - the user is liable for their application
  warnings.warn(msg, ExperimentalWarning)
/home/ssm-user/src/oq-engine/openquake/hazardlib/gsim/base.py:347: ExperimentalWarning: CanadaSHM6_ActiveCrust_BooreEtAl2014 is experimental and may change in future versions - the user is liable for their application
  warnings.warn(msg, ExperimentalWarning)
/home/ssm-user/src/oq-engine/openquake/hazardlib/gsim/base.py:347: ExperimentalWarning: CanadaSHM6_ActiveCrust_BooreEtAl2014 is experimental and may change in future versions - the user is liable for their application
  warnings.warn(msg, ExperimentalWarning)
/home/ssm-user/src/oq-engine/openquake/hazardlib/gsim/base.py:347: ExperimentalWarning: CanadaSHM6_ActiveCrust_BooreEtAl2014 is experimental and may change in future versions - the user is liable for their application
  warnings.warn(msg, ExperimentalWarning)
/home/ssm-user/src/oq-engine/openquake/hazardlib/gsim/base.py:347: ExperimentalWarning: CanadaSHM6_ActiveCrust_BooreEtAl2014 is experimental and may change in future versions - the user is liable for their application
  warnings.warn(msg, ExperimentalWarning)
/home/ssm-user/src/oq-engine/openquake/hazardlib/gsim/base.py:347: ExperimentalWarning: CanadaSHM6_ActiveCrust_BooreEtAl2014 is experimental and may change in future versions - the user is liable for their application
  warnings.warn(msg, ExperimentalWarning)
/home/ssm-user/src/oq-engine/openquake/hazardlib/gsim/base.py:347: ExperimentalWarning: CanadaSHM6_ActiveCrust_BooreEtAl2014 is experimental and may change in future versions - the user is liable for their application
  warnings.warn(msg, ExperimentalWarning)
/home/ssm-user/src/oq-engine/openquake/hazardlib/gsim/base.py:347: ExperimentalWarning: CanadaSHM6_ActiveCrust_BooreEtAl2014 is experimental and may change in future versions - the user is liable for their application
  warnings.warn(msg, ExperimentalWarning)
/home/ssm-user/src/oq-engine/openquake/hazardlib/gsim/base.py:347: ExperimentalWarning: CanadaSHM6_ActiveCrust_BooreEtAl2014 is experimental and may change in future versions - the user is liable for their application
  warnings.warn(msg, ExperimentalWarning)
/home/ssm-user/src/oq-engine/openquake/hazardlib/gsim/base.py:347: ExperimentalWarning: CanadaSHM6_ActiveCrust_BooreEtAl2014 is experimental and may change in future versions - the user is liable for their application
  warnings.warn(msg, ExperimentalWarning)
/home/ssm-user/src/oq-engine/openquake/hazardlib/gsim/base.py:347: ExperimentalWarning: CanadaSHM6_ActiveCrust_BooreEtAl2014 is experimental and may change in future versions - the user is liable for their application
  warnings.warn(msg, ExperimentalWarning)
/home/ssm-user/src/oq-engine/openquake/hazardlib/gsim/base.py:347: ExperimentalWarning: CanadaSHM6_ActiveCrust_BooreEtAl2014 is experimental and may change in future versions - the user is liable for their application
  warnings.warn(msg, ExperimentalWarning)
/home/ssm-user/src/oq-engine/openquake/hazardlib/gsim/base.py:347: ExperimentalWarning: CanadaSHM6_ActiveCrust_BooreEtAl2014 is experimental and may change in future versions - the user is liable for their application
  warnings.warn(msg, ExperimentalWarning)
/home/ssm-user/src/oq-engine/openquake/hazardlib/gsim/base.py:347: ExperimentalWarning: CanadaSHM6_ActiveCrust_BooreEtAl2014 is experimental and may change in future versions - the user is liable for their application
  warnings.warn(msg, ExperimentalWarning)
/home/ssm-user/src/oq-engine/openquake/hazardlib/gsim/base.py:347: ExperimentalWarning: CanadaSHM6_ActiveCrust_BooreEtAl2014 is experimental and may change in future versions - the user is liable for their application
  warnings.warn(msg, ExperimentalWarning)
/home/ssm-user/src/oq-engine/openquake/hazardlib/gsim/base.py:347: ExperimentalWarning: CanadaSHM6_ActiveCrust_BooreEtAl2014 is experimental and may change in future versions - the user is liable for their application
  warnings.warn(msg, ExperimentalWarning)
/home/ssm-user/src/oq-engine/openquake/hazardlib/gsim/base.py:347: ExperimentalWarning: CanadaSHM6_ActiveCrust_BooreEtAl2014 is experimental and may change in future versions - the user is liable for their application
  warnings.warn(msg, ExperimentalWarning)
/home/ssm-user/src/oq-engine/openquake/hazardlib/gsim/base.py:347: ExperimentalWarning: CanadaSHM6_ActiveCrust_BooreEtAl2014 is experimental and may change in future versions - the user is liable for their application
  warnings.warn(msg, ExperimentalWarning)
/home/ssm-user/src/oq-engine/openquake/hazardlib/gsim/base.py:347: ExperimentalWarning: CanadaSHM6_ActiveCrust_BooreEtAl2014 is experimental and may change in future versions - the user is liable for their application
  warnings.warn(msg, ExperimentalWarning)
/home/ssm-user/src/oq-engine/openquake/hazardlib/gsim/base.py:347: ExperimentalWarning: CanadaSHM6_ActiveCrust_BooreEtAl2014 is experimental and may change in future versions - the user is liable for their application
  warnings.warn(msg, ExperimentalWarning)
/home/ssm-user/src/oq-engine/openquake/hazardlib/gsim/base.py:347: ExperimentalWarning: CanadaSHM6_ActiveCrust_BooreEtAl2014 is experimental and may change in future versions - the user is liable for their application
  warnings.warn(msg, ExperimentalWarning)
/home/ssm-user/src/oq-engine/openquake/hazardlib/gsim/base.py:347: ExperimentalWarning: CanadaSHM6_ActiveCrust_BooreEtAl2014 is experimental and may change in future versions - the user is liable for their application
  warnings.warn(msg, ExperimentalWarning)
/home/ssm-user/src/oq-engine/openquake/hazardlib/gsim/base.py:347: ExperimentalWarning: CanadaSHM6_ActiveCrust_BooreEtAl2014 is experimental and may change in future versions - the user is liable for their application
  warnings.warn(msg, ExperimentalWarning)
/home/ssm-user/src/oq-engine/openquake/hazardlib/gsim/base.py:347: ExperimentalWarning: CanadaSHM6_ActiveCrust_BooreEtAl2014 is experimental and may change in future versions - the user is liable for their application
  warnings.warn(msg, ExperimentalWarning)
/home/ssm-user/src/oq-engine/openquake/hazardlib/gsim/base.py:347: ExperimentalWarning: CanadaSHM6_ActiveCrust_BooreEtAl2014 is experimental and may change in future versions - the user is liable for their application
  warnings.warn(msg, ExperimentalWarning)
/home/ssm-user/src/oq-engine/openquake/hazardlib/gsim/base.py:347: ExperimentalWarning: CanadaSHM6_ActiveCrust_BooreEtAl2014 is experimental and may change in future versions - the user is liable for their application
  warnings.warn(msg, ExperimentalWarning)
/home/ssm-user/src/oq-engine/openquake/hazardlib/gsim/base.py:347: ExperimentalWarning: CanadaSHM6_ActiveCrust_BooreEtAl2014 is experimental and may change in future versions - the user is liable for their application
  warnings.warn(msg, ExperimentalWarning)
/home/ssm-user/src/oq-engine/openquake/hazardlib/gsim/base.py:347: ExperimentalWarning: CanadaSHM6_ActiveCrust_BooreEtAl2014 is experimental and may change in future versions - the user is liable for their application
  warnings.warn(msg, ExperimentalWarning)
/home/ssm-user/src/oq-engine/openquake/hazardlib/gsim/base.py:347: ExperimentalWarning: CanadaSHM6_ActiveCrust_BooreEtAl2014 is experimental and may change in future versions - the user is liable for their application
  warnings.warn(msg, ExperimentalWarning)
/home/ssm-user/src/oq-engine/openquake/hazardlib/gsim/base.py:347: ExperimentalWarning: CanadaSHM6_ActiveCrust_BooreEtAl2014 is experimental and may change in future versions - the user is liable for their application
  warnings.warn(msg, ExperimentalWarning)
/home/ssm-user/src/oq-engine/openquake/hazardlib/gsim/base.py:347: ExperimentalWarning: CanadaSHM6_ActiveCrust_BooreEtAl2014 is experimental and may change in future versions - the user is liable for their application
  warnings.warn(msg, ExperimentalWarning)
/home/ssm-user/src/oq-engine/openquake/hazardlib/gsim/base.py:347: ExperimentalWarning: CanadaSHM6_ActiveCrust_BooreEtAl2014 is experimental and may change in future versions - the user is liable for their application
  warnings.warn(msg, ExperimentalWarning)
/home/ssm-user/src/oq-engine/openquake/hazardlib/gsim/base.py:347: ExperimentalWarning: CanadaSHM6_ActiveCrust_BooreEtAl2014 is experimental and may change in future versions - the user is liable for their application
  warnings.warn(msg, ExperimentalWarning)
/home/ssm-user/src/oq-engine/openquake/hazardlib/gsim/base.py:347: ExperimentalWarning: CanadaSHM6_ActiveCrust_BooreEtAl2014 is experimental and may change in future versions - the user is liable for their application
  warnings.warn(msg, ExperimentalWarning)
/home/ssm-user/src/oq-engine/openquake/hazardlib/gsim/base.py:347: ExperimentalWarning: CanadaSHM6_ActiveCrust_BooreEtAl2014 is experimental and may change in future versions - the user is liable for their application
  warnings.warn(msg, ExperimentalWarning)
/home/ssm-user/src/oq-engine/openquake/hazardlib/gsim/base.py:347: ExperimentalWarning: CanadaSHM6_ActiveCrust_BooreEtAl2014 is experimental and may change in future versions - the user is liable for their application
  warnings.warn(msg, ExperimentalWarning)
/home/ssm-user/src/oq-engine/openquake/hazardlib/gsim/base.py:347: ExperimentalWarning: CanadaSHM6_ActiveCrust_BooreEtAl2014 is experimental and may change in future versions - the user is liable for their application
  warnings.warn(msg, ExperimentalWarning)
/home/ssm-user/src/oq-engine/openquake/hazardlib/gsim/base.py:347: ExperimentalWarning: CanadaSHM6_ActiveCrust_BooreEtAl2014 is experimental and may change in future versions - the user is liable for their application
  warnings.warn(msg, ExperimentalWarning)
/home/ssm-user/src/oq-engine/openquake/hazardlib/gsim/base.py:347: ExperimentalWarning: CanadaSHM6_ActiveCrust_BooreEtAl2014 is experimental and may change in future versions - the user is liable for their application
  warnings.warn(msg, ExperimentalWarning)
/home/ssm-user/src/oq-engine/openquake/hazardlib/gsim/base.py:347: ExperimentalWarning: CanadaSHM6_ActiveCrust_BooreEtAl2014 is experimental and may change in future versions - the user is liable for their application
  warnings.warn(msg, ExperimentalWarning)
[2021-11-15 06:07:52 #259 INFO] Stopping the workers
  id | name
1961 | Aggregate Event Damages
1959 | Asset Damage Distributions
1960 | Asset Damage Statistics
1962 | Full Report
1963 | Realizations
