[2020-10-31 23:30:56 #1468 INFO] murray.journeay running /mnt/data/shared/canada-2020/canada-srm2/ebRisk/input/ebRisk_r2_NB1330.ini [--hc=None]
[2020-10-31 23:30:56 #1468 INFO] Using engine version 3.11.0-git4f03c56
[2020-10-31 23:30:57 #1468 WARNING] Using 64 cores on gem-compute
[2020-10-31 23:30:57 #1468 INFO] Validated nationalModel.xml in 0.01 seconds
[2020-10-31 23:30:57 #1468 INFO] Checksum of the input files: 2804627169
[2020-10-31 23:30:57 #1468 INFO] Reading the risk model if present
[2020-10-31 23:31:10 #1468 INFO] Reading /mnt/data/shared/canada-2020/model-inputs/exposure/general-building-stock/oqBldgExp_NB1330.xml
[2020-10-31 23:31:12 #1468 INFO] Extracting the hazard sites from the site model
[2020-10-31 23:31:12 #1468 INFO] Associated 16164 assets to 2583 sites
[2020-10-31 23:31:13 #1468 INFO] Reducing risk model from 7260 to 342 taxonomies
[2020-10-31 23:31:13 #1468 INFO] Considering 50 logic tree paths out of 24_576
[2020-10-31 23:31:13 #1468 INFO] 6 effective smlt realization(s)
[2020-10-31 23:31:13 #1468 INFO] Reading the source model(s) in parallel
[2020-10-31 23:31:16 #1468 INFO] read_source_model  16% [6 submitted, 0 queued]
[2020-10-31 23:31:16 #1468 INFO] read_source_model  33% [6 submitted, 0 queued]
[2020-10-31 23:31:16 #1468 INFO] read_source_model  50% [6 submitted, 0 queued]
[2020-10-31 23:31:16 #1468 INFO] read_source_model  66% [6 submitted, 0 queued]
[2020-10-31 23:31:16 #1468 INFO] read_source_model  83% [6 submitted, 0 queued]
[2020-10-31 23:31:16 #1468 INFO] read_source_model 100% [6 submitted, 0 queued]
[2020-10-31 23:31:16 #1468 INFO] Received {'/mnt/data/shared/canada-2020/CanadaSHM6/OpenQuake_model_files/sources/nationalModel/xml/simplifiedModel/WCan_HYeast_Harctic_simplified_collapsedRates.xml': '141.06 KB', '/mnt/data/shared/canada-2020/CanadaSHM6/OpenQuake_model_files/sources/nationalModel/xml/simplifiedModel/WCan_H2east_Harctic_simplified_collapsedRates.xml': '135.23 KB', '/mnt/data/shared/canada-2020/CanadaSHM6/OpenQuake_model_files/sources/nationalModel/xml/simplifiedModel/WCan_HYeast_Rarctic_simplified_collapsedRates.xml': '134.61 KB', '/mnt/data/shared/canada-2020/CanadaSHM6/OpenQuake_model_files/sources/nationalModel/xml/simplifiedModel/WCan_H2east_Rarctic_simplified_collapsedRates.xml': '128.78 KB', '/mnt/data/shared/canada-2020/CanadaSHM6/OpenQuake_model_files/sources/nationalModel/xml/simplifiedModel/WCan_R2east_Harctic_simplified_collapsedRates.xml': '119.91 KB', '/mnt/data/shared/canada-2020/CanadaSHM6/OpenQuake_model_files/sources/nationalModel/xml/simplifiedModel/WCan_R2east_Rarctic_simplified_collapsedRates.xml': '113.68 KB'} in 1 seconds
[2020-10-31 23:31:16 #1468 WARNING] There are multiple different sources with the same ID [<AreaSource SCCCT>, <AreaSource SCCCT>, <AreaSource SCCCT>, <AreaSource SCCCT>, <AreaSource SCCCT>, <AreaSource SCCCT>]
[2020-10-31 23:32:50 #1468 INFO] There are 195 sources
[2020-10-31 23:32:50 #1468 INFO] Checking the sources bounding box
[2020-10-31 23:32:50 #1468 ERROR] source ACM: The buffer of 600 km is too large, the bounding box is larger than half the globe: 219 degrees
[2020-10-31 23:32:50 #1468 INFO] Rupture floating factor = 1.6265060240963856
[2020-10-31 23:32:50 #1468 INFO] Rupture spinning factor = 3.2710843373493974
[2020-10-31 23:32:50 #1468 INFO] gzipping the input files
[2020-10-31 23:32:52 #1468 INFO] Storing risk model
[2020-10-31 23:32:54 #1468 INFO] minimum_intensity={'SA(0.3)': 0.1, 'SA(0.6)': 0.05, 'SA(1.0)': 0.05, 'SA(2.0)': 0.05, 'SA(0.5)': 0.1}
[2020-10-31 23:32:54 #1468 INFO] Building ruptures
[2020-10-31 23:32:54 #1468 INFO] Sending <SourceGroup Subduction IntraSlab30, 1 source(s)>
[2020-10-31 23:32:54 #1468 INFO] Sending <SourceGroup Subduction IntraSlab55, 4 source(s)>
[2020-10-31 23:32:54 #1468 INFO] Sending <SourceGroup Subduction Interface, 13 source(s)>
[2020-10-31 23:32:54 #1468 INFO] Sending <SourceGroup Stable Shallow Crust, 120 source(s)>
[2020-10-31 23:32:54 #1468 INFO] Sending <SourceGroup Active Shallow Crust, 59 source(s)>
[2020-10-31 23:32:56 #1468 INFO] Sent 64 tasks, 64.99 MB in 0 seconds
[2020-10-31 23:32:57 #1468 INFO] sample_ruptures   1% [65 submitted, 19 queued]
[2020-10-31 23:32:57 #1468 INFO] sample_ruptures   2% [66 submitted, 18 queued]
[2020-10-31 23:32:57 #1468 INFO] sample_ruptures   3% [67 submitted, 17 queued]
[2020-10-31 23:32:57 #1468 INFO] sample_ruptures   4% [68 submitted, 16 queued]
[2020-10-31 23:32:57 #1468 INFO] sample_ruptures   5% [69 submitted, 15 queued]
[2020-10-31 23:32:57 #1468 INFO] sample_ruptures   7% [70 submitted, 14 queued]
[2020-10-31 23:32:57 #1468 INFO] sample_ruptures   8% [71 submitted, 13 queued]
[2020-10-31 23:32:58 #1468 INFO] sample_ruptures   9% [72 submitted, 12 queued]
[2020-10-31 23:32:58 #1468 INFO] sample_ruptures  10% [73 submitted, 11 queued]
[2020-10-31 23:32:58 #1468 INFO] sample_ruptures  11% [74 submitted, 10 queued]
[2020-10-31 23:32:58 #1468 INFO] sample_ruptures  13% [75 submitted, 9 queued]
[2020-10-31 23:32:58 #1468 INFO] sample_ruptures  14% [76 submitted, 8 queued]
[2020-10-31 23:32:58 #1468 INFO] sample_ruptures  15% [77 submitted, 7 queued]
[2020-10-31 23:32:58 #1468 INFO] sample_ruptures  16% [78 submitted, 6 queued]
[2020-10-31 23:32:58 #1468 INFO] sample_ruptures  17% [79 submitted, 5 queued]
[2020-10-31 23:32:58 #1468 INFO] sample_ruptures  19% [80 submitted, 4 queued]
[2020-10-31 23:32:58 #1468 INFO] sample_ruptures  20% [81 submitted, 3 queued]
[2020-10-31 23:32:58 #1468 INFO] sample_ruptures  21% [82 submitted, 2 queued]
[2020-10-31 23:32:58 #1468 INFO] sample_ruptures  22% [83 submitted, 1 queued]
[2020-10-31 23:32:58 #1468 INFO] sample_ruptures  23% [84 submitted, 0 queued]
[2020-10-31 23:32:58 #1468 INFO] sample_ruptures  25% [84 submitted, 0 queued]
[2020-10-31 23:32:58 #1468 INFO] sample_ruptures  26% [84 submitted, 0 queued]
[2020-10-31 23:32:58 #1468 INFO] sample_ruptures  27% [84 submitted, 0 queued]
[2020-10-31 23:32:58 #1468 INFO] sample_ruptures  28% [84 submitted, 0 queued]
[2020-10-31 23:32:58 #1468 INFO] sample_ruptures  29% [84 submitted, 0 queued]
[2020-10-31 23:32:58 #1468 INFO] sample_ruptures  30% [84 submitted, 0 queued]
[2020-10-31 23:32:58 #1468 INFO] sample_ruptures  32% [84 submitted, 0 queued]
[2020-10-31 23:32:59 #1468 INFO] sample_ruptures  33% [84 submitted, 0 queued]
[2020-10-31 23:32:59 #1468 INFO] sample_ruptures  34% [84 submitted, 0 queued]
[2020-10-31 23:32:59 #1468 INFO] sample_ruptures  35% [84 submitted, 0 queued]
[2020-10-31 23:32:59 #1468 INFO] sample_ruptures  36% [84 submitted, 0 queued]
[2020-10-31 23:32:59 #1468 INFO] sample_ruptures  38% [84 submitted, 0 queued]
[2020-10-31 23:32:59 #1468 INFO] sample_ruptures  39% [84 submitted, 0 queued]
[2020-10-31 23:32:59 #1468 INFO] sample_ruptures  40% [84 submitted, 0 queued]
[2020-10-31 23:32:59 #1468 INFO] sample_ruptures  41% [84 submitted, 0 queued]
[2020-10-31 23:32:59 #1468 INFO] sample_ruptures  42% [84 submitted, 0 queued]
[2020-10-31 23:32:59 #1468 INFO] sample_ruptures  44% [84 submitted, 0 queued]
[2020-10-31 23:32:59 #1468 INFO] sample_ruptures  45% [84 submitted, 0 queued]
[2020-10-31 23:32:59 #1468 INFO] sample_ruptures  46% [84 submitted, 0 queued]
[2020-10-31 23:32:59 #1468 INFO] sample_ruptures  47% [84 submitted, 0 queued]
[2020-10-31 23:32:59 #1468 INFO] sample_ruptures  48% [84 submitted, 0 queued]
[2020-10-31 23:32:59 #1468 INFO] sample_ruptures  50% [84 submitted, 0 queued]
[2020-10-31 23:32:59 #1468 INFO] sample_ruptures  51% [84 submitted, 0 queued]
[2020-10-31 23:32:59 #1468 INFO] sample_ruptures  52% [84 submitted, 0 queued]
[2020-10-31 23:33:00 #1468 INFO] sample_ruptures  53% [84 submitted, 0 queued]
[2020-10-31 23:33:01 #1468 INFO] sample_ruptures  54% [84 submitted, 0 queued]
[2020-10-31 23:33:02 #1468 INFO] sample_ruptures  55% [84 submitted, 0 queued]
[2020-10-31 23:33:02 #1468 INFO] sample_ruptures  57% [84 submitted, 0 queued]
[2020-10-31 23:33:03 #1468 INFO] sample_ruptures  58% [84 submitted, 0 queued]
[2020-10-31 23:33:05 #1468 INFO] sample_ruptures  59% [84 submitted, 0 queued]
[2020-10-31 23:33:06 #1468 INFO] sample_ruptures  60% [84 submitted, 0 queued]
[2020-10-31 23:33:06 #1468 INFO] sample_ruptures  61% [84 submitted, 0 queued]
[2020-10-31 23:33:07 #1468 INFO] sample_ruptures  63% [84 submitted, 0 queued]
[2020-10-31 23:33:07 #1468 INFO] sample_ruptures  64% [84 submitted, 0 queued]
[2020-10-31 23:33:08 #1468 INFO] sample_ruptures  65% [84 submitted, 0 queued]
[2020-10-31 23:33:09 #1468 INFO] sample_ruptures  66% [84 submitted, 0 queued]
[2020-10-31 23:33:09 #1468 INFO] sample_ruptures  67% [84 submitted, 0 queued]
[2020-10-31 23:33:09 #1468 INFO] sample_ruptures  69% [84 submitted, 0 queued]
[2020-10-31 23:33:11 #1468 INFO] sample_ruptures  70% [84 submitted, 0 queued]
[2020-10-31 23:33:11 #1468 INFO] sample_ruptures  71% [84 submitted, 0 queued]
[2020-10-31 23:33:11 #1468 INFO] sample_ruptures  72% [84 submitted, 0 queued]
[2020-10-31 23:33:12 #1468 INFO] sample_ruptures  73% [84 submitted, 0 queued]
[2020-10-31 23:33:13 #1468 INFO] sample_ruptures  75% [84 submitted, 0 queued]
[2020-10-31 23:33:14 #1468 INFO] sample_ruptures  76% [84 submitted, 0 queued]
[2020-10-31 23:33:14 #1468 INFO] sample_ruptures  77% [84 submitted, 0 queued]
[2020-10-31 23:33:15 #1468 INFO] sample_ruptures  78% [84 submitted, 0 queued]
[2020-10-31 23:33:15 #1468 INFO] sample_ruptures  79% [84 submitted, 0 queued]
[2020-10-31 23:33:16 #1468 INFO] sample_ruptures  80% [84 submitted, 0 queued]
[2020-10-31 23:33:17 #1468 INFO] sample_ruptures  82% [84 submitted, 0 queued]
[2020-10-31 23:33:19 #1468 INFO] sample_ruptures  83% [84 submitted, 0 queued]
[2020-10-31 23:33:19 #1468 INFO] sample_ruptures  84% [84 submitted, 0 queued]
[2020-10-31 23:33:19 #1468 INFO] sample_ruptures  85% [84 submitted, 0 queued]
[2020-10-31 23:33:22 #1468 INFO] sample_ruptures  86% [84 submitted, 0 queued]
[2020-10-31 23:33:23 #1468 INFO] sample_ruptures  88% [84 submitted, 0 queued]
[2020-10-31 23:33:25 #1468 INFO] sample_ruptures  89% [84 submitted, 0 queued]
[2020-10-31 23:33:37 #1468 INFO] sample_ruptures  90% [84 submitted, 0 queued]
[2020-10-31 23:33:41 #1468 INFO] sample_ruptures  91% [84 submitted, 0 queued]
[2020-10-31 23:33:43 #1468 INFO] sample_ruptures  92% [84 submitted, 0 queued]
[2020-10-31 23:33:44 #1468 INFO] sample_ruptures  94% [84 submitted, 0 queued]
[2020-10-31 23:33:47 #1468 INFO] sample_ruptures  95% [84 submitted, 0 queued]
[2020-10-31 23:33:47 #1468 INFO] sample_ruptures  96% [84 submitted, 0 queued]
[2020-10-31 23:33:56 #1468 INFO] sample_ruptures  97% [84 submitted, 0 queued]
[2020-10-31 23:34:05 #1468 INFO] sample_ruptures  98% [84 submitted, 0 queued]
[2020-10-31 23:34:35 #1468 INFO] sample_ruptures 100% [84 submitted, 0 queued]
[2020-10-31 23:34:35 #1468 INFO] Received {'rup_array': '64.59 MB', 'calc_times': '21.42 KB', 'eff_ruptures': '3.68 KB'} in 99 seconds
[2020-10-31 23:34:35 #1468 INFO] There are 50 realization(s)
[2020-10-31 23:34:35 #1468 INFO] Reordering the ruptures and storing the events
[2020-10-31 23:34:36 #1468 INFO] Associating event_id -> rlz_id for 558_991 events and 347_011 ruptures
[2020-10-31 23:34:45 #1468 INFO] Sent 130 tasks, 37.52 MB in 9 seconds
[2020-10-31 23:34:47 #1468 INFO] Received {'tot': '5.36 MB'} in 1 seconds
[2020-10-31 23:34:50 #1468 INFO] minimum_asset_loss={'contents': 0, 'nonstructural': 0, 'structural': 0}
[2020-10-31 23:34:52 #1468 INFO] minimum_intensity={'SA(0.3)': 0.1, 'SA(0.6)': 0.05, 'SA(1.0)': 0.05, 'SA(2.0)': 0.05, 'SA(0.5)': 0.1}
[2020-10-31 23:34:52 #1468 INFO] Sending 347_011 ruptures
[2020-10-31 23:35:09 #1468 INFO] Sent 130 tasks, 81.52 MB in 16 seconds
[2020-10-31 23:38:56 #1468 INFO] start_ebrisk   1% [130 submitted, 0 queued]
[2020-10-31 23:39:06 #1468 INFO] start_ebrisk   2% [130 submitted, 0 queued]
[2020-10-31 23:40:30 #1468 INFO] start_ebrisk   3% [130 submitted, 0 queued]
[2020-10-31 23:41:37 #1468 INFO] start_ebrisk   4% [130 submitted, 0 queued]
[2020-10-31 23:41:41 #1468 INFO] start_ebrisk   5% [130 submitted, 0 queued]
[2020-10-31 23:42:23 #1468 INFO] start_ebrisk   6% [130 submitted, 0 queued]
[2020-10-31 23:42:33 #1468 INFO] start_ebrisk   7% [130 submitted, 0 queued]
[2020-10-31 23:42:34 #1468 INFO] start_ebrisk   8% [130 submitted, 0 queued]
[2020-10-31 23:42:40 #1468 INFO] start_ebrisk   9% [130 submitted, 0 queued]
[2020-10-31 23:43:03 #1468 INFO] start_ebrisk  10% [130 submitted, 0 queued]
[2020-10-31 23:43:45 #1468 INFO] start_ebrisk  11% [130 submitted, 0 queued]
[2020-10-31 23:43:47 #1468 INFO] start_ebrisk  12% [130 submitted, 0 queued]
[2020-10-31 23:43:53 #1468 INFO] start_ebrisk  13% [130 submitted, 0 queued]
[2020-10-31 23:44:29 #1468 INFO] start_ebrisk  14% [130 submitted, 0 queued]
[2020-10-31 23:45:15 #1468 INFO] start_ebrisk  15% [130 submitted, 0 queued]
[2020-10-31 23:45:21 #1468 INFO] start_ebrisk  16% [130 submitted, 0 queued]
[2020-10-31 23:45:24 #1468 INFO] start_ebrisk  17% [130 submitted, 0 queued]
[2020-10-31 23:45:27 #1468 INFO] start_ebrisk  18% [130 submitted, 0 queued]
[2020-10-31 23:45:33 #1468 INFO] start_ebrisk  19% [130 submitted, 0 queued]
[2020-10-31 23:45:43 #1468 INFO] start_ebrisk  20% [130 submitted, 0 queued]
[2020-10-31 23:45:48 #1468 INFO] start_ebrisk  21% [130 submitted, 0 queued]
[2020-10-31 23:45:56 #1468 INFO] start_ebrisk  22% [130 submitted, 0 queued]
[2020-10-31 23:45:57 #1468 INFO] start_ebrisk  23% [130 submitted, 0 queued]
[2020-10-31 23:46:02 #1468 INFO] start_ebrisk  24% [130 submitted, 0 queued]
[2020-10-31 23:46:09 #1468 INFO] start_ebrisk  25% [130 submitted, 0 queued]
[2020-10-31 23:46:12 #1468 INFO] start_ebrisk  26% [130 submitted, 0 queued]
[2020-10-31 23:46:22 #1468 INFO] start_ebrisk  27% [130 submitted, 0 queued]
[2020-10-31 23:46:31 #1468 INFO] start_ebrisk  28% [130 submitted, 0 queued]
[2020-10-31 23:46:36 #1468 INFO] start_ebrisk  29% [130 submitted, 0 queued]
[2020-10-31 23:46:43 #1468 INFO] start_ebrisk  30% [130 submitted, 0 queued]
[2020-10-31 23:47:03 #1468 INFO] start_ebrisk  31% [130 submitted, 0 queued]
[2020-10-31 23:47:05 #1468 INFO] start_ebrisk  32% [130 submitted, 0 queued]
[2020-10-31 23:47:31 #1468 INFO] start_ebrisk  33% [130 submitted, 0 queued]
[2020-10-31 23:47:35 #1468 INFO] start_ebrisk  34% [130 submitted, 0 queued]
[2020-10-31 23:47:36 #1468 INFO] start_ebrisk  35% [130 submitted, 0 queued]
[2020-10-31 23:47:59 #1468 INFO] start_ebrisk  36% [130 submitted, 0 queued]
[2020-10-31 23:48:10 #1468 INFO] start_ebrisk  37% [130 submitted, 0 queued]
[2020-10-31 23:48:12 #1468 INFO] start_ebrisk  38% [130 submitted, 0 queued]
[2020-10-31 23:48:28 #1468 INFO] start_ebrisk  39% [130 submitted, 0 queued]
[2020-10-31 23:48:44 #1468 INFO] start_ebrisk  40% [130 submitted, 0 queued]
[2020-10-31 23:48:51 #1468 INFO] start_ebrisk  41% [130 submitted, 0 queued]
[2020-10-31 23:49:08 #1468 INFO] start_ebrisk  42% [130 submitted, 0 queued]
[2020-10-31 23:49:12 #1468 INFO] start_ebrisk  43% [130 submitted, 0 queued]
[2020-10-31 23:49:49 #1468 INFO] start_ebrisk  44% [130 submitted, 0 queued]
[2020-10-31 23:49:54 #1468 INFO] start_ebrisk  45% [130 submitted, 0 queued]
[2020-10-31 23:49:57 #1468 INFO] start_ebrisk  46% [130 submitted, 0 queued]
[2020-10-31 23:49:59 #1468 INFO] start_ebrisk  47% [130 submitted, 0 queued]
[2020-10-31 23:50:34 #1468 INFO] start_ebrisk  48% [130 submitted, 0 queued]
[2020-10-31 23:50:59 #1468 INFO] start_ebrisk  49% [130 submitted, 0 queued]
[2020-10-31 23:51:17 #1468 INFO] start_ebrisk  50% [130 submitted, 0 queued]
[2020-10-31 23:51:21 #1468 INFO] start_ebrisk  51% [130 submitted, 0 queued]
[2020-10-31 23:51:37 #1468 INFO] start_ebrisk  52% [130 submitted, 0 queued]
[2020-10-31 23:51:52 #1468 INFO] start_ebrisk  53% [130 submitted, 0 queued]
[2020-10-31 23:51:59 #1468 INFO] start_ebrisk  54% [130 submitted, 0 queued]
[2020-10-31 23:52:09 #1468 INFO] start_ebrisk  55% [130 submitted, 0 queued]
[2020-10-31 23:52:16 #1468 INFO] start_ebrisk  56% [130 submitted, 0 queued]
[2020-10-31 23:52:26 #1468 INFO] start_ebrisk  57% [130 submitted, 0 queued]
[2020-10-31 23:52:51 #1468 INFO] start_ebrisk  58% [130 submitted, 0 queued]
[2020-10-31 23:52:52 #1468 INFO] start_ebrisk  59% [130 submitted, 0 queued]
[2020-10-31 23:53:09 #1468 INFO] start_ebrisk  60% [130 submitted, 0 queued]
[2020-10-31 23:53:17 #1468 INFO] start_ebrisk  61% [130 submitted, 0 queued]
[2020-10-31 23:53:17 #1468 INFO] start_ebrisk  62% [130 submitted, 0 queued]
[2020-10-31 23:53:35 #1468 INFO] start_ebrisk  63% [130 submitted, 0 queued]
[2020-10-31 23:53:56 #1468 INFO] start_ebrisk  64% [130 submitted, 0 queued]
[2020-10-31 23:53:57 #1468 INFO] start_ebrisk  65% [130 submitted, 0 queued]
[2020-10-31 23:53:59 #1468 INFO] start_ebrisk  66% [130 submitted, 0 queued]
[2020-10-31 23:54:10 #1468 INFO] start_ebrisk  67% [130 submitted, 0 queued]
[2020-10-31 23:54:13 #1468 INFO] start_ebrisk  68% [130 submitted, 0 queued]
[2020-10-31 23:54:20 #1468 INFO] start_ebrisk  69% [130 submitted, 0 queued]
[2020-10-31 23:54:25 #1468 INFO] start_ebrisk  70% [130 submitted, 0 queued]
[2020-10-31 23:54:26 #1468 INFO] start_ebrisk  71% [130 submitted, 0 queued]
[2020-10-31 23:54:31 #1468 INFO] start_ebrisk  72% [130 submitted, 0 queued]
[2020-10-31 23:54:32 #1468 INFO] start_ebrisk  73% [130 submitted, 0 queued]
[2020-10-31 23:54:38 #1468 INFO] start_ebrisk  74% [130 submitted, 0 queued]
[2020-10-31 23:54:40 #1468 INFO] start_ebrisk  75% [130 submitted, 0 queued]
[2020-10-31 23:54:40 #1468 INFO] start_ebrisk  76% [130 submitted, 0 queued]
[2020-10-31 23:54:44 #1468 INFO] start_ebrisk  77% [130 submitted, 0 queued]
[2020-10-31 23:54:52 #1468 INFO] start_ebrisk  78% [130 submitted, 0 queued]
[2020-10-31 23:54:53 #1468 INFO] start_ebrisk  79% [130 submitted, 0 queued]
[2020-10-31 23:55:11 #1468 INFO] start_ebrisk  80% [130 submitted, 0 queued]
[2020-10-31 23:55:14 #1468 INFO] start_ebrisk  81% [130 submitted, 0 queued]
[2020-10-31 23:55:18 #1468 INFO] start_ebrisk  82% [130 submitted, 0 queued]
[2020-10-31 23:55:19 #1468 INFO] start_ebrisk  83% [130 submitted, 0 queued]
[2020-10-31 23:55:38 #1468 INFO] start_ebrisk  84% [130 submitted, 0 queued]
[2020-10-31 23:55:43 #1468 INFO] start_ebrisk  85% [130 submitted, 0 queued]
[2020-10-31 23:55:49 #1468 INFO] start_ebrisk  86% [130 submitted, 0 queued]
[2020-10-31 23:55:52 #1468 INFO] start_ebrisk  87% [130 submitted, 0 queued]
[2020-10-31 23:55:55 #1468 INFO] start_ebrisk  88% [130 submitted, 0 queued]
[2020-10-31 23:55:58 #1468 INFO] start_ebrisk  89% [130 submitted, 0 queued]
[2020-10-31 23:56:13 #1468 INFO] start_ebrisk  90% [130 submitted, 0 queued]
[2020-10-31 23:56:17 #1468 INFO] start_ebrisk  91% [130 submitted, 0 queued]
[2020-10-31 23:56:26 #1468 INFO] start_ebrisk  92% [130 submitted, 0 queued]
[2020-10-31 23:56:33 #1468 INFO] start_ebrisk  93% [130 submitted, 0 queued]
[2020-10-31 23:56:36 #1468 INFO] start_ebrisk  94% [130 submitted, 0 queued]
[2020-10-31 23:56:39 #1468 INFO] start_ebrisk  95% [130 submitted, 0 queued]
[2020-10-31 23:57:40 #1468 INFO] start_ebrisk  96% [130 submitted, 0 queued]
[2020-10-31 23:58:17 #1468 INFO] start_ebrisk  97% [130 submitted, 0 queued]
[2020-10-31 23:58:46 #1468 INFO] start_ebrisk  98% [130 submitted, 0 queued]
[2020-10-31 23:59:12 #1468 INFO] start_ebrisk  99% [130 submitted, 0 queued]
[2020-10-31 23:59:20 #1468 INFO] start_ebrisk 100% [130 submitted, 0 queued]
[2020-10-31 23:59:21 #1468 INFO] Received {'alt': '138.29 MB', 'losses_by_A': '24.07 MB', 'gmf_info': '1.3 MB', 'elt': '1.18 MB', 'numlosses': '20.95 KB', 'events_per_sid': '2.67 KB'} in 1451 seconds
[2020-10-31 23:59:21 #1468 INFO] Produced 1.03 GB of GMFs
[2020-10-31 23:59:21 #1468 INFO] Considered 271_772_239 / 622_362_437 losses
[2020-10-31 23:59:21 #1468 INFO] Building src_loss_table
[2020-10-31 23:59:21 #1468 INFO] Producing 3(loss_types) x 31(fsauid) x 6(GenOcc) x 7(GenType) loss curves
[2020-10-31 23:59:31 #1468 INFO] post_ebrisk   1% [78 submitted, 1224 queued]
[2020-10-31 23:59:32 #1468 INFO] post_ebrisk   2% [91 submitted, 1211 queued]
[2020-10-31 23:59:32 #1468 INFO] post_ebrisk   3% [104 submitted, 1198 queued]
[2020-10-31 23:59:32 #1468 INFO] post_ebrisk   4% [117 submitted, 1185 queued]
[2020-10-31 23:59:32 #1468 INFO] post_ebrisk   5% [130 submitted, 1172 queued]
[2020-10-31 23:59:42 #1468 INFO] post_ebrisk   6% [143 submitted, 1159 queued]
[2020-10-31 23:59:42 #1468 INFO] post_ebrisk   7% [156 submitted, 1146 queued]
[2020-10-31 23:59:42 #1468 INFO] post_ebrisk   8% [169 submitted, 1133 queued]
[2020-10-31 23:59:42 #1468 INFO] post_ebrisk   9% [182 submitted, 1120 queued]
[2020-10-31 23:59:43 #1468 INFO] post_ebrisk  10% [195 submitted, 1107 queued]
[2020-10-31 23:59:52 #1468 INFO] post_ebrisk  11% [208 submitted, 1094 queued]
[2020-10-31 23:59:52 #1468 INFO] post_ebrisk  12% [221 submitted, 1081 queued]
[2020-10-31 23:59:52 #1468 INFO] post_ebrisk  13% [234 submitted, 1068 queued]
[2020-10-31 23:59:52 #1468 INFO] post_ebrisk  14% [247 submitted, 1055 queued]
[2020-10-31 23:59:52 #1468 INFO] post_ebrisk  15% [260 submitted, 1042 queued]
[2020-11-01 00:00:02 #1468 INFO] post_ebrisk  16% [273 submitted, 1029 queued]
[2020-11-01 00:00:02 #1468 INFO] post_ebrisk  17% [286 submitted, 1016 queued]
[2020-11-01 00:00:02 #1468 INFO] post_ebrisk  18% [299 submitted, 1003 queued]
[2020-11-01 00:00:03 #1468 INFO] post_ebrisk  19% [312 submitted, 990 queued]
[2020-11-01 00:00:03 #1468 INFO] post_ebrisk  20% [325 submitted, 977 queued]
[2020-11-01 00:00:12 #1468 INFO] post_ebrisk  21% [338 submitted, 964 queued]
[2020-11-01 00:00:12 #1468 INFO] post_ebrisk  22% [351 submitted, 951 queued]
[2020-11-01 00:00:13 #1468 INFO] post_ebrisk  23% [364 submitted, 938 queued]
[2020-11-01 00:00:13 #1468 INFO] post_ebrisk  24% [377 submitted, 925 queued]
[2020-11-01 00:00:13 #1468 INFO] post_ebrisk  25% [390 submitted, 912 queued]
[2020-11-01 00:00:22 #1468 INFO] post_ebrisk  26% [403 submitted, 899 queued]
[2020-11-01 00:00:23 #1468 INFO] post_ebrisk  27% [416 submitted, 886 queued]
[2020-11-01 00:00:23 #1468 INFO] post_ebrisk  28% [429 submitted, 873 queued]
[2020-11-01 00:00:23 #1468 INFO] post_ebrisk  29% [442 submitted, 860 queued]
[2020-11-01 00:00:23 #1468 INFO] post_ebrisk  30% [455 submitted, 847 queued]
[2020-11-01 00:00:33 #1468 INFO] post_ebrisk  31% [468 submitted, 834 queued]
[2020-11-01 00:00:33 #1468 INFO] post_ebrisk  32% [481 submitted, 821 queued]
[2020-11-01 00:00:33 #1468 INFO] post_ebrisk  33% [494 submitted, 808 queued]
[2020-11-01 00:00:33 #1468 INFO] post_ebrisk  34% [507 submitted, 795 queued]
[2020-11-01 00:00:33 #1468 INFO] post_ebrisk  35% [520 submitted, 782 queued]
[2020-11-01 00:00:43 #1468 INFO] post_ebrisk  36% [533 submitted, 769 queued]
[2020-11-01 00:00:43 #1468 INFO] post_ebrisk  37% [546 submitted, 756 queued]
[2020-11-01 00:00:43 #1468 INFO] post_ebrisk  38% [559 submitted, 743 queued]
[2020-11-01 00:00:43 #1468 INFO] post_ebrisk  39% [572 submitted, 730 queued]
[2020-11-01 00:00:44 #1468 INFO] post_ebrisk  40% [585 submitted, 717 queued]
[2020-11-01 00:00:53 #1468 INFO] post_ebrisk  41% [598 submitted, 704 queued]
[2020-11-01 00:00:53 #1468 INFO] post_ebrisk  42% [611 submitted, 691 queued]
[2020-11-01 00:00:54 #1468 INFO] post_ebrisk  43% [624 submitted, 678 queued]
[2020-11-01 00:00:54 #1468 INFO] post_ebrisk  44% [637 submitted, 665 queued]
[2020-11-01 00:00:54 #1468 INFO] post_ebrisk  45% [650 submitted, 652 queued]
[2020-11-01 00:01:04 #1468 INFO] post_ebrisk  46% [663 submitted, 639 queued]
[2020-11-01 00:01:04 #1468 INFO] post_ebrisk  47% [676 submitted, 626 queued]
[2020-11-01 00:01:04 #1468 INFO] post_ebrisk  48% [689 submitted, 613 queued]
[2020-11-01 00:01:04 #1468 INFO] post_ebrisk  49% [702 submitted, 600 queued]
[2020-11-01 00:01:05 #1468 INFO] post_ebrisk  50% [715 submitted, 587 queued]
[2020-11-01 00:01:14 #1468 INFO] post_ebrisk  51% [729 submitted, 573 queued]
[2020-11-01 00:01:14 #1468 INFO] post_ebrisk  52% [742 submitted, 560 queued]
[2020-11-01 00:01:15 #1468 INFO] post_ebrisk  53% [755 submitted, 547 queued]
[2020-11-01 00:01:15 #1468 INFO] post_ebrisk  54% [768 submitted, 534 queued]
[2020-11-01 00:01:15 #1468 INFO] post_ebrisk  55% [781 submitted, 521 queued]
[2020-11-01 00:01:24 #1468 INFO] post_ebrisk  56% [794 submitted, 508 queued]
[2020-11-01 00:01:24 #1468 INFO] post_ebrisk  57% [807 submitted, 495 queued]
[2020-11-01 00:01:25 #1468 INFO] post_ebrisk  58% [820 submitted, 482 queued]
[2020-11-01 00:01:25 #1468 INFO] post_ebrisk  59% [833 submitted, 469 queued]
[2020-11-01 00:01:25 #1468 INFO] post_ebrisk  60% [846 submitted, 456 queued]
[2020-11-01 00:01:35 #1468 INFO] post_ebrisk  61% [859 submitted, 443 queued]
[2020-11-01 00:01:35 #1468 INFO] post_ebrisk  62% [872 submitted, 430 queued]
[2020-11-01 00:01:35 #1468 INFO] post_ebrisk  63% [885 submitted, 417 queued]
[2020-11-01 00:01:35 #1468 INFO] post_ebrisk  64% [898 submitted, 404 queued]
[2020-11-01 00:01:36 #1468 INFO] post_ebrisk  65% [911 submitted, 391 queued]
[2020-11-01 00:01:45 #1468 INFO] post_ebrisk  66% [924 submitted, 378 queued]
[2020-11-01 00:01:45 #1468 INFO] post_ebrisk  67% [937 submitted, 365 queued]
[2020-11-01 00:01:45 #1468 INFO] post_ebrisk  68% [950 submitted, 352 queued]
[2020-11-01 00:01:45 #1468 INFO] post_ebrisk  69% [963 submitted, 339 queued]
[2020-11-01 00:01:46 #1468 INFO] post_ebrisk  70% [976 submitted, 326 queued]
[2020-11-01 00:01:55 #1468 INFO] post_ebrisk  71% [989 submitted, 313 queued]
[2020-11-01 00:01:55 #1468 INFO] post_ebrisk  72% [1002 submitted, 300 queued]
[2020-11-01 00:01:55 #1468 INFO] post_ebrisk  73% [1015 submitted, 287 queued]
[2020-11-01 00:01:55 #1468 INFO] post_ebrisk  74% [1028 submitted, 274 queued]
[2020-11-01 00:01:56 #1468 INFO] post_ebrisk  75% [1041 submitted, 261 queued]
[2020-11-01 00:02:05 #1468 INFO] post_ebrisk  76% [1054 submitted, 248 queued]
[2020-11-01 00:02:05 #1468 INFO] post_ebrisk  77% [1067 submitted, 235 queued]
[2020-11-01 00:02:05 #1468 INFO] post_ebrisk  78% [1080 submitted, 222 queued]
[2020-11-01 00:02:06 #1468 INFO] post_ebrisk  79% [1093 submitted, 209 queued]
[2020-11-01 00:02:06 #1468 INFO] post_ebrisk  80% [1106 submitted, 196 queued]
[2020-11-01 00:02:15 #1468 INFO] post_ebrisk  81% [1119 submitted, 183 queued]
[2020-11-01 00:02:15 #1468 INFO] post_ebrisk  82% [1132 submitted, 170 queued]
[2020-11-01 00:02:16 #1468 INFO] post_ebrisk  83% [1145 submitted, 157 queued]
[2020-11-01 00:02:16 #1468 INFO] post_ebrisk  84% [1158 submitted, 144 queued]
[2020-11-01 00:02:16 #1468 INFO] post_ebrisk  85% [1171 submitted, 131 queued]
[2020-11-01 00:02:26 #1468 INFO] post_ebrisk  86% [1184 submitted, 118 queued]
[2020-11-01 00:02:26 #1468 INFO] post_ebrisk  87% [1197 submitted, 105 queued]
[2020-11-01 00:02:26 #1468 INFO] post_ebrisk  88% [1210 submitted, 92 queued]
[2020-11-01 00:02:26 #1468 INFO] post_ebrisk  89% [1223 submitted, 79 queued]
[2020-11-01 00:02:26 #1468 INFO] post_ebrisk  90% [1236 submitted, 66 queued]
[2020-11-01 00:02:36 #1468 INFO] post_ebrisk  91% [1249 submitted, 53 queued]
[2020-11-01 00:02:36 #1468 INFO] post_ebrisk  92% [1262 submitted, 40 queued]
[2020-11-01 00:02:36 #1468 INFO] post_ebrisk  93% [1275 submitted, 27 queued]
[2020-11-01 00:02:37 #1468 INFO] post_ebrisk  94% [1288 submitted, 14 queued]
[2020-11-01 00:02:37 #1468 INFO] post_ebrisk  95% [1301 submitted, 1 queued]
[2020-11-01 00:02:40 #1468 INFO] post_ebrisk  96% [1302 submitted, 0 queued]
[2020-11-01 00:02:45 #1468 INFO] post_ebrisk  97% [1302 submitted, 0 queued]
[2020-11-01 00:02:45 #1468 INFO] post_ebrisk  98% [1302 submitted, 0 queued]
[2020-11-01 00:02:45 #1468 INFO] post_ebrisk  99% [1302 submitted, 0 queued]
[2020-11-01 00:02:45 #1468 INFO] post_ebrisk 100% [1302 submitted, 0 queued]
[2020-11-01 00:02:45 #1468 INFO] Received {'tot': '24.4 MB'} in 203 seconds
[2020-11-01 00:02:45 #1468 INFO] Mean portfolio loss
============= ============== ==============
contents      nonstructural  structural    
============= ============== ==============
3_425_860_352 13_636_415_488 14_962_724_864
============= ============== ==============
[2020-11-01 00:02:46 #1468 INFO] Sanity check on agg_losses/tot_losses
[2020-11-01 00:02:46 #1468 INFO] Exposing the outputs to the database
[2020-11-01 00:02:46 #1468 INFO] Stored 249.75 MB on /mnt/data/murray.journeay/oqdata/calc_1468.hdf5 in 1909 seconds
  id | name
8115 | Aggregate Event Losses
8107 | Aggregate Loss Curves
8108 | Aggregate Loss Curves Statistics
8109 | Aggregate Losses
8110 | Aggregate Losses Statistics
8111 | Average Asset Losses Statistics
8117 | Earthquake Ruptures
8112 | Events
8113 | Full Report
8114 | Input Files
 ... | 6 additional output(s)
Some outputs were not shown. You can see the full list with the command
`oq engine --list-outputs 1468`
