[2020-10-18 08:41:56 #1299 INFO] murray.journeay running /mnt/data/shared/canada-2020/canada-srm2/ebRisk/input/ebRisk_b0_YT.ini [--hc=None]
[2020-10-18 08:41:56 #1299 INFO] Using engine version 3.11.0-git4f03c56
[2020-10-18 08:41:57 #1299 WARNING] Using 64 cores on gem-compute
[2020-10-18 08:41:57 #1299 INFO] Validated nationalModel.xml in 0.01 seconds
[2020-10-18 08:41:57 #1299 INFO] Checksum of the input files: 2804627169
[2020-10-18 08:41:57 #1299 INFO] Reading the risk model if present
[2020-10-18 08:42:11 #1299 INFO] Reading /mnt/data/shared/canada-2020/model-inputs/exposure/general-building-stock/oqBldgExp_YT.xml
[2020-10-18 08:42:11 #1299 INFO] Extracting the hazard sites from the site model
[2020-10-18 08:42:13 #1299 INFO] Associated 3916 assets to 647 sites
[2020-10-18 08:42:13 #1299 INFO] Reducing risk model from 7260 to 339 taxonomies
[2020-10-18 08:42:14 #1299 INFO] Considering 50 logic tree paths out of 24_576
[2020-10-18 08:42:14 #1299 INFO] 6 effective smlt realization(s)
[2020-10-18 08:42:14 #1299 INFO] Reading the source model(s) in parallel
[2020-10-18 08:42:16 #1299 INFO] read_source_model  16% [6 submitted, 0 queued]
[2020-10-18 08:42:16 #1299 INFO] read_source_model  33% [6 submitted, 0 queued]
[2020-10-18 08:42:16 #1299 INFO] read_source_model  50% [6 submitted, 0 queued]
[2020-10-18 08:42:16 #1299 INFO] read_source_model  66% [6 submitted, 0 queued]
[2020-10-18 08:42:16 #1299 INFO] read_source_model  83% [6 submitted, 0 queued]
[2020-10-18 08:42:16 #1299 INFO] read_source_model 100% [6 submitted, 0 queued]
[2020-10-18 08:42:16 #1299 INFO] Received {'/mnt/data/shared/canada-2020/CanadaSHM6/OpenQuake_model_files/sources/nationalModel/xml/simplifiedModel/WCan_HYeast_Harctic_simplified_collapsedRates.xml': '141.06 KB', '/mnt/data/shared/canada-2020/CanadaSHM6/OpenQuake_model_files/sources/nationalModel/xml/simplifiedModel/WCan_H2east_Harctic_simplified_collapsedRates.xml': '135.23 KB', '/mnt/data/shared/canada-2020/CanadaSHM6/OpenQuake_model_files/sources/nationalModel/xml/simplifiedModel/WCan_HYeast_Rarctic_simplified_collapsedRates.xml': '134.61 KB', '/mnt/data/shared/canada-2020/CanadaSHM6/OpenQuake_model_files/sources/nationalModel/xml/simplifiedModel/WCan_H2east_Rarctic_simplified_collapsedRates.xml': '128.78 KB', '/mnt/data/shared/canada-2020/CanadaSHM6/OpenQuake_model_files/sources/nationalModel/xml/simplifiedModel/WCan_R2east_Harctic_simplified_collapsedRates.xml': '119.91 KB', '/mnt/data/shared/canada-2020/CanadaSHM6/OpenQuake_model_files/sources/nationalModel/xml/simplifiedModel/WCan_R2east_Rarctic_simplified_collapsedRates.xml': '113.68 KB'} in 1 seconds
[2020-10-18 08:42:17 #1299 WARNING] There are multiple different sources with the same ID [<AreaSource SCCCT>, <AreaSource SCCCT>, <AreaSource SCCCT>, <AreaSource SCCCT>, <AreaSource SCCCT>, <AreaSource SCCCT>]
[2020-10-18 08:43:52 #1299 INFO] There are 195 sources
[2020-10-18 08:43:52 #1299 INFO] Checking the sources bounding box
[2020-10-18 08:43:52 #1299 ERROR] source ACM: The buffer of 600 km is too large, the bounding box is larger than half the globe: 219 degrees
[2020-10-18 08:43:52 #1299 INFO] Rupture floating factor = 1.6265060240963856
[2020-10-18 08:43:52 #1299 INFO] Rupture spinning factor = 3.2710843373493974
[2020-10-18 08:43:52 #1299 INFO] gzipping the input files
[2020-10-18 08:43:54 #1299 INFO] Storing risk model
[2020-10-18 08:43:56 #1299 INFO] minimum_intensity={'SA(0.3)': 0.1, 'SA(0.6)': 0.05, 'SA(1.0)': 0.05, 'SA(2.0)': 0.05, 'SA(0.5)': 0.1}
[2020-10-18 08:43:56 #1299 INFO] Building ruptures
[2020-10-18 08:43:56 #1299 INFO] Sending <SourceGroup Subduction IntraSlab30, 1 source(s)>
[2020-10-18 08:43:56 #1299 INFO] Sending <SourceGroup Subduction IntraSlab55, 4 source(s)>
[2020-10-18 08:43:56 #1299 INFO] Sending <SourceGroup Subduction Interface, 13 source(s)>
[2020-10-18 08:43:56 #1299 INFO] Sending <SourceGroup Stable Shallow Crust, 120 source(s)>
[2020-10-18 08:43:56 #1299 INFO] Sending <SourceGroup Active Shallow Crust, 59 source(s)>
[2020-10-18 08:43:58 #1299 INFO] Sent 64 tasks, 58.6 MB in 0 seconds
[2020-10-18 08:43:59 #1299 INFO] sample_ruptures   1% [65 submitted, 19 queued]
[2020-10-18 08:43:59 #1299 INFO] sample_ruptures   2% [66 submitted, 18 queued]
[2020-10-18 08:43:59 #1299 INFO] sample_ruptures   3% [67 submitted, 17 queued]
[2020-10-18 08:44:00 #1299 INFO] sample_ruptures   4% [68 submitted, 16 queued]
[2020-10-18 08:44:00 #1299 INFO] sample_ruptures   5% [69 submitted, 15 queued]
[2020-10-18 08:44:00 #1299 INFO] sample_ruptures   7% [70 submitted, 14 queued]
[2020-10-18 08:44:00 #1299 INFO] sample_ruptures   8% [71 submitted, 13 queued]
[2020-10-18 08:44:00 #1299 INFO] sample_ruptures   9% [72 submitted, 12 queued]
[2020-10-18 08:44:00 #1299 INFO] sample_ruptures  10% [73 submitted, 11 queued]
[2020-10-18 08:44:00 #1299 INFO] sample_ruptures  11% [74 submitted, 10 queued]
[2020-10-18 08:44:00 #1299 INFO] sample_ruptures  13% [75 submitted, 9 queued]
[2020-10-18 08:44:00 #1299 INFO] sample_ruptures  14% [76 submitted, 8 queued]
[2020-10-18 08:44:00 #1299 INFO] sample_ruptures  15% [77 submitted, 7 queued]
[2020-10-18 08:44:00 #1299 INFO] sample_ruptures  16% [78 submitted, 6 queued]
[2020-10-18 08:44:00 #1299 INFO] sample_ruptures  17% [79 submitted, 5 queued]
[2020-10-18 08:44:00 #1299 INFO] sample_ruptures  19% [80 submitted, 4 queued]
[2020-10-18 08:44:00 #1299 INFO] sample_ruptures  20% [81 submitted, 3 queued]
[2020-10-18 08:44:00 #1299 INFO] sample_ruptures  21% [82 submitted, 2 queued]
[2020-10-18 08:44:00 #1299 INFO] sample_ruptures  22% [83 submitted, 1 queued]
[2020-10-18 08:44:00 #1299 INFO] sample_ruptures  23% [84 submitted, 0 queued]
[2020-10-18 08:44:00 #1299 INFO] sample_ruptures  25% [84 submitted, 0 queued]
[2020-10-18 08:44:00 #1299 INFO] sample_ruptures  26% [84 submitted, 0 queued]
[2020-10-18 08:44:00 #1299 INFO] sample_ruptures  27% [84 submitted, 0 queued]
[2020-10-18 08:44:01 #1299 INFO] sample_ruptures  28% [84 submitted, 0 queued]
[2020-10-18 08:44:01 #1299 INFO] sample_ruptures  29% [84 submitted, 0 queued]
[2020-10-18 08:44:01 #1299 INFO] sample_ruptures  30% [84 submitted, 0 queued]
[2020-10-18 08:44:01 #1299 INFO] sample_ruptures  32% [84 submitted, 0 queued]
[2020-10-18 08:44:01 #1299 INFO] sample_ruptures  33% [84 submitted, 0 queued]
[2020-10-18 08:44:01 #1299 INFO] sample_ruptures  34% [84 submitted, 0 queued]
[2020-10-18 08:44:01 #1299 INFO] sample_ruptures  35% [84 submitted, 0 queued]
[2020-10-18 08:44:01 #1299 INFO] sample_ruptures  36% [84 submitted, 0 queued]
[2020-10-18 08:44:01 #1299 INFO] sample_ruptures  38% [84 submitted, 0 queued]
[2020-10-18 08:44:01 #1299 INFO] sample_ruptures  39% [84 submitted, 0 queued]
[2020-10-18 08:44:01 #1299 INFO] sample_ruptures  40% [84 submitted, 0 queued]
[2020-10-18 08:44:01 #1299 INFO] sample_ruptures  41% [84 submitted, 0 queued]
[2020-10-18 08:44:01 #1299 INFO] sample_ruptures  42% [84 submitted, 0 queued]
[2020-10-18 08:44:01 #1299 INFO] sample_ruptures  44% [84 submitted, 0 queued]
[2020-10-18 08:44:01 #1299 INFO] sample_ruptures  45% [84 submitted, 0 queued]
[2020-10-18 08:44:01 #1299 INFO] sample_ruptures  46% [84 submitted, 0 queued]
[2020-10-18 08:44:01 #1299 INFO] sample_ruptures  47% [84 submitted, 0 queued]
[2020-10-18 08:44:01 #1299 INFO] sample_ruptures  48% [84 submitted, 0 queued]
[2020-10-18 08:44:01 #1299 INFO] sample_ruptures  50% [84 submitted, 0 queued]
[2020-10-18 08:44:02 #1299 INFO] sample_ruptures  51% [84 submitted, 0 queued]
[2020-10-18 08:44:02 #1299 INFO] sample_ruptures  52% [84 submitted, 0 queued]
[2020-10-18 08:44:02 #1299 INFO] sample_ruptures  53% [84 submitted, 0 queued]
[2020-10-18 08:44:02 #1299 INFO] sample_ruptures  54% [84 submitted, 0 queued]
[2020-10-18 08:44:02 #1299 INFO] sample_ruptures  55% [84 submitted, 0 queued]
[2020-10-18 08:44:02 #1299 INFO] sample_ruptures  57% [84 submitted, 0 queued]
[2020-10-18 08:44:02 #1299 INFO] sample_ruptures  58% [84 submitted, 0 queued]
[2020-10-18 08:44:02 #1299 INFO] sample_ruptures  59% [84 submitted, 0 queued]
[2020-10-18 08:44:02 #1299 INFO] sample_ruptures  60% [84 submitted, 0 queued]
[2020-10-18 08:44:02 #1299 INFO] sample_ruptures  61% [84 submitted, 0 queued]
[2020-10-18 08:44:02 #1299 INFO] sample_ruptures  63% [84 submitted, 0 queued]
[2020-10-18 08:44:02 #1299 INFO] sample_ruptures  64% [84 submitted, 0 queued]
[2020-10-18 08:44:02 #1299 INFO] sample_ruptures  65% [84 submitted, 0 queued]
[2020-10-18 08:44:02 #1299 INFO] sample_ruptures  66% [84 submitted, 0 queued]
[2020-10-18 08:44:06 #1299 INFO] sample_ruptures  67% [84 submitted, 0 queued]
[2020-10-18 08:44:10 #1299 INFO] sample_ruptures  69% [84 submitted, 0 queued]
[2020-10-18 08:44:17 #1299 INFO] sample_ruptures  70% [84 submitted, 0 queued]
[2020-10-18 08:44:33 #1299 INFO] sample_ruptures  71% [84 submitted, 0 queued]
[2020-10-18 08:44:39 #1299 INFO] sample_ruptures  72% [84 submitted, 0 queued]
[2020-10-18 08:44:41 #1299 INFO] sample_ruptures  73% [84 submitted, 0 queued]
[2020-10-18 08:44:42 #1299 INFO] sample_ruptures  75% [84 submitted, 0 queued]
[2020-10-18 08:44:47 #1299 INFO] sample_ruptures  76% [84 submitted, 0 queued]
[2020-10-18 08:44:49 #1299 INFO] sample_ruptures  77% [84 submitted, 0 queued]
[2020-10-18 08:44:52 #1299 INFO] sample_ruptures  78% [84 submitted, 0 queued]
[2020-10-18 08:44:54 #1299 INFO] sample_ruptures  79% [84 submitted, 0 queued]
[2020-10-18 08:44:56 #1299 INFO] sample_ruptures  80% [84 submitted, 0 queued]
[2020-10-18 08:45:00 #1299 INFO] sample_ruptures  82% [84 submitted, 0 queued]
[2020-10-18 08:45:13 #1299 INFO] sample_ruptures  83% [84 submitted, 0 queued]
[2020-10-18 08:45:21 #1299 INFO] sample_ruptures  84% [84 submitted, 0 queued]
[2020-10-18 08:45:53 #1299 INFO] sample_ruptures  85% [84 submitted, 0 queued]
[2020-10-18 08:46:18 #1299 INFO] sample_ruptures  86% [84 submitted, 0 queued]
[2020-10-18 08:47:03 #1299 INFO] sample_ruptures  88% [84 submitted, 0 queued]
[2020-10-18 08:47:05 #1299 INFO] sample_ruptures  89% [84 submitted, 0 queued]
[2020-10-18 08:47:07 #1299 INFO] sample_ruptures  90% [84 submitted, 0 queued]
[2020-10-18 08:48:40 #1299 INFO] sample_ruptures  91% [84 submitted, 0 queued]
[2020-10-18 08:51:30 #1299 INFO] sample_ruptures  92% [84 submitted, 0 queued]
[2020-10-18 08:52:30 #1299 INFO] sample_ruptures  94% [84 submitted, 0 queued]
[2020-10-18 08:52:34 #1299 INFO] sample_ruptures  95% [84 submitted, 0 queued]
[2020-10-18 08:53:28 #1299 INFO] sample_ruptures  96% [84 submitted, 0 queued]
[2020-10-18 08:54:04 #1299 INFO] sample_ruptures  97% [84 submitted, 0 queued]
[2020-10-18 08:54:09 #1299 INFO] sample_ruptures  98% [84 submitted, 0 queued]
[2020-10-18 09:02:07 #1299 INFO] sample_ruptures 100% [84 submitted, 0 queued]
[2020-10-18 09:02:07 #1299 INFO] Received {'rup_array': '1.09 GB', 'calc_times': '20.71 KB', 'eff_ruptures': '3.64 KB'} in 1090 seconds
[2020-10-18 09:02:07 #1299 INFO] There are 50 realization(s)
[2020-10-18 09:02:08 #1299 INFO] Reordering the ruptures and storing the events
[2020-10-18 09:02:14 #1299 INFO] Associating event_id -> rlz_id for 8_671_785 events and 5_260_037 ruptures
[2020-10-18 09:04:37 #1299 INFO] Sent 144 tasks, 567.07 MB in 133 seconds
[2020-10-18 09:04:46 #1299 INFO] Received {'tot': '82.74 MB'} in 9 seconds
[2020-10-18 09:05:31 #1299 INFO] minimum_asset_loss={'contents': 0, 'nonstructural': 0, 'structural': 0}
[2020-10-18 09:05:31 #1299 INFO] minimum_intensity={'SA(0.3)': 0.1, 'SA(0.6)': 0.05, 'SA(1.0)': 0.05, 'SA(2.0)': 0.05, 'SA(0.5)': 0.1}
[2020-10-18 09:05:32 #1299 INFO] Sending 5_260_037 ruptures
[2020-10-18 09:09:54 #1299 INFO] Sent 144 tasks, 570.25 MB in 252 seconds
[2020-10-18 09:17:24 #1299 INFO] start_ebrisk   1% [144 submitted, 0 queued]
[2020-10-18 09:18:37 #1299 INFO] start_ebrisk   2% [144 submitted, 0 queued]
[2020-10-18 09:21:09 #1299 INFO] start_ebrisk   3% [144 submitted, 0 queued]
[2020-10-18 09:22:08 #1299 INFO] start_ebrisk   4% [144 submitted, 0 queued]
[2020-10-18 09:30:09 #1299 INFO] start_ebrisk   5% [144 submitted, 0 queued]
[2020-10-18 09:30:43 #1299 INFO] start_ebrisk   6% [144 submitted, 0 queued]
[2020-10-18 09:31:21 #1299 INFO] start_ebrisk   7% [144 submitted, 0 queued]
[2020-10-18 09:31:32 #1299 INFO] start_ebrisk   8% [144 submitted, 0 queued]
[2020-10-18 09:31:57 #1299 INFO] start_ebrisk   9% [144 submitted, 0 queued]
[2020-10-18 09:32:38 #1299 INFO] start_ebrisk  10% [144 submitted, 0 queued]
[2020-10-18 09:33:10 #1299 INFO] start_ebrisk  11% [144 submitted, 0 queued]
[2020-10-18 09:34:02 #1299 INFO] start_ebrisk  12% [144 submitted, 0 queued]
[2020-10-18 09:34:27 #1299 INFO] start_ebrisk  13% [144 submitted, 0 queued]
[2020-10-18 09:35:01 #1299 INFO] start_ebrisk  14% [144 submitted, 0 queued]
[2020-10-18 09:36:25 #1299 INFO] start_ebrisk  15% [144 submitted, 0 queued]
[2020-10-18 09:36:53 #1299 INFO] start_ebrisk  16% [144 submitted, 0 queued]
[2020-10-18 09:36:54 #1299 INFO] start_ebrisk  17% [144 submitted, 0 queued]
[2020-10-18 09:37:04 #1299 INFO] start_ebrisk  18% [144 submitted, 0 queued]
[2020-10-18 09:37:20 #1299 INFO] start_ebrisk  19% [144 submitted, 0 queued]
[2020-10-18 09:37:25 #1299 INFO] start_ebrisk  20% [144 submitted, 0 queued]
[2020-10-18 09:37:44 #1299 INFO] start_ebrisk  21% [144 submitted, 0 queued]
[2020-10-18 09:37:59 #1299 INFO] start_ebrisk  22% [144 submitted, 0 queued]
[2020-10-18 09:38:29 #1299 INFO] start_ebrisk  23% [144 submitted, 0 queued]
[2020-10-18 09:39:19 #1299 INFO] start_ebrisk  24% [144 submitted, 0 queued]
[2020-10-18 09:39:25 #1299 INFO] start_ebrisk  25% [144 submitted, 0 queued]
[2020-10-18 09:40:27 #1299 INFO] start_ebrisk  26% [144 submitted, 0 queued]
[2020-10-18 09:40:29 #1299 INFO] start_ebrisk  27% [144 submitted, 0 queued]
[2020-10-18 09:43:07 #1299 INFO] start_ebrisk  28% [144 submitted, 0 queued]
[2020-10-18 09:45:11 #1299 INFO] start_ebrisk  29% [144 submitted, 0 queued]
[2020-10-18 09:46:09 #1299 INFO] start_ebrisk  30% [144 submitted, 0 queued]
[2020-10-18 09:46:16 #1299 INFO] start_ebrisk  31% [144 submitted, 0 queued]
[2020-10-18 09:46:26 #1299 INFO] start_ebrisk  32% [144 submitted, 0 queued]
[2020-10-18 09:46:36 #1299 INFO] start_ebrisk  33% [144 submitted, 0 queued]
[2020-10-18 09:46:40 #1299 INFO] start_ebrisk  34% [144 submitted, 0 queued]
[2020-10-18 09:47:27 #1299 INFO] start_ebrisk  35% [144 submitted, 0 queued]
[2020-10-18 09:47:54 #1299 INFO] start_ebrisk  36% [144 submitted, 0 queued]
[2020-10-18 09:48:25 #1299 INFO] start_ebrisk  37% [144 submitted, 0 queued]
[2020-10-18 09:48:27 #1299 INFO] start_ebrisk  38% [144 submitted, 0 queued]
[2020-10-18 09:50:23 #1299 INFO] start_ebrisk  39% [144 submitted, 0 queued]
[2020-10-18 09:50:57 #1299 INFO] start_ebrisk  40% [144 submitted, 0 queued]
[2020-10-18 09:51:56 #1299 INFO] start_ebrisk  41% [144 submitted, 0 queued]
[2020-10-18 09:52:00 #1299 INFO] start_ebrisk  42% [144 submitted, 0 queued]
[2020-10-18 09:52:31 #1299 INFO] start_ebrisk  43% [144 submitted, 0 queued]
[2020-10-18 09:54:34 #1299 INFO] start_ebrisk  44% [144 submitted, 0 queued]
[2020-10-18 09:55:09 #1299 INFO] start_ebrisk  45% [144 submitted, 0 queued]
[2020-10-18 09:55:22 #1299 INFO] start_ebrisk  46% [144 submitted, 0 queued]
[2020-10-18 09:56:18 #1299 INFO] start_ebrisk  47% [144 submitted, 0 queued]
[2020-10-18 09:57:31 #1299 INFO] start_ebrisk  48% [144 submitted, 0 queued]
[2020-10-18 09:57:32 #1299 INFO] start_ebrisk  49% [144 submitted, 0 queued]
[2020-10-18 09:57:41 #1299 INFO] start_ebrisk  50% [144 submitted, 0 queued]
[2020-10-18 09:57:53 #1299 INFO] start_ebrisk  51% [144 submitted, 0 queued]
[2020-10-18 09:57:58 #1299 INFO] start_ebrisk  52% [144 submitted, 0 queued]
[2020-10-18 09:58:11 #1299 INFO] start_ebrisk  53% [144 submitted, 0 queued]
[2020-10-18 09:58:14 #1299 INFO] start_ebrisk  54% [144 submitted, 0 queued]
[2020-10-18 09:58:42 #1299 INFO] start_ebrisk  55% [144 submitted, 0 queued]
[2020-10-18 09:58:52 #1299 INFO] start_ebrisk  56% [144 submitted, 0 queued]
[2020-10-18 09:59:16 #1299 INFO] start_ebrisk  57% [144 submitted, 0 queued]
[2020-10-18 09:59:29 #1299 INFO] start_ebrisk  58% [144 submitted, 0 queued]
[2020-10-18 09:59:40 #1299 INFO] start_ebrisk  59% [144 submitted, 0 queued]
[2020-10-18 10:00:47 #1299 INFO] start_ebrisk  60% [144 submitted, 0 queued]
[2020-10-18 10:01:12 #1299 INFO] start_ebrisk  61% [144 submitted, 0 queued]
[2020-10-18 10:02:06 #1299 INFO] start_ebrisk  62% [144 submitted, 0 queued]
[2020-10-18 10:02:25 #1299 INFO] start_ebrisk  63% [144 submitted, 0 queued]
[2020-10-18 10:02:29 #1299 INFO] start_ebrisk  64% [144 submitted, 0 queued]
[2020-10-18 10:03:01 #1299 INFO] start_ebrisk  65% [144 submitted, 0 queued]
[2020-10-18 10:03:27 #1299 INFO] start_ebrisk  66% [144 submitted, 0 queued]
[2020-10-18 10:03:31 #1299 INFO] start_ebrisk  67% [144 submitted, 0 queued]
[2020-10-18 10:03:39 #1299 INFO] start_ebrisk  68% [144 submitted, 0 queued]
[2020-10-18 10:04:07 #1299 INFO] start_ebrisk  69% [144 submitted, 0 queued]
[2020-10-18 10:04:34 #1299 INFO] start_ebrisk  70% [144 submitted, 0 queued]
[2020-10-18 10:05:01 #1299 INFO] start_ebrisk  71% [144 submitted, 0 queued]
[2020-10-18 10:05:05 #1299 INFO] start_ebrisk  72% [144 submitted, 0 queued]
[2020-10-18 10:05:38 #1299 INFO] start_ebrisk  73% [144 submitted, 0 queued]
[2020-10-18 10:05:42 #1299 INFO] start_ebrisk  74% [144 submitted, 0 queued]
[2020-10-18 10:05:46 #1299 INFO] start_ebrisk  75% [144 submitted, 0 queued]
[2020-10-18 10:06:05 #1299 INFO] start_ebrisk  76% [144 submitted, 0 queued]
[2020-10-18 10:06:29 #1299 INFO] start_ebrisk  77% [144 submitted, 0 queued]
[2020-10-18 10:06:40 #1299 INFO] start_ebrisk  78% [144 submitted, 0 queued]
[2020-10-18 10:07:02 #1299 INFO] start_ebrisk  79% [144 submitted, 0 queued]
[2020-10-18 10:07:08 #1299 INFO] start_ebrisk  80% [144 submitted, 0 queued]
[2020-10-18 10:07:09 #1299 INFO] start_ebrisk  81% [144 submitted, 0 queued]
[2020-10-18 10:07:36 #1299 INFO] start_ebrisk  82% [144 submitted, 0 queued]
[2020-10-18 10:07:37 #1299 INFO] start_ebrisk  83% [144 submitted, 0 queued]
[2020-10-18 10:07:57 #1299 INFO] start_ebrisk  84% [144 submitted, 0 queued]
[2020-10-18 10:08:29 #1299 INFO] start_ebrisk  85% [144 submitted, 0 queued]
[2020-10-18 10:08:36 #1299 INFO] start_ebrisk  86% [144 submitted, 0 queued]
[2020-10-18 10:09:09 #1299 INFO] start_ebrisk  87% [144 submitted, 0 queued]
[2020-10-18 10:09:13 #1299 INFO] start_ebrisk  88% [144 submitted, 0 queued]
[2020-10-18 10:09:25 #1299 INFO] start_ebrisk  89% [144 submitted, 0 queued]
[2020-10-18 10:10:08 #1299 INFO] start_ebrisk  90% [144 submitted, 0 queued]
[2020-10-18 10:10:41 #1299 INFO] start_ebrisk  91% [144 submitted, 0 queued]
[2020-10-18 10:11:20 #1299 INFO] start_ebrisk  92% [144 submitted, 0 queued]
[2020-10-18 10:11:41 #1299 INFO] start_ebrisk  93% [144 submitted, 0 queued]
[2020-10-18 10:13:02 #1299 INFO] start_ebrisk  94% [144 submitted, 0 queued]
[2020-10-18 10:13:20 #1299 INFO] start_ebrisk  95% [144 submitted, 0 queued]
[2020-10-18 10:13:26 #1299 INFO] start_ebrisk  96% [144 submitted, 0 queued]
[2020-10-18 10:14:39 #1299 INFO] start_ebrisk  97% [144 submitted, 0 queued]
[2020-10-18 10:17:30 #1299 INFO] start_ebrisk  98% [144 submitted, 0 queued]
[2020-10-18 10:26:58 #1299 INFO] start_ebrisk  99% [144 submitted, 0 queued]
[2020-10-18 10:29:45 #1299 INFO] start_ebrisk 100% [144 submitted, 0 queued]
[2020-10-18 10:29:45 #1299 INFO] Received {'alt': '143.04 MB', 'gmf_info': '23.51 MB', 'elt': '21.1 MB', 'losses_by_A': '6.47 MB', 'numlosses': '23.2 KB', 'events_per_sid': '2.95 KB'} in 4790 seconds
[2020-10-18 10:29:46 #1299 INFO] Produced 1.23 GB of GMFs
[2020-10-18 10:29:46 #1299 INFO] Considered 203_274_498 / 803_575_001 losses
[2020-10-18 10:29:46 #1299 INFO] Building src_loss_table
[2020-10-18 10:29:51 #1299 INFO] Producing 3(loss_types) x 3(fsauid) x 6(GenOcc) x 7(GenType) loss curves
[2020-10-18 10:31:12 #1299 INFO] post_ebrisk   1% [66 submitted, 60 queued]
[2020-10-18 10:31:13 #1299 INFO] post_ebrisk   2% [67 submitted, 59 queued]
[2020-10-18 10:31:13 #1299 INFO] post_ebrisk   3% [68 submitted, 58 queued]
[2020-10-18 10:31:13 #1299 INFO] post_ebrisk   4% [70 submitted, 56 queued]
[2020-10-18 10:31:19 #1299 INFO] post_ebrisk   5% [71 submitted, 55 queued]
[2020-10-18 10:31:19 #1299 INFO] post_ebrisk   6% [72 submitted, 54 queued]
[2020-10-18 10:31:19 #1299 INFO] post_ebrisk   7% [73 submitted, 53 queued]
[2020-10-18 10:31:19 #1299 INFO] post_ebrisk   8% [75 submitted, 51 queued]
[2020-10-18 10:31:19 #1299 INFO] post_ebrisk   9% [76 submitted, 50 queued]
[2020-10-18 10:31:19 #1299 INFO] post_ebrisk  10% [77 submitted, 49 queued]
[2020-10-18 10:31:19 #1299 INFO] post_ebrisk  11% [78 submitted, 48 queued]
[2020-10-18 10:31:19 #1299 INFO] post_ebrisk  12% [80 submitted, 46 queued]
[2020-10-18 10:31:19 #1299 INFO] post_ebrisk  13% [81 submitted, 45 queued]
[2020-10-18 10:31:19 #1299 INFO] post_ebrisk  14% [82 submitted, 44 queued]
[2020-10-18 10:31:19 #1299 INFO] post_ebrisk  15% [83 submitted, 43 queued]
[2020-10-18 10:31:19 #1299 INFO] post_ebrisk  16% [85 submitted, 41 queued]
[2020-10-18 10:31:20 #1299 INFO] post_ebrisk  17% [86 submitted, 40 queued]
[2020-10-18 10:31:20 #1299 INFO] post_ebrisk  18% [87 submitted, 39 queued]
[2020-10-18 10:31:20 #1299 INFO] post_ebrisk  19% [88 submitted, 38 queued]
[2020-10-18 10:31:20 #1299 INFO] post_ebrisk  20% [90 submitted, 36 queued]
[2020-10-18 10:31:20 #1299 INFO] post_ebrisk  21% [91 submitted, 35 queued]
[2020-10-18 10:31:20 #1299 INFO] post_ebrisk  22% [92 submitted, 34 queued]
[2020-10-18 10:31:20 #1299 INFO] post_ebrisk  23% [93 submitted, 33 queued]
[2020-10-18 10:31:20 #1299 INFO] post_ebrisk  24% [95 submitted, 31 queued]
[2020-10-18 10:31:20 #1299 INFO] post_ebrisk  25% [96 submitted, 30 queued]
[2020-10-18 10:31:20 #1299 INFO] post_ebrisk  26% [97 submitted, 29 queued]
[2020-10-18 10:31:20 #1299 INFO] post_ebrisk  27% [99 submitted, 27 queued]
[2020-10-18 10:31:20 #1299 INFO] post_ebrisk  28% [100 submitted, 26 queued]
[2020-10-18 10:31:20 #1299 INFO] post_ebrisk  29% [101 submitted, 25 queued]
[2020-10-18 10:31:20 #1299 INFO] post_ebrisk  30% [102 submitted, 24 queued]
[2020-10-18 10:31:20 #1299 INFO] post_ebrisk  31% [104 submitted, 22 queued]
[2020-10-18 10:31:20 #1299 INFO] post_ebrisk  32% [105 submitted, 21 queued]
[2020-10-18 10:31:20 #1299 INFO] post_ebrisk  33% [106 submitted, 20 queued]
[2020-10-18 10:31:20 #1299 INFO] post_ebrisk  34% [107 submitted, 19 queued]
[2020-10-18 10:31:21 #1299 INFO] post_ebrisk  35% [109 submitted, 17 queued]
[2020-10-18 10:31:21 #1299 INFO] post_ebrisk  36% [110 submitted, 16 queued]
[2020-10-18 10:31:21 #1299 INFO] post_ebrisk  37% [111 submitted, 15 queued]
[2020-10-18 10:31:21 #1299 INFO] post_ebrisk  38% [112 submitted, 14 queued]
[2020-10-18 10:31:21 #1299 INFO] post_ebrisk  39% [114 submitted, 12 queued]
[2020-10-18 10:31:21 #1299 INFO] post_ebrisk  40% [115 submitted, 11 queued]
[2020-10-18 10:31:21 #1299 INFO] post_ebrisk  41% [116 submitted, 10 queued]
[2020-10-18 10:31:21 #1299 INFO] post_ebrisk  42% [117 submitted, 9 queued]
[2020-10-18 10:31:21 #1299 INFO] post_ebrisk  43% [119 submitted, 7 queued]
[2020-10-18 10:31:21 #1299 INFO] post_ebrisk  44% [120 submitted, 6 queued]
[2020-10-18 10:31:21 #1299 INFO] post_ebrisk  45% [121 submitted, 5 queued]
[2020-10-18 10:31:21 #1299 INFO] post_ebrisk  46% [122 submitted, 4 queued]
[2020-10-18 10:31:21 #1299 INFO] post_ebrisk  47% [124 submitted, 2 queued]
[2020-10-18 10:31:21 #1299 INFO] post_ebrisk  48% [125 submitted, 1 queued]
[2020-10-18 10:31:21 #1299 INFO] post_ebrisk  49% [126 submitted, 0 queued]
[2020-10-18 10:31:21 #1299 INFO] post_ebrisk  50% [126 submitted, 0 queued]
[2020-10-18 10:32:26 #1299 INFO] post_ebrisk  51% [126 submitted, 0 queued]
[2020-10-18 10:32:27 #1299 INFO] post_ebrisk  52% [126 submitted, 0 queued]
[2020-10-18 10:32:29 #1299 INFO] post_ebrisk  53% [126 submitted, 0 queued]
[2020-10-18 10:32:30 #1299 INFO] post_ebrisk  54% [126 submitted, 0 queued]
[2020-10-18 10:32:32 #1299 INFO] post_ebrisk  55% [126 submitted, 0 queued]
[2020-10-18 10:32:34 #1299 INFO] post_ebrisk  56% [126 submitted, 0 queued]
[2020-10-18 10:32:34 #1299 INFO] post_ebrisk  57% [126 submitted, 0 queued]
[2020-10-18 10:32:35 #1299 INFO] post_ebrisk  58% [126 submitted, 0 queued]
[2020-10-18 10:32:35 #1299 INFO] post_ebrisk  59% [126 submitted, 0 queued]
[2020-10-18 10:32:36 #1299 INFO] post_ebrisk  60% [126 submitted, 0 queued]
[2020-10-18 10:32:36 #1299 INFO] post_ebrisk  61% [126 submitted, 0 queued]
[2020-10-18 10:32:37 #1299 INFO] post_ebrisk  62% [126 submitted, 0 queued]
[2020-10-18 10:32:37 #1299 INFO] post_ebrisk  63% [126 submitted, 0 queued]
[2020-10-18 10:32:37 #1299 INFO] post_ebrisk  64% [126 submitted, 0 queued]
[2020-10-18 10:32:37 #1299 INFO] post_ebrisk  65% [126 submitted, 0 queued]
[2020-10-18 10:32:38 #1299 INFO] post_ebrisk  66% [126 submitted, 0 queued]
[2020-10-18 10:32:38 #1299 INFO] post_ebrisk  67% [126 submitted, 0 queued]
[2020-10-18 10:32:38 #1299 INFO] post_ebrisk  68% [126 submitted, 0 queued]
[2020-10-18 10:32:38 #1299 INFO] post_ebrisk  69% [126 submitted, 0 queued]
[2020-10-18 10:32:39 #1299 INFO] post_ebrisk  70% [126 submitted, 0 queued]
[2020-10-18 10:32:39 #1299 INFO] post_ebrisk  71% [126 submitted, 0 queued]
[2020-10-18 10:32:40 #1299 INFO] post_ebrisk  72% [126 submitted, 0 queued]
[2020-10-18 10:32:42 #1299 INFO] post_ebrisk  73% [126 submitted, 0 queued]
[2020-10-18 10:32:42 #1299 INFO] post_ebrisk  74% [126 submitted, 0 queued]
[2020-10-18 10:32:42 #1299 INFO] post_ebrisk  75% [126 submitted, 0 queued]
[2020-10-18 10:32:43 #1299 INFO] post_ebrisk  76% [126 submitted, 0 queued]
[2020-10-18 10:32:43 #1299 INFO] post_ebrisk  77% [126 submitted, 0 queued]
[2020-10-18 10:32:43 #1299 INFO] post_ebrisk  78% [126 submitted, 0 queued]
[2020-10-18 10:32:43 #1299 INFO] post_ebrisk  79% [126 submitted, 0 queued]
[2020-10-18 10:32:43 #1299 INFO] post_ebrisk  80% [126 submitted, 0 queued]
[2020-10-18 10:32:43 #1299 INFO] post_ebrisk  81% [126 submitted, 0 queued]
[2020-10-18 10:32:43 #1299 INFO] post_ebrisk  82% [126 submitted, 0 queued]
[2020-10-18 10:32:43 #1299 INFO] post_ebrisk  83% [126 submitted, 0 queued]
[2020-10-18 10:32:43 #1299 INFO] post_ebrisk  84% [126 submitted, 0 queued]
[2020-10-18 10:32:43 #1299 INFO] post_ebrisk  85% [126 submitted, 0 queued]
[2020-10-18 10:32:43 #1299 INFO] post_ebrisk  86% [126 submitted, 0 queued]
[2020-10-18 10:32:43 #1299 INFO] post_ebrisk  87% [126 submitted, 0 queued]
[2020-10-18 10:32:43 #1299 INFO] post_ebrisk  88% [126 submitted, 0 queued]
[2020-10-18 10:32:43 #1299 INFO] post_ebrisk  89% [126 submitted, 0 queued]
[2020-10-18 10:32:43 #1299 INFO] post_ebrisk  90% [126 submitted, 0 queued]
[2020-10-18 10:32:43 #1299 INFO] post_ebrisk  91% [126 submitted, 0 queued]
[2020-10-18 10:32:43 #1299 INFO] post_ebrisk  92% [126 submitted, 0 queued]
[2020-10-18 10:32:43 #1299 INFO] post_ebrisk  93% [126 submitted, 0 queued]
[2020-10-18 10:32:43 #1299 INFO] post_ebrisk  94% [126 submitted, 0 queued]
[2020-10-18 10:32:43 #1299 INFO] post_ebrisk  95% [126 submitted, 0 queued]
[2020-10-18 10:32:43 #1299 INFO] post_ebrisk  96% [126 submitted, 0 queued]
[2020-10-18 10:32:43 #1299 INFO] post_ebrisk  97% [126 submitted, 0 queued]
[2020-10-18 10:32:44 #1299 INFO] post_ebrisk  98% [126 submitted, 0 queued]
[2020-10-18 10:32:44 #1299 INFO] post_ebrisk  99% [126 submitted, 0 queued]
[2020-10-18 10:32:44 #1299 INFO] post_ebrisk 100% [126 submitted, 0 queued]
[2020-10-18 10:32:44 #1299 INFO] Received {'tot': '2.36 MB'} in 173 seconds
[2020-10-18 10:32:50 #1299 INFO] Mean portfolio loss
============= ============== ==============
contents      nonstructural  structural    
============= ============== ==============
4_734_953_472 21_702_535_168 18_042_605_568
============= ============== ==============
[2020-10-18 10:32:50 #1299 INFO] Sanity check on agg_losses/tot_losses
[2020-10-18 10:32:50 #1299 INFO] Exposing the outputs to the database
[2020-10-18 10:32:51 #1299 INFO] Stored 1.65 GB on /mnt/data/murray.journeay/oqdata/calc_1299.hdf5 in 6653 seconds
  id | name
6965 | Aggregate Event Losses
6957 | Aggregate Loss Curves
6958 | Aggregate Loss Curves Statistics
6959 | Aggregate Losses
6960 | Aggregate Losses Statistics
6961 | Average Asset Losses Statistics
6967 | Earthquake Ruptures
6962 | Events
6963 | Full Report
6964 | Input Files
 ... | 6 additional output(s)
Some outputs were not shown. You can see the full list with the command
`oq engine --list-outputs 1299`
