[2020-10-26 18:52:53 #1370 INFO] murray.journeay running /mnt/data/shared/canada-2020/canada-srm2/cDamage/input/cDamage_r2_QC2435.ini [--hc=1318]
[2020-10-26 18:52:53 #1370 INFO] Using engine version 3.11.0-git4f03c56
[2020-10-26 18:52:54 #1370 WARNING] Using 64 cores on gem-compute
[2020-10-26 18:52:54 #1370 INFO] Checksum of the input files: 1508585000
[2020-10-26 18:52:54 #1370 INFO] Reading the risk model if present
[2020-10-26 18:52:57 #1370 INFO] Reading /mnt/data/shared/canada-2020/model-inputs/exposure/general-building-stock/oqBldgExp_QC2435.xml
[2020-10-26 18:53:05 #1370 INFO] Using asset_hazard_distance=14 km instead of 15 km
[2020-10-26 18:53:05 #1370 INFO] Associated 80641 assets to 150 sites
[2020-10-26 18:53:09 #1370 INFO] Reducing risk model from 4224 to 535 taxonomies
[2020-10-26 18:53:09 #1370 INFO] Storing risk model
[2020-10-26 18:53:11 #1370 INFO] Building risk inputs from 50 realization(s)
[2020-10-26 18:53:11 #1370 INFO] Built 184 risk inputs
[2020-10-26 18:53:14 #1370 INFO] Sent 117 tasks, 18.27 MB in 0 seconds
[2020-10-26 18:53:23 #1370 INFO] classical_damage   1% [117 submitted, 0 queued]
[2020-10-26 18:53:23 #1370 INFO] classical_damage   2% [117 submitted, 0 queued]
[2020-10-26 18:53:23 #1370 INFO] classical_damage   3% [117 submitted, 0 queued]
[2020-10-26 18:53:24 #1370 INFO] classical_damage   4% [117 submitted, 0 queued]
[2020-10-26 18:53:24 #1370 INFO] classical_damage   5% [117 submitted, 0 queued]
[2020-10-26 18:53:25 #1370 INFO] classical_damage   6% [117 submitted, 0 queued]
[2020-10-26 18:53:25 #1370 INFO] classical_damage   7% [117 submitted, 0 queued]
[2020-10-26 18:53:26 #1370 INFO] classical_damage   8% [117 submitted, 0 queued]
[2020-10-26 18:53:26 #1370 INFO] classical_damage   9% [117 submitted, 0 queued]
[2020-10-26 18:53:26 #1370 INFO] classical_damage  10% [117 submitted, 0 queued]
[2020-10-26 18:53:27 #1370 INFO] classical_damage  11% [117 submitted, 0 queued]
[2020-10-26 18:53:27 #1370 INFO] classical_damage  12% [117 submitted, 0 queued]
[2020-10-26 18:53:27 #1370 INFO] classical_damage  13% [117 submitted, 0 queued]
[2020-10-26 18:53:27 #1370 INFO] classical_damage  14% [117 submitted, 0 queued]
[2020-10-26 18:53:27 #1370 INFO] classical_damage  15% [117 submitted, 0 queued]
[2020-10-26 18:53:28 #1370 INFO] classical_damage  16% [117 submitted, 0 queued]
[2020-10-26 18:53:28 #1370 INFO] classical_damage  17% [117 submitted, 0 queued]
[2020-10-26 18:53:28 #1370 INFO] classical_damage  18% [117 submitted, 0 queued]
[2020-10-26 18:53:28 #1370 INFO] classical_damage  19% [117 submitted, 0 queued]
[2020-10-26 18:53:28 #1370 INFO] classical_damage  20% [117 submitted, 0 queued]
[2020-10-26 18:53:28 #1370 INFO] classical_damage  21% [117 submitted, 0 queued]
[2020-10-26 18:53:28 #1370 INFO] classical_damage  22% [117 submitted, 0 queued]
[2020-10-26 18:53:28 #1370 INFO] classical_damage  23% [117 submitted, 0 queued]
[2020-10-26 18:53:29 #1370 INFO] classical_damage  24% [117 submitted, 0 queued]
[2020-10-26 18:53:30 #1370 INFO] classical_damage  25% [117 submitted, 0 queued]
[2020-10-26 18:53:30 #1370 INFO] classical_damage  26% [117 submitted, 0 queued]
[2020-10-26 18:53:30 #1370 INFO] classical_damage  27% [117 submitted, 0 queued]
[2020-10-26 18:53:30 #1370 INFO] classical_damage  28% [117 submitted, 0 queued]
[2020-10-26 18:53:30 #1370 INFO] classical_damage  29% [117 submitted, 0 queued]
[2020-10-26 18:53:30 #1370 INFO] classical_damage  30% [117 submitted, 0 queued]
[2020-10-26 18:53:30 #1370 INFO] classical_damage  31% [117 submitted, 0 queued]
[2020-10-26 18:53:30 #1370 INFO] classical_damage  32% [117 submitted, 0 queued]
[2020-10-26 18:53:30 #1370 INFO] classical_damage  33% [117 submitted, 0 queued]
[2020-10-26 18:53:30 #1370 INFO] classical_damage  34% [117 submitted, 0 queued]
[2020-10-26 18:53:30 #1370 INFO] classical_damage  35% [117 submitted, 0 queued]
[2020-10-26 18:53:30 #1370 INFO] classical_damage  36% [117 submitted, 0 queued]
[2020-10-26 18:53:31 #1370 INFO] classical_damage  37% [117 submitted, 0 queued]
[2020-10-26 18:53:31 #1370 INFO] classical_damage  38% [117 submitted, 0 queued]
[2020-10-26 18:53:31 #1370 INFO] classical_damage  39% [117 submitted, 0 queued]
[2020-10-26 18:53:31 #1370 INFO] classical_damage  40% [117 submitted, 0 queued]
[2020-10-26 18:53:31 #1370 INFO] classical_damage  41% [117 submitted, 0 queued]
[2020-10-26 18:53:31 #1370 INFO] classical_damage  42% [117 submitted, 0 queued]
[2020-10-26 18:53:31 #1370 INFO] classical_damage  43% [117 submitted, 0 queued]
[2020-10-26 18:53:31 #1370 INFO] classical_damage  44% [117 submitted, 0 queued]
[2020-10-26 18:53:31 #1370 INFO] classical_damage  45% [117 submitted, 0 queued]
[2020-10-26 18:53:31 #1370 INFO] classical_damage  46% [117 submitted, 0 queued]
[2020-10-26 18:53:31 #1370 INFO] classical_damage  47% [117 submitted, 0 queued]
[2020-10-26 18:53:32 #1370 INFO] classical_damage  48% [117 submitted, 0 queued]
[2020-10-26 18:53:32 #1370 INFO] classical_damage  49% [117 submitted, 0 queued]
[2020-10-26 18:53:32 #1370 INFO] classical_damage  50% [117 submitted, 0 queued]
[2020-10-26 18:53:32 #1370 INFO] classical_damage  51% [117 submitted, 0 queued]
[2020-10-26 18:53:32 #1370 INFO] classical_damage  52% [117 submitted, 0 queued]
[2020-10-26 18:53:32 #1370 INFO] classical_damage  53% [117 submitted, 0 queued]
[2020-10-26 18:53:32 #1370 INFO] classical_damage  54% [117 submitted, 0 queued]
[2020-10-26 18:53:32 #1370 INFO] classical_damage  55% [117 submitted, 0 queued]
[2020-10-26 18:53:32 #1370 INFO] classical_damage  56% [117 submitted, 0 queued]
[2020-10-26 18:53:32 #1370 INFO] classical_damage  57% [117 submitted, 0 queued]
[2020-10-26 18:53:32 #1370 INFO] classical_damage  58% [117 submitted, 0 queued]
[2020-10-26 18:53:32 #1370 INFO] classical_damage  59% [117 submitted, 0 queued]
[2020-10-26 18:53:33 #1370 INFO] classical_damage  60% [117 submitted, 0 queued]
[2020-10-26 18:53:33 #1370 INFO] classical_damage  61% [117 submitted, 0 queued]
[2020-10-26 18:53:33 #1370 INFO] classical_damage  62% [117 submitted, 0 queued]
[2020-10-26 18:53:33 #1370 INFO] classical_damage  63% [117 submitted, 0 queued]
[2020-10-26 18:53:33 #1370 INFO] classical_damage  64% [117 submitted, 0 queued]
[2020-10-26 18:53:33 #1370 INFO] classical_damage  65% [117 submitted, 0 queued]
[2020-10-26 18:53:33 #1370 INFO] classical_damage  66% [117 submitted, 0 queued]
[2020-10-26 18:53:33 #1370 INFO] classical_damage  67% [117 submitted, 0 queued]
[2020-10-26 18:53:33 #1370 INFO] classical_damage  68% [117 submitted, 0 queued]
[2020-10-26 18:53:33 #1370 INFO] classical_damage  69% [117 submitted, 0 queued]
[2020-10-26 18:53:33 #1370 INFO] classical_damage  70% [117 submitted, 0 queued]
[2020-10-26 18:53:33 #1370 INFO] classical_damage  71% [117 submitted, 0 queued]
[2020-10-26 18:53:33 #1370 INFO] classical_damage  72% [117 submitted, 0 queued]
[2020-10-26 18:53:33 #1370 INFO] classical_damage  73% [117 submitted, 0 queued]
[2020-10-26 18:53:33 #1370 INFO] classical_damage  74% [117 submitted, 0 queued]
[2020-10-26 18:53:34 #1370 INFO] classical_damage  75% [117 submitted, 0 queued]
[2020-10-26 18:53:34 #1370 INFO] classical_damage  76% [117 submitted, 0 queued]
[2020-10-26 18:53:34 #1370 INFO] classical_damage  77% [117 submitted, 0 queued]
[2020-10-26 18:53:34 #1370 INFO] classical_damage  78% [117 submitted, 0 queued]
[2020-10-26 18:53:34 #1370 INFO] classical_damage  79% [117 submitted, 0 queued]
[2020-10-26 18:53:34 #1370 INFO] classical_damage  80% [117 submitted, 0 queued]
[2020-10-26 18:53:34 #1370 INFO] classical_damage  81% [117 submitted, 0 queued]
[2020-10-26 18:53:34 #1370 INFO] classical_damage  82% [117 submitted, 0 queued]
[2020-10-26 18:53:34 #1370 INFO] classical_damage  83% [117 submitted, 0 queued]
[2020-10-26 18:53:34 #1370 INFO] classical_damage  84% [117 submitted, 0 queued]
[2020-10-26 18:53:34 #1370 INFO] classical_damage  85% [117 submitted, 0 queued]
[2020-10-26 18:53:34 #1370 INFO] classical_damage  86% [117 submitted, 0 queued]
[2020-10-26 18:53:34 #1370 INFO] classical_damage  87% [117 submitted, 0 queued]
[2020-10-26 18:53:34 #1370 INFO] classical_damage  88% [117 submitted, 0 queued]
[2020-10-26 18:53:35 #1370 INFO] classical_damage  89% [117 submitted, 0 queued]
[2020-10-26 18:53:35 #1370 INFO] classical_damage  90% [117 submitted, 0 queued]
[2020-10-26 18:53:35 #1370 INFO] classical_damage  91% [117 submitted, 0 queued]
[2020-10-26 18:53:35 #1370 INFO] classical_damage  92% [117 submitted, 0 queued]
[2020-10-26 18:53:35 #1370 INFO] classical_damage  93% [117 submitted, 0 queued]
[2020-10-26 18:53:35 #1370 INFO] classical_damage  94% [117 submitted, 0 queued]
[2020-10-26 18:53:36 #1370 INFO] classical_damage  95% [117 submitted, 0 queued]
[2020-10-26 18:53:36 #1370 INFO] classical_damage  96% [117 submitted, 0 queued]
[2020-10-26 18:53:36 #1370 INFO] classical_damage  97% [117 submitted, 0 queued]
[2020-10-26 18:53:37 #1370 INFO] classical_damage  98% [117 submitted, 0 queued]
[2020-10-26 18:53:37 #1370 INFO] classical_damage  99% [117 submitted, 0 queued]
[2020-10-26 18:53:38 #1370 INFO] classical_damage 100% [117 submitted, 0 queued]
[2020-10-26 18:53:38 #1370 INFO] Received {'tot': '88.9 MB'} in 24 seconds
[2020-10-26 18:53:39 #1370 INFO] Exposing the outputs to the database
[2020-10-26 18:53:39 #1370 INFO] Stored 113.19 MB on /mnt/data/murray.journeay/oqdata/calc_1370.hdf5 in 45 seconds
  id | name
7301 | Asset Damage Distributions
7302 | Asset Damage Statistics
7303 | Full Report
7304 | Realizations
