[2020-10-26 18:06:57 #1322 INFO] murray.journeay running /mnt/data/shared/canada-2020/canada-srm2/cDamage/input/cDamage_r2_AB4810-20.ini [--hc=1309]
[2020-10-26 18:06:57 #1322 INFO] Using engine version 3.11.0-git4f03c56
[2020-10-26 18:06:58 #1322 WARNING] Using 64 cores on gem-compute
[2020-10-26 18:06:58 #1322 INFO] Checksum of the input files: 1508585000
[2020-10-26 18:06:58 #1322 INFO] Reading the risk model if present
[2020-10-26 18:07:01 #1322 INFO] Reading /mnt/data/shared/canada-2020/model-inputs/exposure/general-building-stock/oqBldgExp_AB4810-20.xml
[2020-10-26 18:07:07 #1322 INFO] Using asset_hazard_distance=14 km instead of 15 km
[2020-10-26 18:07:10 #1322 INFO] Associated 62681 assets to 1289 sites
[2020-10-26 18:07:13 #1322 INFO] Reducing risk model from 4224 to 468 taxonomies
[2020-10-26 18:07:13 #1322 INFO] Storing risk model
[2020-10-26 18:07:14 #1322 INFO] Building risk inputs from 50 realization(s)
[2020-10-26 18:07:15 #1322 INFO] Built 1296 risk inputs
[2020-10-26 18:07:17 #1322 INFO] Sent 129 tasks, 17.5 MB in 0 seconds
[2020-10-26 18:07:23 #1322 INFO] classical_damage   1% [129 submitted, 0 queued]
[2020-10-26 18:07:24 #1322 INFO] classical_damage   2% [129 submitted, 0 queued]
[2020-10-26 18:07:24 #1322 INFO] classical_damage   3% [129 submitted, 0 queued]
[2020-10-26 18:07:25 #1322 INFO] classical_damage   4% [129 submitted, 0 queued]
[2020-10-26 18:07:25 #1322 INFO] classical_damage   5% [129 submitted, 0 queued]
[2020-10-26 18:07:25 #1322 INFO] classical_damage   6% [129 submitted, 0 queued]
[2020-10-26 18:07:25 #1322 INFO] classical_damage   7% [129 submitted, 0 queued]
[2020-10-26 18:07:26 #1322 INFO] classical_damage   8% [129 submitted, 0 queued]
[2020-10-26 18:07:26 #1322 INFO] classical_damage   9% [129 submitted, 0 queued]
[2020-10-26 18:07:26 #1322 INFO] classical_damage  10% [129 submitted, 0 queued]
[2020-10-26 18:07:26 #1322 INFO] classical_damage  11% [129 submitted, 0 queued]
[2020-10-26 18:07:26 #1322 INFO] classical_damage  12% [129 submitted, 0 queued]
[2020-10-26 18:07:27 #1322 INFO] classical_damage  13% [129 submitted, 0 queued]
[2020-10-26 18:07:27 #1322 INFO] classical_damage  14% [129 submitted, 0 queued]
[2020-10-26 18:07:27 #1322 INFO] classical_damage  15% [129 submitted, 0 queued]
[2020-10-26 18:07:27 #1322 INFO] classical_damage  16% [129 submitted, 0 queued]
[2020-10-26 18:07:27 #1322 INFO] classical_damage  17% [129 submitted, 0 queued]
[2020-10-26 18:07:27 #1322 INFO] classical_damage  18% [129 submitted, 0 queued]
[2020-10-26 18:07:28 #1322 INFO] classical_damage  19% [129 submitted, 0 queued]
[2020-10-26 18:07:28 #1322 INFO] classical_damage  20% [129 submitted, 0 queued]
[2020-10-26 18:07:28 #1322 INFO] classical_damage  21% [129 submitted, 0 queued]
[2020-10-26 18:07:29 #1322 INFO] classical_damage  22% [129 submitted, 0 queued]
[2020-10-26 18:07:29 #1322 INFO] classical_damage  23% [129 submitted, 0 queued]
[2020-10-26 18:07:30 #1322 INFO] classical_damage  24% [129 submitted, 0 queued]
[2020-10-26 18:07:30 #1322 INFO] classical_damage  25% [129 submitted, 0 queued]
[2020-10-26 18:07:30 #1322 INFO] classical_damage  26% [129 submitted, 0 queued]
[2020-10-26 18:07:30 #1322 INFO] classical_damage  27% [129 submitted, 0 queued]
[2020-10-26 18:07:31 #1322 INFO] classical_damage  28% [129 submitted, 0 queued]
[2020-10-26 18:07:31 #1322 INFO] classical_damage  29% [129 submitted, 0 queued]
[2020-10-26 18:07:31 #1322 INFO] classical_damage  30% [129 submitted, 0 queued]
[2020-10-26 18:07:31 #1322 INFO] classical_damage  31% [129 submitted, 0 queued]
[2020-10-26 18:07:32 #1322 INFO] classical_damage  32% [129 submitted, 0 queued]
[2020-10-26 18:07:32 #1322 INFO] classical_damage  33% [129 submitted, 0 queued]
[2020-10-26 18:07:33 #1322 INFO] classical_damage  34% [129 submitted, 0 queued]
[2020-10-26 18:07:33 #1322 INFO] classical_damage  35% [129 submitted, 0 queued]
[2020-10-26 18:07:33 #1322 INFO] classical_damage  36% [129 submitted, 0 queued]
[2020-10-26 18:07:33 #1322 INFO] classical_damage  37% [129 submitted, 0 queued]
[2020-10-26 18:07:33 #1322 INFO] classical_damage  38% [129 submitted, 0 queued]
[2020-10-26 18:07:33 #1322 INFO] classical_damage  39% [129 submitted, 0 queued]
[2020-10-26 18:07:33 #1322 INFO] classical_damage  40% [129 submitted, 0 queued]
[2020-10-26 18:07:33 #1322 INFO] classical_damage  41% [129 submitted, 0 queued]
[2020-10-26 18:07:34 #1322 INFO] classical_damage  42% [129 submitted, 0 queued]
[2020-10-26 18:07:34 #1322 INFO] classical_damage  43% [129 submitted, 0 queued]
[2020-10-26 18:07:34 #1322 INFO] classical_damage  44% [129 submitted, 0 queued]
[2020-10-26 18:07:34 #1322 INFO] classical_damage  45% [129 submitted, 0 queued]
[2020-10-26 18:07:34 #1322 INFO] classical_damage  46% [129 submitted, 0 queued]
[2020-10-26 18:07:34 #1322 INFO] classical_damage  47% [129 submitted, 0 queued]
[2020-10-26 18:07:34 #1322 INFO] classical_damage  48% [129 submitted, 0 queued]
[2020-10-26 18:07:34 #1322 INFO] classical_damage  49% [129 submitted, 0 queued]
[2020-10-26 18:07:34 #1322 INFO] classical_damage  50% [129 submitted, 0 queued]
[2020-10-26 18:07:35 #1322 INFO] classical_damage  51% [129 submitted, 0 queued]
[2020-10-26 18:07:35 #1322 INFO] classical_damage  52% [129 submitted, 0 queued]
[2020-10-26 18:07:35 #1322 INFO] classical_damage  53% [129 submitted, 0 queued]
[2020-10-26 18:07:35 #1322 INFO] classical_damage  54% [129 submitted, 0 queued]
[2020-10-26 18:07:35 #1322 INFO] classical_damage  55% [129 submitted, 0 queued]
[2020-10-26 18:07:36 #1322 INFO] classical_damage  56% [129 submitted, 0 queued]
[2020-10-26 18:07:36 #1322 INFO] classical_damage  57% [129 submitted, 0 queued]
[2020-10-26 18:07:36 #1322 INFO] classical_damage  58% [129 submitted, 0 queued]
[2020-10-26 18:07:36 #1322 INFO] classical_damage  59% [129 submitted, 0 queued]
[2020-10-26 18:07:36 #1322 INFO] classical_damage  60% [129 submitted, 0 queued]
[2020-10-26 18:07:36 #1322 INFO] classical_damage  61% [129 submitted, 0 queued]
[2020-10-26 18:07:36 #1322 INFO] classical_damage  62% [129 submitted, 0 queued]
[2020-10-26 18:07:37 #1322 INFO] classical_damage  63% [129 submitted, 0 queued]
[2020-10-26 18:07:37 #1322 INFO] classical_damage  64% [129 submitted, 0 queued]
[2020-10-26 18:07:37 #1322 INFO] classical_damage  65% [129 submitted, 0 queued]
[2020-10-26 18:07:37 #1322 INFO] classical_damage  66% [129 submitted, 0 queued]
[2020-10-26 18:07:37 #1322 INFO] classical_damage  67% [129 submitted, 0 queued]
[2020-10-26 18:07:37 #1322 INFO] classical_damage  68% [129 submitted, 0 queued]
[2020-10-26 18:07:37 #1322 INFO] classical_damage  69% [129 submitted, 0 queued]
[2020-10-26 18:07:37 #1322 INFO] classical_damage  70% [129 submitted, 0 queued]
[2020-10-26 18:07:38 #1322 INFO] classical_damage  71% [129 submitted, 0 queued]
[2020-10-26 18:07:38 #1322 INFO] classical_damage  72% [129 submitted, 0 queued]
[2020-10-26 18:07:38 #1322 INFO] classical_damage  73% [129 submitted, 0 queued]
[2020-10-26 18:07:38 #1322 INFO] classical_damage  74% [129 submitted, 0 queued]
[2020-10-26 18:07:38 #1322 INFO] classical_damage  75% [129 submitted, 0 queued]
[2020-10-26 18:07:38 #1322 INFO] classical_damage  76% [129 submitted, 0 queued]
[2020-10-26 18:07:38 #1322 INFO] classical_damage  77% [129 submitted, 0 queued]
[2020-10-26 18:07:39 #1322 INFO] classical_damage  78% [129 submitted, 0 queued]
[2020-10-26 18:07:39 #1322 INFO] classical_damage  79% [129 submitted, 0 queued]
[2020-10-26 18:07:39 #1322 INFO] classical_damage  80% [129 submitted, 0 queued]
[2020-10-26 18:07:39 #1322 INFO] classical_damage  81% [129 submitted, 0 queued]
[2020-10-26 18:07:39 #1322 INFO] classical_damage  82% [129 submitted, 0 queued]
[2020-10-26 18:07:39 #1322 INFO] classical_damage  83% [129 submitted, 0 queued]
[2020-10-26 18:07:40 #1322 INFO] classical_damage  84% [129 submitted, 0 queued]
[2020-10-26 18:07:40 #1322 INFO] classical_damage  85% [129 submitted, 0 queued]
[2020-10-26 18:07:40 #1322 INFO] classical_damage  86% [129 submitted, 0 queued]
[2020-10-26 18:07:40 #1322 INFO] classical_damage  87% [129 submitted, 0 queued]
[2020-10-26 18:07:40 #1322 INFO] classical_damage  88% [129 submitted, 0 queued]
[2020-10-26 18:07:40 #1322 INFO] classical_damage  89% [129 submitted, 0 queued]
[2020-10-26 18:07:41 #1322 INFO] classical_damage  90% [129 submitted, 0 queued]
[2020-10-26 18:07:41 #1322 INFO] classical_damage  91% [129 submitted, 0 queued]
[2020-10-26 18:07:41 #1322 INFO] classical_damage  92% [129 submitted, 0 queued]
[2020-10-26 18:07:41 #1322 INFO] classical_damage  93% [129 submitted, 0 queued]
[2020-10-26 18:07:41 #1322 INFO] classical_damage  94% [129 submitted, 0 queued]
[2020-10-26 18:07:42 #1322 INFO] classical_damage  95% [129 submitted, 0 queued]
[2020-10-26 18:07:42 #1322 INFO] classical_damage  96% [129 submitted, 0 queued]
[2020-10-26 18:07:42 #1322 INFO] classical_damage  97% [129 submitted, 0 queued]
[2020-10-26 18:07:43 #1322 INFO] classical_damage  98% [129 submitted, 0 queued]
[2020-10-26 18:07:44 #1322 INFO] classical_damage  99% [129 submitted, 0 queued]
[2020-10-26 18:07:46 #1322 INFO] classical_damage 100% [129 submitted, 0 queued]
[2020-10-26 18:07:46 #1322 INFO] Received {'tot': '69.1 MB'} in 28 seconds
[2020-10-26 18:07:47 #1322 INFO] Exposing the outputs to the database
[2020-10-26 18:07:47 #1322 INFO] Stored 90.18 MB on /mnt/data/murray.journeay/oqdata/calc_1322.hdf5 in 48 seconds
  id | name
7109 | Asset Damage Distributions
7110 | Asset Damage Statistics
7111 | Full Report
7112 | Realizations
