[2020-10-18 06:58:56 #1295 INFO] murray.journeay running /mnt/data/shared/canada-2020/canada-srm2/ebRisk/input/ebRisk_b0_SK4710-30.ini [--hc=None]
[2020-10-18 06:58:56 #1295 INFO] Using engine version 3.11.0-git4f03c56
[2020-10-18 06:58:57 #1295 WARNING] Using 64 cores on gem-compute
[2020-10-18 06:58:57 #1295 INFO] Validated nationalModel.xml in 0.01 seconds
[2020-10-18 06:58:57 #1295 INFO] Checksum of the input files: 2804627169
[2020-10-18 06:58:57 #1295 INFO] Reading the risk model if present
[2020-10-18 06:59:10 #1295 INFO] Reading /mnt/data/shared/canada-2020/model-inputs/exposure/general-building-stock/oqBldgExp_SK4710-30.xml
[2020-10-18 06:59:17 #1295 INFO] Extracting the hazard sites from the site model
[2020-10-18 06:59:21 #1295 INFO] Associated 72811 assets to 13300 sites
[2020-10-18 06:59:24 #1295 INFO] Reducing risk model from 7260 to 514 taxonomies
[2020-10-18 06:59:26 #1295 INFO] Considering 50 logic tree paths out of 24_576
[2020-10-18 06:59:27 #1295 INFO] 6 effective smlt realization(s)
[2020-10-18 06:59:27 #1295 INFO] Reading the source model(s) in parallel
[2020-10-18 06:59:29 #1295 INFO] read_source_model  16% [6 submitted, 0 queued]
[2020-10-18 06:59:29 #1295 INFO] read_source_model  33% [6 submitted, 0 queued]
[2020-10-18 06:59:29 #1295 INFO] read_source_model  50% [6 submitted, 0 queued]
[2020-10-18 06:59:29 #1295 INFO] read_source_model  66% [6 submitted, 0 queued]
[2020-10-18 06:59:29 #1295 INFO] read_source_model  83% [6 submitted, 0 queued]
[2020-10-18 06:59:29 #1295 INFO] read_source_model 100% [6 submitted, 0 queued]
[2020-10-18 06:59:29 #1295 INFO] Received {'/mnt/data/shared/canada-2020/CanadaSHM6/OpenQuake_model_files/sources/nationalModel/xml/simplifiedModel/WCan_HYeast_Harctic_simplified_collapsedRates.xml': '141.06 KB', '/mnt/data/shared/canada-2020/CanadaSHM6/OpenQuake_model_files/sources/nationalModel/xml/simplifiedModel/WCan_H2east_Harctic_simplified_collapsedRates.xml': '135.23 KB', '/mnt/data/shared/canada-2020/CanadaSHM6/OpenQuake_model_files/sources/nationalModel/xml/simplifiedModel/WCan_HYeast_Rarctic_simplified_collapsedRates.xml': '134.61 KB', '/mnt/data/shared/canada-2020/CanadaSHM6/OpenQuake_model_files/sources/nationalModel/xml/simplifiedModel/WCan_H2east_Rarctic_simplified_collapsedRates.xml': '128.78 KB', '/mnt/data/shared/canada-2020/CanadaSHM6/OpenQuake_model_files/sources/nationalModel/xml/simplifiedModel/WCan_R2east_Harctic_simplified_collapsedRates.xml': '119.91 KB', '/mnt/data/shared/canada-2020/CanadaSHM6/OpenQuake_model_files/sources/nationalModel/xml/simplifiedModel/WCan_R2east_Rarctic_simplified_collapsedRates.xml': '113.68 KB'} in 1 seconds
[2020-10-18 06:59:30 #1295 WARNING] There are multiple different sources with the same ID [<AreaSource SCCCT>, <AreaSource SCCCT>, <AreaSource SCCCT>, <AreaSource SCCCT>, <AreaSource SCCCT>, <AreaSource SCCCT>]
[2020-10-18 07:01:03 #1295 INFO] There are 195 sources
[2020-10-18 07:01:03 #1295 INFO] Checking the sources bounding box
[2020-10-18 07:01:03 #1295 ERROR] source ACM: The buffer of 600 km is too large, the bounding box is larger than half the globe: 219 degrees
[2020-10-18 07:01:03 #1295 INFO] Rupture floating factor = 1.6265060240963856
[2020-10-18 07:01:03 #1295 INFO] Rupture spinning factor = 3.2710843373493974
[2020-10-18 07:01:03 #1295 INFO] gzipping the input files
[2020-10-18 07:01:06 #1295 INFO] Storing risk model
[2020-10-18 07:01:09 #1295 INFO] minimum_intensity={'SA(0.3)': 0.1, 'SA(0.6)': 0.05, 'SA(1.0)': 0.05, 'SA(2.0)': 0.05, 'SA(0.5)': 0.1}
[2020-10-18 07:01:09 #1295 INFO] Building ruptures
[2020-10-18 07:01:09 #1295 INFO] Sending <SourceGroup Subduction IntraSlab30, 1 source(s)>
[2020-10-18 07:01:09 #1295 INFO] Sending <SourceGroup Subduction IntraSlab55, 4 source(s)>
[2020-10-18 07:01:09 #1295 INFO] Sending <SourceGroup Subduction Interface, 13 source(s)>
[2020-10-18 07:01:09 #1295 INFO] Sending <SourceGroup Stable Shallow Crust, 120 source(s)>
[2020-10-18 07:01:09 #1295 INFO] Sending <SourceGroup Active Shallow Crust, 59 source(s)>
[2020-10-18 07:01:11 #1295 INFO] Sent 64 tasks, 100.31 MB in 0 seconds
[2020-10-18 07:01:12 #1295 INFO] sample_ruptures   1% [65 submitted, 19 queued]
[2020-10-18 07:01:12 #1295 INFO] sample_ruptures   2% [66 submitted, 18 queued]
[2020-10-18 07:01:12 #1295 INFO] sample_ruptures   3% [67 submitted, 17 queued]
[2020-10-18 07:01:12 #1295 INFO] sample_ruptures   4% [68 submitted, 16 queued]
[2020-10-18 07:01:12 #1295 INFO] sample_ruptures   5% [69 submitted, 15 queued]
[2020-10-18 07:01:12 #1295 INFO] sample_ruptures   7% [70 submitted, 14 queued]
[2020-10-18 07:01:12 #1295 INFO] sample_ruptures   8% [71 submitted, 13 queued]
[2020-10-18 07:01:12 #1295 INFO] sample_ruptures   9% [72 submitted, 12 queued]
[2020-10-18 07:01:12 #1295 INFO] sample_ruptures  10% [73 submitted, 11 queued]
[2020-10-18 07:01:12 #1295 INFO] sample_ruptures  11% [74 submitted, 10 queued]
[2020-10-18 07:01:12 #1295 INFO] sample_ruptures  13% [75 submitted, 9 queued]
[2020-10-18 07:01:12 #1295 INFO] sample_ruptures  14% [76 submitted, 8 queued]
[2020-10-18 07:01:13 #1295 INFO] sample_ruptures  15% [77 submitted, 7 queued]
[2020-10-18 07:01:13 #1295 INFO] sample_ruptures  16% [78 submitted, 6 queued]
[2020-10-18 07:01:13 #1295 INFO] sample_ruptures  17% [79 submitted, 5 queued]
[2020-10-18 07:01:13 #1295 INFO] sample_ruptures  19% [80 submitted, 4 queued]
[2020-10-18 07:01:13 #1295 INFO] sample_ruptures  20% [81 submitted, 3 queued]
[2020-10-18 07:01:13 #1295 INFO] sample_ruptures  21% [82 submitted, 2 queued]
[2020-10-18 07:01:13 #1295 INFO] sample_ruptures  22% [83 submitted, 1 queued]
[2020-10-18 07:01:13 #1295 INFO] sample_ruptures  23% [84 submitted, 0 queued]
[2020-10-18 07:01:13 #1295 INFO] sample_ruptures  25% [84 submitted, 0 queued]
[2020-10-18 07:01:13 #1295 INFO] sample_ruptures  26% [84 submitted, 0 queued]
[2020-10-18 07:01:13 #1295 INFO] sample_ruptures  27% [84 submitted, 0 queued]
[2020-10-18 07:01:13 #1295 INFO] sample_ruptures  28% [84 submitted, 0 queued]
[2020-10-18 07:01:13 #1295 INFO] sample_ruptures  29% [84 submitted, 0 queued]
[2020-10-18 07:01:13 #1295 INFO] sample_ruptures  30% [84 submitted, 0 queued]
[2020-10-18 07:01:13 #1295 INFO] sample_ruptures  32% [84 submitted, 0 queued]
[2020-10-18 07:01:13 #1295 INFO] sample_ruptures  33% [84 submitted, 0 queued]
[2020-10-18 07:01:13 #1295 INFO] sample_ruptures  34% [84 submitted, 0 queued]
[2020-10-18 07:01:14 #1295 INFO] sample_ruptures  35% [84 submitted, 0 queued]
[2020-10-18 07:01:14 #1295 INFO] sample_ruptures  36% [84 submitted, 0 queued]
[2020-10-18 07:01:14 #1295 INFO] sample_ruptures  38% [84 submitted, 0 queued]
[2020-10-18 07:01:14 #1295 INFO] sample_ruptures  39% [84 submitted, 0 queued]
[2020-10-18 07:01:14 #1295 INFO] sample_ruptures  40% [84 submitted, 0 queued]
[2020-10-18 07:01:14 #1295 INFO] sample_ruptures  41% [84 submitted, 0 queued]
[2020-10-18 07:01:14 #1295 INFO] sample_ruptures  42% [84 submitted, 0 queued]
[2020-10-18 07:01:14 #1295 INFO] sample_ruptures  44% [84 submitted, 0 queued]
[2020-10-18 07:01:14 #1295 INFO] sample_ruptures  45% [84 submitted, 0 queued]
[2020-10-18 07:01:14 #1295 INFO] sample_ruptures  46% [84 submitted, 0 queued]
[2020-10-18 07:01:14 #1295 INFO] sample_ruptures  47% [84 submitted, 0 queued]
[2020-10-18 07:01:14 #1295 INFO] sample_ruptures  48% [84 submitted, 0 queued]
[2020-10-18 07:01:14 #1295 INFO] sample_ruptures  50% [84 submitted, 0 queued]
[2020-10-18 07:01:14 #1295 INFO] sample_ruptures  51% [84 submitted, 0 queued]
[2020-10-18 07:01:14 #1295 INFO] sample_ruptures  52% [84 submitted, 0 queued]
[2020-10-18 07:01:14 #1295 INFO] sample_ruptures  53% [84 submitted, 0 queued]
[2020-10-18 07:01:14 #1295 INFO] sample_ruptures  54% [84 submitted, 0 queued]
[2020-10-18 07:01:14 #1295 INFO] sample_ruptures  55% [84 submitted, 0 queued]
[2020-10-18 07:01:14 #1295 INFO] sample_ruptures  57% [84 submitted, 0 queued]
[2020-10-18 07:01:14 #1295 INFO] sample_ruptures  58% [84 submitted, 0 queued]
[2020-10-18 07:01:14 #1295 INFO] sample_ruptures  59% [84 submitted, 0 queued]
[2020-10-18 07:01:14 #1295 INFO] sample_ruptures  60% [84 submitted, 0 queued]
[2020-10-18 07:01:14 #1295 INFO] sample_ruptures  61% [84 submitted, 0 queued]
[2020-10-18 07:01:14 #1295 INFO] sample_ruptures  63% [84 submitted, 0 queued]
[2020-10-18 07:01:15 #1295 INFO] sample_ruptures  64% [84 submitted, 0 queued]
[2020-10-18 07:01:15 #1295 INFO] sample_ruptures  65% [84 submitted, 0 queued]
[2020-10-18 07:01:15 #1295 INFO] sample_ruptures  66% [84 submitted, 0 queued]
[2020-10-18 07:01:15 #1295 INFO] sample_ruptures  67% [84 submitted, 0 queued]
[2020-10-18 07:01:15 #1295 INFO] sample_ruptures  69% [84 submitted, 0 queued]
[2020-10-18 07:01:15 #1295 INFO] sample_ruptures  70% [84 submitted, 0 queued]
[2020-10-18 07:01:15 #1295 INFO] sample_ruptures  71% [84 submitted, 0 queued]
[2020-10-18 07:01:15 #1295 INFO] sample_ruptures  72% [84 submitted, 0 queued]
[2020-10-18 07:01:15 #1295 INFO] sample_ruptures  73% [84 submitted, 0 queued]
[2020-10-18 07:01:15 #1295 INFO] sample_ruptures  75% [84 submitted, 0 queued]
[2020-10-18 07:01:15 #1295 INFO] sample_ruptures  76% [84 submitted, 0 queued]
[2020-10-18 07:01:15 #1295 INFO] sample_ruptures  77% [84 submitted, 0 queued]
[2020-10-18 07:01:15 #1295 INFO] sample_ruptures  78% [84 submitted, 0 queued]
[2020-10-18 07:01:15 #1295 INFO] sample_ruptures  79% [84 submitted, 0 queued]
[2020-10-18 07:01:15 #1295 INFO] sample_ruptures  80% [84 submitted, 0 queued]
[2020-10-18 07:01:15 #1295 INFO] sample_ruptures  82% [84 submitted, 0 queued]
[2020-10-18 07:01:15 #1295 INFO] sample_ruptures  83% [84 submitted, 0 queued]
[2020-10-18 07:01:15 #1295 INFO] sample_ruptures  84% [84 submitted, 0 queued]
[2020-10-18 07:01:20 #1295 INFO] sample_ruptures  85% [84 submitted, 0 queued]
[2020-10-18 07:01:46 #1295 INFO] sample_ruptures  86% [84 submitted, 0 queued]
[2020-10-18 07:01:51 #1295 INFO] sample_ruptures  88% [84 submitted, 0 queued]
[2020-10-18 07:01:56 #1295 INFO] sample_ruptures  89% [84 submitted, 0 queued]
[2020-10-18 07:01:58 #1295 INFO] sample_ruptures  90% [84 submitted, 0 queued]
[2020-10-18 07:02:10 #1295 INFO] sample_ruptures  91% [84 submitted, 0 queued]
[2020-10-18 07:02:15 #1295 INFO] sample_ruptures  92% [84 submitted, 0 queued]
[2020-10-18 07:02:16 #1295 INFO] sample_ruptures  94% [84 submitted, 0 queued]
[2020-10-18 07:02:16 #1295 INFO] sample_ruptures  95% [84 submitted, 0 queued]
[2020-10-18 07:02:19 #1295 INFO] sample_ruptures  96% [84 submitted, 0 queued]
[2020-10-18 07:02:19 #1295 INFO] sample_ruptures  97% [84 submitted, 0 queued]
[2020-10-18 07:02:24 #1295 INFO] sample_ruptures  98% [84 submitted, 0 queued]
[2020-10-18 07:02:50 #1295 INFO] sample_ruptures 100% [84 submitted, 0 queued]
[2020-10-18 07:02:50 #1295 INFO] Received {'rup_array': '65.1 MB', 'calc_times': '18.59 KB', 'eff_ruptures': '3.32 KB'} in 99 seconds
[2020-10-18 07:02:50 #1295 INFO] There are 50 realization(s)
[2020-10-18 07:02:50 #1295 INFO] Reordering the ruptures and storing the events
[2020-10-18 07:02:50 #1295 INFO] Associating event_id -> rlz_id for 334_419 events and 230_904 ruptures
[2020-10-18 07:02:58 #1295 INFO] Sent 140 tasks, 25.01 MB in 7 seconds
[2020-10-18 07:02:59 #1295 INFO] Received {'tot': '3.23 MB'} in 1 seconds
[2020-10-18 07:03:02 #1295 INFO] minimum_asset_loss={'contents': 0, 'nonstructural': 0, 'structural': 0}
[2020-10-18 07:03:04 #1295 INFO] minimum_intensity={'SA(0.3)': 0.1, 'SA(0.6)': 0.05, 'SA(1.0)': 0.05, 'SA(2.0)': 0.05, 'SA(0.5)': 0.1}
[2020-10-18 07:03:04 #1295 INFO] Sending 230_904 ruptures
[2020-10-18 07:03:17 #1295 INFO] Sent 140 tasks, 39.6 MB in 11 seconds
[2020-10-18 07:04:17 #1295 INFO] start_ebrisk   1% [140 submitted, 0 queued]
[2020-10-18 07:04:17 #1295 INFO] start_ebrisk   2% [140 submitted, 0 queued]
[2020-10-18 07:04:23 #1295 INFO] start_ebrisk   3% [140 submitted, 0 queued]
[2020-10-18 07:04:23 #1295 INFO] start_ebrisk   4% [140 submitted, 0 queued]
[2020-10-18 07:04:23 #1295 INFO] start_ebrisk   5% [140 submitted, 0 queued]
[2020-10-18 07:04:27 #1295 INFO] start_ebrisk   6% [140 submitted, 0 queued]
[2020-10-18 07:04:28 #1295 INFO] start_ebrisk   7% [140 submitted, 0 queued]
[2020-10-18 07:04:34 #1295 INFO] start_ebrisk   8% [140 submitted, 0 queued]
[2020-10-18 07:04:34 #1295 INFO] start_ebrisk   9% [140 submitted, 0 queued]
[2020-10-18 07:04:34 #1295 INFO] start_ebrisk  10% [140 submitted, 0 queued]
[2020-10-18 07:04:34 #1295 INFO] start_ebrisk  11% [140 submitted, 0 queued]
[2020-10-18 07:04:34 #1295 INFO] start_ebrisk  12% [140 submitted, 0 queued]
[2020-10-18 07:04:34 #1295 INFO] start_ebrisk  13% [140 submitted, 0 queued]
[2020-10-18 07:04:34 #1295 INFO] start_ebrisk  14% [140 submitted, 0 queued]
[2020-10-18 07:04:35 #1295 INFO] start_ebrisk  15% [140 submitted, 0 queued]
[2020-10-18 07:04:35 #1295 INFO] start_ebrisk  16% [140 submitted, 0 queued]
[2020-10-18 07:04:35 #1295 INFO] start_ebrisk  17% [140 submitted, 0 queued]
[2020-10-18 07:04:35 #1295 INFO] start_ebrisk  18% [140 submitted, 0 queued]
[2020-10-18 07:04:35 #1295 INFO] start_ebrisk  19% [140 submitted, 0 queued]
[2020-10-18 07:04:35 #1295 INFO] start_ebrisk  20% [140 submitted, 0 queued]
[2020-10-18 07:04:36 #1295 INFO] start_ebrisk  21% [140 submitted, 0 queued]
[2020-10-18 07:04:36 #1295 INFO] start_ebrisk  22% [140 submitted, 0 queued]
[2020-10-18 07:04:36 #1295 INFO] start_ebrisk  23% [140 submitted, 0 queued]
[2020-10-18 07:04:36 #1295 INFO] start_ebrisk  24% [140 submitted, 0 queued]
[2020-10-18 07:04:36 #1295 INFO] start_ebrisk  25% [140 submitted, 0 queued]
[2020-10-18 07:04:37 #1295 INFO] start_ebrisk  26% [140 submitted, 0 queued]
[2020-10-18 07:04:37 #1295 INFO] start_ebrisk  27% [140 submitted, 0 queued]
[2020-10-18 07:04:37 #1295 INFO] start_ebrisk  28% [140 submitted, 0 queued]
[2020-10-18 07:04:37 #1295 INFO] start_ebrisk  29% [140 submitted, 0 queued]
[2020-10-18 07:04:37 #1295 INFO] start_ebrisk  30% [140 submitted, 0 queued]
[2020-10-18 07:04:38 #1295 INFO] start_ebrisk  31% [140 submitted, 0 queued]
[2020-10-18 07:04:38 #1295 INFO] start_ebrisk  32% [140 submitted, 0 queued]
[2020-10-18 07:04:38 #1295 INFO] start_ebrisk  33% [140 submitted, 0 queued]
[2020-10-18 07:04:38 #1295 INFO] start_ebrisk  34% [140 submitted, 0 queued]
[2020-10-18 07:04:39 #1295 INFO] start_ebrisk  35% [140 submitted, 0 queued]
[2020-10-18 07:04:39 #1295 INFO] start_ebrisk  36% [140 submitted, 0 queued]
[2020-10-18 07:04:40 #1295 INFO] start_ebrisk  37% [140 submitted, 0 queued]
[2020-10-18 07:04:43 #1295 INFO] start_ebrisk  38% [140 submitted, 0 queued]
[2020-10-18 07:04:45 #1295 INFO] start_ebrisk  39% [140 submitted, 0 queued]
[2020-10-18 07:04:58 #1295 INFO] start_ebrisk  40% [140 submitted, 0 queued]
[2020-10-18 07:05:17 #1295 INFO] start_ebrisk  41% [140 submitted, 0 queued]
[2020-10-18 07:05:25 #1295 INFO] start_ebrisk  42% [140 submitted, 0 queued]
[2020-10-18 07:05:28 #1295 INFO] start_ebrisk  43% [140 submitted, 0 queued]
[2020-10-18 07:05:29 #1295 INFO] start_ebrisk  44% [140 submitted, 0 queued]
[2020-10-18 07:05:32 #1295 INFO] start_ebrisk  45% [140 submitted, 0 queued]
[2020-10-18 07:05:41 #1295 INFO] start_ebrisk  46% [140 submitted, 0 queued]
[2020-10-18 07:05:43 #1295 INFO] start_ebrisk  47% [140 submitted, 0 queued]
[2020-10-18 07:05:45 #1295 INFO] start_ebrisk  48% [140 submitted, 0 queued]
[2020-10-18 07:05:45 #1295 INFO] start_ebrisk  49% [140 submitted, 0 queued]
[2020-10-18 07:05:46 #1295 INFO] start_ebrisk  50% [140 submitted, 0 queued]
[2020-10-18 07:05:46 #1295 INFO] start_ebrisk  51% [140 submitted, 0 queued]
[2020-10-18 07:05:47 #1295 INFO] start_ebrisk  52% [140 submitted, 0 queued]
[2020-10-18 07:05:48 #1295 INFO] start_ebrisk  53% [140 submitted, 0 queued]
[2020-10-18 07:05:49 #1295 INFO] start_ebrisk  54% [140 submitted, 0 queued]
[2020-10-18 07:05:52 #1295 INFO] start_ebrisk  55% [140 submitted, 0 queued]
[2020-10-18 07:06:00 #1295 INFO] start_ebrisk  56% [140 submitted, 0 queued]
[2020-10-18 07:06:06 #1295 INFO] start_ebrisk  57% [140 submitted, 0 queued]
[2020-10-18 07:06:09 #1295 INFO] start_ebrisk  58% [140 submitted, 0 queued]
[2020-10-18 07:06:15 #1295 INFO] start_ebrisk  59% [140 submitted, 0 queued]
[2020-10-18 07:06:17 #1295 INFO] start_ebrisk  60% [140 submitted, 0 queued]
[2020-10-18 07:06:19 #1295 INFO] start_ebrisk  61% [140 submitted, 0 queued]
[2020-10-18 07:06:19 #1295 INFO] start_ebrisk  62% [140 submitted, 0 queued]
[2020-10-18 07:06:27 #1295 INFO] start_ebrisk  63% [140 submitted, 0 queued]
[2020-10-18 07:06:34 #1295 INFO] start_ebrisk  64% [140 submitted, 0 queued]
[2020-10-18 07:06:35 #1295 INFO] start_ebrisk  65% [140 submitted, 0 queued]
[2020-10-18 07:06:44 #1295 INFO] start_ebrisk  66% [140 submitted, 0 queued]
[2020-10-18 07:07:01 #1295 INFO] start_ebrisk  67% [140 submitted, 0 queued]
[2020-10-18 07:07:20 #1295 INFO] start_ebrisk  68% [140 submitted, 0 queued]
[2020-10-18 07:10:50 #1295 INFO] start_ebrisk  69% [140 submitted, 0 queued]
[2020-10-18 07:10:57 #1295 INFO] start_ebrisk  70% [140 submitted, 0 queued]
[2020-10-18 07:12:21 #1295 INFO] start_ebrisk  71% [140 submitted, 0 queued]
[2020-10-18 07:13:23 #1295 INFO] start_ebrisk  72% [140 submitted, 0 queued]
[2020-10-18 07:14:34 #1295 INFO] start_ebrisk  73% [140 submitted, 0 queued]
[2020-10-18 07:15:29 #1295 INFO] start_ebrisk  74% [140 submitted, 0 queued]
[2020-10-18 07:15:33 #1295 INFO] start_ebrisk  75% [140 submitted, 0 queued]
[2020-10-18 07:16:32 #1295 INFO] start_ebrisk  76% [140 submitted, 0 queued]
[2020-10-18 07:16:38 #1295 INFO] start_ebrisk  77% [140 submitted, 0 queued]
[2020-10-18 07:17:11 #1295 INFO] start_ebrisk  78% [140 submitted, 0 queued]
[2020-10-18 07:17:27 #1295 INFO] start_ebrisk  79% [140 submitted, 0 queued]
[2020-10-18 07:17:38 #1295 INFO] start_ebrisk  80% [140 submitted, 0 queued]
[2020-10-18 07:18:03 #1295 INFO] start_ebrisk  81% [140 submitted, 0 queued]
[2020-10-18 07:18:44 #1295 INFO] start_ebrisk  82% [140 submitted, 0 queued]
[2020-10-18 07:18:53 #1295 INFO] start_ebrisk  83% [140 submitted, 0 queued]
[2020-10-18 07:18:57 #1295 INFO] start_ebrisk  84% [140 submitted, 0 queued]
[2020-10-18 07:19:42 #1295 INFO] start_ebrisk  85% [140 submitted, 0 queued]
[2020-10-18 07:19:54 #1295 INFO] start_ebrisk  86% [140 submitted, 0 queued]
[2020-10-18 07:20:18 #1295 INFO] start_ebrisk  87% [140 submitted, 0 queued]
[2020-10-18 07:20:43 #1295 INFO] start_ebrisk  88% [140 submitted, 0 queued]
[2020-10-18 07:21:05 #1295 INFO] start_ebrisk  89% [140 submitted, 0 queued]
[2020-10-18 07:21:28 #1295 INFO] start_ebrisk  90% [140 submitted, 0 queued]
[2020-10-18 07:22:04 #1295 INFO] start_ebrisk  91% [140 submitted, 0 queued]
[2020-10-18 07:22:08 #1295 INFO] start_ebrisk  92% [140 submitted, 0 queued]
[2020-10-18 07:22:36 #1295 INFO] start_ebrisk  93% [140 submitted, 0 queued]
[2020-10-18 07:22:41 #1295 INFO] start_ebrisk  94% [140 submitted, 0 queued]
[2020-10-18 07:23:01 #1295 INFO] start_ebrisk  95% [140 submitted, 0 queued]
[2020-10-18 07:23:35 #1295 INFO] start_ebrisk  96% [140 submitted, 0 queued]
[2020-10-18 07:23:51 #1295 INFO] start_ebrisk  97% [140 submitted, 0 queued]
[2020-10-18 07:23:55 #1295 INFO] start_ebrisk  98% [140 submitted, 0 queued]
[2020-10-18 07:23:57 #1295 INFO] start_ebrisk  99% [140 submitted, 0 queued]
[2020-10-18 07:24:21 #1295 INFO] start_ebrisk 100% [140 submitted, 0 queued]
[2020-10-18 07:24:21 #1295 INFO] Received {'losses_by_A': '111.68 MB', 'alt': '46.9 MB', 'gmf_info': '788.24 KB', 'elt': '588.95 KB', 'numlosses': '21.59 KB', 'events_per_sid': '2.75 KB'} in 1264 seconds
[2020-10-18 07:24:21 #1295 INFO] Produced 1.08 GB of GMFs
[2020-10-18 07:24:21 #1295 INFO] Considered 251_166_696 / 564_345_435 losses
[2020-10-18 07:24:21 #1295 INFO] Building src_loss_table
[2020-10-18 07:24:21 #1295 INFO] Producing 3(loss_types) x 36(fsauid) x 6(GenOcc) x 7(GenType) loss curves
[2020-10-18 07:24:30 #1295 INFO] post_ebrisk   1% [80 submitted, 1432 queued]
[2020-10-18 07:24:30 #1295 INFO] post_ebrisk   2% [95 submitted, 1417 queued]
[2020-10-18 07:24:30 #1295 INFO] post_ebrisk   3% [110 submitted, 1402 queued]
[2020-10-18 07:24:31 #1295 INFO] post_ebrisk   4% [125 submitted, 1387 queued]
[2020-10-18 07:24:38 #1295 INFO] post_ebrisk   5% [140 submitted, 1372 queued]
[2020-10-18 07:24:38 #1295 INFO] post_ebrisk   6% [155 submitted, 1357 queued]
[2020-10-18 07:24:38 #1295 INFO] post_ebrisk   7% [170 submitted, 1342 queued]
[2020-10-18 07:24:38 #1295 INFO] post_ebrisk   8% [185 submitted, 1327 queued]
[2020-10-18 07:24:46 #1295 INFO] post_ebrisk   9% [201 submitted, 1311 queued]
[2020-10-18 07:24:46 #1295 INFO] post_ebrisk  10% [216 submitted, 1296 queued]
[2020-10-18 07:24:46 #1295 INFO] post_ebrisk  11% [231 submitted, 1281 queued]
[2020-10-18 07:24:47 #1295 INFO] post_ebrisk  12% [246 submitted, 1266 queued]
[2020-10-18 07:24:47 #1295 INFO] post_ebrisk  13% [261 submitted, 1251 queued]
[2020-10-18 07:24:54 #1295 INFO] post_ebrisk  14% [276 submitted, 1236 queued]
[2020-10-18 07:24:54 #1295 INFO] post_ebrisk  15% [291 submitted, 1221 queued]
[2020-10-18 07:24:54 #1295 INFO] post_ebrisk  16% [306 submitted, 1206 queued]
[2020-10-18 07:24:55 #1295 INFO] post_ebrisk  17% [322 submitted, 1190 queued]
[2020-10-18 07:25:02 #1295 INFO] post_ebrisk  18% [337 submitted, 1175 queued]
[2020-10-18 07:25:02 #1295 INFO] post_ebrisk  19% [352 submitted, 1160 queued]
[2020-10-18 07:25:02 #1295 INFO] post_ebrisk  20% [367 submitted, 1145 queued]
[2020-10-18 07:25:03 #1295 INFO] post_ebrisk  21% [382 submitted, 1130 queued]
[2020-10-18 07:25:10 #1295 INFO] post_ebrisk  22% [397 submitted, 1115 queued]
[2020-10-18 07:25:10 #1295 INFO] post_ebrisk  23% [412 submitted, 1100 queued]
[2020-10-18 07:25:10 #1295 INFO] post_ebrisk  24% [427 submitted, 1085 queued]
[2020-10-18 07:25:11 #1295 INFO] post_ebrisk  25% [442 submitted, 1070 queued]
[2020-10-18 07:25:18 #1295 INFO] post_ebrisk  26% [458 submitted, 1054 queued]
[2020-10-18 07:25:18 #1295 INFO] post_ebrisk  27% [473 submitted, 1039 queued]
[2020-10-18 07:25:18 #1295 INFO] post_ebrisk  28% [488 submitted, 1024 queued]
[2020-10-18 07:25:19 #1295 INFO] post_ebrisk  29% [503 submitted, 1009 queued]
[2020-10-18 07:25:19 #1295 INFO] post_ebrisk  30% [518 submitted, 994 queued]
[2020-10-18 07:25:26 #1295 INFO] post_ebrisk  31% [533 submitted, 979 queued]
[2020-10-18 07:25:26 #1295 INFO] post_ebrisk  32% [548 submitted, 964 queued]
[2020-10-18 07:25:26 #1295 INFO] post_ebrisk  33% [563 submitted, 949 queued]
[2020-10-18 07:25:27 #1295 INFO] post_ebrisk  34% [579 submitted, 933 queued]
[2020-10-18 07:25:34 #1295 INFO] post_ebrisk  35% [594 submitted, 918 queued]
[2020-10-18 07:25:34 #1295 INFO] post_ebrisk  36% [609 submitted, 903 queued]
[2020-10-18 07:25:34 #1295 INFO] post_ebrisk  37% [624 submitted, 888 queued]
[2020-10-18 07:25:35 #1295 INFO] post_ebrisk  38% [639 submitted, 873 queued]
[2020-10-18 07:25:42 #1295 INFO] post_ebrisk  39% [654 submitted, 858 queued]
[2020-10-18 07:25:42 #1295 INFO] post_ebrisk  40% [669 submitted, 843 queued]
[2020-10-18 07:25:42 #1295 INFO] post_ebrisk  41% [684 submitted, 828 queued]
[2020-10-18 07:25:43 #1295 INFO] post_ebrisk  42% [700 submitted, 812 queued]
[2020-10-18 07:25:43 #1295 INFO] post_ebrisk  43% [715 submitted, 797 queued]
[2020-10-18 07:25:50 #1295 INFO] post_ebrisk  44% [730 submitted, 782 queued]
[2020-10-18 07:25:51 #1295 INFO] post_ebrisk  45% [745 submitted, 767 queued]
[2020-10-18 07:25:51 #1295 INFO] post_ebrisk  46% [760 submitted, 752 queued]
[2020-10-18 07:25:51 #1295 INFO] post_ebrisk  47% [775 submitted, 737 queued]
[2020-10-18 07:25:58 #1295 INFO] post_ebrisk  48% [790 submitted, 722 queued]
[2020-10-18 07:25:58 #1295 INFO] post_ebrisk  49% [805 submitted, 707 queued]
[2020-10-18 07:25:59 #1295 INFO] post_ebrisk  50% [820 submitted, 692 queued]
[2020-10-18 07:25:59 #1295 INFO] post_ebrisk  51% [836 submitted, 676 queued]
[2020-10-18 07:26:06 #1295 INFO] post_ebrisk  52% [851 submitted, 661 queued]
[2020-10-18 07:26:07 #1295 INFO] post_ebrisk  53% [866 submitted, 646 queued]
[2020-10-18 07:26:07 #1295 INFO] post_ebrisk  54% [881 submitted, 631 queued]
[2020-10-18 07:26:07 #1295 INFO] post_ebrisk  55% [896 submitted, 616 queued]
[2020-10-18 07:26:07 #1295 INFO] post_ebrisk  56% [911 submitted, 601 queued]
[2020-10-18 07:26:15 #1295 INFO] post_ebrisk  57% [926 submitted, 586 queued]
[2020-10-18 07:26:15 #1295 INFO] post_ebrisk  58% [941 submitted, 571 queued]
[2020-10-18 07:26:15 #1295 INFO] post_ebrisk  59% [957 submitted, 555 queued]
[2020-10-18 07:26:15 #1295 INFO] post_ebrisk  60% [972 submitted, 540 queued]
[2020-10-18 07:26:22 #1295 INFO] post_ebrisk  61% [987 submitted, 525 queued]
[2020-10-18 07:26:23 #1295 INFO] post_ebrisk  62% [1002 submitted, 510 queued]
[2020-10-18 07:26:23 #1295 INFO] post_ebrisk  63% [1017 submitted, 495 queued]
[2020-10-18 07:26:23 #1295 INFO] post_ebrisk  64% [1032 submitted, 480 queued]
[2020-10-18 07:26:25 #1295 INFO] post_ebrisk  65% [1047 submitted, 465 queued]
[2020-10-18 07:26:31 #1295 INFO] post_ebrisk  66% [1062 submitted, 450 queued]
[2020-10-18 07:26:31 #1295 INFO] post_ebrisk  67% [1078 submitted, 434 queued]
[2020-10-18 07:26:31 #1295 INFO] post_ebrisk  68% [1093 submitted, 419 queued]
[2020-10-18 07:26:32 #1295 INFO] post_ebrisk  69% [1108 submitted, 404 queued]
[2020-10-18 07:26:39 #1295 INFO] post_ebrisk  70% [1123 submitted, 389 queued]
[2020-10-18 07:26:39 #1295 INFO] post_ebrisk  71% [1138 submitted, 374 queued]
[2020-10-18 07:26:39 #1295 INFO] post_ebrisk  72% [1153 submitted, 359 queued]
[2020-10-18 07:26:39 #1295 INFO] post_ebrisk  73% [1168 submitted, 344 queued]
[2020-10-18 07:26:46 #1295 INFO] post_ebrisk  74% [1183 submitted, 329 queued]
[2020-10-18 07:26:47 #1295 INFO] post_ebrisk  75% [1198 submitted, 314 queued]
[2020-10-18 07:26:47 #1295 INFO] post_ebrisk  76% [1214 submitted, 298 queued]
[2020-10-18 07:26:47 #1295 INFO] post_ebrisk  77% [1229 submitted, 283 queued]
[2020-10-18 07:26:55 #1295 INFO] post_ebrisk  78% [1244 submitted, 268 queued]
[2020-10-18 07:26:55 #1295 INFO] post_ebrisk  79% [1259 submitted, 253 queued]
[2020-10-18 07:26:55 #1295 INFO] post_ebrisk  80% [1274 submitted, 238 queued]
[2020-10-18 07:26:55 #1295 INFO] post_ebrisk  81% [1289 submitted, 223 queued]
[2020-10-18 07:26:55 #1295 INFO] post_ebrisk  82% [1304 submitted, 208 queued]
[2020-10-18 07:27:03 #1295 INFO] post_ebrisk  83% [1319 submitted, 193 queued]
[2020-10-18 07:27:03 #1295 INFO] post_ebrisk  84% [1335 submitted, 177 queued]
[2020-10-18 07:27:03 #1295 INFO] post_ebrisk  85% [1350 submitted, 162 queued]
[2020-10-18 07:27:04 #1295 INFO] post_ebrisk  86% [1365 submitted, 147 queued]
[2020-10-18 07:27:11 #1295 INFO] post_ebrisk  87% [1380 submitted, 132 queued]
[2020-10-18 07:27:11 #1295 INFO] post_ebrisk  88% [1395 submitted, 117 queued]
[2020-10-18 07:27:12 #1295 INFO] post_ebrisk  89% [1410 submitted, 102 queued]
[2020-10-18 07:27:12 #1295 INFO] post_ebrisk  90% [1425 submitted, 87 queued]
[2020-10-18 07:27:13 #1295 INFO] post_ebrisk  91% [1440 submitted, 72 queued]
[2020-10-18 07:27:19 #1295 INFO] post_ebrisk  92% [1456 submitted, 56 queued]
[2020-10-18 07:27:20 #1295 INFO] post_ebrisk  93% [1471 submitted, 41 queued]
[2020-10-18 07:27:20 #1295 INFO] post_ebrisk  94% [1486 submitted, 26 queued]
[2020-10-18 07:27:20 #1295 INFO] post_ebrisk  95% [1501 submitted, 11 queued]
[2020-10-18 07:27:27 #1295 INFO] post_ebrisk  96% [1512 submitted, 0 queued]
[2020-10-18 07:27:28 #1295 INFO] post_ebrisk  97% [1512 submitted, 0 queued]
[2020-10-18 07:27:28 #1295 INFO] post_ebrisk  98% [1512 submitted, 0 queued]
[2020-10-18 07:27:28 #1295 INFO] post_ebrisk  99% [1512 submitted, 0 queued]
[2020-10-18 07:27:29 #1295 INFO] post_ebrisk 100% [1512 submitted, 0 queued]
[2020-10-18 07:27:29 #1295 INFO] Received {'tot': '28.33 MB'} in 187 seconds
[2020-10-18 07:27:30 #1295 INFO] Mean portfolio loss
============= ============== ==============
contents      nonstructural  structural    
============= ============== ==============
5_340_996_608 22_576_162_816 21_687_316_480
============= ============== ==============
[2020-10-18 07:27:30 #1295 INFO] Sanity check on agg_losses/tot_losses
[2020-10-18 07:27:30 #1295 INFO] Exposing the outputs to the database
[2020-10-18 07:27:30 #1295 INFO] Stored 164.76 MB on /mnt/data/murray.journeay/oqdata/calc_1295.hdf5 in 1713 seconds
  id | name
6901 | Aggregate Event Losses
6893 | Aggregate Loss Curves
6894 | Aggregate Loss Curves Statistics
6895 | Aggregate Losses
6896 | Aggregate Losses Statistics
6897 | Average Asset Losses Statistics
6903 | Earthquake Ruptures
6898 | Events
6899 | Full Report
6900 | Input Files
 ... | 6 additional output(s)
Some outputs were not shown. You can see the full list with the command
`oq engine --list-outputs 1295`
