/home/ssm-user/src/oq-engine/openquake/hazardlib/gsim/base.py:347: ExperimentalWarning: CanadaSHM6_ActiveCrust_BooreEtAl2014 is experimental and may change in future versions - the user is liable for their application
  warnings.warn(msg, ExperimentalWarning)
/home/ssm-user/src/oq-engine/openquake/hazardlib/gsim/base.py:347: ExperimentalWarning: CanadaSHM6_ActiveCrust_AbrahamsonEtAl2014 is experimental and may change in future versions - the user is liable for their application
  warnings.warn(msg, ExperimentalWarning)
/home/ssm-user/src/oq-engine/openquake/hazardlib/gsim/base.py:347: ExperimentalWarning: CanadaSHM6_ActiveCrust_BooreEtAl2014 is experimental and may change in future versions - the user is liable for their application
  warnings.warn(msg, ExperimentalWarning)
/home/ssm-user/src/oq-engine/openquake/hazardlib/gsim/base.py:347: ExperimentalWarning: CanadaSHM6_ActiveCrust_CampbellBozorgnia2014 is experimental and may change in future versions - the user is liable for their application
  warnings.warn(msg, ExperimentalWarning)
/home/ssm-user/src/oq-engine/openquake/hazardlib/gsim/base.py:347: ExperimentalWarning: CanadaSHM6_ActiveCrust_ChiouYoungs2014 is experimental and may change in future versions - the user is liable for their application
  warnings.warn(msg, ExperimentalWarning)
[2021-12-03 23:46:01 #193 INFO] root running /mnt/storage/canada-srm2/ebRisk/input/ebRisk_b0_NL_A.ini [--hc=None]
[2021-12-03 23:46:01 #193 INFO] Using engine version 3.11.3-git0cccb86798
[2021-12-03 23:46:01 #193 WARNING] Version v3.12.1 of the engine is available, but you are still using version 3.11.3-git0cccb86798
[2021-12-03 23:46:01 #193 WARNING] Using 96 cores on ip-10-70-136-20
[2021-12-03 23:46:01 #193 INFO] Validated nationalModel.xml in 0.01 seconds
[2021-12-03 23:46:02 #193 INFO] Checksum of the input files: 514598877
[2021-12-03 23:46:02 #193 INFO] Reading the risk model if present
[2021-12-03 23:46:24 #193 INFO] Reading /mnt/storage/openquake-inputs/exposure/general-building-stock/oqBldgExp_NL_A.xml
[2021-12-03 23:46:29 #193 INFO] Extracting the hazard sites from the site model
[2021-12-03 23:46:30 #193 INFO] Associated 36816 assets to 1698 sites
[2021-12-03 23:46:33 #193 INFO] Reducing risk model from 7260 to 400 taxonomies
[2021-12-03 23:46:33 #193 INFO] minimum_asset_loss={'contents': 0, 'nonstructural': 0, 'occupants': 0, 'structural': 0}
[2021-12-03 23:46:33 #193 INFO] Storing 1715 aggregation keys
[2021-12-03 23:46:34 #193 INFO] Considering 200 logic tree paths out of 24_576
[2021-12-03 23:46:34 #193 INFO] Reading the source model(s) in parallel
[2021-12-03 23:46:37 #193 INFO] read_source_model  16% [6 submitted, 0 queued]
[2021-12-03 23:46:37 #193 INFO] read_source_model  33% [6 submitted, 0 queued]
[2021-12-03 23:46:38 #193 INFO] read_source_model  50% [6 submitted, 0 queued]
[2021-12-03 23:46:38 #193 INFO] read_source_model  66% [6 submitted, 0 queued]
[2021-12-03 23:46:38 #193 INFO] read_source_model  83% [6 submitted, 0 queued]
[2021-12-03 23:46:38 #193 INFO] read_source_model 100% [6 submitted, 0 queued]
[2021-12-03 23:46:38 #193 INFO] Mean time per core=0s, std=0.0s, min=0s, max=0s
[2021-12-03 23:46:38 #193 INFO] Received {'/mnt/storage/CanadaSHM6/OpenQuake_model_files/sources/nationalModel/xml/simplifiedModel/WCan_HYeast_Harctic_simplified_collapsedRates.xml': '157.72 KB', '/mnt/storage/CanadaSHM6/OpenQuake_model_files/sources/nationalModel/xml/simplifiedModel/WCan_H2east_Harctic_simplified_collapsedRates.xml': '152.1 KB', '/mnt/storage/CanadaSHM6/OpenQuake_model_files/sources/nationalModel/xml/simplifiedModel/WCan_HYeast_Rarctic_simplified_collapsedRates.xml': '151.35 KB', '/mnt/storage/CanadaSHM6/OpenQuake_model_files/sources/nationalModel/xml/simplifiedModel/WCan_H2east_Rarctic_simplified_collapsedRates.xml': '145.73 KB', '/mnt/storage/CanadaSHM6/OpenQuake_model_files/sources/nationalModel/xml/simplifiedModel/WCan_R2east_Harctic_simplified_collapsedRates.xml': '137.01 KB', '/mnt/storage/CanadaSHM6/OpenQuake_model_files/sources/nationalModel/xml/simplifiedModel/WCan_R2east_Rarctic_simplified_collapsedRates.xml': '130.86 KB'} in 1 seconds
/home/ssm-user/src/oq-engine/openquake/hazardlib/gsim/base.py:347: ExperimentalWarning: CanadaSHM6_ActiveCrust_BooreEtAl2014 is experimental and may change in future versions - the user is liable for their application
  warnings.warn(msg, ExperimentalWarning)
/home/ssm-user/src/oq-engine/openquake/hazardlib/gsim/base.py:347: ExperimentalWarning: CanadaSHM6_ActiveCrust_BooreEtAl2014 is experimental and may change in future versions - the user is liable for their application
  warnings.warn(msg, ExperimentalWarning)
/home/ssm-user/src/oq-engine/openquake/hazardlib/gsim/base.py:347: ExperimentalWarning: CanadaSHM6_ActiveCrust_BooreEtAl2014 is experimental and may change in future versions - the user is liable for their application
  warnings.warn(msg, ExperimentalWarning)
/home/ssm-user/src/oq-engine/openquake/hazardlib/gsim/base.py:347: ExperimentalWarning: CanadaSHM6_ActiveCrust_BooreEtAl2014 is experimental and may change in future versions - the user is liable for their application
  warnings.warn(msg, ExperimentalWarning)
[2021-12-03 23:46:38 #193 INFO] There are multiple different sources with the same ID [<AreaSource SCCYA;0>, <AreaSource SCCYA;1>]
[2021-12-03 23:46:38 #193 INFO] There are 13 groups and 198 sources with len(et_ids)=3.87
[2021-12-03 23:46:38 #193 INFO] Checking the sources bounding box
[2021-12-03 23:46:38 #193 ERROR] source ACM: The buffer of 600 km is too large, the bounding box is larger than half the globe: 219 degrees
[2021-12-03 23:46:38 #193 INFO] Rupture floating factor = 1.6303030303030304
[2021-12-03 23:46:38 #193 INFO] Rupture spinning factor = 3.2181818181818183
[2021-12-03 23:46:38 #193 INFO] gzipping the input files
[2021-12-03 23:46:42 #193 INFO] Storing risk model
[2021-12-03 23:46:42 #193 INFO] minimum_intensity={'default': 0.05, 'SA(0.3)': 0.02, 'SA(0.6)': 0.05, 'SA(1.0)': 0.05, 'SA(2.0)': 0.05}
[2021-12-03 23:46:42 #193 INFO] Building ruptures
[2021-12-03 23:48:19 #193 INFO] Sending <SourceGroup Subduction IntraSlab30, 1 source(s)>
[2021-12-03 23:48:19 #193 INFO] Sending <SourceGroup Subduction IntraSlab55, 4 source(s)>
[2021-12-03 23:48:19 #193 INFO] Sending <SourceGroup Subduction Interface, 14 source(s)>
[2021-12-03 23:48:19 #193 INFO] Sending <SourceGroup Stable Shallow Crust, 29 source(s)>
[2021-12-03 23:48:19 #193 INFO] Sending <SourceGroup Stable Shallow Crust, 4 source(s)>
[2021-12-03 23:48:19 #193 INFO] Sending <SourceGroup Stable Shallow Crust, 6 source(s)>
[2021-12-03 23:48:19 #193 INFO] Sending <SourceGroup Stable Shallow Crust, 18 source(s)>
[2021-12-03 23:48:19 #193 INFO] Sending <SourceGroup Stable Shallow Crust, 10 source(s)>
[2021-12-03 23:48:19 #193 INFO] Sending <SourceGroup Stable Shallow Crust, 38 source(s)>
[2021-12-03 23:48:19 #193 INFO] Sending <SourceGroup Stable Shallow Crust, 14 source(s)>
[2021-12-03 23:48:19 #193 INFO] Sending <SourceGroup Active Shallow Crust, 1 source(s)>
[2021-12-03 23:48:19 #193 INFO] Sending <SourceGroup Active Shallow Crust, 58 source(s)>
[2021-12-03 23:48:19 #193 INFO] Sending <SourceGroup Active Shallow Crust, 1 source(s)>
[2021-12-03 23:48:21 #193 INFO] Sent 96 tasks, 70.85 MB in 0 seconds
[2021-12-03 23:48:22 #193 INFO] sample_ruptures   1% [98 submitted, 5 queued]
[2021-12-03 23:48:22 #193 INFO] sample_ruptures   2% [99 submitted, 4 queued]
[2021-12-03 23:48:23 #193 INFO] sample_ruptures   3% [100 submitted, 3 queued]
[2021-12-03 23:48:23 #193 INFO] sample_ruptures   4% [101 submitted, 2 queued]
[2021-12-03 23:48:23 #193 INFO] sample_ruptures   5% [102 submitted, 1 queued]
[2021-12-03 23:48:23 #193 INFO] sample_ruptures   6% [103 submitted, 0 queued]
[2021-12-03 23:48:23 #193 INFO] sample_ruptures   7% [103 submitted, 0 queued]
[2021-12-03 23:48:23 #193 INFO] sample_ruptures   8% [103 submitted, 0 queued]
[2021-12-03 23:48:23 #193 INFO] sample_ruptures   9% [103 submitted, 0 queued]
[2021-12-03 23:48:23 #193 INFO] sample_ruptures  10% [103 submitted, 0 queued]
[2021-12-03 23:48:23 #193 INFO] sample_ruptures  11% [103 submitted, 0 queued]
[2021-12-03 23:48:23 #193 INFO] sample_ruptures  12% [103 submitted, 0 queued]
[2021-12-03 23:48:23 #193 INFO] sample_ruptures  13% [103 submitted, 0 queued]
[2021-12-03 23:48:23 #193 INFO] sample_ruptures  14% [103 submitted, 0 queued]
[2021-12-03 23:48:23 #193 INFO] sample_ruptures  15% [103 submitted, 0 queued]
[2021-12-03 23:48:23 #193 INFO] sample_ruptures  16% [103 submitted, 0 queued]
[2021-12-03 23:48:23 #193 INFO] sample_ruptures  17% [103 submitted, 0 queued]
[2021-12-03 23:48:23 #193 INFO] sample_ruptures  18% [103 submitted, 0 queued]
[2021-12-03 23:48:23 #193 INFO] sample_ruptures  19% [103 submitted, 0 queued]
[2021-12-03 23:48:23 #193 INFO] sample_ruptures  20% [103 submitted, 0 queued]
[2021-12-03 23:48:23 #193 INFO] sample_ruptures  21% [103 submitted, 0 queued]
[2021-12-03 23:48:23 #193 INFO] sample_ruptures  22% [103 submitted, 0 queued]
[2021-12-03 23:48:23 #193 INFO] sample_ruptures  23% [103 submitted, 0 queued]
[2021-12-03 23:48:23 #193 INFO] sample_ruptures  24% [103 submitted, 0 queued]
[2021-12-03 23:48:23 #193 INFO] sample_ruptures  25% [103 submitted, 0 queued]
[2021-12-03 23:48:23 #193 INFO] sample_ruptures  26% [103 submitted, 0 queued]
[2021-12-03 23:48:23 #193 INFO] sample_ruptures  27% [103 submitted, 0 queued]
[2021-12-03 23:48:24 #193 INFO] sample_ruptures  28% [103 submitted, 0 queued]
[2021-12-03 23:48:24 #193 INFO] sample_ruptures  29% [103 submitted, 0 queued]
[2021-12-03 23:48:24 #193 INFO] sample_ruptures  30% [103 submitted, 0 queued]
[2021-12-03 23:48:24 #193 INFO] sample_ruptures  31% [103 submitted, 0 queued]
[2021-12-03 23:48:24 #193 INFO] sample_ruptures  32% [103 submitted, 0 queued]
[2021-12-03 23:48:24 #193 INFO] sample_ruptures  33% [103 submitted, 0 queued]
[2021-12-03 23:48:24 #193 INFO] sample_ruptures  34% [103 submitted, 0 queued]
[2021-12-03 23:48:24 #193 INFO] sample_ruptures  35% [103 submitted, 0 queued]
[2021-12-03 23:48:24 #193 INFO] sample_ruptures  36% [103 submitted, 0 queued]
[2021-12-03 23:48:24 #193 INFO] sample_ruptures  37% [103 submitted, 0 queued]
[2021-12-03 23:48:24 #193 INFO] sample_ruptures  38% [103 submitted, 0 queued]
[2021-12-03 23:48:24 #193 INFO] sample_ruptures  39% [103 submitted, 0 queued]
[2021-12-03 23:48:24 #193 INFO] sample_ruptures  40% [103 submitted, 0 queued]
[2021-12-03 23:48:24 #193 INFO] sample_ruptures  41% [103 submitted, 0 queued]
[2021-12-03 23:48:24 #193 INFO] sample_ruptures  42% [103 submitted, 0 queued]
[2021-12-03 23:48:24 #193 INFO] sample_ruptures  43% [103 submitted, 0 queued]
[2021-12-03 23:48:24 #193 INFO] sample_ruptures  44% [103 submitted, 0 queued]
[2021-12-03 23:48:24 #193 INFO] sample_ruptures  45% [103 submitted, 0 queued]
[2021-12-03 23:48:24 #193 INFO] sample_ruptures  46% [103 submitted, 0 queued]
[2021-12-03 23:48:24 #193 INFO] sample_ruptures  47% [103 submitted, 0 queued]
[2021-12-03 23:48:24 #193 INFO] sample_ruptures  48% [103 submitted, 0 queued]
[2021-12-03 23:48:24 #193 INFO] sample_ruptures  49% [103 submitted, 0 queued]
[2021-12-03 23:48:24 #193 INFO] sample_ruptures  50% [103 submitted, 0 queued]
[2021-12-03 23:48:24 #193 INFO] sample_ruptures  51% [103 submitted, 0 queued]
[2021-12-03 23:48:24 #193 INFO] sample_ruptures  52% [103 submitted, 0 queued]
[2021-12-03 23:48:24 #193 INFO] sample_ruptures  53% [103 submitted, 0 queued]
[2021-12-03 23:48:24 #193 INFO] sample_ruptures  54% [103 submitted, 0 queued]
[2021-12-03 23:48:24 #193 INFO] sample_ruptures  55% [103 submitted, 0 queued]
[2021-12-03 23:48:24 #193 INFO] sample_ruptures  56% [103 submitted, 0 queued]
[2021-12-03 23:48:24 #193 INFO] sample_ruptures  57% [103 submitted, 0 queued]
[2021-12-03 23:48:24 #193 INFO] sample_ruptures  58% [103 submitted, 0 queued]
[2021-12-03 23:48:24 #193 INFO] sample_ruptures  59% [103 submitted, 0 queued]
[2021-12-03 23:48:24 #193 INFO] sample_ruptures  60% [103 submitted, 0 queued]
[2021-12-03 23:48:24 #193 INFO] sample_ruptures  61% [103 submitted, 0 queued]
[2021-12-03 23:48:24 #193 INFO] sample_ruptures  62% [103 submitted, 0 queued]
[2021-12-03 23:48:24 #193 INFO] sample_ruptures  63% [103 submitted, 0 queued]
[2021-12-03 23:48:24 #193 INFO] sample_ruptures  64% [103 submitted, 0 queued]
[2021-12-03 23:48:24 #193 INFO] sample_ruptures  65% [103 submitted, 0 queued]
[2021-12-03 23:48:24 #193 INFO] sample_ruptures  66% [103 submitted, 0 queued]
[2021-12-03 23:48:25 #193 INFO] sample_ruptures  67% [103 submitted, 0 queued]
[2021-12-03 23:48:33 #193 INFO] sample_ruptures  68% [103 submitted, 0 queued]
[2021-12-03 23:48:34 #193 INFO] sample_ruptures  69% [103 submitted, 0 queued]
[2021-12-03 23:48:37 #193 INFO] sample_ruptures  70% [103 submitted, 0 queued]
[2021-12-03 23:48:40 #193 INFO] sample_ruptures  71% [103 submitted, 0 queued]
[2021-12-03 23:48:44 #193 INFO] sample_ruptures  72% [103 submitted, 0 queued]
[2021-12-03 23:48:46 #193 INFO] sample_ruptures  73% [103 submitted, 0 queued]
[2021-12-03 23:48:48 #193 INFO] sample_ruptures  74% [103 submitted, 0 queued]
[2021-12-03 23:48:48 #193 INFO] sample_ruptures  75% [103 submitted, 0 queued]
[2021-12-03 23:48:52 #193 INFO] sample_ruptures  76% [103 submitted, 0 queued]
[2021-12-03 23:48:53 #193 INFO] sample_ruptures  77% [103 submitted, 0 queued]
[2021-12-03 23:49:01 #193 INFO] sample_ruptures  78% [103 submitted, 0 queued]
[2021-12-03 23:49:03 #193 INFO] sample_ruptures  79% [103 submitted, 0 queued]
[2021-12-03 23:49:05 #193 INFO] sample_ruptures  80% [103 submitted, 0 queued]
[2021-12-03 23:49:06 #193 INFO] sample_ruptures  81% [103 submitted, 0 queued]
[2021-12-03 23:49:07 #193 INFO] sample_ruptures  82% [103 submitted, 0 queued]
[2021-12-03 23:49:09 #193 INFO] sample_ruptures  83% [103 submitted, 0 queued]
[2021-12-03 23:49:12 #193 INFO] sample_ruptures  84% [103 submitted, 0 queued]
[2021-12-03 23:49:17 #193 INFO] sample_ruptures  85% [103 submitted, 0 queued]
[2021-12-03 23:49:22 #193 INFO] sample_ruptures  86% [103 submitted, 0 queued]
[2021-12-03 23:49:27 #193 INFO] sample_ruptures  87% [103 submitted, 0 queued]
[2021-12-03 23:49:36 #193 INFO] sample_ruptures  88% [103 submitted, 0 queued]
[2021-12-03 23:49:50 #193 INFO] sample_ruptures  89% [103 submitted, 0 queued]
[2021-12-03 23:49:51 #193 INFO] sample_ruptures  90% [103 submitted, 0 queued]
[2021-12-03 23:50:14 #193 INFO] sample_ruptures  91% [103 submitted, 0 queued]
[2021-12-03 23:50:18 #193 INFO] sample_ruptures  92% [103 submitted, 0 queued]
[2021-12-03 23:50:19 #193 INFO] sample_ruptures  93% [103 submitted, 0 queued]
[2021-12-03 23:50:20 #193 INFO] sample_ruptures  94% [103 submitted, 0 queued]
[2021-12-03 23:50:47 #193 INFO] sample_ruptures  95% [103 submitted, 0 queued]
[2021-12-03 23:51:03 #193 INFO] sample_ruptures  96% [103 submitted, 0 queued]
[2021-12-03 23:51:05 #193 INFO] sample_ruptures  97% [103 submitted, 0 queued]
[2021-12-03 23:52:35 #193 INFO] sample_ruptures  98% [103 submitted, 0 queued]
[2021-12-03 23:52:41 #193 INFO] sample_ruptures  99% [103 submitted, 0 queued]
[2021-12-03 23:52:48 #193 INFO] sample_ruptures 100% [103 submitted, 0 queued]
[2021-12-03 23:52:48 #193 INFO] Mean time per core=28s, std=56.6s, min=0s, max=265s
[2021-12-03 23:52:48 #193 INFO] Received {'rup_array': '301.17 MB', 'calc_times': '22.35 KB', 'eff_ruptures': '4.25 KB'} in 267 seconds
[2021-12-03 23:52:48 #193 INFO] There are 200 realization(s)
[2021-12-03 23:52:48 #193 INFO] Reordering the ruptures and storing the events
[2021-12-03 23:52:51 #193 INFO] Associating event_id -> rlz_id for 3_924_529 events and 1_448_088 ruptures
[2021-12-03 23:53:41 #193 INFO] Sent 195 tasks, 154.87 MB in 46 seconds
[2021-12-03 23:53:48 #193 INFO] Mean time per core=8s, std=3.0s, min=1s, max=19s
[2021-12-03 23:53:48 #193 INFO] Received {'tot': '37.48 MB'} in 7 seconds
[2021-12-03 23:54:10 #193 INFO] minimum_intensity={'SA(0.3)': 0.02, 'SA(0.6)': 0.05, 'SA(1.0)': 0.05, 'SA(2.0)': 0.05, 'SA(0.5)': 0.05}
[2021-12-03 23:54:10 #193 INFO] Sending 1_448_088 ruptures
[2021-12-03 23:55:18 #193 INFO] Sent 195 tasks, 305.94 MB in 63 seconds
[2021-12-03 23:57:37 #193 INFO] start_ebrisk   1% [195 submitted, 0 queued]
[2021-12-03 23:57:54 #193 INFO] start_ebrisk   2% [195 submitted, 0 queued]
[2021-12-03 23:58:21 #193 INFO] start_ebrisk   3% [195 submitted, 0 queued]
[2021-12-03 23:58:43 #193 INFO] start_ebrisk   4% [195 submitted, 0 queued]
[2021-12-03 23:58:45 #193 INFO] start_ebrisk   5% [195 submitted, 0 queued]
[2021-12-03 23:58:48 #193 INFO] start_ebrisk   6% [195 submitted, 0 queued]
[2021-12-03 23:58:49 #193 INFO] start_ebrisk   7% [195 submitted, 0 queued]
[2021-12-03 23:58:52 #193 INFO] start_ebrisk   8% [195 submitted, 0 queued]
[2021-12-03 23:58:56 #193 INFO] start_ebrisk   9% [195 submitted, 0 queued]
[2021-12-03 23:58:58 #193 INFO] start_ebrisk  10% [195 submitted, 0 queued]
[2021-12-03 23:59:02 #193 INFO] start_ebrisk  11% [195 submitted, 0 queued]
[2021-12-03 23:59:04 #193 INFO] start_ebrisk  12% [195 submitted, 0 queued]
[2021-12-03 23:59:36 #193 INFO] start_ebrisk  13% [195 submitted, 0 queued]
[2021-12-03 23:59:50 #193 INFO] start_ebrisk  14% [195 submitted, 0 queued]
[2021-12-03 23:59:52 #193 INFO] start_ebrisk  15% [195 submitted, 0 queued]
[2021-12-03 23:59:57 #193 INFO] start_ebrisk  16% [195 submitted, 0 queued]
[2021-12-04 00:00:09 #193 INFO] start_ebrisk  17% [195 submitted, 0 queued]
[2021-12-04 00:00:18 #193 INFO] start_ebrisk  18% [195 submitted, 0 queued]
[2021-12-04 00:00:29 #193 INFO] start_ebrisk  19% [195 submitted, 0 queued]
[2021-12-04 00:00:37 #193 INFO] start_ebrisk  20% [195 submitted, 0 queued]
[2021-12-04 00:01:06 #193 INFO] start_ebrisk  21% [195 submitted, 0 queued]
[2021-12-04 00:01:35 #193 INFO] start_ebrisk  22% [195 submitted, 0 queued]
[2021-12-04 00:01:57 #193 INFO] start_ebrisk  23% [195 submitted, 0 queued]
[2021-12-04 00:02:23 #193 INFO] start_ebrisk  24% [195 submitted, 0 queued]
[2021-12-04 00:03:36 #193 INFO] start_ebrisk  25% [195 submitted, 0 queued]
[2021-12-04 00:03:50 #193 INFO] start_ebrisk  26% [195 submitted, 0 queued]
[2021-12-04 00:04:34 #193 INFO] start_ebrisk  27% [195 submitted, 0 queued]
[2021-12-04 00:04:41 #193 INFO] start_ebrisk  28% [195 submitted, 0 queued]
[2021-12-04 00:04:48 #193 INFO] start_ebrisk  29% [195 submitted, 0 queued]
[2021-12-04 00:05:06 #193 INFO] start_ebrisk  30% [195 submitted, 0 queued]
[2021-12-04 00:05:40 #193 INFO] start_ebrisk  31% [195 submitted, 0 queued]
[2021-12-04 00:06:31 #193 INFO] start_ebrisk  32% [195 submitted, 0 queued]
[2021-12-04 00:07:04 #193 INFO] start_ebrisk  33% [195 submitted, 0 queued]
[2021-12-04 00:07:29 #193 INFO] start_ebrisk  34% [195 submitted, 0 queued]
[2021-12-04 00:07:35 #193 INFO] start_ebrisk  35% [195 submitted, 0 queued]
[2021-12-04 00:07:59 #193 INFO] start_ebrisk  36% [195 submitted, 0 queued]
[2021-12-04 00:08:35 #193 INFO] start_ebrisk  37% [195 submitted, 0 queued]
[2021-12-04 00:08:42 #193 INFO] start_ebrisk  38% [195 submitted, 0 queued]
[2021-12-04 00:08:52 #193 INFO] start_ebrisk  39% [195 submitted, 0 queued]
[2021-12-04 00:08:56 #193 INFO] start_ebrisk  40% [195 submitted, 0 queued]
[2021-12-04 00:09:10 #193 INFO] start_ebrisk  41% [195 submitted, 0 queued]
[2021-12-04 00:09:51 #193 INFO] start_ebrisk  42% [195 submitted, 0 queued]
[2021-12-04 00:10:11 #193 INFO] start_ebrisk  43% [195 submitted, 0 queued]
[2021-12-04 00:10:57 #193 INFO] start_ebrisk  44% [195 submitted, 0 queued]
[2021-12-04 00:11:37 #193 INFO] start_ebrisk  45% [195 submitted, 0 queued]
[2021-12-04 00:12:17 #193 INFO] start_ebrisk  46% [195 submitted, 0 queued]
[2021-12-04 00:12:44 #193 INFO] start_ebrisk  47% [195 submitted, 0 queued]
[2021-12-04 00:13:00 #193 INFO] start_ebrisk  48% [195 submitted, 0 queued]
[2021-12-04 00:13:45 #193 INFO] start_ebrisk  49% [195 submitted, 0 queued]
[2021-12-04 00:14:37 #193 INFO] start_ebrisk  50% [195 submitted, 0 queued]
[2021-12-04 00:16:28 #193 INFO] start_ebrisk  51% [195 submitted, 0 queued]
[2021-12-04 00:17:17 #193 INFO] start_ebrisk  52% [195 submitted, 0 queued]
[2021-12-04 00:17:56 #193 INFO] start_ebrisk  53% [195 submitted, 0 queued]
[2021-12-04 00:18:21 #193 INFO] start_ebrisk  54% [195 submitted, 0 queued]
[2021-12-04 00:18:31 #193 INFO] start_ebrisk  55% [195 submitted, 0 queued]
[2021-12-04 00:18:46 #193 INFO] start_ebrisk  56% [195 submitted, 0 queued]
[2021-12-04 00:19:01 #193 INFO] start_ebrisk  57% [195 submitted, 0 queued]
[2021-12-04 00:19:40 #193 INFO] start_ebrisk  58% [195 submitted, 0 queued]
[2021-12-04 00:20:20 #193 INFO] start_ebrisk  59% [195 submitted, 0 queued]
[2021-12-04 00:20:44 #193 INFO] start_ebrisk  60% [195 submitted, 0 queued]
[2021-12-04 00:22:30 #193 INFO] start_ebrisk  61% [195 submitted, 0 queued]
[2021-12-04 00:23:51 #193 INFO] start_ebrisk  62% [195 submitted, 0 queued]
[2021-12-04 00:24:11 #193 INFO] start_ebrisk  63% [195 submitted, 0 queued]
[2021-12-04 00:25:44 #193 INFO] start_ebrisk  64% [195 submitted, 0 queued]
[2021-12-04 00:26:42 #193 INFO] start_ebrisk  65% [195 submitted, 0 queued]
[2021-12-04 00:27:18 #193 INFO] start_ebrisk  66% [195 submitted, 0 queued]
[2021-12-04 00:27:51 #193 INFO] start_ebrisk  67% [195 submitted, 0 queued]
[2021-12-04 00:28:35 #193 INFO] start_ebrisk  68% [195 submitted, 0 queued]
[2021-12-04 00:29:39 #193 INFO] start_ebrisk  69% [195 submitted, 0 queued]
[2021-12-04 00:30:51 #193 INFO] start_ebrisk  70% [195 submitted, 0 queued]
[2021-12-04 00:31:09 #193 INFO] start_ebrisk  71% [195 submitted, 0 queued]
[2021-12-04 00:31:53 #193 INFO] start_ebrisk  72% [195 submitted, 0 queued]
[2021-12-04 00:32:25 #193 INFO] start_ebrisk  73% [195 submitted, 0 queued]
[2021-12-04 00:33:48 #193 INFO] start_ebrisk  74% [195 submitted, 0 queued]
[2021-12-04 00:34:18 #193 INFO] start_ebrisk  75% [195 submitted, 0 queued]
[2021-12-04 00:34:44 #193 INFO] start_ebrisk  76% [195 submitted, 0 queued]
[2021-12-04 00:35:08 #193 INFO] start_ebrisk  77% [195 submitted, 0 queued]
[2021-12-04 00:36:22 #193 INFO] start_ebrisk  78% [195 submitted, 0 queued]
[2021-12-04 00:39:56 #193 INFO] start_ebrisk  79% [195 submitted, 0 queued]
[2021-12-04 00:40:20 #193 INFO] start_ebrisk  80% [195 submitted, 0 queued]
[2021-12-04 00:41:17 #193 INFO] start_ebrisk  81% [195 submitted, 0 queued]
[2021-12-04 00:46:41 #193 INFO] start_ebrisk  82% [195 submitted, 0 queued]
[2021-12-04 00:47:06 #193 INFO] start_ebrisk  83% [195 submitted, 0 queued]
[2021-12-04 00:47:28 #193 INFO] start_ebrisk  84% [195 submitted, 0 queued]
[2021-12-04 00:48:07 #193 INFO] start_ebrisk  85% [195 submitted, 0 queued]
[2021-12-04 00:49:03 #193 INFO] start_ebrisk  86% [195 submitted, 0 queued]
[2021-12-04 00:49:15 #193 INFO] start_ebrisk  87% [195 submitted, 0 queued]
[2021-12-04 00:50:12 #193 INFO] start_ebrisk  88% [195 submitted, 0 queued]
[2021-12-04 00:51:17 #193 INFO] start_ebrisk  89% [195 submitted, 0 queued]
[2021-12-04 00:52:12 #193 INFO] start_ebrisk  90% [195 submitted, 0 queued]
[2021-12-04 00:52:55 #193 INFO] start_ebrisk  91% [195 submitted, 0 queued]
[2021-12-04 00:53:25 #193 INFO] start_ebrisk  92% [195 submitted, 0 queued]
[2021-12-04 00:54:01 #193 INFO] start_ebrisk  93% [195 submitted, 0 queued]
[2021-12-04 00:54:10 #193 INFO] start_ebrisk  94% [195 submitted, 0 queued]
[2021-12-04 00:55:53 #193 INFO] start_ebrisk  95% [195 submitted, 0 queued]
[2021-12-04 00:57:46 #193 INFO] start_ebrisk  96% [195 submitted, 0 queued]
[2021-12-04 00:59:00 #193 INFO] start_ebrisk  97% [195 submitted, 0 queued]
[2021-12-04 01:01:09 #193 INFO] start_ebrisk  98% [195 submitted, 0 queued]
[2021-12-04 01:06:05 #193 INFO] start_ebrisk  99% [195 submitted, 0 queued]
[2021-12-04 01:08:54 #193 INFO] start_ebrisk 100% [195 submitted, 0 queued]
[2021-12-04 01:08:54 #193 INFO] Mean time per core=2565s, std=856.7s, min=1319s, max=4466s
[2021-12-04 01:08:54 #193 INFO] Received {'alt': '1.33 GB', 'losses_by_A': '109.57 MB', 'momenta': '25.29 MB', 'gmf_info': '9.77 MB', 'events_per_sid': '4 KB'} in 4416 seconds
[2021-12-04 01:08:54 #193 INFO] Produced 3.39 GB of GMFs
[2021-12-04 01:08:54 #193 INFO] Stored 1.33 GB in the agg_loss_table
[2021-12-04 01:08:54 #193 INFO] Building the src_loss_table
[2021-12-04 01:09:16 #193 INFO] Sending 25.19 MB of losses
[2021-12-04 01:09:17 #193 INFO] Sending 21.15 MB of losses
[2021-12-04 01:09:18 #193 INFO] Sending 36.01 MB of losses
[2021-12-04 01:09:19 #193 INFO] Sending 24.25 MB of losses
[2021-12-04 01:09:20 #193 INFO] Sending 20.13 MB of losses
[2021-12-04 01:09:21 #193 INFO] Sending 20.92 MB of losses
[2021-12-04 01:09:22 #193 INFO] Sending 37.9 MB of losses
[2021-12-04 01:09:23 #193 INFO] Sending 34.16 MB of losses
[2021-12-04 01:09:24 #193 INFO] Sending 17.58 MB of losses
[2021-12-04 01:09:25 #193 INFO] Sending 11.45 MB of losses
[2021-12-04 01:09:26 #193 INFO] Sending 18.19 MB of losses
[2021-12-04 01:09:27 #193 INFO] Sending 21.15 MB of losses
[2021-12-04 01:09:28 #193 INFO] Sending 19.42 MB of losses
[2021-12-04 01:09:29 #193 INFO] Sending 22.75 MB of losses
[2021-12-04 01:09:30 #193 INFO] Sending 21.33 MB of losses
[2021-12-04 01:09:31 #193 INFO] Sending 16.05 MB of losses
[2021-12-04 01:09:32 #193 INFO] Sending 21.44 MB of losses
[2021-12-04 01:09:33 #193 INFO] Sending 30.75 MB of losses
[2021-12-04 01:09:34 #193 INFO] Sending 17.9 MB of losses
[2021-12-04 01:09:35 #193 INFO] Sending 15.25 MB of losses
[2021-12-04 01:09:37 #193 INFO] Sending 17.51 MB of losses
[2021-12-04 01:09:38 #193 INFO] Sending 18.09 MB of losses
[2021-12-04 01:09:39 #193 INFO] Sending 17.76 MB of losses
[2021-12-04 01:09:40 #193 INFO] Sending 12.11 MB of losses
[2021-12-04 01:09:40 #193 INFO] Sending 8.44 MB of losses
[2021-12-04 01:09:41 #193 INFO] Sending 20.06 MB of losses
[2021-12-04 01:09:42 #193 INFO] Sending 27.82 MB of losses
[2021-12-04 01:09:43 #193 INFO] Sending 21.63 MB of losses
[2021-12-04 01:09:44 #193 INFO] Sending 18.34 MB of losses
[2021-12-04 01:09:45 #193 INFO] Sending 13.44 MB of losses
[2021-12-04 01:09:46 #193 INFO] Sending 11.61 MB of losses
[2021-12-04 01:09:47 #193 INFO] Sending 10.22 MB of losses
[2021-12-04 01:09:48 #193 INFO] Sending 19.68 MB of losses
[2021-12-04 01:09:49 #193 INFO] Sending 19.65 MB of losses
[2021-12-04 01:09:50 #193 INFO] Sending 13.43 MB of losses
[2021-12-04 01:09:51 #193 INFO] Sending 19.58 MB of losses
[2021-12-04 01:09:52 #193 INFO] Sending 16.9 MB of losses
[2021-12-04 01:09:53 #193 INFO] Sending 17.55 MB of losses
[2021-12-04 01:09:55 #193 INFO] Sending 13.38 MB of losses
[2021-12-04 01:09:56 #193 INFO] Sending 17.85 MB of losses
[2021-12-04 01:09:56 #193 INFO] Sending 23.11 MB of losses
[2021-12-04 01:09:58 #193 INFO] Sending 14.46 MB of losses
[2021-12-04 01:09:59 #193 INFO] Sending 16.84 MB of losses
[2021-12-04 01:10:00 #193 INFO] Sending 16.86 MB of losses
[2021-12-04 01:10:01 #193 INFO] Sending 15.49 MB of losses
[2021-12-04 01:10:02 #193 INFO] Sending 15.72 MB of losses
[2021-12-04 01:10:02 #193 INFO] Sent 47 tasks, 920.03 MB in 46 seconds
[2021-12-04 01:10:04 #193 INFO] post_risk   2% [47 submitted, 0 queued]
[2021-12-04 01:10:04 #193 INFO] post_risk   4% [47 submitted, 0 queued]
[2021-12-04 01:10:04 #193 INFO] post_risk   6% [47 submitted, 0 queued]
[2021-12-04 01:10:04 #193 INFO] post_risk   8% [47 submitted, 0 queued]
[2021-12-04 01:10:04 #193 INFO] post_risk  10% [47 submitted, 0 queued]
[2021-12-04 01:10:04 #193 INFO] post_risk  12% [47 submitted, 0 queued]
[2021-12-04 01:10:04 #193 INFO] post_risk  14% [47 submitted, 0 queued]
[2021-12-04 01:10:04 #193 INFO] post_risk  17% [47 submitted, 0 queued]
[2021-12-04 01:10:04 #193 INFO] post_risk  19% [47 submitted, 0 queued]
[2021-12-04 01:10:04 #193 INFO] post_risk  21% [47 submitted, 0 queued]
[2021-12-04 01:10:04 #193 INFO] post_risk  23% [47 submitted, 0 queued]
[2021-12-04 01:10:04 #193 INFO] post_risk  25% [47 submitted, 0 queued]
[2021-12-04 01:10:04 #193 INFO] post_risk  27% [47 submitted, 0 queued]
[2021-12-04 01:10:05 #193 INFO] post_risk  29% [47 submitted, 0 queued]
[2021-12-04 01:10:05 #193 INFO] post_risk  31% [47 submitted, 0 queued]
[2021-12-04 01:10:05 #193 INFO] post_risk  34% [47 submitted, 0 queued]
[2021-12-04 01:10:05 #193 INFO] post_risk  36% [47 submitted, 0 queued]
[2021-12-04 01:10:05 #193 INFO] post_risk  38% [47 submitted, 0 queued]
[2021-12-04 01:10:05 #193 INFO] post_risk  40% [47 submitted, 0 queued]
[2021-12-04 01:10:05 #193 INFO] post_risk  42% [47 submitted, 0 queued]
[2021-12-04 01:10:05 #193 INFO] post_risk  44% [47 submitted, 0 queued]
[2021-12-04 01:10:05 #193 INFO] post_risk  46% [47 submitted, 0 queued]
[2021-12-04 01:10:05 #193 INFO] post_risk  48% [47 submitted, 0 queued]
[2021-12-04 01:10:05 #193 INFO] post_risk  51% [47 submitted, 0 queued]
[2021-12-04 01:10:05 #193 INFO] post_risk  53% [47 submitted, 0 queued]
[2021-12-04 01:10:05 #193 INFO] post_risk  55% [47 submitted, 0 queued]
[2021-12-04 01:10:05 #193 INFO] post_risk  57% [47 submitted, 0 queued]
[2021-12-04 01:10:05 #193 INFO] post_risk  59% [47 submitted, 0 queued]
[2021-12-04 01:10:05 #193 INFO] post_risk  61% [47 submitted, 0 queued]
[2021-12-04 01:10:05 #193 INFO] post_risk  63% [47 submitted, 0 queued]
[2021-12-04 01:10:05 #193 INFO] post_risk  65% [47 submitted, 0 queued]
[2021-12-04 01:10:05 #193 INFO] post_risk  68% [47 submitted, 0 queued]
[2021-12-04 01:10:05 #193 INFO] post_risk  70% [47 submitted, 0 queued]
[2021-12-04 01:10:05 #193 INFO] post_risk  72% [47 submitted, 0 queued]
[2021-12-04 01:10:05 #193 INFO] post_risk  74% [47 submitted, 0 queued]
[2021-12-04 01:10:05 #193 INFO] post_risk  76% [47 submitted, 0 queued]
[2021-12-04 01:10:05 #193 INFO] post_risk  78% [47 submitted, 0 queued]
[2021-12-04 01:10:05 #193 INFO] post_risk  80% [47 submitted, 0 queued]
[2021-12-04 01:10:05 #193 INFO] post_risk  82% [47 submitted, 0 queued]
[2021-12-04 01:10:05 #193 INFO] post_risk  85% [47 submitted, 0 queued]
[2021-12-04 01:10:05 #193 INFO] post_risk  87% [47 submitted, 0 queued]
[2021-12-04 01:10:05 #193 INFO] post_risk  89% [47 submitted, 0 queued]
[2021-12-04 01:10:05 #193 INFO] post_risk  91% [47 submitted, 0 queued]
[2021-12-04 01:10:05 #193 INFO] post_risk  93% [47 submitted, 0 queued]
[2021-12-04 01:10:05 #193 INFO] post_risk  95% [47 submitted, 0 queued]
[2021-12-04 01:10:05 #193 INFO] post_risk  97% [47 submitted, 0 queued]
[2021-12-04 01:10:05 #193 INFO] post_risk 100% [47 submitted, 0 queued]
[2021-12-04 01:10:05 #193 INFO] Mean time per core=1s, std=0.2s, min=0s, max=1s
[2021-12-04 01:10:05 #193 INFO] Received {'tot': '43.27 MB'} in 2 seconds
[2021-12-04 01:10:36 #193 INFO] Total portfolio loss
==== ============= ============== ========= ==============
loss contents      nonstructural  occupants structural    
==== ============= ============== ========= ==============
avg  3_873_894_915 17_524_401_969 360       28_322_599_972
==== ============= ============== ========= ==============
[2021-12-04 01:10:37 #193 INFO] Sanity check on agg_losses
[2021-12-04 01:10:38 #193 INFO] Exposing the outputs to the database
[2021-12-04 01:10:38 #193 INFO] Stored 1.73 GB on /root/oqdata/calc_193.hdf5 in 5076 seconds
/home/ssm-user/src/oq-engine/openquake/hazardlib/gsim/base.py:347: ExperimentalWarning: CanadaSHM6_ActiveCrust_BooreEtAl2014 is experimental and may change in future versions - the user is liable for their application
  warnings.warn(msg, ExperimentalWarning)
/home/ssm-user/src/oq-engine/openquake/hazardlib/gsim/base.py:347: ExperimentalWarning: CanadaSHM6_ActiveCrust_BooreEtAl2014 is experimental and may change in future versions - the user is liable for their application
  warnings.warn(msg, ExperimentalWarning)
/home/ssm-user/src/oq-engine/openquake/hazardlib/gsim/base.py:347: ExperimentalWarning: CanadaSHM6_ActiveCrust_BooreEtAl2014 is experimental and may change in future versions - the user is liable for their application
  warnings.warn(msg, ExperimentalWarning)
/home/ssm-user/src/oq-engine/openquake/hazardlib/gsim/base.py:347: ExperimentalWarning: CanadaSHM6_ActiveCrust_BooreEtAl2014 is experimental and may change in future versions - the user is liable for their application
  warnings.warn(msg, ExperimentalWarning)
/home/ssm-user/src/oq-engine/openquake/hazardlib/gsim/base.py:347: ExperimentalWarning: CanadaSHM6_ActiveCrust_BooreEtAl2014 is experimental and may change in future versions - the user is liable for their application
  warnings.warn(msg, ExperimentalWarning)
/home/ssm-user/src/oq-engine/openquake/hazardlib/gsim/base.py:347: ExperimentalWarning: CanadaSHM6_ActiveCrust_BooreEtAl2014 is experimental and may change in future versions - the user is liable for their application
  warnings.warn(msg, ExperimentalWarning)
/home/ssm-user/src/oq-engine/openquake/hazardlib/gsim/base.py:347: ExperimentalWarning: CanadaSHM6_ActiveCrust_BooreEtAl2014 is experimental and may change in future versions - the user is liable for their application
  warnings.warn(msg, ExperimentalWarning)
/home/ssm-user/src/oq-engine/openquake/hazardlib/gsim/base.py:347: ExperimentalWarning: CanadaSHM6_ActiveCrust_BooreEtAl2014 is experimental and may change in future versions - the user is liable for their application
  warnings.warn(msg, ExperimentalWarning)
/home/ssm-user/src/oq-engine/openquake/hazardlib/gsim/base.py:347: ExperimentalWarning: CanadaSHM6_ActiveCrust_BooreEtAl2014 is experimental and may change in future versions - the user is liable for their application
  warnings.warn(msg, ExperimentalWarning)
/home/ssm-user/src/oq-engine/openquake/hazardlib/gsim/base.py:347: ExperimentalWarning: CanadaSHM6_ActiveCrust_BooreEtAl2014 is experimental and may change in future versions - the user is liable for their application
  warnings.warn(msg, ExperimentalWarning)
/home/ssm-user/src/oq-engine/openquake/hazardlib/gsim/base.py:347: ExperimentalWarning: CanadaSHM6_ActiveCrust_BooreEtAl2014 is experimental and may change in future versions - the user is liable for their application
  warnings.warn(msg, ExperimentalWarning)
/home/ssm-user/src/oq-engine/openquake/hazardlib/gsim/base.py:347: ExperimentalWarning: CanadaSHM6_ActiveCrust_BooreEtAl2014 is experimental and may change in future versions - the user is liable for their application
  warnings.warn(msg, ExperimentalWarning)
/home/ssm-user/src/oq-engine/openquake/hazardlib/gsim/base.py:347: ExperimentalWarning: CanadaSHM6_ActiveCrust_BooreEtAl2014 is experimental and may change in future versions - the user is liable for their application
  warnings.warn(msg, ExperimentalWarning)
/home/ssm-user/src/oq-engine/openquake/hazardlib/gsim/base.py:347: ExperimentalWarning: CanadaSHM6_ActiveCrust_BooreEtAl2014 is experimental and may change in future versions - the user is liable for their application
  warnings.warn(msg, ExperimentalWarning)
/home/ssm-user/src/oq-engine/openquake/hazardlib/gsim/base.py:347: ExperimentalWarning: CanadaSHM6_ActiveCrust_BooreEtAl2014 is experimental and may change in future versions - the user is liable for their application
  warnings.warn(msg, ExperimentalWarning)
/home/ssm-user/src/oq-engine/openquake/hazardlib/gsim/base.py:347: ExperimentalWarning: CanadaSHM6_ActiveCrust_BooreEtAl2014 is experimental and may change in future versions - the user is liable for their application
  warnings.warn(msg, ExperimentalWarning)
/home/ssm-user/src/oq-engine/openquake/hazardlib/gsim/base.py:347: ExperimentalWarning: CanadaSHM6_ActiveCrust_BooreEtAl2014 is experimental and may change in future versions - the user is liable for their application
  warnings.warn(msg, ExperimentalWarning)
/home/ssm-user/src/oq-engine/openquake/hazardlib/gsim/base.py:347: ExperimentalWarning: CanadaSHM6_ActiveCrust_BooreEtAl2014 is experimental and may change in future versions - the user is liable for their application
  warnings.warn(msg, ExperimentalWarning)
/home/ssm-user/src/oq-engine/openquake/hazardlib/gsim/base.py:347: ExperimentalWarning: CanadaSHM6_ActiveCrust_BooreEtAl2014 is experimental and may change in future versions - the user is liable for their application
  warnings.warn(msg, ExperimentalWarning)
/home/ssm-user/src/oq-engine/openquake/hazardlib/gsim/base.py:347: ExperimentalWarning: CanadaSHM6_ActiveCrust_BooreEtAl2014 is experimental and may change in future versions - the user is liable for their application
  warnings.warn(msg, ExperimentalWarning)
/home/ssm-user/src/oq-engine/openquake/hazardlib/gsim/base.py:347: ExperimentalWarning: CanadaSHM6_ActiveCrust_BooreEtAl2014 is experimental and may change in future versions - the user is liable for their application
  warnings.warn(msg, ExperimentalWarning)
/home/ssm-user/src/oq-engine/openquake/hazardlib/gsim/base.py:347: ExperimentalWarning: CanadaSHM6_ActiveCrust_BooreEtAl2014 is experimental and may change in future versions - the user is liable for their application
  warnings.warn(msg, ExperimentalWarning)
/home/ssm-user/src/oq-engine/openquake/hazardlib/gsim/base.py:347: ExperimentalWarning: CanadaSHM6_ActiveCrust_BooreEtAl2014 is experimental and may change in future versions - the user is liable for their application
  warnings.warn(msg, ExperimentalWarning)
/home/ssm-user/src/oq-engine/openquake/hazardlib/gsim/base.py:347: ExperimentalWarning: CanadaSHM6_ActiveCrust_BooreEtAl2014 is experimental and may change in future versions - the user is liable for their application
  warnings.warn(msg, ExperimentalWarning)
/home/ssm-user/src/oq-engine/openquake/hazardlib/gsim/base.py:347: ExperimentalWarning: CanadaSHM6_ActiveCrust_BooreEtAl2014 is experimental and may change in future versions - the user is liable for their application
  warnings.warn(msg, ExperimentalWarning)
/home/ssm-user/src/oq-engine/openquake/hazardlib/gsim/base.py:347: ExperimentalWarning: CanadaSHM6_ActiveCrust_BooreEtAl2014 is experimental and may change in future versions - the user is liable for their application
  warnings.warn(msg, ExperimentalWarning)
/home/ssm-user/src/oq-engine/openquake/hazardlib/gsim/base.py:347: ExperimentalWarning: CanadaSHM6_ActiveCrust_BooreEtAl2014 is experimental and may change in future versions - the user is liable for their application
  warnings.warn(msg, ExperimentalWarning)
/home/ssm-user/src/oq-engine/openquake/hazardlib/gsim/base.py:347: ExperimentalWarning: CanadaSHM6_ActiveCrust_BooreEtAl2014 is experimental and may change in future versions - the user is liable for their application
  warnings.warn(msg, ExperimentalWarning)
/home/ssm-user/src/oq-engine/openquake/hazardlib/gsim/base.py:347: ExperimentalWarning: CanadaSHM6_ActiveCrust_BooreEtAl2014 is experimental and may change in future versions - the user is liable for their application
  warnings.warn(msg, ExperimentalWarning)
/home/ssm-user/src/oq-engine/openquake/hazardlib/gsim/base.py:347: ExperimentalWarning: CanadaSHM6_ActiveCrust_BooreEtAl2014 is experimental and may change in future versions - the user is liable for their application
  warnings.warn(msg, ExperimentalWarning)
/home/ssm-user/src/oq-engine/openquake/hazardlib/gsim/base.py:347: ExperimentalWarning: CanadaSHM6_ActiveCrust_BooreEtAl2014 is experimental and may change in future versions - the user is liable for their application
  warnings.warn(msg, ExperimentalWarning)
/home/ssm-user/src/oq-engine/openquake/hazardlib/gsim/base.py:347: ExperimentalWarning: CanadaSHM6_ActiveCrust_BooreEtAl2014 is experimental and may change in future versions - the user is liable for their application
  warnings.warn(msg, ExperimentalWarning)
/home/ssm-user/src/oq-engine/openquake/hazardlib/gsim/base.py:347: ExperimentalWarning: CanadaSHM6_ActiveCrust_BooreEtAl2014 is experimental and may change in future versions - the user is liable for their application
  warnings.warn(msg, ExperimentalWarning)
/home/ssm-user/src/oq-engine/openquake/hazardlib/gsim/base.py:347: ExperimentalWarning: CanadaSHM6_ActiveCrust_BooreEtAl2014 is experimental and may change in future versions - the user is liable for their application
  warnings.warn(msg, ExperimentalWarning)
/home/ssm-user/src/oq-engine/openquake/hazardlib/gsim/base.py:347: ExperimentalWarning: CanadaSHM6_ActiveCrust_BooreEtAl2014 is experimental and may change in future versions - the user is liable for their application
  warnings.warn(msg, ExperimentalWarning)
/home/ssm-user/src/oq-engine/openquake/hazardlib/gsim/base.py:347: ExperimentalWarning: CanadaSHM6_ActiveCrust_BooreEtAl2014 is experimental and may change in future versions - the user is liable for their application
  warnings.warn(msg, ExperimentalWarning)
/home/ssm-user/src/oq-engine/openquake/hazardlib/gsim/base.py:347: ExperimentalWarning: CanadaSHM6_ActiveCrust_BooreEtAl2014 is experimental and may change in future versions - the user is liable for their application
  warnings.warn(msg, ExperimentalWarning)
/home/ssm-user/src/oq-engine/openquake/hazardlib/gsim/base.py:347: ExperimentalWarning: CanadaSHM6_ActiveCrust_BooreEtAl2014 is experimental and may change in future versions - the user is liable for their application
  warnings.warn(msg, ExperimentalWarning)
/home/ssm-user/src/oq-engine/openquake/hazardlib/gsim/base.py:347: ExperimentalWarning: CanadaSHM6_ActiveCrust_BooreEtAl2014 is experimental and may change in future versions - the user is liable for their application
  warnings.warn(msg, ExperimentalWarning)
/home/ssm-user/src/oq-engine/openquake/hazardlib/gsim/base.py:347: ExperimentalWarning: CanadaSHM6_ActiveCrust_BooreEtAl2014 is experimental and may change in future versions - the user is liable for their application
  warnings.warn(msg, ExperimentalWarning)
/home/ssm-user/src/oq-engine/openquake/hazardlib/gsim/base.py:347: ExperimentalWarning: CanadaSHM6_ActiveCrust_BooreEtAl2014 is experimental and may change in future versions - the user is liable for their application
  warnings.warn(msg, ExperimentalWarning)
/home/ssm-user/src/oq-engine/openquake/hazardlib/gsim/base.py:347: ExperimentalWarning: CanadaSHM6_ActiveCrust_BooreEtAl2014 is experimental and may change in future versions - the user is liable for their application
  warnings.warn(msg, ExperimentalWarning)
/home/ssm-user/src/oq-engine/openquake/hazardlib/gsim/base.py:347: ExperimentalWarning: CanadaSHM6_ActiveCrust_BooreEtAl2014 is experimental and may change in future versions - the user is liable for their application
  warnings.warn(msg, ExperimentalWarning)
/home/ssm-user/src/oq-engine/openquake/hazardlib/gsim/base.py:347: ExperimentalWarning: CanadaSHM6_ActiveCrust_BooreEtAl2014 is experimental and may change in future versions - the user is liable for their application
  warnings.warn(msg, ExperimentalWarning)
/home/ssm-user/src/oq-engine/openquake/hazardlib/gsim/base.py:347: ExperimentalWarning: CanadaSHM6_ActiveCrust_BooreEtAl2014 is experimental and may change in future versions - the user is liable for their application
  warnings.warn(msg, ExperimentalWarning)
/home/ssm-user/src/oq-engine/openquake/hazardlib/gsim/base.py:347: ExperimentalWarning: CanadaSHM6_ActiveCrust_BooreEtAl2014 is experimental and may change in future versions - the user is liable for their application
  warnings.warn(msg, ExperimentalWarning)
/home/ssm-user/src/oq-engine/openquake/hazardlib/gsim/base.py:347: ExperimentalWarning: CanadaSHM6_ActiveCrust_BooreEtAl2014 is experimental and may change in future versions - the user is liable for their application
  warnings.warn(msg, ExperimentalWarning)
/home/ssm-user/src/oq-engine/openquake/hazardlib/gsim/base.py:347: ExperimentalWarning: CanadaSHM6_ActiveCrust_BooreEtAl2014 is experimental and may change in future versions - the user is liable for their application
  warnings.warn(msg, ExperimentalWarning)
/home/ssm-user/src/oq-engine/openquake/hazardlib/gsim/base.py:347: ExperimentalWarning: CanadaSHM6_ActiveCrust_BooreEtAl2014 is experimental and may change in future versions - the user is liable for their application
  warnings.warn(msg, ExperimentalWarning)
/home/ssm-user/src/oq-engine/openquake/hazardlib/gsim/base.py:347: ExperimentalWarning: CanadaSHM6_ActiveCrust_BooreEtAl2014 is experimental and may change in future versions - the user is liable for their application
  warnings.warn(msg, ExperimentalWarning)
/home/ssm-user/src/oq-engine/openquake/hazardlib/gsim/base.py:347: ExperimentalWarning: CanadaSHM6_ActiveCrust_BooreEtAl2014 is experimental and may change in future versions - the user is liable for their application
  warnings.warn(msg, ExperimentalWarning)
/home/ssm-user/src/oq-engine/openquake/hazardlib/gsim/base.py:347: ExperimentalWarning: CanadaSHM6_ActiveCrust_BooreEtAl2014 is experimental and may change in future versions - the user is liable for their application
  warnings.warn(msg, ExperimentalWarning)
/home/ssm-user/src/oq-engine/openquake/hazardlib/gsim/base.py:347: ExperimentalWarning: CanadaSHM6_ActiveCrust_BooreEtAl2014 is experimental and may change in future versions - the user is liable for their application
  warnings.warn(msg, ExperimentalWarning)
/home/ssm-user/src/oq-engine/openquake/hazardlib/gsim/base.py:347: ExperimentalWarning: CanadaSHM6_ActiveCrust_BooreEtAl2014 is experimental and may change in future versions - the user is liable for their application
  warnings.warn(msg, ExperimentalWarning)
/home/ssm-user/src/oq-engine/openquake/hazardlib/gsim/base.py:347: ExperimentalWarning: CanadaSHM6_ActiveCrust_BooreEtAl2014 is experimental and may change in future versions - the user is liable for their application
  warnings.warn(msg, ExperimentalWarning)
/home/ssm-user/src/oq-engine/openquake/hazardlib/gsim/base.py:347: ExperimentalWarning: CanadaSHM6_ActiveCrust_BooreEtAl2014 is experimental and may change in future versions - the user is liable for their application
  warnings.warn(msg, ExperimentalWarning)
/home/ssm-user/src/oq-engine/openquake/hazardlib/gsim/base.py:347: ExperimentalWarning: CanadaSHM6_ActiveCrust_BooreEtAl2014 is experimental and may change in future versions - the user is liable for their application
  warnings.warn(msg, ExperimentalWarning)
/home/ssm-user/src/oq-engine/openquake/hazardlib/gsim/base.py:347: ExperimentalWarning: CanadaSHM6_ActiveCrust_BooreEtAl2014 is experimental and may change in future versions - the user is liable for their application
  warnings.warn(msg, ExperimentalWarning)
/home/ssm-user/src/oq-engine/openquake/hazardlib/gsim/base.py:347: ExperimentalWarning: CanadaSHM6_ActiveCrust_BooreEtAl2014 is experimental and may change in future versions - the user is liable for their application
  warnings.warn(msg, ExperimentalWarning)
/home/ssm-user/src/oq-engine/openquake/hazardlib/gsim/base.py:347: ExperimentalWarning: CanadaSHM6_ActiveCrust_BooreEtAl2014 is experimental and may change in future versions - the user is liable for their application
  warnings.warn(msg, ExperimentalWarning)
/home/ssm-user/src/oq-engine/openquake/hazardlib/gsim/base.py:347: ExperimentalWarning: CanadaSHM6_ActiveCrust_BooreEtAl2014 is experimental and may change in future versions - the user is liable for their application
  warnings.warn(msg, ExperimentalWarning)
/home/ssm-user/src/oq-engine/openquake/hazardlib/gsim/base.py:347: ExperimentalWarning: CanadaSHM6_ActiveCrust_BooreEtAl2014 is experimental and may change in future versions - the user is liable for their application
  warnings.warn(msg, ExperimentalWarning)
/home/ssm-user/src/oq-engine/openquake/hazardlib/gsim/base.py:347: ExperimentalWarning: CanadaSHM6_ActiveCrust_BooreEtAl2014 is experimental and may change in future versions - the user is liable for their application
  warnings.warn(msg, ExperimentalWarning)
/home/ssm-user/src/oq-engine/openquake/hazardlib/gsim/base.py:347: ExperimentalWarning: CanadaSHM6_ActiveCrust_BooreEtAl2014 is experimental and may change in future versions - the user is liable for their application
  warnings.warn(msg, ExperimentalWarning)
/home/ssm-user/src/oq-engine/openquake/hazardlib/gsim/base.py:347: ExperimentalWarning: CanadaSHM6_ActiveCrust_BooreEtAl2014 is experimental and may change in future versions - the user is liable for their application
  warnings.warn(msg, ExperimentalWarning)
/home/ssm-user/src/oq-engine/openquake/hazardlib/gsim/base.py:347: ExperimentalWarning: CanadaSHM6_ActiveCrust_BooreEtAl2014 is experimental and may change in future versions - the user is liable for their application
  warnings.warn(msg, ExperimentalWarning)
/home/ssm-user/src/oq-engine/openquake/hazardlib/gsim/base.py:347: ExperimentalWarning: CanadaSHM6_ActiveCrust_BooreEtAl2014 is experimental and may change in future versions - the user is liable for their application
  warnings.warn(msg, ExperimentalWarning)
/home/ssm-user/src/oq-engine/openquake/hazardlib/gsim/base.py:347: ExperimentalWarning: CanadaSHM6_ActiveCrust_BooreEtAl2014 is experimental and may change in future versions - the user is liable for their application
  warnings.warn(msg, ExperimentalWarning)
/home/ssm-user/src/oq-engine/openquake/hazardlib/gsim/base.py:347: ExperimentalWarning: CanadaSHM6_ActiveCrust_BooreEtAl2014 is experimental and may change in future versions - the user is liable for their application
  warnings.warn(msg, ExperimentalWarning)
/home/ssm-user/src/oq-engine/openquake/hazardlib/gsim/base.py:347: ExperimentalWarning: CanadaSHM6_ActiveCrust_BooreEtAl2014 is experimental and may change in future versions - the user is liable for their application
  warnings.warn(msg, ExperimentalWarning)
/home/ssm-user/src/oq-engine/openquake/hazardlib/gsim/base.py:347: ExperimentalWarning: CanadaSHM6_ActiveCrust_BooreEtAl2014 is experimental and may change in future versions - the user is liable for their application
  warnings.warn(msg, ExperimentalWarning)
/home/ssm-user/src/oq-engine/openquake/hazardlib/gsim/base.py:347: ExperimentalWarning: CanadaSHM6_ActiveCrust_BooreEtAl2014 is experimental and may change in future versions - the user is liable for their application
  warnings.warn(msg, ExperimentalWarning)
/home/ssm-user/src/oq-engine/openquake/hazardlib/gsim/base.py:347: ExperimentalWarning: CanadaSHM6_ActiveCrust_BooreEtAl2014 is experimental and may change in future versions - the user is liable for their application
  warnings.warn(msg, ExperimentalWarning)
/home/ssm-user/src/oq-engine/openquake/hazardlib/gsim/base.py:347: ExperimentalWarning: CanadaSHM6_ActiveCrust_BooreEtAl2014 is experimental and may change in future versions - the user is liable for their application
  warnings.warn(msg, ExperimentalWarning)
/home/ssm-user/src/oq-engine/openquake/hazardlib/gsim/base.py:347: ExperimentalWarning: CanadaSHM6_ActiveCrust_BooreEtAl2014 is experimental and may change in future versions - the user is liable for their application
  warnings.warn(msg, ExperimentalWarning)
/home/ssm-user/src/oq-engine/openquake/hazardlib/gsim/base.py:347: ExperimentalWarning: CanadaSHM6_ActiveCrust_BooreEtAl2014 is experimental and may change in future versions - the user is liable for their application
  warnings.warn(msg, ExperimentalWarning)
/home/ssm-user/src/oq-engine/openquake/hazardlib/gsim/base.py:347: ExperimentalWarning: CanadaSHM6_ActiveCrust_BooreEtAl2014 is experimental and may change in future versions - the user is liable for their application
  warnings.warn(msg, ExperimentalWarning)
/home/ssm-user/src/oq-engine/openquake/hazardlib/gsim/base.py:347: ExperimentalWarning: CanadaSHM6_ActiveCrust_BooreEtAl2014 is experimental and may change in future versions - the user is liable for their application
  warnings.warn(msg, ExperimentalWarning)
/home/ssm-user/src/oq-engine/openquake/hazardlib/gsim/base.py:347: ExperimentalWarning: CanadaSHM6_ActiveCrust_BooreEtAl2014 is experimental and may change in future versions - the user is liable for their application
  warnings.warn(msg, ExperimentalWarning)
/home/ssm-user/src/oq-engine/openquake/hazardlib/gsim/base.py:347: ExperimentalWarning: CanadaSHM6_ActiveCrust_BooreEtAl2014 is experimental and may change in future versions - the user is liable for their application
  warnings.warn(msg, ExperimentalWarning)
/home/ssm-user/src/oq-engine/openquake/hazardlib/gsim/base.py:347: ExperimentalWarning: CanadaSHM6_ActiveCrust_BooreEtAl2014 is experimental and may change in future versions - the user is liable for their application
  warnings.warn(msg, ExperimentalWarning)
/home/ssm-user/src/oq-engine/openquake/hazardlib/gsim/base.py:347: ExperimentalWarning: CanadaSHM6_ActiveCrust_BooreEtAl2014 is experimental and may change in future versions - the user is liable for their application
  warnings.warn(msg, ExperimentalWarning)
/home/ssm-user/src/oq-engine/openquake/hazardlib/gsim/base.py:347: ExperimentalWarning: CanadaSHM6_ActiveCrust_BooreEtAl2014 is experimental and may change in future versions - the user is liable for their application
  warnings.warn(msg, ExperimentalWarning)
/home/ssm-user/src/oq-engine/openquake/hazardlib/gsim/base.py:347: ExperimentalWarning: CanadaSHM6_ActiveCrust_BooreEtAl2014 is experimental and may change in future versions - the user is liable for their application
  warnings.warn(msg, ExperimentalWarning)
/home/ssm-user/src/oq-engine/openquake/hazardlib/gsim/base.py:347: ExperimentalWarning: CanadaSHM6_ActiveCrust_BooreEtAl2014 is experimental and may change in future versions - the user is liable for their application
  warnings.warn(msg, ExperimentalWarning)
/home/ssm-user/src/oq-engine/openquake/hazardlib/gsim/base.py:347: ExperimentalWarning: CanadaSHM6_ActiveCrust_BooreEtAl2014 is experimental and may change in future versions - the user is liable for their application
  warnings.warn(msg, ExperimentalWarning)
/home/ssm-user/src/oq-engine/openquake/hazardlib/gsim/base.py:347: ExperimentalWarning: CanadaSHM6_ActiveCrust_BooreEtAl2014 is experimental and may change in future versions - the user is liable for their application
  warnings.warn(msg, ExperimentalWarning)
/home/ssm-user/src/oq-engine/openquake/hazardlib/gsim/base.py:347: ExperimentalWarning: CanadaSHM6_ActiveCrust_BooreEtAl2014 is experimental and may change in future versions - the user is liable for their application
  warnings.warn(msg, ExperimentalWarning)
/home/ssm-user/src/oq-engine/openquake/hazardlib/gsim/base.py:347: ExperimentalWarning: CanadaSHM6_ActiveCrust_BooreEtAl2014 is experimental and may change in future versions - the user is liable for their application
  warnings.warn(msg, ExperimentalWarning)
/home/ssm-user/src/oq-engine/openquake/hazardlib/gsim/base.py:347: ExperimentalWarning: CanadaSHM6_ActiveCrust_BooreEtAl2014 is experimental and may change in future versions - the user is liable for their application
  warnings.warn(msg, ExperimentalWarning)
/home/ssm-user/src/oq-engine/openquake/hazardlib/gsim/base.py:347: ExperimentalWarning: CanadaSHM6_ActiveCrust_BooreEtAl2014 is experimental and may change in future versions - the user is liable for their application
  warnings.warn(msg, ExperimentalWarning)
/home/ssm-user/src/oq-engine/openquake/hazardlib/gsim/base.py:347: ExperimentalWarning: CanadaSHM6_ActiveCrust_BooreEtAl2014 is experimental and may change in future versions - the user is liable for their application
  warnings.warn(msg, ExperimentalWarning)
/home/ssm-user/src/oq-engine/openquake/hazardlib/gsim/base.py:347: ExperimentalWarning: CanadaSHM6_ActiveCrust_BooreEtAl2014 is experimental and may change in future versions - the user is liable for their application
  warnings.warn(msg, ExperimentalWarning)
/home/ssm-user/src/oq-engine/openquake/hazardlib/gsim/base.py:347: ExperimentalWarning: CanadaSHM6_ActiveCrust_BooreEtAl2014 is experimental and may change in future versions - the user is liable for their application
  warnings.warn(msg, ExperimentalWarning)
/home/ssm-user/src/oq-engine/openquake/hazardlib/gsim/base.py:347: ExperimentalWarning: CanadaSHM6_ActiveCrust_BooreEtAl2014 is experimental and may change in future versions - the user is liable for their application
  warnings.warn(msg, ExperimentalWarning)
/home/ssm-user/src/oq-engine/openquake/hazardlib/gsim/base.py:347: ExperimentalWarning: CanadaSHM6_ActiveCrust_BooreEtAl2014 is experimental and may change in future versions - the user is liable for their application
  warnings.warn(msg, ExperimentalWarning)
[2021-12-04 01:10:39 #194 INFO] root running /mnt/storage/canada-srm2/ebRisk/input/ebRisk_r1_NL_A.ini [--hc=193]
[2021-12-04 01:10:39 #194 INFO] Using engine version 3.11.3-git0cccb86798
[2021-12-04 01:10:39 #194 WARNING] Version v3.12.1 of the engine is available, but you are still using version 3.11.3-git0cccb86798
[2021-12-04 01:10:39 #194 WARNING] Using 96 cores on ip-10-70-136-20
[2021-12-04 01:10:39 #194 INFO] Validated nationalModel.xml in 0.01 seconds
[2021-12-04 01:10:39 #194 INFO] Checksum of the input files: 514598877
[2021-12-04 01:10:39 #194 INFO] Reading the risk model if present
[2021-12-04 01:11:02 #194 INFO] Reading /mnt/storage/openquake-inputs/exposure/general-building-stock/oqBldgExp_NL_A.xml
[2021-12-04 01:11:07 #194 INFO] Associated 36816 assets to 1698 sites
[2021-12-04 01:11:11 #194 INFO] Reducing risk model from 7260 to 281 taxonomies
[2021-12-04 01:11:11 #194 INFO] minimum_asset_loss={'contents': 0, 'nonstructural': 0, 'occupants': 0, 'structural': 0}
[2021-12-04 01:11:11 #194 INFO] Storing 1715 aggregation keys
[2021-12-04 01:11:12 #194 INFO] Storing risk model
[2021-12-04 01:11:12 #194 INFO] minimum_intensity={'SA(0.3)': 0.02, 'SA(0.6)': 0.05, 'SA(1.0)': 0.05, 'SA(2.0)': 0.05, 'SA(0.5)': 0.05}
[2021-12-04 01:11:12 #194 INFO] Sending 1_448_088 ruptures
  id | name
1053 | Aggregate Event Losses
1052 | Aggregate Loss Curves Statistics
1054 | Aggregate Losses Statistics
1055 | Average Asset Losses Statistics
1060 | Earthquake Ruptures
1056 | Events
1057 | Full Report
1058 | Input Files
1059 | Realizations
1061 | Source Loss Table
[2021-12-04 01:12:26 #194 INFO] Sent 195 tasks, 305.14 MB in 66 seconds
[2021-12-04 01:14:50 #194 INFO] start_ebrisk   1% [195 submitted, 0 queued]
[2021-12-04 01:15:00 #194 INFO] start_ebrisk   2% [195 submitted, 0 queued]
[2021-12-04 01:15:25 #194 INFO] start_ebrisk   3% [195 submitted, 0 queued]
[2021-12-04 01:15:45 #194 INFO] start_ebrisk   4% [195 submitted, 0 queued]
[2021-12-04 01:15:50 #194 INFO] start_ebrisk   5% [195 submitted, 0 queued]
[2021-12-04 01:15:52 #194 INFO] start_ebrisk   6% [195 submitted, 0 queued]
[2021-12-04 01:15:54 #194 INFO] start_ebrisk   7% [195 submitted, 0 queued]
[2021-12-04 01:15:55 #194 INFO] start_ebrisk   8% [195 submitted, 0 queued]
[2021-12-04 01:15:57 #194 INFO] start_ebrisk   9% [195 submitted, 0 queued]
[2021-12-04 01:16:02 #194 INFO] start_ebrisk  10% [195 submitted, 0 queued]
[2021-12-04 01:16:08 #194 INFO] start_ebrisk  11% [195 submitted, 0 queued]
[2021-12-04 01:16:12 #194 INFO] start_ebrisk  12% [195 submitted, 0 queued]
[2021-12-04 01:16:46 #194 INFO] start_ebrisk  13% [195 submitted, 0 queued]
[2021-12-04 01:16:55 #194 INFO] start_ebrisk  14% [195 submitted, 0 queued]
[2021-12-04 01:17:01 #194 INFO] start_ebrisk  15% [195 submitted, 0 queued]
[2021-12-04 01:17:07 #194 INFO] start_ebrisk  16% [195 submitted, 0 queued]
[2021-12-04 01:17:08 #194 INFO] start_ebrisk  17% [195 submitted, 0 queued]
[2021-12-04 01:17:16 #194 INFO] start_ebrisk  18% [195 submitted, 0 queued]
[2021-12-04 01:17:27 #194 INFO] start_ebrisk  19% [195 submitted, 0 queued]
[2021-12-04 01:17:33 #194 INFO] start_ebrisk  20% [195 submitted, 0 queued]
[2021-12-04 01:17:53 #194 INFO] start_ebrisk  21% [195 submitted, 0 queued]
[2021-12-04 01:18:44 #194 INFO] start_ebrisk  22% [195 submitted, 0 queued]
[2021-12-04 01:19:04 #194 INFO] start_ebrisk  23% [195 submitted, 0 queued]
[2021-12-04 01:19:38 #194 INFO] start_ebrisk  24% [195 submitted, 0 queued]
[2021-12-04 01:20:46 #194 INFO] start_ebrisk  25% [195 submitted, 0 queued]
[2021-12-04 01:21:05 #194 INFO] start_ebrisk  26% [195 submitted, 0 queued]
[2021-12-04 01:21:32 #194 INFO] start_ebrisk  27% [195 submitted, 0 queued]
[2021-12-04 01:21:34 #194 INFO] start_ebrisk  28% [195 submitted, 0 queued]
[2021-12-04 01:21:57 #194 INFO] start_ebrisk  29% [195 submitted, 0 queued]
[2021-12-04 01:22:07 #194 INFO] start_ebrisk  30% [195 submitted, 0 queued]
[2021-12-04 01:22:50 #194 INFO] start_ebrisk  31% [195 submitted, 0 queued]
[2021-12-04 01:23:42 #194 INFO] start_ebrisk  32% [195 submitted, 0 queued]
[2021-12-04 01:23:51 #194 INFO] start_ebrisk  33% [195 submitted, 0 queued]
[2021-12-04 01:24:11 #194 INFO] start_ebrisk  34% [195 submitted, 0 queued]
[2021-12-04 01:24:25 #194 INFO] start_ebrisk  35% [195 submitted, 0 queued]
[2021-12-04 01:25:20 #194 INFO] start_ebrisk  36% [195 submitted, 0 queued]
[2021-12-04 01:25:34 #194 INFO] start_ebrisk  37% [195 submitted, 0 queued]
[2021-12-04 01:25:37 #194 INFO] start_ebrisk  38% [195 submitted, 0 queued]
[2021-12-04 01:25:45 #194 INFO] start_ebrisk  39% [195 submitted, 0 queued]
[2021-12-04 01:25:49 #194 INFO] start_ebrisk  40% [195 submitted, 0 queued]
[2021-12-04 01:26:19 #194 INFO] start_ebrisk  41% [195 submitted, 0 queued]
[2021-12-04 01:26:44 #194 INFO] start_ebrisk  42% [195 submitted, 0 queued]
[2021-12-04 01:27:11 #194 INFO] start_ebrisk  43% [195 submitted, 0 queued]
[2021-12-04 01:27:58 #194 INFO] start_ebrisk  44% [195 submitted, 0 queued]
[2021-12-04 01:28:28 #194 INFO] start_ebrisk  45% [195 submitted, 0 queued]
[2021-12-04 01:29:00 #194 INFO] start_ebrisk  46% [195 submitted, 0 queued]
[2021-12-04 01:29:59 #194 INFO] start_ebrisk  47% [195 submitted, 0 queued]
[2021-12-04 01:30:18 #194 INFO] start_ebrisk  48% [195 submitted, 0 queued]
[2021-12-04 01:30:37 #194 INFO] start_ebrisk  49% [195 submitted, 0 queued]
[2021-12-04 01:31:31 #194 INFO] start_ebrisk  50% [195 submitted, 0 queued]
[2021-12-04 01:33:14 #194 INFO] start_ebrisk  51% [195 submitted, 0 queued]
[2021-12-04 01:34:13 #194 INFO] start_ebrisk  52% [195 submitted, 0 queued]
[2021-12-04 01:34:15 #194 INFO] start_ebrisk  53% [195 submitted, 0 queued]
[2021-12-04 01:34:34 #194 INFO] start_ebrisk  54% [195 submitted, 0 queued]
[2021-12-04 01:34:53 #194 INFO] start_ebrisk  55% [195 submitted, 0 queued]
[2021-12-04 01:35:18 #194 INFO] start_ebrisk  56% [195 submitted, 0 queued]
[2021-12-04 01:36:03 #194 INFO] start_ebrisk  57% [195 submitted, 0 queued]
[2021-12-04 01:36:23 #194 INFO] start_ebrisk  58% [195 submitted, 0 queued]
[2021-12-04 01:36:48 #194 INFO] start_ebrisk  59% [195 submitted, 0 queued]
[2021-12-04 01:38:11 #194 INFO] start_ebrisk  60% [195 submitted, 0 queued]
[2021-12-04 01:39:05 #194 INFO] start_ebrisk  61% [195 submitted, 0 queued]
[2021-12-04 01:39:31 #194 INFO] start_ebrisk  62% [195 submitted, 0 queued]
[2021-12-04 01:40:33 #194 INFO] start_ebrisk  63% [195 submitted, 0 queued]
[2021-12-04 01:42:39 #194 INFO] start_ebrisk  64% [195 submitted, 0 queued]
[2021-12-04 01:43:12 #194 INFO] start_ebrisk  65% [195 submitted, 0 queued]
[2021-12-04 01:43:29 #194 INFO] start_ebrisk  66% [195 submitted, 0 queued]
[2021-12-04 01:44:15 #194 INFO] start_ebrisk  67% [195 submitted, 0 queued]
[2021-12-04 01:44:33 #194 INFO] start_ebrisk  68% [195 submitted, 0 queued]
[2021-12-04 01:46:01 #194 INFO] start_ebrisk  69% [195 submitted, 0 queued]
[2021-12-04 01:47:04 #194 INFO] start_ebrisk  70% [195 submitted, 0 queued]
[2021-12-04 01:47:58 #194 INFO] start_ebrisk  71% [195 submitted, 0 queued]
[2021-12-04 01:48:18 #194 INFO] start_ebrisk  72% [195 submitted, 0 queued]
[2021-12-04 01:49:17 #194 INFO] start_ebrisk  73% [195 submitted, 0 queued]
[2021-12-04 01:50:05 #194 INFO] start_ebrisk  74% [195 submitted, 0 queued]
[2021-12-04 01:50:45 #194 INFO] start_ebrisk  75% [195 submitted, 0 queued]
[2021-12-04 01:51:19 #194 INFO] start_ebrisk  76% [195 submitted, 0 queued]
[2021-12-04 01:52:19 #194 INFO] start_ebrisk  77% [195 submitted, 0 queued]
[2021-12-04 01:53:00 #194 INFO] start_ebrisk  78% [195 submitted, 0 queued]
[2021-12-04 01:54:32 #194 INFO] start_ebrisk  79% [195 submitted, 0 queued]
[2021-12-04 01:54:37 #194 INFO] start_ebrisk  80% [195 submitted, 0 queued]
[2021-12-04 01:58:14 #194 INFO] start_ebrisk  81% [195 submitted, 0 queued]
[2021-12-04 01:59:51 #194 INFO] start_ebrisk  82% [195 submitted, 0 queued]
[2021-12-04 02:01:44 #194 INFO] start_ebrisk  83% [195 submitted, 0 queued]
[2021-12-04 02:04:18 #194 INFO] start_ebrisk  84% [195 submitted, 0 queued]
[2021-12-04 02:05:16 #194 INFO] start_ebrisk  85% [195 submitted, 0 queued]
[2021-12-04 02:06:47 #194 INFO] start_ebrisk  86% [195 submitted, 0 queued]
[2021-12-04 02:07:00 #194 INFO] start_ebrisk  87% [195 submitted, 0 queued]
[2021-12-04 02:07:43 #194 INFO] start_ebrisk  88% [195 submitted, 0 queued]
[2021-12-04 02:07:55 #194 INFO] start_ebrisk  89% [195 submitted, 0 queued]
[2021-12-04 02:07:58 #194 INFO] start_ebrisk  90% [195 submitted, 0 queued]
[2021-12-04 02:08:33 #194 INFO] start_ebrisk  91% [195 submitted, 0 queued]
[2021-12-04 02:09:15 #194 INFO] start_ebrisk  92% [195 submitted, 0 queued]
[2021-12-04 02:09:52 #194 INFO] start_ebrisk  93% [195 submitted, 0 queued]
[2021-12-04 02:10:25 #194 INFO] start_ebrisk  94% [195 submitted, 0 queued]
[2021-12-04 02:10:55 #194 INFO] start_ebrisk  95% [195 submitted, 0 queued]
[2021-12-04 02:11:09 #194 INFO] start_ebrisk  96% [195 submitted, 0 queued]
[2021-12-04 02:16:18 #194 INFO] start_ebrisk  97% [195 submitted, 0 queued]
[2021-12-04 02:17:51 #194 INFO] start_ebrisk  98% [195 submitted, 0 queued]
[2021-12-04 02:18:12 #194 INFO] start_ebrisk  99% [195 submitted, 0 queued]
[2021-12-04 02:19:03 #194 INFO] start_ebrisk 100% [195 submitted, 0 queued]
[2021-12-04 02:19:03 #194 INFO] Mean time per core=2509s, std=829.5s, min=1294s, max=4044s
[2021-12-04 02:19:03 #194 INFO] Received {'alt': '1.22 GB', 'losses_by_A': '109.57 MB', 'momenta': '25.29 MB', 'gmf_info': '9.77 MB', 'events_per_sid': '4 KB'} in 3996 seconds
[2021-12-04 02:19:03 #194 INFO] Produced 3.39 GB of GMFs
[2021-12-04 02:19:04 #194 INFO] Stored 1.22 GB in the agg_loss_table
[2021-12-04 02:19:04 #194 INFO] Building the src_loss_table
[2021-12-04 02:19:26 #194 INFO] Sending 23.84 MB of losses
[2021-12-04 02:19:27 #194 INFO] Sending 18.91 MB of losses
[2021-12-04 02:19:28 #194 INFO] Sending 33.52 MB of losses
[2021-12-04 02:19:29 #194 INFO] Sending 21.51 MB of losses
[2021-12-04 02:19:30 #194 INFO] Sending 18.93 MB of losses
[2021-12-04 02:19:31 #194 INFO] Sending 19.44 MB of losses
[2021-12-04 02:19:32 #194 INFO] Sending 34.8 MB of losses
[2021-12-04 02:19:33 #194 INFO] Sending 31.18 MB of losses
[2021-12-04 02:19:34 #194 INFO] Sending 16 MB of losses
[2021-12-04 02:19:35 #194 INFO] Sending 10.35 MB of losses
[2021-12-04 02:19:36 #194 INFO] Sending 17.22 MB of losses
[2021-12-04 02:19:37 #194 INFO] Sending 19.38 MB of losses
[2021-12-04 02:19:38 #194 INFO] Sending 17.84 MB of losses
[2021-12-04 02:19:39 #194 INFO] Sending 21.23 MB of losses
[2021-12-04 02:19:39 #194 INFO] Sending 18.51 MB of losses
[2021-12-04 02:19:40 #194 INFO] Sending 14.71 MB of losses
[2021-12-04 02:19:42 #194 INFO] Sending 20.58 MB of losses
[2021-12-04 02:19:43 #194 INFO] Sending 27.31 MB of losses
[2021-12-04 02:19:44 #194 INFO] Sending 15.66 MB of losses
[2021-12-04 02:19:45 #194 INFO] Sending 14.29 MB of losses
[2021-12-04 02:19:46 #194 INFO] Sending 16.6 MB of losses
[2021-12-04 02:19:47 #194 INFO] Sending 16.79 MB of losses
[2021-12-04 02:19:48 #194 INFO] Sending 15.87 MB of losses
[2021-12-04 02:19:49 #194 INFO] Sending 11.27 MB of losses
[2021-12-04 02:19:50 #194 INFO] Sending 7.64 MB of losses
[2021-12-04 02:19:51 #194 INFO] Sending 19.12 MB of losses
[2021-12-04 02:19:52 #194 INFO] Sending 26.05 MB of losses
[2021-12-04 02:19:53 #194 INFO] Sending 20.28 MB of losses
[2021-12-04 02:19:54 #194 INFO] Sending 16.36 MB of losses
[2021-12-04 02:19:55 #194 INFO] Sending 11.97 MB of losses
[2021-12-04 02:19:56 #194 INFO] Sending 10.52 MB of losses
[2021-12-04 02:19:57 #194 INFO] Sending 9.79 MB of losses
[2021-12-04 02:19:58 #194 INFO] Sending 18.5 MB of losses
[2021-12-04 02:19:59 #194 INFO] Sending 18.01 MB of losses
[2021-12-04 02:20:00 #194 INFO] Sending 12.36 MB of losses
[2021-12-04 02:20:01 #194 INFO] Sending 18.57 MB of losses
[2021-12-04 02:20:02 #194 INFO] Sending 15.14 MB of losses
[2021-12-04 02:20:03 #194 INFO] Sending 15.82 MB of losses
[2021-12-04 02:20:04 #194 INFO] Sending 13.13 MB of losses
[2021-12-04 02:20:05 #194 INFO] Sending 14.96 MB of losses
[2021-12-04 02:20:06 #194 INFO] Sending 21.61 MB of losses
[2021-12-04 02:20:07 #194 INFO] Sending 13.4 MB of losses
[2021-12-04 02:20:08 #194 INFO] Sending 15.72 MB of losses
[2021-12-04 02:20:09 #194 INFO] Sending 15.1 MB of losses
[2021-12-04 02:20:10 #194 INFO] Sending 13.98 MB of losses
[2021-12-04 02:20:11 #194 INFO] Sending 13.83 MB of losses
[2021-12-04 02:20:12 #194 INFO] Sent 47 tasks, 846.54 MB in 45 seconds
[2021-12-04 02:20:14 #194 INFO] post_risk   2% [47 submitted, 0 queued]
[2021-12-04 02:20:14 #194 INFO] post_risk   4% [47 submitted, 0 queued]
[2021-12-04 02:20:14 #194 INFO] post_risk   6% [47 submitted, 0 queued]
[2021-12-04 02:20:14 #194 INFO] post_risk   8% [47 submitted, 0 queued]
[2021-12-04 02:20:14 #194 INFO] post_risk  10% [47 submitted, 0 queued]
[2021-12-04 02:20:14 #194 INFO] post_risk  12% [47 submitted, 0 queued]
[2021-12-04 02:20:14 #194 INFO] post_risk  14% [47 submitted, 0 queued]
[2021-12-04 02:20:14 #194 INFO] post_risk  17% [47 submitted, 0 queued]
[2021-12-04 02:20:14 #194 INFO] post_risk  19% [47 submitted, 0 queued]
[2021-12-04 02:20:14 #194 INFO] post_risk  21% [47 submitted, 0 queued]
[2021-12-04 02:20:14 #194 INFO] post_risk  23% [47 submitted, 0 queued]
[2021-12-04 02:20:14 #194 INFO] post_risk  25% [47 submitted, 0 queued]
[2021-12-04 02:20:14 #194 INFO] post_risk  27% [47 submitted, 0 queued]
[2021-12-04 02:20:14 #194 INFO] post_risk  29% [47 submitted, 0 queued]
[2021-12-04 02:20:14 #194 INFO] post_risk  31% [47 submitted, 0 queued]
[2021-12-04 02:20:14 #194 INFO] post_risk  34% [47 submitted, 0 queued]
[2021-12-04 02:20:14 #194 INFO] post_risk  36% [47 submitted, 0 queued]
[2021-12-04 02:20:14 #194 INFO] post_risk  38% [47 submitted, 0 queued]
[2021-12-04 02:20:14 #194 INFO] post_risk  40% [47 submitted, 0 queued]
[2021-12-04 02:20:14 #194 INFO] post_risk  42% [47 submitted, 0 queued]
[2021-12-04 02:20:14 #194 INFO] post_risk  44% [47 submitted, 0 queued]
[2021-12-04 02:20:15 #194 INFO] post_risk  46% [47 submitted, 0 queued]
[2021-12-04 02:20:15 #194 INFO] post_risk  48% [47 submitted, 0 queued]
[2021-12-04 02:20:15 #194 INFO] post_risk  51% [47 submitted, 0 queued]
[2021-12-04 02:20:15 #194 INFO] post_risk  53% [47 submitted, 0 queued]
[2021-12-04 02:20:15 #194 INFO] post_risk  55% [47 submitted, 0 queued]
[2021-12-04 02:20:15 #194 INFO] post_risk  57% [47 submitted, 0 queued]
[2021-12-04 02:20:15 #194 INFO] post_risk  59% [47 submitted, 0 queued]
[2021-12-04 02:20:15 #194 INFO] post_risk  61% [47 submitted, 0 queued]
[2021-12-04 02:20:15 #194 INFO] post_risk  63% [47 submitted, 0 queued]
[2021-12-04 02:20:15 #194 INFO] post_risk  65% [47 submitted, 0 queued]
[2021-12-04 02:20:15 #194 INFO] post_risk  68% [47 submitted, 0 queued]
[2021-12-04 02:20:15 #194 INFO] post_risk  70% [47 submitted, 0 queued]
[2021-12-04 02:20:15 #194 INFO] post_risk  72% [47 submitted, 0 queued]
[2021-12-04 02:20:15 #194 INFO] post_risk  74% [47 submitted, 0 queued]
[2021-12-04 02:20:15 #194 INFO] post_risk  76% [47 submitted, 0 queued]
[2021-12-04 02:20:15 #194 INFO] post_risk  78% [47 submitted, 0 queued]
[2021-12-04 02:20:15 #194 INFO] post_risk  80% [47 submitted, 0 queued]
[2021-12-04 02:20:15 #194 INFO] post_risk  82% [47 submitted, 0 queued]
[2021-12-04 02:20:15 #194 INFO] post_risk  85% [47 submitted, 0 queued]
[2021-12-04 02:20:15 #194 INFO] post_risk  87% [47 submitted, 0 queued]
[2021-12-04 02:20:15 #194 INFO] post_risk  89% [47 submitted, 0 queued]
[2021-12-04 02:20:15 #194 INFO] post_risk  91% [47 submitted, 0 queued]
[2021-12-04 02:20:15 #194 INFO] post_risk  93% [47 submitted, 0 queued]
[2021-12-04 02:20:15 #194 INFO] post_risk  95% [47 submitted, 0 queued]
[2021-12-04 02:20:15 #194 INFO] post_risk  97% [47 submitted, 0 queued]
[2021-12-04 02:20:15 #194 INFO] post_risk 100% [47 submitted, 0 queued]
[2021-12-04 02:20:15 #194 INFO] Mean time per core=1s, std=0.2s, min=0s, max=1s
[2021-12-04 02:20:15 #194 INFO] Received {'tot': '43.23 MB'} in 3 seconds
[2021-12-04 02:20:46 #194 INFO] Total portfolio loss
==== ============= ============= ========= ==============
loss contents      nonstructural occupants structural    
==== ============= ============= ========= ==============
avg  1_892_608_765 7_531_649_612 119       12_465_596_349
==== ============= ============= ========= ==============
[2021-12-04 02:20:46 #194 INFO] Sanity check on agg_losses
[2021-12-04 02:20:47 #194 INFO] Exposing the outputs to the database
[2021-12-04 02:20:47 #194 INFO] Stored 1.3 GB on /root/oqdata/calc_194.hdf5 in 4208 seconds
/home/ssm-user/src/oq-engine/openquake/hazardlib/gsim/base.py:347: ExperimentalWarning: CanadaSHM6_ActiveCrust_BooreEtAl2014 is experimental and may change in future versions - the user is liable for their application
  warnings.warn(msg, ExperimentalWarning)
/home/ssm-user/src/oq-engine/openquake/hazardlib/gsim/base.py:347: ExperimentalWarning: CanadaSHM6_ActiveCrust_BooreEtAl2014 is experimental and may change in future versions - the user is liable for their application
  warnings.warn(msg, ExperimentalWarning)
/home/ssm-user/src/oq-engine/openquake/hazardlib/gsim/base.py:347: ExperimentalWarning: CanadaSHM6_ActiveCrust_BooreEtAl2014 is experimental and may change in future versions - the user is liable for their application
  warnings.warn(msg, ExperimentalWarning)
/home/ssm-user/src/oq-engine/openquake/hazardlib/gsim/base.py:347: ExperimentalWarning: CanadaSHM6_ActiveCrust_BooreEtAl2014 is experimental and may change in future versions - the user is liable for their application
  warnings.warn(msg, ExperimentalWarning)
/home/ssm-user/src/oq-engine/openquake/hazardlib/gsim/base.py:347: ExperimentalWarning: CanadaSHM6_ActiveCrust_BooreEtAl2014 is experimental and may change in future versions - the user is liable for their application
  warnings.warn(msg, ExperimentalWarning)
/home/ssm-user/src/oq-engine/openquake/hazardlib/gsim/base.py:347: ExperimentalWarning: CanadaSHM6_ActiveCrust_BooreEtAl2014 is experimental and may change in future versions - the user is liable for their application
  warnings.warn(msg, ExperimentalWarning)
/home/ssm-user/src/oq-engine/openquake/hazardlib/gsim/base.py:347: ExperimentalWarning: CanadaSHM6_ActiveCrust_BooreEtAl2014 is experimental and may change in future versions - the user is liable for their application
  warnings.warn(msg, ExperimentalWarning)
/home/ssm-user/src/oq-engine/openquake/hazardlib/gsim/base.py:347: ExperimentalWarning: CanadaSHM6_ActiveCrust_BooreEtAl2014 is experimental and may change in future versions - the user is liable for their application
  warnings.warn(msg, ExperimentalWarning)
/home/ssm-user/src/oq-engine/openquake/hazardlib/gsim/base.py:347: ExperimentalWarning: CanadaSHM6_ActiveCrust_BooreEtAl2014 is experimental and may change in future versions - the user is liable for their application
  warnings.warn(msg, ExperimentalWarning)
/home/ssm-user/src/oq-engine/openquake/hazardlib/gsim/base.py:347: ExperimentalWarning: CanadaSHM6_ActiveCrust_BooreEtAl2014 is experimental and may change in future versions - the user is liable for their application
  warnings.warn(msg, ExperimentalWarning)
/home/ssm-user/src/oq-engine/openquake/hazardlib/gsim/base.py:347: ExperimentalWarning: CanadaSHM6_ActiveCrust_BooreEtAl2014 is experimental and may change in future versions - the user is liable for their application
  warnings.warn(msg, ExperimentalWarning)
/home/ssm-user/src/oq-engine/openquake/hazardlib/gsim/base.py:347: ExperimentalWarning: CanadaSHM6_ActiveCrust_BooreEtAl2014 is experimental and may change in future versions - the user is liable for their application
  warnings.warn(msg, ExperimentalWarning)
/home/ssm-user/src/oq-engine/openquake/hazardlib/gsim/base.py:347: ExperimentalWarning: CanadaSHM6_ActiveCrust_BooreEtAl2014 is experimental and may change in future versions - the user is liable for their application
  warnings.warn(msg, ExperimentalWarning)
/home/ssm-user/src/oq-engine/openquake/hazardlib/gsim/base.py:347: ExperimentalWarning: CanadaSHM6_ActiveCrust_BooreEtAl2014 is experimental and may change in future versions - the user is liable for their application
  warnings.warn(msg, ExperimentalWarning)
/home/ssm-user/src/oq-engine/openquake/hazardlib/gsim/base.py:347: ExperimentalWarning: CanadaSHM6_ActiveCrust_BooreEtAl2014 is experimental and may change in future versions - the user is liable for their application
  warnings.warn(msg, ExperimentalWarning)
/home/ssm-user/src/oq-engine/openquake/hazardlib/gsim/base.py:347: ExperimentalWarning: CanadaSHM6_ActiveCrust_BooreEtAl2014 is experimental and may change in future versions - the user is liable for their application
  warnings.warn(msg, ExperimentalWarning)
/home/ssm-user/src/oq-engine/openquake/hazardlib/gsim/base.py:347: ExperimentalWarning: CanadaSHM6_ActiveCrust_BooreEtAl2014 is experimental and may change in future versions - the user is liable for their application
  warnings.warn(msg, ExperimentalWarning)
/home/ssm-user/src/oq-engine/openquake/hazardlib/gsim/base.py:347: ExperimentalWarning: CanadaSHM6_ActiveCrust_BooreEtAl2014 is experimental and may change in future versions - the user is liable for their application
  warnings.warn(msg, ExperimentalWarning)
/home/ssm-user/src/oq-engine/openquake/hazardlib/gsim/base.py:347: ExperimentalWarning: CanadaSHM6_ActiveCrust_BooreEtAl2014 is experimental and may change in future versions - the user is liable for their application
  warnings.warn(msg, ExperimentalWarning)
/home/ssm-user/src/oq-engine/openquake/hazardlib/gsim/base.py:347: ExperimentalWarning: CanadaSHM6_ActiveCrust_BooreEtAl2014 is experimental and may change in future versions - the user is liable for their application
  warnings.warn(msg, ExperimentalWarning)
/home/ssm-user/src/oq-engine/openquake/hazardlib/gsim/base.py:347: ExperimentalWarning: CanadaSHM6_ActiveCrust_BooreEtAl2014 is experimental and may change in future versions - the user is liable for their application
  warnings.warn(msg, ExperimentalWarning)
/home/ssm-user/src/oq-engine/openquake/hazardlib/gsim/base.py:347: ExperimentalWarning: CanadaSHM6_ActiveCrust_BooreEtAl2014 is experimental and may change in future versions - the user is liable for their application
  warnings.warn(msg, ExperimentalWarning)
/home/ssm-user/src/oq-engine/openquake/hazardlib/gsim/base.py:347: ExperimentalWarning: CanadaSHM6_ActiveCrust_BooreEtAl2014 is experimental and may change in future versions - the user is liable for their application
  warnings.warn(msg, ExperimentalWarning)
/home/ssm-user/src/oq-engine/openquake/hazardlib/gsim/base.py:347: ExperimentalWarning: CanadaSHM6_ActiveCrust_BooreEtAl2014 is experimental and may change in future versions - the user is liable for their application
  warnings.warn(msg, ExperimentalWarning)
/home/ssm-user/src/oq-engine/openquake/hazardlib/gsim/base.py:347: ExperimentalWarning: CanadaSHM6_ActiveCrust_BooreEtAl2014 is experimental and may change in future versions - the user is liable for their application
  warnings.warn(msg, ExperimentalWarning)
/home/ssm-user/src/oq-engine/openquake/hazardlib/gsim/base.py:347: ExperimentalWarning: CanadaSHM6_ActiveCrust_BooreEtAl2014 is experimental and may change in future versions - the user is liable for their application
  warnings.warn(msg, ExperimentalWarning)
/home/ssm-user/src/oq-engine/openquake/hazardlib/gsim/base.py:347: ExperimentalWarning: CanadaSHM6_ActiveCrust_BooreEtAl2014 is experimental and may change in future versions - the user is liable for their application
  warnings.warn(msg, ExperimentalWarning)
/home/ssm-user/src/oq-engine/openquake/hazardlib/gsim/base.py:347: ExperimentalWarning: CanadaSHM6_ActiveCrust_BooreEtAl2014 is experimental and may change in future versions - the user is liable for their application
  warnings.warn(msg, ExperimentalWarning)
/home/ssm-user/src/oq-engine/openquake/hazardlib/gsim/base.py:347: ExperimentalWarning: CanadaSHM6_ActiveCrust_BooreEtAl2014 is experimental and may change in future versions - the user is liable for their application
  warnings.warn(msg, ExperimentalWarning)
/home/ssm-user/src/oq-engine/openquake/hazardlib/gsim/base.py:347: ExperimentalWarning: CanadaSHM6_ActiveCrust_BooreEtAl2014 is experimental and may change in future versions - the user is liable for their application
  warnings.warn(msg, ExperimentalWarning)
/home/ssm-user/src/oq-engine/openquake/hazardlib/gsim/base.py:347: ExperimentalWarning: CanadaSHM6_ActiveCrust_BooreEtAl2014 is experimental and may change in future versions - the user is liable for their application
  warnings.warn(msg, ExperimentalWarning)
/home/ssm-user/src/oq-engine/openquake/hazardlib/gsim/base.py:347: ExperimentalWarning: CanadaSHM6_ActiveCrust_BooreEtAl2014 is experimental and may change in future versions - the user is liable for their application
  warnings.warn(msg, ExperimentalWarning)
/home/ssm-user/src/oq-engine/openquake/hazardlib/gsim/base.py:347: ExperimentalWarning: CanadaSHM6_ActiveCrust_BooreEtAl2014 is experimental and may change in future versions - the user is liable for their application
  warnings.warn(msg, ExperimentalWarning)
/home/ssm-user/src/oq-engine/openquake/hazardlib/gsim/base.py:347: ExperimentalWarning: CanadaSHM6_ActiveCrust_BooreEtAl2014 is experimental and may change in future versions - the user is liable for their application
  warnings.warn(msg, ExperimentalWarning)
/home/ssm-user/src/oq-engine/openquake/hazardlib/gsim/base.py:347: ExperimentalWarning: CanadaSHM6_ActiveCrust_BooreEtAl2014 is experimental and may change in future versions - the user is liable for their application
  warnings.warn(msg, ExperimentalWarning)
/home/ssm-user/src/oq-engine/openquake/hazardlib/gsim/base.py:347: ExperimentalWarning: CanadaSHM6_ActiveCrust_BooreEtAl2014 is experimental and may change in future versions - the user is liable for their application
  warnings.warn(msg, ExperimentalWarning)
/home/ssm-user/src/oq-engine/openquake/hazardlib/gsim/base.py:347: ExperimentalWarning: CanadaSHM6_ActiveCrust_BooreEtAl2014 is experimental and may change in future versions - the user is liable for their application
  warnings.warn(msg, ExperimentalWarning)
/home/ssm-user/src/oq-engine/openquake/hazardlib/gsim/base.py:347: ExperimentalWarning: CanadaSHM6_ActiveCrust_BooreEtAl2014 is experimental and may change in future versions - the user is liable for their application
  warnings.warn(msg, ExperimentalWarning)
/home/ssm-user/src/oq-engine/openquake/hazardlib/gsim/base.py:347: ExperimentalWarning: CanadaSHM6_ActiveCrust_BooreEtAl2014 is experimental and may change in future versions - the user is liable for their application
  warnings.warn(msg, ExperimentalWarning)
/home/ssm-user/src/oq-engine/openquake/hazardlib/gsim/base.py:347: ExperimentalWarning: CanadaSHM6_ActiveCrust_BooreEtAl2014 is experimental and may change in future versions - the user is liable for their application
  warnings.warn(msg, ExperimentalWarning)
/home/ssm-user/src/oq-engine/openquake/hazardlib/gsim/base.py:347: ExperimentalWarning: CanadaSHM6_ActiveCrust_BooreEtAl2014 is experimental and may change in future versions - the user is liable for their application
  warnings.warn(msg, ExperimentalWarning)
/home/ssm-user/src/oq-engine/openquake/hazardlib/gsim/base.py:347: ExperimentalWarning: CanadaSHM6_ActiveCrust_BooreEtAl2014 is experimental and may change in future versions - the user is liable for their application
  warnings.warn(msg, ExperimentalWarning)
/home/ssm-user/src/oq-engine/openquake/hazardlib/gsim/base.py:347: ExperimentalWarning: CanadaSHM6_ActiveCrust_BooreEtAl2014 is experimental and may change in future versions - the user is liable for their application
  warnings.warn(msg, ExperimentalWarning)
/home/ssm-user/src/oq-engine/openquake/hazardlib/gsim/base.py:347: ExperimentalWarning: CanadaSHM6_ActiveCrust_BooreEtAl2014 is experimental and may change in future versions - the user is liable for their application
  warnings.warn(msg, ExperimentalWarning)
/home/ssm-user/src/oq-engine/openquake/hazardlib/gsim/base.py:347: ExperimentalWarning: CanadaSHM6_ActiveCrust_BooreEtAl2014 is experimental and may change in future versions - the user is liable for their application
  warnings.warn(msg, ExperimentalWarning)
/home/ssm-user/src/oq-engine/openquake/hazardlib/gsim/base.py:347: ExperimentalWarning: CanadaSHM6_ActiveCrust_BooreEtAl2014 is experimental and may change in future versions - the user is liable for their application
  warnings.warn(msg, ExperimentalWarning)
/home/ssm-user/src/oq-engine/openquake/hazardlib/gsim/base.py:347: ExperimentalWarning: CanadaSHM6_ActiveCrust_BooreEtAl2014 is experimental and may change in future versions - the user is liable for their application
  warnings.warn(msg, ExperimentalWarning)
/home/ssm-user/src/oq-engine/openquake/hazardlib/gsim/base.py:347: ExperimentalWarning: CanadaSHM6_ActiveCrust_BooreEtAl2014 is experimental and may change in future versions - the user is liable for their application
  warnings.warn(msg, ExperimentalWarning)
/home/ssm-user/src/oq-engine/openquake/hazardlib/gsim/base.py:347: ExperimentalWarning: CanadaSHM6_ActiveCrust_BooreEtAl2014 is experimental and may change in future versions - the user is liable for their application
  warnings.warn(msg, ExperimentalWarning)
/home/ssm-user/src/oq-engine/openquake/hazardlib/gsim/base.py:347: ExperimentalWarning: CanadaSHM6_ActiveCrust_BooreEtAl2014 is experimental and may change in future versions - the user is liable for their application
  warnings.warn(msg, ExperimentalWarning)
/home/ssm-user/src/oq-engine/openquake/hazardlib/gsim/base.py:347: ExperimentalWarning: CanadaSHM6_ActiveCrust_BooreEtAl2014 is experimental and may change in future versions - the user is liable for their application
  warnings.warn(msg, ExperimentalWarning)
/home/ssm-user/src/oq-engine/openquake/hazardlib/gsim/base.py:347: ExperimentalWarning: CanadaSHM6_ActiveCrust_BooreEtAl2014 is experimental and may change in future versions - the user is liable for their application
  warnings.warn(msg, ExperimentalWarning)
/home/ssm-user/src/oq-engine/openquake/hazardlib/gsim/base.py:347: ExperimentalWarning: CanadaSHM6_ActiveCrust_BooreEtAl2014 is experimental and may change in future versions - the user is liable for their application
  warnings.warn(msg, ExperimentalWarning)
/home/ssm-user/src/oq-engine/openquake/hazardlib/gsim/base.py:347: ExperimentalWarning: CanadaSHM6_ActiveCrust_BooreEtAl2014 is experimental and may change in future versions - the user is liable for their application
  warnings.warn(msg, ExperimentalWarning)
/home/ssm-user/src/oq-engine/openquake/hazardlib/gsim/base.py:347: ExperimentalWarning: CanadaSHM6_ActiveCrust_BooreEtAl2014 is experimental and may change in future versions - the user is liable for their application
  warnings.warn(msg, ExperimentalWarning)
/home/ssm-user/src/oq-engine/openquake/hazardlib/gsim/base.py:347: ExperimentalWarning: CanadaSHM6_ActiveCrust_BooreEtAl2014 is experimental and may change in future versions - the user is liable for their application
  warnings.warn(msg, ExperimentalWarning)
/home/ssm-user/src/oq-engine/openquake/hazardlib/gsim/base.py:347: ExperimentalWarning: CanadaSHM6_ActiveCrust_BooreEtAl2014 is experimental and may change in future versions - the user is liable for their application
  warnings.warn(msg, ExperimentalWarning)
/home/ssm-user/src/oq-engine/openquake/hazardlib/gsim/base.py:347: ExperimentalWarning: CanadaSHM6_ActiveCrust_BooreEtAl2014 is experimental and may change in future versions - the user is liable for their application
  warnings.warn(msg, ExperimentalWarning)
/home/ssm-user/src/oq-engine/openquake/hazardlib/gsim/base.py:347: ExperimentalWarning: CanadaSHM6_ActiveCrust_BooreEtAl2014 is experimental and may change in future versions - the user is liable for their application
  warnings.warn(msg, ExperimentalWarning)
/home/ssm-user/src/oq-engine/openquake/hazardlib/gsim/base.py:347: ExperimentalWarning: CanadaSHM6_ActiveCrust_BooreEtAl2014 is experimental and may change in future versions - the user is liable for their application
  warnings.warn(msg, ExperimentalWarning)
/home/ssm-user/src/oq-engine/openquake/hazardlib/gsim/base.py:347: ExperimentalWarning: CanadaSHM6_ActiveCrust_BooreEtAl2014 is experimental and may change in future versions - the user is liable for their application
  warnings.warn(msg, ExperimentalWarning)
/home/ssm-user/src/oq-engine/openquake/hazardlib/gsim/base.py:347: ExperimentalWarning: CanadaSHM6_ActiveCrust_BooreEtAl2014 is experimental and may change in future versions - the user is liable for their application
  warnings.warn(msg, ExperimentalWarning)
/home/ssm-user/src/oq-engine/openquake/hazardlib/gsim/base.py:347: ExperimentalWarning: CanadaSHM6_ActiveCrust_BooreEtAl2014 is experimental and may change in future versions - the user is liable for their application
  warnings.warn(msg, ExperimentalWarning)
/home/ssm-user/src/oq-engine/openquake/hazardlib/gsim/base.py:347: ExperimentalWarning: CanadaSHM6_ActiveCrust_BooreEtAl2014 is experimental and may change in future versions - the user is liable for their application
  warnings.warn(msg, ExperimentalWarning)
/home/ssm-user/src/oq-engine/openquake/hazardlib/gsim/base.py:347: ExperimentalWarning: CanadaSHM6_ActiveCrust_BooreEtAl2014 is experimental and may change in future versions - the user is liable for their application
  warnings.warn(msg, ExperimentalWarning)
/home/ssm-user/src/oq-engine/openquake/hazardlib/gsim/base.py:347: ExperimentalWarning: CanadaSHM6_ActiveCrust_BooreEtAl2014 is experimental and may change in future versions - the user is liable for their application
  warnings.warn(msg, ExperimentalWarning)
/home/ssm-user/src/oq-engine/openquake/hazardlib/gsim/base.py:347: ExperimentalWarning: CanadaSHM6_ActiveCrust_BooreEtAl2014 is experimental and may change in future versions - the user is liable for their application
  warnings.warn(msg, ExperimentalWarning)
/home/ssm-user/src/oq-engine/openquake/hazardlib/gsim/base.py:347: ExperimentalWarning: CanadaSHM6_ActiveCrust_BooreEtAl2014 is experimental and may change in future versions - the user is liable for their application
  warnings.warn(msg, ExperimentalWarning)
/home/ssm-user/src/oq-engine/openquake/hazardlib/gsim/base.py:347: ExperimentalWarning: CanadaSHM6_ActiveCrust_BooreEtAl2014 is experimental and may change in future versions - the user is liable for their application
  warnings.warn(msg, ExperimentalWarning)
/home/ssm-user/src/oq-engine/openquake/hazardlib/gsim/base.py:347: ExperimentalWarning: CanadaSHM6_ActiveCrust_BooreEtAl2014 is experimental and may change in future versions - the user is liable for their application
  warnings.warn(msg, ExperimentalWarning)
/home/ssm-user/src/oq-engine/openquake/hazardlib/gsim/base.py:347: ExperimentalWarning: CanadaSHM6_ActiveCrust_BooreEtAl2014 is experimental and may change in future versions - the user is liable for their application
  warnings.warn(msg, ExperimentalWarning)
/home/ssm-user/src/oq-engine/openquake/hazardlib/gsim/base.py:347: ExperimentalWarning: CanadaSHM6_ActiveCrust_BooreEtAl2014 is experimental and may change in future versions - the user is liable for their application
  warnings.warn(msg, ExperimentalWarning)
/home/ssm-user/src/oq-engine/openquake/hazardlib/gsim/base.py:347: ExperimentalWarning: CanadaSHM6_ActiveCrust_BooreEtAl2014 is experimental and may change in future versions - the user is liable for their application
  warnings.warn(msg, ExperimentalWarning)
/home/ssm-user/src/oq-engine/openquake/hazardlib/gsim/base.py:347: ExperimentalWarning: CanadaSHM6_ActiveCrust_BooreEtAl2014 is experimental and may change in future versions - the user is liable for their application
  warnings.warn(msg, ExperimentalWarning)
/home/ssm-user/src/oq-engine/openquake/hazardlib/gsim/base.py:347: ExperimentalWarning: CanadaSHM6_ActiveCrust_BooreEtAl2014 is experimental and may change in future versions - the user is liable for their application
  warnings.warn(msg, ExperimentalWarning)
/home/ssm-user/src/oq-engine/openquake/hazardlib/gsim/base.py:347: ExperimentalWarning: CanadaSHM6_ActiveCrust_BooreEtAl2014 is experimental and may change in future versions - the user is liable for their application
  warnings.warn(msg, ExperimentalWarning)
/home/ssm-user/src/oq-engine/openquake/hazardlib/gsim/base.py:347: ExperimentalWarning: CanadaSHM6_ActiveCrust_BooreEtAl2014 is experimental and may change in future versions - the user is liable for their application
  warnings.warn(msg, ExperimentalWarning)
/home/ssm-user/src/oq-engine/openquake/hazardlib/gsim/base.py:347: ExperimentalWarning: CanadaSHM6_ActiveCrust_BooreEtAl2014 is experimental and may change in future versions - the user is liable for their application
  warnings.warn(msg, ExperimentalWarning)
/home/ssm-user/src/oq-engine/openquake/hazardlib/gsim/base.py:347: ExperimentalWarning: CanadaSHM6_ActiveCrust_BooreEtAl2014 is experimental and may change in future versions - the user is liable for their application
  warnings.warn(msg, ExperimentalWarning)
/home/ssm-user/src/oq-engine/openquake/hazardlib/gsim/base.py:347: ExperimentalWarning: CanadaSHM6_ActiveCrust_BooreEtAl2014 is experimental and may change in future versions - the user is liable for their application
  warnings.warn(msg, ExperimentalWarning)
/home/ssm-user/src/oq-engine/openquake/hazardlib/gsim/base.py:347: ExperimentalWarning: CanadaSHM6_ActiveCrust_BooreEtAl2014 is experimental and may change in future versions - the user is liable for their application
  warnings.warn(msg, ExperimentalWarning)
/home/ssm-user/src/oq-engine/openquake/hazardlib/gsim/base.py:347: ExperimentalWarning: CanadaSHM6_ActiveCrust_BooreEtAl2014 is experimental and may change in future versions - the user is liable for their application
  warnings.warn(msg, ExperimentalWarning)
/home/ssm-user/src/oq-engine/openquake/hazardlib/gsim/base.py:347: ExperimentalWarning: CanadaSHM6_ActiveCrust_BooreEtAl2014 is experimental and may change in future versions - the user is liable for their application
  warnings.warn(msg, ExperimentalWarning)
/home/ssm-user/src/oq-engine/openquake/hazardlib/gsim/base.py:347: ExperimentalWarning: CanadaSHM6_ActiveCrust_BooreEtAl2014 is experimental and may change in future versions - the user is liable for their application
  warnings.warn(msg, ExperimentalWarning)
/home/ssm-user/src/oq-engine/openquake/hazardlib/gsim/base.py:347: ExperimentalWarning: CanadaSHM6_ActiveCrust_BooreEtAl2014 is experimental and may change in future versions - the user is liable for their application
  warnings.warn(msg, ExperimentalWarning)
/home/ssm-user/src/oq-engine/openquake/hazardlib/gsim/base.py:347: ExperimentalWarning: CanadaSHM6_ActiveCrust_BooreEtAl2014 is experimental and may change in future versions - the user is liable for their application
  warnings.warn(msg, ExperimentalWarning)
/home/ssm-user/src/oq-engine/openquake/hazardlib/gsim/base.py:347: ExperimentalWarning: CanadaSHM6_ActiveCrust_BooreEtAl2014 is experimental and may change in future versions - the user is liable for their application
  warnings.warn(msg, ExperimentalWarning)
/home/ssm-user/src/oq-engine/openquake/hazardlib/gsim/base.py:347: ExperimentalWarning: CanadaSHM6_ActiveCrust_BooreEtAl2014 is experimental and may change in future versions - the user is liable for their application
  warnings.warn(msg, ExperimentalWarning)
/home/ssm-user/src/oq-engine/openquake/hazardlib/gsim/base.py:347: ExperimentalWarning: CanadaSHM6_ActiveCrust_BooreEtAl2014 is experimental and may change in future versions - the user is liable for their application
  warnings.warn(msg, ExperimentalWarning)
/home/ssm-user/src/oq-engine/openquake/hazardlib/gsim/base.py:347: ExperimentalWarning: CanadaSHM6_ActiveCrust_BooreEtAl2014 is experimental and may change in future versions - the user is liable for their application
  warnings.warn(msg, ExperimentalWarning)
/home/ssm-user/src/oq-engine/openquake/hazardlib/gsim/base.py:347: ExperimentalWarning: CanadaSHM6_ActiveCrust_BooreEtAl2014 is experimental and may change in future versions - the user is liable for their application
  warnings.warn(msg, ExperimentalWarning)
/home/ssm-user/src/oq-engine/openquake/hazardlib/gsim/base.py:347: ExperimentalWarning: CanadaSHM6_ActiveCrust_BooreEtAl2014 is experimental and may change in future versions - the user is liable for their application
  warnings.warn(msg, ExperimentalWarning)
/home/ssm-user/src/oq-engine/openquake/hazardlib/gsim/base.py:347: ExperimentalWarning: CanadaSHM6_ActiveCrust_BooreEtAl2014 is experimental and may change in future versions - the user is liable for their application
  warnings.warn(msg, ExperimentalWarning)
/home/ssm-user/src/oq-engine/openquake/hazardlib/gsim/base.py:347: ExperimentalWarning: CanadaSHM6_ActiveCrust_BooreEtAl2014 is experimental and may change in future versions - the user is liable for their application
  warnings.warn(msg, ExperimentalWarning)
/home/ssm-user/src/oq-engine/openquake/hazardlib/gsim/base.py:347: ExperimentalWarning: CanadaSHM6_ActiveCrust_BooreEtAl2014 is experimental and may change in future versions - the user is liable for their application
  warnings.warn(msg, ExperimentalWarning)
/home/ssm-user/src/oq-engine/openquake/hazardlib/gsim/base.py:347: ExperimentalWarning: CanadaSHM6_ActiveCrust_BooreEtAl2014 is experimental and may change in future versions - the user is liable for their application
  warnings.warn(msg, ExperimentalWarning)
[2021-12-04 02:20:48 #194 INFO] Stopping the workers
  id | name
1063 | Aggregate Event Losses
1062 | Aggregate Loss Curves Statistics
1064 | Aggregate Losses Statistics
1065 | Average Asset Losses Statistics
1066 | Full Report
1067 | Realizations
1068 | Source Loss Table
