/home/ssm-user/src/oq-engine/openquake/hazardlib/gsim/base.py:347: ExperimentalWarning: CanadaSHM6_ActiveCrust_BooreEtAl2014 is experimental and may change in future versions - the user is liable for their application
  warnings.warn(msg, ExperimentalWarning)
/home/ssm-user/src/oq-engine/openquake/hazardlib/gsim/base.py:347: ExperimentalWarning: CanadaSHM6_ActiveCrust_AbrahamsonEtAl2014 is experimental and may change in future versions - the user is liable for their application
  warnings.warn(msg, ExperimentalWarning)
/home/ssm-user/src/oq-engine/openquake/hazardlib/gsim/base.py:347: ExperimentalWarning: CanadaSHM6_ActiveCrust_BooreEtAl2014 is experimental and may change in future versions - the user is liable for their application
  warnings.warn(msg, ExperimentalWarning)
/home/ssm-user/src/oq-engine/openquake/hazardlib/gsim/base.py:347: ExperimentalWarning: CanadaSHM6_ActiveCrust_CampbellBozorgnia2014 is experimental and may change in future versions - the user is liable for their application
  warnings.warn(msg, ExperimentalWarning)
/home/ssm-user/src/oq-engine/openquake/hazardlib/gsim/base.py:347: ExperimentalWarning: CanadaSHM6_ActiveCrust_ChiouYoungs2014 is experimental and may change in future versions - the user is liable for their application
  warnings.warn(msg, ExperimentalWarning)
[2021-09-03 01:54:32 #148 INFO] root running /mnt/storage/canada-srm2/ebRisk/input/ebRisk_b0_NS.ini [--hc=None]
[2021-09-03 01:54:32 #148 INFO] Using engine version 3.11.3-git29ac352f7d
[2021-09-03 01:54:33 #148 WARNING] Using 96 cores on ip-10-70-136-127
[2021-09-03 01:54:33 #148 INFO] Validated nationalModel.xml in 0.01 seconds
[2021-09-03 01:54:33 #148 INFO] Checksum of the input files: 1489067703
[2021-09-03 01:54:33 #148 INFO] Reading the risk model if present
[2021-09-03 01:54:55 #148 INFO] Reading /mnt/storage/openquake-inputs/exposure/general-building-stock/oqBldgExp_NS.xml
[2021-09-03 01:55:06 #148 INFO] Extracting the hazard sites from the site model
[2021-09-03 01:55:07 #148 INFO] Associated 80521 assets to 4061 sites
[2021-09-03 01:55:13 #148 INFO] Reducing risk model from 7260 to 507 taxonomies
[2021-09-03 01:55:14 #148 INFO] minimum_asset_loss={'contents': 0, 'nonstructural': 0, 'occupants': 0, 'structural': 0}
[2021-09-03 01:55:14 #148 INFO] Storing 3234 aggregation keys
[2021-09-03 01:55:15 #148 INFO] Considering 200 logic tree paths out of 24_576
[2021-09-03 01:55:15 #148 INFO] Reading the source model(s) in parallel
[2021-09-03 01:55:18 #148 INFO] read_source_model  16% [6 submitted, 0 queued]
[2021-09-03 01:55:18 #148 INFO] read_source_model  33% [6 submitted, 0 queued]
[2021-09-03 01:55:18 #148 INFO] read_source_model  50% [6 submitted, 0 queued]
[2021-09-03 01:55:18 #148 INFO] read_source_model  66% [6 submitted, 0 queued]
[2021-09-03 01:55:18 #148 INFO] read_source_model  83% [6 submitted, 0 queued]
[2021-09-03 01:55:18 #148 INFO] read_source_model 100% [6 submitted, 0 queued]
[2021-09-03 01:55:18 #148 INFO] Mean time per core=0s, std=0.0s, min=0s, max=0s
[2021-09-03 01:55:18 #148 INFO] Received {'/mnt/storage/CanadaSHM6/OpenQuake_model_files/sources/nationalModel/xml/simplifiedModel/WCan_HYeast_Harctic_simplified_collapsedRates.xml': '138.71 KB', '/mnt/storage/CanadaSHM6/OpenQuake_model_files/sources/nationalModel/xml/simplifiedModel/WCan_H2east_Harctic_simplified_collapsedRates.xml': '133.09 KB', '/mnt/storage/CanadaSHM6/OpenQuake_model_files/sources/nationalModel/xml/simplifiedModel/WCan_HYeast_Rarctic_simplified_collapsedRates.xml': '132.34 KB', '/mnt/storage/CanadaSHM6/OpenQuake_model_files/sources/nationalModel/xml/simplifiedModel/WCan_H2east_Rarctic_simplified_collapsedRates.xml': '126.71 KB', '/mnt/storage/CanadaSHM6/OpenQuake_model_files/sources/nationalModel/xml/simplifiedModel/WCan_R2east_Harctic_simplified_collapsedRates.xml': '117.99 KB', '/mnt/storage/CanadaSHM6/OpenQuake_model_files/sources/nationalModel/xml/simplifiedModel/WCan_R2east_Rarctic_simplified_collapsedRates.xml': '111.84 KB'} in 1 seconds
/home/ssm-user/src/oq-engine/openquake/hazardlib/gsim/base.py:347: ExperimentalWarning: CanadaSHM6_ActiveCrust_BooreEtAl2014 is experimental and may change in future versions - the user is liable for their application
  warnings.warn(msg, ExperimentalWarning)
/home/ssm-user/src/oq-engine/openquake/hazardlib/gsim/base.py:347: ExperimentalWarning: CanadaSHM6_ActiveCrust_BooreEtAl2014 is experimental and may change in future versions - the user is liable for their application
  warnings.warn(msg, ExperimentalWarning)
/home/ssm-user/src/oq-engine/openquake/hazardlib/gsim/base.py:347: ExperimentalWarning: CanadaSHM6_ActiveCrust_BooreEtAl2014 is experimental and may change in future versions - the user is liable for their application
  warnings.warn(msg, ExperimentalWarning)
/home/ssm-user/src/oq-engine/openquake/hazardlib/gsim/base.py:347: ExperimentalWarning: CanadaSHM6_ActiveCrust_BooreEtAl2014 is experimental and may change in future versions - the user is liable for their application
  warnings.warn(msg, ExperimentalWarning)
/home/ssm-user/src/oq-engine/openquake/hazardlib/gsim/base.py:347: ExperimentalWarning: CanadaSHM6_ActiveCrust_BooreEtAl2014 is experimental and may change in future versions - the user is liable for their application
  warnings.warn(msg, ExperimentalWarning)
/home/ssm-user/src/oq-engine/openquake/hazardlib/gsim/base.py:347: ExperimentalWarning: CanadaSHM6_ActiveCrust_BooreEtAl2014 is experimental and may change in future versions - the user is liable for their application
  warnings.warn(msg, ExperimentalWarning)
[2021-09-03 01:55:19 #148 INFO] There are multiple different sources with the same ID [<AreaSource SCCYA;0>, <AreaSource SCCYA;1>]
[2021-09-03 01:55:19 #148 INFO] There are 13 groups and 196 sources with len(et_ids)=3.85
[2021-09-03 01:55:19 #148 INFO] Checking the sources bounding box
[2021-09-03 01:55:19 #148 ERROR] source ACM: The buffer of 600 km is too large, the bounding box is larger than half the globe: 219 degrees
[2021-09-03 01:55:19 #148 INFO] Rupture floating factor = 1.6303030303030304
[2021-09-03 01:55:19 #148 INFO] Rupture spinning factor = 3.278787878787879
[2021-09-03 01:55:19 #148 INFO] gzipping the input files
[2021-09-03 01:55:23 #148 INFO] Storing risk model
[2021-09-03 01:55:23 #148 INFO] minimum_intensity={'default': 0.05, 'SA(0.3)': 0.02, 'SA(0.6)': 0.05, 'SA(1.0)': 0.05, 'SA(2.0)': 0.05}
[2021-09-03 01:55:23 #148 INFO] Building ruptures
[2021-09-03 01:57:00 #148 INFO] Sending <SourceGroup Subduction IntraSlab30, 1 source(s)>
[2021-09-03 01:57:00 #148 INFO] Sending <SourceGroup Subduction IntraSlab55, 4 source(s)>
[2021-09-03 01:57:00 #148 INFO] Sending <SourceGroup Subduction Interface, 13 source(s)>
[2021-09-03 01:57:00 #148 INFO] Sending <SourceGroup Stable Shallow Crust, 29 source(s)>
[2021-09-03 01:57:00 #148 INFO] Sending <SourceGroup Stable Shallow Crust, 4 source(s)>
[2021-09-03 01:57:00 #148 INFO] Sending <SourceGroup Stable Shallow Crust, 6 source(s)>
[2021-09-03 01:57:00 #148 INFO] Sending <SourceGroup Stable Shallow Crust, 18 source(s)>
[2021-09-03 01:57:00 #148 INFO] Sending <SourceGroup Stable Shallow Crust, 10 source(s)>
[2021-09-03 01:57:00 #148 INFO] Sending <SourceGroup Stable Shallow Crust, 38 source(s)>
[2021-09-03 01:57:00 #148 INFO] Sending <SourceGroup Stable Shallow Crust, 14 source(s)>
[2021-09-03 01:57:00 #148 INFO] Sending <SourceGroup Active Shallow Crust, 1 source(s)>
[2021-09-03 01:57:00 #148 INFO] Sending <SourceGroup Active Shallow Crust, 57 source(s)>
[2021-09-03 01:57:00 #148 INFO] Sending <SourceGroup Active Shallow Crust, 1 source(s)>
[2021-09-03 01:57:03 #148 INFO] Sent 96 tasks, 80.34 MB in 0 seconds
[2021-09-03 01:57:04 #148 INFO] sample_ruptures   1% [98 submitted, 3 queued]
[2021-09-03 01:57:04 #148 INFO] sample_ruptures   2% [99 submitted, 2 queued]
[2021-09-03 01:57:04 #148 INFO] sample_ruptures   3% [100 submitted, 1 queued]
[2021-09-03 01:57:04 #148 INFO] sample_ruptures   4% [101 submitted, 0 queued]
[2021-09-03 01:57:04 #148 INFO] sample_ruptures   5% [101 submitted, 0 queued]
[2021-09-03 01:57:04 #148 INFO] sample_ruptures   6% [101 submitted, 0 queued]
[2021-09-03 01:57:04 #148 INFO] sample_ruptures   7% [101 submitted, 0 queued]
[2021-09-03 01:57:04 #148 INFO] sample_ruptures   8% [101 submitted, 0 queued]
[2021-09-03 01:57:04 #148 INFO] sample_ruptures   9% [101 submitted, 0 queued]
[2021-09-03 01:57:04 #148 INFO] sample_ruptures  10% [101 submitted, 0 queued]
[2021-09-03 01:57:04 #148 INFO] sample_ruptures  11% [101 submitted, 0 queued]
[2021-09-03 01:57:04 #148 INFO] sample_ruptures  12% [101 submitted, 0 queued]
[2021-09-03 01:57:04 #148 INFO] sample_ruptures  13% [101 submitted, 0 queued]
[2021-09-03 01:57:04 #148 INFO] sample_ruptures  14% [101 submitted, 0 queued]
[2021-09-03 01:57:04 #148 INFO] sample_ruptures  15% [101 submitted, 0 queued]
[2021-09-03 01:57:04 #148 INFO] sample_ruptures  16% [101 submitted, 0 queued]
[2021-09-03 01:57:04 #148 INFO] sample_ruptures  17% [101 submitted, 0 queued]
[2021-09-03 01:57:04 #148 INFO] sample_ruptures  18% [101 submitted, 0 queued]
[2021-09-03 01:57:04 #148 INFO] sample_ruptures  19% [101 submitted, 0 queued]
[2021-09-03 01:57:04 #148 INFO] sample_ruptures  20% [101 submitted, 0 queued]
[2021-09-03 01:57:04 #148 INFO] sample_ruptures  21% [101 submitted, 0 queued]
[2021-09-03 01:57:04 #148 INFO] sample_ruptures  22% [101 submitted, 0 queued]
[2021-09-03 01:57:04 #148 INFO] sample_ruptures  23% [101 submitted, 0 queued]
[2021-09-03 01:57:04 #148 INFO] sample_ruptures  24% [101 submitted, 0 queued]
[2021-09-03 01:57:04 #148 INFO] sample_ruptures  25% [101 submitted, 0 queued]
[2021-09-03 01:57:04 #148 INFO] sample_ruptures  26% [101 submitted, 0 queued]
[2021-09-03 01:57:04 #148 INFO] sample_ruptures  27% [101 submitted, 0 queued]
[2021-09-03 01:57:04 #148 INFO] sample_ruptures  28% [101 submitted, 0 queued]
[2021-09-03 01:57:04 #148 INFO] sample_ruptures  29% [101 submitted, 0 queued]
[2021-09-03 01:57:04 #148 INFO] sample_ruptures  30% [101 submitted, 0 queued]
[2021-09-03 01:57:04 #148 INFO] sample_ruptures  31% [101 submitted, 0 queued]
[2021-09-03 01:57:05 #148 INFO] sample_ruptures  32% [101 submitted, 0 queued]
[2021-09-03 01:57:05 #148 INFO] sample_ruptures  33% [101 submitted, 0 queued]
[2021-09-03 01:57:05 #148 INFO] sample_ruptures  34% [101 submitted, 0 queued]
[2021-09-03 01:57:05 #148 INFO] sample_ruptures  35% [101 submitted, 0 queued]
[2021-09-03 01:57:05 #148 INFO] sample_ruptures  36% [101 submitted, 0 queued]
[2021-09-03 01:57:05 #148 INFO] sample_ruptures  37% [101 submitted, 0 queued]
[2021-09-03 01:57:05 #148 INFO] sample_ruptures  38% [101 submitted, 0 queued]
[2021-09-03 01:57:05 #148 INFO] sample_ruptures  39% [101 submitted, 0 queued]
[2021-09-03 01:57:05 #148 INFO] sample_ruptures  40% [101 submitted, 0 queued]
[2021-09-03 01:57:05 #148 INFO] sample_ruptures  41% [101 submitted, 0 queued]
[2021-09-03 01:57:05 #148 INFO] sample_ruptures  42% [101 submitted, 0 queued]
[2021-09-03 01:57:05 #148 INFO] sample_ruptures  43% [101 submitted, 0 queued]
[2021-09-03 01:57:05 #148 INFO] sample_ruptures  44% [101 submitted, 0 queued]
[2021-09-03 01:57:05 #148 INFO] sample_ruptures  45% [101 submitted, 0 queued]
[2021-09-03 01:57:05 #148 INFO] sample_ruptures  46% [101 submitted, 0 queued]
[2021-09-03 01:57:05 #148 INFO] sample_ruptures  47% [101 submitted, 0 queued]
[2021-09-03 01:57:05 #148 INFO] sample_ruptures  48% [101 submitted, 0 queued]
[2021-09-03 01:57:05 #148 INFO] sample_ruptures  49% [101 submitted, 0 queued]
[2021-09-03 01:57:05 #148 INFO] sample_ruptures  50% [101 submitted, 0 queued]
[2021-09-03 01:57:05 #148 INFO] sample_ruptures  51% [101 submitted, 0 queued]
[2021-09-03 01:57:05 #148 INFO] sample_ruptures  52% [101 submitted, 0 queued]
[2021-09-03 01:57:05 #148 INFO] sample_ruptures  53% [101 submitted, 0 queued]
[2021-09-03 01:57:05 #148 INFO] sample_ruptures  54% [101 submitted, 0 queued]
[2021-09-03 01:57:05 #148 INFO] sample_ruptures  55% [101 submitted, 0 queued]
[2021-09-03 01:57:05 #148 INFO] sample_ruptures  56% [101 submitted, 0 queued]
[2021-09-03 01:57:05 #148 INFO] sample_ruptures  57% [101 submitted, 0 queued]
[2021-09-03 01:57:05 #148 INFO] sample_ruptures  58% [101 submitted, 0 queued]
[2021-09-03 01:57:05 #148 INFO] sample_ruptures  59% [101 submitted, 0 queued]
[2021-09-03 01:57:05 #148 INFO] sample_ruptures  60% [101 submitted, 0 queued]
[2021-09-03 01:57:05 #148 INFO] sample_ruptures  61% [101 submitted, 0 queued]
[2021-09-03 01:57:05 #148 INFO] sample_ruptures  62% [101 submitted, 0 queued]
[2021-09-03 01:57:05 #148 INFO] sample_ruptures  63% [101 submitted, 0 queued]
[2021-09-03 01:57:05 #148 INFO] sample_ruptures  64% [101 submitted, 0 queued]
[2021-09-03 01:57:05 #148 INFO] sample_ruptures  65% [101 submitted, 0 queued]
[2021-09-03 01:57:05 #148 INFO] sample_ruptures  66% [101 submitted, 0 queued]
[2021-09-03 01:57:05 #148 INFO] sample_ruptures  67% [101 submitted, 0 queued]
[2021-09-03 01:57:05 #148 INFO] sample_ruptures  68% [101 submitted, 0 queued]
[2021-09-03 01:57:05 #148 INFO] sample_ruptures  69% [101 submitted, 0 queued]
[2021-09-03 01:57:07 #148 INFO] sample_ruptures  70% [101 submitted, 0 queued]
[2021-09-03 01:57:07 #148 INFO] sample_ruptures  71% [101 submitted, 0 queued]
[2021-09-03 01:57:15 #148 INFO] sample_ruptures  72% [101 submitted, 0 queued]
[2021-09-03 01:57:20 #148 INFO] sample_ruptures  73% [101 submitted, 0 queued]
[2021-09-03 01:57:21 #148 INFO] sample_ruptures  74% [101 submitted, 0 queued]
[2021-09-03 01:57:26 #148 INFO] sample_ruptures  75% [101 submitted, 0 queued]
[2021-09-03 01:57:29 #148 INFO] sample_ruptures  76% [101 submitted, 0 queued]
[2021-09-03 01:57:30 #148 INFO] sample_ruptures  77% [101 submitted, 0 queued]
[2021-09-03 01:57:31 #148 INFO] sample_ruptures  78% [101 submitted, 0 queued]
[2021-09-03 01:57:34 #148 INFO] sample_ruptures  79% [101 submitted, 0 queued]
[2021-09-03 01:57:38 #148 INFO] sample_ruptures  80% [101 submitted, 0 queued]
[2021-09-03 01:57:45 #148 INFO] sample_ruptures  81% [101 submitted, 0 queued]
[2021-09-03 01:57:45 #148 INFO] sample_ruptures  82% [101 submitted, 0 queued]
[2021-09-03 01:57:48 #148 INFO] sample_ruptures  83% [101 submitted, 0 queued]
[2021-09-03 01:57:53 #148 INFO] sample_ruptures  84% [101 submitted, 0 queued]
[2021-09-03 01:57:58 #148 INFO] sample_ruptures  85% [101 submitted, 0 queued]
[2021-09-03 01:57:59 #148 INFO] sample_ruptures  86% [101 submitted, 0 queued]
[2021-09-03 01:58:00 #148 INFO] sample_ruptures  87% [101 submitted, 0 queued]
[2021-09-03 01:58:02 #148 INFO] sample_ruptures  88% [101 submitted, 0 queued]
[2021-09-03 01:58:07 #148 INFO] sample_ruptures  89% [101 submitted, 0 queued]
[2021-09-03 01:58:31 #148 INFO] sample_ruptures  90% [101 submitted, 0 queued]
[2021-09-03 01:58:39 #148 INFO] sample_ruptures  91% [101 submitted, 0 queued]
[2021-09-03 01:58:54 #148 INFO] sample_ruptures  92% [101 submitted, 0 queued]
[2021-09-03 01:58:57 #148 INFO] sample_ruptures  93% [101 submitted, 0 queued]
[2021-09-03 01:58:57 #148 INFO] sample_ruptures  94% [101 submitted, 0 queued]
[2021-09-03 01:59:02 #148 INFO] sample_ruptures  95% [101 submitted, 0 queued]
[2021-09-03 01:59:03 #148 INFO] sample_ruptures  96% [101 submitted, 0 queued]
[2021-09-03 01:59:35 #148 INFO] sample_ruptures  97% [101 submitted, 0 queued]
[2021-09-03 01:59:41 #148 INFO] sample_ruptures  98% [101 submitted, 0 queued]
[2021-09-03 01:59:42 #148 INFO] sample_ruptures  99% [101 submitted, 0 queued]
[2021-09-03 02:01:23 #148 INFO] sample_ruptures 100% [101 submitted, 0 queued]
[2021-09-03 02:01:23 #148 INFO] Mean time per core=25s, std=48.2s, min=0s, max=259s
[2021-09-03 02:01:23 #148 INFO] Received {'rup_array': '192.68 MB', 'calc_times': '22.2 KB', 'eff_ruptures': '4.2 KB'} in 260 seconds
[2021-09-03 02:01:23 #148 INFO] There are 200 realization(s)
[2021-09-03 02:01:23 #148 INFO] Reordering the ruptures and storing the events
[2021-09-03 02:01:24 #148 INFO] Associating event_id -> rlz_id for 2_763_702 events and 926_331 ruptures
[2021-09-03 02:01:55 #148 INFO] Sent 196 tasks, 99.13 MB in 28 seconds
[2021-09-03 02:02:01 #148 INFO] Mean time per core=5s, std=2.6s, min=0s, max=12s
[2021-09-03 02:02:01 #148 INFO] Received {'tot': '26.4 MB'} in 6 seconds
[2021-09-03 02:02:16 #148 WARNING] The calculation is really big; consider setting minimum_asset_loss
[2021-09-03 02:02:16 #148 INFO] minimum_intensity={'SA(0.3)': 0.02, 'SA(0.6)': 0.05, 'SA(1.0)': 0.05, 'SA(2.0)': 0.05, 'SA(0.5)': 0.05}
[2021-09-03 02:02:16 #148 INFO] Sending 926_331 ruptures
[2021-09-03 02:03:01 #148 INFO] Sent 196 tasks, 256.49 MB in 40 seconds
[2021-09-03 02:14:25 #148 INFO] start_ebrisk   1% [196 submitted, 0 queued]
[2021-09-03 02:25:27 #148 INFO] start_ebrisk   2% [196 submitted, 0 queued]
[2021-09-03 02:32:13 #148 INFO] start_ebrisk   3% [196 submitted, 0 queued]
[2021-09-03 02:51:25 #148 INFO] start_ebrisk   4% [196 submitted, 0 queued]
[2021-09-03 02:53:10 #148 INFO] start_ebrisk   5% [196 submitted, 0 queued]
[2021-09-03 02:54:05 #148 INFO] start_ebrisk   6% [196 submitted, 0 queued]
[2021-09-03 02:54:56 #148 INFO] start_ebrisk   7% [196 submitted, 0 queued]
[2021-09-03 02:55:42 #148 INFO] start_ebrisk   8% [196 submitted, 0 queued]
[2021-09-03 02:56:42 #148 INFO] start_ebrisk   9% [196 submitted, 0 queued]
[2021-09-03 02:57:20 #148 INFO] start_ebrisk  10% [196 submitted, 0 queued]
[2021-09-03 02:59:54 #148 INFO] start_ebrisk  11% [196 submitted, 0 queued]
[2021-09-03 03:00:17 #148 INFO] start_ebrisk  12% [196 submitted, 0 queued]
[2021-09-03 03:00:41 #148 INFO] start_ebrisk  13% [196 submitted, 0 queued]
[2021-09-03 03:00:56 #148 INFO] start_ebrisk  14% [196 submitted, 0 queued]
[2021-09-03 03:01:50 #148 INFO] start_ebrisk  15% [196 submitted, 0 queued]
[2021-09-03 03:02:16 #148 INFO] start_ebrisk  16% [196 submitted, 0 queued]
[2021-09-03 03:04:31 #148 INFO] start_ebrisk  17% [196 submitted, 0 queued]
[2021-09-03 03:05:46 #148 INFO] start_ebrisk  18% [196 submitted, 0 queued]
[2021-09-03 03:05:59 #148 INFO] start_ebrisk  19% [196 submitted, 0 queued]
[2021-09-03 03:06:30 #148 INFO] start_ebrisk  20% [196 submitted, 0 queued]
[2021-09-03 03:10:58 #148 INFO] start_ebrisk  21% [196 submitted, 0 queued]
[2021-09-03 03:20:10 #148 INFO] start_ebrisk  22% [196 submitted, 0 queued]
[2021-09-03 03:26:45 #148 INFO] start_ebrisk  23% [196 submitted, 0 queued]
[2021-09-03 03:27:51 #148 INFO] start_ebrisk  24% [196 submitted, 0 queued]
[2021-09-03 03:33:06 #148 INFO] start_ebrisk  25% [196 submitted, 0 queued]
[2021-09-03 03:33:39 #148 INFO] start_ebrisk  26% [196 submitted, 0 queued]
[2021-09-03 03:34:13 #148 INFO] start_ebrisk  27% [196 submitted, 0 queued]
[2021-09-03 03:35:26 #148 INFO] start_ebrisk  28% [196 submitted, 0 queued]
[2021-09-03 03:36:00 #148 INFO] start_ebrisk  29% [196 submitted, 0 queued]
[2021-09-03 03:36:10 #148 INFO] start_ebrisk  30% [196 submitted, 0 queued]
[2021-09-03 03:36:15 #148 INFO] start_ebrisk  31% [196 submitted, 0 queued]
[2021-09-03 03:37:20 #148 INFO] start_ebrisk  32% [196 submitted, 0 queued]
[2021-09-03 03:37:52 #148 INFO] start_ebrisk  33% [196 submitted, 0 queued]
[2021-09-03 03:38:16 #148 INFO] start_ebrisk  34% [196 submitted, 0 queued]
[2021-09-03 03:39:02 #148 INFO] start_ebrisk  35% [196 submitted, 0 queued]
[2021-09-03 03:39:29 #148 INFO] start_ebrisk  36% [196 submitted, 0 queued]
[2021-09-03 03:40:18 #148 INFO] start_ebrisk  37% [196 submitted, 0 queued]
[2021-09-03 03:40:30 #148 INFO] start_ebrisk  38% [196 submitted, 0 queued]
[2021-09-03 03:41:09 #148 INFO] start_ebrisk  39% [196 submitted, 0 queued]
[2021-09-03 03:41:15 #148 INFO] start_ebrisk  40% [196 submitted, 0 queued]
[2021-09-03 03:41:52 #148 INFO] start_ebrisk  41% [196 submitted, 0 queued]
[2021-09-03 03:43:43 #148 INFO] start_ebrisk  42% [196 submitted, 0 queued]
[2021-09-03 03:44:54 #148 INFO] start_ebrisk  43% [196 submitted, 0 queued]
[2021-09-03 03:49:19 #148 INFO] start_ebrisk  44% [196 submitted, 0 queued]
[2021-09-03 03:50:02 #148 INFO] start_ebrisk  45% [196 submitted, 0 queued]
[2021-09-03 03:51:05 #148 INFO] start_ebrisk  46% [196 submitted, 0 queued]
[2021-09-03 03:54:02 #148 INFO] start_ebrisk  47% [196 submitted, 0 queued]
[2021-09-03 03:54:21 #148 INFO] start_ebrisk  48% [196 submitted, 0 queued]
[2021-09-03 03:54:37 #148 INFO] start_ebrisk  49% [196 submitted, 0 queued]
[2021-09-03 03:54:56 #148 INFO] start_ebrisk  50% [196 submitted, 0 queued]
[2021-09-03 03:55:20 #148 INFO] start_ebrisk  51% [196 submitted, 0 queued]
[2021-09-03 03:58:28 #148 INFO] start_ebrisk  52% [196 submitted, 0 queued]
[2021-09-03 04:02:39 #148 INFO] start_ebrisk  53% [196 submitted, 0 queued]
[2021-09-03 04:04:29 #148 INFO] start_ebrisk  54% [196 submitted, 0 queued]
[2021-09-03 04:06:35 #148 INFO] start_ebrisk  55% [196 submitted, 0 queued]
[2021-09-03 04:08:09 #148 INFO] start_ebrisk  56% [196 submitted, 0 queued]
[2021-09-03 04:12:09 #148 INFO] start_ebrisk  57% [196 submitted, 0 queued]
[2021-09-03 04:16:10 #148 INFO] start_ebrisk  58% [196 submitted, 0 queued]
[2021-09-03 04:16:34 #148 INFO] start_ebrisk  59% [196 submitted, 0 queued]
[2021-09-03 04:19:57 #148 INFO] start_ebrisk  60% [196 submitted, 0 queued]
[2021-09-03 04:21:56 #148 INFO] start_ebrisk  61% [196 submitted, 0 queued]
[2021-09-03 04:24:50 #148 INFO] start_ebrisk  62% [196 submitted, 0 queued]
[2021-09-03 04:27:49 #148 INFO] start_ebrisk  63% [196 submitted, 0 queued]
[2021-09-03 04:28:56 #148 INFO] start_ebrisk  64% [196 submitted, 0 queued]
[2021-09-03 04:30:51 #148 INFO] start_ebrisk  65% [196 submitted, 0 queued]
[2021-09-03 04:31:28 #148 INFO] start_ebrisk  66% [196 submitted, 0 queued]
[2021-09-03 04:32:37 #148 INFO] start_ebrisk  67% [196 submitted, 0 queued]
[2021-09-03 04:33:56 #148 INFO] start_ebrisk  68% [196 submitted, 0 queued]
[2021-09-03 04:34:27 #148 INFO] start_ebrisk  69% [196 submitted, 0 queued]
[2021-09-03 04:35:12 #148 INFO] start_ebrisk  70% [196 submitted, 0 queued]
[2021-09-03 04:37:04 #148 INFO] start_ebrisk  71% [196 submitted, 0 queued]
[2021-09-03 04:37:56 #148 INFO] start_ebrisk  72% [196 submitted, 0 queued]
[2021-09-03 04:38:00 #148 INFO] start_ebrisk  73% [196 submitted, 0 queued]
[2021-09-03 04:39:05 #148 INFO] start_ebrisk  74% [196 submitted, 0 queued]
[2021-09-03 04:39:34 #148 INFO] start_ebrisk  75% [196 submitted, 0 queued]
[2021-09-03 04:41:23 #148 INFO] start_ebrisk  76% [196 submitted, 0 queued]
[2021-09-03 04:45:26 #148 INFO] start_ebrisk  77% [196 submitted, 0 queued]
[2021-09-03 04:48:33 #148 INFO] start_ebrisk  78% [196 submitted, 0 queued]
[2021-09-03 04:51:46 #148 INFO] start_ebrisk  79% [196 submitted, 0 queued]
[2021-09-03 04:52:50 #148 INFO] start_ebrisk  80% [196 submitted, 0 queued]
[2021-09-03 04:54:48 #148 INFO] start_ebrisk  81% [196 submitted, 0 queued]
[2021-09-03 04:55:34 #148 INFO] start_ebrisk  82% [196 submitted, 0 queued]
[2021-09-03 04:56:32 #148 INFO] start_ebrisk  83% [196 submitted, 0 queued]
[2021-09-03 04:56:44 #148 INFO] start_ebrisk  84% [196 submitted, 0 queued]
[2021-09-03 04:57:31 #148 INFO] start_ebrisk  85% [196 submitted, 0 queued]
[2021-09-03 04:58:17 #148 INFO] start_ebrisk  86% [196 submitted, 0 queued]
[2021-09-03 04:59:09 #148 INFO] start_ebrisk  87% [196 submitted, 0 queued]
[2021-09-03 05:02:56 #148 INFO] start_ebrisk  88% [196 submitted, 0 queued]
[2021-09-03 05:04:05 #148 INFO] start_ebrisk  89% [196 submitted, 0 queued]
[2021-09-03 05:11:20 #148 INFO] start_ebrisk  90% [196 submitted, 0 queued]
[2021-09-03 05:13:51 #148 INFO] start_ebrisk  91% [196 submitted, 0 queued]
[2021-09-03 05:16:46 #148 INFO] start_ebrisk  92% [196 submitted, 0 queued]
[2021-09-03 05:21:51 #148 INFO] start_ebrisk  93% [196 submitted, 0 queued]
[2021-09-03 05:25:38 #148 INFO] start_ebrisk  94% [196 submitted, 0 queued]
[2021-09-03 05:28:14 #148 INFO] start_ebrisk  95% [196 submitted, 0 queued]
[2021-09-03 05:31:40 #148 INFO] start_ebrisk  96% [196 submitted, 0 queued]
[2021-09-03 05:34:08 #148 INFO] start_ebrisk  97% [196 submitted, 0 queued]
[2021-09-03 05:37:13 #148 INFO] start_ebrisk  98% [196 submitted, 0 queued]
[2021-09-03 05:49:31 #148 INFO] start_ebrisk  99% [196 submitted, 0 queued]
[2021-09-03 05:50:20 #148 INFO] start_ebrisk 100% [196 submitted, 0 queued]
[2021-09-03 05:50:20 #148 INFO] Mean time per core=9822s, std=1654.2s, min=6867s, max=13672s
[2021-09-03 05:50:20 #148 INFO] Received {'alt': '5.07 GB', 'losses_by_A': '240.84 MB', 'momenta': '60.75 MB', 'gmf_info': '9.15 MB', 'events_per_sid': '4.02 KB'} in 13639 seconds
[2021-09-03 05:50:20 #148 INFO] Produced 16.07 GB of GMFs
[2021-09-03 05:50:20 #148 INFO] Stored 5.07 GB in the agg_loss_table
[2021-09-03 05:50:20 #148 INFO] Building the src_loss_table
[2021-09-03 05:51:27 #148 INFO] Sending 85.07 MB of losses
[2021-09-03 05:51:29 #148 INFO] Sending 123.61 MB of losses
[2021-09-03 05:51:31 #148 INFO] Sending 118.93 MB of losses
[2021-09-03 05:51:33 #148 INFO] Sending 102.47 MB of losses
[2021-09-03 05:51:35 #148 INFO] Sending 121.61 MB of losses
[2021-09-03 05:51:37 #148 INFO] Sending 117.13 MB of losses
[2021-09-03 05:51:39 #148 INFO] Sending 138.62 MB of losses
[2021-09-03 05:51:41 #148 INFO] Sending 81.49 MB of losses
[2021-09-03 05:51:43 #148 INFO] Sending 69.6 MB of losses
[2021-09-03 05:51:45 #148 INFO] Sending 50.18 MB of losses
[2021-09-03 05:51:47 #148 INFO] Sending 87.46 MB of losses
[2021-09-03 05:51:49 #148 INFO] Sending 89.44 MB of losses
[2021-09-03 05:51:51 #148 INFO] Sending 58.74 MB of losses
[2021-09-03 05:51:53 #148 INFO] Sending 40.28 MB of losses
[2021-09-03 05:51:55 #148 INFO] Sending 40.93 MB of losses
[2021-09-03 05:51:57 #148 INFO] Sending 32.92 MB of losses
[2021-09-03 05:51:59 #148 INFO] Sending 32.2 MB of losses
[2021-09-03 05:52:01 #148 INFO] Sending 27.9 MB of losses
[2021-09-03 05:52:03 #148 INFO] Sending 35.97 MB of losses
[2021-09-03 05:52:04 #148 INFO] Sending 47.83 MB of losses
[2021-09-03 05:52:06 #148 INFO] Sending 42.54 MB of losses
[2021-09-03 05:52:08 #148 INFO] Sending 33.1 MB of losses
[2021-09-03 05:52:10 #148 INFO] Sending 34.12 MB of losses
[2021-09-03 05:52:12 #148 INFO] Sending 50.11 MB of losses
[2021-09-03 05:52:14 #148 INFO] Sending 48.12 MB of losses
[2021-09-03 05:52:16 #148 INFO] Sending 51.26 MB of losses
[2021-09-03 05:52:18 #148 INFO] Sending 59.18 MB of losses
[2021-09-03 05:52:20 #148 INFO] Sending 70.32 MB of losses
[2021-09-03 05:52:22 #148 INFO] Sending 74.13 MB of losses
[2021-09-03 05:52:24 #148 INFO] Sending 45.92 MB of losses
[2021-09-03 05:52:26 #148 INFO] Sending 47.68 MB of losses
[2021-09-03 05:52:28 #148 INFO] Sending 45.54 MB of losses
[2021-09-03 05:52:29 #148 INFO] Sending 76.23 MB of losses
[2021-09-03 05:52:31 #148 INFO] Sending 96.58 MB of losses
[2021-09-03 05:52:34 #148 INFO] Sending 53.53 MB of losses
[2021-09-03 05:52:36 #148 INFO] Sending 105.38 MB of losses
[2021-09-03 05:52:38 #148 INFO] Sending 100.3 MB of losses
[2021-09-03 05:52:40 #148 INFO] Sending 57.66 MB of losses
[2021-09-03 05:52:41 #148 INFO] Sending 74.05 MB of losses
[2021-09-03 05:52:43 #148 INFO] Sending 47.48 MB of losses
[2021-09-03 05:52:45 #148 INFO] Sending 61.3 MB of losses
[2021-09-03 05:52:47 #148 INFO] Sending 57.31 MB of losses
[2021-09-03 05:52:49 #148 INFO] Sending 40.31 MB of losses
[2021-09-03 05:52:51 #148 INFO] Sending 63.9 MB of losses
[2021-09-03 05:52:53 #148 INFO] Sending 49.74 MB of losses
[2021-09-03 05:52:55 #148 INFO] Sending 63.51 MB of losses
[2021-09-03 05:52:57 #148 INFO] Sending 58.76 MB of losses
[2021-09-03 05:52:59 #148 INFO] Sending 57.26 MB of losses
[2021-09-03 05:53:01 #148 INFO] Sending 51.44 MB of losses
[2021-09-03 05:53:03 #148 INFO] Sending 68.92 MB of losses
[2021-09-03 05:53:05 #148 INFO] Sending 66.33 MB of losses
[2021-09-03 05:53:07 #148 INFO] Sending 47.74 MB of losses
[2021-09-03 05:53:09 #148 INFO] Sent 53 tasks, 3.4 GB in 102 seconds
[2021-09-03 05:53:14 #148 INFO] post_risk   1% [53 submitted, 0 queued]
[2021-09-03 05:53:14 #148 INFO] post_risk   3% [53 submitted, 0 queued]
[2021-09-03 05:53:14 #148 INFO] post_risk   5% [53 submitted, 0 queued]
[2021-09-03 05:53:14 #148 INFO] post_risk   7% [53 submitted, 0 queued]
[2021-09-03 05:53:14 #148 INFO] post_risk   9% [53 submitted, 0 queued]
[2021-09-03 05:53:14 #148 INFO] post_risk  11% [53 submitted, 0 queued]
[2021-09-03 05:53:14 #148 INFO] post_risk  13% [53 submitted, 0 queued]
[2021-09-03 05:53:14 #148 INFO] post_risk  15% [53 submitted, 0 queued]
[2021-09-03 05:53:14 #148 INFO] post_risk  16% [53 submitted, 0 queued]
[2021-09-03 05:53:14 #148 INFO] post_risk  18% [53 submitted, 0 queued]
[2021-09-03 05:53:14 #148 INFO] post_risk  20% [53 submitted, 0 queued]
[2021-09-03 05:53:14 #148 INFO] post_risk  22% [53 submitted, 0 queued]
[2021-09-03 05:53:14 #148 INFO] post_risk  24% [53 submitted, 0 queued]
[2021-09-03 05:53:14 #148 INFO] post_risk  26% [53 submitted, 0 queued]
[2021-09-03 05:53:14 #148 INFO] post_risk  28% [53 submitted, 0 queued]
[2021-09-03 05:53:14 #148 INFO] post_risk  30% [53 submitted, 0 queued]
[2021-09-03 05:53:14 #148 INFO] post_risk  32% [53 submitted, 0 queued]
[2021-09-03 05:53:14 #148 INFO] post_risk  33% [53 submitted, 0 queued]
[2021-09-03 05:53:14 #148 INFO] post_risk  35% [53 submitted, 0 queued]
[2021-09-03 05:53:14 #148 INFO] post_risk  37% [53 submitted, 0 queued]
[2021-09-03 05:53:14 #148 INFO] post_risk  39% [53 submitted, 0 queued]
[2021-09-03 05:53:14 #148 INFO] post_risk  41% [53 submitted, 0 queued]
[2021-09-03 05:53:14 #148 INFO] post_risk  43% [53 submitted, 0 queued]
[2021-09-03 05:53:14 #148 INFO] post_risk  45% [53 submitted, 0 queued]
[2021-09-03 05:53:14 #148 INFO] post_risk  47% [53 submitted, 0 queued]
[2021-09-03 05:53:14 #148 INFO] post_risk  49% [53 submitted, 0 queued]
[2021-09-03 05:53:14 #148 INFO] post_risk  50% [53 submitted, 0 queued]
[2021-09-03 05:53:14 #148 INFO] post_risk  52% [53 submitted, 0 queued]
[2021-09-03 05:53:14 #148 INFO] post_risk  54% [53 submitted, 0 queued]
[2021-09-03 05:53:14 #148 INFO] post_risk  56% [53 submitted, 0 queued]
[2021-09-03 05:53:14 #148 INFO] post_risk  58% [53 submitted, 0 queued]
[2021-09-03 05:53:14 #148 INFO] post_risk  60% [53 submitted, 0 queued]
[2021-09-03 05:53:14 #148 INFO] post_risk  62% [53 submitted, 0 queued]
[2021-09-03 05:53:14 #148 INFO] post_risk  64% [53 submitted, 0 queued]
[2021-09-03 05:53:14 #148 INFO] post_risk  66% [53 submitted, 0 queued]
[2021-09-03 05:53:14 #148 INFO] post_risk  67% [53 submitted, 0 queued]
[2021-09-03 05:53:14 #148 INFO] post_risk  69% [53 submitted, 0 queued]
[2021-09-03 05:53:14 #148 INFO] post_risk  71% [53 submitted, 0 queued]
[2021-09-03 05:53:14 #148 INFO] post_risk  73% [53 submitted, 0 queued]
[2021-09-03 05:53:14 #148 INFO] post_risk  75% [53 submitted, 0 queued]
[2021-09-03 05:53:14 #148 INFO] post_risk  77% [53 submitted, 0 queued]
[2021-09-03 05:53:14 #148 INFO] post_risk  79% [53 submitted, 0 queued]
[2021-09-03 05:53:14 #148 INFO] post_risk  81% [53 submitted, 0 queued]
[2021-09-03 05:53:14 #148 INFO] post_risk  83% [53 submitted, 0 queued]
[2021-09-03 05:53:14 #148 INFO] post_risk  84% [53 submitted, 0 queued]
[2021-09-03 05:53:15 #148 INFO] post_risk  86% [53 submitted, 0 queued]
[2021-09-03 05:53:15 #148 INFO] post_risk  88% [53 submitted, 0 queued]
[2021-09-03 05:53:15 #148 INFO] post_risk  90% [53 submitted, 0 queued]
[2021-09-03 05:53:15 #148 INFO] post_risk  92% [53 submitted, 0 queued]
[2021-09-03 05:53:15 #148 INFO] post_risk  94% [53 submitted, 0 queued]
[2021-09-03 05:53:15 #148 INFO] post_risk  96% [53 submitted, 0 queued]
[2021-09-03 05:53:15 #148 INFO] post_risk  98% [53 submitted, 0 queued]
[2021-09-03 05:53:15 #148 INFO] post_risk 100% [53 submitted, 0 queued]
[2021-09-03 05:53:15 #148 INFO] Mean time per core=3s, std=0.3s, min=2s, max=3s
[2021-09-03 05:53:15 #148 INFO] Received {'tot': '93.32 MB'} in 6 seconds
[2021-09-03 05:54:23 #148 INFO] Total portfolio loss
==== ============== ============== ========= ==============
loss contents       nonstructural  occupants structural    
==== ============== ============== ========= ==============
avg  14_509_994_196 62_230_736_246 1_563     91_515_811_406
==== ============== ============== ========= ==============
[2021-09-03 05:54:23 #148 INFO] Sanity check on agg_losses
[2021-09-03 05:54:25 #148 INFO] Exposing the outputs to the database
[2021-09-03 05:54:25 #148 INFO] Stored 5.42 GB on /root/oqdata/calc_148.hdf5 in 14392 seconds
/home/ssm-user/src/oq-engine/openquake/hazardlib/gsim/base.py:347: ExperimentalWarning: CanadaSHM6_ActiveCrust_BooreEtAl2014 is experimental and may change in future versions - the user is liable for their application
  warnings.warn(msg, ExperimentalWarning)
/home/ssm-user/src/oq-engine/openquake/hazardlib/gsim/base.py:347: ExperimentalWarning: CanadaSHM6_ActiveCrust_BooreEtAl2014 is experimental and may change in future versions - the user is liable for their application
  warnings.warn(msg, ExperimentalWarning)
/home/ssm-user/src/oq-engine/openquake/hazardlib/gsim/base.py:347: ExperimentalWarning: CanadaSHM6_ActiveCrust_BooreEtAl2014 is experimental and may change in future versions - the user is liable for their application
  warnings.warn(msg, ExperimentalWarning)
/home/ssm-user/src/oq-engine/openquake/hazardlib/gsim/base.py:347: ExperimentalWarning: CanadaSHM6_ActiveCrust_BooreEtAl2014 is experimental and may change in future versions - the user is liable for their application
  warnings.warn(msg, ExperimentalWarning)
/home/ssm-user/src/oq-engine/openquake/hazardlib/gsim/base.py:347: ExperimentalWarning: CanadaSHM6_ActiveCrust_BooreEtAl2014 is experimental and may change in future versions - the user is liable for their application
  warnings.warn(msg, ExperimentalWarning)
/home/ssm-user/src/oq-engine/openquake/hazardlib/gsim/base.py:347: ExperimentalWarning: CanadaSHM6_ActiveCrust_BooreEtAl2014 is experimental and may change in future versions - the user is liable for their application
  warnings.warn(msg, ExperimentalWarning)
/home/ssm-user/src/oq-engine/openquake/hazardlib/gsim/base.py:347: ExperimentalWarning: CanadaSHM6_ActiveCrust_BooreEtAl2014 is experimental and may change in future versions - the user is liable for their application
  warnings.warn(msg, ExperimentalWarning)
/home/ssm-user/src/oq-engine/openquake/hazardlib/gsim/base.py:347: ExperimentalWarning: CanadaSHM6_ActiveCrust_BooreEtAl2014 is experimental and may change in future versions - the user is liable for their application
  warnings.warn(msg, ExperimentalWarning)
/home/ssm-user/src/oq-engine/openquake/hazardlib/gsim/base.py:347: ExperimentalWarning: CanadaSHM6_ActiveCrust_BooreEtAl2014 is experimental and may change in future versions - the user is liable for their application
  warnings.warn(msg, ExperimentalWarning)
/home/ssm-user/src/oq-engine/openquake/hazardlib/gsim/base.py:347: ExperimentalWarning: CanadaSHM6_ActiveCrust_BooreEtAl2014 is experimental and may change in future versions - the user is liable for their application
  warnings.warn(msg, ExperimentalWarning)
/home/ssm-user/src/oq-engine/openquake/hazardlib/gsim/base.py:347: ExperimentalWarning: CanadaSHM6_ActiveCrust_BooreEtAl2014 is experimental and may change in future versions - the user is liable for their application
  warnings.warn(msg, ExperimentalWarning)
/home/ssm-user/src/oq-engine/openquake/hazardlib/gsim/base.py:347: ExperimentalWarning: CanadaSHM6_ActiveCrust_BooreEtAl2014 is experimental and may change in future versions - the user is liable for their application
  warnings.warn(msg, ExperimentalWarning)
/home/ssm-user/src/oq-engine/openquake/hazardlib/gsim/base.py:347: ExperimentalWarning: CanadaSHM6_ActiveCrust_BooreEtAl2014 is experimental and may change in future versions - the user is liable for their application
  warnings.warn(msg, ExperimentalWarning)
/home/ssm-user/src/oq-engine/openquake/hazardlib/gsim/base.py:347: ExperimentalWarning: CanadaSHM6_ActiveCrust_BooreEtAl2014 is experimental and may change in future versions - the user is liable for their application
  warnings.warn(msg, ExperimentalWarning)
/home/ssm-user/src/oq-engine/openquake/hazardlib/gsim/base.py:347: ExperimentalWarning: CanadaSHM6_ActiveCrust_BooreEtAl2014 is experimental and may change in future versions - the user is liable for their application
  warnings.warn(msg, ExperimentalWarning)
/home/ssm-user/src/oq-engine/openquake/hazardlib/gsim/base.py:347: ExperimentalWarning: CanadaSHM6_ActiveCrust_BooreEtAl2014 is experimental and may change in future versions - the user is liable for their application
  warnings.warn(msg, ExperimentalWarning)
/home/ssm-user/src/oq-engine/openquake/hazardlib/gsim/base.py:347: ExperimentalWarning: CanadaSHM6_ActiveCrust_BooreEtAl2014 is experimental and may change in future versions - the user is liable for their application
  warnings.warn(msg, ExperimentalWarning)
/home/ssm-user/src/oq-engine/openquake/hazardlib/gsim/base.py:347: ExperimentalWarning: CanadaSHM6_ActiveCrust_BooreEtAl2014 is experimental and may change in future versions - the user is liable for their application
  warnings.warn(msg, ExperimentalWarning)
/home/ssm-user/src/oq-engine/openquake/hazardlib/gsim/base.py:347: ExperimentalWarning: CanadaSHM6_ActiveCrust_BooreEtAl2014 is experimental and may change in future versions - the user is liable for their application
  warnings.warn(msg, ExperimentalWarning)
/home/ssm-user/src/oq-engine/openquake/hazardlib/gsim/base.py:347: ExperimentalWarning: CanadaSHM6_ActiveCrust_BooreEtAl2014 is experimental and may change in future versions - the user is liable for their application
  warnings.warn(msg, ExperimentalWarning)
/home/ssm-user/src/oq-engine/openquake/hazardlib/gsim/base.py:347: ExperimentalWarning: CanadaSHM6_ActiveCrust_BooreEtAl2014 is experimental and may change in future versions - the user is liable for their application
  warnings.warn(msg, ExperimentalWarning)
/home/ssm-user/src/oq-engine/openquake/hazardlib/gsim/base.py:347: ExperimentalWarning: CanadaSHM6_ActiveCrust_BooreEtAl2014 is experimental and may change in future versions - the user is liable for their application
  warnings.warn(msg, ExperimentalWarning)
/home/ssm-user/src/oq-engine/openquake/hazardlib/gsim/base.py:347: ExperimentalWarning: CanadaSHM6_ActiveCrust_BooreEtAl2014 is experimental and may change in future versions - the user is liable for their application
  warnings.warn(msg, ExperimentalWarning)
/home/ssm-user/src/oq-engine/openquake/hazardlib/gsim/base.py:347: ExperimentalWarning: CanadaSHM6_ActiveCrust_BooreEtAl2014 is experimental and may change in future versions - the user is liable for their application
  warnings.warn(msg, ExperimentalWarning)
/home/ssm-user/src/oq-engine/openquake/hazardlib/gsim/base.py:347: ExperimentalWarning: CanadaSHM6_ActiveCrust_BooreEtAl2014 is experimental and may change in future versions - the user is liable for their application
  warnings.warn(msg, ExperimentalWarning)
/home/ssm-user/src/oq-engine/openquake/hazardlib/gsim/base.py:347: ExperimentalWarning: CanadaSHM6_ActiveCrust_BooreEtAl2014 is experimental and may change in future versions - the user is liable for their application
  warnings.warn(msg, ExperimentalWarning)
/home/ssm-user/src/oq-engine/openquake/hazardlib/gsim/base.py:347: ExperimentalWarning: CanadaSHM6_ActiveCrust_BooreEtAl2014 is experimental and may change in future versions - the user is liable for their application
  warnings.warn(msg, ExperimentalWarning)
/home/ssm-user/src/oq-engine/openquake/hazardlib/gsim/base.py:347: ExperimentalWarning: CanadaSHM6_ActiveCrust_BooreEtAl2014 is experimental and may change in future versions - the user is liable for their application
  warnings.warn(msg, ExperimentalWarning)
/home/ssm-user/src/oq-engine/openquake/hazardlib/gsim/base.py:347: ExperimentalWarning: CanadaSHM6_ActiveCrust_BooreEtAl2014 is experimental and may change in future versions - the user is liable for their application
  warnings.warn(msg, ExperimentalWarning)
/home/ssm-user/src/oq-engine/openquake/hazardlib/gsim/base.py:347: ExperimentalWarning: CanadaSHM6_ActiveCrust_BooreEtAl2014 is experimental and may change in future versions - the user is liable for their application
  warnings.warn(msg, ExperimentalWarning)
/home/ssm-user/src/oq-engine/openquake/hazardlib/gsim/base.py:347: ExperimentalWarning: CanadaSHM6_ActiveCrust_BooreEtAl2014 is experimental and may change in future versions - the user is liable for their application
  warnings.warn(msg, ExperimentalWarning)
/home/ssm-user/src/oq-engine/openquake/hazardlib/gsim/base.py:347: ExperimentalWarning: CanadaSHM6_ActiveCrust_BooreEtAl2014 is experimental and may change in future versions - the user is liable for their application
  warnings.warn(msg, ExperimentalWarning)
/home/ssm-user/src/oq-engine/openquake/hazardlib/gsim/base.py:347: ExperimentalWarning: CanadaSHM6_ActiveCrust_BooreEtAl2014 is experimental and may change in future versions - the user is liable for their application
  warnings.warn(msg, ExperimentalWarning)
/home/ssm-user/src/oq-engine/openquake/hazardlib/gsim/base.py:347: ExperimentalWarning: CanadaSHM6_ActiveCrust_BooreEtAl2014 is experimental and may change in future versions - the user is liable for their application
  warnings.warn(msg, ExperimentalWarning)
/home/ssm-user/src/oq-engine/openquake/hazardlib/gsim/base.py:347: ExperimentalWarning: CanadaSHM6_ActiveCrust_BooreEtAl2014 is experimental and may change in future versions - the user is liable for their application
  warnings.warn(msg, ExperimentalWarning)
/home/ssm-user/src/oq-engine/openquake/hazardlib/gsim/base.py:347: ExperimentalWarning: CanadaSHM6_ActiveCrust_BooreEtAl2014 is experimental and may change in future versions - the user is liable for their application
  warnings.warn(msg, ExperimentalWarning)
/home/ssm-user/src/oq-engine/openquake/hazardlib/gsim/base.py:347: ExperimentalWarning: CanadaSHM6_ActiveCrust_BooreEtAl2014 is experimental and may change in future versions - the user is liable for their application
  warnings.warn(msg, ExperimentalWarning)
/home/ssm-user/src/oq-engine/openquake/hazardlib/gsim/base.py:347: ExperimentalWarning: CanadaSHM6_ActiveCrust_BooreEtAl2014 is experimental and may change in future versions - the user is liable for their application
  warnings.warn(msg, ExperimentalWarning)
/home/ssm-user/src/oq-engine/openquake/hazardlib/gsim/base.py:347: ExperimentalWarning: CanadaSHM6_ActiveCrust_BooreEtAl2014 is experimental and may change in future versions - the user is liable for their application
  warnings.warn(msg, ExperimentalWarning)
/home/ssm-user/src/oq-engine/openquake/hazardlib/gsim/base.py:347: ExperimentalWarning: CanadaSHM6_ActiveCrust_BooreEtAl2014 is experimental and may change in future versions - the user is liable for their application
  warnings.warn(msg, ExperimentalWarning)
/home/ssm-user/src/oq-engine/openquake/hazardlib/gsim/base.py:347: ExperimentalWarning: CanadaSHM6_ActiveCrust_BooreEtAl2014 is experimental and may change in future versions - the user is liable for their application
  warnings.warn(msg, ExperimentalWarning)
/home/ssm-user/src/oq-engine/openquake/hazardlib/gsim/base.py:347: ExperimentalWarning: CanadaSHM6_ActiveCrust_BooreEtAl2014 is experimental and may change in future versions - the user is liable for their application
  warnings.warn(msg, ExperimentalWarning)
/home/ssm-user/src/oq-engine/openquake/hazardlib/gsim/base.py:347: ExperimentalWarning: CanadaSHM6_ActiveCrust_BooreEtAl2014 is experimental and may change in future versions - the user is liable for their application
  warnings.warn(msg, ExperimentalWarning)
/home/ssm-user/src/oq-engine/openquake/hazardlib/gsim/base.py:347: ExperimentalWarning: CanadaSHM6_ActiveCrust_BooreEtAl2014 is experimental and may change in future versions - the user is liable for their application
  warnings.warn(msg, ExperimentalWarning)
/home/ssm-user/src/oq-engine/openquake/hazardlib/gsim/base.py:347: ExperimentalWarning: CanadaSHM6_ActiveCrust_BooreEtAl2014 is experimental and may change in future versions - the user is liable for their application
  warnings.warn(msg, ExperimentalWarning)
/home/ssm-user/src/oq-engine/openquake/hazardlib/gsim/base.py:347: ExperimentalWarning: CanadaSHM6_ActiveCrust_BooreEtAl2014 is experimental and may change in future versions - the user is liable for their application
  warnings.warn(msg, ExperimentalWarning)
/home/ssm-user/src/oq-engine/openquake/hazardlib/gsim/base.py:347: ExperimentalWarning: CanadaSHM6_ActiveCrust_BooreEtAl2014 is experimental and may change in future versions - the user is liable for their application
  warnings.warn(msg, ExperimentalWarning)
/home/ssm-user/src/oq-engine/openquake/hazardlib/gsim/base.py:347: ExperimentalWarning: CanadaSHM6_ActiveCrust_BooreEtAl2014 is experimental and may change in future versions - the user is liable for their application
  warnings.warn(msg, ExperimentalWarning)
/home/ssm-user/src/oq-engine/openquake/hazardlib/gsim/base.py:347: ExperimentalWarning: CanadaSHM6_ActiveCrust_BooreEtAl2014 is experimental and may change in future versions - the user is liable for their application
  warnings.warn(msg, ExperimentalWarning)
/home/ssm-user/src/oq-engine/openquake/hazardlib/gsim/base.py:347: ExperimentalWarning: CanadaSHM6_ActiveCrust_BooreEtAl2014 is experimental and may change in future versions - the user is liable for their application
  warnings.warn(msg, ExperimentalWarning)
/home/ssm-user/src/oq-engine/openquake/hazardlib/gsim/base.py:347: ExperimentalWarning: CanadaSHM6_ActiveCrust_BooreEtAl2014 is experimental and may change in future versions - the user is liable for their application
  warnings.warn(msg, ExperimentalWarning)
/home/ssm-user/src/oq-engine/openquake/hazardlib/gsim/base.py:347: ExperimentalWarning: CanadaSHM6_ActiveCrust_BooreEtAl2014 is experimental and may change in future versions - the user is liable for their application
  warnings.warn(msg, ExperimentalWarning)
/home/ssm-user/src/oq-engine/openquake/hazardlib/gsim/base.py:347: ExperimentalWarning: CanadaSHM6_ActiveCrust_BooreEtAl2014 is experimental and may change in future versions - the user is liable for their application
  warnings.warn(msg, ExperimentalWarning)
/home/ssm-user/src/oq-engine/openquake/hazardlib/gsim/base.py:347: ExperimentalWarning: CanadaSHM6_ActiveCrust_BooreEtAl2014 is experimental and may change in future versions - the user is liable for their application
  warnings.warn(msg, ExperimentalWarning)
/home/ssm-user/src/oq-engine/openquake/hazardlib/gsim/base.py:347: ExperimentalWarning: CanadaSHM6_ActiveCrust_BooreEtAl2014 is experimental and may change in future versions - the user is liable for their application
  warnings.warn(msg, ExperimentalWarning)
/home/ssm-user/src/oq-engine/openquake/hazardlib/gsim/base.py:347: ExperimentalWarning: CanadaSHM6_ActiveCrust_BooreEtAl2014 is experimental and may change in future versions - the user is liable for their application
  warnings.warn(msg, ExperimentalWarning)
/home/ssm-user/src/oq-engine/openquake/hazardlib/gsim/base.py:347: ExperimentalWarning: CanadaSHM6_ActiveCrust_BooreEtAl2014 is experimental and may change in future versions - the user is liable for their application
  warnings.warn(msg, ExperimentalWarning)
/home/ssm-user/src/oq-engine/openquake/hazardlib/gsim/base.py:347: ExperimentalWarning: CanadaSHM6_ActiveCrust_BooreEtAl2014 is experimental and may change in future versions - the user is liable for their application
  warnings.warn(msg, ExperimentalWarning)
/home/ssm-user/src/oq-engine/openquake/hazardlib/gsim/base.py:347: ExperimentalWarning: CanadaSHM6_ActiveCrust_BooreEtAl2014 is experimental and may change in future versions - the user is liable for their application
  warnings.warn(msg, ExperimentalWarning)
/home/ssm-user/src/oq-engine/openquake/hazardlib/gsim/base.py:347: ExperimentalWarning: CanadaSHM6_ActiveCrust_BooreEtAl2014 is experimental and may change in future versions - the user is liable for their application
  warnings.warn(msg, ExperimentalWarning)
/home/ssm-user/src/oq-engine/openquake/hazardlib/gsim/base.py:347: ExperimentalWarning: CanadaSHM6_ActiveCrust_BooreEtAl2014 is experimental and may change in future versions - the user is liable for their application
  warnings.warn(msg, ExperimentalWarning)
/home/ssm-user/src/oq-engine/openquake/hazardlib/gsim/base.py:347: ExperimentalWarning: CanadaSHM6_ActiveCrust_BooreEtAl2014 is experimental and may change in future versions - the user is liable for their application
  warnings.warn(msg, ExperimentalWarning)
/home/ssm-user/src/oq-engine/openquake/hazardlib/gsim/base.py:347: ExperimentalWarning: CanadaSHM6_ActiveCrust_BooreEtAl2014 is experimental and may change in future versions - the user is liable for their application
  warnings.warn(msg, ExperimentalWarning)
/home/ssm-user/src/oq-engine/openquake/hazardlib/gsim/base.py:347: ExperimentalWarning: CanadaSHM6_ActiveCrust_BooreEtAl2014 is experimental and may change in future versions - the user is liable for their application
  warnings.warn(msg, ExperimentalWarning)
/home/ssm-user/src/oq-engine/openquake/hazardlib/gsim/base.py:347: ExperimentalWarning: CanadaSHM6_ActiveCrust_BooreEtAl2014 is experimental and may change in future versions - the user is liable for their application
  warnings.warn(msg, ExperimentalWarning)
/home/ssm-user/src/oq-engine/openquake/hazardlib/gsim/base.py:347: ExperimentalWarning: CanadaSHM6_ActiveCrust_BooreEtAl2014 is experimental and may change in future versions - the user is liable for their application
  warnings.warn(msg, ExperimentalWarning)
/home/ssm-user/src/oq-engine/openquake/hazardlib/gsim/base.py:347: ExperimentalWarning: CanadaSHM6_ActiveCrust_BooreEtAl2014 is experimental and may change in future versions - the user is liable for their application
  warnings.warn(msg, ExperimentalWarning)
/home/ssm-user/src/oq-engine/openquake/hazardlib/gsim/base.py:347: ExperimentalWarning: CanadaSHM6_ActiveCrust_BooreEtAl2014 is experimental and may change in future versions - the user is liable for their application
  warnings.warn(msg, ExperimentalWarning)
/home/ssm-user/src/oq-engine/openquake/hazardlib/gsim/base.py:347: ExperimentalWarning: CanadaSHM6_ActiveCrust_BooreEtAl2014 is experimental and may change in future versions - the user is liable for their application
  warnings.warn(msg, ExperimentalWarning)
/home/ssm-user/src/oq-engine/openquake/hazardlib/gsim/base.py:347: ExperimentalWarning: CanadaSHM6_ActiveCrust_BooreEtAl2014 is experimental and may change in future versions - the user is liable for their application
  warnings.warn(msg, ExperimentalWarning)
/home/ssm-user/src/oq-engine/openquake/hazardlib/gsim/base.py:347: ExperimentalWarning: CanadaSHM6_ActiveCrust_BooreEtAl2014 is experimental and may change in future versions - the user is liable for their application
  warnings.warn(msg, ExperimentalWarning)
/home/ssm-user/src/oq-engine/openquake/hazardlib/gsim/base.py:347: ExperimentalWarning: CanadaSHM6_ActiveCrust_BooreEtAl2014 is experimental and may change in future versions - the user is liable for their application
  warnings.warn(msg, ExperimentalWarning)
/home/ssm-user/src/oq-engine/openquake/hazardlib/gsim/base.py:347: ExperimentalWarning: CanadaSHM6_ActiveCrust_BooreEtAl2014 is experimental and may change in future versions - the user is liable for their application
  warnings.warn(msg, ExperimentalWarning)
/home/ssm-user/src/oq-engine/openquake/hazardlib/gsim/base.py:347: ExperimentalWarning: CanadaSHM6_ActiveCrust_BooreEtAl2014 is experimental and may change in future versions - the user is liable for their application
  warnings.warn(msg, ExperimentalWarning)
/home/ssm-user/src/oq-engine/openquake/hazardlib/gsim/base.py:347: ExperimentalWarning: CanadaSHM6_ActiveCrust_BooreEtAl2014 is experimental and may change in future versions - the user is liable for their application
  warnings.warn(msg, ExperimentalWarning)
/home/ssm-user/src/oq-engine/openquake/hazardlib/gsim/base.py:347: ExperimentalWarning: CanadaSHM6_ActiveCrust_BooreEtAl2014 is experimental and may change in future versions - the user is liable for their application
  warnings.warn(msg, ExperimentalWarning)
/home/ssm-user/src/oq-engine/openquake/hazardlib/gsim/base.py:347: ExperimentalWarning: CanadaSHM6_ActiveCrust_BooreEtAl2014 is experimental and may change in future versions - the user is liable for their application
  warnings.warn(msg, ExperimentalWarning)
/home/ssm-user/src/oq-engine/openquake/hazardlib/gsim/base.py:347: ExperimentalWarning: CanadaSHM6_ActiveCrust_BooreEtAl2014 is experimental and may change in future versions - the user is liable for their application
  warnings.warn(msg, ExperimentalWarning)
/home/ssm-user/src/oq-engine/openquake/hazardlib/gsim/base.py:347: ExperimentalWarning: CanadaSHM6_ActiveCrust_BooreEtAl2014 is experimental and may change in future versions - the user is liable for their application
  warnings.warn(msg, ExperimentalWarning)
/home/ssm-user/src/oq-engine/openquake/hazardlib/gsim/base.py:347: ExperimentalWarning: CanadaSHM6_ActiveCrust_BooreEtAl2014 is experimental and may change in future versions - the user is liable for their application
  warnings.warn(msg, ExperimentalWarning)
/home/ssm-user/src/oq-engine/openquake/hazardlib/gsim/base.py:347: ExperimentalWarning: CanadaSHM6_ActiveCrust_BooreEtAl2014 is experimental and may change in future versions - the user is liable for their application
  warnings.warn(msg, ExperimentalWarning)
/home/ssm-user/src/oq-engine/openquake/hazardlib/gsim/base.py:347: ExperimentalWarning: CanadaSHM6_ActiveCrust_BooreEtAl2014 is experimental and may change in future versions - the user is liable for their application
  warnings.warn(msg, ExperimentalWarning)
/home/ssm-user/src/oq-engine/openquake/hazardlib/gsim/base.py:347: ExperimentalWarning: CanadaSHM6_ActiveCrust_BooreEtAl2014 is experimental and may change in future versions - the user is liable for their application
  warnings.warn(msg, ExperimentalWarning)
/home/ssm-user/src/oq-engine/openquake/hazardlib/gsim/base.py:347: ExperimentalWarning: CanadaSHM6_ActiveCrust_BooreEtAl2014 is experimental and may change in future versions - the user is liable for their application
  warnings.warn(msg, ExperimentalWarning)
/home/ssm-user/src/oq-engine/openquake/hazardlib/gsim/base.py:347: ExperimentalWarning: CanadaSHM6_ActiveCrust_BooreEtAl2014 is experimental and may change in future versions - the user is liable for their application
  warnings.warn(msg, ExperimentalWarning)
/home/ssm-user/src/oq-engine/openquake/hazardlib/gsim/base.py:347: ExperimentalWarning: CanadaSHM6_ActiveCrust_BooreEtAl2014 is experimental and may change in future versions - the user is liable for their application
  warnings.warn(msg, ExperimentalWarning)
/home/ssm-user/src/oq-engine/openquake/hazardlib/gsim/base.py:347: ExperimentalWarning: CanadaSHM6_ActiveCrust_BooreEtAl2014 is experimental and may change in future versions - the user is liable for their application
  warnings.warn(msg, ExperimentalWarning)
/home/ssm-user/src/oq-engine/openquake/hazardlib/gsim/base.py:347: ExperimentalWarning: CanadaSHM6_ActiveCrust_BooreEtAl2014 is experimental and may change in future versions - the user is liable for their application
  warnings.warn(msg, ExperimentalWarning)
/home/ssm-user/src/oq-engine/openquake/hazardlib/gsim/base.py:347: ExperimentalWarning: CanadaSHM6_ActiveCrust_BooreEtAl2014 is experimental and may change in future versions - the user is liable for their application
  warnings.warn(msg, ExperimentalWarning)
/home/ssm-user/src/oq-engine/openquake/hazardlib/gsim/base.py:347: ExperimentalWarning: CanadaSHM6_ActiveCrust_BooreEtAl2014 is experimental and may change in future versions - the user is liable for their application
  warnings.warn(msg, ExperimentalWarning)
/home/ssm-user/src/oq-engine/openquake/hazardlib/gsim/base.py:347: ExperimentalWarning: CanadaSHM6_ActiveCrust_BooreEtAl2014 is experimental and may change in future versions - the user is liable for their application
  warnings.warn(msg, ExperimentalWarning)
/home/ssm-user/src/oq-engine/openquake/hazardlib/gsim/base.py:347: ExperimentalWarning: CanadaSHM6_ActiveCrust_BooreEtAl2014 is experimental and may change in future versions - the user is liable for their application
  warnings.warn(msg, ExperimentalWarning)
/home/ssm-user/src/oq-engine/openquake/hazardlib/gsim/base.py:347: ExperimentalWarning: CanadaSHM6_ActiveCrust_BooreEtAl2014 is experimental and may change in future versions - the user is liable for their application
  warnings.warn(msg, ExperimentalWarning)
/home/ssm-user/src/oq-engine/openquake/hazardlib/gsim/base.py:347: ExperimentalWarning: CanadaSHM6_ActiveCrust_BooreEtAl2014 is experimental and may change in future versions - the user is liable for their application
  warnings.warn(msg, ExperimentalWarning)
/home/ssm-user/src/oq-engine/openquake/hazardlib/gsim/base.py:347: ExperimentalWarning: CanadaSHM6_ActiveCrust_BooreEtAl2014 is experimental and may change in future versions - the user is liable for their application
  warnings.warn(msg, ExperimentalWarning)
/home/ssm-user/src/oq-engine/openquake/hazardlib/gsim/base.py:347: ExperimentalWarning: CanadaSHM6_ActiveCrust_BooreEtAl2014 is experimental and may change in future versions - the user is liable for their application
  warnings.warn(msg, ExperimentalWarning)
[2021-09-03 05:54:26 #149 INFO] root running /mnt/storage/canada-srm2/ebRisk/input/ebRisk_r1_NS.ini [--hc=148]
[2021-09-03 05:54:26 #149 INFO] Using engine version 3.11.3-git29ac352f7d
[2021-09-03 05:54:26 #149 WARNING] Using 96 cores on ip-10-70-136-127
[2021-09-03 05:54:26 #149 INFO] Validated nationalModel.xml in 0.01 seconds
[2021-09-03 05:54:26 #149 INFO] Checksum of the input files: 1489067703
[2021-09-03 05:54:26 #149 INFO] Reading the risk model if present
[2021-09-03 05:54:50 #149 INFO] Reading /mnt/storage/openquake-inputs/exposure/general-building-stock/oqBldgExp_NS.xml
[2021-09-03 05:55:01 #149 INFO] Associated 80521 assets to 4061 sites
[2021-09-03 05:55:08 #149 INFO] Reducing risk model from 7260 to 334 taxonomies
[2021-09-03 05:55:08 #149 INFO] minimum_asset_loss={'contents': 0, 'nonstructural': 0, 'occupants': 0, 'structural': 0}
[2021-09-03 05:55:08 #149 INFO] Storing 3234 aggregation keys
[2021-09-03 05:55:09 #149 INFO] Storing risk model
[2021-09-03 05:55:09 #149 WARNING] The calculation is really big; consider setting minimum_asset_loss
[2021-09-03 05:55:09 #149 INFO] minimum_intensity={'SA(0.3)': 0.02, 'SA(0.6)': 0.05, 'SA(1.0)': 0.05, 'SA(2.0)': 0.05, 'SA(0.5)': 0.05}
[2021-09-03 05:55:09 #149 INFO] Sending 926_331 ruptures
  id | name
1158 | Aggregate Event Losses
1157 | Aggregate Loss Curves Statistics
1159 | Aggregate Losses Statistics
1160 | Average Asset Losses Statistics
1165 | Earthquake Ruptures
1161 | Events
1162 | Full Report
1163 | Input Files
1164 | Realizations
1166 | Source Loss Table
[2021-09-03 05:55:57 #149 INFO] Sent 196 tasks, 255.71 MB in 41 seconds
[2021-09-03 06:07:18 #149 INFO] start_ebrisk   1% [196 submitted, 0 queued]
[2021-09-03 06:18:06 #149 INFO] start_ebrisk   2% [196 submitted, 0 queued]
[2021-09-03 06:24:25 #149 INFO] start_ebrisk   3% [196 submitted, 0 queued]
[2021-09-03 06:42:32 #149 INFO] start_ebrisk   4% [196 submitted, 0 queued]
[2021-09-03 06:45:40 #149 INFO] start_ebrisk   5% [196 submitted, 0 queued]
[2021-09-03 06:46:42 #149 INFO] start_ebrisk   6% [196 submitted, 0 queued]
[2021-09-03 06:47:45 #149 INFO] start_ebrisk   7% [196 submitted, 0 queued]
[2021-09-03 06:48:21 #149 INFO] start_ebrisk   8% [196 submitted, 0 queued]
[2021-09-03 06:48:28 #149 INFO] start_ebrisk   9% [196 submitted, 0 queued]
[2021-09-03 06:49:58 #149 INFO] start_ebrisk  10% [196 submitted, 0 queued]
[2021-09-03 06:50:07 #149 INFO] start_ebrisk  11% [196 submitted, 0 queued]
[2021-09-03 06:51:24 #149 INFO] start_ebrisk  12% [196 submitted, 0 queued]
[2021-09-03 06:52:22 #149 INFO] start_ebrisk  13% [196 submitted, 0 queued]
[2021-09-03 06:53:00 #149 INFO] start_ebrisk  14% [196 submitted, 0 queued]
[2021-09-03 06:53:48 #149 INFO] start_ebrisk  15% [196 submitted, 0 queued]
[2021-09-03 06:54:17 #149 INFO] start_ebrisk  16% [196 submitted, 0 queued]
[2021-09-03 06:56:07 #149 INFO] start_ebrisk  17% [196 submitted, 0 queued]
[2021-09-03 06:57:27 #149 INFO] start_ebrisk  18% [196 submitted, 0 queued]
[2021-09-03 06:58:41 #149 INFO] start_ebrisk  19% [196 submitted, 0 queued]
[2021-09-03 06:58:53 #149 INFO] start_ebrisk  20% [196 submitted, 0 queued]
[2021-09-03 07:03:19 #149 INFO] start_ebrisk  21% [196 submitted, 0 queued]
[2021-09-03 07:11:42 #149 INFO] start_ebrisk  22% [196 submitted, 0 queued]
[2021-09-03 07:19:40 #149 INFO] start_ebrisk  23% [196 submitted, 0 queued]
[2021-09-03 07:20:54 #149 INFO] start_ebrisk  24% [196 submitted, 0 queued]
[2021-09-03 07:23:10 #149 INFO] start_ebrisk  25% [196 submitted, 0 queued]
[2021-09-03 07:25:00 #149 INFO] start_ebrisk  26% [196 submitted, 0 queued]
[2021-09-03 07:26:26 #149 INFO] start_ebrisk  27% [196 submitted, 0 queued]
[2021-09-03 07:27:16 #149 INFO] start_ebrisk  28% [196 submitted, 0 queued]
[2021-09-03 07:27:55 #149 INFO] start_ebrisk  29% [196 submitted, 0 queued]
[2021-09-03 07:28:09 #149 INFO] start_ebrisk  30% [196 submitted, 0 queued]
[2021-09-03 07:29:20 #149 INFO] start_ebrisk  31% [196 submitted, 0 queued]
[2021-09-03 07:29:24 #149 INFO] start_ebrisk  32% [196 submitted, 0 queued]
[2021-09-03 07:29:43 #149 INFO] start_ebrisk  33% [196 submitted, 0 queued]
[2021-09-03 07:30:34 #149 INFO] start_ebrisk  34% [196 submitted, 0 queued]
[2021-09-03 07:31:26 #149 INFO] start_ebrisk  35% [196 submitted, 0 queued]
[2021-09-03 07:31:35 #149 INFO] start_ebrisk  36% [196 submitted, 0 queued]
[2021-09-03 07:32:01 #149 INFO] start_ebrisk  37% [196 submitted, 0 queued]
[2021-09-03 07:32:22 #149 INFO] start_ebrisk  38% [196 submitted, 0 queued]
[2021-09-03 07:32:38 #149 INFO] start_ebrisk  39% [196 submitted, 0 queued]
[2021-09-03 07:32:49 #149 INFO] start_ebrisk  40% [196 submitted, 0 queued]
[2021-09-03 07:33:12 #149 INFO] start_ebrisk  41% [196 submitted, 0 queued]
[2021-09-03 07:34:15 #149 INFO] start_ebrisk  42% [196 submitted, 0 queued]
[2021-09-03 07:35:57 #149 INFO] start_ebrisk  43% [196 submitted, 0 queued]
[2021-09-03 07:37:49 #149 INFO] start_ebrisk  44% [196 submitted, 0 queued]
[2021-09-03 07:42:29 #149 INFO] start_ebrisk  45% [196 submitted, 0 queued]
[2021-09-03 07:43:31 #149 INFO] start_ebrisk  46% [196 submitted, 0 queued]
[2021-09-03 07:45:24 #149 INFO] start_ebrisk  47% [196 submitted, 0 queued]
[2021-09-03 07:45:34 #149 INFO] start_ebrisk  48% [196 submitted, 0 queued]
[2021-09-03 07:46:07 #149 INFO] start_ebrisk  49% [196 submitted, 0 queued]
[2021-09-03 07:46:21 #149 INFO] start_ebrisk  50% [196 submitted, 0 queued]
[2021-09-03 07:46:29 #149 INFO] start_ebrisk  51% [196 submitted, 0 queued]
[2021-09-03 07:49:08 #149 INFO] start_ebrisk  52% [196 submitted, 0 queued]
[2021-09-03 07:50:53 #149 INFO] start_ebrisk  53% [196 submitted, 0 queued]
[2021-09-03 07:55:30 #149 INFO] start_ebrisk  54% [196 submitted, 0 queued]
[2021-09-03 07:56:36 #149 INFO] start_ebrisk  55% [196 submitted, 0 queued]
[2021-09-03 07:57:48 #149 INFO] start_ebrisk  56% [196 submitted, 0 queued]
[2021-09-03 08:03:34 #149 INFO] start_ebrisk  57% [196 submitted, 0 queued]
[2021-09-03 08:04:32 #149 INFO] start_ebrisk  58% [196 submitted, 0 queued]
[2021-09-03 08:10:13 #149 INFO] start_ebrisk  59% [196 submitted, 0 queued]
[2021-09-03 08:10:55 #149 INFO] start_ebrisk  60% [196 submitted, 0 queued]
[2021-09-03 08:13:09 #149 INFO] start_ebrisk  61% [196 submitted, 0 queued]
[2021-09-03 08:13:26 #149 INFO] start_ebrisk  62% [196 submitted, 0 queued]
[2021-09-03 08:14:54 #149 INFO] start_ebrisk  63% [196 submitted, 0 queued]
[2021-09-03 08:18:07 #149 INFO] start_ebrisk  64% [196 submitted, 0 queued]
[2021-09-03 08:18:56 #149 INFO] start_ebrisk  65% [196 submitted, 0 queued]
[2021-09-03 08:20:36 #149 INFO] start_ebrisk  66% [196 submitted, 0 queued]
[2021-09-03 08:21:39 #149 INFO] start_ebrisk  67% [196 submitted, 0 queued]
[2021-09-03 08:23:38 #149 INFO] start_ebrisk  68% [196 submitted, 0 queued]
[2021-09-03 08:24:25 #149 INFO] start_ebrisk  69% [196 submitted, 0 queued]
[2021-09-03 08:24:53 #149 INFO] start_ebrisk  70% [196 submitted, 0 queued]
[2021-09-03 08:25:31 #149 INFO] start_ebrisk  71% [196 submitted, 0 queued]
[2021-09-03 08:27:51 #149 INFO] start_ebrisk  72% [196 submitted, 0 queued]
[2021-09-03 08:29:03 #149 INFO] start_ebrisk  73% [196 submitted, 0 queued]
[2021-09-03 08:29:22 #149 INFO] start_ebrisk  74% [196 submitted, 0 queued]
[2021-09-03 08:30:23 #149 INFO] start_ebrisk  75% [196 submitted, 0 queued]
[2021-09-03 08:32:18 #149 INFO] start_ebrisk  76% [196 submitted, 0 queued]
[2021-09-03 08:37:16 #149 INFO] start_ebrisk  77% [196 submitted, 0 queued]
[2021-09-03 08:38:30 #149 INFO] start_ebrisk  78% [196 submitted, 0 queued]
[2021-09-03 08:39:28 #149 INFO] start_ebrisk  79% [196 submitted, 0 queued]
[2021-09-03 08:39:57 #149 INFO] start_ebrisk  80% [196 submitted, 0 queued]
[2021-09-03 08:42:02 #149 INFO] start_ebrisk  81% [196 submitted, 0 queued]
[2021-09-03 08:43:01 #149 INFO] start_ebrisk  82% [196 submitted, 0 queued]
[2021-09-03 08:43:31 #149 INFO] start_ebrisk  83% [196 submitted, 0 queued]
[2021-09-03 08:45:56 #149 INFO] start_ebrisk  84% [196 submitted, 0 queued]
[2021-09-03 08:49:19 #149 INFO] start_ebrisk  85% [196 submitted, 0 queued]
[2021-09-03 08:49:34 #149 INFO] start_ebrisk  86% [196 submitted, 0 queued]
[2021-09-03 08:50:07 #149 INFO] start_ebrisk  87% [196 submitted, 0 queued]
[2021-09-03 08:54:32 #149 INFO] start_ebrisk  88% [196 submitted, 0 queued]
[2021-09-03 08:57:58 #149 INFO] start_ebrisk  89% [196 submitted, 0 queued]
[2021-09-03 08:59:57 #149 INFO] start_ebrisk  90% [196 submitted, 0 queued]
[2021-09-03 09:02:43 #149 INFO] start_ebrisk  91% [196 submitted, 0 queued]
[2021-09-03 09:04:11 #149 INFO] start_ebrisk  92% [196 submitted, 0 queued]
[2021-09-03 09:09:13 #149 INFO] start_ebrisk  93% [196 submitted, 0 queued]
[2021-09-03 09:11:49 #149 INFO] start_ebrisk  94% [196 submitted, 0 queued]
[2021-09-03 09:16:10 #149 INFO] start_ebrisk  95% [196 submitted, 0 queued]
[2021-09-03 09:18:47 #149 INFO] start_ebrisk  96% [196 submitted, 0 queued]
[2021-09-03 09:22:38 #149 INFO] start_ebrisk  97% [196 submitted, 0 queued]
[2021-09-03 09:24:54 #149 INFO] start_ebrisk  98% [196 submitted, 0 queued]
[2021-09-03 09:38:13 #149 INFO] start_ebrisk  99% [196 submitted, 0 queued]
[2021-09-03 09:43:37 #149 INFO] start_ebrisk 100% [196 submitted, 0 queued]
[2021-09-03 09:43:37 #149 INFO] Mean time per core=9617s, std=1612.8s, min=6708s, max=13692s
[2021-09-03 09:43:38 #149 INFO] Received {'alt': '4.72 GB', 'losses_by_A': '240.84 MB', 'momenta': '60.75 MB', 'gmf_info': '9.15 MB', 'events_per_sid': '4.02 KB'} in 13660 seconds
[2021-09-03 09:43:38 #149 INFO] Produced 16.07 GB of GMFs
[2021-09-03 09:43:38 #149 INFO] Stored 4.72 GB in the agg_loss_table
[2021-09-03 09:43:38 #149 INFO] Building the src_loss_table
[2021-09-03 09:44:40 #149 INFO] Sending 79.04 MB of losses
[2021-09-03 09:44:42 #149 INFO] Sending 113.51 MB of losses
[2021-09-03 09:44:44 #149 INFO] Sending 111.45 MB of losses
[2021-09-03 09:44:46 #149 INFO] Sending 93.99 MB of losses
[2021-09-03 09:44:49 #149 INFO] Sending 110.83 MB of losses
[2021-09-03 09:44:51 #149 INFO] Sending 108.95 MB of losses
[2021-09-03 09:44:53 #149 INFO] Sending 128.27 MB of losses
[2021-09-03 09:44:55 #149 INFO] Sending 74.89 MB of losses
[2021-09-03 09:44:57 #149 INFO] Sending 65.08 MB of losses
[2021-09-03 09:44:59 #149 INFO] Sending 46.74 MB of losses
[2021-09-03 09:45:01 #149 INFO] Sending 82.08 MB of losses
[2021-09-03 09:45:03 #149 INFO] Sending 83.17 MB of losses
[2021-09-03 09:45:05 #149 INFO] Sending 53.19 MB of losses
[2021-09-03 09:45:07 #149 INFO] Sending 37.59 MB of losses
[2021-09-03 09:45:09 #149 INFO] Sending 37.88 MB of losses
[2021-09-03 09:45:11 #149 INFO] Sending 30.23 MB of losses
[2021-09-03 09:45:13 #149 INFO] Sending 29.72 MB of losses
[2021-09-03 09:45:15 #149 INFO] Sending 25.78 MB of losses
[2021-09-03 09:45:17 #149 INFO] Sending 34.09 MB of losses
[2021-09-03 09:45:19 #149 INFO] Sending 44.4 MB of losses
[2021-09-03 09:45:20 #149 INFO] Sending 39.53 MB of losses
[2021-09-03 09:45:22 #149 INFO] Sending 31.54 MB of losses
[2021-09-03 09:45:24 #149 INFO] Sending 32.26 MB of losses
[2021-09-03 09:45:27 #149 INFO] Sending 46.6 MB of losses
[2021-09-03 09:45:29 #149 INFO] Sending 43.77 MB of losses
[2021-09-03 09:45:31 #149 INFO] Sending 47.8 MB of losses
[2021-09-03 09:45:33 #149 INFO] Sending 54.95 MB of losses
[2021-09-03 09:45:34 #149 INFO] Sending 65.11 MB of losses
[2021-09-03 09:45:36 #149 INFO] Sending 69.54 MB of losses
[2021-09-03 09:45:38 #149 INFO] Sending 41.81 MB of losses
[2021-09-03 09:45:40 #149 INFO] Sending 45.68 MB of losses
[2021-09-03 09:45:42 #149 INFO] Sending 41.96 MB of losses
[2021-09-03 09:45:44 #149 INFO] Sending 72.64 MB of losses
[2021-09-03 09:45:47 #149 INFO] Sending 89.37 MB of losses
[2021-09-03 09:45:49 #149 INFO] Sending 50.67 MB of losses
[2021-09-03 09:45:51 #149 INFO] Sending 101.82 MB of losses
[2021-09-03 09:45:53 #149 INFO] Sending 90.53 MB of losses
[2021-09-03 09:45:55 #149 INFO] Sending 52.48 MB of losses
[2021-09-03 09:45:56 #149 INFO] Sending 69.3 MB of losses
[2021-09-03 09:45:58 #149 INFO] Sending 44.68 MB of losses
[2021-09-03 09:46:00 #149 INFO] Sending 57.83 MB of losses
[2021-09-03 09:46:02 #149 INFO] Sending 52.75 MB of losses
[2021-09-03 09:46:04 #149 INFO] Sending 35.41 MB of losses
[2021-09-03 09:46:06 #149 INFO] Sending 61.31 MB of losses
[2021-09-03 09:46:08 #149 INFO] Sending 45.15 MB of losses
[2021-09-03 09:46:10 #149 INFO] Sending 61.25 MB of losses
[2021-09-03 09:46:12 #149 INFO] Sending 53.41 MB of losses
[2021-09-03 09:46:14 #149 INFO] Sending 52.9 MB of losses
[2021-09-03 09:46:16 #149 INFO] Sending 47.75 MB of losses
[2021-09-03 09:46:18 #149 INFO] Sending 66.06 MB of losses
[2021-09-03 09:46:20 #149 INFO] Sending 61.49 MB of losses
[2021-09-03 09:46:22 #149 INFO] Sending 44.63 MB of losses
[2021-09-03 09:46:24 #149 INFO] Sent 53 tasks, 3.17 GB in 103 seconds
[2021-09-03 09:46:29 #149 INFO] post_risk   1% [53 submitted, 0 queued]
[2021-09-03 09:46:29 #149 INFO] post_risk   3% [53 submitted, 0 queued]
[2021-09-03 09:46:29 #149 INFO] post_risk   5% [53 submitted, 0 queued]
[2021-09-03 09:46:29 #149 INFO] post_risk   7% [53 submitted, 0 queued]
[2021-09-03 09:46:29 #149 INFO] post_risk   9% [53 submitted, 0 queued]
[2021-09-03 09:46:29 #149 INFO] post_risk  11% [53 submitted, 0 queued]
[2021-09-03 09:46:29 #149 INFO] post_risk  13% [53 submitted, 0 queued]
[2021-09-03 09:46:29 #149 INFO] post_risk  15% [53 submitted, 0 queued]
[2021-09-03 09:46:29 #149 INFO] post_risk  16% [53 submitted, 0 queued]
[2021-09-03 09:46:29 #149 INFO] post_risk  18% [53 submitted, 0 queued]
[2021-09-03 09:46:29 #149 INFO] post_risk  20% [53 submitted, 0 queued]
[2021-09-03 09:46:29 #149 INFO] post_risk  22% [53 submitted, 0 queued]
[2021-09-03 09:46:29 #149 INFO] post_risk  24% [53 submitted, 0 queued]
[2021-09-03 09:46:29 #149 INFO] post_risk  26% [53 submitted, 0 queued]
[2021-09-03 09:46:29 #149 INFO] post_risk  28% [53 submitted, 0 queued]
[2021-09-03 09:46:29 #149 INFO] post_risk  30% [53 submitted, 0 queued]
[2021-09-03 09:46:29 #149 INFO] post_risk  32% [53 submitted, 0 queued]
[2021-09-03 09:46:29 #149 INFO] post_risk  33% [53 submitted, 0 queued]
[2021-09-03 09:46:29 #149 INFO] post_risk  35% [53 submitted, 0 queued]
[2021-09-03 09:46:29 #149 INFO] post_risk  37% [53 submitted, 0 queued]
[2021-09-03 09:46:29 #149 INFO] post_risk  39% [53 submitted, 0 queued]
[2021-09-03 09:46:29 #149 INFO] post_risk  41% [53 submitted, 0 queued]
[2021-09-03 09:46:29 #149 INFO] post_risk  43% [53 submitted, 0 queued]
[2021-09-03 09:46:29 #149 INFO] post_risk  45% [53 submitted, 0 queued]
[2021-09-03 09:46:29 #149 INFO] post_risk  47% [53 submitted, 0 queued]
[2021-09-03 09:46:29 #149 INFO] post_risk  49% [53 submitted, 0 queued]
[2021-09-03 09:46:29 #149 INFO] post_risk  50% [53 submitted, 0 queued]
[2021-09-03 09:46:29 #149 INFO] post_risk  52% [53 submitted, 0 queued]
[2021-09-03 09:46:29 #149 INFO] post_risk  54% [53 submitted, 0 queued]
[2021-09-03 09:46:29 #149 INFO] post_risk  56% [53 submitted, 0 queued]
[2021-09-03 09:46:29 #149 INFO] post_risk  58% [53 submitted, 0 queued]
[2021-09-03 09:46:29 #149 INFO] post_risk  60% [53 submitted, 0 queued]
[2021-09-03 09:46:29 #149 INFO] post_risk  62% [53 submitted, 0 queued]
[2021-09-03 09:46:29 #149 INFO] post_risk  64% [53 submitted, 0 queued]
[2021-09-03 09:46:29 #149 INFO] post_risk  66% [53 submitted, 0 queued]
[2021-09-03 09:46:29 #149 INFO] post_risk  67% [53 submitted, 0 queued]
[2021-09-03 09:46:29 #149 INFO] post_risk  69% [53 submitted, 0 queued]
[2021-09-03 09:46:29 #149 INFO] post_risk  71% [53 submitted, 0 queued]
[2021-09-03 09:46:29 #149 INFO] post_risk  73% [53 submitted, 0 queued]
[2021-09-03 09:46:29 #149 INFO] post_risk  75% [53 submitted, 0 queued]
[2021-09-03 09:46:29 #149 INFO] post_risk  77% [53 submitted, 0 queued]
[2021-09-03 09:46:29 #149 INFO] post_risk  79% [53 submitted, 0 queued]
[2021-09-03 09:46:29 #149 INFO] post_risk  81% [53 submitted, 0 queued]
[2021-09-03 09:46:29 #149 INFO] post_risk  83% [53 submitted, 0 queued]
[2021-09-03 09:46:29 #149 INFO] post_risk  84% [53 submitted, 0 queued]
[2021-09-03 09:46:29 #149 INFO] post_risk  86% [53 submitted, 0 queued]
[2021-09-03 09:46:29 #149 INFO] post_risk  88% [53 submitted, 0 queued]
[2021-09-03 09:46:29 #149 INFO] post_risk  90% [53 submitted, 0 queued]
[2021-09-03 09:46:29 #149 INFO] post_risk  92% [53 submitted, 0 queued]
[2021-09-03 09:46:30 #149 INFO] post_risk  94% [53 submitted, 0 queued]
[2021-09-03 09:46:30 #149 INFO] post_risk  96% [53 submitted, 0 queued]
[2021-09-03 09:46:30 #149 INFO] post_risk  98% [53 submitted, 0 queued]
[2021-09-03 09:46:30 #149 INFO] post_risk 100% [53 submitted, 0 queued]
[2021-09-03 09:46:30 #149 INFO] Mean time per core=3s, std=0.2s, min=2s, max=3s
[2021-09-03 09:46:30 #149 INFO] Received {'tot': '93.29 MB'} in 5 seconds
[2021-09-03 09:47:36 #149 INFO] Total portfolio loss
==== ============= ============== ========= ==============
loss contents      nonstructural  occupants structural    
==== ============= ============== ========= ==============
avg  6_818_019_578 26_558_179_646 512       43_119_421_755
==== ============= ============== ========= ==============
[2021-09-03 09:47:36 #149 INFO] Sanity check on agg_losses
[2021-09-03 09:47:38 #149 INFO] Exposing the outputs to the database
[2021-09-03 09:47:38 #149 INFO] Stored 4.86 GB on /root/oqdata/calc_149.hdf5 in 13992 seconds
/home/ssm-user/src/oq-engine/openquake/hazardlib/gsim/base.py:347: ExperimentalWarning: CanadaSHM6_ActiveCrust_BooreEtAl2014 is experimental and may change in future versions - the user is liable for their application
  warnings.warn(msg, ExperimentalWarning)
/home/ssm-user/src/oq-engine/openquake/hazardlib/gsim/base.py:347: ExperimentalWarning: CanadaSHM6_ActiveCrust_BooreEtAl2014 is experimental and may change in future versions - the user is liable for their application
  warnings.warn(msg, ExperimentalWarning)
/home/ssm-user/src/oq-engine/openquake/hazardlib/gsim/base.py:347: ExperimentalWarning: CanadaSHM6_ActiveCrust_BooreEtAl2014 is experimental and may change in future versions - the user is liable for their application
  warnings.warn(msg, ExperimentalWarning)
/home/ssm-user/src/oq-engine/openquake/hazardlib/gsim/base.py:347: ExperimentalWarning: CanadaSHM6_ActiveCrust_BooreEtAl2014 is experimental and may change in future versions - the user is liable for their application
  warnings.warn(msg, ExperimentalWarning)
/home/ssm-user/src/oq-engine/openquake/hazardlib/gsim/base.py:347: ExperimentalWarning: CanadaSHM6_ActiveCrust_BooreEtAl2014 is experimental and may change in future versions - the user is liable for their application
  warnings.warn(msg, ExperimentalWarning)
/home/ssm-user/src/oq-engine/openquake/hazardlib/gsim/base.py:347: ExperimentalWarning: CanadaSHM6_ActiveCrust_BooreEtAl2014 is experimental and may change in future versions - the user is liable for their application
  warnings.warn(msg, ExperimentalWarning)
/home/ssm-user/src/oq-engine/openquake/hazardlib/gsim/base.py:347: ExperimentalWarning: CanadaSHM6_ActiveCrust_BooreEtAl2014 is experimental and may change in future versions - the user is liable for their application
  warnings.warn(msg, ExperimentalWarning)
/home/ssm-user/src/oq-engine/openquake/hazardlib/gsim/base.py:347: ExperimentalWarning: CanadaSHM6_ActiveCrust_BooreEtAl2014 is experimental and may change in future versions - the user is liable for their application
  warnings.warn(msg, ExperimentalWarning)
/home/ssm-user/src/oq-engine/openquake/hazardlib/gsim/base.py:347: ExperimentalWarning: CanadaSHM6_ActiveCrust_BooreEtAl2014 is experimental and may change in future versions - the user is liable for their application
  warnings.warn(msg, ExperimentalWarning)
/home/ssm-user/src/oq-engine/openquake/hazardlib/gsim/base.py:347: ExperimentalWarning: CanadaSHM6_ActiveCrust_BooreEtAl2014 is experimental and may change in future versions - the user is liable for their application
  warnings.warn(msg, ExperimentalWarning)
/home/ssm-user/src/oq-engine/openquake/hazardlib/gsim/base.py:347: ExperimentalWarning: CanadaSHM6_ActiveCrust_BooreEtAl2014 is experimental and may change in future versions - the user is liable for their application
  warnings.warn(msg, ExperimentalWarning)
/home/ssm-user/src/oq-engine/openquake/hazardlib/gsim/base.py:347: ExperimentalWarning: CanadaSHM6_ActiveCrust_BooreEtAl2014 is experimental and may change in future versions - the user is liable for their application
  warnings.warn(msg, ExperimentalWarning)
/home/ssm-user/src/oq-engine/openquake/hazardlib/gsim/base.py:347: ExperimentalWarning: CanadaSHM6_ActiveCrust_BooreEtAl2014 is experimental and may change in future versions - the user is liable for their application
  warnings.warn(msg, ExperimentalWarning)
/home/ssm-user/src/oq-engine/openquake/hazardlib/gsim/base.py:347: ExperimentalWarning: CanadaSHM6_ActiveCrust_BooreEtAl2014 is experimental and may change in future versions - the user is liable for their application
  warnings.warn(msg, ExperimentalWarning)
/home/ssm-user/src/oq-engine/openquake/hazardlib/gsim/base.py:347: ExperimentalWarning: CanadaSHM6_ActiveCrust_BooreEtAl2014 is experimental and may change in future versions - the user is liable for their application
  warnings.warn(msg, ExperimentalWarning)
/home/ssm-user/src/oq-engine/openquake/hazardlib/gsim/base.py:347: ExperimentalWarning: CanadaSHM6_ActiveCrust_BooreEtAl2014 is experimental and may change in future versions - the user is liable for their application
  warnings.warn(msg, ExperimentalWarning)
/home/ssm-user/src/oq-engine/openquake/hazardlib/gsim/base.py:347: ExperimentalWarning: CanadaSHM6_ActiveCrust_BooreEtAl2014 is experimental and may change in future versions - the user is liable for their application
  warnings.warn(msg, ExperimentalWarning)
/home/ssm-user/src/oq-engine/openquake/hazardlib/gsim/base.py:347: ExperimentalWarning: CanadaSHM6_ActiveCrust_BooreEtAl2014 is experimental and may change in future versions - the user is liable for their application
  warnings.warn(msg, ExperimentalWarning)
/home/ssm-user/src/oq-engine/openquake/hazardlib/gsim/base.py:347: ExperimentalWarning: CanadaSHM6_ActiveCrust_BooreEtAl2014 is experimental and may change in future versions - the user is liable for their application
  warnings.warn(msg, ExperimentalWarning)
/home/ssm-user/src/oq-engine/openquake/hazardlib/gsim/base.py:347: ExperimentalWarning: CanadaSHM6_ActiveCrust_BooreEtAl2014 is experimental and may change in future versions - the user is liable for their application
  warnings.warn(msg, ExperimentalWarning)
/home/ssm-user/src/oq-engine/openquake/hazardlib/gsim/base.py:347: ExperimentalWarning: CanadaSHM6_ActiveCrust_BooreEtAl2014 is experimental and may change in future versions - the user is liable for their application
  warnings.warn(msg, ExperimentalWarning)
/home/ssm-user/src/oq-engine/openquake/hazardlib/gsim/base.py:347: ExperimentalWarning: CanadaSHM6_ActiveCrust_BooreEtAl2014 is experimental and may change in future versions - the user is liable for their application
  warnings.warn(msg, ExperimentalWarning)
/home/ssm-user/src/oq-engine/openquake/hazardlib/gsim/base.py:347: ExperimentalWarning: CanadaSHM6_ActiveCrust_BooreEtAl2014 is experimental and may change in future versions - the user is liable for their application
  warnings.warn(msg, ExperimentalWarning)
/home/ssm-user/src/oq-engine/openquake/hazardlib/gsim/base.py:347: ExperimentalWarning: CanadaSHM6_ActiveCrust_BooreEtAl2014 is experimental and may change in future versions - the user is liable for their application
  warnings.warn(msg, ExperimentalWarning)
/home/ssm-user/src/oq-engine/openquake/hazardlib/gsim/base.py:347: ExperimentalWarning: CanadaSHM6_ActiveCrust_BooreEtAl2014 is experimental and may change in future versions - the user is liable for their application
  warnings.warn(msg, ExperimentalWarning)
/home/ssm-user/src/oq-engine/openquake/hazardlib/gsim/base.py:347: ExperimentalWarning: CanadaSHM6_ActiveCrust_BooreEtAl2014 is experimental and may change in future versions - the user is liable for their application
  warnings.warn(msg, ExperimentalWarning)
/home/ssm-user/src/oq-engine/openquake/hazardlib/gsim/base.py:347: ExperimentalWarning: CanadaSHM6_ActiveCrust_BooreEtAl2014 is experimental and may change in future versions - the user is liable for their application
  warnings.warn(msg, ExperimentalWarning)
/home/ssm-user/src/oq-engine/openquake/hazardlib/gsim/base.py:347: ExperimentalWarning: CanadaSHM6_ActiveCrust_BooreEtAl2014 is experimental and may change in future versions - the user is liable for their application
  warnings.warn(msg, ExperimentalWarning)
/home/ssm-user/src/oq-engine/openquake/hazardlib/gsim/base.py:347: ExperimentalWarning: CanadaSHM6_ActiveCrust_BooreEtAl2014 is experimental and may change in future versions - the user is liable for their application
  warnings.warn(msg, ExperimentalWarning)
/home/ssm-user/src/oq-engine/openquake/hazardlib/gsim/base.py:347: ExperimentalWarning: CanadaSHM6_ActiveCrust_BooreEtAl2014 is experimental and may change in future versions - the user is liable for their application
  warnings.warn(msg, ExperimentalWarning)
/home/ssm-user/src/oq-engine/openquake/hazardlib/gsim/base.py:347: ExperimentalWarning: CanadaSHM6_ActiveCrust_BooreEtAl2014 is experimental and may change in future versions - the user is liable for their application
  warnings.warn(msg, ExperimentalWarning)
/home/ssm-user/src/oq-engine/openquake/hazardlib/gsim/base.py:347: ExperimentalWarning: CanadaSHM6_ActiveCrust_BooreEtAl2014 is experimental and may change in future versions - the user is liable for their application
  warnings.warn(msg, ExperimentalWarning)
/home/ssm-user/src/oq-engine/openquake/hazardlib/gsim/base.py:347: ExperimentalWarning: CanadaSHM6_ActiveCrust_BooreEtAl2014 is experimental and may change in future versions - the user is liable for their application
  warnings.warn(msg, ExperimentalWarning)
/home/ssm-user/src/oq-engine/openquake/hazardlib/gsim/base.py:347: ExperimentalWarning: CanadaSHM6_ActiveCrust_BooreEtAl2014 is experimental and may change in future versions - the user is liable for their application
  warnings.warn(msg, ExperimentalWarning)
/home/ssm-user/src/oq-engine/openquake/hazardlib/gsim/base.py:347: ExperimentalWarning: CanadaSHM6_ActiveCrust_BooreEtAl2014 is experimental and may change in future versions - the user is liable for their application
  warnings.warn(msg, ExperimentalWarning)
/home/ssm-user/src/oq-engine/openquake/hazardlib/gsim/base.py:347: ExperimentalWarning: CanadaSHM6_ActiveCrust_BooreEtAl2014 is experimental and may change in future versions - the user is liable for their application
  warnings.warn(msg, ExperimentalWarning)
/home/ssm-user/src/oq-engine/openquake/hazardlib/gsim/base.py:347: ExperimentalWarning: CanadaSHM6_ActiveCrust_BooreEtAl2014 is experimental and may change in future versions - the user is liable for their application
  warnings.warn(msg, ExperimentalWarning)
/home/ssm-user/src/oq-engine/openquake/hazardlib/gsim/base.py:347: ExperimentalWarning: CanadaSHM6_ActiveCrust_BooreEtAl2014 is experimental and may change in future versions - the user is liable for their application
  warnings.warn(msg, ExperimentalWarning)
/home/ssm-user/src/oq-engine/openquake/hazardlib/gsim/base.py:347: ExperimentalWarning: CanadaSHM6_ActiveCrust_BooreEtAl2014 is experimental and may change in future versions - the user is liable for their application
  warnings.warn(msg, ExperimentalWarning)
/home/ssm-user/src/oq-engine/openquake/hazardlib/gsim/base.py:347: ExperimentalWarning: CanadaSHM6_ActiveCrust_BooreEtAl2014 is experimental and may change in future versions - the user is liable for their application
  warnings.warn(msg, ExperimentalWarning)
/home/ssm-user/src/oq-engine/openquake/hazardlib/gsim/base.py:347: ExperimentalWarning: CanadaSHM6_ActiveCrust_BooreEtAl2014 is experimental and may change in future versions - the user is liable for their application
  warnings.warn(msg, ExperimentalWarning)
/home/ssm-user/src/oq-engine/openquake/hazardlib/gsim/base.py:347: ExperimentalWarning: CanadaSHM6_ActiveCrust_BooreEtAl2014 is experimental and may change in future versions - the user is liable for their application
  warnings.warn(msg, ExperimentalWarning)
/home/ssm-user/src/oq-engine/openquake/hazardlib/gsim/base.py:347: ExperimentalWarning: CanadaSHM6_ActiveCrust_BooreEtAl2014 is experimental and may change in future versions - the user is liable for their application
  warnings.warn(msg, ExperimentalWarning)
/home/ssm-user/src/oq-engine/openquake/hazardlib/gsim/base.py:347: ExperimentalWarning: CanadaSHM6_ActiveCrust_BooreEtAl2014 is experimental and may change in future versions - the user is liable for their application
  warnings.warn(msg, ExperimentalWarning)
/home/ssm-user/src/oq-engine/openquake/hazardlib/gsim/base.py:347: ExperimentalWarning: CanadaSHM6_ActiveCrust_BooreEtAl2014 is experimental and may change in future versions - the user is liable for their application
  warnings.warn(msg, ExperimentalWarning)
/home/ssm-user/src/oq-engine/openquake/hazardlib/gsim/base.py:347: ExperimentalWarning: CanadaSHM6_ActiveCrust_BooreEtAl2014 is experimental and may change in future versions - the user is liable for their application
  warnings.warn(msg, ExperimentalWarning)
/home/ssm-user/src/oq-engine/openquake/hazardlib/gsim/base.py:347: ExperimentalWarning: CanadaSHM6_ActiveCrust_BooreEtAl2014 is experimental and may change in future versions - the user is liable for their application
  warnings.warn(msg, ExperimentalWarning)
/home/ssm-user/src/oq-engine/openquake/hazardlib/gsim/base.py:347: ExperimentalWarning: CanadaSHM6_ActiveCrust_BooreEtAl2014 is experimental and may change in future versions - the user is liable for their application
  warnings.warn(msg, ExperimentalWarning)
/home/ssm-user/src/oq-engine/openquake/hazardlib/gsim/base.py:347: ExperimentalWarning: CanadaSHM6_ActiveCrust_BooreEtAl2014 is experimental and may change in future versions - the user is liable for their application
  warnings.warn(msg, ExperimentalWarning)
/home/ssm-user/src/oq-engine/openquake/hazardlib/gsim/base.py:347: ExperimentalWarning: CanadaSHM6_ActiveCrust_BooreEtAl2014 is experimental and may change in future versions - the user is liable for their application
  warnings.warn(msg, ExperimentalWarning)
/home/ssm-user/src/oq-engine/openquake/hazardlib/gsim/base.py:347: ExperimentalWarning: CanadaSHM6_ActiveCrust_BooreEtAl2014 is experimental and may change in future versions - the user is liable for their application
  warnings.warn(msg, ExperimentalWarning)
/home/ssm-user/src/oq-engine/openquake/hazardlib/gsim/base.py:347: ExperimentalWarning: CanadaSHM6_ActiveCrust_BooreEtAl2014 is experimental and may change in future versions - the user is liable for their application
  warnings.warn(msg, ExperimentalWarning)
/home/ssm-user/src/oq-engine/openquake/hazardlib/gsim/base.py:347: ExperimentalWarning: CanadaSHM6_ActiveCrust_BooreEtAl2014 is experimental and may change in future versions - the user is liable for their application
  warnings.warn(msg, ExperimentalWarning)
/home/ssm-user/src/oq-engine/openquake/hazardlib/gsim/base.py:347: ExperimentalWarning: CanadaSHM6_ActiveCrust_BooreEtAl2014 is experimental and may change in future versions - the user is liable for their application
  warnings.warn(msg, ExperimentalWarning)
/home/ssm-user/src/oq-engine/openquake/hazardlib/gsim/base.py:347: ExperimentalWarning: CanadaSHM6_ActiveCrust_BooreEtAl2014 is experimental and may change in future versions - the user is liable for their application
  warnings.warn(msg, ExperimentalWarning)
/home/ssm-user/src/oq-engine/openquake/hazardlib/gsim/base.py:347: ExperimentalWarning: CanadaSHM6_ActiveCrust_BooreEtAl2014 is experimental and may change in future versions - the user is liable for their application
  warnings.warn(msg, ExperimentalWarning)
/home/ssm-user/src/oq-engine/openquake/hazardlib/gsim/base.py:347: ExperimentalWarning: CanadaSHM6_ActiveCrust_BooreEtAl2014 is experimental and may change in future versions - the user is liable for their application
  warnings.warn(msg, ExperimentalWarning)
/home/ssm-user/src/oq-engine/openquake/hazardlib/gsim/base.py:347: ExperimentalWarning: CanadaSHM6_ActiveCrust_BooreEtAl2014 is experimental and may change in future versions - the user is liable for their application
  warnings.warn(msg, ExperimentalWarning)
/home/ssm-user/src/oq-engine/openquake/hazardlib/gsim/base.py:347: ExperimentalWarning: CanadaSHM6_ActiveCrust_BooreEtAl2014 is experimental and may change in future versions - the user is liable for their application
  warnings.warn(msg, ExperimentalWarning)
/home/ssm-user/src/oq-engine/openquake/hazardlib/gsim/base.py:347: ExperimentalWarning: CanadaSHM6_ActiveCrust_BooreEtAl2014 is experimental and may change in future versions - the user is liable for their application
  warnings.warn(msg, ExperimentalWarning)
/home/ssm-user/src/oq-engine/openquake/hazardlib/gsim/base.py:347: ExperimentalWarning: CanadaSHM6_ActiveCrust_BooreEtAl2014 is experimental and may change in future versions - the user is liable for their application
  warnings.warn(msg, ExperimentalWarning)
/home/ssm-user/src/oq-engine/openquake/hazardlib/gsim/base.py:347: ExperimentalWarning: CanadaSHM6_ActiveCrust_BooreEtAl2014 is experimental and may change in future versions - the user is liable for their application
  warnings.warn(msg, ExperimentalWarning)
/home/ssm-user/src/oq-engine/openquake/hazardlib/gsim/base.py:347: ExperimentalWarning: CanadaSHM6_ActiveCrust_BooreEtAl2014 is experimental and may change in future versions - the user is liable for their application
  warnings.warn(msg, ExperimentalWarning)
/home/ssm-user/src/oq-engine/openquake/hazardlib/gsim/base.py:347: ExperimentalWarning: CanadaSHM6_ActiveCrust_BooreEtAl2014 is experimental and may change in future versions - the user is liable for their application
  warnings.warn(msg, ExperimentalWarning)
/home/ssm-user/src/oq-engine/openquake/hazardlib/gsim/base.py:347: ExperimentalWarning: CanadaSHM6_ActiveCrust_BooreEtAl2014 is experimental and may change in future versions - the user is liable for their application
  warnings.warn(msg, ExperimentalWarning)
/home/ssm-user/src/oq-engine/openquake/hazardlib/gsim/base.py:347: ExperimentalWarning: CanadaSHM6_ActiveCrust_BooreEtAl2014 is experimental and may change in future versions - the user is liable for their application
  warnings.warn(msg, ExperimentalWarning)
/home/ssm-user/src/oq-engine/openquake/hazardlib/gsim/base.py:347: ExperimentalWarning: CanadaSHM6_ActiveCrust_BooreEtAl2014 is experimental and may change in future versions - the user is liable for their application
  warnings.warn(msg, ExperimentalWarning)
/home/ssm-user/src/oq-engine/openquake/hazardlib/gsim/base.py:347: ExperimentalWarning: CanadaSHM6_ActiveCrust_BooreEtAl2014 is experimental and may change in future versions - the user is liable for their application
  warnings.warn(msg, ExperimentalWarning)
/home/ssm-user/src/oq-engine/openquake/hazardlib/gsim/base.py:347: ExperimentalWarning: CanadaSHM6_ActiveCrust_BooreEtAl2014 is experimental and may change in future versions - the user is liable for their application
  warnings.warn(msg, ExperimentalWarning)
/home/ssm-user/src/oq-engine/openquake/hazardlib/gsim/base.py:347: ExperimentalWarning: CanadaSHM6_ActiveCrust_BooreEtAl2014 is experimental and may change in future versions - the user is liable for their application
  warnings.warn(msg, ExperimentalWarning)
/home/ssm-user/src/oq-engine/openquake/hazardlib/gsim/base.py:347: ExperimentalWarning: CanadaSHM6_ActiveCrust_BooreEtAl2014 is experimental and may change in future versions - the user is liable for their application
  warnings.warn(msg, ExperimentalWarning)
/home/ssm-user/src/oq-engine/openquake/hazardlib/gsim/base.py:347: ExperimentalWarning: CanadaSHM6_ActiveCrust_BooreEtAl2014 is experimental and may change in future versions - the user is liable for their application
  warnings.warn(msg, ExperimentalWarning)
/home/ssm-user/src/oq-engine/openquake/hazardlib/gsim/base.py:347: ExperimentalWarning: CanadaSHM6_ActiveCrust_BooreEtAl2014 is experimental and may change in future versions - the user is liable for their application
  warnings.warn(msg, ExperimentalWarning)
/home/ssm-user/src/oq-engine/openquake/hazardlib/gsim/base.py:347: ExperimentalWarning: CanadaSHM6_ActiveCrust_BooreEtAl2014 is experimental and may change in future versions - the user is liable for their application
  warnings.warn(msg, ExperimentalWarning)
/home/ssm-user/src/oq-engine/openquake/hazardlib/gsim/base.py:347: ExperimentalWarning: CanadaSHM6_ActiveCrust_BooreEtAl2014 is experimental and may change in future versions - the user is liable for their application
  warnings.warn(msg, ExperimentalWarning)
/home/ssm-user/src/oq-engine/openquake/hazardlib/gsim/base.py:347: ExperimentalWarning: CanadaSHM6_ActiveCrust_BooreEtAl2014 is experimental and may change in future versions - the user is liable for their application
  warnings.warn(msg, ExperimentalWarning)
/home/ssm-user/src/oq-engine/openquake/hazardlib/gsim/base.py:347: ExperimentalWarning: CanadaSHM6_ActiveCrust_BooreEtAl2014 is experimental and may change in future versions - the user is liable for their application
  warnings.warn(msg, ExperimentalWarning)
/home/ssm-user/src/oq-engine/openquake/hazardlib/gsim/base.py:347: ExperimentalWarning: CanadaSHM6_ActiveCrust_BooreEtAl2014 is experimental and may change in future versions - the user is liable for their application
  warnings.warn(msg, ExperimentalWarning)
/home/ssm-user/src/oq-engine/openquake/hazardlib/gsim/base.py:347: ExperimentalWarning: CanadaSHM6_ActiveCrust_BooreEtAl2014 is experimental and may change in future versions - the user is liable for their application
  warnings.warn(msg, ExperimentalWarning)
/home/ssm-user/src/oq-engine/openquake/hazardlib/gsim/base.py:347: ExperimentalWarning: CanadaSHM6_ActiveCrust_BooreEtAl2014 is experimental and may change in future versions - the user is liable for their application
  warnings.warn(msg, ExperimentalWarning)
/home/ssm-user/src/oq-engine/openquake/hazardlib/gsim/base.py:347: ExperimentalWarning: CanadaSHM6_ActiveCrust_BooreEtAl2014 is experimental and may change in future versions - the user is liable for their application
  warnings.warn(msg, ExperimentalWarning)
/home/ssm-user/src/oq-engine/openquake/hazardlib/gsim/base.py:347: ExperimentalWarning: CanadaSHM6_ActiveCrust_BooreEtAl2014 is experimental and may change in future versions - the user is liable for their application
  warnings.warn(msg, ExperimentalWarning)
/home/ssm-user/src/oq-engine/openquake/hazardlib/gsim/base.py:347: ExperimentalWarning: CanadaSHM6_ActiveCrust_BooreEtAl2014 is experimental and may change in future versions - the user is liable for their application
  warnings.warn(msg, ExperimentalWarning)
/home/ssm-user/src/oq-engine/openquake/hazardlib/gsim/base.py:347: ExperimentalWarning: CanadaSHM6_ActiveCrust_BooreEtAl2014 is experimental and may change in future versions - the user is liable for their application
  warnings.warn(msg, ExperimentalWarning)
/home/ssm-user/src/oq-engine/openquake/hazardlib/gsim/base.py:347: ExperimentalWarning: CanadaSHM6_ActiveCrust_BooreEtAl2014 is experimental and may change in future versions - the user is liable for their application
  warnings.warn(msg, ExperimentalWarning)
/home/ssm-user/src/oq-engine/openquake/hazardlib/gsim/base.py:347: ExperimentalWarning: CanadaSHM6_ActiveCrust_BooreEtAl2014 is experimental and may change in future versions - the user is liable for their application
  warnings.warn(msg, ExperimentalWarning)
/home/ssm-user/src/oq-engine/openquake/hazardlib/gsim/base.py:347: ExperimentalWarning: CanadaSHM6_ActiveCrust_BooreEtAl2014 is experimental and may change in future versions - the user is liable for their application
  warnings.warn(msg, ExperimentalWarning)
/home/ssm-user/src/oq-engine/openquake/hazardlib/gsim/base.py:347: ExperimentalWarning: CanadaSHM6_ActiveCrust_BooreEtAl2014 is experimental and may change in future versions - the user is liable for their application
  warnings.warn(msg, ExperimentalWarning)
/home/ssm-user/src/oq-engine/openquake/hazardlib/gsim/base.py:347: ExperimentalWarning: CanadaSHM6_ActiveCrust_BooreEtAl2014 is experimental and may change in future versions - the user is liable for their application
  warnings.warn(msg, ExperimentalWarning)
/home/ssm-user/src/oq-engine/openquake/hazardlib/gsim/base.py:347: ExperimentalWarning: CanadaSHM6_ActiveCrust_BooreEtAl2014 is experimental and may change in future versions - the user is liable for their application
  warnings.warn(msg, ExperimentalWarning)
/home/ssm-user/src/oq-engine/openquake/hazardlib/gsim/base.py:347: ExperimentalWarning: CanadaSHM6_ActiveCrust_BooreEtAl2014 is experimental and may change in future versions - the user is liable for their application
  warnings.warn(msg, ExperimentalWarning)
/home/ssm-user/src/oq-engine/openquake/hazardlib/gsim/base.py:347: ExperimentalWarning: CanadaSHM6_ActiveCrust_BooreEtAl2014 is experimental and may change in future versions - the user is liable for their application
  warnings.warn(msg, ExperimentalWarning)
/home/ssm-user/src/oq-engine/openquake/hazardlib/gsim/base.py:347: ExperimentalWarning: CanadaSHM6_ActiveCrust_BooreEtAl2014 is experimental and may change in future versions - the user is liable for their application
  warnings.warn(msg, ExperimentalWarning)
/home/ssm-user/src/oq-engine/openquake/hazardlib/gsim/base.py:347: ExperimentalWarning: CanadaSHM6_ActiveCrust_BooreEtAl2014 is experimental and may change in future versions - the user is liable for their application
  warnings.warn(msg, ExperimentalWarning)
/home/ssm-user/src/oq-engine/openquake/hazardlib/gsim/base.py:347: ExperimentalWarning: CanadaSHM6_ActiveCrust_BooreEtAl2014 is experimental and may change in future versions - the user is liable for their application
  warnings.warn(msg, ExperimentalWarning)
/home/ssm-user/src/oq-engine/openquake/hazardlib/gsim/base.py:347: ExperimentalWarning: CanadaSHM6_ActiveCrust_BooreEtAl2014 is experimental and may change in future versions - the user is liable for their application
  warnings.warn(msg, ExperimentalWarning)
[2021-09-03 09:47:39 #149 INFO] Stopping the workers
  id | name
1168 | Aggregate Event Losses
1167 | Aggregate Loss Curves Statistics
1169 | Aggregate Losses Statistics
1170 | Average Asset Losses Statistics
1171 | Full Report
1172 | Realizations
1173 | Source Loss Table
