[2020-10-26 18:26:31 #1344 INFO] murray.journeay running /mnt/data/shared/canada-2020/canada-srm2/cDamage/input/cDamage_r2_NU.ini [--hc=1315]
[2020-10-26 18:26:31 #1344 INFO] Using engine version 3.11.0-git4f03c56
[2020-10-26 18:26:32 #1344 WARNING] Using 64 cores on gem-compute
[2020-10-26 18:26:32 #1344 INFO] Checksum of the input files: 1508585000
[2020-10-26 18:26:32 #1344 INFO] Reading the risk model if present
[2020-10-26 18:26:36 #1344 INFO] Reading /mnt/data/shared/canada-2020/model-inputs/exposure/general-building-stock/oqBldgExp_NU.xml
[2020-10-26 18:26:36 #1344 INFO] Using asset_hazard_distance=14 km instead of 15 km
[2020-10-26 18:26:36 #1344 INFO] Associated 2087 assets to 39 sites
[2020-10-26 18:26:36 #1344 INFO] Reducing risk model from 4224 to 143 taxonomies
[2020-10-26 18:26:36 #1344 INFO] Storing risk model
[2020-10-26 18:26:37 #1344 INFO] Building risk inputs from 50 realization(s)
[2020-10-26 18:26:37 #1344 INFO] Built 39 risk inputs
[2020-10-26 18:26:40 #1344 INFO] classical_damage   2% [35 submitted, 0 queued]
[2020-10-26 18:26:41 #1344 INFO] classical_damage   5% [35 submitted, 0 queued]
[2020-10-26 18:26:41 #1344 INFO] classical_damage   8% [35 submitted, 0 queued]
[2020-10-26 18:26:41 #1344 INFO] classical_damage  11% [35 submitted, 0 queued]
[2020-10-26 18:26:41 #1344 INFO] classical_damage  14% [35 submitted, 0 queued]
[2020-10-26 18:26:41 #1344 INFO] classical_damage  17% [35 submitted, 0 queued]
[2020-10-26 18:26:41 #1344 INFO] classical_damage  20% [35 submitted, 0 queued]
[2020-10-26 18:26:41 #1344 INFO] classical_damage  22% [35 submitted, 0 queued]
[2020-10-26 18:26:41 #1344 INFO] classical_damage  25% [35 submitted, 0 queued]
[2020-10-26 18:26:41 #1344 INFO] classical_damage  28% [35 submitted, 0 queued]
[2020-10-26 18:26:41 #1344 INFO] classical_damage  31% [35 submitted, 0 queued]
[2020-10-26 18:26:41 #1344 INFO] classical_damage  34% [35 submitted, 0 queued]
[2020-10-26 18:26:41 #1344 INFO] classical_damage  37% [35 submitted, 0 queued]
[2020-10-26 18:26:41 #1344 INFO] classical_damage  40% [35 submitted, 0 queued]
[2020-10-26 18:26:41 #1344 INFO] classical_damage  42% [35 submitted, 0 queued]
[2020-10-26 18:26:41 #1344 INFO] classical_damage  45% [35 submitted, 0 queued]
[2020-10-26 18:26:41 #1344 INFO] classical_damage  48% [35 submitted, 0 queued]
[2020-10-26 18:26:41 #1344 INFO] classical_damage  51% [35 submitted, 0 queued]
[2020-10-26 18:26:41 #1344 INFO] classical_damage  54% [35 submitted, 0 queued]
[2020-10-26 18:26:42 #1344 INFO] classical_damage  57% [35 submitted, 0 queued]
[2020-10-26 18:26:42 #1344 INFO] classical_damage  60% [35 submitted, 0 queued]
[2020-10-26 18:26:42 #1344 INFO] classical_damage  62% [35 submitted, 0 queued]
[2020-10-26 18:26:42 #1344 INFO] classical_damage  65% [35 submitted, 0 queued]
[2020-10-26 18:26:42 #1344 INFO] classical_damage  68% [35 submitted, 0 queued]
[2020-10-26 18:26:42 #1344 INFO] classical_damage  71% [35 submitted, 0 queued]
[2020-10-26 18:26:42 #1344 INFO] classical_damage  74% [35 submitted, 0 queued]
[2020-10-26 18:26:42 #1344 INFO] classical_damage  77% [35 submitted, 0 queued]
[2020-10-26 18:26:42 #1344 INFO] classical_damage  80% [35 submitted, 0 queued]
[2020-10-26 18:26:42 #1344 INFO] classical_damage  82% [35 submitted, 0 queued]
[2020-10-26 18:26:42 #1344 INFO] classical_damage  85% [35 submitted, 0 queued]
[2020-10-26 18:26:42 #1344 INFO] classical_damage  88% [35 submitted, 0 queued]
[2020-10-26 18:26:42 #1344 INFO] classical_damage  91% [35 submitted, 0 queued]
[2020-10-26 18:26:42 #1344 INFO] classical_damage  94% [35 submitted, 0 queued]
[2020-10-26 18:26:42 #1344 INFO] classical_damage  97% [35 submitted, 0 queued]
[2020-10-26 18:26:42 #1344 INFO] classical_damage 100% [35 submitted, 0 queued]
[2020-10-26 18:26:42 #1344 INFO] Received {'tot': '2.3 MB'} in 4 seconds
[2020-10-26 18:26:43 #1344 INFO] Exposing the outputs to the database
[2020-10-26 18:26:43 #1344 INFO] Stored 3.82 MB on /mnt/data/murray.journeay/oqdata/calc_1344.hdf5 in 10 seconds
  id | name
7197 | Asset Damage Distributions
7198 | Asset Damage Statistics
7199 | Full Report
7200 | Realizations
