[2020-10-29 00:28:34 #1410 INFO] murray.journeay running /mnt/data/shared/canada-2020/canada-srm2/eDamage/input/eDamage_r2_NB.ini [--hc=None]
[2020-10-29 00:28:34 #1410 INFO] Using engine version 3.11.0-git4f03c56
[2020-10-29 00:28:35 #1410 WARNING] Using 64 cores on gem-compute
[2020-10-29 00:28:35 #1410 INFO] Validated nationalModel.xml in 0.01 seconds
[2020-10-29 00:28:35 #1410 INFO] Checksum of the input files: 2528730147
[2020-10-29 00:28:35 #1410 INFO] Reading the risk model if present
[2020-10-29 00:28:38 #1410 INFO] Reading /mnt/data/shared/canada-2020/model-inputs/exposure/general-building-stock/oqBldgExp_NB.xml
[2020-10-29 00:28:45 #1410 INFO] Extracting the hazard sites from the site model
[2020-10-29 00:28:46 #1410 INFO] Associated 73533 assets to 11470 sites
[2020-10-29 00:28:50 #1410 INFO] Reducing risk model from 4224 to 476 taxonomies
[2020-10-29 00:28:51 #1410 INFO] Considering 50 logic tree paths out of 24_576
[2020-10-29 00:28:51 #1410 INFO] 6 effective smlt realization(s)
[2020-10-29 00:28:51 #1410 INFO] Reading the source model(s) in parallel
[2020-10-29 00:28:53 #1410 INFO] read_source_model  16% [6 submitted, 0 queued]
[2020-10-29 00:28:53 #1410 INFO] read_source_model  33% [6 submitted, 0 queued]
[2020-10-29 00:28:53 #1410 INFO] read_source_model  50% [6 submitted, 0 queued]
[2020-10-29 00:28:53 #1410 INFO] read_source_model  66% [6 submitted, 0 queued]
[2020-10-29 00:28:53 #1410 INFO] read_source_model  83% [6 submitted, 0 queued]
[2020-10-29 00:28:54 #1410 INFO] read_source_model 100% [6 submitted, 0 queued]
[2020-10-29 00:28:54 #1410 INFO] Received {'/mnt/data/shared/canada-2020/CanadaSHM6/OpenQuake_model_files/sources/nationalModel/xml/simplifiedModel/WCan_HYeast_Harctic_simplified_collapsedRates.xml': '141.06 KB', '/mnt/data/shared/canada-2020/CanadaSHM6/OpenQuake_model_files/sources/nationalModel/xml/simplifiedModel/WCan_H2east_Harctic_simplified_collapsedRates.xml': '135.23 KB', '/mnt/data/shared/canada-2020/CanadaSHM6/OpenQuake_model_files/sources/nationalModel/xml/simplifiedModel/WCan_HYeast_Rarctic_simplified_collapsedRates.xml': '134.61 KB', '/mnt/data/shared/canada-2020/CanadaSHM6/OpenQuake_model_files/sources/nationalModel/xml/simplifiedModel/WCan_H2east_Rarctic_simplified_collapsedRates.xml': '128.78 KB', '/mnt/data/shared/canada-2020/CanadaSHM6/OpenQuake_model_files/sources/nationalModel/xml/simplifiedModel/WCan_R2east_Harctic_simplified_collapsedRates.xml': '119.91 KB', '/mnt/data/shared/canada-2020/CanadaSHM6/OpenQuake_model_files/sources/nationalModel/xml/simplifiedModel/WCan_R2east_Rarctic_simplified_collapsedRates.xml': '113.68 KB'} in 1 seconds
[2020-10-29 00:28:54 #1410 WARNING] There are multiple different sources with the same ID [<AreaSource SCCCT>, <AreaSource SCCCT>, <AreaSource SCCCT>, <AreaSource SCCCT>, <AreaSource SCCCT>, <AreaSource SCCCT>]
[2020-10-29 00:30:27 #1410 INFO] There are 195 sources
[2020-10-29 00:30:27 #1410 INFO] Checking the sources bounding box
[2020-10-29 00:30:28 #1410 ERROR] source ACM: The buffer of 600 km is too large, the bounding box is larger than half the globe: 219 degrees
[2020-10-29 00:30:28 #1410 INFO] Rupture floating factor = 1.6265060240963856
[2020-10-29 00:30:28 #1410 INFO] Rupture spinning factor = 3.2710843373493974
[2020-10-29 00:30:28 #1410 INFO] gzipping the input files
[2020-10-29 00:30:29 #1410 INFO] Storing risk model
[2020-10-29 00:30:30 #1410 INFO] minimum_intensity={'SA(0.3)': 0.1, 'SA(0.6)': 0.05, 'SA(1.0)': 0.05, 'SA(2.0)': 0.05}
[2020-10-29 00:30:30 #1410 INFO] Building ruptures
[2020-10-29 00:30:30 #1410 INFO] Sending <SourceGroup Subduction IntraSlab30, 1 source(s)>
[2020-10-29 00:30:30 #1410 INFO] Sending <SourceGroup Subduction IntraSlab55, 4 source(s)>
[2020-10-29 00:30:30 #1410 INFO] Sending <SourceGroup Subduction Interface, 13 source(s)>
[2020-10-29 00:30:30 #1410 INFO] Sending <SourceGroup Stable Shallow Crust, 120 source(s)>
[2020-10-29 00:30:30 #1410 INFO] Sending <SourceGroup Active Shallow Crust, 59 source(s)>
[2020-10-29 00:30:32 #1410 INFO] Sent 64 tasks, 94.24 MB in 0 seconds
[2020-10-29 00:30:33 #1410 INFO] sample_ruptures   1% [65 submitted, 19 queued]
[2020-10-29 00:30:33 #1410 INFO] sample_ruptures   2% [66 submitted, 18 queued]
[2020-10-29 00:30:33 #1410 INFO] sample_ruptures   3% [67 submitted, 17 queued]
[2020-10-29 00:30:33 #1410 INFO] sample_ruptures   4% [68 submitted, 16 queued]
[2020-10-29 00:30:33 #1410 INFO] sample_ruptures   5% [69 submitted, 15 queued]
[2020-10-29 00:30:34 #1410 INFO] sample_ruptures   7% [70 submitted, 14 queued]
[2020-10-29 00:30:34 #1410 INFO] sample_ruptures   8% [71 submitted, 13 queued]
[2020-10-29 00:30:34 #1410 INFO] sample_ruptures   9% [72 submitted, 12 queued]
[2020-10-29 00:30:34 #1410 INFO] sample_ruptures  10% [73 submitted, 11 queued]
[2020-10-29 00:30:34 #1410 INFO] sample_ruptures  11% [74 submitted, 10 queued]
[2020-10-29 00:30:34 #1410 INFO] sample_ruptures  13% [75 submitted, 9 queued]
[2020-10-29 00:30:34 #1410 INFO] sample_ruptures  14% [76 submitted, 8 queued]
[2020-10-29 00:30:34 #1410 INFO] sample_ruptures  15% [77 submitted, 7 queued]
[2020-10-29 00:30:34 #1410 INFO] sample_ruptures  16% [78 submitted, 6 queued]
[2020-10-29 00:30:34 #1410 INFO] sample_ruptures  17% [79 submitted, 5 queued]
[2020-10-29 00:30:34 #1410 INFO] sample_ruptures  19% [80 submitted, 4 queued]
[2020-10-29 00:30:34 #1410 INFO] sample_ruptures  20% [81 submitted, 3 queued]
[2020-10-29 00:30:34 #1410 INFO] sample_ruptures  21% [82 submitted, 2 queued]
[2020-10-29 00:30:34 #1410 INFO] sample_ruptures  22% [83 submitted, 1 queued]
[2020-10-29 00:30:34 #1410 INFO] sample_ruptures  23% [84 submitted, 0 queued]
[2020-10-29 00:30:35 #1410 INFO] sample_ruptures  25% [84 submitted, 0 queued]
[2020-10-29 00:30:35 #1410 INFO] sample_ruptures  26% [84 submitted, 0 queued]
[2020-10-29 00:30:35 #1410 INFO] sample_ruptures  27% [84 submitted, 0 queued]
[2020-10-29 00:30:35 #1410 INFO] sample_ruptures  28% [84 submitted, 0 queued]
[2020-10-29 00:30:35 #1410 INFO] sample_ruptures  29% [84 submitted, 0 queued]
[2020-10-29 00:30:35 #1410 INFO] sample_ruptures  30% [84 submitted, 0 queued]
[2020-10-29 00:30:35 #1410 INFO] sample_ruptures  32% [84 submitted, 0 queued]
[2020-10-29 00:30:35 #1410 INFO] sample_ruptures  33% [84 submitted, 0 queued]
[2020-10-29 00:30:35 #1410 INFO] sample_ruptures  34% [84 submitted, 0 queued]
[2020-10-29 00:30:35 #1410 INFO] sample_ruptures  35% [84 submitted, 0 queued]
[2020-10-29 00:30:35 #1410 INFO] sample_ruptures  36% [84 submitted, 0 queued]
[2020-10-29 00:30:35 #1410 INFO] sample_ruptures  38% [84 submitted, 0 queued]
[2020-10-29 00:30:35 #1410 INFO] sample_ruptures  39% [84 submitted, 0 queued]
[2020-10-29 00:30:35 #1410 INFO] sample_ruptures  40% [84 submitted, 0 queued]
[2020-10-29 00:30:35 #1410 INFO] sample_ruptures  41% [84 submitted, 0 queued]
[2020-10-29 00:30:35 #1410 INFO] sample_ruptures  42% [84 submitted, 0 queued]
[2020-10-29 00:30:36 #1410 INFO] sample_ruptures  44% [84 submitted, 0 queued]
[2020-10-29 00:30:36 #1410 INFO] sample_ruptures  45% [84 submitted, 0 queued]
[2020-10-29 00:30:36 #1410 INFO] sample_ruptures  46% [84 submitted, 0 queued]
[2020-10-29 00:30:36 #1410 INFO] sample_ruptures  47% [84 submitted, 0 queued]
[2020-10-29 00:30:36 #1410 INFO] sample_ruptures  48% [84 submitted, 0 queued]
[2020-10-29 00:30:36 #1410 INFO] sample_ruptures  50% [84 submitted, 0 queued]
[2020-10-29 00:30:36 #1410 INFO] sample_ruptures  51% [84 submitted, 0 queued]
[2020-10-29 00:30:36 #1410 INFO] sample_ruptures  52% [84 submitted, 0 queued]
[2020-10-29 00:30:38 #1410 INFO] sample_ruptures  53% [84 submitted, 0 queued]
[2020-10-29 00:30:41 #1410 INFO] sample_ruptures  54% [84 submitted, 0 queued]
[2020-10-29 00:30:44 #1410 INFO] sample_ruptures  55% [84 submitted, 0 queued]
[2020-10-29 00:30:45 #1410 INFO] sample_ruptures  57% [84 submitted, 0 queued]
[2020-10-29 00:30:45 #1410 INFO] sample_ruptures  58% [84 submitted, 0 queued]
[2020-10-29 00:30:46 #1410 INFO] sample_ruptures  59% [84 submitted, 0 queued]
[2020-10-29 00:30:46 #1410 INFO] sample_ruptures  60% [84 submitted, 0 queued]
[2020-10-29 00:30:47 #1410 INFO] sample_ruptures  61% [84 submitted, 0 queued]
[2020-10-29 00:30:48 #1410 INFO] sample_ruptures  63% [84 submitted, 0 queued]
[2020-10-29 00:30:48 #1410 INFO] sample_ruptures  64% [84 submitted, 0 queued]
[2020-10-29 00:30:49 #1410 INFO] sample_ruptures  65% [84 submitted, 0 queued]
[2020-10-29 00:30:49 #1410 INFO] sample_ruptures  66% [84 submitted, 0 queued]
[2020-10-29 00:30:51 #1410 INFO] sample_ruptures  67% [84 submitted, 0 queued]
[2020-10-29 00:30:52 #1410 INFO] sample_ruptures  69% [84 submitted, 0 queued]
[2020-10-29 00:30:52 #1410 INFO] sample_ruptures  70% [84 submitted, 0 queued]
[2020-10-29 00:30:55 #1410 INFO] sample_ruptures  71% [84 submitted, 0 queued]
[2020-10-29 00:30:56 #1410 INFO] sample_ruptures  72% [84 submitted, 0 queued]
[2020-10-29 00:30:56 #1410 INFO] sample_ruptures  73% [84 submitted, 0 queued]
[2020-10-29 00:30:58 #1410 INFO] sample_ruptures  75% [84 submitted, 0 queued]
[2020-10-29 00:30:58 #1410 INFO] sample_ruptures  76% [84 submitted, 0 queued]
[2020-10-29 00:30:59 #1410 INFO] sample_ruptures  77% [84 submitted, 0 queued]
[2020-10-29 00:31:00 #1410 INFO] sample_ruptures  78% [84 submitted, 0 queued]
[2020-10-29 00:31:05 #1410 INFO] sample_ruptures  79% [84 submitted, 0 queued]
[2020-10-29 00:31:06 #1410 INFO] sample_ruptures  80% [84 submitted, 0 queued]
[2020-10-29 00:31:10 #1410 INFO] sample_ruptures  82% [84 submitted, 0 queued]
[2020-10-29 00:31:15 #1410 INFO] sample_ruptures  83% [84 submitted, 0 queued]
[2020-10-29 00:31:19 #1410 INFO] sample_ruptures  84% [84 submitted, 0 queued]
[2020-10-29 00:31:21 #1410 INFO] sample_ruptures  85% [84 submitted, 0 queued]
[2020-10-29 00:31:22 #1410 INFO] sample_ruptures  86% [84 submitted, 0 queued]
[2020-10-29 00:31:26 #1410 INFO] sample_ruptures  88% [84 submitted, 0 queued]
[2020-10-29 00:31:27 #1410 INFO] sample_ruptures  89% [84 submitted, 0 queued]
[2020-10-29 00:31:29 #1410 INFO] sample_ruptures  90% [84 submitted, 0 queued]
[2020-10-29 00:31:35 #1410 INFO] sample_ruptures  91% [84 submitted, 0 queued]
[2020-10-29 00:31:35 #1410 INFO] sample_ruptures  92% [84 submitted, 0 queued]
[2020-10-29 00:32:01 #1410 INFO] sample_ruptures  94% [84 submitted, 0 queued]
[2020-10-29 00:32:03 #1410 INFO] sample_ruptures  95% [84 submitted, 0 queued]
[2020-10-29 00:32:09 #1410 INFO] sample_ruptures  96% [84 submitted, 0 queued]
[2020-10-29 00:32:12 #1410 INFO] sample_ruptures  97% [84 submitted, 0 queued]
[2020-10-29 00:32:17 #1410 INFO] sample_ruptures  98% [84 submitted, 0 queued]
[2020-10-29 00:33:04 #1410 INFO] sample_ruptures 100% [84 submitted, 0 queued]
[2020-10-29 00:33:04 #1410 INFO] Received {'rup_array': '76.67 MB', 'calc_times': '21.9 KB', 'eff_ruptures': '3.77 KB'} in 152 seconds
[2020-10-29 00:33:04 #1410 INFO] There are 50 realization(s)
[2020-10-29 00:33:04 #1410 INFO] Reordering the ruptures and storing the events
[2020-10-29 00:33:05 #1410 INFO] Associating event_id -> rlz_id for 677_390 events and 411_926 ruptures
[2020-10-29 00:33:17 #1410 INFO] Sent 132 tasks, 44.52 MB in 11 seconds
[2020-10-29 00:33:19 #1410 INFO] Received {'tot': '6.49 MB'} in 2 seconds
[2020-10-29 00:33:22 #1410 INFO] Reading 411_926 ruptures
[2020-10-29 00:33:44 #1410 INFO] Sent 132 tasks, 88.54 MB in 20 seconds
[2020-10-29 00:36:22 #1410 INFO] compute_gmfs   1% [132 submitted, 0 queued]
[2020-10-29 00:36:27 #1410 INFO] compute_gmfs   2% [132 submitted, 0 queued]
[2020-10-29 00:37:13 #1410 INFO] compute_gmfs   3% [132 submitted, 0 queued]
[2020-10-29 00:39:12 #1410 INFO] compute_gmfs   4% [132 submitted, 0 queued]
[2020-10-29 00:39:39 #1410 INFO] compute_gmfs   5% [132 submitted, 0 queued]
[2020-10-29 00:40:28 #1410 INFO] compute_gmfs   6% [132 submitted, 0 queued]
[2020-10-29 00:42:45 #1410 INFO] compute_gmfs   7% [132 submitted, 0 queued]
[2020-10-29 00:42:47 #1410 INFO] compute_gmfs   8% [132 submitted, 0 queued]
[2020-10-29 00:42:53 #1410 INFO] compute_gmfs   9% [132 submitted, 0 queued]
[2020-10-29 00:43:23 #1410 INFO] compute_gmfs  10% [132 submitted, 0 queued]
[2020-10-29 00:44:11 #1410 INFO] compute_gmfs  11% [132 submitted, 0 queued]
[2020-10-29 00:44:19 #1410 INFO] compute_gmfs  12% [132 submitted, 0 queued]
[2020-10-29 00:44:58 #1410 INFO] compute_gmfs  13% [132 submitted, 0 queued]
[2020-10-29 00:45:01 #1410 INFO] compute_gmfs  14% [132 submitted, 0 queued]
[2020-10-29 00:45:25 #1410 INFO] compute_gmfs  15% [132 submitted, 0 queued]
[2020-10-29 00:45:51 #1410 INFO] compute_gmfs  16% [132 submitted, 0 queued]
[2020-10-29 00:46:47 #1410 INFO] compute_gmfs  17% [132 submitted, 0 queued]
[2020-10-29 00:46:50 #1410 INFO] compute_gmfs  18% [132 submitted, 0 queued]
[2020-10-29 00:48:23 #1410 INFO] compute_gmfs  19% [132 submitted, 0 queued]
[2020-10-29 00:48:23 #1410 INFO] compute_gmfs  20% [132 submitted, 0 queued]
[2020-10-29 00:48:28 #1410 INFO] compute_gmfs  21% [132 submitted, 0 queued]
[2020-10-29 00:49:07 #1410 INFO] compute_gmfs  22% [132 submitted, 0 queued]
[2020-10-29 00:49:17 #1410 INFO] compute_gmfs  23% [132 submitted, 0 queued]
[2020-10-29 00:49:56 #1410 INFO] compute_gmfs  24% [132 submitted, 0 queued]
[2020-10-29 00:50:05 #1410 INFO] compute_gmfs  25% [132 submitted, 0 queued]
[2020-10-29 00:50:12 #1410 INFO] compute_gmfs  26% [132 submitted, 0 queued]
[2020-10-29 00:50:30 #1410 INFO] compute_gmfs  27% [132 submitted, 0 queued]
[2020-10-29 00:51:15 #1410 INFO] compute_gmfs  28% [132 submitted, 0 queued]
[2020-10-29 00:51:41 #1410 INFO] compute_gmfs  29% [132 submitted, 0 queued]
[2020-10-29 00:52:03 #1410 INFO] compute_gmfs  30% [132 submitted, 0 queued]
[2020-10-29 00:52:12 #1410 INFO] compute_gmfs  31% [132 submitted, 0 queued]
[2020-10-29 00:52:28 #1410 INFO] compute_gmfs  32% [132 submitted, 0 queued]
[2020-10-29 00:52:29 #1410 INFO] compute_gmfs  33% [132 submitted, 0 queued]
[2020-10-29 00:52:45 #1410 INFO] compute_gmfs  34% [132 submitted, 0 queued]
[2020-10-29 00:52:47 #1410 INFO] compute_gmfs  35% [132 submitted, 0 queued]
[2020-10-29 00:52:55 #1410 INFO] compute_gmfs  36% [132 submitted, 0 queued]
[2020-10-29 00:52:56 #1410 INFO] compute_gmfs  37% [132 submitted, 0 queued]
[2020-10-29 00:53:18 #1410 INFO] compute_gmfs  38% [132 submitted, 0 queued]
[2020-10-29 00:53:25 #1410 INFO] compute_gmfs  39% [132 submitted, 0 queued]
[2020-10-29 00:53:40 #1410 INFO] compute_gmfs  40% [132 submitted, 0 queued]
[2020-10-29 00:53:49 #1410 INFO] compute_gmfs  41% [132 submitted, 0 queued]
[2020-10-29 00:54:16 #1410 INFO] compute_gmfs  42% [132 submitted, 0 queued]
[2020-10-29 00:54:29 #1410 INFO] compute_gmfs  43% [132 submitted, 0 queued]
[2020-10-29 00:55:24 #1410 INFO] compute_gmfs  44% [132 submitted, 0 queued]
[2020-10-29 00:55:26 #1410 INFO] compute_gmfs  45% [132 submitted, 0 queued]
[2020-10-29 00:55:29 #1410 INFO] compute_gmfs  46% [132 submitted, 0 queued]
[2020-10-29 00:55:43 #1410 INFO] compute_gmfs  47% [132 submitted, 0 queued]
[2020-10-29 00:55:47 #1410 INFO] compute_gmfs  48% [132 submitted, 0 queued]
[2020-10-29 00:55:51 #1410 INFO] compute_gmfs  49% [132 submitted, 0 queued]
[2020-10-29 00:56:19 #1410 INFO] compute_gmfs  50% [132 submitted, 0 queued]
[2020-10-29 00:56:34 #1410 INFO] compute_gmfs  51% [132 submitted, 0 queued]
[2020-10-29 00:56:35 #1410 INFO] compute_gmfs  52% [132 submitted, 0 queued]
[2020-10-29 00:56:38 #1410 INFO] compute_gmfs  53% [132 submitted, 0 queued]
[2020-10-29 00:57:38 #1410 INFO] compute_gmfs  54% [132 submitted, 0 queued]
[2020-10-29 00:57:43 #1410 INFO] compute_gmfs  55% [132 submitted, 0 queued]
[2020-10-29 00:57:48 #1410 INFO] compute_gmfs  56% [132 submitted, 0 queued]
[2020-10-29 00:58:13 #1410 INFO] compute_gmfs  57% [132 submitted, 0 queued]
[2020-10-29 00:58:29 #1410 INFO] compute_gmfs  58% [132 submitted, 0 queued]
[2020-10-29 00:58:31 #1410 INFO] compute_gmfs  59% [132 submitted, 0 queued]
[2020-10-29 00:58:32 #1410 INFO] compute_gmfs  60% [132 submitted, 0 queued]
[2020-10-29 00:58:49 #1410 INFO] compute_gmfs  61% [132 submitted, 0 queued]
[2020-10-29 00:58:59 #1410 INFO] compute_gmfs  62% [132 submitted, 0 queued]
[2020-10-29 00:59:45 #1410 INFO] compute_gmfs  63% [132 submitted, 0 queued]
[2020-10-29 00:59:47 #1410 INFO] compute_gmfs  64% [132 submitted, 0 queued]
[2020-10-29 00:59:51 #1410 INFO] compute_gmfs  65% [132 submitted, 0 queued]
[2020-10-29 00:59:59 #1410 INFO] compute_gmfs  66% [132 submitted, 0 queued]
[2020-10-29 01:00:00 #1410 INFO] compute_gmfs  67% [132 submitted, 0 queued]
[2020-10-29 01:00:04 #1410 INFO] compute_gmfs  68% [132 submitted, 0 queued]
[2020-10-29 01:00:06 #1410 INFO] compute_gmfs  69% [132 submitted, 0 queued]
[2020-10-29 01:00:20 #1410 INFO] compute_gmfs  70% [132 submitted, 0 queued]
[2020-10-29 01:00:25 #1410 INFO] compute_gmfs  71% [132 submitted, 0 queued]
[2020-10-29 01:00:46 #1410 INFO] compute_gmfs  72% [132 submitted, 0 queued]
[2020-10-29 01:01:09 #1410 INFO] compute_gmfs  73% [132 submitted, 0 queued]
[2020-10-29 01:01:11 #1410 INFO] compute_gmfs  74% [132 submitted, 0 queued]
[2020-10-29 01:01:31 #1410 INFO] compute_gmfs  75% [132 submitted, 0 queued]
[2020-10-29 01:01:49 #1410 INFO] compute_gmfs  76% [132 submitted, 0 queued]
[2020-10-29 01:02:08 #1410 INFO] compute_gmfs  77% [132 submitted, 0 queued]
[2020-10-29 01:02:12 #1410 INFO] compute_gmfs  78% [132 submitted, 0 queued]
[2020-10-29 01:02:22 #1410 INFO] compute_gmfs  79% [132 submitted, 0 queued]
[2020-10-29 01:02:35 #1410 INFO] compute_gmfs  80% [132 submitted, 0 queued]
[2020-10-29 01:02:54 #1410 INFO] compute_gmfs  81% [132 submitted, 0 queued]
[2020-10-29 01:03:04 #1410 INFO] compute_gmfs  82% [132 submitted, 0 queued]
[2020-10-29 01:03:09 #1410 INFO] compute_gmfs  83% [132 submitted, 0 queued]
[2020-10-29 01:03:22 #1410 INFO] compute_gmfs  84% [132 submitted, 0 queued]
[2020-10-29 01:03:43 #1410 INFO] compute_gmfs  85% [132 submitted, 0 queued]
[2020-10-29 01:03:51 #1410 INFO] compute_gmfs  86% [132 submitted, 0 queued]
[2020-10-29 01:04:00 #1410 INFO] compute_gmfs  87% [132 submitted, 0 queued]
[2020-10-29 01:04:19 #1410 INFO] compute_gmfs  88% [132 submitted, 0 queued]
[2020-10-29 01:04:20 #1410 INFO] compute_gmfs  89% [132 submitted, 0 queued]
[2020-10-29 01:04:46 #1410 INFO] compute_gmfs  90% [132 submitted, 0 queued]
[2020-10-29 01:05:07 #1410 INFO] compute_gmfs  91% [132 submitted, 0 queued]
[2020-10-29 01:05:24 #1410 INFO] compute_gmfs  92% [132 submitted, 0 queued]
[2020-10-29 01:05:24 #1410 INFO] compute_gmfs  93% [132 submitted, 0 queued]
[2020-10-29 01:06:19 #1410 INFO] compute_gmfs  94% [132 submitted, 0 queued]
[2020-10-29 01:06:29 #1410 INFO] compute_gmfs  95% [132 submitted, 0 queued]
[2020-10-29 01:06:34 #1410 INFO] compute_gmfs  96% [132 submitted, 0 queued]
[2020-10-29 01:09:10 #1410 INFO] compute_gmfs  97% [132 submitted, 0 queued]
[2020-10-29 01:09:45 #1410 INFO] compute_gmfs  98% [132 submitted, 0 queued]
[2020-10-29 01:10:51 #1410 INFO] compute_gmfs  99% [132 submitted, 0 queued]
[2020-10-29 01:12:25 #1410 INFO] compute_gmfs 100% [132 submitted, 0 queued]
[2020-10-29 01:12:25 #1410 INFO] Received {'gmfdata': '3.78 GB', 'sig_eps': '5.86 MB', 'times': '4.71 MB', 'hcurves': '1.8 KB'} in 2321 seconds
[2020-10-29 01:12:30 #1410 INFO] Stored 202700 relevant event IDs
[2020-10-29 01:12:30 #1410 INFO] Building risk inputs from 50 realization(s)
[2020-10-29 01:13:12 #1410 INFO] Grouped the GMFs by site ID
[2020-10-29 01:13:23 #1410 INFO] Built 11470 risk inputs
[2020-10-29 01:13:39 #1410 INFO] Sent 131 tasks, 4.12 GB in 15 seconds
[2020-10-29 01:27:58 #1410 INFO] scenario_damage   1% [131 submitted, 0 queued]
[2020-10-29 01:28:12 #1410 INFO] scenario_damage   2% [131 submitted, 0 queued]
[2020-10-29 01:28:30 #1410 INFO] scenario_damage   3% [131 submitted, 0 queued]
[2020-10-29 01:28:57 #1410 INFO] scenario_damage   4% [131 submitted, 0 queued]
[2020-10-29 01:29:01 #1410 INFO] scenario_damage   5% [131 submitted, 0 queued]
[2020-10-29 01:29:08 #1410 INFO] scenario_damage   6% [131 submitted, 0 queued]
[2020-10-29 01:29:32 #1410 INFO] scenario_damage   7% [131 submitted, 0 queued]
[2020-10-29 01:29:36 #1410 INFO] scenario_damage   8% [131 submitted, 0 queued]
[2020-10-29 01:29:36 #1410 INFO] scenario_damage   9% [131 submitted, 0 queued]
[2020-10-29 01:29:51 #1410 INFO] scenario_damage  10% [131 submitted, 0 queued]
[2020-10-29 01:29:54 #1410 INFO] scenario_damage  11% [131 submitted, 0 queued]
[2020-10-29 01:30:00 #1410 INFO] scenario_damage  12% [131 submitted, 0 queued]
[2020-10-29 01:30:13 #1410 INFO] scenario_damage  13% [131 submitted, 0 queued]
[2020-10-29 01:30:21 #1410 INFO] scenario_damage  14% [131 submitted, 0 queued]
[2020-10-29 01:30:22 #1410 INFO] scenario_damage  15% [131 submitted, 0 queued]
[2020-10-29 01:30:28 #1410 INFO] scenario_damage  16% [131 submitted, 0 queued]
[2020-10-29 01:30:33 #1410 INFO] scenario_damage  17% [131 submitted, 0 queued]
[2020-10-29 01:30:35 #1410 INFO] scenario_damage  18% [131 submitted, 0 queued]
[2020-10-29 01:30:40 #1410 INFO] scenario_damage  19% [131 submitted, 0 queued]
[2020-10-29 01:30:46 #1410 INFO] scenario_damage  20% [131 submitted, 0 queued]
[2020-10-29 01:31:01 #1410 INFO] scenario_damage  21% [131 submitted, 0 queued]
[2020-10-29 01:31:05 #1410 INFO] scenario_damage  22% [131 submitted, 0 queued]
[2020-10-29 01:31:08 #1410 INFO] scenario_damage  23% [131 submitted, 0 queued]
[2020-10-29 01:31:10 #1410 INFO] scenario_damage  24% [131 submitted, 0 queued]
[2020-10-29 01:31:16 #1410 INFO] scenario_damage  25% [131 submitted, 0 queued]
[2020-10-29 01:31:18 #1410 INFO] scenario_damage  26% [131 submitted, 0 queued]
[2020-10-29 01:31:28 #1410 INFO] scenario_damage  27% [131 submitted, 0 queued]
[2020-10-29 01:31:51 #1410 INFO] scenario_damage  28% [131 submitted, 0 queued]
[2020-10-29 01:31:56 #1410 INFO] scenario_damage  29% [131 submitted, 0 queued]
[2020-10-29 01:32:03 #1410 INFO] scenario_damage  30% [131 submitted, 0 queued]
[2020-10-29 01:32:05 #1410 INFO] scenario_damage  31% [131 submitted, 0 queued]
[2020-10-29 01:32:10 #1410 INFO] scenario_damage  32% [131 submitted, 0 queued]
[2020-10-29 01:32:29 #1410 INFO] scenario_damage  33% [131 submitted, 0 queued]
[2020-10-29 01:32:29 #1410 INFO] scenario_damage  34% [131 submitted, 0 queued]
[2020-10-29 01:32:40 #1410 INFO] scenario_damage  35% [131 submitted, 0 queued]
[2020-10-29 01:32:47 #1410 INFO] scenario_damage  36% [131 submitted, 0 queued]
[2020-10-29 01:32:47 #1410 INFO] scenario_damage  37% [131 submitted, 0 queued]
[2020-10-29 01:32:53 #1410 INFO] scenario_damage  38% [131 submitted, 0 queued]
[2020-10-29 01:33:10 #1410 INFO] scenario_damage  39% [131 submitted, 0 queued]
[2020-10-29 01:33:19 #1410 INFO] scenario_damage  40% [131 submitted, 0 queued]
[2020-10-29 01:33:22 #1410 INFO] scenario_damage  41% [131 submitted, 0 queued]
[2020-10-29 01:33:30 #1410 INFO] scenario_damage  42% [131 submitted, 0 queued]
[2020-10-29 01:33:33 #1410 INFO] scenario_damage  43% [131 submitted, 0 queued]
[2020-10-29 01:33:37 #1410 INFO] scenario_damage  44% [131 submitted, 0 queued]
[2020-10-29 01:33:37 #1410 INFO] scenario_damage  45% [131 submitted, 0 queued]
[2020-10-29 01:33:58 #1410 INFO] scenario_damage  46% [131 submitted, 0 queued]
[2020-10-29 01:34:07 #1410 INFO] scenario_damage  47% [131 submitted, 0 queued]
[2020-10-29 01:34:44 #1410 INFO] scenario_damage  48% [131 submitted, 0 queued]
[2020-10-29 01:45:30 #1410 INFO] scenario_damage  49% [131 submitted, 0 queued]
[2020-10-29 01:45:47 #1410 INFO] scenario_damage  50% [131 submitted, 0 queued]
[2020-10-29 01:45:51 #1410 INFO] scenario_damage  51% [131 submitted, 0 queued]
[2020-10-29 01:46:05 #1410 INFO] scenario_damage  52% [131 submitted, 0 queued]
[2020-10-29 01:46:06 #1410 INFO] scenario_damage  53% [131 submitted, 0 queued]
[2020-10-29 01:46:34 #1410 INFO] scenario_damage  54% [131 submitted, 0 queued]
[2020-10-29 01:46:54 #1410 INFO] scenario_damage  55% [131 submitted, 0 queued]
[2020-10-29 01:47:04 #1410 INFO] scenario_damage  56% [131 submitted, 0 queued]
[2020-10-29 01:47:13 #1410 INFO] scenario_damage  57% [131 submitted, 0 queued]
[2020-10-29 01:47:25 #1410 INFO] scenario_damage  58% [131 submitted, 0 queued]
[2020-10-29 01:48:14 #1410 INFO] scenario_damage  59% [131 submitted, 0 queued]
[2020-10-29 01:48:36 #1410 INFO] scenario_damage  60% [131 submitted, 0 queued]
[2020-10-29 01:48:42 #1410 INFO] scenario_damage  61% [131 submitted, 0 queued]
[2020-10-29 01:48:53 #1410 INFO] scenario_damage  62% [131 submitted, 0 queued]
[2020-10-29 01:49:00 #1410 INFO] scenario_damage  63% [131 submitted, 0 queued]
[2020-10-29 01:49:05 #1410 INFO] scenario_damage  64% [131 submitted, 0 queued]
[2020-10-29 01:49:25 #1410 INFO] scenario_damage  65% [131 submitted, 0 queued]
[2020-10-29 01:49:27 #1410 INFO] scenario_damage  66% [131 submitted, 0 queued]
[2020-10-29 01:49:29 #1410 INFO] scenario_damage  67% [131 submitted, 0 queued]
[2020-10-29 01:49:34 #1410 INFO] scenario_damage  68% [131 submitted, 0 queued]
[2020-10-29 01:49:35 #1410 INFO] scenario_damage  69% [131 submitted, 0 queued]
[2020-10-29 01:49:38 #1410 INFO] scenario_damage  70% [131 submitted, 0 queued]
[2020-10-29 01:49:44 #1410 INFO] scenario_damage  71% [131 submitted, 0 queued]
[2020-10-29 01:49:44 #1410 INFO] scenario_damage  72% [131 submitted, 0 queued]
[2020-10-29 01:49:51 #1410 INFO] scenario_damage  73% [131 submitted, 0 queued]
[2020-10-29 01:49:54 #1410 INFO] scenario_damage  74% [131 submitted, 0 queued]
[2020-10-29 01:50:01 #1410 INFO] scenario_damage  75% [131 submitted, 0 queued]
[2020-10-29 01:50:02 #1410 INFO] scenario_damage  76% [131 submitted, 0 queued]
[2020-10-29 01:50:04 #1410 INFO] scenario_damage  77% [131 submitted, 0 queued]
[2020-10-29 01:50:09 #1410 INFO] scenario_damage  78% [131 submitted, 0 queued]
[2020-10-29 01:50:11 #1410 INFO] scenario_damage  79% [131 submitted, 0 queued]
[2020-10-29 01:50:12 #1410 INFO] scenario_damage  80% [131 submitted, 0 queued]
[2020-10-29 01:50:46 #1410 INFO] scenario_damage  81% [131 submitted, 0 queued]
[2020-10-29 01:50:49 #1410 INFO] scenario_damage  82% [131 submitted, 0 queued]
[2020-10-29 01:50:50 #1410 INFO] scenario_damage  83% [131 submitted, 0 queued]
[2020-10-29 01:50:55 #1410 INFO] scenario_damage  84% [131 submitted, 0 queued]
[2020-10-29 01:51:12 #1410 INFO] scenario_damage  85% [131 submitted, 0 queued]
[2020-10-29 01:51:14 #1410 INFO] scenario_damage  86% [131 submitted, 0 queued]
[2020-10-29 01:51:21 #1410 INFO] scenario_damage  87% [131 submitted, 0 queued]
[2020-10-29 01:51:34 #1410 INFO] scenario_damage  88% [131 submitted, 0 queued]
[2020-10-29 01:51:42 #1410 INFO] scenario_damage  89% [131 submitted, 0 queued]
[2020-10-29 01:51:43 #1410 INFO] scenario_damage  90% [131 submitted, 0 queued]
[2020-10-29 01:51:57 #1410 INFO] scenario_damage  91% [131 submitted, 0 queued]
[2020-10-29 01:52:15 #1410 INFO] scenario_damage  92% [131 submitted, 0 queued]
[2020-10-29 01:52:16 #1410 INFO] scenario_damage  93% [131 submitted, 0 queued]
[2020-10-29 01:52:54 #1410 INFO] scenario_damage  94% [131 submitted, 0 queued]
[2020-10-29 01:53:10 #1410 INFO] scenario_damage  95% [131 submitted, 0 queued]
[2020-10-29 01:53:32 #1410 INFO] scenario_damage  96% [131 submitted, 0 queued]
[2020-10-29 01:53:35 #1410 INFO] scenario_damage  97% [131 submitted, 0 queued]
[2020-10-29 01:53:47 #1410 INFO] scenario_damage  98% [131 submitted, 0 queued]
[2020-10-29 01:56:09 #1410 INFO] scenario_damage  99% [131 submitted, 0 queued]
[2020-10-29 01:56:55 #1410 INFO] scenario_damage 100% [131 submitted, 0 queued]
[2020-10-29 01:56:56 #1410 INFO] Received {'aed': '784.87 MB', 'd_event': '570.52 MB', 'd_asset': '322.65 MB'} in 2596 seconds
[2020-10-29 01:57:06 #1410 INFO] Due to numeric errors the total number of assets is imprecise: {'expected': 274728.0, 'structural': 74439.2}
[2020-10-29 01:57:13 #1410 INFO] Exposing the outputs to the database
[2020-10-29 01:57:14 #1410 INFO] Stored 3.44 GB on /mnt/data/murray.journeay/oqdata/calc_1410.hdf5 in 5318 seconds
  id | name
7588 | Aggregate Event Damages
7586 | Average Asset Damages
7587 | Average Asset Damages Statistics
7594 | Earthquake Ruptures
7589 | Events
7590 | Full Report
7591 | Ground Motion Fields
7592 | Input Files
7593 | Realizations
