[2020-10-29 21:57:32 #1434 INFO] murray.journeay running /mnt/data/shared/canada-2020/canada-srm2/eDamage/input/eDamage_r2_ON3580.ini [--hc=None]
[2020-10-29 21:57:32 #1434 INFO] Using engine version 3.11.0-git4f03c56
[2020-10-29 21:57:32 #1434 WARNING] Using 64 cores on gem-compute
[2020-10-29 21:57:32 #1434 INFO] Validated nationalModel.xml in 0.01 seconds
[2020-10-29 21:57:33 #1434 INFO] Checksum of the input files: 2528730147
[2020-10-29 21:57:33 #1434 INFO] Reading the risk model if present
[2020-10-29 21:57:36 #1434 INFO] Reading /mnt/data/shared/canada-2020/model-inputs/exposure/general-building-stock/oqBldgExp_ON3580.xml
[2020-10-29 21:57:40 #1434 INFO] Extracting the hazard sites from the site model
[2020-10-29 21:57:43 #1434 INFO] Associated 41302 assets to 1153 sites
[2020-10-29 21:57:45 #1434 INFO] Reducing risk model from 4224 to 324 taxonomies
[2020-10-29 21:57:45 #1434 INFO] Considering 50 logic tree paths out of 24_576
[2020-10-29 21:57:46 #1434 INFO] 6 effective smlt realization(s)
[2020-10-29 21:57:46 #1434 INFO] Reading the source model(s) in parallel
[2020-10-29 21:57:48 #1434 INFO] read_source_model  16% [6 submitted, 0 queued]
[2020-10-29 21:57:48 #1434 INFO] read_source_model  33% [6 submitted, 0 queued]
[2020-10-29 21:57:48 #1434 INFO] read_source_model  50% [6 submitted, 0 queued]
[2020-10-29 21:57:48 #1434 INFO] read_source_model  66% [6 submitted, 0 queued]
[2020-10-29 21:57:48 #1434 INFO] read_source_model  83% [6 submitted, 0 queued]
[2020-10-29 21:57:48 #1434 INFO] read_source_model 100% [6 submitted, 0 queued]
[2020-10-29 21:57:48 #1434 INFO] Received {'/mnt/data/shared/canada-2020/CanadaSHM6/OpenQuake_model_files/sources/nationalModel/xml/simplifiedModel/WCan_HYeast_Harctic_simplified_collapsedRates.xml': '141.06 KB', '/mnt/data/shared/canada-2020/CanadaSHM6/OpenQuake_model_files/sources/nationalModel/xml/simplifiedModel/WCan_H2east_Harctic_simplified_collapsedRates.xml': '135.23 KB', '/mnt/data/shared/canada-2020/CanadaSHM6/OpenQuake_model_files/sources/nationalModel/xml/simplifiedModel/WCan_HYeast_Rarctic_simplified_collapsedRates.xml': '134.61 KB', '/mnt/data/shared/canada-2020/CanadaSHM6/OpenQuake_model_files/sources/nationalModel/xml/simplifiedModel/WCan_H2east_Rarctic_simplified_collapsedRates.xml': '128.78 KB', '/mnt/data/shared/canada-2020/CanadaSHM6/OpenQuake_model_files/sources/nationalModel/xml/simplifiedModel/WCan_R2east_Harctic_simplified_collapsedRates.xml': '119.91 KB', '/mnt/data/shared/canada-2020/CanadaSHM6/OpenQuake_model_files/sources/nationalModel/xml/simplifiedModel/WCan_R2east_Rarctic_simplified_collapsedRates.xml': '113.68 KB'} in 1 seconds
[2020-10-29 21:57:48 #1434 WARNING] There are multiple different sources with the same ID [<AreaSource SCCCT>, <AreaSource SCCCT>, <AreaSource SCCCT>, <AreaSource SCCCT>, <AreaSource SCCCT>, <AreaSource SCCCT>]
[2020-10-29 21:59:21 #1434 INFO] There are 195 sources
[2020-10-29 21:59:21 #1434 INFO] Checking the sources bounding box
[2020-10-29 21:59:21 #1434 ERROR] source ACM: The buffer of 600 km is too large, the bounding box is larger than half the globe: 219 degrees
[2020-10-29 21:59:21 #1434 INFO] Rupture floating factor = 1.6265060240963856
[2020-10-29 21:59:21 #1434 INFO] Rupture spinning factor = 3.2710843373493974
[2020-10-29 21:59:21 #1434 INFO] gzipping the input files
[2020-10-29 21:59:23 #1434 INFO] Storing risk model
[2020-10-29 21:59:24 #1434 INFO] minimum_intensity={'SA(0.3)': 0.1, 'SA(0.6)': 0.05, 'SA(1.0)': 0.05, 'SA(2.0)': 0.05}
[2020-10-29 21:59:24 #1434 INFO] Building ruptures
[2020-10-29 21:59:24 #1434 INFO] Sending <SourceGroup Subduction IntraSlab30, 1 source(s)>
[2020-10-29 21:59:24 #1434 INFO] Sending <SourceGroup Subduction IntraSlab55, 4 source(s)>
[2020-10-29 21:59:24 #1434 INFO] Sending <SourceGroup Subduction Interface, 13 source(s)>
[2020-10-29 21:59:24 #1434 INFO] Sending <SourceGroup Stable Shallow Crust, 120 source(s)>
[2020-10-29 21:59:24 #1434 INFO] Sending <SourceGroup Active Shallow Crust, 59 source(s)>
[2020-10-29 21:59:25 #1434 INFO] Sent 64 tasks, 60.23 MB in 0 seconds
[2020-10-29 21:59:27 #1434 INFO] sample_ruptures   1% [65 submitted, 19 queued]
[2020-10-29 21:59:27 #1434 INFO] sample_ruptures   2% [66 submitted, 18 queued]
[2020-10-29 21:59:27 #1434 INFO] sample_ruptures   3% [67 submitted, 17 queued]
[2020-10-29 21:59:27 #1434 INFO] sample_ruptures   4% [68 submitted, 16 queued]
[2020-10-29 21:59:27 #1434 INFO] sample_ruptures   5% [69 submitted, 15 queued]
[2020-10-29 21:59:27 #1434 INFO] sample_ruptures   7% [70 submitted, 14 queued]
[2020-10-29 21:59:27 #1434 INFO] sample_ruptures   8% [71 submitted, 13 queued]
[2020-10-29 21:59:27 #1434 INFO] sample_ruptures   9% [72 submitted, 12 queued]
[2020-10-29 21:59:27 #1434 INFO] sample_ruptures  10% [73 submitted, 11 queued]
[2020-10-29 21:59:27 #1434 INFO] sample_ruptures  11% [74 submitted, 10 queued]
[2020-10-29 21:59:27 #1434 INFO] sample_ruptures  13% [75 submitted, 9 queued]
[2020-10-29 21:59:28 #1434 INFO] sample_ruptures  14% [76 submitted, 8 queued]
[2020-10-29 21:59:28 #1434 INFO] sample_ruptures  15% [77 submitted, 7 queued]
[2020-10-29 21:59:28 #1434 INFO] sample_ruptures  16% [78 submitted, 6 queued]
[2020-10-29 21:59:28 #1434 INFO] sample_ruptures  17% [79 submitted, 5 queued]
[2020-10-29 21:59:28 #1434 INFO] sample_ruptures  19% [80 submitted, 4 queued]
[2020-10-29 21:59:28 #1434 INFO] sample_ruptures  20% [81 submitted, 3 queued]
[2020-10-29 21:59:28 #1434 INFO] sample_ruptures  21% [82 submitted, 2 queued]
[2020-10-29 21:59:28 #1434 INFO] sample_ruptures  22% [83 submitted, 1 queued]
[2020-10-29 21:59:28 #1434 INFO] sample_ruptures  23% [84 submitted, 0 queued]
[2020-10-29 21:59:28 #1434 INFO] sample_ruptures  25% [84 submitted, 0 queued]
[2020-10-29 21:59:28 #1434 INFO] sample_ruptures  26% [84 submitted, 0 queued]
[2020-10-29 21:59:28 #1434 INFO] sample_ruptures  27% [84 submitted, 0 queued]
[2020-10-29 21:59:28 #1434 INFO] sample_ruptures  28% [84 submitted, 0 queued]
[2020-10-29 21:59:28 #1434 INFO] sample_ruptures  29% [84 submitted, 0 queued]
[2020-10-29 21:59:28 #1434 INFO] sample_ruptures  30% [84 submitted, 0 queued]
[2020-10-29 21:59:28 #1434 INFO] sample_ruptures  32% [84 submitted, 0 queued]
[2020-10-29 21:59:28 #1434 INFO] sample_ruptures  33% [84 submitted, 0 queued]
[2020-10-29 21:59:29 #1434 INFO] sample_ruptures  34% [84 submitted, 0 queued]
[2020-10-29 21:59:29 #1434 INFO] sample_ruptures  35% [84 submitted, 0 queued]
[2020-10-29 21:59:29 #1434 INFO] sample_ruptures  36% [84 submitted, 0 queued]
[2020-10-29 21:59:29 #1434 INFO] sample_ruptures  38% [84 submitted, 0 queued]
[2020-10-29 21:59:29 #1434 INFO] sample_ruptures  39% [84 submitted, 0 queued]
[2020-10-29 21:59:29 #1434 INFO] sample_ruptures  40% [84 submitted, 0 queued]
[2020-10-29 21:59:29 #1434 INFO] sample_ruptures  41% [84 submitted, 0 queued]
[2020-10-29 21:59:29 #1434 INFO] sample_ruptures  42% [84 submitted, 0 queued]
[2020-10-29 21:59:29 #1434 INFO] sample_ruptures  44% [84 submitted, 0 queued]
[2020-10-29 21:59:29 #1434 INFO] sample_ruptures  45% [84 submitted, 0 queued]
[2020-10-29 21:59:29 #1434 INFO] sample_ruptures  46% [84 submitted, 0 queued]
[2020-10-29 21:59:29 #1434 INFO] sample_ruptures  47% [84 submitted, 0 queued]
[2020-10-29 21:59:29 #1434 INFO] sample_ruptures  48% [84 submitted, 0 queued]
[2020-10-29 21:59:29 #1434 INFO] sample_ruptures  50% [84 submitted, 0 queued]
[2020-10-29 21:59:29 #1434 INFO] sample_ruptures  51% [84 submitted, 0 queued]
[2020-10-29 21:59:29 #1434 INFO] sample_ruptures  52% [84 submitted, 0 queued]
[2020-10-29 21:59:29 #1434 INFO] sample_ruptures  53% [84 submitted, 0 queued]
[2020-10-29 21:59:29 #1434 INFO] sample_ruptures  54% [84 submitted, 0 queued]
[2020-10-29 21:59:29 #1434 INFO] sample_ruptures  55% [84 submitted, 0 queued]
[2020-10-29 21:59:29 #1434 INFO] sample_ruptures  57% [84 submitted, 0 queued]
[2020-10-29 21:59:29 #1434 INFO] sample_ruptures  58% [84 submitted, 0 queued]
[2020-10-29 21:59:29 #1434 INFO] sample_ruptures  59% [84 submitted, 0 queued]
[2020-10-29 21:59:30 #1434 INFO] sample_ruptures  60% [84 submitted, 0 queued]
[2020-10-29 21:59:30 #1434 INFO] sample_ruptures  61% [84 submitted, 0 queued]
[2020-10-29 21:59:32 #1434 INFO] sample_ruptures  63% [84 submitted, 0 queued]
[2020-10-29 21:59:33 #1434 INFO] sample_ruptures  64% [84 submitted, 0 queued]
[2020-10-29 21:59:34 #1434 INFO] sample_ruptures  65% [84 submitted, 0 queued]
[2020-10-29 21:59:34 #1434 INFO] sample_ruptures  66% [84 submitted, 0 queued]
[2020-10-29 21:59:34 #1434 INFO] sample_ruptures  67% [84 submitted, 0 queued]
[2020-10-29 21:59:35 #1434 INFO] sample_ruptures  69% [84 submitted, 0 queued]
[2020-10-29 21:59:35 #1434 INFO] sample_ruptures  70% [84 submitted, 0 queued]
[2020-10-29 21:59:36 #1434 INFO] sample_ruptures  71% [84 submitted, 0 queued]
[2020-10-29 21:59:36 #1434 INFO] sample_ruptures  72% [84 submitted, 0 queued]
[2020-10-29 21:59:36 #1434 INFO] sample_ruptures  73% [84 submitted, 0 queued]
[2020-10-29 21:59:37 #1434 INFO] sample_ruptures  75% [84 submitted, 0 queued]
[2020-10-29 21:59:37 #1434 INFO] sample_ruptures  76% [84 submitted, 0 queued]
[2020-10-29 21:59:38 #1434 INFO] sample_ruptures  77% [84 submitted, 0 queued]
[2020-10-29 21:59:38 #1434 INFO] sample_ruptures  78% [84 submitted, 0 queued]
[2020-10-29 21:59:39 #1434 INFO] sample_ruptures  79% [84 submitted, 0 queued]
[2020-10-29 21:59:39 #1434 INFO] sample_ruptures  80% [84 submitted, 0 queued]
[2020-10-29 21:59:41 #1434 INFO] sample_ruptures  82% [84 submitted, 0 queued]
[2020-10-29 21:59:41 #1434 INFO] sample_ruptures  83% [84 submitted, 0 queued]
[2020-10-29 21:59:43 #1434 INFO] sample_ruptures  84% [84 submitted, 0 queued]
[2020-10-29 21:59:43 #1434 INFO] sample_ruptures  85% [84 submitted, 0 queued]
[2020-10-29 21:59:43 #1434 INFO] sample_ruptures  86% [84 submitted, 0 queued]
[2020-10-29 21:59:44 #1434 INFO] sample_ruptures  88% [84 submitted, 0 queued]
[2020-10-29 21:59:44 #1434 INFO] sample_ruptures  89% [84 submitted, 0 queued]
[2020-10-29 21:59:45 #1434 INFO] sample_ruptures  90% [84 submitted, 0 queued]
[2020-10-29 21:59:51 #1434 INFO] sample_ruptures  91% [84 submitted, 0 queued]
[2020-10-29 21:59:54 #1434 INFO] sample_ruptures  92% [84 submitted, 0 queued]
[2020-10-29 22:00:01 #1434 INFO] sample_ruptures  94% [84 submitted, 0 queued]
[2020-10-29 22:00:11 #1434 INFO] sample_ruptures  95% [84 submitted, 0 queued]
[2020-10-29 22:00:12 #1434 INFO] sample_ruptures  96% [84 submitted, 0 queued]
[2020-10-29 22:00:14 #1434 INFO] sample_ruptures  97% [84 submitted, 0 queued]
[2020-10-29 22:00:14 #1434 INFO] sample_ruptures  98% [84 submitted, 0 queued]
[2020-10-29 22:01:02 #1434 INFO] sample_ruptures 100% [84 submitted, 0 queued]
[2020-10-29 22:01:02 #1434 INFO] Received {'rup_array': '36.13 MB', 'calc_times': '20.94 KB', 'eff_ruptures': '3.62 KB'} in 97 seconds
[2020-10-29 22:01:02 #1434 INFO] There are 50 realization(s)
[2020-10-29 22:01:02 #1434 INFO] Reordering the ruptures and storing the events
[2020-10-29 22:01:02 #1434 INFO] Associating event_id -> rlz_id for 304_279 events and 194_077 ruptures
[2020-10-29 22:01:09 #1434 INFO] Sent 131 tasks, 21.03 MB in 5 seconds
[2020-10-29 22:01:11 #1434 INFO] Received {'tot': '2.94 MB'} in 1 seconds
[2020-10-29 22:01:12 #1434 INFO] Reading 194_077 ruptures
[2020-10-29 22:01:23 #1434 INFO] Sent 131 tasks, 62.86 MB in 10 seconds
[2020-10-29 22:02:29 #1434 INFO] compute_gmfs   1% [131 submitted, 0 queued]
[2020-10-29 22:02:44 #1434 INFO] compute_gmfs   2% [131 submitted, 0 queued]
[2020-10-29 22:02:46 #1434 INFO] compute_gmfs   3% [131 submitted, 0 queued]
[2020-10-29 22:02:47 #1434 INFO] compute_gmfs   4% [131 submitted, 0 queued]
[2020-10-29 22:02:48 #1434 INFO] compute_gmfs   5% [131 submitted, 0 queued]
[2020-10-29 22:03:00 #1434 INFO] compute_gmfs   6% [131 submitted, 0 queued]
[2020-10-29 22:03:10 #1434 INFO] compute_gmfs   7% [131 submitted, 0 queued]
[2020-10-29 22:03:23 #1434 INFO] compute_gmfs   8% [131 submitted, 0 queued]
[2020-10-29 22:03:27 #1434 INFO] compute_gmfs   9% [131 submitted, 0 queued]
[2020-10-29 22:03:35 #1434 INFO] compute_gmfs  10% [131 submitted, 0 queued]
[2020-10-29 22:03:35 #1434 INFO] compute_gmfs  11% [131 submitted, 0 queued]
[2020-10-29 22:03:35 #1434 INFO] compute_gmfs  12% [131 submitted, 0 queued]
[2020-10-29 22:03:38 #1434 INFO] compute_gmfs  13% [131 submitted, 0 queued]
[2020-10-29 22:03:42 #1434 INFO] compute_gmfs  14% [131 submitted, 0 queued]
[2020-10-29 22:03:44 #1434 INFO] compute_gmfs  15% [131 submitted, 0 queued]
[2020-10-29 22:03:44 #1434 INFO] compute_gmfs  16% [131 submitted, 0 queued]
[2020-10-29 22:03:49 #1434 INFO] compute_gmfs  17% [131 submitted, 0 queued]
[2020-10-29 22:03:53 #1434 INFO] compute_gmfs  18% [131 submitted, 0 queued]
[2020-10-29 22:03:55 #1434 INFO] compute_gmfs  19% [131 submitted, 0 queued]
[2020-10-29 22:04:02 #1434 INFO] compute_gmfs  20% [131 submitted, 0 queued]
[2020-10-29 22:04:05 #1434 INFO] compute_gmfs  21% [131 submitted, 0 queued]
[2020-10-29 22:04:06 #1434 INFO] compute_gmfs  22% [131 submitted, 0 queued]
[2020-10-29 22:04:08 #1434 INFO] compute_gmfs  23% [131 submitted, 0 queued]
[2020-10-29 22:04:08 #1434 INFO] compute_gmfs  24% [131 submitted, 0 queued]
[2020-10-29 22:04:11 #1434 INFO] compute_gmfs  25% [131 submitted, 0 queued]
[2020-10-29 22:04:13 #1434 INFO] compute_gmfs  26% [131 submitted, 0 queued]
[2020-10-29 22:04:15 #1434 INFO] compute_gmfs  27% [131 submitted, 0 queued]
[2020-10-29 22:04:17 #1434 INFO] compute_gmfs  28% [131 submitted, 0 queued]
[2020-10-29 22:04:19 #1434 INFO] compute_gmfs  29% [131 submitted, 0 queued]
[2020-10-29 22:04:23 #1434 INFO] compute_gmfs  30% [131 submitted, 0 queued]
[2020-10-29 22:04:26 #1434 INFO] compute_gmfs  31% [131 submitted, 0 queued]
[2020-10-29 22:04:28 #1434 INFO] compute_gmfs  32% [131 submitted, 0 queued]
[2020-10-29 22:04:37 #1434 INFO] compute_gmfs  33% [131 submitted, 0 queued]
[2020-10-29 22:04:40 #1434 INFO] compute_gmfs  34% [131 submitted, 0 queued]
[2020-10-29 22:04:42 #1434 INFO] compute_gmfs  35% [131 submitted, 0 queued]
[2020-10-29 22:04:43 #1434 INFO] compute_gmfs  36% [131 submitted, 0 queued]
[2020-10-29 22:04:44 #1434 INFO] compute_gmfs  37% [131 submitted, 0 queued]
[2020-10-29 22:04:47 #1434 INFO] compute_gmfs  38% [131 submitted, 0 queued]
[2020-10-29 22:04:50 #1434 INFO] compute_gmfs  39% [131 submitted, 0 queued]
[2020-10-29 22:04:51 #1434 INFO] compute_gmfs  40% [131 submitted, 0 queued]
[2020-10-29 22:04:53 #1434 INFO] compute_gmfs  41% [131 submitted, 0 queued]
[2020-10-29 22:04:54 #1434 INFO] compute_gmfs  42% [131 submitted, 0 queued]
[2020-10-29 22:05:00 #1434 INFO] compute_gmfs  43% [131 submitted, 0 queued]
[2020-10-29 22:05:02 #1434 INFO] compute_gmfs  44% [131 submitted, 0 queued]
[2020-10-29 22:05:03 #1434 INFO] compute_gmfs  45% [131 submitted, 0 queued]
[2020-10-29 22:05:05 #1434 INFO] compute_gmfs  46% [131 submitted, 0 queued]
[2020-10-29 22:05:13 #1434 INFO] compute_gmfs  47% [131 submitted, 0 queued]
[2020-10-29 22:05:14 #1434 INFO] compute_gmfs  48% [131 submitted, 0 queued]
[2020-10-29 22:05:20 #1434 INFO] compute_gmfs  49% [131 submitted, 0 queued]
[2020-10-29 22:05:24 #1434 INFO] compute_gmfs  50% [131 submitted, 0 queued]
[2020-10-29 22:05:26 #1434 INFO] compute_gmfs  51% [131 submitted, 0 queued]
[2020-10-29 22:05:31 #1434 INFO] compute_gmfs  52% [131 submitted, 0 queued]
[2020-10-29 22:05:34 #1434 INFO] compute_gmfs  53% [131 submitted, 0 queued]
[2020-10-29 22:05:36 #1434 INFO] compute_gmfs  54% [131 submitted, 0 queued]
[2020-10-29 22:05:45 #1434 INFO] compute_gmfs  55% [131 submitted, 0 queued]
[2020-10-29 22:05:45 #1434 INFO] compute_gmfs  56% [131 submitted, 0 queued]
[2020-10-29 22:05:46 #1434 INFO] compute_gmfs  57% [131 submitted, 0 queued]
[2020-10-29 22:05:49 #1434 INFO] compute_gmfs  58% [131 submitted, 0 queued]
[2020-10-29 22:05:50 #1434 INFO] compute_gmfs  59% [131 submitted, 0 queued]
[2020-10-29 22:05:51 #1434 INFO] compute_gmfs  60% [131 submitted, 0 queued]
[2020-10-29 22:05:55 #1434 INFO] compute_gmfs  61% [131 submitted, 0 queued]
[2020-10-29 22:06:01 #1434 INFO] compute_gmfs  62% [131 submitted, 0 queued]
[2020-10-29 22:06:01 #1434 INFO] compute_gmfs  63% [131 submitted, 0 queued]
[2020-10-29 22:06:02 #1434 INFO] compute_gmfs  64% [131 submitted, 0 queued]
[2020-10-29 22:06:02 #1434 INFO] compute_gmfs  65% [131 submitted, 0 queued]
[2020-10-29 22:06:04 #1434 INFO] compute_gmfs  66% [131 submitted, 0 queued]
[2020-10-29 22:06:04 #1434 INFO] compute_gmfs  67% [131 submitted, 0 queued]
[2020-10-29 22:06:06 #1434 INFO] compute_gmfs  68% [131 submitted, 0 queued]
[2020-10-29 22:06:07 #1434 INFO] compute_gmfs  69% [131 submitted, 0 queued]
[2020-10-29 22:06:07 #1434 INFO] compute_gmfs  70% [131 submitted, 0 queued]
[2020-10-29 22:06:08 #1434 INFO] compute_gmfs  71% [131 submitted, 0 queued]
[2020-10-29 22:06:09 #1434 INFO] compute_gmfs  72% [131 submitted, 0 queued]
[2020-10-29 22:06:09 #1434 INFO] compute_gmfs  73% [131 submitted, 0 queued]
[2020-10-29 22:06:10 #1434 INFO] compute_gmfs  74% [131 submitted, 0 queued]
[2020-10-29 22:06:11 #1434 INFO] compute_gmfs  75% [131 submitted, 0 queued]
[2020-10-29 22:06:13 #1434 INFO] compute_gmfs  76% [131 submitted, 0 queued]
[2020-10-29 22:06:13 #1434 INFO] compute_gmfs  77% [131 submitted, 0 queued]
[2020-10-29 22:06:15 #1434 INFO] compute_gmfs  78% [131 submitted, 0 queued]
[2020-10-29 22:06:15 #1434 INFO] compute_gmfs  79% [131 submitted, 0 queued]
[2020-10-29 22:06:16 #1434 INFO] compute_gmfs  80% [131 submitted, 0 queued]
[2020-10-29 22:06:18 #1434 INFO] compute_gmfs  81% [131 submitted, 0 queued]
[2020-10-29 22:06:24 #1434 INFO] compute_gmfs  82% [131 submitted, 0 queued]
[2020-10-29 22:06:27 #1434 INFO] compute_gmfs  83% [131 submitted, 0 queued]
[2020-10-29 22:06:29 #1434 INFO] compute_gmfs  84% [131 submitted, 0 queued]
[2020-10-29 22:06:31 #1434 INFO] compute_gmfs  85% [131 submitted, 0 queued]
[2020-10-29 22:06:32 #1434 INFO] compute_gmfs  86% [131 submitted, 0 queued]
[2020-10-29 22:06:32 #1434 INFO] compute_gmfs  87% [131 submitted, 0 queued]
[2020-10-29 22:06:36 #1434 INFO] compute_gmfs  88% [131 submitted, 0 queued]
[2020-10-29 22:06:37 #1434 INFO] compute_gmfs  89% [131 submitted, 0 queued]
[2020-10-29 22:06:42 #1434 INFO] compute_gmfs  90% [131 submitted, 0 queued]
[2020-10-29 22:06:43 #1434 INFO] compute_gmfs  91% [131 submitted, 0 queued]
[2020-10-29 22:06:44 #1434 INFO] compute_gmfs  92% [131 submitted, 0 queued]
[2020-10-29 22:06:45 #1434 INFO] compute_gmfs  93% [131 submitted, 0 queued]
[2020-10-29 22:06:50 #1434 INFO] compute_gmfs  94% [131 submitted, 0 queued]
[2020-10-29 22:06:53 #1434 INFO] compute_gmfs  95% [131 submitted, 0 queued]
[2020-10-29 22:07:01 #1434 INFO] compute_gmfs  96% [131 submitted, 0 queued]
[2020-10-29 22:07:04 #1434 INFO] compute_gmfs  97% [131 submitted, 0 queued]
[2020-10-29 22:07:07 #1434 INFO] compute_gmfs  98% [131 submitted, 0 queued]
[2020-10-29 22:07:07 #1434 INFO] compute_gmfs  99% [131 submitted, 0 queued]
[2020-10-29 22:07:23 #1434 INFO] compute_gmfs 100% [131 submitted, 0 queued]
[2020-10-29 22:07:23 #1434 INFO] Received {'gmfdata': '154.82 MB', 'times': '2.25 MB', 'sig_eps': '1.31 MB', 'hcurves': '1.79 KB'} in 360 seconds
[2020-10-29 22:07:23 #1434 INFO] Stored 43690 relevant event IDs
[2020-10-29 22:07:24 #1434 INFO] Building risk inputs from 50 realization(s)
[2020-10-29 22:07:25 #1434 INFO] Grouped the GMFs by site ID
[2020-10-29 22:07:27 #1434 INFO] Built 1153 risk inputs
[2020-10-29 22:07:28 #1434 INFO] Sent 134 tasks, 178.49 MB in 1 seconds
[2020-10-29 22:09:26 #1434 INFO] scenario_damage   1% [134 submitted, 0 queued]
[2020-10-29 22:09:38 #1434 INFO] scenario_damage   2% [134 submitted, 0 queued]
[2020-10-29 22:09:57 #1434 INFO] scenario_damage   3% [134 submitted, 0 queued]
[2020-10-29 22:10:04 #1434 INFO] scenario_damage   4% [134 submitted, 0 queued]
[2020-10-29 22:10:05 #1434 INFO] scenario_damage   5% [134 submitted, 0 queued]
[2020-10-29 22:10:12 #1434 INFO] scenario_damage   6% [134 submitted, 0 queued]
[2020-10-29 22:10:15 #1434 INFO] scenario_damage   7% [134 submitted, 0 queued]
[2020-10-29 22:10:16 #1434 INFO] scenario_damage   8% [134 submitted, 0 queued]
[2020-10-29 22:10:19 #1434 INFO] scenario_damage   9% [134 submitted, 0 queued]
[2020-10-29 22:10:33 #1434 INFO] scenario_damage  10% [134 submitted, 0 queued]
[2020-10-29 22:10:35 #1434 INFO] scenario_damage  11% [134 submitted, 0 queued]
[2020-10-29 22:10:35 #1434 INFO] scenario_damage  12% [134 submitted, 0 queued]
[2020-10-29 22:10:38 #1434 INFO] scenario_damage  13% [134 submitted, 0 queued]
[2020-10-29 22:10:43 #1434 INFO] scenario_damage  14% [134 submitted, 0 queued]
[2020-10-29 22:10:47 #1434 INFO] scenario_damage  15% [134 submitted, 0 queued]
[2020-10-29 22:10:51 #1434 INFO] scenario_damage  16% [134 submitted, 0 queued]
[2020-10-29 22:10:58 #1434 INFO] scenario_damage  17% [134 submitted, 0 queued]
[2020-10-29 22:11:03 #1434 INFO] scenario_damage  18% [134 submitted, 0 queued]
[2020-10-29 22:11:04 #1434 INFO] scenario_damage  19% [134 submitted, 0 queued]
[2020-10-29 22:11:05 #1434 INFO] scenario_damage  20% [134 submitted, 0 queued]
[2020-10-29 22:11:10 #1434 INFO] scenario_damage  21% [134 submitted, 0 queued]
[2020-10-29 22:11:12 #1434 INFO] scenario_damage  22% [134 submitted, 0 queued]
[2020-10-29 22:11:12 #1434 INFO] scenario_damage  23% [134 submitted, 0 queued]
[2020-10-29 22:11:23 #1434 INFO] scenario_damage  24% [134 submitted, 0 queued]
[2020-10-29 22:11:24 #1434 INFO] scenario_damage  25% [134 submitted, 0 queued]
[2020-10-29 22:11:25 #1434 INFO] scenario_damage  26% [134 submitted, 0 queued]
[2020-10-29 22:11:29 #1434 INFO] scenario_damage  27% [134 submitted, 0 queued]
[2020-10-29 22:11:30 #1434 INFO] scenario_damage  28% [134 submitted, 0 queued]
[2020-10-29 22:11:31 #1434 INFO] scenario_damage  29% [134 submitted, 0 queued]
[2020-10-29 22:11:34 #1434 INFO] scenario_damage  30% [134 submitted, 0 queued]
[2020-10-29 22:11:35 #1434 INFO] scenario_damage  31% [134 submitted, 0 queued]
[2020-10-29 22:11:35 #1434 INFO] scenario_damage  32% [134 submitted, 0 queued]
[2020-10-29 22:11:40 #1434 INFO] scenario_damage  33% [134 submitted, 0 queued]
[2020-10-29 22:11:42 #1434 INFO] scenario_damage  34% [134 submitted, 0 queued]
[2020-10-29 22:11:46 #1434 INFO] scenario_damage  35% [134 submitted, 0 queued]
[2020-10-29 22:11:52 #1434 INFO] scenario_damage  36% [134 submitted, 0 queued]
[2020-10-29 22:11:54 #1434 INFO] scenario_damage  37% [134 submitted, 0 queued]
[2020-10-29 22:11:56 #1434 INFO] scenario_damage  38% [134 submitted, 0 queued]
[2020-10-29 22:12:08 #1434 INFO] scenario_damage  39% [134 submitted, 0 queued]
[2020-10-29 22:12:12 #1434 INFO] scenario_damage  40% [134 submitted, 0 queued]
[2020-10-29 22:12:13 #1434 INFO] scenario_damage  41% [134 submitted, 0 queued]
[2020-10-29 22:12:18 #1434 INFO] scenario_damage  42% [134 submitted, 0 queued]
[2020-10-29 22:12:19 #1434 INFO] scenario_damage  43% [134 submitted, 0 queued]
[2020-10-29 22:12:21 #1434 INFO] scenario_damage  44% [134 submitted, 0 queued]
[2020-10-29 22:12:34 #1434 INFO] scenario_damage  45% [134 submitted, 0 queued]
[2020-10-29 22:13:03 #1434 INFO] scenario_damage  46% [134 submitted, 0 queued]
[2020-10-29 22:13:15 #1434 INFO] scenario_damage  47% [134 submitted, 0 queued]
[2020-10-29 22:13:46 #1434 INFO] scenario_damage  48% [134 submitted, 0 queued]
[2020-10-29 22:13:47 #1434 INFO] scenario_damage  49% [134 submitted, 0 queued]
[2020-10-29 22:13:55 #1434 INFO] scenario_damage  50% [134 submitted, 0 queued]
[2020-10-29 22:14:01 #1434 INFO] scenario_damage  51% [134 submitted, 0 queued]
[2020-10-29 22:14:03 #1434 INFO] scenario_damage  52% [134 submitted, 0 queued]
[2020-10-29 22:14:21 #1434 INFO] scenario_damage  53% [134 submitted, 0 queued]
[2020-10-29 22:14:22 #1434 INFO] scenario_damage  54% [134 submitted, 0 queued]
[2020-10-29 22:14:22 #1434 INFO] scenario_damage  55% [134 submitted, 0 queued]
[2020-10-29 22:14:33 #1434 INFO] scenario_damage  56% [134 submitted, 0 queued]
[2020-10-29 22:14:37 #1434 INFO] scenario_damage  57% [134 submitted, 0 queued]
[2020-10-29 22:14:41 #1434 INFO] scenario_damage  58% [134 submitted, 0 queued]
[2020-10-29 22:14:45 #1434 INFO] scenario_damage  59% [134 submitted, 0 queued]
[2020-10-29 22:14:53 #1434 INFO] scenario_damage  60% [134 submitted, 0 queued]
[2020-10-29 22:14:58 #1434 INFO] scenario_damage  61% [134 submitted, 0 queued]
[2020-10-29 22:15:06 #1434 INFO] scenario_damage  62% [134 submitted, 0 queued]
[2020-10-29 22:15:08 #1434 INFO] scenario_damage  63% [134 submitted, 0 queued]
[2020-10-29 22:15:15 #1434 INFO] scenario_damage  64% [134 submitted, 0 queued]
[2020-10-29 22:15:18 #1434 INFO] scenario_damage  65% [134 submitted, 0 queued]
[2020-10-29 22:15:19 #1434 INFO] scenario_damage  66% [134 submitted, 0 queued]
[2020-10-29 22:15:20 #1434 INFO] scenario_damage  67% [134 submitted, 0 queued]
[2020-10-29 22:15:23 #1434 INFO] scenario_damage  68% [134 submitted, 0 queued]
[2020-10-29 22:15:24 #1434 INFO] scenario_damage  69% [134 submitted, 0 queued]
[2020-10-29 22:15:24 #1434 INFO] scenario_damage  70% [134 submitted, 0 queued]
[2020-10-29 22:15:29 #1434 INFO] scenario_damage  71% [134 submitted, 0 queued]
[2020-10-29 22:15:31 #1434 INFO] scenario_damage  72% [134 submitted, 0 queued]
[2020-10-29 22:15:35 #1434 INFO] scenario_damage  73% [134 submitted, 0 queued]
[2020-10-29 22:15:37 #1434 INFO] scenario_damage  74% [134 submitted, 0 queued]
[2020-10-29 22:15:39 #1434 INFO] scenario_damage  75% [134 submitted, 0 queued]
[2020-10-29 22:15:40 #1434 INFO] scenario_damage  76% [134 submitted, 0 queued]
[2020-10-29 22:15:42 #1434 INFO] scenario_damage  77% [134 submitted, 0 queued]
[2020-10-29 22:15:43 #1434 INFO] scenario_damage  78% [134 submitted, 0 queued]
[2020-10-29 22:15:43 #1434 INFO] scenario_damage  79% [134 submitted, 0 queued]
[2020-10-29 22:15:46 #1434 INFO] scenario_damage  80% [134 submitted, 0 queued]
[2020-10-29 22:15:47 #1434 INFO] scenario_damage  81% [134 submitted, 0 queued]
[2020-10-29 22:15:48 #1434 INFO] scenario_damage  82% [134 submitted, 0 queued]
[2020-10-29 22:15:54 #1434 INFO] scenario_damage  83% [134 submitted, 0 queued]
[2020-10-29 22:15:55 #1434 INFO] scenario_damage  84% [134 submitted, 0 queued]
[2020-10-29 22:15:55 #1434 INFO] scenario_damage  85% [134 submitted, 0 queued]
[2020-10-29 22:15:57 #1434 INFO] scenario_damage  86% [134 submitted, 0 queued]
[2020-10-29 22:16:02 #1434 INFO] scenario_damage  87% [134 submitted, 0 queued]
[2020-10-29 22:16:03 #1434 INFO] scenario_damage  88% [134 submitted, 0 queued]
[2020-10-29 22:16:12 #1434 INFO] scenario_damage  89% [134 submitted, 0 queued]
[2020-10-29 22:16:15 #1434 INFO] scenario_damage  90% [134 submitted, 0 queued]
[2020-10-29 22:16:16 #1434 INFO] scenario_damage  91% [134 submitted, 0 queued]
[2020-10-29 22:16:21 #1434 INFO] scenario_damage  92% [134 submitted, 0 queued]
[2020-10-29 22:16:24 #1434 INFO] scenario_damage  93% [134 submitted, 0 queued]
[2020-10-29 22:16:32 #1434 INFO] scenario_damage  94% [134 submitted, 0 queued]
[2020-10-29 22:16:38 #1434 INFO] scenario_damage  95% [134 submitted, 0 queued]
[2020-10-29 22:16:41 #1434 INFO] scenario_damage  96% [134 submitted, 0 queued]
[2020-10-29 22:16:41 #1434 INFO] scenario_damage  97% [134 submitted, 0 queued]
[2020-10-29 22:16:53 #1434 INFO] scenario_damage  98% [134 submitted, 0 queued]
[2020-10-29 22:18:47 #1434 INFO] scenario_damage  99% [134 submitted, 0 queued]
[2020-10-29 22:19:01 #1434 INFO] scenario_damage 100% [134 submitted, 0 queued]
[2020-10-29 22:19:01 #1434 INFO] Received {'aed': '1.56 GB', 'd_asset': '181.24 MB', 'd_event': '110.95 MB'} in 692 seconds
[2020-10-29 22:19:06 #1434 INFO] Due to numeric errors the total number of assets is imprecise: {'expected': 112638.0, 'structural': 13709.353}
[2020-10-29 22:19:08 #1434 INFO] Exposing the outputs to the database
[2020-10-29 22:19:08 #1434 INFO] Stored 423.35 MB on /mnt/data/murray.journeay/oqdata/calc_1434.hdf5 in 1296 seconds
  id | name
7804 | Aggregate Event Damages
7802 | Average Asset Damages
7803 | Average Asset Damages Statistics
7810 | Earthquake Ruptures
7805 | Events
7806 | Full Report
7807 | Ground Motion Fields
7808 | Input Files
7809 | Realizations
