/home/ssm-user/src/oq-engine/openquake/hazardlib/gsim/base.py:347: ExperimentalWarning: CanadaSHM6_ActiveCrust_BooreEtAl2014 is experimental and may change in future versions - the user is liable for their application
  warnings.warn(msg, ExperimentalWarning)
/home/ssm-user/src/oq-engine/openquake/hazardlib/gsim/base.py:347: ExperimentalWarning: CanadaSHM6_ActiveCrust_AbrahamsonEtAl2014 is experimental and may change in future versions - the user is liable for their application
  warnings.warn(msg, ExperimentalWarning)
/home/ssm-user/src/oq-engine/openquake/hazardlib/gsim/base.py:347: ExperimentalWarning: CanadaSHM6_ActiveCrust_BooreEtAl2014 is experimental and may change in future versions - the user is liable for their application
  warnings.warn(msg, ExperimentalWarning)
/home/ssm-user/src/oq-engine/openquake/hazardlib/gsim/base.py:347: ExperimentalWarning: CanadaSHM6_ActiveCrust_CampbellBozorgnia2014 is experimental and may change in future versions - the user is liable for their application
  warnings.warn(msg, ExperimentalWarning)
/home/ssm-user/src/oq-engine/openquake/hazardlib/gsim/base.py:347: ExperimentalWarning: CanadaSHM6_ActiveCrust_ChiouYoungs2014 is experimental and may change in future versions - the user is liable for their application
  warnings.warn(msg, ExperimentalWarning)
[2021-11-09 10:34:34 #240 INFO] root running /mnt/storage/canada-srm2/eDamage/input/eDamage_b0_ON_N_Waterloo.ini [--hc=None]
[2021-11-09 10:34:34 #240 INFO] Using engine version 3.11.3-git29ac352f7d
[2021-11-09 10:34:34 #240 WARNING] Version v3.11.4 of the engine is available, but you are still using version 3.11.3-git29ac352f7d
[2021-11-09 10:34:34 #240 WARNING] Using 96 cores on ip-10-70-136-127
[2021-11-09 10:34:34 #240 INFO] Validated nationalModel.xml in 0.01 seconds
[2021-11-09 10:34:34 #240 INFO] Checksum of the input files: 514598877
[2021-11-09 10:34:34 #240 INFO] Reading the risk model if present
[2021-11-09 10:34:37 #240 INFO] Reading /mnt/storage/openquake-inputs/exposure/general-building-stock/oqBldgExp_ON_N_Waterloo.xml
[2021-11-09 10:34:47 #240 INFO] Extracting the hazard sites from the site model
[2021-11-09 10:34:51 #240 INFO] Associated 76653 assets to 5708 sites
[2021-11-09 10:34:56 #240 INFO] Reducing risk model from 4224 to 495 taxonomies
[2021-11-09 10:34:57 #240 INFO] minimum_asset_loss={'structural': 0}
[2021-11-09 10:34:58 #240 INFO] Considering 200 logic tree paths out of 24_576
[2021-11-09 10:34:58 #240 INFO] Reading the source model(s) in parallel
[2021-11-09 10:35:01 #240 INFO] read_source_model  16% [6 submitted, 0 queued]
[2021-11-09 10:35:01 #240 INFO] read_source_model  33% [6 submitted, 0 queued]
[2021-11-09 10:35:01 #240 INFO] read_source_model  50% [6 submitted, 0 queued]
[2021-11-09 10:35:01 #240 INFO] read_source_model  66% [6 submitted, 0 queued]
[2021-11-09 10:35:01 #240 INFO] read_source_model  83% [6 submitted, 0 queued]
[2021-11-09 10:35:01 #240 INFO] read_source_model 100% [6 submitted, 0 queued]
[2021-11-09 10:35:01 #240 INFO] Mean time per core=0s, std=0.0s, min=0s, max=0s
[2021-11-09 10:35:01 #240 INFO] Received {'/mnt/storage/CanadaSHM6/OpenQuake_model_files/sources/nationalModel/xml/simplifiedModel/WCan_HYeast_Harctic_simplified_collapsedRates.xml': '157.72 KB', '/mnt/storage/CanadaSHM6/OpenQuake_model_files/sources/nationalModel/xml/simplifiedModel/WCan_H2east_Harctic_simplified_collapsedRates.xml': '152.1 KB', '/mnt/storage/CanadaSHM6/OpenQuake_model_files/sources/nationalModel/xml/simplifiedModel/WCan_HYeast_Rarctic_simplified_collapsedRates.xml': '151.35 KB', '/mnt/storage/CanadaSHM6/OpenQuake_model_files/sources/nationalModel/xml/simplifiedModel/WCan_H2east_Rarctic_simplified_collapsedRates.xml': '145.73 KB', '/mnt/storage/CanadaSHM6/OpenQuake_model_files/sources/nationalModel/xml/simplifiedModel/WCan_R2east_Harctic_simplified_collapsedRates.xml': '137.01 KB', '/mnt/storage/CanadaSHM6/OpenQuake_model_files/sources/nationalModel/xml/simplifiedModel/WCan_R2east_Rarctic_simplified_collapsedRates.xml': '130.86 KB'} in 0 seconds
/home/ssm-user/src/oq-engine/openquake/hazardlib/gsim/base.py:347: ExperimentalWarning: CanadaSHM6_ActiveCrust_BooreEtAl2014 is experimental and may change in future versions - the user is liable for their application
  warnings.warn(msg, ExperimentalWarning)
/home/ssm-user/src/oq-engine/openquake/hazardlib/gsim/base.py:347: ExperimentalWarning: CanadaSHM6_ActiveCrust_BooreEtAl2014 is experimental and may change in future versions - the user is liable for their application
  warnings.warn(msg, ExperimentalWarning)
/home/ssm-user/src/oq-engine/openquake/hazardlib/gsim/base.py:347: ExperimentalWarning: CanadaSHM6_ActiveCrust_BooreEtAl2014 is experimental and may change in future versions - the user is liable for their application
  warnings.warn(msg, ExperimentalWarning)
/home/ssm-user/src/oq-engine/openquake/hazardlib/gsim/base.py:347: ExperimentalWarning: CanadaSHM6_ActiveCrust_BooreEtAl2014 is experimental and may change in future versions - the user is liable for their application
  warnings.warn(msg, ExperimentalWarning)
/home/ssm-user/src/oq-engine/openquake/hazardlib/gsim/base.py:347: ExperimentalWarning: CanadaSHM6_ActiveCrust_BooreEtAl2014 is experimental and may change in future versions - the user is liable for their application
  warnings.warn(msg, ExperimentalWarning)
/home/ssm-user/src/oq-engine/openquake/hazardlib/gsim/base.py:347: ExperimentalWarning: CanadaSHM6_ActiveCrust_BooreEtAl2014 is experimental and may change in future versions - the user is liable for their application
  warnings.warn(msg, ExperimentalWarning)
[2021-11-09 10:35:01 #240 INFO] There are multiple different sources with the same ID [<AreaSource SCCYA;0>, <AreaSource SCCYA;1>]
[2021-11-09 10:35:01 #240 INFO] There are 13 groups and 198 sources with len(et_ids)=3.87
[2021-11-09 10:35:01 #240 INFO] Checking the sources bounding box
[2021-11-09 10:35:01 #240 ERROR] source ACM: The buffer of 600 km is too large, the bounding box is larger than half the globe: 219 degrees
[2021-11-09 10:35:01 #240 INFO] Rupture floating factor = 1.6303030303030304
[2021-11-09 10:35:01 #240 INFO] Rupture spinning factor = 3.2181818181818183
[2021-11-09 10:35:01 #240 INFO] gzipping the input files
[2021-11-09 10:35:04 #240 INFO] Storing risk model
[2021-11-09 10:35:04 #240 INFO] minimum_intensity={'SA(0.3)': 0.02, 'SA(0.6)': 0.05, 'SA(1.0)': 0.05, 'SA(2.0)': 0.05}
[2021-11-09 10:35:04 #240 INFO] Building ruptures
[2021-11-09 10:36:40 #240 INFO] Sending <SourceGroup Subduction IntraSlab30, 1 source(s)>
[2021-11-09 10:36:40 #240 INFO] Sending <SourceGroup Subduction IntraSlab55, 4 source(s)>
[2021-11-09 10:36:40 #240 INFO] Sending <SourceGroup Subduction Interface, 14 source(s)>
[2021-11-09 10:36:40 #240 INFO] Sending <SourceGroup Stable Shallow Crust, 29 source(s)>
[2021-11-09 10:36:40 #240 INFO] Sending <SourceGroup Stable Shallow Crust, 4 source(s)>
[2021-11-09 10:36:40 #240 INFO] Sending <SourceGroup Stable Shallow Crust, 6 source(s)>
[2021-11-09 10:36:40 #240 INFO] Sending <SourceGroup Stable Shallow Crust, 18 source(s)>
[2021-11-09 10:36:40 #240 INFO] Sending <SourceGroup Stable Shallow Crust, 10 source(s)>
[2021-11-09 10:36:40 #240 INFO] Sending <SourceGroup Stable Shallow Crust, 38 source(s)>
[2021-11-09 10:36:40 #240 INFO] Sending <SourceGroup Stable Shallow Crust, 14 source(s)>
[2021-11-09 10:36:40 #240 INFO] Sending <SourceGroup Active Shallow Crust, 1 source(s)>
[2021-11-09 10:36:40 #240 INFO] Sending <SourceGroup Active Shallow Crust, 58 source(s)>
[2021-11-09 10:36:40 #240 INFO] Sending <SourceGroup Active Shallow Crust, 1 source(s)>
[2021-11-09 10:36:43 #240 INFO] Sent 96 tasks, 90.6 MB in 0 seconds
[2021-11-09 10:36:45 #240 INFO] sample_ruptures   1% [98 submitted, 5 queued]
[2021-11-09 10:36:45 #240 INFO] sample_ruptures   2% [99 submitted, 4 queued]
[2021-11-09 10:36:45 #240 INFO] sample_ruptures   3% [100 submitted, 3 queued]
[2021-11-09 10:36:45 #240 INFO] sample_ruptures   4% [101 submitted, 2 queued]
[2021-11-09 10:36:45 #240 INFO] sample_ruptures   5% [102 submitted, 1 queued]
[2021-11-09 10:36:45 #240 INFO] sample_ruptures   6% [103 submitted, 0 queued]
[2021-11-09 10:36:45 #240 INFO] sample_ruptures   7% [103 submitted, 0 queued]
[2021-11-09 10:36:45 #240 INFO] sample_ruptures   8% [103 submitted, 0 queued]
[2021-11-09 10:36:45 #240 INFO] sample_ruptures   9% [103 submitted, 0 queued]
[2021-11-09 10:36:45 #240 INFO] sample_ruptures  10% [103 submitted, 0 queued]
[2021-11-09 10:36:45 #240 INFO] sample_ruptures  11% [103 submitted, 0 queued]
[2021-11-09 10:36:45 #240 INFO] sample_ruptures  12% [103 submitted, 0 queued]
[2021-11-09 10:36:45 #240 INFO] sample_ruptures  13% [103 submitted, 0 queued]
[2021-11-09 10:36:45 #240 INFO] sample_ruptures  14% [103 submitted, 0 queued]
[2021-11-09 10:36:45 #240 INFO] sample_ruptures  15% [103 submitted, 0 queued]
[2021-11-09 10:36:45 #240 INFO] sample_ruptures  16% [103 submitted, 0 queued]
[2021-11-09 10:36:45 #240 INFO] sample_ruptures  17% [103 submitted, 0 queued]
[2021-11-09 10:36:45 #240 INFO] sample_ruptures  18% [103 submitted, 0 queued]
[2021-11-09 10:36:45 #240 INFO] sample_ruptures  19% [103 submitted, 0 queued]
[2021-11-09 10:36:45 #240 INFO] sample_ruptures  20% [103 submitted, 0 queued]
[2021-11-09 10:36:45 #240 INFO] sample_ruptures  21% [103 submitted, 0 queued]
[2021-11-09 10:36:45 #240 INFO] sample_ruptures  22% [103 submitted, 0 queued]
[2021-11-09 10:36:45 #240 INFO] sample_ruptures  23% [103 submitted, 0 queued]
[2021-11-09 10:36:45 #240 INFO] sample_ruptures  24% [103 submitted, 0 queued]
[2021-11-09 10:36:45 #240 INFO] sample_ruptures  25% [103 submitted, 0 queued]
[2021-11-09 10:36:45 #240 INFO] sample_ruptures  26% [103 submitted, 0 queued]
[2021-11-09 10:36:45 #240 INFO] sample_ruptures  27% [103 submitted, 0 queued]
[2021-11-09 10:36:45 #240 INFO] sample_ruptures  28% [103 submitted, 0 queued]
[2021-11-09 10:36:45 #240 INFO] sample_ruptures  29% [103 submitted, 0 queued]
[2021-11-09 10:36:45 #240 INFO] sample_ruptures  30% [103 submitted, 0 queued]
[2021-11-09 10:36:45 #240 INFO] sample_ruptures  31% [103 submitted, 0 queued]
[2021-11-09 10:36:45 #240 INFO] sample_ruptures  32% [103 submitted, 0 queued]
[2021-11-09 10:36:45 #240 INFO] sample_ruptures  33% [103 submitted, 0 queued]
[2021-11-09 10:36:45 #240 INFO] sample_ruptures  34% [103 submitted, 0 queued]
[2021-11-09 10:36:45 #240 INFO] sample_ruptures  35% [103 submitted, 0 queued]
[2021-11-09 10:36:45 #240 INFO] sample_ruptures  36% [103 submitted, 0 queued]
[2021-11-09 10:36:45 #240 INFO] sample_ruptures  37% [103 submitted, 0 queued]
[2021-11-09 10:36:45 #240 INFO] sample_ruptures  38% [103 submitted, 0 queued]
[2021-11-09 10:36:46 #240 INFO] sample_ruptures  39% [103 submitted, 0 queued]
[2021-11-09 10:36:46 #240 INFO] sample_ruptures  40% [103 submitted, 0 queued]
[2021-11-09 10:36:46 #240 INFO] sample_ruptures  41% [103 submitted, 0 queued]
[2021-11-09 10:36:46 #240 INFO] sample_ruptures  42% [103 submitted, 0 queued]
[2021-11-09 10:36:46 #240 INFO] sample_ruptures  43% [103 submitted, 0 queued]
[2021-11-09 10:36:46 #240 INFO] sample_ruptures  44% [103 submitted, 0 queued]
[2021-11-09 10:36:46 #240 INFO] sample_ruptures  45% [103 submitted, 0 queued]
[2021-11-09 10:36:46 #240 INFO] sample_ruptures  46% [103 submitted, 0 queued]
[2021-11-09 10:36:46 #240 INFO] sample_ruptures  47% [103 submitted, 0 queued]
[2021-11-09 10:36:46 #240 INFO] sample_ruptures  48% [103 submitted, 0 queued]
[2021-11-09 10:36:46 #240 INFO] sample_ruptures  49% [103 submitted, 0 queued]
[2021-11-09 10:36:46 #240 INFO] sample_ruptures  50% [103 submitted, 0 queued]
[2021-11-09 10:36:46 #240 INFO] sample_ruptures  51% [103 submitted, 0 queued]
[2021-11-09 10:36:46 #240 INFO] sample_ruptures  52% [103 submitted, 0 queued]
[2021-11-09 10:36:46 #240 INFO] sample_ruptures  53% [103 submitted, 0 queued]
[2021-11-09 10:36:46 #240 INFO] sample_ruptures  54% [103 submitted, 0 queued]
[2021-11-09 10:36:46 #240 INFO] sample_ruptures  55% [103 submitted, 0 queued]
[2021-11-09 10:36:46 #240 INFO] sample_ruptures  56% [103 submitted, 0 queued]
[2021-11-09 10:36:46 #240 INFO] sample_ruptures  57% [103 submitted, 0 queued]
[2021-11-09 10:36:46 #240 INFO] sample_ruptures  58% [103 submitted, 0 queued]
[2021-11-09 10:36:46 #240 INFO] sample_ruptures  59% [103 submitted, 0 queued]
[2021-11-09 10:36:46 #240 INFO] sample_ruptures  60% [103 submitted, 0 queued]
[2021-11-09 10:36:46 #240 INFO] sample_ruptures  61% [103 submitted, 0 queued]
[2021-11-09 10:36:46 #240 INFO] sample_ruptures  62% [103 submitted, 0 queued]
[2021-11-09 10:36:46 #240 INFO] sample_ruptures  63% [103 submitted, 0 queued]
[2021-11-09 10:36:46 #240 INFO] sample_ruptures  64% [103 submitted, 0 queued]
[2021-11-09 10:36:46 #240 INFO] sample_ruptures  65% [103 submitted, 0 queued]
[2021-11-09 10:36:46 #240 INFO] sample_ruptures  66% [103 submitted, 0 queued]
[2021-11-09 10:36:46 #240 INFO] sample_ruptures  67% [103 submitted, 0 queued]
[2021-11-09 10:36:46 #240 INFO] sample_ruptures  68% [103 submitted, 0 queued]
[2021-11-09 10:36:46 #240 INFO] sample_ruptures  69% [103 submitted, 0 queued]
[2021-11-09 10:36:59 #240 INFO] sample_ruptures  70% [103 submitted, 0 queued]
[2021-11-09 10:37:02 #240 INFO] sample_ruptures  71% [103 submitted, 0 queued]
[2021-11-09 10:37:05 #240 INFO] sample_ruptures  72% [103 submitted, 0 queued]
[2021-11-09 10:37:06 #240 INFO] sample_ruptures  73% [103 submitted, 0 queued]
[2021-11-09 10:37:10 #240 INFO] sample_ruptures  74% [103 submitted, 0 queued]
[2021-11-09 10:37:12 #240 INFO] sample_ruptures  75% [103 submitted, 0 queued]
[2021-11-09 10:37:12 #240 INFO] sample_ruptures  76% [103 submitted, 0 queued]
[2021-11-09 10:37:13 #240 INFO] sample_ruptures  77% [103 submitted, 0 queued]
[2021-11-09 10:37:13 #240 INFO] sample_ruptures  78% [103 submitted, 0 queued]
[2021-11-09 10:37:15 #240 INFO] sample_ruptures  79% [103 submitted, 0 queued]
[2021-11-09 10:37:19 #240 INFO] sample_ruptures  80% [103 submitted, 0 queued]
[2021-11-09 10:37:21 #240 INFO] sample_ruptures  81% [103 submitted, 0 queued]
[2021-11-09 10:37:23 #240 INFO] sample_ruptures  82% [103 submitted, 0 queued]
[2021-11-09 10:37:24 #240 INFO] sample_ruptures  83% [103 submitted, 0 queued]
[2021-11-09 10:37:24 #240 INFO] sample_ruptures  84% [103 submitted, 0 queued]
[2021-11-09 10:37:27 #240 INFO] sample_ruptures  85% [103 submitted, 0 queued]
[2021-11-09 10:37:28 #240 INFO] sample_ruptures  86% [103 submitted, 0 queued]
[2021-11-09 10:37:32 #240 INFO] sample_ruptures  87% [103 submitted, 0 queued]
[2021-11-09 10:37:33 #240 INFO] sample_ruptures  88% [103 submitted, 0 queued]
[2021-11-09 10:37:38 #240 INFO] sample_ruptures  89% [103 submitted, 0 queued]
[2021-11-09 10:37:39 #240 INFO] sample_ruptures  90% [103 submitted, 0 queued]
[2021-11-09 10:38:02 #240 INFO] sample_ruptures  91% [103 submitted, 0 queued]
[2021-11-09 10:38:03 #240 INFO] sample_ruptures  92% [103 submitted, 0 queued]
[2021-11-09 10:38:06 #240 INFO] sample_ruptures  93% [103 submitted, 0 queued]
[2021-11-09 10:38:17 #240 INFO] sample_ruptures  94% [103 submitted, 0 queued]
[2021-11-09 10:38:37 #240 INFO] sample_ruptures  95% [103 submitted, 0 queued]
[2021-11-09 10:38:43 #240 INFO] sample_ruptures  96% [103 submitted, 0 queued]
[2021-11-09 10:38:43 #240 INFO] sample_ruptures  97% [103 submitted, 0 queued]
[2021-11-09 10:38:46 #240 INFO] sample_ruptures  98% [103 submitted, 0 queued]
[2021-11-09 10:39:30 #240 INFO] sample_ruptures  99% [103 submitted, 0 queued]
[2021-11-09 10:41:06 #240 INFO] sample_ruptures 100% [103 submitted, 0 queued]
[2021-11-09 10:41:06 #240 INFO] Mean time per core=20s, std=41.7s, min=0s, max=261s
[2021-11-09 10:41:06 #240 INFO] Received {'rup_array': '99.56 MB', 'calc_times': '22.37 KB', 'eff_ruptures': '4.25 KB'} in 262 seconds
[2021-11-09 10:41:06 #240 INFO] There are 200 realization(s)
[2021-11-09 10:41:06 #240 INFO] Reordering the ruptures and storing the events
[2021-11-09 10:41:06 #240 INFO] Associating event_id -> rlz_id for 1_325_249 events and 478_554 ruptures
[2021-11-09 10:41:22 #240 INFO] Sent 196 tasks, 51.3 MB in 14 seconds
[2021-11-09 10:41:27 #240 INFO] Mean time per core=3s, std=1.1s, min=0s, max=6s
[2021-11-09 10:41:27 #240 INFO] Received {'tot': '12.69 MB'} in 4 seconds
[2021-11-09 10:41:34 #240 INFO] Reading 478_554 ruptures
[2021-11-09 10:41:47 #240 INFO] Sent 96 tasks, 100.4 MB in 1 seconds
[2021-11-09 10:53:38 #240 INFO] compute_gmfs   1% [98 submitted, 98 queued]
[2021-11-09 10:56:02 #240 INFO] compute_gmfs   2% [100 submitted, 96 queued]
[2021-11-09 11:07:33 #240 INFO] compute_gmfs   3% [102 submitted, 94 queued]
[2021-11-09 11:08:29 #240 INFO] compute_gmfs   4% [104 submitted, 92 queued]
[2021-11-09 11:15:17 #240 INFO] compute_gmfs   5% [106 submitted, 90 queued]
[2021-11-09 11:20:48 #240 INFO] compute_gmfs   6% [108 submitted, 88 queued]
[2021-11-09 11:22:48 #240 INFO] compute_gmfs   7% [110 submitted, 86 queued]
[2021-11-09 11:23:40 #240 INFO] compute_gmfs   8% [112 submitted, 84 queued]
[2021-11-09 11:24:22 #240 INFO] compute_gmfs   9% [114 submitted, 82 queued]
[2021-11-09 11:24:45 #240 INFO] compute_gmfs  10% [116 submitted, 80 queued]
[2021-11-09 11:24:57 #240 INFO] compute_gmfs  11% [118 submitted, 78 queued]
[2021-11-09 11:26:09 #240 INFO] compute_gmfs  12% [120 submitted, 76 queued]
[2021-11-09 11:29:14 #240 INFO] compute_gmfs  13% [122 submitted, 74 queued]
[2021-11-09 11:30:08 #240 INFO] compute_gmfs  14% [124 submitted, 72 queued]
[2021-11-09 11:31:05 #240 INFO] compute_gmfs  15% [126 submitted, 70 queued]
[2021-11-09 11:31:33 #240 INFO] compute_gmfs  16% [128 submitted, 68 queued]
[2021-11-09 11:32:30 #240 INFO] compute_gmfs  17% [130 submitted, 66 queued]
[2021-11-09 11:32:37 #240 INFO] compute_gmfs  18% [132 submitted, 64 queued]
[2021-11-09 11:32:44 #240 INFO] compute_gmfs  19% [134 submitted, 62 queued]
[2021-11-09 11:33:00 #240 INFO] compute_gmfs  20% [136 submitted, 60 queued]
[2021-11-09 11:33:17 #240 INFO] compute_gmfs  21% [138 submitted, 58 queued]
[2021-11-09 11:33:44 #240 INFO] compute_gmfs  22% [140 submitted, 56 queued]
[2021-11-09 11:34:00 #240 INFO] compute_gmfs  23% [142 submitted, 54 queued]
[2021-11-09 11:34:06 #240 INFO] compute_gmfs  24% [144 submitted, 52 queued]
[2021-11-09 11:34:18 #240 INFO] compute_gmfs  25% [145 submitted, 51 queued]
[2021-11-09 11:34:28 #240 INFO] compute_gmfs  26% [147 submitted, 49 queued]
[2021-11-09 11:34:45 #240 INFO] compute_gmfs  27% [149 submitted, 47 queued]
[2021-11-09 11:34:48 #240 INFO] compute_gmfs  28% [151 submitted, 45 queued]
[2021-11-09 11:34:59 #240 INFO] compute_gmfs  29% [153 submitted, 43 queued]
[2021-11-09 11:35:05 #240 INFO] compute_gmfs  30% [155 submitted, 41 queued]
[2021-11-09 11:35:17 #240 INFO] compute_gmfs  31% [157 submitted, 39 queued]
[2021-11-09 11:35:23 #240 INFO] compute_gmfs  32% [159 submitted, 37 queued]
[2021-11-09 11:35:25 #240 INFO] compute_gmfs  33% [161 submitted, 35 queued]
[2021-11-09 11:35:40 #240 INFO] compute_gmfs  34% [163 submitted, 33 queued]
[2021-11-09 11:36:12 #240 INFO] compute_gmfs  35% [165 submitted, 31 queued]
[2021-11-09 11:36:34 #240 INFO] compute_gmfs  36% [167 submitted, 29 queued]
[2021-11-09 11:36:34 #240 INFO] compute_gmfs  37% [169 submitted, 27 queued]
[2021-11-09 11:36:34 #240 INFO] compute_gmfs  38% [171 submitted, 25 queued]
[2021-11-09 11:36:44 #240 INFO] compute_gmfs  39% [173 submitted, 23 queued]
[2021-11-09 11:37:29 #240 INFO] compute_gmfs  40% [175 submitted, 21 queued]
[2021-11-09 11:37:29 #240 INFO] compute_gmfs  41% [177 submitted, 19 queued]
[2021-11-09 11:37:29 #240 INFO] compute_gmfs  42% [179 submitted, 17 queued]
[2021-11-09 11:37:29 #240 INFO] compute_gmfs  43% [181 submitted, 15 queued]
[2021-11-09 11:38:07 #240 INFO] compute_gmfs  44% [183 submitted, 13 queued]
[2021-11-09 11:38:29 #240 INFO] compute_gmfs  45% [185 submitted, 11 queued]
[2021-11-09 11:38:53 #240 INFO] compute_gmfs  46% [187 submitted, 9 queued]
[2021-11-09 11:40:25 #240 INFO] compute_gmfs  47% [189 submitted, 7 queued]
[2021-11-09 11:40:25 #240 INFO] compute_gmfs  48% [191 submitted, 5 queued]
[2021-11-09 11:40:25 #240 INFO] compute_gmfs  49% [193 submitted, 3 queued]
[2021-11-09 11:40:49 #240 INFO] compute_gmfs  50% [194 submitted, 2 queued]
[2021-11-09 11:42:20 #240 INFO] compute_gmfs  51% [196 submitted, 0 queued]
[2021-11-09 11:48:56 #240 INFO] compute_gmfs  52% [196 submitted, 0 queued]
[2021-11-09 11:51:36 #240 INFO] compute_gmfs  53% [196 submitted, 0 queued]
[2021-11-09 11:58:25 #240 INFO] compute_gmfs  54% [196 submitted, 0 queued]
[2021-11-09 12:01:19 #240 INFO] compute_gmfs  55% [196 submitted, 0 queued]
[2021-11-09 12:03:03 #240 INFO] compute_gmfs  56% [196 submitted, 0 queued]
[2021-11-09 12:04:59 #240 INFO] compute_gmfs  57% [196 submitted, 0 queued]
[2021-11-09 12:06:38 #240 INFO] compute_gmfs  58% [196 submitted, 0 queued]
[2021-11-09 12:08:04 #240 INFO] compute_gmfs  59% [196 submitted, 0 queued]
[2021-11-09 12:08:47 #240 INFO] compute_gmfs  60% [196 submitted, 0 queued]
[2021-11-09 12:10:53 #240 INFO] compute_gmfs  61% [196 submitted, 0 queued]
[2021-11-09 12:11:05 #240 INFO] compute_gmfs  62% [196 submitted, 0 queued]
[2021-11-09 12:12:43 #240 INFO] compute_gmfs  63% [196 submitted, 0 queued]
[2021-11-09 12:12:59 #240 INFO] compute_gmfs  64% [196 submitted, 0 queued]
[2021-11-09 12:13:36 #240 INFO] compute_gmfs  65% [196 submitted, 0 queued]
[2021-11-09 12:14:13 #240 INFO] compute_gmfs  66% [196 submitted, 0 queued]
[2021-11-09 12:15:28 #240 INFO] compute_gmfs  67% [196 submitted, 0 queued]
[2021-11-09 12:15:52 #240 INFO] compute_gmfs  68% [196 submitted, 0 queued]
[2021-11-09 12:16:27 #240 INFO] compute_gmfs  69% [196 submitted, 0 queued]
[2021-11-09 12:17:15 #240 INFO] compute_gmfs  70% [196 submitted, 0 queued]
[2021-11-09 12:17:47 #240 INFO] compute_gmfs  71% [196 submitted, 0 queued]
[2021-11-09 12:18:04 #240 INFO] compute_gmfs  72% [196 submitted, 0 queued]
[2021-11-09 12:18:32 #240 INFO] compute_gmfs  73% [196 submitted, 0 queued]
[2021-11-09 12:18:54 #240 INFO] compute_gmfs  74% [196 submitted, 0 queued]
[2021-11-09 12:18:54 #240 INFO] compute_gmfs  75% [196 submitted, 0 queued]
[2021-11-09 12:19:21 #240 INFO] compute_gmfs  76% [196 submitted, 0 queued]
[2021-11-09 12:20:01 #240 INFO] compute_gmfs  77% [196 submitted, 0 queued]
[2021-11-09 12:20:27 #240 INFO] compute_gmfs  78% [196 submitted, 0 queued]
[2021-11-09 12:20:31 #240 INFO] compute_gmfs  79% [196 submitted, 0 queued]
[2021-11-09 12:20:39 #240 INFO] compute_gmfs  80% [196 submitted, 0 queued]
[2021-11-09 12:20:53 #240 INFO] compute_gmfs  81% [196 submitted, 0 queued]
[2021-11-09 12:21:29 #240 INFO] compute_gmfs  82% [196 submitted, 0 queued]
[2021-11-09 12:22:07 #240 INFO] compute_gmfs  83% [196 submitted, 0 queued]
[2021-11-09 12:22:12 #240 INFO] compute_gmfs  84% [196 submitted, 0 queued]
[2021-11-09 12:22:23 #240 INFO] compute_gmfs  85% [196 submitted, 0 queued]
[2021-11-09 12:23:03 #240 INFO] compute_gmfs  86% [196 submitted, 0 queued]
[2021-11-09 12:23:22 #240 INFO] compute_gmfs  87% [196 submitted, 0 queued]
[2021-11-09 12:23:25 #240 INFO] compute_gmfs  88% [196 submitted, 0 queued]
[2021-11-09 12:23:41 #240 INFO] compute_gmfs  89% [196 submitted, 0 queued]
[2021-11-09 12:23:51 #240 INFO] compute_gmfs  90% [196 submitted, 0 queued]
[2021-11-09 12:24:05 #240 INFO] compute_gmfs  91% [196 submitted, 0 queued]
[2021-11-09 12:24:15 #240 INFO] compute_gmfs  92% [196 submitted, 0 queued]
[2021-11-09 12:24:20 #240 INFO] compute_gmfs  93% [196 submitted, 0 queued]
[2021-11-09 12:24:29 #240 INFO] compute_gmfs  94% [196 submitted, 0 queued]
[2021-11-09 12:25:00 #240 INFO] compute_gmfs  95% [196 submitted, 0 queued]
[2021-11-09 12:25:36 #240 INFO] compute_gmfs  96% [196 submitted, 0 queued]
[2021-11-09 12:26:49 #240 INFO] compute_gmfs  97% [196 submitted, 0 queued]
[2021-11-09 12:26:49 #240 INFO] compute_gmfs  98% [196 submitted, 0 queued]
[2021-11-09 12:28:34 #240 INFO] compute_gmfs  99% [196 submitted, 0 queued]
[2021-11-09 12:28:50 #240 INFO] compute_gmfs 100% [196 submitted, 0 queued]
[2021-11-09 12:28:50 #240 INFO] Mean time per core=5669s, std=555.7s, min=3836s, max=6398s
[2021-11-09 12:28:50 #240 INFO] Received {'gmfdata': '22.6 GB', 'sig_eps': '37.42 MB', 'times': '5.43 MB', 'hcurves': '980 B'} in 6424 seconds
[2021-11-09 12:28:50 #240 INFO] Stored 14.17 GB of GMFs
[2021-11-09 12:28:50 #240 WARNING] There are more than 1 GB of GMFs, not computing avg_gmf
[2021-11-09 12:29:19 #240 INFO] Building risk inputs from 200 realization(s)
[2021-11-09 12:31:48 #240 INFO] Grouping the GMFs by site ID
[2021-11-09 12:33:40 #240 INFO] Built 5710 risk inputs
[2021-11-09 12:34:14 #240 INFO] Sent 196 tasks, 18.39 GB in 33 seconds
[2021-11-09 13:23:22 #240 INFO] scenario_damage   1% [196 submitted, 0 queued]
[2021-11-09 13:25:09 #240 INFO] scenario_damage   2% [196 submitted, 0 queued]
[2021-11-09 13:27:41 #240 INFO] scenario_damage   3% [196 submitted, 0 queued]
[2021-11-09 13:29:36 #240 INFO] scenario_damage   4% [196 submitted, 0 queued]
[2021-11-09 13:33:53 #240 INFO] scenario_damage   5% [196 submitted, 0 queued]
[2021-11-09 13:35:56 #240 INFO] scenario_damage   6% [196 submitted, 0 queued]
[2021-11-09 13:38:42 #240 INFO] scenario_damage   7% [196 submitted, 0 queued]
[2021-11-09 13:41:58 #240 INFO] scenario_damage   8% [196 submitted, 0 queued]
[2021-11-09 13:45:00 #240 INFO] scenario_damage   9% [196 submitted, 0 queued]
[2021-11-09 13:46:40 #240 INFO] scenario_damage  10% [196 submitted, 0 queued]
[2021-11-09 13:47:45 #240 INFO] scenario_damage  11% [196 submitted, 0 queued]
[2021-11-09 13:49:15 #240 INFO] scenario_damage  12% [196 submitted, 0 queued]
[2021-11-09 13:49:43 #240 INFO] scenario_damage  13% [196 submitted, 0 queued]
[2021-11-09 13:50:59 #240 INFO] scenario_damage  14% [196 submitted, 0 queued]
[2021-11-09 13:51:41 #240 INFO] scenario_damage  15% [196 submitted, 0 queued]
[2021-11-09 13:52:13 #240 INFO] scenario_damage  16% [196 submitted, 0 queued]
[2021-11-09 13:52:43 #240 INFO] scenario_damage  17% [196 submitted, 0 queued]
[2021-11-09 13:53:45 #240 INFO] scenario_damage  18% [196 submitted, 0 queued]
[2021-11-09 13:54:01 #240 INFO] scenario_damage  19% [196 submitted, 0 queued]
[2021-11-09 13:54:40 #240 INFO] scenario_damage  20% [196 submitted, 0 queued]
[2021-11-09 13:55:36 #240 INFO] scenario_damage  21% [196 submitted, 0 queued]
[2021-11-09 13:55:58 #240 INFO] scenario_damage  22% [196 submitted, 0 queued]
[2021-11-09 13:56:32 #240 INFO] scenario_damage  23% [196 submitted, 0 queued]
[2021-11-09 13:57:16 #240 INFO] scenario_damage  24% [196 submitted, 0 queued]
[2021-11-09 13:57:24 #240 INFO] scenario_damage  25% [196 submitted, 0 queued]
[2021-11-09 13:58:23 #240 INFO] scenario_damage  26% [196 submitted, 0 queued]
[2021-11-09 13:58:49 #240 INFO] scenario_damage  27% [196 submitted, 0 queued]
[2021-11-09 13:58:57 #240 INFO] scenario_damage  28% [196 submitted, 0 queued]
[2021-11-09 13:59:28 #240 INFO] scenario_damage  29% [196 submitted, 0 queued]
[2021-11-09 14:00:19 #240 INFO] scenario_damage  30% [196 submitted, 0 queued]
[2021-11-09 14:00:42 #240 INFO] scenario_damage  31% [196 submitted, 0 queued]
[2021-11-09 14:01:52 #240 INFO] scenario_damage  32% [196 submitted, 0 queued]
[2021-11-09 14:02:06 #240 INFO] scenario_damage  33% [196 submitted, 0 queued]
[2021-11-09 14:02:33 #240 INFO] scenario_damage  34% [196 submitted, 0 queued]
[2021-11-09 14:03:03 #240 INFO] scenario_damage  35% [196 submitted, 0 queued]
[2021-11-09 14:03:28 #240 INFO] scenario_damage  36% [196 submitted, 0 queued]
[2021-11-09 14:04:13 #240 INFO] scenario_damage  37% [196 submitted, 0 queued]
[2021-11-09 14:05:04 #240 INFO] scenario_damage  38% [196 submitted, 0 queued]
[2021-11-09 14:06:56 #240 INFO] scenario_damage  39% [196 submitted, 0 queued]
[2021-11-09 14:09:02 #240 INFO] scenario_damage  40% [196 submitted, 0 queued]
[2021-11-09 14:10:00 #240 INFO] scenario_damage  41% [196 submitted, 0 queued]
[2021-11-09 14:10:24 #240 INFO] scenario_damage  42% [196 submitted, 0 queued]
[2021-11-09 14:16:06 #240 INFO] scenario_damage  43% [196 submitted, 0 queued]
[2021-11-09 14:30:37 #240 INFO] scenario_damage  44% [196 submitted, 0 queued]
[2021-11-09 14:40:58 #240 INFO] scenario_damage  45% [196 submitted, 0 queued]
[2021-11-09 14:47:47 #240 INFO] scenario_damage  46% [196 submitted, 0 queued]
[2021-11-09 14:50:43 #240 INFO] scenario_damage  47% [196 submitted, 0 queued]
[2021-11-09 14:54:34 #240 INFO] scenario_damage  48% [196 submitted, 0 queued]
[2021-11-09 14:59:18 #240 INFO] scenario_damage  49% [196 submitted, 0 queued]
[2021-11-09 15:00:05 #240 INFO] scenario_damage  50% [196 submitted, 0 queued]
[2021-11-09 15:02:33 #240 INFO] scenario_damage  51% [196 submitted, 0 queued]
[2021-11-09 15:07:29 #240 INFO] scenario_damage  52% [196 submitted, 0 queued]
[2021-11-09 15:08:32 #240 INFO] scenario_damage  53% [196 submitted, 0 queued]
[2021-11-09 15:10:22 #240 INFO] scenario_damage  54% [196 submitted, 0 queued]
[2021-11-09 15:12:36 #240 INFO] scenario_damage  55% [196 submitted, 0 queued]
[2021-11-09 15:15:28 #240 INFO] scenario_damage  56% [196 submitted, 0 queued]
[2021-11-09 15:16:29 #240 INFO] scenario_damage  57% [196 submitted, 0 queued]
[2021-11-09 15:17:18 #240 INFO] scenario_damage  58% [196 submitted, 0 queued]
[2021-11-09 15:18:34 #240 INFO] scenario_damage  59% [196 submitted, 0 queued]
[2021-11-09 15:19:44 #240 INFO] scenario_damage  60% [196 submitted, 0 queued]
[2021-11-09 15:20:48 #240 INFO] scenario_damage  61% [196 submitted, 0 queued]
[2021-11-09 15:21:58 #240 INFO] scenario_damage  62% [196 submitted, 0 queued]
[2021-11-09 15:22:41 #240 INFO] scenario_damage  63% [196 submitted, 0 queued]
[2021-11-09 15:23:26 #240 INFO] scenario_damage  64% [196 submitted, 0 queued]
[2021-11-09 15:23:39 #240 INFO] scenario_damage  65% [196 submitted, 0 queued]
[2021-11-09 15:24:20 #240 INFO] scenario_damage  66% [196 submitted, 0 queued]
[2021-11-09 15:24:30 #240 INFO] scenario_damage  67% [196 submitted, 0 queued]
[2021-11-09 15:25:03 #240 INFO] scenario_damage  68% [196 submitted, 0 queued]
[2021-11-09 15:26:04 #240 INFO] scenario_damage  69% [196 submitted, 0 queued]
[2021-11-09 15:26:20 #240 INFO] scenario_damage  70% [196 submitted, 0 queued]
[2021-11-09 15:28:22 #240 INFO] scenario_damage  71% [196 submitted, 0 queued]
[2021-11-09 15:28:49 #240 INFO] scenario_damage  72% [196 submitted, 0 queued]
[2021-11-09 15:29:33 #240 INFO] scenario_damage  73% [196 submitted, 0 queued]
[2021-11-09 15:30:23 #240 INFO] scenario_damage  74% [196 submitted, 0 queued]
[2021-11-09 15:30:50 #240 INFO] scenario_damage  75% [196 submitted, 0 queued]
[2021-11-09 15:31:59 #240 INFO] scenario_damage  76% [196 submitted, 0 queued]
[2021-11-09 15:32:13 #240 INFO] scenario_damage  77% [196 submitted, 0 queued]
[2021-11-09 15:32:39 #240 INFO] scenario_damage  78% [196 submitted, 0 queued]
[2021-11-09 15:32:45 #240 INFO] scenario_damage  79% [196 submitted, 0 queued]
[2021-11-09 15:33:12 #240 INFO] scenario_damage  80% [196 submitted, 0 queued]
[2021-11-09 15:33:46 #240 INFO] scenario_damage  81% [196 submitted, 0 queued]
[2021-11-09 15:34:21 #240 INFO] scenario_damage  82% [196 submitted, 0 queued]
[2021-11-09 15:36:03 #240 INFO] scenario_damage  83% [196 submitted, 0 queued]
[2021-11-09 15:36:30 #240 INFO] scenario_damage  84% [196 submitted, 0 queued]
[2021-11-09 15:37:06 #240 INFO] scenario_damage  85% [196 submitted, 0 queued]
[2021-11-09 15:38:10 #240 INFO] scenario_damage  86% [196 submitted, 0 queued]
[2021-11-09 15:38:20 #240 INFO] scenario_damage  87% [196 submitted, 0 queued]
[2021-11-09 15:39:09 #240 INFO] scenario_damage  88% [196 submitted, 0 queued]
[2021-11-09 15:39:35 #240 INFO] scenario_damage  89% [196 submitted, 0 queued]
[2021-11-09 15:40:45 #240 INFO] scenario_damage  90% [196 submitted, 0 queued]
[2021-11-09 15:42:11 #240 INFO] scenario_damage  91% [196 submitted, 0 queued]
[2021-11-09 15:43:25 #240 INFO] scenario_damage  92% [196 submitted, 0 queued]
[2021-11-09 15:46:28 #240 INFO] scenario_damage  93% [196 submitted, 0 queued]
[2021-11-09 15:56:16 #240 INFO] scenario_damage  94% [196 submitted, 0 queued]
[2021-11-09 16:01:39 #240 INFO] scenario_damage  95% [196 submitted, 0 queued]
[2021-11-09 16:04:01 #240 INFO] scenario_damage  96% [196 submitted, 0 queued]
[2021-11-09 16:06:02 #240 INFO] scenario_damage  97% [196 submitted, 0 queued]
[2021-11-09 16:10:02 #240 INFO] scenario_damage  98% [196 submitted, 0 queued]
[2021-11-09 16:10:56 #240 INFO] scenario_damage  99% [196 submitted, 0 queued]
[2021-11-09 16:12:07 #240 INFO] scenario_damage 100% [196 submitted, 0 queued]
[2021-11-09 16:12:07 #240 INFO] Mean time per core=10730s, std=940.9s, min=9063s, max=13082s
[2021-11-09 16:12:07 #240 INFO] Received {'aed': '3.99 GB', 'd_asset': '1.3 GB', 'd_event': '1002.52 MB'} in 13072 seconds
[2021-11-09 16:12:07 #240 INFO] Saving 3.99 GB in dd_data (instead of 378.43 GB)
[2021-11-09 16:16:22 #240 INFO] Portfolio damage
==== ========== ========= =======
kind loss_type  dmg_state value  
==== ========== ========= =======
avg  structural no_damage 347_030
avg  structural slight    169    
avg  structural moderate  24     
avg  structural extensive 8.36910
avg  structural complete  11     
std  structural no_damage 3_080  
std  structural slight    2_178  
std  structural moderate  451    
std  structural extensive 188    
std  structural complete  357    
==== ========== ========= =======
[2021-11-09 16:16:22 #240 INFO] Due to rounding errors inherent in floating-point arithmetic, the total number of buildings is not exact: {'expected': 347244.0, 'structural': 59722.543}
[2021-11-09 16:16:37 #240 INFO] Exposing the outputs to the database
[2021-11-09 16:16:37 #240 INFO] Stored 9.72 GB on /root/oqdata/calc_240.hdf5 in 20523 seconds
/home/ssm-user/src/oq-engine/openquake/hazardlib/gsim/base.py:347: ExperimentalWarning: CanadaSHM6_ActiveCrust_BooreEtAl2014 is experimental and may change in future versions - the user is liable for their application
  warnings.warn(msg, ExperimentalWarning)
/home/ssm-user/src/oq-engine/openquake/hazardlib/gsim/base.py:347: ExperimentalWarning: CanadaSHM6_ActiveCrust_BooreEtAl2014 is experimental and may change in future versions - the user is liable for their application
  warnings.warn(msg, ExperimentalWarning)
/home/ssm-user/src/oq-engine/openquake/hazardlib/gsim/base.py:347: ExperimentalWarning: CanadaSHM6_ActiveCrust_BooreEtAl2014 is experimental and may change in future versions - the user is liable for their application
  warnings.warn(msg, ExperimentalWarning)
/home/ssm-user/src/oq-engine/openquake/hazardlib/gsim/base.py:347: ExperimentalWarning: CanadaSHM6_ActiveCrust_BooreEtAl2014 is experimental and may change in future versions - the user is liable for their application
  warnings.warn(msg, ExperimentalWarning)
/home/ssm-user/src/oq-engine/openquake/hazardlib/gsim/base.py:347: ExperimentalWarning: CanadaSHM6_ActiveCrust_BooreEtAl2014 is experimental and may change in future versions - the user is liable for their application
  warnings.warn(msg, ExperimentalWarning)
/home/ssm-user/src/oq-engine/openquake/hazardlib/gsim/base.py:347: ExperimentalWarning: CanadaSHM6_ActiveCrust_BooreEtAl2014 is experimental and may change in future versions - the user is liable for their application
  warnings.warn(msg, ExperimentalWarning)
/home/ssm-user/src/oq-engine/openquake/hazardlib/gsim/base.py:347: ExperimentalWarning: CanadaSHM6_ActiveCrust_BooreEtAl2014 is experimental and may change in future versions - the user is liable for their application
  warnings.warn(msg, ExperimentalWarning)
/home/ssm-user/src/oq-engine/openquake/hazardlib/gsim/base.py:347: ExperimentalWarning: CanadaSHM6_ActiveCrust_BooreEtAl2014 is experimental and may change in future versions - the user is liable for their application
  warnings.warn(msg, ExperimentalWarning)
/home/ssm-user/src/oq-engine/openquake/hazardlib/gsim/base.py:347: ExperimentalWarning: CanadaSHM6_ActiveCrust_BooreEtAl2014 is experimental and may change in future versions - the user is liable for their application
  warnings.warn(msg, ExperimentalWarning)
/home/ssm-user/src/oq-engine/openquake/hazardlib/gsim/base.py:347: ExperimentalWarning: CanadaSHM6_ActiveCrust_BooreEtAl2014 is experimental and may change in future versions - the user is liable for their application
  warnings.warn(msg, ExperimentalWarning)
/home/ssm-user/src/oq-engine/openquake/hazardlib/gsim/base.py:347: ExperimentalWarning: CanadaSHM6_ActiveCrust_BooreEtAl2014 is experimental and may change in future versions - the user is liable for their application
  warnings.warn(msg, ExperimentalWarning)
/home/ssm-user/src/oq-engine/openquake/hazardlib/gsim/base.py:347: ExperimentalWarning: CanadaSHM6_ActiveCrust_BooreEtAl2014 is experimental and may change in future versions - the user is liable for their application
  warnings.warn(msg, ExperimentalWarning)
/home/ssm-user/src/oq-engine/openquake/hazardlib/gsim/base.py:347: ExperimentalWarning: CanadaSHM6_ActiveCrust_BooreEtAl2014 is experimental and may change in future versions - the user is liable for their application
  warnings.warn(msg, ExperimentalWarning)
/home/ssm-user/src/oq-engine/openquake/hazardlib/gsim/base.py:347: ExperimentalWarning: CanadaSHM6_ActiveCrust_BooreEtAl2014 is experimental and may change in future versions - the user is liable for their application
  warnings.warn(msg, ExperimentalWarning)
/home/ssm-user/src/oq-engine/openquake/hazardlib/gsim/base.py:347: ExperimentalWarning: CanadaSHM6_ActiveCrust_BooreEtAl2014 is experimental and may change in future versions - the user is liable for their application
  warnings.warn(msg, ExperimentalWarning)
/home/ssm-user/src/oq-engine/openquake/hazardlib/gsim/base.py:347: ExperimentalWarning: CanadaSHM6_ActiveCrust_BooreEtAl2014 is experimental and may change in future versions - the user is liable for their application
  warnings.warn(msg, ExperimentalWarning)
/home/ssm-user/src/oq-engine/openquake/hazardlib/gsim/base.py:347: ExperimentalWarning: CanadaSHM6_ActiveCrust_BooreEtAl2014 is experimental and may change in future versions - the user is liable for their application
  warnings.warn(msg, ExperimentalWarning)
/home/ssm-user/src/oq-engine/openquake/hazardlib/gsim/base.py:347: ExperimentalWarning: CanadaSHM6_ActiveCrust_BooreEtAl2014 is experimental and may change in future versions - the user is liable for their application
  warnings.warn(msg, ExperimentalWarning)
/home/ssm-user/src/oq-engine/openquake/hazardlib/gsim/base.py:347: ExperimentalWarning: CanadaSHM6_ActiveCrust_BooreEtAl2014 is experimental and may change in future versions - the user is liable for their application
  warnings.warn(msg, ExperimentalWarning)
/home/ssm-user/src/oq-engine/openquake/hazardlib/gsim/base.py:347: ExperimentalWarning: CanadaSHM6_ActiveCrust_BooreEtAl2014 is experimental and may change in future versions - the user is liable for their application
  warnings.warn(msg, ExperimentalWarning)
/home/ssm-user/src/oq-engine/openquake/hazardlib/gsim/base.py:347: ExperimentalWarning: CanadaSHM6_ActiveCrust_BooreEtAl2014 is experimental and may change in future versions - the user is liable for their application
  warnings.warn(msg, ExperimentalWarning)
/home/ssm-user/src/oq-engine/openquake/hazardlib/gsim/base.py:347: ExperimentalWarning: CanadaSHM6_ActiveCrust_BooreEtAl2014 is experimental and may change in future versions - the user is liable for their application
  warnings.warn(msg, ExperimentalWarning)
/home/ssm-user/src/oq-engine/openquake/hazardlib/gsim/base.py:347: ExperimentalWarning: CanadaSHM6_ActiveCrust_BooreEtAl2014 is experimental and may change in future versions - the user is liable for their application
  warnings.warn(msg, ExperimentalWarning)
/home/ssm-user/src/oq-engine/openquake/hazardlib/gsim/base.py:347: ExperimentalWarning: CanadaSHM6_ActiveCrust_BooreEtAl2014 is experimental and may change in future versions - the user is liable for their application
  warnings.warn(msg, ExperimentalWarning)
/home/ssm-user/src/oq-engine/openquake/hazardlib/gsim/base.py:347: ExperimentalWarning: CanadaSHM6_ActiveCrust_BooreEtAl2014 is experimental and may change in future versions - the user is liable for their application
  warnings.warn(msg, ExperimentalWarning)
/home/ssm-user/src/oq-engine/openquake/hazardlib/gsim/base.py:347: ExperimentalWarning: CanadaSHM6_ActiveCrust_BooreEtAl2014 is experimental and may change in future versions - the user is liable for their application
  warnings.warn(msg, ExperimentalWarning)
/home/ssm-user/src/oq-engine/openquake/hazardlib/gsim/base.py:347: ExperimentalWarning: CanadaSHM6_ActiveCrust_BooreEtAl2014 is experimental and may change in future versions - the user is liable for their application
  warnings.warn(msg, ExperimentalWarning)
/home/ssm-user/src/oq-engine/openquake/hazardlib/gsim/base.py:347: ExperimentalWarning: CanadaSHM6_ActiveCrust_BooreEtAl2014 is experimental and may change in future versions - the user is liable for their application
  warnings.warn(msg, ExperimentalWarning)
/home/ssm-user/src/oq-engine/openquake/hazardlib/gsim/base.py:347: ExperimentalWarning: CanadaSHM6_ActiveCrust_BooreEtAl2014 is experimental and may change in future versions - the user is liable for their application
  warnings.warn(msg, ExperimentalWarning)
/home/ssm-user/src/oq-engine/openquake/hazardlib/gsim/base.py:347: ExperimentalWarning: CanadaSHM6_ActiveCrust_BooreEtAl2014 is experimental and may change in future versions - the user is liable for their application
  warnings.warn(msg, ExperimentalWarning)
/home/ssm-user/src/oq-engine/openquake/hazardlib/gsim/base.py:347: ExperimentalWarning: CanadaSHM6_ActiveCrust_BooreEtAl2014 is experimental and may change in future versions - the user is liable for their application
  warnings.warn(msg, ExperimentalWarning)
/home/ssm-user/src/oq-engine/openquake/hazardlib/gsim/base.py:347: ExperimentalWarning: CanadaSHM6_ActiveCrust_BooreEtAl2014 is experimental and may change in future versions - the user is liable for their application
  warnings.warn(msg, ExperimentalWarning)
/home/ssm-user/src/oq-engine/openquake/hazardlib/gsim/base.py:347: ExperimentalWarning: CanadaSHM6_ActiveCrust_BooreEtAl2014 is experimental and may change in future versions - the user is liable for their application
  warnings.warn(msg, ExperimentalWarning)
/home/ssm-user/src/oq-engine/openquake/hazardlib/gsim/base.py:347: ExperimentalWarning: CanadaSHM6_ActiveCrust_BooreEtAl2014 is experimental and may change in future versions - the user is liable for their application
  warnings.warn(msg, ExperimentalWarning)
/home/ssm-user/src/oq-engine/openquake/hazardlib/gsim/base.py:347: ExperimentalWarning: CanadaSHM6_ActiveCrust_BooreEtAl2014 is experimental and may change in future versions - the user is liable for their application
  warnings.warn(msg, ExperimentalWarning)
/home/ssm-user/src/oq-engine/openquake/hazardlib/gsim/base.py:347: ExperimentalWarning: CanadaSHM6_ActiveCrust_BooreEtAl2014 is experimental and may change in future versions - the user is liable for their application
  warnings.warn(msg, ExperimentalWarning)
/home/ssm-user/src/oq-engine/openquake/hazardlib/gsim/base.py:347: ExperimentalWarning: CanadaSHM6_ActiveCrust_BooreEtAl2014 is experimental and may change in future versions - the user is liable for their application
  warnings.warn(msg, ExperimentalWarning)
/home/ssm-user/src/oq-engine/openquake/hazardlib/gsim/base.py:347: ExperimentalWarning: CanadaSHM6_ActiveCrust_BooreEtAl2014 is experimental and may change in future versions - the user is liable for their application
  warnings.warn(msg, ExperimentalWarning)
/home/ssm-user/src/oq-engine/openquake/hazardlib/gsim/base.py:347: ExperimentalWarning: CanadaSHM6_ActiveCrust_BooreEtAl2014 is experimental and may change in future versions - the user is liable for their application
  warnings.warn(msg, ExperimentalWarning)
/home/ssm-user/src/oq-engine/openquake/hazardlib/gsim/base.py:347: ExperimentalWarning: CanadaSHM6_ActiveCrust_BooreEtAl2014 is experimental and may change in future versions - the user is liable for their application
  warnings.warn(msg, ExperimentalWarning)
/home/ssm-user/src/oq-engine/openquake/hazardlib/gsim/base.py:347: ExperimentalWarning: CanadaSHM6_ActiveCrust_BooreEtAl2014 is experimental and may change in future versions - the user is liable for their application
  warnings.warn(msg, ExperimentalWarning)
/home/ssm-user/src/oq-engine/openquake/hazardlib/gsim/base.py:347: ExperimentalWarning: CanadaSHM6_ActiveCrust_BooreEtAl2014 is experimental and may change in future versions - the user is liable for their application
  warnings.warn(msg, ExperimentalWarning)
/home/ssm-user/src/oq-engine/openquake/hazardlib/gsim/base.py:347: ExperimentalWarning: CanadaSHM6_ActiveCrust_BooreEtAl2014 is experimental and may change in future versions - the user is liable for their application
  warnings.warn(msg, ExperimentalWarning)
/home/ssm-user/src/oq-engine/openquake/hazardlib/gsim/base.py:347: ExperimentalWarning: CanadaSHM6_ActiveCrust_BooreEtAl2014 is experimental and may change in future versions - the user is liable for their application
  warnings.warn(msg, ExperimentalWarning)
/home/ssm-user/src/oq-engine/openquake/hazardlib/gsim/base.py:347: ExperimentalWarning: CanadaSHM6_ActiveCrust_BooreEtAl2014 is experimental and may change in future versions - the user is liable for their application
  warnings.warn(msg, ExperimentalWarning)
/home/ssm-user/src/oq-engine/openquake/hazardlib/gsim/base.py:347: ExperimentalWarning: CanadaSHM6_ActiveCrust_BooreEtAl2014 is experimental and may change in future versions - the user is liable for their application
  warnings.warn(msg, ExperimentalWarning)
/home/ssm-user/src/oq-engine/openquake/hazardlib/gsim/base.py:347: ExperimentalWarning: CanadaSHM6_ActiveCrust_BooreEtAl2014 is experimental and may change in future versions - the user is liable for their application
  warnings.warn(msg, ExperimentalWarning)
/home/ssm-user/src/oq-engine/openquake/hazardlib/gsim/base.py:347: ExperimentalWarning: CanadaSHM6_ActiveCrust_BooreEtAl2014 is experimental and may change in future versions - the user is liable for their application
  warnings.warn(msg, ExperimentalWarning)
/home/ssm-user/src/oq-engine/openquake/hazardlib/gsim/base.py:347: ExperimentalWarning: CanadaSHM6_ActiveCrust_BooreEtAl2014 is experimental and may change in future versions - the user is liable for their application
  warnings.warn(msg, ExperimentalWarning)
/home/ssm-user/src/oq-engine/openquake/hazardlib/gsim/base.py:347: ExperimentalWarning: CanadaSHM6_ActiveCrust_BooreEtAl2014 is experimental and may change in future versions - the user is liable for their application
  warnings.warn(msg, ExperimentalWarning)
/home/ssm-user/src/oq-engine/openquake/hazardlib/gsim/base.py:347: ExperimentalWarning: CanadaSHM6_ActiveCrust_BooreEtAl2014 is experimental and may change in future versions - the user is liable for their application
  warnings.warn(msg, ExperimentalWarning)
/home/ssm-user/src/oq-engine/openquake/hazardlib/gsim/base.py:347: ExperimentalWarning: CanadaSHM6_ActiveCrust_BooreEtAl2014 is experimental and may change in future versions - the user is liable for their application
  warnings.warn(msg, ExperimentalWarning)
/home/ssm-user/src/oq-engine/openquake/hazardlib/gsim/base.py:347: ExperimentalWarning: CanadaSHM6_ActiveCrust_BooreEtAl2014 is experimental and may change in future versions - the user is liable for their application
  warnings.warn(msg, ExperimentalWarning)
/home/ssm-user/src/oq-engine/openquake/hazardlib/gsim/base.py:347: ExperimentalWarning: CanadaSHM6_ActiveCrust_BooreEtAl2014 is experimental and may change in future versions - the user is liable for their application
  warnings.warn(msg, ExperimentalWarning)
/home/ssm-user/src/oq-engine/openquake/hazardlib/gsim/base.py:347: ExperimentalWarning: CanadaSHM6_ActiveCrust_BooreEtAl2014 is experimental and may change in future versions - the user is liable for their application
  warnings.warn(msg, ExperimentalWarning)
/home/ssm-user/src/oq-engine/openquake/hazardlib/gsim/base.py:347: ExperimentalWarning: CanadaSHM6_ActiveCrust_BooreEtAl2014 is experimental and may change in future versions - the user is liable for their application
  warnings.warn(msg, ExperimentalWarning)
/home/ssm-user/src/oq-engine/openquake/hazardlib/gsim/base.py:347: ExperimentalWarning: CanadaSHM6_ActiveCrust_BooreEtAl2014 is experimental and may change in future versions - the user is liable for their application
  warnings.warn(msg, ExperimentalWarning)
/home/ssm-user/src/oq-engine/openquake/hazardlib/gsim/base.py:347: ExperimentalWarning: CanadaSHM6_ActiveCrust_BooreEtAl2014 is experimental and may change in future versions - the user is liable for their application
  warnings.warn(msg, ExperimentalWarning)
/home/ssm-user/src/oq-engine/openquake/hazardlib/gsim/base.py:347: ExperimentalWarning: CanadaSHM6_ActiveCrust_BooreEtAl2014 is experimental and may change in future versions - the user is liable for their application
  warnings.warn(msg, ExperimentalWarning)
/home/ssm-user/src/oq-engine/openquake/hazardlib/gsim/base.py:347: ExperimentalWarning: CanadaSHM6_ActiveCrust_BooreEtAl2014 is experimental and may change in future versions - the user is liable for their application
  warnings.warn(msg, ExperimentalWarning)
/home/ssm-user/src/oq-engine/openquake/hazardlib/gsim/base.py:347: ExperimentalWarning: CanadaSHM6_ActiveCrust_BooreEtAl2014 is experimental and may change in future versions - the user is liable for their application
  warnings.warn(msg, ExperimentalWarning)
/home/ssm-user/src/oq-engine/openquake/hazardlib/gsim/base.py:347: ExperimentalWarning: CanadaSHM6_ActiveCrust_BooreEtAl2014 is experimental and may change in future versions - the user is liable for their application
  warnings.warn(msg, ExperimentalWarning)
/home/ssm-user/src/oq-engine/openquake/hazardlib/gsim/base.py:347: ExperimentalWarning: CanadaSHM6_ActiveCrust_BooreEtAl2014 is experimental and may change in future versions - the user is liable for their application
  warnings.warn(msg, ExperimentalWarning)
/home/ssm-user/src/oq-engine/openquake/hazardlib/gsim/base.py:347: ExperimentalWarning: CanadaSHM6_ActiveCrust_BooreEtAl2014 is experimental and may change in future versions - the user is liable for their application
  warnings.warn(msg, ExperimentalWarning)
/home/ssm-user/src/oq-engine/openquake/hazardlib/gsim/base.py:347: ExperimentalWarning: CanadaSHM6_ActiveCrust_BooreEtAl2014 is experimental and may change in future versions - the user is liable for their application
  warnings.warn(msg, ExperimentalWarning)
/home/ssm-user/src/oq-engine/openquake/hazardlib/gsim/base.py:347: ExperimentalWarning: CanadaSHM6_ActiveCrust_BooreEtAl2014 is experimental and may change in future versions - the user is liable for their application
  warnings.warn(msg, ExperimentalWarning)
/home/ssm-user/src/oq-engine/openquake/hazardlib/gsim/base.py:347: ExperimentalWarning: CanadaSHM6_ActiveCrust_BooreEtAl2014 is experimental and may change in future versions - the user is liable for their application
  warnings.warn(msg, ExperimentalWarning)
/home/ssm-user/src/oq-engine/openquake/hazardlib/gsim/base.py:347: ExperimentalWarning: CanadaSHM6_ActiveCrust_BooreEtAl2014 is experimental and may change in future versions - the user is liable for their application
  warnings.warn(msg, ExperimentalWarning)
/home/ssm-user/src/oq-engine/openquake/hazardlib/gsim/base.py:347: ExperimentalWarning: CanadaSHM6_ActiveCrust_BooreEtAl2014 is experimental and may change in future versions - the user is liable for their application
  warnings.warn(msg, ExperimentalWarning)
/home/ssm-user/src/oq-engine/openquake/hazardlib/gsim/base.py:347: ExperimentalWarning: CanadaSHM6_ActiveCrust_BooreEtAl2014 is experimental and may change in future versions - the user is liable for their application
  warnings.warn(msg, ExperimentalWarning)
/home/ssm-user/src/oq-engine/openquake/hazardlib/gsim/base.py:347: ExperimentalWarning: CanadaSHM6_ActiveCrust_BooreEtAl2014 is experimental and may change in future versions - the user is liable for their application
  warnings.warn(msg, ExperimentalWarning)
/home/ssm-user/src/oq-engine/openquake/hazardlib/gsim/base.py:347: ExperimentalWarning: CanadaSHM6_ActiveCrust_BooreEtAl2014 is experimental and may change in future versions - the user is liable for their application
  warnings.warn(msg, ExperimentalWarning)
/home/ssm-user/src/oq-engine/openquake/hazardlib/gsim/base.py:347: ExperimentalWarning: CanadaSHM6_ActiveCrust_BooreEtAl2014 is experimental and may change in future versions - the user is liable for their application
  warnings.warn(msg, ExperimentalWarning)
/home/ssm-user/src/oq-engine/openquake/hazardlib/gsim/base.py:347: ExperimentalWarning: CanadaSHM6_ActiveCrust_BooreEtAl2014 is experimental and may change in future versions - the user is liable for their application
  warnings.warn(msg, ExperimentalWarning)
/home/ssm-user/src/oq-engine/openquake/hazardlib/gsim/base.py:347: ExperimentalWarning: CanadaSHM6_ActiveCrust_BooreEtAl2014 is experimental and may change in future versions - the user is liable for their application
  warnings.warn(msg, ExperimentalWarning)
/home/ssm-user/src/oq-engine/openquake/hazardlib/gsim/base.py:347: ExperimentalWarning: CanadaSHM6_ActiveCrust_BooreEtAl2014 is experimental and may change in future versions - the user is liable for their application
  warnings.warn(msg, ExperimentalWarning)
/home/ssm-user/src/oq-engine/openquake/hazardlib/gsim/base.py:347: ExperimentalWarning: CanadaSHM6_ActiveCrust_BooreEtAl2014 is experimental and may change in future versions - the user is liable for their application
  warnings.warn(msg, ExperimentalWarning)
/home/ssm-user/src/oq-engine/openquake/hazardlib/gsim/base.py:347: ExperimentalWarning: CanadaSHM6_ActiveCrust_BooreEtAl2014 is experimental and may change in future versions - the user is liable for their application
  warnings.warn(msg, ExperimentalWarning)
/home/ssm-user/src/oq-engine/openquake/hazardlib/gsim/base.py:347: ExperimentalWarning: CanadaSHM6_ActiveCrust_BooreEtAl2014 is experimental and may change in future versions - the user is liable for their application
  warnings.warn(msg, ExperimentalWarning)
/home/ssm-user/src/oq-engine/openquake/hazardlib/gsim/base.py:347: ExperimentalWarning: CanadaSHM6_ActiveCrust_BooreEtAl2014 is experimental and may change in future versions - the user is liable for their application
  warnings.warn(msg, ExperimentalWarning)
/home/ssm-user/src/oq-engine/openquake/hazardlib/gsim/base.py:347: ExperimentalWarning: CanadaSHM6_ActiveCrust_BooreEtAl2014 is experimental and may change in future versions - the user is liable for their application
  warnings.warn(msg, ExperimentalWarning)
/home/ssm-user/src/oq-engine/openquake/hazardlib/gsim/base.py:347: ExperimentalWarning: CanadaSHM6_ActiveCrust_BooreEtAl2014 is experimental and may change in future versions - the user is liable for their application
  warnings.warn(msg, ExperimentalWarning)
/home/ssm-user/src/oq-engine/openquake/hazardlib/gsim/base.py:347: ExperimentalWarning: CanadaSHM6_ActiveCrust_BooreEtAl2014 is experimental and may change in future versions - the user is liable for their application
  warnings.warn(msg, ExperimentalWarning)
/home/ssm-user/src/oq-engine/openquake/hazardlib/gsim/base.py:347: ExperimentalWarning: CanadaSHM6_ActiveCrust_BooreEtAl2014 is experimental and may change in future versions - the user is liable for their application
  warnings.warn(msg, ExperimentalWarning)
/home/ssm-user/src/oq-engine/openquake/hazardlib/gsim/base.py:347: ExperimentalWarning: CanadaSHM6_ActiveCrust_BooreEtAl2014 is experimental and may change in future versions - the user is liable for their application
  warnings.warn(msg, ExperimentalWarning)
/home/ssm-user/src/oq-engine/openquake/hazardlib/gsim/base.py:347: ExperimentalWarning: CanadaSHM6_ActiveCrust_BooreEtAl2014 is experimental and may change in future versions - the user is liable for their application
  warnings.warn(msg, ExperimentalWarning)
/home/ssm-user/src/oq-engine/openquake/hazardlib/gsim/base.py:347: ExperimentalWarning: CanadaSHM6_ActiveCrust_BooreEtAl2014 is experimental and may change in future versions - the user is liable for their application
  warnings.warn(msg, ExperimentalWarning)
/home/ssm-user/src/oq-engine/openquake/hazardlib/gsim/base.py:347: ExperimentalWarning: CanadaSHM6_ActiveCrust_BooreEtAl2014 is experimental and may change in future versions - the user is liable for their application
  warnings.warn(msg, ExperimentalWarning)
/home/ssm-user/src/oq-engine/openquake/hazardlib/gsim/base.py:347: ExperimentalWarning: CanadaSHM6_ActiveCrust_BooreEtAl2014 is experimental and may change in future versions - the user is liable for their application
  warnings.warn(msg, ExperimentalWarning)
/home/ssm-user/src/oq-engine/openquake/hazardlib/gsim/base.py:347: ExperimentalWarning: CanadaSHM6_ActiveCrust_BooreEtAl2014 is experimental and may change in future versions - the user is liable for their application
  warnings.warn(msg, ExperimentalWarning)
/home/ssm-user/src/oq-engine/openquake/hazardlib/gsim/base.py:347: ExperimentalWarning: CanadaSHM6_ActiveCrust_BooreEtAl2014 is experimental and may change in future versions - the user is liable for their application
  warnings.warn(msg, ExperimentalWarning)
/home/ssm-user/src/oq-engine/openquake/hazardlib/gsim/base.py:347: ExperimentalWarning: CanadaSHM6_ActiveCrust_BooreEtAl2014 is experimental and may change in future versions - the user is liable for their application
  warnings.warn(msg, ExperimentalWarning)
/home/ssm-user/src/oq-engine/openquake/hazardlib/gsim/base.py:347: ExperimentalWarning: CanadaSHM6_ActiveCrust_BooreEtAl2014 is experimental and may change in future versions - the user is liable for their application
  warnings.warn(msg, ExperimentalWarning)
/home/ssm-user/src/oq-engine/openquake/hazardlib/gsim/base.py:347: ExperimentalWarning: CanadaSHM6_ActiveCrust_BooreEtAl2014 is experimental and may change in future versions - the user is liable for their application
  warnings.warn(msg, ExperimentalWarning)
/home/ssm-user/src/oq-engine/openquake/hazardlib/gsim/base.py:347: ExperimentalWarning: CanadaSHM6_ActiveCrust_BooreEtAl2014 is experimental and may change in future versions - the user is liable for their application
  warnings.warn(msg, ExperimentalWarning)
/home/ssm-user/src/oq-engine/openquake/hazardlib/gsim/base.py:347: ExperimentalWarning: CanadaSHM6_ActiveCrust_BooreEtAl2014 is experimental and may change in future versions - the user is liable for their application
  warnings.warn(msg, ExperimentalWarning)
[2021-11-09 16:16:38 #241 INFO] root running /mnt/storage/canada-srm2/eDamage/input/eDamage_r1_ON_N_Waterloo.ini [--hc=240]
[2021-11-09 16:16:38 #241 INFO] Using engine version 3.11.3-git29ac352f7d
[2021-11-09 16:16:38 #241 WARNING] Version v3.11.4 of the engine is available, but you are still using version 3.11.3-git29ac352f7d
[2021-11-09 16:16:38 #241 WARNING] Using 96 cores on ip-10-70-136-127
[2021-11-09 16:16:38 #241 INFO] Validated nationalModel.xml in 0.01 seconds
[2021-11-09 16:16:38 #241 INFO] Checksum of the input files: 514598877
[2021-11-09 16:16:38 #241 INFO] Reading the risk model if present
[2021-11-09 16:16:42 #241 INFO] Reading /mnt/storage/openquake-inputs/exposure/general-building-stock/oqBldgExp_ON_N_Waterloo.xml
[2021-11-09 16:16:54 #241 INFO] Associated 76653 assets to 5708 sites
[2021-11-09 16:16:59 #241 INFO] Reducing risk model from 4224 to 337 taxonomies
[2021-11-09 16:17:00 #241 INFO] minimum_asset_loss={'structural': 0}
[2021-11-09 16:17:00 #241 INFO] Storing risk model
[2021-11-09 16:17:01 #241 INFO] Building risk inputs from 200 realization(s)
[2021-11-09 16:19:36 #241 INFO] Grouping the GMFs by site ID
[2021-11-09 16:21:30 #241 INFO] Built 5710 risk inputs
  id | name
1826 | Aggregate Event Damages
1824 | Asset Damage Distributions
1825 | Asset Damage Statistics
1832 | Earthquake Ruptures
1827 | Events
1828 | Full Report
1829 | Ground Motion Fields
1830 | Input Files
1831 | Realizations
[2021-11-09 16:22:13 #241 INFO] Sent 196 tasks, 18.39 GB in 34 seconds
[2021-11-09 17:12:02 #241 INFO] scenario_damage   1% [196 submitted, 0 queued]
[2021-11-09 17:13:38 #241 INFO] scenario_damage   2% [196 submitted, 0 queued]
[2021-11-09 17:15:57 #241 INFO] scenario_damage   3% [196 submitted, 0 queued]
[2021-11-09 17:17:04 #241 INFO] scenario_damage   4% [196 submitted, 0 queued]
[2021-11-09 17:22:03 #241 INFO] scenario_damage   5% [196 submitted, 0 queued]
[2021-11-09 17:23:48 #241 INFO] scenario_damage   6% [196 submitted, 0 queued]
[2021-11-09 17:26:09 #241 INFO] scenario_damage   7% [196 submitted, 0 queued]
[2021-11-09 17:30:11 #241 INFO] scenario_damage   8% [196 submitted, 0 queued]
[2021-11-09 17:33:03 #241 INFO] scenario_damage   9% [196 submitted, 0 queued]
[2021-11-09 17:34:04 #241 INFO] scenario_damage  10% [196 submitted, 0 queued]
[2021-11-09 17:35:28 #241 INFO] scenario_damage  11% [196 submitted, 0 queued]
[2021-11-09 17:36:50 #241 INFO] scenario_damage  12% [196 submitted, 0 queued]
[2021-11-09 17:37:00 #241 INFO] scenario_damage  13% [196 submitted, 0 queued]
[2021-11-09 17:37:59 #241 INFO] scenario_damage  14% [196 submitted, 0 queued]
[2021-11-09 17:39:23 #241 INFO] scenario_damage  15% [196 submitted, 0 queued]
[2021-11-09 17:39:47 #241 INFO] scenario_damage  16% [196 submitted, 0 queued]
[2021-11-09 17:40:44 #241 INFO] scenario_damage  17% [196 submitted, 0 queued]
[2021-11-09 17:41:33 #241 INFO] scenario_damage  18% [196 submitted, 0 queued]
[2021-11-09 17:42:00 #241 INFO] scenario_damage  19% [196 submitted, 0 queued]
[2021-11-09 17:42:17 #241 INFO] scenario_damage  20% [196 submitted, 0 queued]
[2021-11-09 17:42:33 #241 INFO] scenario_damage  21% [196 submitted, 0 queued]
[2021-11-09 17:43:29 #241 INFO] scenario_damage  22% [196 submitted, 0 queued]
[2021-11-09 17:44:20 #241 INFO] scenario_damage  23% [196 submitted, 0 queued]
[2021-11-09 17:44:35 #241 INFO] scenario_damage  24% [196 submitted, 0 queued]
[2021-11-09 17:44:38 #241 INFO] scenario_damage  25% [196 submitted, 0 queued]
[2021-11-09 17:45:19 #241 INFO] scenario_damage  26% [196 submitted, 0 queued]
[2021-11-09 17:46:34 #241 INFO] scenario_damage  27% [196 submitted, 0 queued]
[2021-11-09 17:46:57 #241 INFO] scenario_damage  28% [196 submitted, 0 queued]
[2021-11-09 17:47:31 #241 INFO] scenario_damage  29% [196 submitted, 0 queued]
[2021-11-09 17:47:50 #241 INFO] scenario_damage  30% [196 submitted, 0 queued]
[2021-11-09 17:48:03 #241 INFO] scenario_damage  31% [196 submitted, 0 queued]
[2021-11-09 17:49:01 #241 INFO] scenario_damage  32% [196 submitted, 0 queued]
[2021-11-09 17:49:23 #241 INFO] scenario_damage  33% [196 submitted, 0 queued]
[2021-11-09 17:49:51 #241 INFO] scenario_damage  34% [196 submitted, 0 queued]
[2021-11-09 17:50:11 #241 INFO] scenario_damage  35% [196 submitted, 0 queued]
[2021-11-09 17:51:01 #241 INFO] scenario_damage  36% [196 submitted, 0 queued]
[2021-11-09 17:51:33 #241 INFO] scenario_damage  37% [196 submitted, 0 queued]
[2021-11-09 17:52:55 #241 INFO] scenario_damage  38% [196 submitted, 0 queued]
[2021-11-09 17:55:49 #241 INFO] scenario_damage  39% [196 submitted, 0 queued]
[2021-11-09 17:56:23 #241 INFO] scenario_damage  40% [196 submitted, 0 queued]
[2021-11-09 17:56:51 #241 INFO] scenario_damage  41% [196 submitted, 0 queued]
[2021-11-09 17:57:20 #241 INFO] scenario_damage  42% [196 submitted, 0 queued]
[2021-11-09 18:04:09 #241 INFO] scenario_damage  43% [196 submitted, 0 queued]
[2021-11-09 18:17:40 #241 INFO] scenario_damage  44% [196 submitted, 0 queued]
[2021-11-09 18:25:26 #241 INFO] scenario_damage  45% [196 submitted, 0 queued]
[2021-11-09 18:35:56 #241 INFO] scenario_damage  46% [196 submitted, 0 queued]
[2021-11-09 18:39:58 #241 INFO] scenario_damage  47% [196 submitted, 0 queued]
[2021-11-09 18:44:50 #241 INFO] scenario_damage  48% [196 submitted, 0 queued]
[2021-11-09 18:48:58 #241 INFO] scenario_damage  49% [196 submitted, 0 queued]
[2021-11-09 18:49:38 #241 INFO] scenario_damage  50% [196 submitted, 0 queued]
[2021-11-09 18:52:53 #241 INFO] scenario_damage  51% [196 submitted, 0 queued]
[2021-11-09 18:55:48 #241 INFO] scenario_damage  52% [196 submitted, 0 queued]
[2021-11-09 18:56:51 #241 INFO] scenario_damage  53% [196 submitted, 0 queued]
[2021-11-09 18:58:26 #241 INFO] scenario_damage  54% [196 submitted, 0 queued]
[2021-11-09 19:01:23 #241 INFO] scenario_damage  55% [196 submitted, 0 queued]
[2021-11-09 19:02:31 #241 INFO] scenario_damage  56% [196 submitted, 0 queued]
[2021-11-09 19:04:23 #241 INFO] scenario_damage  57% [196 submitted, 0 queued]
[2021-11-09 19:05:49 #241 INFO] scenario_damage  58% [196 submitted, 0 queued]
[2021-11-09 19:06:26 #241 INFO] scenario_damage  59% [196 submitted, 0 queued]
[2021-11-09 19:08:00 #241 INFO] scenario_damage  60% [196 submitted, 0 queued]
[2021-11-09 19:08:45 #241 INFO] scenario_damage  61% [196 submitted, 0 queued]
[2021-11-09 19:09:23 #241 INFO] scenario_damage  62% [196 submitted, 0 queued]
[2021-11-09 19:10:34 #241 INFO] scenario_damage  63% [196 submitted, 0 queued]
[2021-11-09 19:11:32 #241 INFO] scenario_damage  64% [196 submitted, 0 queued]
[2021-11-09 19:11:46 #241 INFO] scenario_damage  65% [196 submitted, 0 queued]
[2021-11-09 19:12:30 #241 INFO] scenario_damage  66% [196 submitted, 0 queued]
[2021-11-09 19:12:46 #241 INFO] scenario_damage  67% [196 submitted, 0 queued]
[2021-11-09 19:13:50 #241 INFO] scenario_damage  68% [196 submitted, 0 queued]
[2021-11-09 19:13:54 #241 INFO] scenario_damage  69% [196 submitted, 0 queued]
[2021-11-09 19:14:32 #241 INFO] scenario_damage  70% [196 submitted, 0 queued]
[2021-11-09 19:14:41 #241 INFO] scenario_damage  71% [196 submitted, 0 queued]
[2021-11-09 19:16:57 #241 INFO] scenario_damage  72% [196 submitted, 0 queued]
[2021-11-09 19:17:12 #241 INFO] scenario_damage  73% [196 submitted, 0 queued]
[2021-11-09 19:17:51 #241 INFO] scenario_damage  74% [196 submitted, 0 queued]
[2021-11-09 19:18:10 #241 INFO] scenario_damage  75% [196 submitted, 0 queued]
[2021-11-09 19:18:15 #241 INFO] scenario_damage  76% [196 submitted, 0 queued]
[2021-11-09 19:19:36 #241 INFO] scenario_damage  77% [196 submitted, 0 queued]
[2021-11-09 19:20:04 #241 INFO] scenario_damage  78% [196 submitted, 0 queued]
[2021-11-09 19:21:20 #241 INFO] scenario_damage  79% [196 submitted, 0 queued]
[2021-11-09 19:21:33 #241 INFO] scenario_damage  80% [196 submitted, 0 queued]
[2021-11-09 19:22:02 #241 INFO] scenario_damage  81% [196 submitted, 0 queued]
[2021-11-09 19:22:11 #241 INFO] scenario_damage  82% [196 submitted, 0 queued]
[2021-11-09 19:23:20 #241 INFO] scenario_damage  83% [196 submitted, 0 queued]
[2021-11-09 19:24:05 #241 INFO] scenario_damage  84% [196 submitted, 0 queued]
[2021-11-09 19:25:20 #241 INFO] scenario_damage  85% [196 submitted, 0 queued]
[2021-11-09 19:25:56 #241 INFO] scenario_damage  86% [196 submitted, 0 queued]
[2021-11-09 19:26:38 #241 INFO] scenario_damage  87% [196 submitted, 0 queued]
[2021-11-09 19:27:15 #241 INFO] scenario_damage  88% [196 submitted, 0 queued]
[2021-11-09 19:27:44 #241 INFO] scenario_damage  89% [196 submitted, 0 queued]
[2021-11-09 19:29:35 #241 INFO] scenario_damage  90% [196 submitted, 0 queued]
[2021-11-09 19:30:54 #241 INFO] scenario_damage  91% [196 submitted, 0 queued]
[2021-11-09 19:31:49 #241 INFO] scenario_damage  92% [196 submitted, 0 queued]
[2021-11-09 19:36:18 #241 INFO] scenario_damage  93% [196 submitted, 0 queued]
[2021-11-09 19:47:01 #241 INFO] scenario_damage  94% [196 submitted, 0 queued]
[2021-11-09 19:49:33 #241 INFO] scenario_damage  95% [196 submitted, 0 queued]
[2021-11-09 19:51:49 #241 INFO] scenario_damage  96% [196 submitted, 0 queued]
[2021-11-09 19:53:09 #241 INFO] scenario_damage  97% [196 submitted, 0 queued]
[2021-11-09 19:57:29 #241 INFO] scenario_damage  98% [196 submitted, 0 queued]
[2021-11-09 20:04:19 #241 INFO] scenario_damage  99% [196 submitted, 0 queued]
[2021-11-09 20:04:57 #241 INFO] scenario_damage 100% [196 submitted, 0 queued]
[2021-11-09 20:04:57 #241 INFO] Mean time per core=10749s, std=966.0s, min=9219s, max=13380s
[2021-11-09 20:04:57 #241 INFO] Received {'aed': '2.11 GB', 'd_asset': '1.3 GB', 'd_event': '567.66 MB'} in 13364 seconds
[2021-11-09 20:04:57 #241 INFO] Saving 2.11 GB in dd_data (instead of 378.43 GB)
[2021-11-09 20:09:08 #241 INFO] Portfolio damage
==== ========== ========= =======
kind loss_type  dmg_state value  
==== ========== ========= =======
avg  structural no_damage 347_105
avg  structural slight    117    
avg  structural moderate  13     
avg  structural extensive 4.05748
avg  structural complete  4.56324
std  structural no_damage 2_632  
std  structural slight    2_009  
std  structural moderate  373    
std  structural extensive 145    
std  structural complete  215    
==== ========== ========= =======
[2021-11-09 20:09:08 #241 INFO] Due to rounding errors inherent in floating-point arithmetic, the total number of buildings is not exact: {'expected': 347244.0, 'structural': 59719.266}
[2021-11-09 20:09:21 #241 INFO] Exposing the outputs to the database
[2021-11-09 20:09:21 #241 INFO] Stored 614.87 MB on /root/oqdata/calc_241.hdf5 in 13962 seconds
/home/ssm-user/src/oq-engine/openquake/hazardlib/gsim/base.py:347: ExperimentalWarning: CanadaSHM6_ActiveCrust_BooreEtAl2014 is experimental and may change in future versions - the user is liable for their application
  warnings.warn(msg, ExperimentalWarning)
/home/ssm-user/src/oq-engine/openquake/hazardlib/gsim/base.py:347: ExperimentalWarning: CanadaSHM6_ActiveCrust_BooreEtAl2014 is experimental and may change in future versions - the user is liable for their application
  warnings.warn(msg, ExperimentalWarning)
/home/ssm-user/src/oq-engine/openquake/hazardlib/gsim/base.py:347: ExperimentalWarning: CanadaSHM6_ActiveCrust_BooreEtAl2014 is experimental and may change in future versions - the user is liable for their application
  warnings.warn(msg, ExperimentalWarning)
/home/ssm-user/src/oq-engine/openquake/hazardlib/gsim/base.py:347: ExperimentalWarning: CanadaSHM6_ActiveCrust_BooreEtAl2014 is experimental and may change in future versions - the user is liable for their application
  warnings.warn(msg, ExperimentalWarning)
/home/ssm-user/src/oq-engine/openquake/hazardlib/gsim/base.py:347: ExperimentalWarning: CanadaSHM6_ActiveCrust_BooreEtAl2014 is experimental and may change in future versions - the user is liable for their application
  warnings.warn(msg, ExperimentalWarning)
/home/ssm-user/src/oq-engine/openquake/hazardlib/gsim/base.py:347: ExperimentalWarning: CanadaSHM6_ActiveCrust_BooreEtAl2014 is experimental and may change in future versions - the user is liable for their application
  warnings.warn(msg, ExperimentalWarning)
/home/ssm-user/src/oq-engine/openquake/hazardlib/gsim/base.py:347: ExperimentalWarning: CanadaSHM6_ActiveCrust_BooreEtAl2014 is experimental and may change in future versions - the user is liable for their application
  warnings.warn(msg, ExperimentalWarning)
/home/ssm-user/src/oq-engine/openquake/hazardlib/gsim/base.py:347: ExperimentalWarning: CanadaSHM6_ActiveCrust_BooreEtAl2014 is experimental and may change in future versions - the user is liable for their application
  warnings.warn(msg, ExperimentalWarning)
/home/ssm-user/src/oq-engine/openquake/hazardlib/gsim/base.py:347: ExperimentalWarning: CanadaSHM6_ActiveCrust_BooreEtAl2014 is experimental and may change in future versions - the user is liable for their application
  warnings.warn(msg, ExperimentalWarning)
/home/ssm-user/src/oq-engine/openquake/hazardlib/gsim/base.py:347: ExperimentalWarning: CanadaSHM6_ActiveCrust_BooreEtAl2014 is experimental and may change in future versions - the user is liable for their application
  warnings.warn(msg, ExperimentalWarning)
/home/ssm-user/src/oq-engine/openquake/hazardlib/gsim/base.py:347: ExperimentalWarning: CanadaSHM6_ActiveCrust_BooreEtAl2014 is experimental and may change in future versions - the user is liable for their application
  warnings.warn(msg, ExperimentalWarning)
/home/ssm-user/src/oq-engine/openquake/hazardlib/gsim/base.py:347: ExperimentalWarning: CanadaSHM6_ActiveCrust_BooreEtAl2014 is experimental and may change in future versions - the user is liable for their application
  warnings.warn(msg, ExperimentalWarning)
/home/ssm-user/src/oq-engine/openquake/hazardlib/gsim/base.py:347: ExperimentalWarning: CanadaSHM6_ActiveCrust_BooreEtAl2014 is experimental and may change in future versions - the user is liable for their application
  warnings.warn(msg, ExperimentalWarning)
/home/ssm-user/src/oq-engine/openquake/hazardlib/gsim/base.py:347: ExperimentalWarning: CanadaSHM6_ActiveCrust_BooreEtAl2014 is experimental and may change in future versions - the user is liable for their application
  warnings.warn(msg, ExperimentalWarning)
/home/ssm-user/src/oq-engine/openquake/hazardlib/gsim/base.py:347: ExperimentalWarning: CanadaSHM6_ActiveCrust_BooreEtAl2014 is experimental and may change in future versions - the user is liable for their application
  warnings.warn(msg, ExperimentalWarning)
/home/ssm-user/src/oq-engine/openquake/hazardlib/gsim/base.py:347: ExperimentalWarning: CanadaSHM6_ActiveCrust_BooreEtAl2014 is experimental and may change in future versions - the user is liable for their application
  warnings.warn(msg, ExperimentalWarning)
/home/ssm-user/src/oq-engine/openquake/hazardlib/gsim/base.py:347: ExperimentalWarning: CanadaSHM6_ActiveCrust_BooreEtAl2014 is experimental and may change in future versions - the user is liable for their application
  warnings.warn(msg, ExperimentalWarning)
/home/ssm-user/src/oq-engine/openquake/hazardlib/gsim/base.py:347: ExperimentalWarning: CanadaSHM6_ActiveCrust_BooreEtAl2014 is experimental and may change in future versions - the user is liable for their application
  warnings.warn(msg, ExperimentalWarning)
/home/ssm-user/src/oq-engine/openquake/hazardlib/gsim/base.py:347: ExperimentalWarning: CanadaSHM6_ActiveCrust_BooreEtAl2014 is experimental and may change in future versions - the user is liable for their application
  warnings.warn(msg, ExperimentalWarning)
/home/ssm-user/src/oq-engine/openquake/hazardlib/gsim/base.py:347: ExperimentalWarning: CanadaSHM6_ActiveCrust_BooreEtAl2014 is experimental and may change in future versions - the user is liable for their application
  warnings.warn(msg, ExperimentalWarning)
/home/ssm-user/src/oq-engine/openquake/hazardlib/gsim/base.py:347: ExperimentalWarning: CanadaSHM6_ActiveCrust_BooreEtAl2014 is experimental and may change in future versions - the user is liable for their application
  warnings.warn(msg, ExperimentalWarning)
/home/ssm-user/src/oq-engine/openquake/hazardlib/gsim/base.py:347: ExperimentalWarning: CanadaSHM6_ActiveCrust_BooreEtAl2014 is experimental and may change in future versions - the user is liable for their application
  warnings.warn(msg, ExperimentalWarning)
/home/ssm-user/src/oq-engine/openquake/hazardlib/gsim/base.py:347: ExperimentalWarning: CanadaSHM6_ActiveCrust_BooreEtAl2014 is experimental and may change in future versions - the user is liable for their application
  warnings.warn(msg, ExperimentalWarning)
/home/ssm-user/src/oq-engine/openquake/hazardlib/gsim/base.py:347: ExperimentalWarning: CanadaSHM6_ActiveCrust_BooreEtAl2014 is experimental and may change in future versions - the user is liable for their application
  warnings.warn(msg, ExperimentalWarning)
/home/ssm-user/src/oq-engine/openquake/hazardlib/gsim/base.py:347: ExperimentalWarning: CanadaSHM6_ActiveCrust_BooreEtAl2014 is experimental and may change in future versions - the user is liable for their application
  warnings.warn(msg, ExperimentalWarning)
/home/ssm-user/src/oq-engine/openquake/hazardlib/gsim/base.py:347: ExperimentalWarning: CanadaSHM6_ActiveCrust_BooreEtAl2014 is experimental and may change in future versions - the user is liable for their application
  warnings.warn(msg, ExperimentalWarning)
/home/ssm-user/src/oq-engine/openquake/hazardlib/gsim/base.py:347: ExperimentalWarning: CanadaSHM6_ActiveCrust_BooreEtAl2014 is experimental and may change in future versions - the user is liable for their application
  warnings.warn(msg, ExperimentalWarning)
/home/ssm-user/src/oq-engine/openquake/hazardlib/gsim/base.py:347: ExperimentalWarning: CanadaSHM6_ActiveCrust_BooreEtAl2014 is experimental and may change in future versions - the user is liable for their application
  warnings.warn(msg, ExperimentalWarning)
/home/ssm-user/src/oq-engine/openquake/hazardlib/gsim/base.py:347: ExperimentalWarning: CanadaSHM6_ActiveCrust_BooreEtAl2014 is experimental and may change in future versions - the user is liable for their application
  warnings.warn(msg, ExperimentalWarning)
/home/ssm-user/src/oq-engine/openquake/hazardlib/gsim/base.py:347: ExperimentalWarning: CanadaSHM6_ActiveCrust_BooreEtAl2014 is experimental and may change in future versions - the user is liable for their application
  warnings.warn(msg, ExperimentalWarning)
/home/ssm-user/src/oq-engine/openquake/hazardlib/gsim/base.py:347: ExperimentalWarning: CanadaSHM6_ActiveCrust_BooreEtAl2014 is experimental and may change in future versions - the user is liable for their application
  warnings.warn(msg, ExperimentalWarning)
/home/ssm-user/src/oq-engine/openquake/hazardlib/gsim/base.py:347: ExperimentalWarning: CanadaSHM6_ActiveCrust_BooreEtAl2014 is experimental and may change in future versions - the user is liable for their application
  warnings.warn(msg, ExperimentalWarning)
/home/ssm-user/src/oq-engine/openquake/hazardlib/gsim/base.py:347: ExperimentalWarning: CanadaSHM6_ActiveCrust_BooreEtAl2014 is experimental and may change in future versions - the user is liable for their application
  warnings.warn(msg, ExperimentalWarning)
/home/ssm-user/src/oq-engine/openquake/hazardlib/gsim/base.py:347: ExperimentalWarning: CanadaSHM6_ActiveCrust_BooreEtAl2014 is experimental and may change in future versions - the user is liable for their application
  warnings.warn(msg, ExperimentalWarning)
/home/ssm-user/src/oq-engine/openquake/hazardlib/gsim/base.py:347: ExperimentalWarning: CanadaSHM6_ActiveCrust_BooreEtAl2014 is experimental and may change in future versions - the user is liable for their application
  warnings.warn(msg, ExperimentalWarning)
/home/ssm-user/src/oq-engine/openquake/hazardlib/gsim/base.py:347: ExperimentalWarning: CanadaSHM6_ActiveCrust_BooreEtAl2014 is experimental and may change in future versions - the user is liable for their application
  warnings.warn(msg, ExperimentalWarning)
/home/ssm-user/src/oq-engine/openquake/hazardlib/gsim/base.py:347: ExperimentalWarning: CanadaSHM6_ActiveCrust_BooreEtAl2014 is experimental and may change in future versions - the user is liable for their application
  warnings.warn(msg, ExperimentalWarning)
/home/ssm-user/src/oq-engine/openquake/hazardlib/gsim/base.py:347: ExperimentalWarning: CanadaSHM6_ActiveCrust_BooreEtAl2014 is experimental and may change in future versions - the user is liable for their application
  warnings.warn(msg, ExperimentalWarning)
/home/ssm-user/src/oq-engine/openquake/hazardlib/gsim/base.py:347: ExperimentalWarning: CanadaSHM6_ActiveCrust_BooreEtAl2014 is experimental and may change in future versions - the user is liable for their application
  warnings.warn(msg, ExperimentalWarning)
/home/ssm-user/src/oq-engine/openquake/hazardlib/gsim/base.py:347: ExperimentalWarning: CanadaSHM6_ActiveCrust_BooreEtAl2014 is experimental and may change in future versions - the user is liable for their application
  warnings.warn(msg, ExperimentalWarning)
/home/ssm-user/src/oq-engine/openquake/hazardlib/gsim/base.py:347: ExperimentalWarning: CanadaSHM6_ActiveCrust_BooreEtAl2014 is experimental and may change in future versions - the user is liable for their application
  warnings.warn(msg, ExperimentalWarning)
/home/ssm-user/src/oq-engine/openquake/hazardlib/gsim/base.py:347: ExperimentalWarning: CanadaSHM6_ActiveCrust_BooreEtAl2014 is experimental and may change in future versions - the user is liable for their application
  warnings.warn(msg, ExperimentalWarning)
/home/ssm-user/src/oq-engine/openquake/hazardlib/gsim/base.py:347: ExperimentalWarning: CanadaSHM6_ActiveCrust_BooreEtAl2014 is experimental and may change in future versions - the user is liable for their application
  warnings.warn(msg, ExperimentalWarning)
/home/ssm-user/src/oq-engine/openquake/hazardlib/gsim/base.py:347: ExperimentalWarning: CanadaSHM6_ActiveCrust_BooreEtAl2014 is experimental and may change in future versions - the user is liable for their application
  warnings.warn(msg, ExperimentalWarning)
/home/ssm-user/src/oq-engine/openquake/hazardlib/gsim/base.py:347: ExperimentalWarning: CanadaSHM6_ActiveCrust_BooreEtAl2014 is experimental and may change in future versions - the user is liable for their application
  warnings.warn(msg, ExperimentalWarning)
/home/ssm-user/src/oq-engine/openquake/hazardlib/gsim/base.py:347: ExperimentalWarning: CanadaSHM6_ActiveCrust_BooreEtAl2014 is experimental and may change in future versions - the user is liable for their application
  warnings.warn(msg, ExperimentalWarning)
/home/ssm-user/src/oq-engine/openquake/hazardlib/gsim/base.py:347: ExperimentalWarning: CanadaSHM6_ActiveCrust_BooreEtAl2014 is experimental and may change in future versions - the user is liable for their application
  warnings.warn(msg, ExperimentalWarning)
/home/ssm-user/src/oq-engine/openquake/hazardlib/gsim/base.py:347: ExperimentalWarning: CanadaSHM6_ActiveCrust_BooreEtAl2014 is experimental and may change in future versions - the user is liable for their application
  warnings.warn(msg, ExperimentalWarning)
/home/ssm-user/src/oq-engine/openquake/hazardlib/gsim/base.py:347: ExperimentalWarning: CanadaSHM6_ActiveCrust_BooreEtAl2014 is experimental and may change in future versions - the user is liable for their application
  warnings.warn(msg, ExperimentalWarning)
/home/ssm-user/src/oq-engine/openquake/hazardlib/gsim/base.py:347: ExperimentalWarning: CanadaSHM6_ActiveCrust_BooreEtAl2014 is experimental and may change in future versions - the user is liable for their application
  warnings.warn(msg, ExperimentalWarning)
/home/ssm-user/src/oq-engine/openquake/hazardlib/gsim/base.py:347: ExperimentalWarning: CanadaSHM6_ActiveCrust_BooreEtAl2014 is experimental and may change in future versions - the user is liable for their application
  warnings.warn(msg, ExperimentalWarning)
/home/ssm-user/src/oq-engine/openquake/hazardlib/gsim/base.py:347: ExperimentalWarning: CanadaSHM6_ActiveCrust_BooreEtAl2014 is experimental and may change in future versions - the user is liable for their application
  warnings.warn(msg, ExperimentalWarning)
/home/ssm-user/src/oq-engine/openquake/hazardlib/gsim/base.py:347: ExperimentalWarning: CanadaSHM6_ActiveCrust_BooreEtAl2014 is experimental and may change in future versions - the user is liable for their application
  warnings.warn(msg, ExperimentalWarning)
/home/ssm-user/src/oq-engine/openquake/hazardlib/gsim/base.py:347: ExperimentalWarning: CanadaSHM6_ActiveCrust_BooreEtAl2014 is experimental and may change in future versions - the user is liable for their application
  warnings.warn(msg, ExperimentalWarning)
/home/ssm-user/src/oq-engine/openquake/hazardlib/gsim/base.py:347: ExperimentalWarning: CanadaSHM6_ActiveCrust_BooreEtAl2014 is experimental and may change in future versions - the user is liable for their application
  warnings.warn(msg, ExperimentalWarning)
/home/ssm-user/src/oq-engine/openquake/hazardlib/gsim/base.py:347: ExperimentalWarning: CanadaSHM6_ActiveCrust_BooreEtAl2014 is experimental and may change in future versions - the user is liable for their application
  warnings.warn(msg, ExperimentalWarning)
/home/ssm-user/src/oq-engine/openquake/hazardlib/gsim/base.py:347: ExperimentalWarning: CanadaSHM6_ActiveCrust_BooreEtAl2014 is experimental and may change in future versions - the user is liable for their application
  warnings.warn(msg, ExperimentalWarning)
/home/ssm-user/src/oq-engine/openquake/hazardlib/gsim/base.py:347: ExperimentalWarning: CanadaSHM6_ActiveCrust_BooreEtAl2014 is experimental and may change in future versions - the user is liable for their application
  warnings.warn(msg, ExperimentalWarning)
/home/ssm-user/src/oq-engine/openquake/hazardlib/gsim/base.py:347: ExperimentalWarning: CanadaSHM6_ActiveCrust_BooreEtAl2014 is experimental and may change in future versions - the user is liable for their application
  warnings.warn(msg, ExperimentalWarning)
/home/ssm-user/src/oq-engine/openquake/hazardlib/gsim/base.py:347: ExperimentalWarning: CanadaSHM6_ActiveCrust_BooreEtAl2014 is experimental and may change in future versions - the user is liable for their application
  warnings.warn(msg, ExperimentalWarning)
/home/ssm-user/src/oq-engine/openquake/hazardlib/gsim/base.py:347: ExperimentalWarning: CanadaSHM6_ActiveCrust_BooreEtAl2014 is experimental and may change in future versions - the user is liable for their application
  warnings.warn(msg, ExperimentalWarning)
/home/ssm-user/src/oq-engine/openquake/hazardlib/gsim/base.py:347: ExperimentalWarning: CanadaSHM6_ActiveCrust_BooreEtAl2014 is experimental and may change in future versions - the user is liable for their application
  warnings.warn(msg, ExperimentalWarning)
/home/ssm-user/src/oq-engine/openquake/hazardlib/gsim/base.py:347: ExperimentalWarning: CanadaSHM6_ActiveCrust_BooreEtAl2014 is experimental and may change in future versions - the user is liable for their application
  warnings.warn(msg, ExperimentalWarning)
/home/ssm-user/src/oq-engine/openquake/hazardlib/gsim/base.py:347: ExperimentalWarning: CanadaSHM6_ActiveCrust_BooreEtAl2014 is experimental and may change in future versions - the user is liable for their application
  warnings.warn(msg, ExperimentalWarning)
/home/ssm-user/src/oq-engine/openquake/hazardlib/gsim/base.py:347: ExperimentalWarning: CanadaSHM6_ActiveCrust_BooreEtAl2014 is experimental and may change in future versions - the user is liable for their application
  warnings.warn(msg, ExperimentalWarning)
/home/ssm-user/src/oq-engine/openquake/hazardlib/gsim/base.py:347: ExperimentalWarning: CanadaSHM6_ActiveCrust_BooreEtAl2014 is experimental and may change in future versions - the user is liable for their application
  warnings.warn(msg, ExperimentalWarning)
/home/ssm-user/src/oq-engine/openquake/hazardlib/gsim/base.py:347: ExperimentalWarning: CanadaSHM6_ActiveCrust_BooreEtAl2014 is experimental and may change in future versions - the user is liable for their application
  warnings.warn(msg, ExperimentalWarning)
/home/ssm-user/src/oq-engine/openquake/hazardlib/gsim/base.py:347: ExperimentalWarning: CanadaSHM6_ActiveCrust_BooreEtAl2014 is experimental and may change in future versions - the user is liable for their application
  warnings.warn(msg, ExperimentalWarning)
/home/ssm-user/src/oq-engine/openquake/hazardlib/gsim/base.py:347: ExperimentalWarning: CanadaSHM6_ActiveCrust_BooreEtAl2014 is experimental and may change in future versions - the user is liable for their application
  warnings.warn(msg, ExperimentalWarning)
/home/ssm-user/src/oq-engine/openquake/hazardlib/gsim/base.py:347: ExperimentalWarning: CanadaSHM6_ActiveCrust_BooreEtAl2014 is experimental and may change in future versions - the user is liable for their application
  warnings.warn(msg, ExperimentalWarning)
/home/ssm-user/src/oq-engine/openquake/hazardlib/gsim/base.py:347: ExperimentalWarning: CanadaSHM6_ActiveCrust_BooreEtAl2014 is experimental and may change in future versions - the user is liable for their application
  warnings.warn(msg, ExperimentalWarning)
/home/ssm-user/src/oq-engine/openquake/hazardlib/gsim/base.py:347: ExperimentalWarning: CanadaSHM6_ActiveCrust_BooreEtAl2014 is experimental and may change in future versions - the user is liable for their application
  warnings.warn(msg, ExperimentalWarning)
/home/ssm-user/src/oq-engine/openquake/hazardlib/gsim/base.py:347: ExperimentalWarning: CanadaSHM6_ActiveCrust_BooreEtAl2014 is experimental and may change in future versions - the user is liable for their application
  warnings.warn(msg, ExperimentalWarning)
/home/ssm-user/src/oq-engine/openquake/hazardlib/gsim/base.py:347: ExperimentalWarning: CanadaSHM6_ActiveCrust_BooreEtAl2014 is experimental and may change in future versions - the user is liable for their application
  warnings.warn(msg, ExperimentalWarning)
/home/ssm-user/src/oq-engine/openquake/hazardlib/gsim/base.py:347: ExperimentalWarning: CanadaSHM6_ActiveCrust_BooreEtAl2014 is experimental and may change in future versions - the user is liable for their application
  warnings.warn(msg, ExperimentalWarning)
/home/ssm-user/src/oq-engine/openquake/hazardlib/gsim/base.py:347: ExperimentalWarning: CanadaSHM6_ActiveCrust_BooreEtAl2014 is experimental and may change in future versions - the user is liable for their application
  warnings.warn(msg, ExperimentalWarning)
/home/ssm-user/src/oq-engine/openquake/hazardlib/gsim/base.py:347: ExperimentalWarning: CanadaSHM6_ActiveCrust_BooreEtAl2014 is experimental and may change in future versions - the user is liable for their application
  warnings.warn(msg, ExperimentalWarning)
/home/ssm-user/src/oq-engine/openquake/hazardlib/gsim/base.py:347: ExperimentalWarning: CanadaSHM6_ActiveCrust_BooreEtAl2014 is experimental and may change in future versions - the user is liable for their application
  warnings.warn(msg, ExperimentalWarning)
/home/ssm-user/src/oq-engine/openquake/hazardlib/gsim/base.py:347: ExperimentalWarning: CanadaSHM6_ActiveCrust_BooreEtAl2014 is experimental and may change in future versions - the user is liable for their application
  warnings.warn(msg, ExperimentalWarning)
/home/ssm-user/src/oq-engine/openquake/hazardlib/gsim/base.py:347: ExperimentalWarning: CanadaSHM6_ActiveCrust_BooreEtAl2014 is experimental and may change in future versions - the user is liable for their application
  warnings.warn(msg, ExperimentalWarning)
/home/ssm-user/src/oq-engine/openquake/hazardlib/gsim/base.py:347: ExperimentalWarning: CanadaSHM6_ActiveCrust_BooreEtAl2014 is experimental and may change in future versions - the user is liable for their application
  warnings.warn(msg, ExperimentalWarning)
/home/ssm-user/src/oq-engine/openquake/hazardlib/gsim/base.py:347: ExperimentalWarning: CanadaSHM6_ActiveCrust_BooreEtAl2014 is experimental and may change in future versions - the user is liable for their application
  warnings.warn(msg, ExperimentalWarning)
/home/ssm-user/src/oq-engine/openquake/hazardlib/gsim/base.py:347: ExperimentalWarning: CanadaSHM6_ActiveCrust_BooreEtAl2014 is experimental and may change in future versions - the user is liable for their application
  warnings.warn(msg, ExperimentalWarning)
/home/ssm-user/src/oq-engine/openquake/hazardlib/gsim/base.py:347: ExperimentalWarning: CanadaSHM6_ActiveCrust_BooreEtAl2014 is experimental and may change in future versions - the user is liable for their application
  warnings.warn(msg, ExperimentalWarning)
/home/ssm-user/src/oq-engine/openquake/hazardlib/gsim/base.py:347: ExperimentalWarning: CanadaSHM6_ActiveCrust_BooreEtAl2014 is experimental and may change in future versions - the user is liable for their application
  warnings.warn(msg, ExperimentalWarning)
/home/ssm-user/src/oq-engine/openquake/hazardlib/gsim/base.py:347: ExperimentalWarning: CanadaSHM6_ActiveCrust_BooreEtAl2014 is experimental and may change in future versions - the user is liable for their application
  warnings.warn(msg, ExperimentalWarning)
/home/ssm-user/src/oq-engine/openquake/hazardlib/gsim/base.py:347: ExperimentalWarning: CanadaSHM6_ActiveCrust_BooreEtAl2014 is experimental and may change in future versions - the user is liable for their application
  warnings.warn(msg, ExperimentalWarning)
/home/ssm-user/src/oq-engine/openquake/hazardlib/gsim/base.py:347: ExperimentalWarning: CanadaSHM6_ActiveCrust_BooreEtAl2014 is experimental and may change in future versions - the user is liable for their application
  warnings.warn(msg, ExperimentalWarning)
/home/ssm-user/src/oq-engine/openquake/hazardlib/gsim/base.py:347: ExperimentalWarning: CanadaSHM6_ActiveCrust_BooreEtAl2014 is experimental and may change in future versions - the user is liable for their application
  warnings.warn(msg, ExperimentalWarning)
/home/ssm-user/src/oq-engine/openquake/hazardlib/gsim/base.py:347: ExperimentalWarning: CanadaSHM6_ActiveCrust_BooreEtAl2014 is experimental and may change in future versions - the user is liable for their application
  warnings.warn(msg, ExperimentalWarning)
/home/ssm-user/src/oq-engine/openquake/hazardlib/gsim/base.py:347: ExperimentalWarning: CanadaSHM6_ActiveCrust_BooreEtAl2014 is experimental and may change in future versions - the user is liable for their application
  warnings.warn(msg, ExperimentalWarning)
/home/ssm-user/src/oq-engine/openquake/hazardlib/gsim/base.py:347: ExperimentalWarning: CanadaSHM6_ActiveCrust_BooreEtAl2014 is experimental and may change in future versions - the user is liable for their application
  warnings.warn(msg, ExperimentalWarning)
/home/ssm-user/src/oq-engine/openquake/hazardlib/gsim/base.py:347: ExperimentalWarning: CanadaSHM6_ActiveCrust_BooreEtAl2014 is experimental and may change in future versions - the user is liable for their application
  warnings.warn(msg, ExperimentalWarning)
/home/ssm-user/src/oq-engine/openquake/hazardlib/gsim/base.py:347: ExperimentalWarning: CanadaSHM6_ActiveCrust_BooreEtAl2014 is experimental and may change in future versions - the user is liable for their application
  warnings.warn(msg, ExperimentalWarning)
/home/ssm-user/src/oq-engine/openquake/hazardlib/gsim/base.py:347: ExperimentalWarning: CanadaSHM6_ActiveCrust_BooreEtAl2014 is experimental and may change in future versions - the user is liable for their application
  warnings.warn(msg, ExperimentalWarning)
/home/ssm-user/src/oq-engine/openquake/hazardlib/gsim/base.py:347: ExperimentalWarning: CanadaSHM6_ActiveCrust_BooreEtAl2014 is experimental and may change in future versions - the user is liable for their application
  warnings.warn(msg, ExperimentalWarning)
[2021-11-09 20:09:22 #241 INFO] Stopping the workers
  id | name
1835 | Aggregate Event Damages
1833 | Asset Damage Distributions
1834 | Asset Damage Statistics
1836 | Full Report
1837 | Realizations
