/home/ssm-user/src/oq-engine/openquake/hazardlib/gsim/base.py:347: ExperimentalWarning: CanadaSHM6_ActiveCrust_BooreEtAl2014 is experimental and may change in future versions - the user is liable for their application
  warnings.warn(msg, ExperimentalWarning)
/home/ssm-user/src/oq-engine/openquake/hazardlib/gsim/base.py:347: ExperimentalWarning: CanadaSHM6_ActiveCrust_AbrahamsonEtAl2014 is experimental and may change in future versions - the user is liable for their application
  warnings.warn(msg, ExperimentalWarning)
/home/ssm-user/src/oq-engine/openquake/hazardlib/gsim/base.py:347: ExperimentalWarning: CanadaSHM6_ActiveCrust_BooreEtAl2014 is experimental and may change in future versions - the user is liable for their application
  warnings.warn(msg, ExperimentalWarning)
/home/ssm-user/src/oq-engine/openquake/hazardlib/gsim/base.py:347: ExperimentalWarning: CanadaSHM6_ActiveCrust_CampbellBozorgnia2014 is experimental and may change in future versions - the user is liable for their application
  warnings.warn(msg, ExperimentalWarning)
/home/ssm-user/src/oq-engine/openquake/hazardlib/gsim/base.py:347: ExperimentalWarning: CanadaSHM6_ActiveCrust_ChiouYoungs2014 is experimental and may change in future versions - the user is liable for their application
  warnings.warn(msg, ExperimentalWarning)
[2021-11-04 17:36:56 #216 INFO] root running /mnt/storage/canada-srm2/eDamage/input/eDamage_b0_ON_K_KingstonPembroke.ini [--hc=None]
[2021-11-04 17:36:56 #216 INFO] Using engine version 3.11.3-git29ac352f7d
[2021-11-04 17:36:57 #216 WARNING] Version v3.11.4 of the engine is available, but you are still using version 3.11.3-git29ac352f7d
[2021-11-04 17:36:57 #216 WARNING] Using 96 cores on ip-10-70-136-127
[2021-11-04 17:36:57 #216 INFO] Validated nationalModel.xml in 0.01 seconds
[2021-11-04 17:36:57 #216 INFO] Checksum of the input files: 514598877
[2021-11-04 17:36:57 #216 INFO] Reading the risk model if present
[2021-11-04 17:37:00 #216 INFO] Reading /mnt/storage/openquake-inputs/exposure/general-building-stock/oqBldgExp_ON_K_KingstonPembroke.xml
[2021-11-04 17:37:10 #216 INFO] Extracting the hazard sites from the site model
[2021-11-04 17:37:14 #216 INFO] Associated 78866 assets to 14019 sites
[2021-11-04 17:37:19 #216 INFO] Reducing risk model from 4224 to 524 taxonomies
[2021-11-04 17:37:21 #216 INFO] minimum_asset_loss={'structural': 0}
[2021-11-04 17:37:22 #216 INFO] Considering 200 logic tree paths out of 24_576
[2021-11-04 17:37:22 #216 INFO] Reading the source model(s) in parallel
[2021-11-04 17:37:25 #216 INFO] read_source_model  16% [6 submitted, 0 queued]
[2021-11-04 17:37:25 #216 INFO] read_source_model  33% [6 submitted, 0 queued]
[2021-11-04 17:37:25 #216 INFO] read_source_model  50% [6 submitted, 0 queued]
[2021-11-04 17:37:25 #216 INFO] read_source_model  66% [6 submitted, 0 queued]
[2021-11-04 17:37:25 #216 INFO] read_source_model  83% [6 submitted, 0 queued]
[2021-11-04 17:37:25 #216 INFO] read_source_model 100% [6 submitted, 0 queued]
[2021-11-04 17:37:25 #216 INFO] Mean time per core=0s, std=0.0s, min=0s, max=0s
[2021-11-04 17:37:25 #216 INFO] Received {'/mnt/storage/CanadaSHM6/OpenQuake_model_files/sources/nationalModel/xml/simplifiedModel/WCan_HYeast_Harctic_simplified_collapsedRates.xml': '157.72 KB', '/mnt/storage/CanadaSHM6/OpenQuake_model_files/sources/nationalModel/xml/simplifiedModel/WCan_H2east_Harctic_simplified_collapsedRates.xml': '152.1 KB', '/mnt/storage/CanadaSHM6/OpenQuake_model_files/sources/nationalModel/xml/simplifiedModel/WCan_HYeast_Rarctic_simplified_collapsedRates.xml': '151.35 KB', '/mnt/storage/CanadaSHM6/OpenQuake_model_files/sources/nationalModel/xml/simplifiedModel/WCan_H2east_Rarctic_simplified_collapsedRates.xml': '145.73 KB', '/mnt/storage/CanadaSHM6/OpenQuake_model_files/sources/nationalModel/xml/simplifiedModel/WCan_R2east_Harctic_simplified_collapsedRates.xml': '137.01 KB', '/mnt/storage/CanadaSHM6/OpenQuake_model_files/sources/nationalModel/xml/simplifiedModel/WCan_R2east_Rarctic_simplified_collapsedRates.xml': '130.86 KB'} in 0 seconds
/home/ssm-user/src/oq-engine/openquake/hazardlib/gsim/base.py:347: ExperimentalWarning: CanadaSHM6_ActiveCrust_BooreEtAl2014 is experimental and may change in future versions - the user is liable for their application
  warnings.warn(msg, ExperimentalWarning)
/home/ssm-user/src/oq-engine/openquake/hazardlib/gsim/base.py:347: ExperimentalWarning: CanadaSHM6_ActiveCrust_BooreEtAl2014 is experimental and may change in future versions - the user is liable for their application
  warnings.warn(msg, ExperimentalWarning)
/home/ssm-user/src/oq-engine/openquake/hazardlib/gsim/base.py:347: ExperimentalWarning: CanadaSHM6_ActiveCrust_BooreEtAl2014 is experimental and may change in future versions - the user is liable for their application
  warnings.warn(msg, ExperimentalWarning)
/home/ssm-user/src/oq-engine/openquake/hazardlib/gsim/base.py:347: ExperimentalWarning: CanadaSHM6_ActiveCrust_BooreEtAl2014 is experimental and may change in future versions - the user is liable for their application
  warnings.warn(msg, ExperimentalWarning)
/home/ssm-user/src/oq-engine/openquake/hazardlib/gsim/base.py:347: ExperimentalWarning: CanadaSHM6_ActiveCrust_BooreEtAl2014 is experimental and may change in future versions - the user is liable for their application
  warnings.warn(msg, ExperimentalWarning)
/home/ssm-user/src/oq-engine/openquake/hazardlib/gsim/base.py:347: ExperimentalWarning: CanadaSHM6_ActiveCrust_BooreEtAl2014 is experimental and may change in future versions - the user is liable for their application
  warnings.warn(msg, ExperimentalWarning)
[2021-11-04 17:37:25 #216 INFO] There are multiple different sources with the same ID [<AreaSource SCCYA;0>, <AreaSource SCCYA;1>]
[2021-11-04 17:37:25 #216 INFO] There are 13 groups and 198 sources with len(et_ids)=3.87
[2021-11-04 17:37:25 #216 INFO] Checking the sources bounding box
[2021-11-04 17:37:25 #216 ERROR] source ACM: The buffer of 600 km is too large, the bounding box is larger than half the globe: 219 degrees
[2021-11-04 17:37:25 #216 INFO] Rupture floating factor = 1.6303030303030304
[2021-11-04 17:37:25 #216 INFO] Rupture spinning factor = 3.2181818181818183
[2021-11-04 17:37:25 #216 INFO] gzipping the input files
[2021-11-04 17:37:28 #216 INFO] Storing risk model
[2021-11-04 17:37:29 #216 INFO] minimum_intensity={'SA(0.3)': 0.02, 'SA(0.6)': 0.05, 'SA(1.0)': 0.05, 'SA(2.0)': 0.05}
[2021-11-04 17:37:29 #216 INFO] Building ruptures
[2021-11-04 17:39:04 #216 INFO] Sending <SourceGroup Subduction IntraSlab30, 1 source(s)>
[2021-11-04 17:39:04 #216 INFO] Sending <SourceGroup Subduction IntraSlab55, 4 source(s)>
[2021-11-04 17:39:04 #216 INFO] Sending <SourceGroup Subduction Interface, 14 source(s)>
[2021-11-04 17:39:04 #216 INFO] Sending <SourceGroup Stable Shallow Crust, 29 source(s)>
[2021-11-04 17:39:04 #216 INFO] Sending <SourceGroup Stable Shallow Crust, 4 source(s)>
[2021-11-04 17:39:04 #216 INFO] Sending <SourceGroup Stable Shallow Crust, 6 source(s)>
[2021-11-04 17:39:04 #216 INFO] Sending <SourceGroup Stable Shallow Crust, 18 source(s)>
[2021-11-04 17:39:04 #216 INFO] Sending <SourceGroup Stable Shallow Crust, 10 source(s)>
[2021-11-04 17:39:04 #216 INFO] Sending <SourceGroup Stable Shallow Crust, 38 source(s)>
[2021-11-04 17:39:04 #216 INFO] Sending <SourceGroup Stable Shallow Crust, 14 source(s)>
[2021-11-04 17:39:04 #216 INFO] Sending <SourceGroup Active Shallow Crust, 1 source(s)>
[2021-11-04 17:39:04 #216 INFO] Sending <SourceGroup Active Shallow Crust, 58 source(s)>
[2021-11-04 17:39:04 #216 INFO] Sending <SourceGroup Active Shallow Crust, 1 source(s)>
[2021-11-04 17:39:07 #216 INFO] Sent 96 tasks, 131.69 MB in 0 seconds
[2021-11-04 17:39:07 #216 INFO] sample_ruptures   1% [98 submitted, 5 queued]
[2021-11-04 17:39:07 #216 INFO] sample_ruptures   2% [99 submitted, 4 queued]
[2021-11-04 17:39:08 #216 INFO] sample_ruptures   3% [100 submitted, 3 queued]
[2021-11-04 17:39:08 #216 INFO] sample_ruptures   4% [101 submitted, 2 queued]
[2021-11-04 17:39:08 #216 INFO] sample_ruptures   5% [102 submitted, 1 queued]
[2021-11-04 17:39:08 #216 INFO] sample_ruptures   6% [103 submitted, 0 queued]
[2021-11-04 17:39:08 #216 INFO] sample_ruptures   7% [103 submitted, 0 queued]
[2021-11-04 17:39:08 #216 INFO] sample_ruptures   8% [103 submitted, 0 queued]
[2021-11-04 17:39:08 #216 INFO] sample_ruptures   9% [103 submitted, 0 queued]
[2021-11-04 17:39:09 #216 INFO] sample_ruptures  10% [103 submitted, 0 queued]
[2021-11-04 17:39:09 #216 INFO] sample_ruptures  11% [103 submitted, 0 queued]
[2021-11-04 17:39:09 #216 INFO] sample_ruptures  12% [103 submitted, 0 queued]
[2021-11-04 17:39:09 #216 INFO] sample_ruptures  13% [103 submitted, 0 queued]
[2021-11-04 17:39:09 #216 INFO] sample_ruptures  14% [103 submitted, 0 queued]
[2021-11-04 17:39:09 #216 INFO] sample_ruptures  15% [103 submitted, 0 queued]
[2021-11-04 17:39:09 #216 INFO] sample_ruptures  16% [103 submitted, 0 queued]
[2021-11-04 17:39:09 #216 INFO] sample_ruptures  17% [103 submitted, 0 queued]
[2021-11-04 17:39:09 #216 INFO] sample_ruptures  18% [103 submitted, 0 queued]
[2021-11-04 17:39:09 #216 INFO] sample_ruptures  19% [103 submitted, 0 queued]
[2021-11-04 17:39:09 #216 INFO] sample_ruptures  20% [103 submitted, 0 queued]
[2021-11-04 17:39:09 #216 INFO] sample_ruptures  21% [103 submitted, 0 queued]
[2021-11-04 17:39:09 #216 INFO] sample_ruptures  22% [103 submitted, 0 queued]
[2021-11-04 17:39:09 #216 INFO] sample_ruptures  23% [103 submitted, 0 queued]
[2021-11-04 17:39:09 #216 INFO] sample_ruptures  24% [103 submitted, 0 queued]
[2021-11-04 17:39:09 #216 INFO] sample_ruptures  25% [103 submitted, 0 queued]
[2021-11-04 17:39:09 #216 INFO] sample_ruptures  26% [103 submitted, 0 queued]
[2021-11-04 17:39:09 #216 INFO] sample_ruptures  27% [103 submitted, 0 queued]
[2021-11-04 17:39:09 #216 INFO] sample_ruptures  28% [103 submitted, 0 queued]
[2021-11-04 17:39:09 #216 INFO] sample_ruptures  29% [103 submitted, 0 queued]
[2021-11-04 17:39:09 #216 INFO] sample_ruptures  30% [103 submitted, 0 queued]
[2021-11-04 17:39:09 #216 INFO] sample_ruptures  31% [103 submitted, 0 queued]
[2021-11-04 17:39:09 #216 INFO] sample_ruptures  32% [103 submitted, 0 queued]
[2021-11-04 17:39:09 #216 INFO] sample_ruptures  33% [103 submitted, 0 queued]
[2021-11-04 17:39:09 #216 INFO] sample_ruptures  34% [103 submitted, 0 queued]
[2021-11-04 17:39:09 #216 INFO] sample_ruptures  35% [103 submitted, 0 queued]
[2021-11-04 17:39:09 #216 INFO] sample_ruptures  36% [103 submitted, 0 queued]
[2021-11-04 17:39:09 #216 INFO] sample_ruptures  37% [103 submitted, 0 queued]
[2021-11-04 17:39:09 #216 INFO] sample_ruptures  38% [103 submitted, 0 queued]
[2021-11-04 17:39:09 #216 INFO] sample_ruptures  39% [103 submitted, 0 queued]
[2021-11-04 17:39:09 #216 INFO] sample_ruptures  40% [103 submitted, 0 queued]
[2021-11-04 17:39:09 #216 INFO] sample_ruptures  41% [103 submitted, 0 queued]
[2021-11-04 17:39:09 #216 INFO] sample_ruptures  42% [103 submitted, 0 queued]
[2021-11-04 17:39:09 #216 INFO] sample_ruptures  43% [103 submitted, 0 queued]
[2021-11-04 17:39:09 #216 INFO] sample_ruptures  44% [103 submitted, 0 queued]
[2021-11-04 17:39:09 #216 INFO] sample_ruptures  45% [103 submitted, 0 queued]
[2021-11-04 17:39:09 #216 INFO] sample_ruptures  46% [103 submitted, 0 queued]
[2021-11-04 17:39:09 #216 INFO] sample_ruptures  47% [103 submitted, 0 queued]
[2021-11-04 17:39:09 #216 INFO] sample_ruptures  48% [103 submitted, 0 queued]
[2021-11-04 17:39:09 #216 INFO] sample_ruptures  49% [103 submitted, 0 queued]
[2021-11-04 17:39:09 #216 INFO] sample_ruptures  50% [103 submitted, 0 queued]
[2021-11-04 17:39:09 #216 INFO] sample_ruptures  51% [103 submitted, 0 queued]
[2021-11-04 17:39:09 #216 INFO] sample_ruptures  52% [103 submitted, 0 queued]
[2021-11-04 17:39:09 #216 INFO] sample_ruptures  53% [103 submitted, 0 queued]
[2021-11-04 17:39:09 #216 INFO] sample_ruptures  54% [103 submitted, 0 queued]
[2021-11-04 17:39:10 #216 INFO] sample_ruptures  55% [103 submitted, 0 queued]
[2021-11-04 17:39:10 #216 INFO] sample_ruptures  56% [103 submitted, 0 queued]
[2021-11-04 17:39:10 #216 INFO] sample_ruptures  57% [103 submitted, 0 queued]
[2021-11-04 17:39:10 #216 INFO] sample_ruptures  58% [103 submitted, 0 queued]
[2021-11-04 17:39:10 #216 INFO] sample_ruptures  59% [103 submitted, 0 queued]
[2021-11-04 17:39:10 #216 INFO] sample_ruptures  60% [103 submitted, 0 queued]
[2021-11-04 17:39:10 #216 INFO] sample_ruptures  61% [103 submitted, 0 queued]
[2021-11-04 17:39:10 #216 INFO] sample_ruptures  62% [103 submitted, 0 queued]
[2021-11-04 17:39:10 #216 INFO] sample_ruptures  63% [103 submitted, 0 queued]
[2021-11-04 17:39:10 #216 INFO] sample_ruptures  64% [103 submitted, 0 queued]
[2021-11-04 17:39:10 #216 INFO] sample_ruptures  65% [103 submitted, 0 queued]
[2021-11-04 17:39:10 #216 INFO] sample_ruptures  66% [103 submitted, 0 queued]
[2021-11-04 17:39:10 #216 INFO] sample_ruptures  67% [103 submitted, 0 queued]
[2021-11-04 17:39:33 #216 INFO] sample_ruptures  68% [103 submitted, 0 queued]
[2021-11-04 17:39:46 #216 INFO] sample_ruptures  69% [103 submitted, 0 queued]
[2021-11-04 17:39:48 #216 INFO] sample_ruptures  70% [103 submitted, 0 queued]
[2021-11-04 17:39:49 #216 INFO] sample_ruptures  71% [103 submitted, 0 queued]
[2021-11-04 17:39:49 #216 INFO] sample_ruptures  72% [103 submitted, 0 queued]
[2021-11-04 17:39:50 #216 INFO] sample_ruptures  73% [103 submitted, 0 queued]
[2021-11-04 17:39:50 #216 INFO] sample_ruptures  74% [103 submitted, 0 queued]
[2021-11-04 17:39:52 #216 INFO] sample_ruptures  75% [103 submitted, 0 queued]
[2021-11-04 17:39:52 #216 INFO] sample_ruptures  76% [103 submitted, 0 queued]
[2021-11-04 17:40:00 #216 INFO] sample_ruptures  77% [103 submitted, 0 queued]
[2021-11-04 17:40:02 #216 INFO] sample_ruptures  78% [103 submitted, 0 queued]
[2021-11-04 17:40:02 #216 INFO] sample_ruptures  79% [103 submitted, 0 queued]
[2021-11-04 17:40:04 #216 INFO] sample_ruptures  80% [103 submitted, 0 queued]
[2021-11-04 17:40:12 #216 INFO] sample_ruptures  81% [103 submitted, 0 queued]
[2021-11-04 17:40:14 #216 INFO] sample_ruptures  82% [103 submitted, 0 queued]
[2021-11-04 17:40:17 #216 INFO] sample_ruptures  83% [103 submitted, 0 queued]
[2021-11-04 17:40:20 #216 INFO] sample_ruptures  84% [103 submitted, 0 queued]
[2021-11-04 17:40:21 #216 INFO] sample_ruptures  85% [103 submitted, 0 queued]
[2021-11-04 17:40:33 #216 INFO] sample_ruptures  86% [103 submitted, 0 queued]
[2021-11-04 17:40:43 #216 INFO] sample_ruptures  87% [103 submitted, 0 queued]
[2021-11-04 17:41:04 #216 INFO] sample_ruptures  88% [103 submitted, 0 queued]
[2021-11-04 17:41:18 #216 INFO] sample_ruptures  89% [103 submitted, 0 queued]
[2021-11-04 17:41:20 #216 INFO] sample_ruptures  90% [103 submitted, 0 queued]
[2021-11-04 17:41:23 #216 INFO] sample_ruptures  91% [103 submitted, 0 queued]
[2021-11-04 17:41:44 #216 INFO] sample_ruptures  92% [103 submitted, 0 queued]
[2021-11-04 17:41:55 #216 INFO] sample_ruptures  93% [103 submitted, 0 queued]
[2021-11-04 17:42:07 #216 INFO] sample_ruptures  94% [103 submitted, 0 queued]
[2021-11-04 17:42:08 #216 INFO] sample_ruptures  95% [103 submitted, 0 queued]
[2021-11-04 17:42:12 #216 INFO] sample_ruptures  96% [103 submitted, 0 queued]
[2021-11-04 17:42:12 #216 INFO] sample_ruptures  97% [103 submitted, 0 queued]
[2021-11-04 17:42:19 #216 INFO] sample_ruptures  98% [103 submitted, 0 queued]
[2021-11-04 17:42:34 #216 INFO] sample_ruptures  99% [103 submitted, 0 queued]
[2021-11-04 17:43:24 #216 INFO] sample_ruptures 100% [103 submitted, 0 queued]
[2021-11-04 17:43:24 #216 INFO] Mean time per core=34s, std=60.3s, min=0s, max=255s
[2021-11-04 17:43:24 #216 INFO] Received {'rup_array': '175.52 MB', 'calc_times': '22.84 KB', 'eff_ruptures': '4.31 KB'} in 257 seconds
[2021-11-04 17:43:24 #216 INFO] There are 200 realization(s)
[2021-11-04 17:43:24 #216 INFO] Reordering the ruptures and storing the events
[2021-11-04 17:43:25 #216 INFO] Associating event_id -> rlz_id for 2_380_702 events and 843_815 ruptures
[2021-11-04 17:43:53 #216 INFO] Sent 195 tasks, 90.32 MB in 26 seconds
[2021-11-04 17:43:59 #216 INFO] Mean time per core=5s, std=1.8s, min=1s, max=10s
[2021-11-04 17:43:59 #216 INFO] Received {'tot': '22.75 MB'} in 5 seconds
[2021-11-04 17:44:12 #216 INFO] Reading 843_815 ruptures
[2021-11-04 17:44:34 #216 INFO] Sent 96 tasks, 118.1 MB in 3 seconds
[2021-11-04 18:02:12 #216 INFO] compute_gmfs   1% [98 submitted, 97 queued]
[2021-11-04 18:08:11 #216 INFO] compute_gmfs   2% [100 submitted, 95 queued]
[2021-11-04 18:15:47 #216 INFO] compute_gmfs   3% [102 submitted, 93 queued]
[2021-11-04 18:23:17 #216 INFO] compute_gmfs   4% [104 submitted, 91 queued]
[2021-11-04 18:27:45 #216 INFO] compute_gmfs   5% [106 submitted, 89 queued]
[2021-11-04 18:31:02 #216 INFO] compute_gmfs   6% [108 submitted, 87 queued]
[2021-11-04 18:34:27 #216 INFO] compute_gmfs   7% [110 submitted, 85 queued]
[2021-11-04 18:42:56 #216 INFO] compute_gmfs   8% [112 submitted, 83 queued]
[2021-11-04 18:45:41 #216 INFO] compute_gmfs   9% [114 submitted, 81 queued]
[2021-11-04 18:50:16 #216 INFO] compute_gmfs  10% [116 submitted, 79 queued]
[2021-11-04 18:51:46 #216 INFO] compute_gmfs  11% [118 submitted, 77 queued]
[2021-11-04 18:53:26 #216 INFO] compute_gmfs  12% [120 submitted, 75 queued]
[2021-11-04 18:56:21 #216 INFO] compute_gmfs  13% [122 submitted, 73 queued]
[2021-11-04 19:00:17 #216 INFO] compute_gmfs  14% [124 submitted, 71 queued]
[2021-11-04 19:07:05 #216 INFO] compute_gmfs  15% [126 submitted, 69 queued]
[2021-11-04 19:08:18 #216 INFO] compute_gmfs  16% [128 submitted, 67 queued]
[2021-11-04 19:11:47 #216 INFO] compute_gmfs  17% [130 submitted, 65 queued]
[2021-11-04 19:13:14 #216 INFO] compute_gmfs  18% [132 submitted, 63 queued]
[2021-11-04 19:13:30 #216 INFO] compute_gmfs  19% [134 submitted, 61 queued]
[2021-11-04 19:13:39 #216 INFO] compute_gmfs  20% [135 submitted, 60 queued]
[2021-11-04 19:16:36 #216 INFO] compute_gmfs  21% [137 submitted, 58 queued]
[2021-11-04 19:18:32 #216 INFO] compute_gmfs  22% [139 submitted, 56 queued]
[2021-11-04 19:28:29 #216 INFO] compute_gmfs  23% [141 submitted, 54 queued]
[2021-11-04 19:31:51 #216 INFO] compute_gmfs  24% [143 submitted, 52 queued]
[2021-11-04 19:56:26 #216 INFO] compute_gmfs  25% [145 submitted, 50 queued]
[2021-11-04 20:05:56 #216 INFO] compute_gmfs  26% [147 submitted, 48 queued]
[2021-11-04 20:08:06 #216 INFO] compute_gmfs  27% [149 submitted, 46 queued]
[2021-11-04 20:08:47 #216 INFO] compute_gmfs  28% [151 submitted, 44 queued]
[2021-11-04 20:15:02 #216 INFO] compute_gmfs  29% [153 submitted, 42 queued]
[2021-11-04 20:24:49 #216 INFO] compute_gmfs  30% [155 submitted, 40 queued]
[2021-11-04 20:26:06 #216 INFO] compute_gmfs  31% [157 submitted, 38 queued]
[2021-11-04 20:29:20 #216 INFO] compute_gmfs  32% [159 submitted, 36 queued]
[2021-11-04 20:34:09 #216 INFO] compute_gmfs  33% [161 submitted, 34 queued]
[2021-11-04 20:37:14 #216 INFO] compute_gmfs  34% [163 submitted, 32 queued]
[2021-11-04 20:39:08 #216 INFO] compute_gmfs  35% [165 submitted, 30 queued]
[2021-11-04 20:40:58 #216 INFO] compute_gmfs  36% [167 submitted, 28 queued]
[2021-11-04 20:42:58 #216 INFO] compute_gmfs  37% [169 submitted, 26 queued]
[2021-11-04 20:46:09 #216 INFO] compute_gmfs  38% [171 submitted, 24 queued]
[2021-11-04 20:50:25 #216 INFO] compute_gmfs  39% [173 submitted, 22 queued]
[2021-11-04 20:53:55 #216 INFO] compute_gmfs  40% [174 submitted, 21 queued]
[2021-11-04 21:05:06 #216 INFO] compute_gmfs  41% [176 submitted, 19 queued]
[2021-11-04 21:16:19 #216 INFO] compute_gmfs  42% [178 submitted, 17 queued]
[2021-11-04 21:19:15 #216 INFO] compute_gmfs  43% [180 submitted, 15 queued]
[2021-11-04 21:25:05 #216 INFO] compute_gmfs  44% [182 submitted, 13 queued]
[2021-11-04 21:26:46 #216 INFO] compute_gmfs  45% [184 submitted, 11 queued]
[2021-11-04 21:27:28 #216 INFO] compute_gmfs  46% [186 submitted, 9 queued]
[2021-11-04 21:29:52 #216 INFO] compute_gmfs  47% [188 submitted, 7 queued]
[2021-11-04 21:30:26 #216 INFO] compute_gmfs  48% [190 submitted, 5 queued]
[2021-11-04 21:34:07 #216 INFO] compute_gmfs  49% [192 submitted, 3 queued]
[2021-11-04 21:35:05 #216 INFO] compute_gmfs  50% [194 submitted, 1 queued]
[2021-11-04 21:36:01 #216 INFO] compute_gmfs  51% [195 submitted, 0 queued]
[2021-11-04 21:39:25 #216 INFO] compute_gmfs  52% [195 submitted, 0 queued]
[2021-11-04 21:40:39 #216 INFO] compute_gmfs  53% [195 submitted, 0 queued]
[2021-11-04 21:47:36 #216 INFO] compute_gmfs  54% [195 submitted, 0 queued]
[2021-11-04 21:47:36 #216 INFO] compute_gmfs  55% [195 submitted, 0 queued]
[2021-11-04 21:47:36 #216 INFO] compute_gmfs  56% [195 submitted, 0 queued]
[2021-11-04 21:47:36 #216 INFO] compute_gmfs  57% [195 submitted, 0 queued]
[2021-11-04 21:47:36 #216 INFO] compute_gmfs  58% [195 submitted, 0 queued]
[2021-11-04 21:47:36 #216 INFO] compute_gmfs  59% [195 submitted, 0 queued]
[2021-11-04 21:47:36 #216 INFO] compute_gmfs  60% [195 submitted, 0 queued]
[2021-11-04 21:47:36 #216 INFO] compute_gmfs  61% [195 submitted, 0 queued]
[2021-11-04 21:47:36 #216 INFO] compute_gmfs  62% [195 submitted, 0 queued]
[2021-11-04 21:47:36 #216 INFO] compute_gmfs  63% [195 submitted, 0 queued]
[2021-11-04 21:50:27 #216 INFO] compute_gmfs  64% [195 submitted, 0 queued]
[2021-11-04 21:58:15 #216 INFO] compute_gmfs  65% [195 submitted, 0 queued]
[2021-11-04 22:02:48 #216 INFO] compute_gmfs  66% [195 submitted, 0 queued]
[2021-11-04 22:14:43 #216 INFO] compute_gmfs  67% [195 submitted, 0 queued]
[2021-11-04 22:15:46 #216 INFO] compute_gmfs  68% [195 submitted, 0 queued]
[2021-11-04 22:18:09 #216 INFO] compute_gmfs  69% [195 submitted, 0 queued]
[2021-11-04 22:18:22 #216 INFO] compute_gmfs  70% [195 submitted, 0 queued]
[2021-11-04 22:20:08 #216 INFO] compute_gmfs  71% [195 submitted, 0 queued]
[2021-11-04 22:21:05 #216 INFO] compute_gmfs  72% [195 submitted, 0 queued]
[2021-11-04 22:23:27 #216 INFO] compute_gmfs  73% [195 submitted, 0 queued]
[2021-11-04 22:26:48 #216 INFO] compute_gmfs  74% [195 submitted, 0 queued]
[2021-11-04 22:32:04 #216 INFO] compute_gmfs  75% [195 submitted, 0 queued]
[2021-11-04 22:36:42 #216 INFO] compute_gmfs  76% [195 submitted, 0 queued]
[2021-11-04 22:41:50 #216 INFO] compute_gmfs  77% [195 submitted, 0 queued]
[2021-11-04 22:43:44 #216 INFO] compute_gmfs  78% [195 submitted, 0 queued]
[2021-11-04 22:45:37 #216 INFO] compute_gmfs  79% [195 submitted, 0 queued]
[2021-11-04 22:46:06 #216 INFO] compute_gmfs  80% [195 submitted, 0 queued]
[2021-11-04 23:00:12 #216 INFO] compute_gmfs  81% [195 submitted, 0 queued]
[2021-11-04 23:07:46 #216 INFO] compute_gmfs  82% [195 submitted, 0 queued]
[2021-11-04 23:10:53 #216 INFO] compute_gmfs  83% [195 submitted, 0 queued]
[2021-11-04 23:12:51 #216 INFO] compute_gmfs  84% [195 submitted, 0 queued]
[2021-11-04 23:16:41 #216 INFO] compute_gmfs  85% [195 submitted, 0 queued]
[2021-11-04 23:19:40 #216 INFO] compute_gmfs  86% [195 submitted, 0 queued]
[2021-11-04 23:22:00 #216 INFO] compute_gmfs  87% [195 submitted, 0 queued]
[2021-11-04 23:33:39 #216 INFO] compute_gmfs  88% [195 submitted, 0 queued]
[2021-11-04 23:35:20 #216 INFO] compute_gmfs  89% [195 submitted, 0 queued]
[2021-11-04 23:36:50 #216 INFO] compute_gmfs  90% [195 submitted, 0 queued]
[2021-11-04 23:39:47 #216 INFO] compute_gmfs  91% [195 submitted, 0 queued]
[2021-11-04 23:49:46 #216 INFO] compute_gmfs  92% [195 submitted, 0 queued]
[2021-11-04 23:55:42 #216 INFO] compute_gmfs  93% [195 submitted, 0 queued]
[2021-11-04 23:59:19 #216 INFO] compute_gmfs  94% [195 submitted, 0 queued]
[2021-11-05 00:01:52 #216 INFO] compute_gmfs  95% [195 submitted, 0 queued]
[2021-11-05 00:08:13 #216 INFO] compute_gmfs  96% [195 submitted, 0 queued]
[2021-11-05 00:15:55 #216 INFO] compute_gmfs  97% [195 submitted, 0 queued]
[2021-11-05 00:18:30 #216 INFO] compute_gmfs  98% [195 submitted, 0 queued]
[2021-11-05 00:24:33 #216 INFO] compute_gmfs  99% [195 submitted, 0 queued]
[2021-11-05 00:24:53 #216 INFO] compute_gmfs 100% [195 submitted, 0 queued]
[2021-11-05 00:24:53 #216 INFO] Mean time per core=17934s, std=3150.2s, min=13827s, max=23966s
[2021-11-05 00:24:53 #216 INFO] Received {'gmfdata': '93.11 GB', 'sig_eps': '67.23 MB', 'times': '9.58 MB', 'hcurves': '975 B'} in 24021 seconds
[2021-11-05 00:24:53 #216 INFO] Stored 58.27 GB of GMFs
[2021-11-05 00:24:53 #216 WARNING] There are more than 1 GB of GMFs, not computing avg_gmf
[2021-11-05 00:26:52 #216 INFO] Building risk inputs from 200 realization(s)
[2021-11-05 00:37:23 #216 INFO] Grouping the GMFs by site ID
[2021-11-05 00:48:00 #216 INFO] Built 14019 risk inputs
[2021-11-05 00:50:30 #216 INFO] Sent 197 tasks, 75.68 GB in 149 seconds
[2021-11-05 02:33:58 #216 INFO] scenario_damage   1% [197 submitted, 0 queued]
[2021-11-05 02:42:52 #216 INFO] scenario_damage   2% [197 submitted, 0 queued]
[2021-11-05 02:45:17 #216 INFO] scenario_damage   3% [197 submitted, 0 queued]
[2021-11-05 02:46:54 #216 INFO] scenario_damage   4% [197 submitted, 0 queued]
[2021-11-05 02:50:55 #216 INFO] scenario_damage   5% [197 submitted, 0 queued]
[2021-11-05 02:51:21 #216 INFO] scenario_damage   6% [197 submitted, 0 queued]
[2021-11-05 02:51:59 #216 INFO] scenario_damage   7% [197 submitted, 0 queued]
[2021-11-05 02:53:16 #216 INFO] scenario_damage   8% [197 submitted, 0 queued]
[2021-11-05 02:54:28 #216 INFO] scenario_damage   9% [197 submitted, 0 queued]
[2021-11-05 02:54:35 #216 INFO] scenario_damage  10% [197 submitted, 0 queued]
[2021-11-05 02:54:45 #216 INFO] scenario_damage  11% [197 submitted, 0 queued]
[2021-11-05 02:55:06 #216 INFO] scenario_damage  12% [197 submitted, 0 queued]
[2021-11-05 02:55:10 #216 INFO] scenario_damage  13% [197 submitted, 0 queued]
[2021-11-05 02:55:28 #216 INFO] scenario_damage  14% [197 submitted, 0 queued]
[2021-11-05 02:55:55 #216 INFO] scenario_damage  15% [197 submitted, 0 queued]
[2021-11-05 02:56:25 #216 INFO] scenario_damage  16% [197 submitted, 0 queued]
[2021-11-05 02:56:55 #216 INFO] scenario_damage  17% [197 submitted, 0 queued]
[2021-11-05 02:58:34 #216 INFO] scenario_damage  18% [197 submitted, 0 queued]
[2021-11-05 03:00:52 #216 INFO] scenario_damage  19% [197 submitted, 0 queued]
[2021-11-05 03:01:44 #216 INFO] scenario_damage  20% [197 submitted, 0 queued]
[2021-11-05 03:03:41 #216 INFO] scenario_damage  21% [197 submitted, 0 queued]
[2021-11-05 03:04:46 #216 INFO] scenario_damage  22% [197 submitted, 0 queued]
[2021-11-05 03:07:05 #216 INFO] scenario_damage  23% [197 submitted, 0 queued]
[2021-11-05 03:08:41 #216 INFO] scenario_damage  24% [197 submitted, 0 queued]
[2021-11-05 03:12:04 #216 INFO] scenario_damage  25% [197 submitted, 0 queued]
[2021-11-05 03:12:22 #216 INFO] scenario_damage  26% [197 submitted, 0 queued]
[2021-11-05 03:12:43 #216 INFO] scenario_damage  27% [197 submitted, 0 queued]
[2021-11-05 03:13:31 #216 INFO] scenario_damage  28% [197 submitted, 0 queued]
[2021-11-05 03:14:14 #216 INFO] scenario_damage  29% [197 submitted, 0 queued]
[2021-11-05 03:19:01 #216 INFO] scenario_damage  30% [197 submitted, 0 queued]
[2021-11-05 03:19:30 #216 INFO] scenario_damage  31% [197 submitted, 0 queued]
[2021-11-05 03:19:40 #216 INFO] scenario_damage  32% [197 submitted, 0 queued]
[2021-11-05 03:21:38 #216 INFO] scenario_damage  33% [197 submitted, 0 queued]
[2021-11-05 03:21:49 #216 INFO] scenario_damage  34% [197 submitted, 0 queued]
[2021-11-05 03:23:40 #216 INFO] scenario_damage  35% [197 submitted, 0 queued]
[2021-11-05 03:24:47 #216 INFO] scenario_damage  36% [197 submitted, 0 queued]
[2021-11-05 03:26:00 #216 INFO] scenario_damage  37% [197 submitted, 0 queued]
[2021-11-05 03:28:13 #216 INFO] scenario_damage  38% [197 submitted, 0 queued]
[2021-11-05 03:28:41 #216 INFO] scenario_damage  39% [197 submitted, 0 queued]
[2021-11-05 03:31:09 #216 INFO] scenario_damage  40% [197 submitted, 0 queued]
[2021-11-05 03:36:37 #216 INFO] scenario_damage  41% [197 submitted, 0 queued]
[2021-11-05 03:39:35 #216 INFO] scenario_damage  42% [197 submitted, 0 queued]
[2021-11-05 03:43:07 #216 INFO] scenario_damage  43% [197 submitted, 0 queued]
[2021-11-05 03:51:59 #216 INFO] scenario_damage  44% [197 submitted, 0 queued]
[2021-11-05 03:53:50 #216 INFO] scenario_damage  45% [197 submitted, 0 queued]
[2021-11-05 03:59:29 #216 INFO] scenario_damage  46% [197 submitted, 0 queued]
[2021-11-05 04:02:19 #216 INFO] scenario_damage  47% [197 submitted, 0 queued]
[2021-11-05 04:08:42 #216 INFO] scenario_damage  48% [197 submitted, 0 queued]
[2021-11-05 04:29:38 #216 INFO] scenario_damage  49% [197 submitted, 0 queued]
[2021-11-05 04:52:19 #216 INFO] scenario_damage  50% [197 submitted, 0 queued]
[2021-11-05 04:56:58 #216 INFO] scenario_damage  51% [197 submitted, 0 queued]
[2021-11-05 05:02:33 #216 INFO] scenario_damage  52% [197 submitted, 0 queued]
[2021-11-05 05:05:28 #216 INFO] scenario_damage  53% [197 submitted, 0 queued]
[2021-11-05 05:06:25 #216 INFO] scenario_damage  54% [197 submitted, 0 queued]
[2021-11-05 05:08:21 #216 INFO] scenario_damage  55% [197 submitted, 0 queued]
[2021-11-05 05:10:36 #216 INFO] scenario_damage  56% [197 submitted, 0 queued]
[2021-11-05 05:11:23 #216 INFO] scenario_damage  57% [197 submitted, 0 queued]
[2021-11-05 05:15:06 #216 INFO] scenario_damage  58% [197 submitted, 0 queued]
[2021-11-05 05:16:28 #216 INFO] scenario_damage  59% [197 submitted, 0 queued]
[2021-11-05 05:17:14 #216 INFO] scenario_damage  60% [197 submitted, 0 queued]
[2021-11-05 05:22:20 #216 INFO] scenario_damage  61% [197 submitted, 0 queued]
[2021-11-05 05:23:35 #216 INFO] scenario_damage  62% [197 submitted, 0 queued]
[2021-11-05 05:24:58 #216 INFO] scenario_damage  63% [197 submitted, 0 queued]
[2021-11-05 05:26:26 #216 INFO] scenario_damage  64% [197 submitted, 0 queued]
[2021-11-05 05:27:48 #216 INFO] scenario_damage  65% [197 submitted, 0 queued]
[2021-11-05 05:29:12 #216 INFO] scenario_damage  66% [197 submitted, 0 queued]
[2021-11-05 05:31:25 #216 INFO] scenario_damage  67% [197 submitted, 0 queued]
[2021-11-05 05:35:19 #216 INFO] scenario_damage  68% [197 submitted, 0 queued]
[2021-11-05 05:39:27 #216 INFO] scenario_damage  69% [197 submitted, 0 queued]
[2021-11-05 05:39:43 #216 INFO] scenario_damage  70% [197 submitted, 0 queued]
[2021-11-05 05:42:20 #216 INFO] scenario_damage  71% [197 submitted, 0 queued]
[2021-11-05 05:43:48 #216 INFO] scenario_damage  72% [197 submitted, 0 queued]
[2021-11-05 05:46:11 #216 INFO] scenario_damage  73% [197 submitted, 0 queued]
[2021-11-05 05:47:30 #216 INFO] scenario_damage  74% [197 submitted, 0 queued]
[2021-11-05 05:48:22 #216 INFO] scenario_damage  75% [197 submitted, 0 queued]
[2021-11-05 05:49:25 #216 INFO] scenario_damage  76% [197 submitted, 0 queued]
[2021-11-05 05:49:55 #216 INFO] scenario_damage  77% [197 submitted, 0 queued]
[2021-11-05 05:51:50 #216 INFO] scenario_damage  78% [197 submitted, 0 queued]
[2021-11-05 05:52:47 #216 INFO] scenario_damage  79% [197 submitted, 0 queued]
[2021-11-05 05:57:23 #216 INFO] scenario_damage  80% [197 submitted, 0 queued]
[2021-11-05 05:58:48 #216 INFO] scenario_damage  81% [197 submitted, 0 queued]
[2021-11-05 05:59:10 #216 INFO] scenario_damage  82% [197 submitted, 0 queued]
[2021-11-05 05:59:52 #216 INFO] scenario_damage  83% [197 submitted, 0 queued]
[2021-11-05 06:02:34 #216 INFO] scenario_damage  84% [197 submitted, 0 queued]
[2021-11-05 06:05:33 #216 INFO] scenario_damage  85% [197 submitted, 0 queued]
[2021-11-05 06:06:55 #216 INFO] scenario_damage  86% [197 submitted, 0 queued]
[2021-11-05 06:08:27 #216 INFO] scenario_damage  87% [197 submitted, 0 queued]
[2021-11-05 06:09:56 #216 INFO] scenario_damage  88% [197 submitted, 0 queued]
[2021-11-05 06:14:17 #216 INFO] scenario_damage  89% [197 submitted, 0 queued]
[2021-11-05 06:16:35 #216 INFO] scenario_damage  90% [197 submitted, 0 queued]
[2021-11-05 06:19:35 #216 INFO] scenario_damage  91% [197 submitted, 0 queued]
[2021-11-05 06:20:08 #216 INFO] scenario_damage  92% [197 submitted, 0 queued]
[2021-11-05 06:21:45 #216 INFO] scenario_damage  93% [197 submitted, 0 queued]
[2021-11-05 06:23:57 #216 INFO] scenario_damage  94% [197 submitted, 0 queued]
[2021-11-05 06:30:42 #216 INFO] scenario_damage  95% [197 submitted, 0 queued]
[2021-11-05 06:38:35 #216 INFO] scenario_damage  96% [197 submitted, 0 queued]
[2021-11-05 06:45:00 #216 INFO] scenario_damage  97% [197 submitted, 0 queued]
[2021-11-05 06:51:38 #216 INFO] scenario_damage  98% [197 submitted, 0 queued]
[2021-11-05 07:11:32 #216 INFO] scenario_damage  99% [197 submitted, 0 queued]
[2021-11-05 07:33:19 #216 INFO] scenario_damage 100% [197 submitted, 0 queued]
[2021-11-05 07:33:19 #216 INFO] Mean time per core=18124s, std=1868.7s, min=15235s, max=24262s
[2021-11-05 07:33:19 #216 INFO] Received {'aed': '5.28 GB', 'd_event': '1.55 GB', 'd_asset': '1.36 GB'} in 24168 seconds
[2021-11-05 07:33:20 #216 INFO] Saving 5.28 GB in dd_data (instead of 699.45 GB)
[2021-11-05 07:37:53 #216 INFO] Portfolio damage
==== ========== ========= =======
kind loss_type  dmg_state value  
==== ========== ========= =======
avg  structural no_damage 264_297
avg  structural slight    121    
avg  structural moderate  17     
avg  structural extensive 6.21058
avg  structural complete  8.40200
std  structural no_damage 2_018  
std  structural slight    1_461  
std  structural moderate  278    
std  structural extensive 112    
std  structural complete  197    
==== ========== ========= =======
[2021-11-05 07:37:53 #216 INFO] Due to rounding errors inherent in floating-point arithmetic, the total number of buildings is not exact: {'expected': 264451.0, 'structural': 23975.17}
[2021-11-05 07:38:10 #216 INFO] Exposing the outputs to the database
[2021-11-05 07:38:10 #216 INFO] Stored 37.28 GB on /root/oqdata/calc_216.hdf5 in 50473 seconds
/home/ssm-user/src/oq-engine/openquake/hazardlib/gsim/base.py:347: ExperimentalWarning: CanadaSHM6_ActiveCrust_BooreEtAl2014 is experimental and may change in future versions - the user is liable for their application
  warnings.warn(msg, ExperimentalWarning)
/home/ssm-user/src/oq-engine/openquake/hazardlib/gsim/base.py:347: ExperimentalWarning: CanadaSHM6_ActiveCrust_BooreEtAl2014 is experimental and may change in future versions - the user is liable for their application
  warnings.warn(msg, ExperimentalWarning)
/home/ssm-user/src/oq-engine/openquake/hazardlib/gsim/base.py:347: ExperimentalWarning: CanadaSHM6_ActiveCrust_BooreEtAl2014 is experimental and may change in future versions - the user is liable for their application
  warnings.warn(msg, ExperimentalWarning)
/home/ssm-user/src/oq-engine/openquake/hazardlib/gsim/base.py:347: ExperimentalWarning: CanadaSHM6_ActiveCrust_BooreEtAl2014 is experimental and may change in future versions - the user is liable for their application
  warnings.warn(msg, ExperimentalWarning)
/home/ssm-user/src/oq-engine/openquake/hazardlib/gsim/base.py:347: ExperimentalWarning: CanadaSHM6_ActiveCrust_BooreEtAl2014 is experimental and may change in future versions - the user is liable for their application
  warnings.warn(msg, ExperimentalWarning)
/home/ssm-user/src/oq-engine/openquake/hazardlib/gsim/base.py:347: ExperimentalWarning: CanadaSHM6_ActiveCrust_BooreEtAl2014 is experimental and may change in future versions - the user is liable for their application
  warnings.warn(msg, ExperimentalWarning)
/home/ssm-user/src/oq-engine/openquake/hazardlib/gsim/base.py:347: ExperimentalWarning: CanadaSHM6_ActiveCrust_BooreEtAl2014 is experimental and may change in future versions - the user is liable for their application
  warnings.warn(msg, ExperimentalWarning)
/home/ssm-user/src/oq-engine/openquake/hazardlib/gsim/base.py:347: ExperimentalWarning: CanadaSHM6_ActiveCrust_BooreEtAl2014 is experimental and may change in future versions - the user is liable for their application
  warnings.warn(msg, ExperimentalWarning)
/home/ssm-user/src/oq-engine/openquake/hazardlib/gsim/base.py:347: ExperimentalWarning: CanadaSHM6_ActiveCrust_BooreEtAl2014 is experimental and may change in future versions - the user is liable for their application
  warnings.warn(msg, ExperimentalWarning)
/home/ssm-user/src/oq-engine/openquake/hazardlib/gsim/base.py:347: ExperimentalWarning: CanadaSHM6_ActiveCrust_BooreEtAl2014 is experimental and may change in future versions - the user is liable for their application
  warnings.warn(msg, ExperimentalWarning)
/home/ssm-user/src/oq-engine/openquake/hazardlib/gsim/base.py:347: ExperimentalWarning: CanadaSHM6_ActiveCrust_BooreEtAl2014 is experimental and may change in future versions - the user is liable for their application
  warnings.warn(msg, ExperimentalWarning)
/home/ssm-user/src/oq-engine/openquake/hazardlib/gsim/base.py:347: ExperimentalWarning: CanadaSHM6_ActiveCrust_BooreEtAl2014 is experimental and may change in future versions - the user is liable for their application
  warnings.warn(msg, ExperimentalWarning)
/home/ssm-user/src/oq-engine/openquake/hazardlib/gsim/base.py:347: ExperimentalWarning: CanadaSHM6_ActiveCrust_BooreEtAl2014 is experimental and may change in future versions - the user is liable for their application
  warnings.warn(msg, ExperimentalWarning)
/home/ssm-user/src/oq-engine/openquake/hazardlib/gsim/base.py:347: ExperimentalWarning: CanadaSHM6_ActiveCrust_BooreEtAl2014 is experimental and may change in future versions - the user is liable for their application
  warnings.warn(msg, ExperimentalWarning)
/home/ssm-user/src/oq-engine/openquake/hazardlib/gsim/base.py:347: ExperimentalWarning: CanadaSHM6_ActiveCrust_BooreEtAl2014 is experimental and may change in future versions - the user is liable for their application
  warnings.warn(msg, ExperimentalWarning)
/home/ssm-user/src/oq-engine/openquake/hazardlib/gsim/base.py:347: ExperimentalWarning: CanadaSHM6_ActiveCrust_BooreEtAl2014 is experimental and may change in future versions - the user is liable for their application
  warnings.warn(msg, ExperimentalWarning)
/home/ssm-user/src/oq-engine/openquake/hazardlib/gsim/base.py:347: ExperimentalWarning: CanadaSHM6_ActiveCrust_BooreEtAl2014 is experimental and may change in future versions - the user is liable for their application
  warnings.warn(msg, ExperimentalWarning)
/home/ssm-user/src/oq-engine/openquake/hazardlib/gsim/base.py:347: ExperimentalWarning: CanadaSHM6_ActiveCrust_BooreEtAl2014 is experimental and may change in future versions - the user is liable for their application
  warnings.warn(msg, ExperimentalWarning)
/home/ssm-user/src/oq-engine/openquake/hazardlib/gsim/base.py:347: ExperimentalWarning: CanadaSHM6_ActiveCrust_BooreEtAl2014 is experimental and may change in future versions - the user is liable for their application
  warnings.warn(msg, ExperimentalWarning)
/home/ssm-user/src/oq-engine/openquake/hazardlib/gsim/base.py:347: ExperimentalWarning: CanadaSHM6_ActiveCrust_BooreEtAl2014 is experimental and may change in future versions - the user is liable for their application
  warnings.warn(msg, ExperimentalWarning)
/home/ssm-user/src/oq-engine/openquake/hazardlib/gsim/base.py:347: ExperimentalWarning: CanadaSHM6_ActiveCrust_BooreEtAl2014 is experimental and may change in future versions - the user is liable for their application
  warnings.warn(msg, ExperimentalWarning)
/home/ssm-user/src/oq-engine/openquake/hazardlib/gsim/base.py:347: ExperimentalWarning: CanadaSHM6_ActiveCrust_BooreEtAl2014 is experimental and may change in future versions - the user is liable for their application
  warnings.warn(msg, ExperimentalWarning)
/home/ssm-user/src/oq-engine/openquake/hazardlib/gsim/base.py:347: ExperimentalWarning: CanadaSHM6_ActiveCrust_BooreEtAl2014 is experimental and may change in future versions - the user is liable for their application
  warnings.warn(msg, ExperimentalWarning)
/home/ssm-user/src/oq-engine/openquake/hazardlib/gsim/base.py:347: ExperimentalWarning: CanadaSHM6_ActiveCrust_BooreEtAl2014 is experimental and may change in future versions - the user is liable for their application
  warnings.warn(msg, ExperimentalWarning)
/home/ssm-user/src/oq-engine/openquake/hazardlib/gsim/base.py:347: ExperimentalWarning: CanadaSHM6_ActiveCrust_BooreEtAl2014 is experimental and may change in future versions - the user is liable for their application
  warnings.warn(msg, ExperimentalWarning)
/home/ssm-user/src/oq-engine/openquake/hazardlib/gsim/base.py:347: ExperimentalWarning: CanadaSHM6_ActiveCrust_BooreEtAl2014 is experimental and may change in future versions - the user is liable for their application
  warnings.warn(msg, ExperimentalWarning)
/home/ssm-user/src/oq-engine/openquake/hazardlib/gsim/base.py:347: ExperimentalWarning: CanadaSHM6_ActiveCrust_BooreEtAl2014 is experimental and may change in future versions - the user is liable for their application
  warnings.warn(msg, ExperimentalWarning)
/home/ssm-user/src/oq-engine/openquake/hazardlib/gsim/base.py:347: ExperimentalWarning: CanadaSHM6_ActiveCrust_BooreEtAl2014 is experimental and may change in future versions - the user is liable for their application
  warnings.warn(msg, ExperimentalWarning)
/home/ssm-user/src/oq-engine/openquake/hazardlib/gsim/base.py:347: ExperimentalWarning: CanadaSHM6_ActiveCrust_BooreEtAl2014 is experimental and may change in future versions - the user is liable for their application
  warnings.warn(msg, ExperimentalWarning)
/home/ssm-user/src/oq-engine/openquake/hazardlib/gsim/base.py:347: ExperimentalWarning: CanadaSHM6_ActiveCrust_BooreEtAl2014 is experimental and may change in future versions - the user is liable for their application
  warnings.warn(msg, ExperimentalWarning)
/home/ssm-user/src/oq-engine/openquake/hazardlib/gsim/base.py:347: ExperimentalWarning: CanadaSHM6_ActiveCrust_BooreEtAl2014 is experimental and may change in future versions - the user is liable for their application
  warnings.warn(msg, ExperimentalWarning)
/home/ssm-user/src/oq-engine/openquake/hazardlib/gsim/base.py:347: ExperimentalWarning: CanadaSHM6_ActiveCrust_BooreEtAl2014 is experimental and may change in future versions - the user is liable for their application
  warnings.warn(msg, ExperimentalWarning)
/home/ssm-user/src/oq-engine/openquake/hazardlib/gsim/base.py:347: ExperimentalWarning: CanadaSHM6_ActiveCrust_BooreEtAl2014 is experimental and may change in future versions - the user is liable for their application
  warnings.warn(msg, ExperimentalWarning)
/home/ssm-user/src/oq-engine/openquake/hazardlib/gsim/base.py:347: ExperimentalWarning: CanadaSHM6_ActiveCrust_BooreEtAl2014 is experimental and may change in future versions - the user is liable for their application
  warnings.warn(msg, ExperimentalWarning)
/home/ssm-user/src/oq-engine/openquake/hazardlib/gsim/base.py:347: ExperimentalWarning: CanadaSHM6_ActiveCrust_BooreEtAl2014 is experimental and may change in future versions - the user is liable for their application
  warnings.warn(msg, ExperimentalWarning)
/home/ssm-user/src/oq-engine/openquake/hazardlib/gsim/base.py:347: ExperimentalWarning: CanadaSHM6_ActiveCrust_BooreEtAl2014 is experimental and may change in future versions - the user is liable for their application
  warnings.warn(msg, ExperimentalWarning)
/home/ssm-user/src/oq-engine/openquake/hazardlib/gsim/base.py:347: ExperimentalWarning: CanadaSHM6_ActiveCrust_BooreEtAl2014 is experimental and may change in future versions - the user is liable for their application
  warnings.warn(msg, ExperimentalWarning)
/home/ssm-user/src/oq-engine/openquake/hazardlib/gsim/base.py:347: ExperimentalWarning: CanadaSHM6_ActiveCrust_BooreEtAl2014 is experimental and may change in future versions - the user is liable for their application
  warnings.warn(msg, ExperimentalWarning)
/home/ssm-user/src/oq-engine/openquake/hazardlib/gsim/base.py:347: ExperimentalWarning: CanadaSHM6_ActiveCrust_BooreEtAl2014 is experimental and may change in future versions - the user is liable for their application
  warnings.warn(msg, ExperimentalWarning)
/home/ssm-user/src/oq-engine/openquake/hazardlib/gsim/base.py:347: ExperimentalWarning: CanadaSHM6_ActiveCrust_BooreEtAl2014 is experimental and may change in future versions - the user is liable for their application
  warnings.warn(msg, ExperimentalWarning)
/home/ssm-user/src/oq-engine/openquake/hazardlib/gsim/base.py:347: ExperimentalWarning: CanadaSHM6_ActiveCrust_BooreEtAl2014 is experimental and may change in future versions - the user is liable for their application
  warnings.warn(msg, ExperimentalWarning)
/home/ssm-user/src/oq-engine/openquake/hazardlib/gsim/base.py:347: ExperimentalWarning: CanadaSHM6_ActiveCrust_BooreEtAl2014 is experimental and may change in future versions - the user is liable for their application
  warnings.warn(msg, ExperimentalWarning)
/home/ssm-user/src/oq-engine/openquake/hazardlib/gsim/base.py:347: ExperimentalWarning: CanadaSHM6_ActiveCrust_BooreEtAl2014 is experimental and may change in future versions - the user is liable for their application
  warnings.warn(msg, ExperimentalWarning)
/home/ssm-user/src/oq-engine/openquake/hazardlib/gsim/base.py:347: ExperimentalWarning: CanadaSHM6_ActiveCrust_BooreEtAl2014 is experimental and may change in future versions - the user is liable for their application
  warnings.warn(msg, ExperimentalWarning)
/home/ssm-user/src/oq-engine/openquake/hazardlib/gsim/base.py:347: ExperimentalWarning: CanadaSHM6_ActiveCrust_BooreEtAl2014 is experimental and may change in future versions - the user is liable for their application
  warnings.warn(msg, ExperimentalWarning)
/home/ssm-user/src/oq-engine/openquake/hazardlib/gsim/base.py:347: ExperimentalWarning: CanadaSHM6_ActiveCrust_BooreEtAl2014 is experimental and may change in future versions - the user is liable for their application
  warnings.warn(msg, ExperimentalWarning)
/home/ssm-user/src/oq-engine/openquake/hazardlib/gsim/base.py:347: ExperimentalWarning: CanadaSHM6_ActiveCrust_BooreEtAl2014 is experimental and may change in future versions - the user is liable for their application
  warnings.warn(msg, ExperimentalWarning)
/home/ssm-user/src/oq-engine/openquake/hazardlib/gsim/base.py:347: ExperimentalWarning: CanadaSHM6_ActiveCrust_BooreEtAl2014 is experimental and may change in future versions - the user is liable for their application
  warnings.warn(msg, ExperimentalWarning)
/home/ssm-user/src/oq-engine/openquake/hazardlib/gsim/base.py:347: ExperimentalWarning: CanadaSHM6_ActiveCrust_BooreEtAl2014 is experimental and may change in future versions - the user is liable for their application
  warnings.warn(msg, ExperimentalWarning)
/home/ssm-user/src/oq-engine/openquake/hazardlib/gsim/base.py:347: ExperimentalWarning: CanadaSHM6_ActiveCrust_BooreEtAl2014 is experimental and may change in future versions - the user is liable for their application
  warnings.warn(msg, ExperimentalWarning)
/home/ssm-user/src/oq-engine/openquake/hazardlib/gsim/base.py:347: ExperimentalWarning: CanadaSHM6_ActiveCrust_BooreEtAl2014 is experimental and may change in future versions - the user is liable for their application
  warnings.warn(msg, ExperimentalWarning)
/home/ssm-user/src/oq-engine/openquake/hazardlib/gsim/base.py:347: ExperimentalWarning: CanadaSHM6_ActiveCrust_BooreEtAl2014 is experimental and may change in future versions - the user is liable for their application
  warnings.warn(msg, ExperimentalWarning)
/home/ssm-user/src/oq-engine/openquake/hazardlib/gsim/base.py:347: ExperimentalWarning: CanadaSHM6_ActiveCrust_BooreEtAl2014 is experimental and may change in future versions - the user is liable for their application
  warnings.warn(msg, ExperimentalWarning)
/home/ssm-user/src/oq-engine/openquake/hazardlib/gsim/base.py:347: ExperimentalWarning: CanadaSHM6_ActiveCrust_BooreEtAl2014 is experimental and may change in future versions - the user is liable for their application
  warnings.warn(msg, ExperimentalWarning)
/home/ssm-user/src/oq-engine/openquake/hazardlib/gsim/base.py:347: ExperimentalWarning: CanadaSHM6_ActiveCrust_BooreEtAl2014 is experimental and may change in future versions - the user is liable for their application
  warnings.warn(msg, ExperimentalWarning)
/home/ssm-user/src/oq-engine/openquake/hazardlib/gsim/base.py:347: ExperimentalWarning: CanadaSHM6_ActiveCrust_BooreEtAl2014 is experimental and may change in future versions - the user is liable for their application
  warnings.warn(msg, ExperimentalWarning)
/home/ssm-user/src/oq-engine/openquake/hazardlib/gsim/base.py:347: ExperimentalWarning: CanadaSHM6_ActiveCrust_BooreEtAl2014 is experimental and may change in future versions - the user is liable for their application
  warnings.warn(msg, ExperimentalWarning)
/home/ssm-user/src/oq-engine/openquake/hazardlib/gsim/base.py:347: ExperimentalWarning: CanadaSHM6_ActiveCrust_BooreEtAl2014 is experimental and may change in future versions - the user is liable for their application
  warnings.warn(msg, ExperimentalWarning)
/home/ssm-user/src/oq-engine/openquake/hazardlib/gsim/base.py:347: ExperimentalWarning: CanadaSHM6_ActiveCrust_BooreEtAl2014 is experimental and may change in future versions - the user is liable for their application
  warnings.warn(msg, ExperimentalWarning)
/home/ssm-user/src/oq-engine/openquake/hazardlib/gsim/base.py:347: ExperimentalWarning: CanadaSHM6_ActiveCrust_BooreEtAl2014 is experimental and may change in future versions - the user is liable for their application
  warnings.warn(msg, ExperimentalWarning)
/home/ssm-user/src/oq-engine/openquake/hazardlib/gsim/base.py:347: ExperimentalWarning: CanadaSHM6_ActiveCrust_BooreEtAl2014 is experimental and may change in future versions - the user is liable for their application
  warnings.warn(msg, ExperimentalWarning)
/home/ssm-user/src/oq-engine/openquake/hazardlib/gsim/base.py:347: ExperimentalWarning: CanadaSHM6_ActiveCrust_BooreEtAl2014 is experimental and may change in future versions - the user is liable for their application
  warnings.warn(msg, ExperimentalWarning)
/home/ssm-user/src/oq-engine/openquake/hazardlib/gsim/base.py:347: ExperimentalWarning: CanadaSHM6_ActiveCrust_BooreEtAl2014 is experimental and may change in future versions - the user is liable for their application
  warnings.warn(msg, ExperimentalWarning)
/home/ssm-user/src/oq-engine/openquake/hazardlib/gsim/base.py:347: ExperimentalWarning: CanadaSHM6_ActiveCrust_BooreEtAl2014 is experimental and may change in future versions - the user is liable for their application
  warnings.warn(msg, ExperimentalWarning)
/home/ssm-user/src/oq-engine/openquake/hazardlib/gsim/base.py:347: ExperimentalWarning: CanadaSHM6_ActiveCrust_BooreEtAl2014 is experimental and may change in future versions - the user is liable for their application
  warnings.warn(msg, ExperimentalWarning)
/home/ssm-user/src/oq-engine/openquake/hazardlib/gsim/base.py:347: ExperimentalWarning: CanadaSHM6_ActiveCrust_BooreEtAl2014 is experimental and may change in future versions - the user is liable for their application
  warnings.warn(msg, ExperimentalWarning)
/home/ssm-user/src/oq-engine/openquake/hazardlib/gsim/base.py:347: ExperimentalWarning: CanadaSHM6_ActiveCrust_BooreEtAl2014 is experimental and may change in future versions - the user is liable for their application
  warnings.warn(msg, ExperimentalWarning)
/home/ssm-user/src/oq-engine/openquake/hazardlib/gsim/base.py:347: ExperimentalWarning: CanadaSHM6_ActiveCrust_BooreEtAl2014 is experimental and may change in future versions - the user is liable for their application
  warnings.warn(msg, ExperimentalWarning)
/home/ssm-user/src/oq-engine/openquake/hazardlib/gsim/base.py:347: ExperimentalWarning: CanadaSHM6_ActiveCrust_BooreEtAl2014 is experimental and may change in future versions - the user is liable for their application
  warnings.warn(msg, ExperimentalWarning)
/home/ssm-user/src/oq-engine/openquake/hazardlib/gsim/base.py:347: ExperimentalWarning: CanadaSHM6_ActiveCrust_BooreEtAl2014 is experimental and may change in future versions - the user is liable for their application
  warnings.warn(msg, ExperimentalWarning)
/home/ssm-user/src/oq-engine/openquake/hazardlib/gsim/base.py:347: ExperimentalWarning: CanadaSHM6_ActiveCrust_BooreEtAl2014 is experimental and may change in future versions - the user is liable for their application
  warnings.warn(msg, ExperimentalWarning)
/home/ssm-user/src/oq-engine/openquake/hazardlib/gsim/base.py:347: ExperimentalWarning: CanadaSHM6_ActiveCrust_BooreEtAl2014 is experimental and may change in future versions - the user is liable for their application
  warnings.warn(msg, ExperimentalWarning)
/home/ssm-user/src/oq-engine/openquake/hazardlib/gsim/base.py:347: ExperimentalWarning: CanadaSHM6_ActiveCrust_BooreEtAl2014 is experimental and may change in future versions - the user is liable for their application
  warnings.warn(msg, ExperimentalWarning)
/home/ssm-user/src/oq-engine/openquake/hazardlib/gsim/base.py:347: ExperimentalWarning: CanadaSHM6_ActiveCrust_BooreEtAl2014 is experimental and may change in future versions - the user is liable for their application
  warnings.warn(msg, ExperimentalWarning)
/home/ssm-user/src/oq-engine/openquake/hazardlib/gsim/base.py:347: ExperimentalWarning: CanadaSHM6_ActiveCrust_BooreEtAl2014 is experimental and may change in future versions - the user is liable for their application
  warnings.warn(msg, ExperimentalWarning)
/home/ssm-user/src/oq-engine/openquake/hazardlib/gsim/base.py:347: ExperimentalWarning: CanadaSHM6_ActiveCrust_BooreEtAl2014 is experimental and may change in future versions - the user is liable for their application
  warnings.warn(msg, ExperimentalWarning)
/home/ssm-user/src/oq-engine/openquake/hazardlib/gsim/base.py:347: ExperimentalWarning: CanadaSHM6_ActiveCrust_BooreEtAl2014 is experimental and may change in future versions - the user is liable for their application
  warnings.warn(msg, ExperimentalWarning)
/home/ssm-user/src/oq-engine/openquake/hazardlib/gsim/base.py:347: ExperimentalWarning: CanadaSHM6_ActiveCrust_BooreEtAl2014 is experimental and may change in future versions - the user is liable for their application
  warnings.warn(msg, ExperimentalWarning)
/home/ssm-user/src/oq-engine/openquake/hazardlib/gsim/base.py:347: ExperimentalWarning: CanadaSHM6_ActiveCrust_BooreEtAl2014 is experimental and may change in future versions - the user is liable for their application
  warnings.warn(msg, ExperimentalWarning)
/home/ssm-user/src/oq-engine/openquake/hazardlib/gsim/base.py:347: ExperimentalWarning: CanadaSHM6_ActiveCrust_BooreEtAl2014 is experimental and may change in future versions - the user is liable for their application
  warnings.warn(msg, ExperimentalWarning)
/home/ssm-user/src/oq-engine/openquake/hazardlib/gsim/base.py:347: ExperimentalWarning: CanadaSHM6_ActiveCrust_BooreEtAl2014 is experimental and may change in future versions - the user is liable for their application
  warnings.warn(msg, ExperimentalWarning)
/home/ssm-user/src/oq-engine/openquake/hazardlib/gsim/base.py:347: ExperimentalWarning: CanadaSHM6_ActiveCrust_BooreEtAl2014 is experimental and may change in future versions - the user is liable for their application
  warnings.warn(msg, ExperimentalWarning)
/home/ssm-user/src/oq-engine/openquake/hazardlib/gsim/base.py:347: ExperimentalWarning: CanadaSHM6_ActiveCrust_BooreEtAl2014 is experimental and may change in future versions - the user is liable for their application
  warnings.warn(msg, ExperimentalWarning)
/home/ssm-user/src/oq-engine/openquake/hazardlib/gsim/base.py:347: ExperimentalWarning: CanadaSHM6_ActiveCrust_BooreEtAl2014 is experimental and may change in future versions - the user is liable for their application
  warnings.warn(msg, ExperimentalWarning)
/home/ssm-user/src/oq-engine/openquake/hazardlib/gsim/base.py:347: ExperimentalWarning: CanadaSHM6_ActiveCrust_BooreEtAl2014 is experimental and may change in future versions - the user is liable for their application
  warnings.warn(msg, ExperimentalWarning)
/home/ssm-user/src/oq-engine/openquake/hazardlib/gsim/base.py:347: ExperimentalWarning: CanadaSHM6_ActiveCrust_BooreEtAl2014 is experimental and may change in future versions - the user is liable for their application
  warnings.warn(msg, ExperimentalWarning)
/home/ssm-user/src/oq-engine/openquake/hazardlib/gsim/base.py:347: ExperimentalWarning: CanadaSHM6_ActiveCrust_BooreEtAl2014 is experimental and may change in future versions - the user is liable for their application
  warnings.warn(msg, ExperimentalWarning)
/home/ssm-user/src/oq-engine/openquake/hazardlib/gsim/base.py:347: ExperimentalWarning: CanadaSHM6_ActiveCrust_BooreEtAl2014 is experimental and may change in future versions - the user is liable for their application
  warnings.warn(msg, ExperimentalWarning)
/home/ssm-user/src/oq-engine/openquake/hazardlib/gsim/base.py:347: ExperimentalWarning: CanadaSHM6_ActiveCrust_BooreEtAl2014 is experimental and may change in future versions - the user is liable for their application
  warnings.warn(msg, ExperimentalWarning)
/home/ssm-user/src/oq-engine/openquake/hazardlib/gsim/base.py:347: ExperimentalWarning: CanadaSHM6_ActiveCrust_BooreEtAl2014 is experimental and may change in future versions - the user is liable for their application
  warnings.warn(msg, ExperimentalWarning)
/home/ssm-user/src/oq-engine/openquake/hazardlib/gsim/base.py:347: ExperimentalWarning: CanadaSHM6_ActiveCrust_BooreEtAl2014 is experimental and may change in future versions - the user is liable for their application
  warnings.warn(msg, ExperimentalWarning)
/home/ssm-user/src/oq-engine/openquake/hazardlib/gsim/base.py:347: ExperimentalWarning: CanadaSHM6_ActiveCrust_BooreEtAl2014 is experimental and may change in future versions - the user is liable for their application
  warnings.warn(msg, ExperimentalWarning)
/home/ssm-user/src/oq-engine/openquake/hazardlib/gsim/base.py:347: ExperimentalWarning: CanadaSHM6_ActiveCrust_BooreEtAl2014 is experimental and may change in future versions - the user is liable for their application
  warnings.warn(msg, ExperimentalWarning)
/home/ssm-user/src/oq-engine/openquake/hazardlib/gsim/base.py:347: ExperimentalWarning: CanadaSHM6_ActiveCrust_BooreEtAl2014 is experimental and may change in future versions - the user is liable for their application
  warnings.warn(msg, ExperimentalWarning)
/home/ssm-user/src/oq-engine/openquake/hazardlib/gsim/base.py:347: ExperimentalWarning: CanadaSHM6_ActiveCrust_BooreEtAl2014 is experimental and may change in future versions - the user is liable for their application
  warnings.warn(msg, ExperimentalWarning)
/home/ssm-user/src/oq-engine/openquake/hazardlib/gsim/base.py:347: ExperimentalWarning: CanadaSHM6_ActiveCrust_BooreEtAl2014 is experimental and may change in future versions - the user is liable for their application
  warnings.warn(msg, ExperimentalWarning)
[2021-11-05 07:38:12 #217 INFO] root running /mnt/storage/canada-srm2/eDamage/input/eDamage_r1_ON_K_KingstonPembroke.ini [--hc=216]
[2021-11-05 07:38:12 #217 INFO] Using engine version 3.11.3-git29ac352f7d
[2021-11-05 07:38:12 #217 WARNING] Version v3.11.4 of the engine is available, but you are still using version 3.11.3-git29ac352f7d
[2021-11-05 07:38:12 #217 WARNING] Using 96 cores on ip-10-70-136-127
[2021-11-05 07:38:12 #217 INFO] Validated nationalModel.xml in 0.01 seconds
[2021-11-05 07:38:12 #217 INFO] Checksum of the input files: 514598877
[2021-11-05 07:38:12 #217 INFO] Reading the risk model if present
[2021-11-05 07:38:16 #217 INFO] Reading /mnt/storage/openquake-inputs/exposure/general-building-stock/oqBldgExp_ON_K_KingstonPembroke.xml
[2021-11-05 07:38:29 #217 INFO] Associated 78866 assets to 14019 sites
[2021-11-05 07:38:34 #217 INFO] Reducing risk model from 4224 to 318 taxonomies
[2021-11-05 07:38:36 #217 INFO] minimum_asset_loss={'structural': 0}
[2021-11-05 07:38:36 #217 INFO] Storing risk model
[2021-11-05 07:38:37 #217 INFO] Building risk inputs from 200 realization(s)
[2021-11-05 07:51:33 #217 INFO] Grouping the GMFs by site ID
[2021-11-05 08:01:13 #217 INFO] Built 14019 risk inputs
  id | name
1658 | Aggregate Event Damages
1656 | Asset Damage Distributions
1657 | Asset Damage Statistics
1664 | Earthquake Ruptures
1659 | Events
1660 | Full Report
1661 | Ground Motion Fields
1662 | Input Files
1663 | Realizations
[2021-11-05 08:03:52 #217 INFO] Sent 197 tasks, 75.67 GB in 141 seconds
[2021-11-05 09:51:11 #217 INFO] scenario_damage   1% [197 submitted, 0 queued]
[2021-11-05 09:55:19 #217 INFO] scenario_damage   2% [197 submitted, 0 queued]
[2021-11-05 09:57:32 #217 INFO] scenario_damage   3% [197 submitted, 0 queued]
[2021-11-05 10:00:08 #217 INFO] scenario_damage   4% [197 submitted, 0 queued]
[2021-11-05 10:02:54 #217 INFO] scenario_damage   5% [197 submitted, 0 queued]
[2021-11-05 10:04:04 #217 INFO] scenario_damage   6% [197 submitted, 0 queued]
[2021-11-05 10:06:02 #217 INFO] scenario_damage   7% [197 submitted, 0 queued]
[2021-11-05 10:06:19 #217 INFO] scenario_damage   8% [197 submitted, 0 queued]
[2021-11-05 10:07:16 #217 INFO] scenario_damage   9% [197 submitted, 0 queued]
[2021-11-05 10:07:21 #217 INFO] scenario_damage  10% [197 submitted, 0 queued]
[2021-11-05 10:07:50 #217 INFO] scenario_damage  11% [197 submitted, 0 queued]
[2021-11-05 10:08:22 #217 INFO] scenario_damage  12% [197 submitted, 0 queued]
[2021-11-05 10:08:32 #217 INFO] scenario_damage  13% [197 submitted, 0 queued]
[2021-11-05 10:08:59 #217 INFO] scenario_damage  14% [197 submitted, 0 queued]
[2021-11-05 10:09:57 #217 INFO] scenario_damage  15% [197 submitted, 0 queued]
[2021-11-05 10:11:00 #217 INFO] scenario_damage  16% [197 submitted, 0 queued]
[2021-11-05 10:11:53 #217 INFO] scenario_damage  17% [197 submitted, 0 queued]
[2021-11-05 10:12:32 #217 INFO] scenario_damage  18% [197 submitted, 0 queued]
[2021-11-05 10:14:05 #217 INFO] scenario_damage  19% [197 submitted, 0 queued]
[2021-11-05 10:14:45 #217 INFO] scenario_damage  20% [197 submitted, 0 queued]
[2021-11-05 10:16:01 #217 INFO] scenario_damage  21% [197 submitted, 0 queued]
[2021-11-05 10:17:30 #217 INFO] scenario_damage  22% [197 submitted, 0 queued]
[2021-11-05 10:20:45 #217 INFO] scenario_damage  23% [197 submitted, 0 queued]
[2021-11-05 10:21:53 #217 INFO] scenario_damage  24% [197 submitted, 0 queued]
[2021-11-05 10:23:58 #217 INFO] scenario_damage  25% [197 submitted, 0 queued]
[2021-11-05 10:25:06 #217 INFO] scenario_damage  26% [197 submitted, 0 queued]
[2021-11-05 10:26:12 #217 INFO] scenario_damage  27% [197 submitted, 0 queued]
[2021-11-05 10:26:31 #217 INFO] scenario_damage  28% [197 submitted, 0 queued]
[2021-11-05 10:29:06 #217 INFO] scenario_damage  29% [197 submitted, 0 queued]
[2021-11-05 10:31:23 #217 INFO] scenario_damage  30% [197 submitted, 0 queued]
[2021-11-05 10:32:13 #217 INFO] scenario_damage  31% [197 submitted, 0 queued]
[2021-11-05 10:32:50 #217 INFO] scenario_damage  32% [197 submitted, 0 queued]
[2021-11-05 10:34:12 #217 INFO] scenario_damage  33% [197 submitted, 0 queued]
[2021-11-05 10:34:34 #217 INFO] scenario_damage  34% [197 submitted, 0 queued]
[2021-11-05 10:36:38 #217 INFO] scenario_damage  35% [197 submitted, 0 queued]
[2021-11-05 10:38:39 #217 INFO] scenario_damage  36% [197 submitted, 0 queued]
[2021-11-05 10:39:20 #217 INFO] scenario_damage  37% [197 submitted, 0 queued]
[2021-11-05 10:40:28 #217 INFO] scenario_damage  38% [197 submitted, 0 queued]
[2021-11-05 10:41:23 #217 INFO] scenario_damage  39% [197 submitted, 0 queued]
[2021-11-05 10:43:56 #217 INFO] scenario_damage  40% [197 submitted, 0 queued]
[2021-11-05 10:49:46 #217 INFO] scenario_damage  41% [197 submitted, 0 queued]
[2021-11-05 10:53:00 #217 INFO] scenario_damage  42% [197 submitted, 0 queued]
[2021-11-05 10:58:18 #217 INFO] scenario_damage  43% [197 submitted, 0 queued]
[2021-11-05 11:04:57 #217 INFO] scenario_damage  44% [197 submitted, 0 queued]
[2021-11-05 11:08:12 #217 INFO] scenario_damage  45% [197 submitted, 0 queued]
[2021-11-05 11:08:38 #217 INFO] scenario_damage  46% [197 submitted, 0 queued]
[2021-11-05 11:13:20 #217 INFO] scenario_damage  47% [197 submitted, 0 queued]
[2021-11-05 11:19:56 #217 INFO] scenario_damage  48% [197 submitted, 0 queued]
[2021-11-05 11:47:37 #217 INFO] scenario_damage  49% [197 submitted, 0 queued]
[2021-11-05 12:06:32 #217 INFO] scenario_damage  50% [197 submitted, 0 queued]
[2021-11-05 12:11:39 #217 INFO] scenario_damage  51% [197 submitted, 0 queued]
[2021-11-05 12:15:32 #217 INFO] scenario_damage  52% [197 submitted, 0 queued]
[2021-11-05 12:19:12 #217 INFO] scenario_damage  53% [197 submitted, 0 queued]
[2021-11-05 12:20:56 #217 INFO] scenario_damage  54% [197 submitted, 0 queued]
[2021-11-05 12:22:13 #217 INFO] scenario_damage  55% [197 submitted, 0 queued]
[2021-11-05 12:23:53 #217 INFO] scenario_damage  56% [197 submitted, 0 queued]
[2021-11-05 12:24:58 #217 INFO] scenario_damage  57% [197 submitted, 0 queued]
[2021-11-05 12:26:33 #217 INFO] scenario_damage  58% [197 submitted, 0 queued]
[2021-11-05 12:28:49 #217 INFO] scenario_damage  59% [197 submitted, 0 queued]
[2021-11-05 12:30:31 #217 INFO] scenario_damage  60% [197 submitted, 0 queued]
[2021-11-05 12:32:59 #217 INFO] scenario_damage  61% [197 submitted, 0 queued]
[2021-11-05 12:34:52 #217 INFO] scenario_damage  62% [197 submitted, 0 queued]
[2021-11-05 12:35:37 #217 INFO] scenario_damage  63% [197 submitted, 0 queued]
[2021-11-05 12:38:49 #217 INFO] scenario_damage  64% [197 submitted, 0 queued]
[2021-11-05 12:43:16 #217 INFO] scenario_damage  65% [197 submitted, 0 queued]
[2021-11-05 12:43:47 #217 INFO] scenario_damage  66% [197 submitted, 0 queued]
[2021-11-05 12:44:25 #217 INFO] scenario_damage  67% [197 submitted, 0 queued]
[2021-11-05 12:48:56 #217 INFO] scenario_damage  68% [197 submitted, 0 queued]
[2021-11-05 12:53:13 #217 INFO] scenario_damage  69% [197 submitted, 0 queued]
[2021-11-05 12:54:17 #217 INFO] scenario_damage  70% [197 submitted, 0 queued]
[2021-11-05 12:54:51 #217 INFO] scenario_damage  71% [197 submitted, 0 queued]
[2021-11-05 12:57:14 #217 INFO] scenario_damage  72% [197 submitted, 0 queued]
[2021-11-05 12:57:54 #217 INFO] scenario_damage  73% [197 submitted, 0 queued]
[2021-11-05 13:00:34 #217 INFO] scenario_damage  74% [197 submitted, 0 queued]
[2021-11-05 13:01:13 #217 INFO] scenario_damage  75% [197 submitted, 0 queued]
[2021-11-05 13:01:36 #217 INFO] scenario_damage  76% [197 submitted, 0 queued]
[2021-11-05 13:02:26 #217 INFO] scenario_damage  77% [197 submitted, 0 queued]
[2021-11-05 13:05:21 #217 INFO] scenario_damage  78% [197 submitted, 0 queued]
[2021-11-05 13:06:48 #217 INFO] scenario_damage  79% [197 submitted, 0 queued]
[2021-11-05 13:08:00 #217 INFO] scenario_damage  80% [197 submitted, 0 queued]
[2021-11-05 13:09:52 #217 INFO] scenario_damage  81% [197 submitted, 0 queued]
[2021-11-05 13:11:06 #217 INFO] scenario_damage  82% [197 submitted, 0 queued]
[2021-11-05 13:13:52 #217 INFO] scenario_damage  83% [197 submitted, 0 queued]
[2021-11-05 13:18:09 #217 INFO] scenario_damage  84% [197 submitted, 0 queued]
[2021-11-05 13:21:04 #217 INFO] scenario_damage  85% [197 submitted, 0 queued]
[2021-11-05 13:21:36 #217 INFO] scenario_damage  86% [197 submitted, 0 queued]
[2021-11-05 13:23:00 #217 INFO] scenario_damage  87% [197 submitted, 0 queued]
[2021-11-05 13:23:54 #217 INFO] scenario_damage  88% [197 submitted, 0 queued]
[2021-11-05 13:25:28 #217 INFO] scenario_damage  89% [197 submitted, 0 queued]
[2021-11-05 13:26:55 #217 INFO] scenario_damage  90% [197 submitted, 0 queued]
[2021-11-05 13:29:24 #217 INFO] scenario_damage  91% [197 submitted, 0 queued]
[2021-11-05 13:33:40 #217 INFO] scenario_damage  92% [197 submitted, 0 queued]
[2021-11-05 13:37:32 #217 INFO] scenario_damage  93% [197 submitted, 0 queued]
[2021-11-05 13:38:27 #217 INFO] scenario_damage  94% [197 submitted, 0 queued]
[2021-11-05 13:41:21 #217 INFO] scenario_damage  95% [197 submitted, 0 queued]
[2021-11-05 13:50:00 #217 INFO] scenario_damage  96% [197 submitted, 0 queued]
[2021-11-05 13:54:32 #217 INFO] scenario_damage  97% [197 submitted, 0 queued]
[2021-11-05 14:05:57 #217 INFO] scenario_damage  98% [197 submitted, 0 queued]
[2021-11-05 14:31:47 #217 INFO] scenario_damage  99% [197 submitted, 0 queued]
[2021-11-05 14:36:15 #217 INFO] scenario_damage 100% [197 submitted, 0 queued]
[2021-11-05 14:36:15 #217 INFO] Mean time per core=18097s, std=1862.6s, min=15160s, max=23641s
[2021-11-05 14:36:15 #217 INFO] Received {'aed': '3.33 GB', 'd_asset': '1.36 GB', 'd_event': '1.04 GB'} in 23543 seconds
[2021-11-05 14:36:15 #217 INFO] Saving 3.33 GB in dd_data (instead of 699.45 GB)
[2021-11-05 14:40:48 #217 INFO] Portfolio damage
==== ========== ========= =======
kind loss_type  dmg_state value  
==== ========== ========= =======
avg  structural no_damage 264_340
avg  structural slight    91     
avg  structural moderate  10     
avg  structural extensive 3.56149
avg  structural complete  4.04224
std  structural no_damage 1_722  
std  structural slight    1_345  
std  structural moderate  219    
std  structural extensive 80     
std  structural complete  114    
==== ========== ========= =======
[2021-11-05 14:40:48 #217 INFO] Due to rounding errors inherent in floating-point arithmetic, the total number of buildings is not exact: {'expected': 264451.0, 'structural': 23974.385}
[2021-11-05 14:41:06 #217 INFO] Exposing the outputs to the database
[2021-11-05 14:41:06 #217 INFO] Stored 823.21 MB on /root/oqdata/calc_217.hdf5 in 25373 seconds
/home/ssm-user/src/oq-engine/openquake/hazardlib/gsim/base.py:347: ExperimentalWarning: CanadaSHM6_ActiveCrust_BooreEtAl2014 is experimental and may change in future versions - the user is liable for their application
  warnings.warn(msg, ExperimentalWarning)
/home/ssm-user/src/oq-engine/openquake/hazardlib/gsim/base.py:347: ExperimentalWarning: CanadaSHM6_ActiveCrust_BooreEtAl2014 is experimental and may change in future versions - the user is liable for their application
  warnings.warn(msg, ExperimentalWarning)
/home/ssm-user/src/oq-engine/openquake/hazardlib/gsim/base.py:347: ExperimentalWarning: CanadaSHM6_ActiveCrust_BooreEtAl2014 is experimental and may change in future versions - the user is liable for their application
  warnings.warn(msg, ExperimentalWarning)
/home/ssm-user/src/oq-engine/openquake/hazardlib/gsim/base.py:347: ExperimentalWarning: CanadaSHM6_ActiveCrust_BooreEtAl2014 is experimental and may change in future versions - the user is liable for their application
  warnings.warn(msg, ExperimentalWarning)
/home/ssm-user/src/oq-engine/openquake/hazardlib/gsim/base.py:347: ExperimentalWarning: CanadaSHM6_ActiveCrust_BooreEtAl2014 is experimental and may change in future versions - the user is liable for their application
  warnings.warn(msg, ExperimentalWarning)
/home/ssm-user/src/oq-engine/openquake/hazardlib/gsim/base.py:347: ExperimentalWarning: CanadaSHM6_ActiveCrust_BooreEtAl2014 is experimental and may change in future versions - the user is liable for their application
  warnings.warn(msg, ExperimentalWarning)
/home/ssm-user/src/oq-engine/openquake/hazardlib/gsim/base.py:347: ExperimentalWarning: CanadaSHM6_ActiveCrust_BooreEtAl2014 is experimental and may change in future versions - the user is liable for their application
  warnings.warn(msg, ExperimentalWarning)
/home/ssm-user/src/oq-engine/openquake/hazardlib/gsim/base.py:347: ExperimentalWarning: CanadaSHM6_ActiveCrust_BooreEtAl2014 is experimental and may change in future versions - the user is liable for their application
  warnings.warn(msg, ExperimentalWarning)
/home/ssm-user/src/oq-engine/openquake/hazardlib/gsim/base.py:347: ExperimentalWarning: CanadaSHM6_ActiveCrust_BooreEtAl2014 is experimental and may change in future versions - the user is liable for their application
  warnings.warn(msg, ExperimentalWarning)
/home/ssm-user/src/oq-engine/openquake/hazardlib/gsim/base.py:347: ExperimentalWarning: CanadaSHM6_ActiveCrust_BooreEtAl2014 is experimental and may change in future versions - the user is liable for their application
  warnings.warn(msg, ExperimentalWarning)
/home/ssm-user/src/oq-engine/openquake/hazardlib/gsim/base.py:347: ExperimentalWarning: CanadaSHM6_ActiveCrust_BooreEtAl2014 is experimental and may change in future versions - the user is liable for their application
  warnings.warn(msg, ExperimentalWarning)
/home/ssm-user/src/oq-engine/openquake/hazardlib/gsim/base.py:347: ExperimentalWarning: CanadaSHM6_ActiveCrust_BooreEtAl2014 is experimental and may change in future versions - the user is liable for their application
  warnings.warn(msg, ExperimentalWarning)
/home/ssm-user/src/oq-engine/openquake/hazardlib/gsim/base.py:347: ExperimentalWarning: CanadaSHM6_ActiveCrust_BooreEtAl2014 is experimental and may change in future versions - the user is liable for their application
  warnings.warn(msg, ExperimentalWarning)
/home/ssm-user/src/oq-engine/openquake/hazardlib/gsim/base.py:347: ExperimentalWarning: CanadaSHM6_ActiveCrust_BooreEtAl2014 is experimental and may change in future versions - the user is liable for their application
  warnings.warn(msg, ExperimentalWarning)
/home/ssm-user/src/oq-engine/openquake/hazardlib/gsim/base.py:347: ExperimentalWarning: CanadaSHM6_ActiveCrust_BooreEtAl2014 is experimental and may change in future versions - the user is liable for their application
  warnings.warn(msg, ExperimentalWarning)
/home/ssm-user/src/oq-engine/openquake/hazardlib/gsim/base.py:347: ExperimentalWarning: CanadaSHM6_ActiveCrust_BooreEtAl2014 is experimental and may change in future versions - the user is liable for their application
  warnings.warn(msg, ExperimentalWarning)
/home/ssm-user/src/oq-engine/openquake/hazardlib/gsim/base.py:347: ExperimentalWarning: CanadaSHM6_ActiveCrust_BooreEtAl2014 is experimental and may change in future versions - the user is liable for their application
  warnings.warn(msg, ExperimentalWarning)
/home/ssm-user/src/oq-engine/openquake/hazardlib/gsim/base.py:347: ExperimentalWarning: CanadaSHM6_ActiveCrust_BooreEtAl2014 is experimental and may change in future versions - the user is liable for their application
  warnings.warn(msg, ExperimentalWarning)
/home/ssm-user/src/oq-engine/openquake/hazardlib/gsim/base.py:347: ExperimentalWarning: CanadaSHM6_ActiveCrust_BooreEtAl2014 is experimental and may change in future versions - the user is liable for their application
  warnings.warn(msg, ExperimentalWarning)
/home/ssm-user/src/oq-engine/openquake/hazardlib/gsim/base.py:347: ExperimentalWarning: CanadaSHM6_ActiveCrust_BooreEtAl2014 is experimental and may change in future versions - the user is liable for their application
  warnings.warn(msg, ExperimentalWarning)
/home/ssm-user/src/oq-engine/openquake/hazardlib/gsim/base.py:347: ExperimentalWarning: CanadaSHM6_ActiveCrust_BooreEtAl2014 is experimental and may change in future versions - the user is liable for their application
  warnings.warn(msg, ExperimentalWarning)
/home/ssm-user/src/oq-engine/openquake/hazardlib/gsim/base.py:347: ExperimentalWarning: CanadaSHM6_ActiveCrust_BooreEtAl2014 is experimental and may change in future versions - the user is liable for their application
  warnings.warn(msg, ExperimentalWarning)
/home/ssm-user/src/oq-engine/openquake/hazardlib/gsim/base.py:347: ExperimentalWarning: CanadaSHM6_ActiveCrust_BooreEtAl2014 is experimental and may change in future versions - the user is liable for their application
  warnings.warn(msg, ExperimentalWarning)
/home/ssm-user/src/oq-engine/openquake/hazardlib/gsim/base.py:347: ExperimentalWarning: CanadaSHM6_ActiveCrust_BooreEtAl2014 is experimental and may change in future versions - the user is liable for their application
  warnings.warn(msg, ExperimentalWarning)
/home/ssm-user/src/oq-engine/openquake/hazardlib/gsim/base.py:347: ExperimentalWarning: CanadaSHM6_ActiveCrust_BooreEtAl2014 is experimental and may change in future versions - the user is liable for their application
  warnings.warn(msg, ExperimentalWarning)
/home/ssm-user/src/oq-engine/openquake/hazardlib/gsim/base.py:347: ExperimentalWarning: CanadaSHM6_ActiveCrust_BooreEtAl2014 is experimental and may change in future versions - the user is liable for their application
  warnings.warn(msg, ExperimentalWarning)
/home/ssm-user/src/oq-engine/openquake/hazardlib/gsim/base.py:347: ExperimentalWarning: CanadaSHM6_ActiveCrust_BooreEtAl2014 is experimental and may change in future versions - the user is liable for their application
  warnings.warn(msg, ExperimentalWarning)
/home/ssm-user/src/oq-engine/openquake/hazardlib/gsim/base.py:347: ExperimentalWarning: CanadaSHM6_ActiveCrust_BooreEtAl2014 is experimental and may change in future versions - the user is liable for their application
  warnings.warn(msg, ExperimentalWarning)
/home/ssm-user/src/oq-engine/openquake/hazardlib/gsim/base.py:347: ExperimentalWarning: CanadaSHM6_ActiveCrust_BooreEtAl2014 is experimental and may change in future versions - the user is liable for their application
  warnings.warn(msg, ExperimentalWarning)
/home/ssm-user/src/oq-engine/openquake/hazardlib/gsim/base.py:347: ExperimentalWarning: CanadaSHM6_ActiveCrust_BooreEtAl2014 is experimental and may change in future versions - the user is liable for their application
  warnings.warn(msg, ExperimentalWarning)
/home/ssm-user/src/oq-engine/openquake/hazardlib/gsim/base.py:347: ExperimentalWarning: CanadaSHM6_ActiveCrust_BooreEtAl2014 is experimental and may change in future versions - the user is liable for their application
  warnings.warn(msg, ExperimentalWarning)
/home/ssm-user/src/oq-engine/openquake/hazardlib/gsim/base.py:347: ExperimentalWarning: CanadaSHM6_ActiveCrust_BooreEtAl2014 is experimental and may change in future versions - the user is liable for their application
  warnings.warn(msg, ExperimentalWarning)
/home/ssm-user/src/oq-engine/openquake/hazardlib/gsim/base.py:347: ExperimentalWarning: CanadaSHM6_ActiveCrust_BooreEtAl2014 is experimental and may change in future versions - the user is liable for their application
  warnings.warn(msg, ExperimentalWarning)
/home/ssm-user/src/oq-engine/openquake/hazardlib/gsim/base.py:347: ExperimentalWarning: CanadaSHM6_ActiveCrust_BooreEtAl2014 is experimental and may change in future versions - the user is liable for their application
  warnings.warn(msg, ExperimentalWarning)
/home/ssm-user/src/oq-engine/openquake/hazardlib/gsim/base.py:347: ExperimentalWarning: CanadaSHM6_ActiveCrust_BooreEtAl2014 is experimental and may change in future versions - the user is liable for their application
  warnings.warn(msg, ExperimentalWarning)
/home/ssm-user/src/oq-engine/openquake/hazardlib/gsim/base.py:347: ExperimentalWarning: CanadaSHM6_ActiveCrust_BooreEtAl2014 is experimental and may change in future versions - the user is liable for their application
  warnings.warn(msg, ExperimentalWarning)
/home/ssm-user/src/oq-engine/openquake/hazardlib/gsim/base.py:347: ExperimentalWarning: CanadaSHM6_ActiveCrust_BooreEtAl2014 is experimental and may change in future versions - the user is liable for their application
  warnings.warn(msg, ExperimentalWarning)
/home/ssm-user/src/oq-engine/openquake/hazardlib/gsim/base.py:347: ExperimentalWarning: CanadaSHM6_ActiveCrust_BooreEtAl2014 is experimental and may change in future versions - the user is liable for their application
  warnings.warn(msg, ExperimentalWarning)
/home/ssm-user/src/oq-engine/openquake/hazardlib/gsim/base.py:347: ExperimentalWarning: CanadaSHM6_ActiveCrust_BooreEtAl2014 is experimental and may change in future versions - the user is liable for their application
  warnings.warn(msg, ExperimentalWarning)
/home/ssm-user/src/oq-engine/openquake/hazardlib/gsim/base.py:347: ExperimentalWarning: CanadaSHM6_ActiveCrust_BooreEtAl2014 is experimental and may change in future versions - the user is liable for their application
  warnings.warn(msg, ExperimentalWarning)
/home/ssm-user/src/oq-engine/openquake/hazardlib/gsim/base.py:347: ExperimentalWarning: CanadaSHM6_ActiveCrust_BooreEtAl2014 is experimental and may change in future versions - the user is liable for their application
  warnings.warn(msg, ExperimentalWarning)
/home/ssm-user/src/oq-engine/openquake/hazardlib/gsim/base.py:347: ExperimentalWarning: CanadaSHM6_ActiveCrust_BooreEtAl2014 is experimental and may change in future versions - the user is liable for their application
  warnings.warn(msg, ExperimentalWarning)
/home/ssm-user/src/oq-engine/openquake/hazardlib/gsim/base.py:347: ExperimentalWarning: CanadaSHM6_ActiveCrust_BooreEtAl2014 is experimental and may change in future versions - the user is liable for their application
  warnings.warn(msg, ExperimentalWarning)
/home/ssm-user/src/oq-engine/openquake/hazardlib/gsim/base.py:347: ExperimentalWarning: CanadaSHM6_ActiveCrust_BooreEtAl2014 is experimental and may change in future versions - the user is liable for their application
  warnings.warn(msg, ExperimentalWarning)
/home/ssm-user/src/oq-engine/openquake/hazardlib/gsim/base.py:347: ExperimentalWarning: CanadaSHM6_ActiveCrust_BooreEtAl2014 is experimental and may change in future versions - the user is liable for their application
  warnings.warn(msg, ExperimentalWarning)
/home/ssm-user/src/oq-engine/openquake/hazardlib/gsim/base.py:347: ExperimentalWarning: CanadaSHM6_ActiveCrust_BooreEtAl2014 is experimental and may change in future versions - the user is liable for their application
  warnings.warn(msg, ExperimentalWarning)
/home/ssm-user/src/oq-engine/openquake/hazardlib/gsim/base.py:347: ExperimentalWarning: CanadaSHM6_ActiveCrust_BooreEtAl2014 is experimental and may change in future versions - the user is liable for their application
  warnings.warn(msg, ExperimentalWarning)
/home/ssm-user/src/oq-engine/openquake/hazardlib/gsim/base.py:347: ExperimentalWarning: CanadaSHM6_ActiveCrust_BooreEtAl2014 is experimental and may change in future versions - the user is liable for their application
  warnings.warn(msg, ExperimentalWarning)
/home/ssm-user/src/oq-engine/openquake/hazardlib/gsim/base.py:347: ExperimentalWarning: CanadaSHM6_ActiveCrust_BooreEtAl2014 is experimental and may change in future versions - the user is liable for their application
  warnings.warn(msg, ExperimentalWarning)
/home/ssm-user/src/oq-engine/openquake/hazardlib/gsim/base.py:347: ExperimentalWarning: CanadaSHM6_ActiveCrust_BooreEtAl2014 is experimental and may change in future versions - the user is liable for their application
  warnings.warn(msg, ExperimentalWarning)
/home/ssm-user/src/oq-engine/openquake/hazardlib/gsim/base.py:347: ExperimentalWarning: CanadaSHM6_ActiveCrust_BooreEtAl2014 is experimental and may change in future versions - the user is liable for their application
  warnings.warn(msg, ExperimentalWarning)
/home/ssm-user/src/oq-engine/openquake/hazardlib/gsim/base.py:347: ExperimentalWarning: CanadaSHM6_ActiveCrust_BooreEtAl2014 is experimental and may change in future versions - the user is liable for their application
  warnings.warn(msg, ExperimentalWarning)
/home/ssm-user/src/oq-engine/openquake/hazardlib/gsim/base.py:347: ExperimentalWarning: CanadaSHM6_ActiveCrust_BooreEtAl2014 is experimental and may change in future versions - the user is liable for their application
  warnings.warn(msg, ExperimentalWarning)
/home/ssm-user/src/oq-engine/openquake/hazardlib/gsim/base.py:347: ExperimentalWarning: CanadaSHM6_ActiveCrust_BooreEtAl2014 is experimental and may change in future versions - the user is liable for their application
  warnings.warn(msg, ExperimentalWarning)
/home/ssm-user/src/oq-engine/openquake/hazardlib/gsim/base.py:347: ExperimentalWarning: CanadaSHM6_ActiveCrust_BooreEtAl2014 is experimental and may change in future versions - the user is liable for their application
  warnings.warn(msg, ExperimentalWarning)
/home/ssm-user/src/oq-engine/openquake/hazardlib/gsim/base.py:347: ExperimentalWarning: CanadaSHM6_ActiveCrust_BooreEtAl2014 is experimental and may change in future versions - the user is liable for their application
  warnings.warn(msg, ExperimentalWarning)
/home/ssm-user/src/oq-engine/openquake/hazardlib/gsim/base.py:347: ExperimentalWarning: CanadaSHM6_ActiveCrust_BooreEtAl2014 is experimental and may change in future versions - the user is liable for their application
  warnings.warn(msg, ExperimentalWarning)
/home/ssm-user/src/oq-engine/openquake/hazardlib/gsim/base.py:347: ExperimentalWarning: CanadaSHM6_ActiveCrust_BooreEtAl2014 is experimental and may change in future versions - the user is liable for their application
  warnings.warn(msg, ExperimentalWarning)
/home/ssm-user/src/oq-engine/openquake/hazardlib/gsim/base.py:347: ExperimentalWarning: CanadaSHM6_ActiveCrust_BooreEtAl2014 is experimental and may change in future versions - the user is liable for their application
  warnings.warn(msg, ExperimentalWarning)
/home/ssm-user/src/oq-engine/openquake/hazardlib/gsim/base.py:347: ExperimentalWarning: CanadaSHM6_ActiveCrust_BooreEtAl2014 is experimental and may change in future versions - the user is liable for their application
  warnings.warn(msg, ExperimentalWarning)
/home/ssm-user/src/oq-engine/openquake/hazardlib/gsim/base.py:347: ExperimentalWarning: CanadaSHM6_ActiveCrust_BooreEtAl2014 is experimental and may change in future versions - the user is liable for their application
  warnings.warn(msg, ExperimentalWarning)
/home/ssm-user/src/oq-engine/openquake/hazardlib/gsim/base.py:347: ExperimentalWarning: CanadaSHM6_ActiveCrust_BooreEtAl2014 is experimental and may change in future versions - the user is liable for their application
  warnings.warn(msg, ExperimentalWarning)
/home/ssm-user/src/oq-engine/openquake/hazardlib/gsim/base.py:347: ExperimentalWarning: CanadaSHM6_ActiveCrust_BooreEtAl2014 is experimental and may change in future versions - the user is liable for their application
  warnings.warn(msg, ExperimentalWarning)
/home/ssm-user/src/oq-engine/openquake/hazardlib/gsim/base.py:347: ExperimentalWarning: CanadaSHM6_ActiveCrust_BooreEtAl2014 is experimental and may change in future versions - the user is liable for their application
  warnings.warn(msg, ExperimentalWarning)
/home/ssm-user/src/oq-engine/openquake/hazardlib/gsim/base.py:347: ExperimentalWarning: CanadaSHM6_ActiveCrust_BooreEtAl2014 is experimental and may change in future versions - the user is liable for their application
  warnings.warn(msg, ExperimentalWarning)
/home/ssm-user/src/oq-engine/openquake/hazardlib/gsim/base.py:347: ExperimentalWarning: CanadaSHM6_ActiveCrust_BooreEtAl2014 is experimental and may change in future versions - the user is liable for their application
  warnings.warn(msg, ExperimentalWarning)
/home/ssm-user/src/oq-engine/openquake/hazardlib/gsim/base.py:347: ExperimentalWarning: CanadaSHM6_ActiveCrust_BooreEtAl2014 is experimental and may change in future versions - the user is liable for their application
  warnings.warn(msg, ExperimentalWarning)
/home/ssm-user/src/oq-engine/openquake/hazardlib/gsim/base.py:347: ExperimentalWarning: CanadaSHM6_ActiveCrust_BooreEtAl2014 is experimental and may change in future versions - the user is liable for their application
  warnings.warn(msg, ExperimentalWarning)
/home/ssm-user/src/oq-engine/openquake/hazardlib/gsim/base.py:347: ExperimentalWarning: CanadaSHM6_ActiveCrust_BooreEtAl2014 is experimental and may change in future versions - the user is liable for their application
  warnings.warn(msg, ExperimentalWarning)
/home/ssm-user/src/oq-engine/openquake/hazardlib/gsim/base.py:347: ExperimentalWarning: CanadaSHM6_ActiveCrust_BooreEtAl2014 is experimental and may change in future versions - the user is liable for their application
  warnings.warn(msg, ExperimentalWarning)
/home/ssm-user/src/oq-engine/openquake/hazardlib/gsim/base.py:347: ExperimentalWarning: CanadaSHM6_ActiveCrust_BooreEtAl2014 is experimental and may change in future versions - the user is liable for their application
  warnings.warn(msg, ExperimentalWarning)
/home/ssm-user/src/oq-engine/openquake/hazardlib/gsim/base.py:347: ExperimentalWarning: CanadaSHM6_ActiveCrust_BooreEtAl2014 is experimental and may change in future versions - the user is liable for their application
  warnings.warn(msg, ExperimentalWarning)
/home/ssm-user/src/oq-engine/openquake/hazardlib/gsim/base.py:347: ExperimentalWarning: CanadaSHM6_ActiveCrust_BooreEtAl2014 is experimental and may change in future versions - the user is liable for their application
  warnings.warn(msg, ExperimentalWarning)
/home/ssm-user/src/oq-engine/openquake/hazardlib/gsim/base.py:347: ExperimentalWarning: CanadaSHM6_ActiveCrust_BooreEtAl2014 is experimental and may change in future versions - the user is liable for their application
  warnings.warn(msg, ExperimentalWarning)
/home/ssm-user/src/oq-engine/openquake/hazardlib/gsim/base.py:347: ExperimentalWarning: CanadaSHM6_ActiveCrust_BooreEtAl2014 is experimental and may change in future versions - the user is liable for their application
  warnings.warn(msg, ExperimentalWarning)
/home/ssm-user/src/oq-engine/openquake/hazardlib/gsim/base.py:347: ExperimentalWarning: CanadaSHM6_ActiveCrust_BooreEtAl2014 is experimental and may change in future versions - the user is liable for their application
  warnings.warn(msg, ExperimentalWarning)
/home/ssm-user/src/oq-engine/openquake/hazardlib/gsim/base.py:347: ExperimentalWarning: CanadaSHM6_ActiveCrust_BooreEtAl2014 is experimental and may change in future versions - the user is liable for their application
  warnings.warn(msg, ExperimentalWarning)
/home/ssm-user/src/oq-engine/openquake/hazardlib/gsim/base.py:347: ExperimentalWarning: CanadaSHM6_ActiveCrust_BooreEtAl2014 is experimental and may change in future versions - the user is liable for their application
  warnings.warn(msg, ExperimentalWarning)
/home/ssm-user/src/oq-engine/openquake/hazardlib/gsim/base.py:347: ExperimentalWarning: CanadaSHM6_ActiveCrust_BooreEtAl2014 is experimental and may change in future versions - the user is liable for their application
  warnings.warn(msg, ExperimentalWarning)
/home/ssm-user/src/oq-engine/openquake/hazardlib/gsim/base.py:347: ExperimentalWarning: CanadaSHM6_ActiveCrust_BooreEtAl2014 is experimental and may change in future versions - the user is liable for their application
  warnings.warn(msg, ExperimentalWarning)
/home/ssm-user/src/oq-engine/openquake/hazardlib/gsim/base.py:347: ExperimentalWarning: CanadaSHM6_ActiveCrust_BooreEtAl2014 is experimental and may change in future versions - the user is liable for their application
  warnings.warn(msg, ExperimentalWarning)
/home/ssm-user/src/oq-engine/openquake/hazardlib/gsim/base.py:347: ExperimentalWarning: CanadaSHM6_ActiveCrust_BooreEtAl2014 is experimental and may change in future versions - the user is liable for their application
  warnings.warn(msg, ExperimentalWarning)
/home/ssm-user/src/oq-engine/openquake/hazardlib/gsim/base.py:347: ExperimentalWarning: CanadaSHM6_ActiveCrust_BooreEtAl2014 is experimental and may change in future versions - the user is liable for their application
  warnings.warn(msg, ExperimentalWarning)
/home/ssm-user/src/oq-engine/openquake/hazardlib/gsim/base.py:347: ExperimentalWarning: CanadaSHM6_ActiveCrust_BooreEtAl2014 is experimental and may change in future versions - the user is liable for their application
  warnings.warn(msg, ExperimentalWarning)
/home/ssm-user/src/oq-engine/openquake/hazardlib/gsim/base.py:347: ExperimentalWarning: CanadaSHM6_ActiveCrust_BooreEtAl2014 is experimental and may change in future versions - the user is liable for their application
  warnings.warn(msg, ExperimentalWarning)
/home/ssm-user/src/oq-engine/openquake/hazardlib/gsim/base.py:347: ExperimentalWarning: CanadaSHM6_ActiveCrust_BooreEtAl2014 is experimental and may change in future versions - the user is liable for their application
  warnings.warn(msg, ExperimentalWarning)
/home/ssm-user/src/oq-engine/openquake/hazardlib/gsim/base.py:347: ExperimentalWarning: CanadaSHM6_ActiveCrust_BooreEtAl2014 is experimental and may change in future versions - the user is liable for their application
  warnings.warn(msg, ExperimentalWarning)
/home/ssm-user/src/oq-engine/openquake/hazardlib/gsim/base.py:347: ExperimentalWarning: CanadaSHM6_ActiveCrust_BooreEtAl2014 is experimental and may change in future versions - the user is liable for their application
  warnings.warn(msg, ExperimentalWarning)
/home/ssm-user/src/oq-engine/openquake/hazardlib/gsim/base.py:347: ExperimentalWarning: CanadaSHM6_ActiveCrust_BooreEtAl2014 is experimental and may change in future versions - the user is liable for their application
  warnings.warn(msg, ExperimentalWarning)
/home/ssm-user/src/oq-engine/openquake/hazardlib/gsim/base.py:347: ExperimentalWarning: CanadaSHM6_ActiveCrust_BooreEtAl2014 is experimental and may change in future versions - the user is liable for their application
  warnings.warn(msg, ExperimentalWarning)
/home/ssm-user/src/oq-engine/openquake/hazardlib/gsim/base.py:347: ExperimentalWarning: CanadaSHM6_ActiveCrust_BooreEtAl2014 is experimental and may change in future versions - the user is liable for their application
  warnings.warn(msg, ExperimentalWarning)
/home/ssm-user/src/oq-engine/openquake/hazardlib/gsim/base.py:347: ExperimentalWarning: CanadaSHM6_ActiveCrust_BooreEtAl2014 is experimental and may change in future versions - the user is liable for their application
  warnings.warn(msg, ExperimentalWarning)
/home/ssm-user/src/oq-engine/openquake/hazardlib/gsim/base.py:347: ExperimentalWarning: CanadaSHM6_ActiveCrust_BooreEtAl2014 is experimental and may change in future versions - the user is liable for their application
  warnings.warn(msg, ExperimentalWarning)
/home/ssm-user/src/oq-engine/openquake/hazardlib/gsim/base.py:347: ExperimentalWarning: CanadaSHM6_ActiveCrust_BooreEtAl2014 is experimental and may change in future versions - the user is liable for their application
  warnings.warn(msg, ExperimentalWarning)
/home/ssm-user/src/oq-engine/openquake/hazardlib/gsim/base.py:347: ExperimentalWarning: CanadaSHM6_ActiveCrust_BooreEtAl2014 is experimental and may change in future versions - the user is liable for their application
  warnings.warn(msg, ExperimentalWarning)
/home/ssm-user/src/oq-engine/openquake/hazardlib/gsim/base.py:347: ExperimentalWarning: CanadaSHM6_ActiveCrust_BooreEtAl2014 is experimental and may change in future versions - the user is liable for their application
  warnings.warn(msg, ExperimentalWarning)
[2021-11-05 14:41:08 #217 INFO] Stopping the workers
  id | name
1667 | Aggregate Event Damages
1665 | Asset Damage Distributions
1666 | Asset Damage Statistics
1668 | Full Report
1669 | Realizations
