/home/ssm-user/src/oq-engine/openquake/hazardlib/gsim/base.py:347: ExperimentalWarning: CanadaSHM6_ActiveCrust_BooreEtAl2014 is experimental and may change in future versions - the user is liable for their application
  warnings.warn(msg, ExperimentalWarning)
/home/ssm-user/src/oq-engine/openquake/hazardlib/gsim/base.py:347: ExperimentalWarning: CanadaSHM6_ActiveCrust_AbrahamsonEtAl2014 is experimental and may change in future versions - the user is liable for their application
  warnings.warn(msg, ExperimentalWarning)
/home/ssm-user/src/oq-engine/openquake/hazardlib/gsim/base.py:347: ExperimentalWarning: CanadaSHM6_ActiveCrust_BooreEtAl2014 is experimental and may change in future versions - the user is liable for their application
  warnings.warn(msg, ExperimentalWarning)
/home/ssm-user/src/oq-engine/openquake/hazardlib/gsim/base.py:347: ExperimentalWarning: CanadaSHM6_ActiveCrust_CampbellBozorgnia2014 is experimental and may change in future versions - the user is liable for their application
  warnings.warn(msg, ExperimentalWarning)
/home/ssm-user/src/oq-engine/openquake/hazardlib/gsim/base.py:347: ExperimentalWarning: CanadaSHM6_ActiveCrust_ChiouYoungs2014 is experimental and may change in future versions - the user is liable for their application
  warnings.warn(msg, ExperimentalWarning)
[2021-11-09 23:53:36 #244 INFO] root running /mnt/storage/canada-srm2/eDamage/input/eDamage_b0_ON_P_NorthernOntario.ini [--hc=None]
[2021-11-09 23:53:36 #244 INFO] Using engine version 3.11.3-git29ac352f7d
[2021-11-09 23:53:36 #244 WARNING] Version v3.11.4 of the engine is available, but you are still using version 3.11.3-git29ac352f7d
[2021-11-09 23:53:36 #244 WARNING] Using 96 cores on ip-10-70-136-127
[2021-11-09 23:53:36 #244 INFO] Validated nationalModel.xml in 0.01 seconds
[2021-11-09 23:53:36 #244 INFO] Checksum of the input files: 514598877
[2021-11-09 23:53:36 #244 INFO] Reading the risk model if present
[2021-11-09 23:53:39 #244 INFO] Reading /mnt/storage/openquake-inputs/exposure/general-building-stock/oqBldgExp_ON_P_NorthernOntario.xml
[2021-11-09 23:53:49 #244 INFO] Extracting the hazard sites from the site model
[2021-11-09 23:53:53 #244 INFO] Associated 74600 assets to 9280 sites
[2021-11-09 23:53:58 #244 INFO] Reducing risk model from 4224 to 445 taxonomies
[2021-11-09 23:54:00 #244 INFO] minimum_asset_loss={'structural': 0}
[2021-11-09 23:54:00 #244 INFO] Considering 200 logic tree paths out of 24_576
[2021-11-09 23:54:00 #244 INFO] Reading the source model(s) in parallel
[2021-11-09 23:54:03 #244 INFO] read_source_model  16% [6 submitted, 0 queued]
[2021-11-09 23:54:03 #244 INFO] read_source_model  33% [6 submitted, 0 queued]
[2021-11-09 23:54:03 #244 INFO] read_source_model  50% [6 submitted, 0 queued]
[2021-11-09 23:54:03 #244 INFO] read_source_model  66% [6 submitted, 0 queued]
[2021-11-09 23:54:03 #244 INFO] read_source_model  83% [6 submitted, 0 queued]
[2021-11-09 23:54:03 #244 INFO] read_source_model 100% [6 submitted, 0 queued]
[2021-11-09 23:54:03 #244 INFO] Mean time per core=0s, std=0.0s, min=0s, max=0s
[2021-11-09 23:54:03 #244 INFO] Received {'/mnt/storage/CanadaSHM6/OpenQuake_model_files/sources/nationalModel/xml/simplifiedModel/WCan_HYeast_Harctic_simplified_collapsedRates.xml': '157.72 KB', '/mnt/storage/CanadaSHM6/OpenQuake_model_files/sources/nationalModel/xml/simplifiedModel/WCan_H2east_Harctic_simplified_collapsedRates.xml': '152.1 KB', '/mnt/storage/CanadaSHM6/OpenQuake_model_files/sources/nationalModel/xml/simplifiedModel/WCan_HYeast_Rarctic_simplified_collapsedRates.xml': '151.35 KB', '/mnt/storage/CanadaSHM6/OpenQuake_model_files/sources/nationalModel/xml/simplifiedModel/WCan_H2east_Rarctic_simplified_collapsedRates.xml': '145.73 KB', '/mnt/storage/CanadaSHM6/OpenQuake_model_files/sources/nationalModel/xml/simplifiedModel/WCan_R2east_Harctic_simplified_collapsedRates.xml': '137.01 KB', '/mnt/storage/CanadaSHM6/OpenQuake_model_files/sources/nationalModel/xml/simplifiedModel/WCan_R2east_Rarctic_simplified_collapsedRates.xml': '130.86 KB'} in 0 seconds
/home/ssm-user/src/oq-engine/openquake/hazardlib/gsim/base.py:347: ExperimentalWarning: CanadaSHM6_ActiveCrust_BooreEtAl2014 is experimental and may change in future versions - the user is liable for their application
  warnings.warn(msg, ExperimentalWarning)
/home/ssm-user/src/oq-engine/openquake/hazardlib/gsim/base.py:347: ExperimentalWarning: CanadaSHM6_ActiveCrust_BooreEtAl2014 is experimental and may change in future versions - the user is liable for their application
  warnings.warn(msg, ExperimentalWarning)
/home/ssm-user/src/oq-engine/openquake/hazardlib/gsim/base.py:347: ExperimentalWarning: CanadaSHM6_ActiveCrust_BooreEtAl2014 is experimental and may change in future versions - the user is liable for their application
  warnings.warn(msg, ExperimentalWarning)
/home/ssm-user/src/oq-engine/openquake/hazardlib/gsim/base.py:347: ExperimentalWarning: CanadaSHM6_ActiveCrust_BooreEtAl2014 is experimental and may change in future versions - the user is liable for their application
  warnings.warn(msg, ExperimentalWarning)
/home/ssm-user/src/oq-engine/openquake/hazardlib/gsim/base.py:347: ExperimentalWarning: CanadaSHM6_ActiveCrust_BooreEtAl2014 is experimental and may change in future versions - the user is liable for their application
  warnings.warn(msg, ExperimentalWarning)
/home/ssm-user/src/oq-engine/openquake/hazardlib/gsim/base.py:347: ExperimentalWarning: CanadaSHM6_ActiveCrust_BooreEtAl2014 is experimental and may change in future versions - the user is liable for their application
  warnings.warn(msg, ExperimentalWarning)
[2021-11-09 23:54:04 #244 INFO] There are multiple different sources with the same ID [<AreaSource SCCYA;0>, <AreaSource SCCYA;1>]
[2021-11-09 23:54:04 #244 INFO] There are 13 groups and 198 sources with len(et_ids)=3.87
[2021-11-09 23:54:04 #244 INFO] Checking the sources bounding box
[2021-11-09 23:54:04 #244 ERROR] source ACM: The buffer of 600 km is too large, the bounding box is larger than half the globe: 219 degrees
[2021-11-09 23:54:04 #244 INFO] Rupture floating factor = 1.6303030303030304
[2021-11-09 23:54:04 #244 INFO] Rupture spinning factor = 3.2181818181818183
[2021-11-09 23:54:04 #244 INFO] gzipping the input files
[2021-11-09 23:54:07 #244 INFO] Storing risk model
[2021-11-09 23:54:07 #244 INFO] minimum_intensity={'SA(0.3)': 0.02, 'SA(0.6)': 0.05, 'SA(1.0)': 0.05, 'SA(2.0)': 0.05}
[2021-11-09 23:54:07 #244 INFO] Building ruptures
[2021-11-09 23:55:43 #244 INFO] Sending <SourceGroup Subduction IntraSlab30, 1 source(s)>
[2021-11-09 23:55:43 #244 INFO] Sending <SourceGroup Subduction IntraSlab55, 4 source(s)>
[2021-11-09 23:55:43 #244 INFO] Sending <SourceGroup Subduction Interface, 14 source(s)>
[2021-11-09 23:55:43 #244 INFO] Sending <SourceGroup Stable Shallow Crust, 29 source(s)>
[2021-11-09 23:55:43 #244 INFO] Sending <SourceGroup Stable Shallow Crust, 4 source(s)>
[2021-11-09 23:55:43 #244 INFO] Sending <SourceGroup Stable Shallow Crust, 6 source(s)>
[2021-11-09 23:55:43 #244 INFO] Sending <SourceGroup Stable Shallow Crust, 18 source(s)>
[2021-11-09 23:55:43 #244 INFO] Sending <SourceGroup Stable Shallow Crust, 10 source(s)>
[2021-11-09 23:55:43 #244 INFO] Sending <SourceGroup Stable Shallow Crust, 38 source(s)>
[2021-11-09 23:55:43 #244 INFO] Sending <SourceGroup Stable Shallow Crust, 14 source(s)>
[2021-11-09 23:55:43 #244 INFO] Sending <SourceGroup Active Shallow Crust, 1 source(s)>
[2021-11-09 23:55:43 #244 INFO] Sending <SourceGroup Active Shallow Crust, 58 source(s)>
[2021-11-09 23:55:43 #244 INFO] Sending <SourceGroup Active Shallow Crust, 1 source(s)>
[2021-11-09 23:55:46 #244 INFO] Sent 96 tasks, 108.26 MB in 0 seconds
[2021-11-09 23:55:47 #244 INFO] sample_ruptures   1% [98 submitted, 5 queued]
[2021-11-09 23:55:47 #244 INFO] sample_ruptures   2% [99 submitted, 4 queued]
[2021-11-09 23:55:47 #244 INFO] sample_ruptures   3% [100 submitted, 3 queued]
[2021-11-09 23:55:47 #244 INFO] sample_ruptures   4% [101 submitted, 2 queued]
[2021-11-09 23:55:47 #244 INFO] sample_ruptures   5% [102 submitted, 1 queued]
[2021-11-09 23:55:47 #244 INFO] sample_ruptures   6% [103 submitted, 0 queued]
[2021-11-09 23:55:47 #244 INFO] sample_ruptures   7% [103 submitted, 0 queued]
[2021-11-09 23:55:47 #244 INFO] sample_ruptures   8% [103 submitted, 0 queued]
[2021-11-09 23:55:47 #244 INFO] sample_ruptures   9% [103 submitted, 0 queued]
[2021-11-09 23:55:48 #244 INFO] sample_ruptures  10% [103 submitted, 0 queued]
[2021-11-09 23:55:48 #244 INFO] sample_ruptures  11% [103 submitted, 0 queued]
[2021-11-09 23:55:48 #244 INFO] sample_ruptures  12% [103 submitted, 0 queued]
[2021-11-09 23:55:48 #244 INFO] sample_ruptures  13% [103 submitted, 0 queued]
[2021-11-09 23:55:48 #244 INFO] sample_ruptures  14% [103 submitted, 0 queued]
[2021-11-09 23:55:48 #244 INFO] sample_ruptures  15% [103 submitted, 0 queued]
[2021-11-09 23:55:48 #244 INFO] sample_ruptures  16% [103 submitted, 0 queued]
[2021-11-09 23:55:48 #244 INFO] sample_ruptures  17% [103 submitted, 0 queued]
[2021-11-09 23:55:48 #244 INFO] sample_ruptures  18% [103 submitted, 0 queued]
[2021-11-09 23:55:48 #244 INFO] sample_ruptures  19% [103 submitted, 0 queued]
[2021-11-09 23:55:48 #244 INFO] sample_ruptures  20% [103 submitted, 0 queued]
[2021-11-09 23:55:48 #244 INFO] sample_ruptures  21% [103 submitted, 0 queued]
[2021-11-09 23:55:48 #244 INFO] sample_ruptures  22% [103 submitted, 0 queued]
[2021-11-09 23:55:48 #244 INFO] sample_ruptures  23% [103 submitted, 0 queued]
[2021-11-09 23:55:48 #244 INFO] sample_ruptures  24% [103 submitted, 0 queued]
[2021-11-09 23:55:48 #244 INFO] sample_ruptures  25% [103 submitted, 0 queued]
[2021-11-09 23:55:48 #244 INFO] sample_ruptures  26% [103 submitted, 0 queued]
[2021-11-09 23:55:48 #244 INFO] sample_ruptures  27% [103 submitted, 0 queued]
[2021-11-09 23:55:48 #244 INFO] sample_ruptures  28% [103 submitted, 0 queued]
[2021-11-09 23:55:48 #244 INFO] sample_ruptures  29% [103 submitted, 0 queued]
[2021-11-09 23:55:48 #244 INFO] sample_ruptures  30% [103 submitted, 0 queued]
[2021-11-09 23:55:48 #244 INFO] sample_ruptures  31% [103 submitted, 0 queued]
[2021-11-09 23:55:48 #244 INFO] sample_ruptures  32% [103 submitted, 0 queued]
[2021-11-09 23:55:48 #244 INFO] sample_ruptures  33% [103 submitted, 0 queued]
[2021-11-09 23:55:48 #244 INFO] sample_ruptures  34% [103 submitted, 0 queued]
[2021-11-09 23:55:48 #244 INFO] sample_ruptures  35% [103 submitted, 0 queued]
[2021-11-09 23:55:48 #244 INFO] sample_ruptures  36% [103 submitted, 0 queued]
[2021-11-09 23:55:48 #244 INFO] sample_ruptures  37% [103 submitted, 0 queued]
[2021-11-09 23:55:48 #244 INFO] sample_ruptures  38% [103 submitted, 0 queued]
[2021-11-09 23:55:48 #244 INFO] sample_ruptures  39% [103 submitted, 0 queued]
[2021-11-09 23:55:48 #244 INFO] sample_ruptures  40% [103 submitted, 0 queued]
[2021-11-09 23:55:48 #244 INFO] sample_ruptures  41% [103 submitted, 0 queued]
[2021-11-09 23:55:48 #244 INFO] sample_ruptures  42% [103 submitted, 0 queued]
[2021-11-09 23:55:48 #244 INFO] sample_ruptures  43% [103 submitted, 0 queued]
[2021-11-09 23:55:48 #244 INFO] sample_ruptures  44% [103 submitted, 0 queued]
[2021-11-09 23:55:49 #244 INFO] sample_ruptures  45% [103 submitted, 0 queued]
[2021-11-09 23:55:49 #244 INFO] sample_ruptures  46% [103 submitted, 0 queued]
[2021-11-09 23:55:49 #244 INFO] sample_ruptures  47% [103 submitted, 0 queued]
[2021-11-09 23:55:49 #244 INFO] sample_ruptures  48% [103 submitted, 0 queued]
[2021-11-09 23:55:49 #244 INFO] sample_ruptures  49% [103 submitted, 0 queued]
[2021-11-09 23:55:49 #244 INFO] sample_ruptures  50% [103 submitted, 0 queued]
[2021-11-09 23:55:49 #244 INFO] sample_ruptures  51% [103 submitted, 0 queued]
[2021-11-09 23:55:49 #244 INFO] sample_ruptures  52% [103 submitted, 0 queued]
[2021-11-09 23:55:49 #244 INFO] sample_ruptures  53% [103 submitted, 0 queued]
[2021-11-09 23:55:49 #244 INFO] sample_ruptures  54% [103 submitted, 0 queued]
[2021-11-09 23:55:49 #244 INFO] sample_ruptures  55% [103 submitted, 0 queued]
[2021-11-09 23:55:49 #244 INFO] sample_ruptures  56% [103 submitted, 0 queued]
[2021-11-09 23:55:49 #244 INFO] sample_ruptures  57% [103 submitted, 0 queued]
[2021-11-09 23:55:49 #244 INFO] sample_ruptures  58% [103 submitted, 0 queued]
[2021-11-09 23:55:49 #244 INFO] sample_ruptures  59% [103 submitted, 0 queued]
[2021-11-09 23:55:49 #244 INFO] sample_ruptures  60% [103 submitted, 0 queued]
[2021-11-09 23:55:49 #244 INFO] sample_ruptures  61% [103 submitted, 0 queued]
[2021-11-09 23:55:49 #244 INFO] sample_ruptures  62% [103 submitted, 0 queued]
[2021-11-09 23:56:01 #244 INFO] sample_ruptures  63% [103 submitted, 0 queued]
[2021-11-09 23:56:03 #244 INFO] sample_ruptures  64% [103 submitted, 0 queued]
[2021-11-09 23:56:12 #244 INFO] sample_ruptures  65% [103 submitted, 0 queued]
[2021-11-09 23:56:12 #244 INFO] sample_ruptures  66% [103 submitted, 0 queued]
[2021-11-09 23:56:14 #244 INFO] sample_ruptures  67% [103 submitted, 0 queued]
[2021-11-09 23:56:14 #244 INFO] sample_ruptures  68% [103 submitted, 0 queued]
[2021-11-09 23:56:15 #244 INFO] sample_ruptures  69% [103 submitted, 0 queued]
[2021-11-09 23:56:17 #244 INFO] sample_ruptures  70% [103 submitted, 0 queued]
[2021-11-09 23:56:19 #244 INFO] sample_ruptures  71% [103 submitted, 0 queued]
[2021-11-09 23:56:20 #244 INFO] sample_ruptures  72% [103 submitted, 0 queued]
[2021-11-09 23:56:22 #244 INFO] sample_ruptures  73% [103 submitted, 0 queued]
[2021-11-09 23:56:24 #244 INFO] sample_ruptures  74% [103 submitted, 0 queued]
[2021-11-09 23:56:27 #244 INFO] sample_ruptures  75% [103 submitted, 0 queued]
[2021-11-09 23:56:29 #244 INFO] sample_ruptures  76% [103 submitted, 0 queued]
[2021-11-09 23:56:31 #244 INFO] sample_ruptures  77% [103 submitted, 0 queued]
[2021-11-09 23:56:34 #244 INFO] sample_ruptures  78% [103 submitted, 0 queued]
[2021-11-09 23:56:36 #244 INFO] sample_ruptures  79% [103 submitted, 0 queued]
[2021-11-09 23:56:36 #244 INFO] sample_ruptures  80% [103 submitted, 0 queued]
[2021-11-09 23:56:37 #244 INFO] sample_ruptures  81% [103 submitted, 0 queued]
[2021-11-09 23:56:44 #244 INFO] sample_ruptures  82% [103 submitted, 0 queued]
[2021-11-09 23:56:51 #244 INFO] sample_ruptures  83% [103 submitted, 0 queued]
[2021-11-09 23:56:54 #244 INFO] sample_ruptures  84% [103 submitted, 0 queued]
[2021-11-09 23:57:14 #244 INFO] sample_ruptures  85% [103 submitted, 0 queued]
[2021-11-09 23:57:16 #244 INFO] sample_ruptures  86% [103 submitted, 0 queued]
[2021-11-09 23:57:17 #244 INFO] sample_ruptures  87% [103 submitted, 0 queued]
[2021-11-09 23:57:18 #244 INFO] sample_ruptures  88% [103 submitted, 0 queued]
[2021-11-09 23:57:24 #244 INFO] sample_ruptures  89% [103 submitted, 0 queued]
[2021-11-09 23:57:26 #244 INFO] sample_ruptures  90% [103 submitted, 0 queued]
[2021-11-09 23:57:35 #244 INFO] sample_ruptures  91% [103 submitted, 0 queued]
[2021-11-09 23:57:37 #244 INFO] sample_ruptures  92% [103 submitted, 0 queued]
[2021-11-09 23:58:11 #244 INFO] sample_ruptures  93% [103 submitted, 0 queued]
[2021-11-09 23:58:17 #244 INFO] sample_ruptures  94% [103 submitted, 0 queued]
[2021-11-09 23:58:18 #244 INFO] sample_ruptures  95% [103 submitted, 0 queued]
[2021-11-09 23:58:20 #244 INFO] sample_ruptures  96% [103 submitted, 0 queued]
[2021-11-09 23:59:16 #244 INFO] sample_ruptures  97% [103 submitted, 0 queued]
[2021-11-09 23:59:55 #244 INFO] sample_ruptures  98% [103 submitted, 0 queued]
[2021-11-10 00:00:08 #244 INFO] sample_ruptures  99% [103 submitted, 0 queued]
[2021-11-10 00:00:09 #244 INFO] sample_ruptures 100% [103 submitted, 0 queued]
[2021-11-10 00:00:09 #244 INFO] Mean time per core=33s, std=59.0s, min=0s, max=261s
[2021-11-10 00:00:09 #244 INFO] Received {'rup_array': '214.84 MB', 'calc_times': '22.77 KB', 'eff_ruptures': '4.28 KB'} in 263 seconds
[2021-11-10 00:00:09 #244 INFO] There are 200 realization(s)
[2021-11-10 00:00:09 #244 INFO] Reordering the ruptures and storing the events
[2021-11-10 00:00:11 #244 INFO] Associating event_id -> rlz_id for 2_330_999 events and 1_032_914 ruptures
[2021-11-10 00:00:44 #244 INFO] Sent 196 tasks, 110.52 MB in 31 seconds
[2021-11-10 00:00:50 #244 INFO] Mean time per core=6s, std=2.0s, min=2s, max=11s
[2021-11-10 00:00:50 #244 INFO] Received {'tot': '22.28 MB'} in 5 seconds
[2021-11-10 00:01:03 #244 INFO] Reading 1_032_914 ruptures
[2021-11-10 00:01:30 #244 INFO] Sent 96 tasks, 127.23 MB in 3 seconds
[2021-11-10 00:01:42 #244 INFO] compute_gmfs   1% [98 submitted, 98 queued]
[2021-11-10 00:02:53 #244 INFO] compute_gmfs   2% [100 submitted, 96 queued]
[2021-11-10 00:03:02 #244 INFO] compute_gmfs   3% [102 submitted, 94 queued]
[2021-11-10 00:04:21 #244 INFO] compute_gmfs   4% [104 submitted, 92 queued]
[2021-11-10 00:04:58 #244 INFO] compute_gmfs   5% [106 submitted, 90 queued]
[2021-11-10 00:05:09 #244 INFO] compute_gmfs   6% [108 submitted, 88 queued]
[2021-11-10 00:05:21 #244 INFO] compute_gmfs   7% [110 submitted, 86 queued]
[2021-11-10 00:07:30 #244 INFO] compute_gmfs   8% [112 submitted, 84 queued]
[2021-11-10 00:07:52 #244 INFO] compute_gmfs   9% [114 submitted, 82 queued]
[2021-11-10 00:09:20 #244 INFO] compute_gmfs  10% [116 submitted, 80 queued]
[2021-11-10 00:10:18 #244 INFO] compute_gmfs  11% [118 submitted, 78 queued]
[2021-11-10 00:12:54 #244 INFO] compute_gmfs  12% [120 submitted, 76 queued]
[2021-11-10 00:15:56 #244 INFO] compute_gmfs  13% [122 submitted, 74 queued]
[2021-11-10 00:16:11 #244 INFO] compute_gmfs  14% [124 submitted, 72 queued]
[2021-11-10 00:23:09 #244 INFO] compute_gmfs  15% [126 submitted, 70 queued]
[2021-11-10 00:24:56 #244 INFO] compute_gmfs  16% [128 submitted, 68 queued]
[2021-11-10 00:25:04 #244 INFO] compute_gmfs  17% [130 submitted, 66 queued]
[2021-11-10 00:25:40 #244 INFO] compute_gmfs  18% [132 submitted, 64 queued]
[2021-11-10 00:26:31 #244 INFO] compute_gmfs  19% [134 submitted, 62 queued]
[2021-11-10 00:28:35 #244 INFO] compute_gmfs  20% [136 submitted, 60 queued]
[2021-11-10 00:30:46 #244 INFO] compute_gmfs  21% [138 submitted, 58 queued]
[2021-11-10 00:36:38 #244 INFO] compute_gmfs  22% [140 submitted, 56 queued]
[2021-11-10 00:38:34 #244 INFO] compute_gmfs  23% [142 submitted, 54 queued]
[2021-11-10 00:41:25 #244 INFO] compute_gmfs  24% [144 submitted, 52 queued]
[2021-11-10 00:41:59 #244 INFO] compute_gmfs  25% [145 submitted, 51 queued]
[2021-11-10 00:42:58 #244 INFO] compute_gmfs  26% [147 submitted, 49 queued]
[2021-11-10 00:45:21 #244 INFO] compute_gmfs  27% [149 submitted, 47 queued]
[2021-11-10 00:48:36 #244 INFO] compute_gmfs  28% [151 submitted, 45 queued]
[2021-11-10 00:49:43 #244 INFO] compute_gmfs  29% [153 submitted, 43 queued]
[2021-11-10 00:50:35 #244 INFO] compute_gmfs  30% [155 submitted, 41 queued]
[2021-11-10 00:51:58 #244 INFO] compute_gmfs  31% [157 submitted, 39 queued]
[2021-11-10 00:53:31 #244 INFO] compute_gmfs  32% [159 submitted, 37 queued]
[2021-11-10 00:54:11 #244 INFO] compute_gmfs  33% [161 submitted, 35 queued]
[2021-11-10 00:55:54 #244 INFO] compute_gmfs  34% [163 submitted, 33 queued]
[2021-11-10 00:57:29 #244 INFO] compute_gmfs  35% [165 submitted, 31 queued]
[2021-11-10 01:01:21 #244 INFO] compute_gmfs  36% [167 submitted, 29 queued]
[2021-11-10 01:03:06 #244 INFO] compute_gmfs  37% [169 submitted, 27 queued]
[2021-11-10 01:04:48 #244 INFO] compute_gmfs  38% [171 submitted, 25 queued]
[2021-11-10 01:05:38 #244 INFO] compute_gmfs  39% [173 submitted, 23 queued]
[2021-11-10 01:06:27 #244 INFO] compute_gmfs  40% [175 submitted, 21 queued]
[2021-11-10 01:08:05 #244 INFO] compute_gmfs  41% [177 submitted, 19 queued]
[2021-11-10 01:10:13 #244 INFO] compute_gmfs  42% [179 submitted, 17 queued]
[2021-11-10 01:11:31 #244 INFO] compute_gmfs  43% [181 submitted, 15 queued]
[2021-11-10 01:12:25 #244 INFO] compute_gmfs  44% [183 submitted, 13 queued]
[2021-11-10 01:12:44 #244 INFO] compute_gmfs  45% [185 submitted, 11 queued]
[2021-11-10 01:14:31 #244 INFO] compute_gmfs  46% [187 submitted, 9 queued]
[2021-11-10 01:16:01 #244 INFO] compute_gmfs  47% [189 submitted, 7 queued]
[2021-11-10 01:19:01 #244 INFO] compute_gmfs  48% [191 submitted, 5 queued]
[2021-11-10 01:21:05 #244 INFO] compute_gmfs  49% [193 submitted, 3 queued]
[2021-11-10 01:22:01 #244 INFO] compute_gmfs  50% [194 submitted, 2 queued]
[2021-11-10 01:22:38 #244 INFO] compute_gmfs  51% [196 submitted, 0 queued]
[2021-11-10 01:24:26 #244 INFO] compute_gmfs  52% [196 submitted, 0 queued]
[2021-11-10 01:27:18 #244 INFO] compute_gmfs  53% [196 submitted, 0 queued]
[2021-11-10 01:27:34 #244 INFO] compute_gmfs  54% [196 submitted, 0 queued]
[2021-11-10 01:27:55 #244 INFO] compute_gmfs  55% [196 submitted, 0 queued]
[2021-11-10 01:28:24 #244 INFO] compute_gmfs  56% [196 submitted, 0 queued]
[2021-11-10 01:28:31 #244 INFO] compute_gmfs  57% [196 submitted, 0 queued]
[2021-11-10 01:29:53 #244 INFO] compute_gmfs  58% [196 submitted, 0 queued]
[2021-11-10 01:31:29 #244 INFO] compute_gmfs  59% [196 submitted, 0 queued]
[2021-11-10 01:34:42 #244 INFO] compute_gmfs  60% [196 submitted, 0 queued]
[2021-11-10 01:36:08 #244 INFO] compute_gmfs  61% [196 submitted, 0 queued]
[2021-11-10 01:39:02 #244 INFO] compute_gmfs  62% [196 submitted, 0 queued]
[2021-11-10 01:40:04 #244 INFO] compute_gmfs  63% [196 submitted, 0 queued]
[2021-11-10 01:42:02 #244 INFO] compute_gmfs  64% [196 submitted, 0 queued]
[2021-11-10 01:44:24 #244 INFO] compute_gmfs  65% [196 submitted, 0 queued]
[2021-11-10 01:45:13 #244 INFO] compute_gmfs  66% [196 submitted, 0 queued]
[2021-11-10 01:47:03 #244 INFO] compute_gmfs  67% [196 submitted, 0 queued]
[2021-11-10 01:47:38 #244 INFO] compute_gmfs  68% [196 submitted, 0 queued]
[2021-11-10 01:48:15 #244 INFO] compute_gmfs  69% [196 submitted, 0 queued]
[2021-11-10 01:48:55 #244 INFO] compute_gmfs  70% [196 submitted, 0 queued]
[2021-11-10 01:49:35 #244 INFO] compute_gmfs  71% [196 submitted, 0 queued]
[2021-11-10 01:49:45 #244 INFO] compute_gmfs  72% [196 submitted, 0 queued]
[2021-11-10 01:50:11 #244 INFO] compute_gmfs  73% [196 submitted, 0 queued]
[2021-11-10 01:50:53 #244 INFO] compute_gmfs  74% [196 submitted, 0 queued]
[2021-11-10 01:51:11 #244 INFO] compute_gmfs  75% [196 submitted, 0 queued]
[2021-11-10 01:52:07 #244 INFO] compute_gmfs  76% [196 submitted, 0 queued]
[2021-11-10 01:52:58 #244 INFO] compute_gmfs  77% [196 submitted, 0 queued]
[2021-11-10 01:53:04 #244 INFO] compute_gmfs  78% [196 submitted, 0 queued]
[2021-11-10 01:55:26 #244 INFO] compute_gmfs  79% [196 submitted, 0 queued]
[2021-11-10 01:55:47 #244 INFO] compute_gmfs  80% [196 submitted, 0 queued]
[2021-11-10 01:56:36 #244 INFO] compute_gmfs  81% [196 submitted, 0 queued]
[2021-11-10 01:57:03 #244 INFO] compute_gmfs  82% [196 submitted, 0 queued]
[2021-11-10 01:57:34 #244 INFO] compute_gmfs  83% [196 submitted, 0 queued]
[2021-11-10 01:57:52 #244 INFO] compute_gmfs  84% [196 submitted, 0 queued]
[2021-11-10 02:00:20 #244 INFO] compute_gmfs  85% [196 submitted, 0 queued]
[2021-11-10 02:00:50 #244 INFO] compute_gmfs  86% [196 submitted, 0 queued]
[2021-11-10 02:02:59 #244 INFO] compute_gmfs  87% [196 submitted, 0 queued]
[2021-11-10 02:06:54 #244 INFO] compute_gmfs  88% [196 submitted, 0 queued]
[2021-11-10 02:10:57 #244 INFO] compute_gmfs  89% [196 submitted, 0 queued]
[2021-11-10 02:15:04 #244 INFO] compute_gmfs  90% [196 submitted, 0 queued]
[2021-11-10 02:15:18 #244 INFO] compute_gmfs  91% [196 submitted, 0 queued]
[2021-11-10 02:17:27 #244 INFO] compute_gmfs  92% [196 submitted, 0 queued]
[2021-11-10 02:18:47 #244 INFO] compute_gmfs  93% [196 submitted, 0 queued]
[2021-11-10 02:21:10 #244 INFO] compute_gmfs  94% [196 submitted, 0 queued]
[2021-11-10 02:25:13 #244 INFO] compute_gmfs  95% [196 submitted, 0 queued]
[2021-11-10 02:27:34 #244 INFO] compute_gmfs  96% [196 submitted, 0 queued]
[2021-11-10 02:31:32 #244 INFO] compute_gmfs  97% [196 submitted, 0 queued]
[2021-11-10 02:34:49 #244 INFO] compute_gmfs  98% [196 submitted, 0 queued]
[2021-11-10 02:37:36 #244 INFO] compute_gmfs  99% [196 submitted, 0 queued]
[2021-11-10 02:39:21 #244 INFO] compute_gmfs 100% [196 submitted, 0 queued]
[2021-11-10 02:39:21 #244 INFO] Mean time per core=6777s, std=1177.8s, min=4947s, max=9462s
[2021-11-10 02:39:21 #244 INFO] Received {'gmfdata': '29.43 GB', 'sig_eps': '63.73 MB', 'times': '11.44 MB', 'hcurves': '980 B'} in 9474 seconds
[2021-11-10 02:39:21 #244 INFO] Stored 18.47 GB of GMFs
[2021-11-10 02:39:21 #244 WARNING] There are more than 1 GB of GMFs, not computing avg_gmf
[2021-11-10 02:39:58 #244 INFO] Building risk inputs from 200 realization(s)
[2021-11-10 02:43:15 #244 INFO] Grouping the GMFs by site ID
[2021-11-10 02:45:44 #244 INFO] Built 9282 risk inputs
[2021-11-10 02:46:36 #244 INFO] Sent 195 tasks, 23.94 GB in 51 seconds
[2021-11-10 02:53:46 #244 INFO] scenario_damage   1% [195 submitted, 0 queued]
[2021-11-10 02:59:20 #244 INFO] scenario_damage   2% [195 submitted, 0 queued]
[2021-11-10 03:01:57 #244 INFO] scenario_damage   3% [195 submitted, 0 queued]
[2021-11-10 03:03:12 #244 INFO] scenario_damage   4% [195 submitted, 0 queued]
[2021-11-10 03:05:02 #244 INFO] scenario_damage   5% [195 submitted, 0 queued]
[2021-11-10 03:11:18 #244 INFO] scenario_damage   6% [195 submitted, 0 queued]
[2021-11-10 03:11:55 #244 INFO] scenario_damage   7% [195 submitted, 0 queued]
[2021-11-10 03:13:09 #244 INFO] scenario_damage   8% [195 submitted, 0 queued]
[2021-11-10 03:15:25 #244 INFO] scenario_damage   9% [195 submitted, 0 queued]
[2021-11-10 03:17:13 #244 INFO] scenario_damage  10% [195 submitted, 0 queued]
[2021-11-10 03:18:00 #244 INFO] scenario_damage  11% [195 submitted, 0 queued]
[2021-11-10 03:19:15 #244 INFO] scenario_damage  12% [195 submitted, 0 queued]
[2021-11-10 03:22:08 #244 INFO] scenario_damage  13% [195 submitted, 0 queued]
[2021-11-10 03:22:17 #244 INFO] scenario_damage  14% [195 submitted, 0 queued]
[2021-11-10 03:23:18 #244 INFO] scenario_damage  15% [195 submitted, 0 queued]
[2021-11-10 03:23:36 #244 INFO] scenario_damage  16% [195 submitted, 0 queued]
[2021-11-10 03:24:27 #244 INFO] scenario_damage  17% [195 submitted, 0 queued]
[2021-11-10 03:24:50 #244 INFO] scenario_damage  18% [195 submitted, 0 queued]
[2021-11-10 03:26:11 #244 INFO] scenario_damage  19% [195 submitted, 0 queued]
[2021-11-10 03:26:13 #244 INFO] scenario_damage  20% [195 submitted, 0 queued]
[2021-11-10 03:27:04 #244 INFO] scenario_damage  21% [195 submitted, 0 queued]
[2021-11-10 03:29:01 #244 INFO] scenario_damage  22% [195 submitted, 0 queued]
[2021-11-10 03:29:17 #244 INFO] scenario_damage  23% [195 submitted, 0 queued]
[2021-11-10 03:29:35 #244 INFO] scenario_damage  24% [195 submitted, 0 queued]
[2021-11-10 03:29:54 #244 INFO] scenario_damage  25% [195 submitted, 0 queued]
[2021-11-10 03:30:31 #244 INFO] scenario_damage  26% [195 submitted, 0 queued]
[2021-11-10 03:32:15 #244 INFO] scenario_damage  27% [195 submitted, 0 queued]
[2021-11-10 03:33:15 #244 INFO] scenario_damage  28% [195 submitted, 0 queued]
[2021-11-10 03:33:48 #244 INFO] scenario_damage  29% [195 submitted, 0 queued]
[2021-11-10 03:34:07 #244 INFO] scenario_damage  30% [195 submitted, 0 queued]
[2021-11-10 03:35:07 #244 INFO] scenario_damage  31% [195 submitted, 0 queued]
[2021-11-10 03:35:34 #244 INFO] scenario_damage  32% [195 submitted, 0 queued]
[2021-11-10 03:36:54 #244 INFO] scenario_damage  33% [195 submitted, 0 queued]
[2021-11-10 03:38:57 #244 INFO] scenario_damage  34% [195 submitted, 0 queued]
[2021-11-10 03:41:27 #244 INFO] scenario_damage  35% [195 submitted, 0 queued]
[2021-11-10 03:41:53 #244 INFO] scenario_damage  36% [195 submitted, 0 queued]
[2021-11-10 03:42:56 #244 INFO] scenario_damage  37% [195 submitted, 0 queued]
[2021-11-10 03:45:16 #244 INFO] scenario_damage  38% [195 submitted, 0 queued]
[2021-11-10 03:45:36 #244 INFO] scenario_damage  39% [195 submitted, 0 queued]
[2021-11-10 03:46:16 #244 INFO] scenario_damage  40% [195 submitted, 0 queued]
[2021-11-10 03:46:40 #244 INFO] scenario_damage  41% [195 submitted, 0 queued]
[2021-11-10 03:46:40 #244 INFO] scenario_damage  42% [195 submitted, 0 queued]
[2021-11-10 03:48:00 #244 INFO] scenario_damage  43% [195 submitted, 0 queued]
[2021-11-10 03:48:47 #244 INFO] scenario_damage  44% [195 submitted, 0 queued]
[2021-11-10 03:51:29 #244 INFO] scenario_damage  45% [195 submitted, 0 queued]
[2021-11-10 03:52:16 #244 INFO] scenario_damage  46% [195 submitted, 0 queued]
[2021-11-10 03:53:26 #244 INFO] scenario_damage  47% [195 submitted, 0 queued]
[2021-11-10 03:53:38 #244 INFO] scenario_damage  48% [195 submitted, 0 queued]
[2021-11-10 03:55:14 #244 INFO] scenario_damage  49% [195 submitted, 0 queued]
[2021-11-10 03:56:56 #244 INFO] scenario_damage  50% [195 submitted, 0 queued]
[2021-11-10 03:57:48 #244 INFO] scenario_damage  51% [195 submitted, 0 queued]
[2021-11-10 03:58:36 #244 INFO] scenario_damage  52% [195 submitted, 0 queued]
[2021-11-10 03:58:41 #244 INFO] scenario_damage  53% [195 submitted, 0 queued]
[2021-11-10 04:00:35 #244 INFO] scenario_damage  54% [195 submitted, 0 queued]
[2021-11-10 04:01:29 #244 INFO] scenario_damage  55% [195 submitted, 0 queued]
[2021-11-10 04:01:48 #244 INFO] scenario_damage  56% [195 submitted, 0 queued]
[2021-11-10 04:02:21 #244 INFO] scenario_damage  57% [195 submitted, 0 queued]
[2021-11-10 04:05:05 #244 INFO] scenario_damage  58% [195 submitted, 0 queued]
[2021-11-10 04:08:37 #244 INFO] scenario_damage  59% [195 submitted, 0 queued]
[2021-11-10 04:10:18 #244 INFO] scenario_damage  60% [195 submitted, 0 queued]
[2021-11-10 04:10:32 #244 INFO] scenario_damage  61% [195 submitted, 0 queued]
[2021-11-10 04:12:13 #244 INFO] scenario_damage  62% [195 submitted, 0 queued]
[2021-11-10 04:12:59 #244 INFO] scenario_damage  63% [195 submitted, 0 queued]
[2021-11-10 04:14:52 #244 INFO] scenario_damage  64% [195 submitted, 0 queued]
[2021-11-10 04:15:06 #244 INFO] scenario_damage  65% [195 submitted, 0 queued]
[2021-11-10 04:16:38 #244 INFO] scenario_damage  66% [195 submitted, 0 queued]
[2021-11-10 04:18:47 #244 INFO] scenario_damage  67% [195 submitted, 0 queued]
[2021-11-10 04:19:26 #244 INFO] scenario_damage  68% [195 submitted, 0 queued]
[2021-11-10 04:21:08 #244 INFO] scenario_damage  69% [195 submitted, 0 queued]
[2021-11-10 04:21:46 #244 INFO] scenario_damage  70% [195 submitted, 0 queued]
[2021-11-10 04:23:19 #244 INFO] scenario_damage  71% [195 submitted, 0 queued]
[2021-11-10 04:24:37 #244 INFO] scenario_damage  72% [195 submitted, 0 queued]
[2021-11-10 04:26:30 #244 INFO] scenario_damage  73% [195 submitted, 0 queued]
[2021-11-10 04:26:43 #244 INFO] scenario_damage  74% [195 submitted, 0 queued]
[2021-11-10 04:27:17 #244 INFO] scenario_damage  75% [195 submitted, 0 queued]
[2021-11-10 04:28:11 #244 INFO] scenario_damage  76% [195 submitted, 0 queued]
[2021-11-10 04:29:43 #244 INFO] scenario_damage  77% [195 submitted, 0 queued]
[2021-11-10 04:31:00 #244 INFO] scenario_damage  78% [195 submitted, 0 queued]
[2021-11-10 04:32:18 #244 INFO] scenario_damage  79% [195 submitted, 0 queued]
[2021-11-10 04:34:15 #244 INFO] scenario_damage  80% [195 submitted, 0 queued]
[2021-11-10 04:37:16 #244 INFO] scenario_damage  81% [195 submitted, 0 queued]
[2021-11-10 04:38:59 #244 INFO] scenario_damage  82% [195 submitted, 0 queued]
[2021-11-10 04:42:55 #244 INFO] scenario_damage  83% [195 submitted, 0 queued]
[2021-11-10 04:45:25 #244 INFO] scenario_damage  84% [195 submitted, 0 queued]
[2021-11-10 04:46:35 #244 INFO] scenario_damage  85% [195 submitted, 0 queued]
[2021-11-10 04:48:56 #244 INFO] scenario_damage  86% [195 submitted, 0 queued]
[2021-11-10 04:51:19 #244 INFO] scenario_damage  87% [195 submitted, 0 queued]
[2021-11-10 04:54:06 #244 INFO] scenario_damage  88% [195 submitted, 0 queued]
[2021-11-10 04:58:48 #244 INFO] scenario_damage  89% [195 submitted, 0 queued]
[2021-11-10 04:59:52 #244 INFO] scenario_damage  90% [195 submitted, 0 queued]
[2021-11-10 05:01:01 #244 INFO] scenario_damage  91% [195 submitted, 0 queued]
[2021-11-10 05:02:42 #244 INFO] scenario_damage  92% [195 submitted, 0 queued]
[2021-11-10 05:03:21 #244 INFO] scenario_damage  93% [195 submitted, 0 queued]
[2021-11-10 05:03:55 #244 INFO] scenario_damage  94% [195 submitted, 0 queued]
[2021-11-10 05:05:28 #244 INFO] scenario_damage  95% [195 submitted, 0 queued]
[2021-11-10 05:07:53 #244 INFO] scenario_damage  96% [195 submitted, 0 queued]
[2021-11-10 05:08:35 #244 INFO] scenario_damage  97% [195 submitted, 0 queued]
[2021-11-10 05:10:49 #244 INFO] scenario_damage  98% [195 submitted, 0 queued]
[2021-11-10 05:18:26 #244 INFO] scenario_damage  99% [195 submitted, 0 queued]
[2021-11-10 05:19:35 #244 INFO] scenario_damage 100% [195 submitted, 0 queued]
[2021-11-10 05:19:35 #244 INFO] Mean time per core=6388s, std=1399.8s, min=4306s, max=9210s
[2021-11-10 05:19:35 #244 INFO] Received {'aed': '2.31 GB', 'd_asset': '1.27 GB', 'd_event': '843.99 MB'} in 9178 seconds
[2021-11-10 05:19:35 #244 INFO] Saving 2.31 GB in dd_data (instead of 647.8 GB)
[2021-11-10 05:23:43 #244 INFO] Portfolio damage
==== ========== ========= =======
kind loss_type  dmg_state value  
==== ========== ========= =======
avg  structural no_damage 267_679
avg  structural slight    53     
avg  structural moderate  7.79586
avg  structural extensive 2.79782
avg  structural complete  3.77630
std  structural no_damage 968    
std  structural slight    691    
std  structural moderate  137    
std  structural extensive 56     
std  structural complete  104    
==== ========== ========= =======
[2021-11-10 05:23:43 #244 INFO] Due to rounding errors inherent in floating-point arithmetic, the total number of buildings is not exact: {'expected': 267747.0, 'structural': 26130.42}
[2021-11-10 05:24:03 #244 INFO] Exposing the outputs to the database
[2021-11-10 05:24:04 #244 INFO] Stored 12.34 GB on /root/oqdata/calc_244.hdf5 in 19827 seconds
/home/ssm-user/src/oq-engine/openquake/hazardlib/gsim/base.py:347: ExperimentalWarning: CanadaSHM6_ActiveCrust_BooreEtAl2014 is experimental and may change in future versions - the user is liable for their application
  warnings.warn(msg, ExperimentalWarning)
/home/ssm-user/src/oq-engine/openquake/hazardlib/gsim/base.py:347: ExperimentalWarning: CanadaSHM6_ActiveCrust_BooreEtAl2014 is experimental and may change in future versions - the user is liable for their application
  warnings.warn(msg, ExperimentalWarning)
/home/ssm-user/src/oq-engine/openquake/hazardlib/gsim/base.py:347: ExperimentalWarning: CanadaSHM6_ActiveCrust_BooreEtAl2014 is experimental and may change in future versions - the user is liable for their application
  warnings.warn(msg, ExperimentalWarning)
/home/ssm-user/src/oq-engine/openquake/hazardlib/gsim/base.py:347: ExperimentalWarning: CanadaSHM6_ActiveCrust_BooreEtAl2014 is experimental and may change in future versions - the user is liable for their application
  warnings.warn(msg, ExperimentalWarning)
/home/ssm-user/src/oq-engine/openquake/hazardlib/gsim/base.py:347: ExperimentalWarning: CanadaSHM6_ActiveCrust_BooreEtAl2014 is experimental and may change in future versions - the user is liable for their application
  warnings.warn(msg, ExperimentalWarning)
/home/ssm-user/src/oq-engine/openquake/hazardlib/gsim/base.py:347: ExperimentalWarning: CanadaSHM6_ActiveCrust_BooreEtAl2014 is experimental and may change in future versions - the user is liable for their application
  warnings.warn(msg, ExperimentalWarning)
/home/ssm-user/src/oq-engine/openquake/hazardlib/gsim/base.py:347: ExperimentalWarning: CanadaSHM6_ActiveCrust_BooreEtAl2014 is experimental and may change in future versions - the user is liable for their application
  warnings.warn(msg, ExperimentalWarning)
/home/ssm-user/src/oq-engine/openquake/hazardlib/gsim/base.py:347: ExperimentalWarning: CanadaSHM6_ActiveCrust_BooreEtAl2014 is experimental and may change in future versions - the user is liable for their application
  warnings.warn(msg, ExperimentalWarning)
/home/ssm-user/src/oq-engine/openquake/hazardlib/gsim/base.py:347: ExperimentalWarning: CanadaSHM6_ActiveCrust_BooreEtAl2014 is experimental and may change in future versions - the user is liable for their application
  warnings.warn(msg, ExperimentalWarning)
/home/ssm-user/src/oq-engine/openquake/hazardlib/gsim/base.py:347: ExperimentalWarning: CanadaSHM6_ActiveCrust_BooreEtAl2014 is experimental and may change in future versions - the user is liable for their application
  warnings.warn(msg, ExperimentalWarning)
/home/ssm-user/src/oq-engine/openquake/hazardlib/gsim/base.py:347: ExperimentalWarning: CanadaSHM6_ActiveCrust_BooreEtAl2014 is experimental and may change in future versions - the user is liable for their application
  warnings.warn(msg, ExperimentalWarning)
/home/ssm-user/src/oq-engine/openquake/hazardlib/gsim/base.py:347: ExperimentalWarning: CanadaSHM6_ActiveCrust_BooreEtAl2014 is experimental and may change in future versions - the user is liable for their application
  warnings.warn(msg, ExperimentalWarning)
/home/ssm-user/src/oq-engine/openquake/hazardlib/gsim/base.py:347: ExperimentalWarning: CanadaSHM6_ActiveCrust_BooreEtAl2014 is experimental and may change in future versions - the user is liable for their application
  warnings.warn(msg, ExperimentalWarning)
/home/ssm-user/src/oq-engine/openquake/hazardlib/gsim/base.py:347: ExperimentalWarning: CanadaSHM6_ActiveCrust_BooreEtAl2014 is experimental and may change in future versions - the user is liable for their application
  warnings.warn(msg, ExperimentalWarning)
/home/ssm-user/src/oq-engine/openquake/hazardlib/gsim/base.py:347: ExperimentalWarning: CanadaSHM6_ActiveCrust_BooreEtAl2014 is experimental and may change in future versions - the user is liable for their application
  warnings.warn(msg, ExperimentalWarning)
/home/ssm-user/src/oq-engine/openquake/hazardlib/gsim/base.py:347: ExperimentalWarning: CanadaSHM6_ActiveCrust_BooreEtAl2014 is experimental and may change in future versions - the user is liable for their application
  warnings.warn(msg, ExperimentalWarning)
/home/ssm-user/src/oq-engine/openquake/hazardlib/gsim/base.py:347: ExperimentalWarning: CanadaSHM6_ActiveCrust_BooreEtAl2014 is experimental and may change in future versions - the user is liable for their application
  warnings.warn(msg, ExperimentalWarning)
/home/ssm-user/src/oq-engine/openquake/hazardlib/gsim/base.py:347: ExperimentalWarning: CanadaSHM6_ActiveCrust_BooreEtAl2014 is experimental and may change in future versions - the user is liable for their application
  warnings.warn(msg, ExperimentalWarning)
/home/ssm-user/src/oq-engine/openquake/hazardlib/gsim/base.py:347: ExperimentalWarning: CanadaSHM6_ActiveCrust_BooreEtAl2014 is experimental and may change in future versions - the user is liable for their application
  warnings.warn(msg, ExperimentalWarning)
/home/ssm-user/src/oq-engine/openquake/hazardlib/gsim/base.py:347: ExperimentalWarning: CanadaSHM6_ActiveCrust_BooreEtAl2014 is experimental and may change in future versions - the user is liable for their application
  warnings.warn(msg, ExperimentalWarning)
/home/ssm-user/src/oq-engine/openquake/hazardlib/gsim/base.py:347: ExperimentalWarning: CanadaSHM6_ActiveCrust_BooreEtAl2014 is experimental and may change in future versions - the user is liable for their application
  warnings.warn(msg, ExperimentalWarning)
/home/ssm-user/src/oq-engine/openquake/hazardlib/gsim/base.py:347: ExperimentalWarning: CanadaSHM6_ActiveCrust_BooreEtAl2014 is experimental and may change in future versions - the user is liable for their application
  warnings.warn(msg, ExperimentalWarning)
/home/ssm-user/src/oq-engine/openquake/hazardlib/gsim/base.py:347: ExperimentalWarning: CanadaSHM6_ActiveCrust_BooreEtAl2014 is experimental and may change in future versions - the user is liable for their application
  warnings.warn(msg, ExperimentalWarning)
/home/ssm-user/src/oq-engine/openquake/hazardlib/gsim/base.py:347: ExperimentalWarning: CanadaSHM6_ActiveCrust_BooreEtAl2014 is experimental and may change in future versions - the user is liable for their application
  warnings.warn(msg, ExperimentalWarning)
/home/ssm-user/src/oq-engine/openquake/hazardlib/gsim/base.py:347: ExperimentalWarning: CanadaSHM6_ActiveCrust_BooreEtAl2014 is experimental and may change in future versions - the user is liable for their application
  warnings.warn(msg, ExperimentalWarning)
/home/ssm-user/src/oq-engine/openquake/hazardlib/gsim/base.py:347: ExperimentalWarning: CanadaSHM6_ActiveCrust_BooreEtAl2014 is experimental and may change in future versions - the user is liable for their application
  warnings.warn(msg, ExperimentalWarning)
/home/ssm-user/src/oq-engine/openquake/hazardlib/gsim/base.py:347: ExperimentalWarning: CanadaSHM6_ActiveCrust_BooreEtAl2014 is experimental and may change in future versions - the user is liable for their application
  warnings.warn(msg, ExperimentalWarning)
/home/ssm-user/src/oq-engine/openquake/hazardlib/gsim/base.py:347: ExperimentalWarning: CanadaSHM6_ActiveCrust_BooreEtAl2014 is experimental and may change in future versions - the user is liable for their application
  warnings.warn(msg, ExperimentalWarning)
/home/ssm-user/src/oq-engine/openquake/hazardlib/gsim/base.py:347: ExperimentalWarning: CanadaSHM6_ActiveCrust_BooreEtAl2014 is experimental and may change in future versions - the user is liable for their application
  warnings.warn(msg, ExperimentalWarning)
/home/ssm-user/src/oq-engine/openquake/hazardlib/gsim/base.py:347: ExperimentalWarning: CanadaSHM6_ActiveCrust_BooreEtAl2014 is experimental and may change in future versions - the user is liable for their application
  warnings.warn(msg, ExperimentalWarning)
/home/ssm-user/src/oq-engine/openquake/hazardlib/gsim/base.py:347: ExperimentalWarning: CanadaSHM6_ActiveCrust_BooreEtAl2014 is experimental and may change in future versions - the user is liable for their application
  warnings.warn(msg, ExperimentalWarning)
/home/ssm-user/src/oq-engine/openquake/hazardlib/gsim/base.py:347: ExperimentalWarning: CanadaSHM6_ActiveCrust_BooreEtAl2014 is experimental and may change in future versions - the user is liable for their application
  warnings.warn(msg, ExperimentalWarning)
/home/ssm-user/src/oq-engine/openquake/hazardlib/gsim/base.py:347: ExperimentalWarning: CanadaSHM6_ActiveCrust_BooreEtAl2014 is experimental and may change in future versions - the user is liable for their application
  warnings.warn(msg, ExperimentalWarning)
/home/ssm-user/src/oq-engine/openquake/hazardlib/gsim/base.py:347: ExperimentalWarning: CanadaSHM6_ActiveCrust_BooreEtAl2014 is experimental and may change in future versions - the user is liable for their application
  warnings.warn(msg, ExperimentalWarning)
/home/ssm-user/src/oq-engine/openquake/hazardlib/gsim/base.py:347: ExperimentalWarning: CanadaSHM6_ActiveCrust_BooreEtAl2014 is experimental and may change in future versions - the user is liable for their application
  warnings.warn(msg, ExperimentalWarning)
/home/ssm-user/src/oq-engine/openquake/hazardlib/gsim/base.py:347: ExperimentalWarning: CanadaSHM6_ActiveCrust_BooreEtAl2014 is experimental and may change in future versions - the user is liable for their application
  warnings.warn(msg, ExperimentalWarning)
/home/ssm-user/src/oq-engine/openquake/hazardlib/gsim/base.py:347: ExperimentalWarning: CanadaSHM6_ActiveCrust_BooreEtAl2014 is experimental and may change in future versions - the user is liable for their application
  warnings.warn(msg, ExperimentalWarning)
/home/ssm-user/src/oq-engine/openquake/hazardlib/gsim/base.py:347: ExperimentalWarning: CanadaSHM6_ActiveCrust_BooreEtAl2014 is experimental and may change in future versions - the user is liable for their application
  warnings.warn(msg, ExperimentalWarning)
/home/ssm-user/src/oq-engine/openquake/hazardlib/gsim/base.py:347: ExperimentalWarning: CanadaSHM6_ActiveCrust_BooreEtAl2014 is experimental and may change in future versions - the user is liable for their application
  warnings.warn(msg, ExperimentalWarning)
/home/ssm-user/src/oq-engine/openquake/hazardlib/gsim/base.py:347: ExperimentalWarning: CanadaSHM6_ActiveCrust_BooreEtAl2014 is experimental and may change in future versions - the user is liable for their application
  warnings.warn(msg, ExperimentalWarning)
/home/ssm-user/src/oq-engine/openquake/hazardlib/gsim/base.py:347: ExperimentalWarning: CanadaSHM6_ActiveCrust_BooreEtAl2014 is experimental and may change in future versions - the user is liable for their application
  warnings.warn(msg, ExperimentalWarning)
/home/ssm-user/src/oq-engine/openquake/hazardlib/gsim/base.py:347: ExperimentalWarning: CanadaSHM6_ActiveCrust_BooreEtAl2014 is experimental and may change in future versions - the user is liable for their application
  warnings.warn(msg, ExperimentalWarning)
/home/ssm-user/src/oq-engine/openquake/hazardlib/gsim/base.py:347: ExperimentalWarning: CanadaSHM6_ActiveCrust_BooreEtAl2014 is experimental and may change in future versions - the user is liable for their application
  warnings.warn(msg, ExperimentalWarning)
/home/ssm-user/src/oq-engine/openquake/hazardlib/gsim/base.py:347: ExperimentalWarning: CanadaSHM6_ActiveCrust_BooreEtAl2014 is experimental and may change in future versions - the user is liable for their application
  warnings.warn(msg, ExperimentalWarning)
/home/ssm-user/src/oq-engine/openquake/hazardlib/gsim/base.py:347: ExperimentalWarning: CanadaSHM6_ActiveCrust_BooreEtAl2014 is experimental and may change in future versions - the user is liable for their application
  warnings.warn(msg, ExperimentalWarning)
/home/ssm-user/src/oq-engine/openquake/hazardlib/gsim/base.py:347: ExperimentalWarning: CanadaSHM6_ActiveCrust_BooreEtAl2014 is experimental and may change in future versions - the user is liable for their application
  warnings.warn(msg, ExperimentalWarning)
/home/ssm-user/src/oq-engine/openquake/hazardlib/gsim/base.py:347: ExperimentalWarning: CanadaSHM6_ActiveCrust_BooreEtAl2014 is experimental and may change in future versions - the user is liable for their application
  warnings.warn(msg, ExperimentalWarning)
/home/ssm-user/src/oq-engine/openquake/hazardlib/gsim/base.py:347: ExperimentalWarning: CanadaSHM6_ActiveCrust_BooreEtAl2014 is experimental and may change in future versions - the user is liable for their application
  warnings.warn(msg, ExperimentalWarning)
/home/ssm-user/src/oq-engine/openquake/hazardlib/gsim/base.py:347: ExperimentalWarning: CanadaSHM6_ActiveCrust_BooreEtAl2014 is experimental and may change in future versions - the user is liable for their application
  warnings.warn(msg, ExperimentalWarning)
/home/ssm-user/src/oq-engine/openquake/hazardlib/gsim/base.py:347: ExperimentalWarning: CanadaSHM6_ActiveCrust_BooreEtAl2014 is experimental and may change in future versions - the user is liable for their application
  warnings.warn(msg, ExperimentalWarning)
/home/ssm-user/src/oq-engine/openquake/hazardlib/gsim/base.py:347: ExperimentalWarning: CanadaSHM6_ActiveCrust_BooreEtAl2014 is experimental and may change in future versions - the user is liable for their application
  warnings.warn(msg, ExperimentalWarning)
/home/ssm-user/src/oq-engine/openquake/hazardlib/gsim/base.py:347: ExperimentalWarning: CanadaSHM6_ActiveCrust_BooreEtAl2014 is experimental and may change in future versions - the user is liable for their application
  warnings.warn(msg, ExperimentalWarning)
/home/ssm-user/src/oq-engine/openquake/hazardlib/gsim/base.py:347: ExperimentalWarning: CanadaSHM6_ActiveCrust_BooreEtAl2014 is experimental and may change in future versions - the user is liable for their application
  warnings.warn(msg, ExperimentalWarning)
/home/ssm-user/src/oq-engine/openquake/hazardlib/gsim/base.py:347: ExperimentalWarning: CanadaSHM6_ActiveCrust_BooreEtAl2014 is experimental and may change in future versions - the user is liable for their application
  warnings.warn(msg, ExperimentalWarning)
/home/ssm-user/src/oq-engine/openquake/hazardlib/gsim/base.py:347: ExperimentalWarning: CanadaSHM6_ActiveCrust_BooreEtAl2014 is experimental and may change in future versions - the user is liable for their application
  warnings.warn(msg, ExperimentalWarning)
/home/ssm-user/src/oq-engine/openquake/hazardlib/gsim/base.py:347: ExperimentalWarning: CanadaSHM6_ActiveCrust_BooreEtAl2014 is experimental and may change in future versions - the user is liable for their application
  warnings.warn(msg, ExperimentalWarning)
/home/ssm-user/src/oq-engine/openquake/hazardlib/gsim/base.py:347: ExperimentalWarning: CanadaSHM6_ActiveCrust_BooreEtAl2014 is experimental and may change in future versions - the user is liable for their application
  warnings.warn(msg, ExperimentalWarning)
/home/ssm-user/src/oq-engine/openquake/hazardlib/gsim/base.py:347: ExperimentalWarning: CanadaSHM6_ActiveCrust_BooreEtAl2014 is experimental and may change in future versions - the user is liable for their application
  warnings.warn(msg, ExperimentalWarning)
/home/ssm-user/src/oq-engine/openquake/hazardlib/gsim/base.py:347: ExperimentalWarning: CanadaSHM6_ActiveCrust_BooreEtAl2014 is experimental and may change in future versions - the user is liable for their application
  warnings.warn(msg, ExperimentalWarning)
/home/ssm-user/src/oq-engine/openquake/hazardlib/gsim/base.py:347: ExperimentalWarning: CanadaSHM6_ActiveCrust_BooreEtAl2014 is experimental and may change in future versions - the user is liable for their application
  warnings.warn(msg, ExperimentalWarning)
/home/ssm-user/src/oq-engine/openquake/hazardlib/gsim/base.py:347: ExperimentalWarning: CanadaSHM6_ActiveCrust_BooreEtAl2014 is experimental and may change in future versions - the user is liable for their application
  warnings.warn(msg, ExperimentalWarning)
/home/ssm-user/src/oq-engine/openquake/hazardlib/gsim/base.py:347: ExperimentalWarning: CanadaSHM6_ActiveCrust_BooreEtAl2014 is experimental and may change in future versions - the user is liable for their application
  warnings.warn(msg, ExperimentalWarning)
/home/ssm-user/src/oq-engine/openquake/hazardlib/gsim/base.py:347: ExperimentalWarning: CanadaSHM6_ActiveCrust_BooreEtAl2014 is experimental and may change in future versions - the user is liable for their application
  warnings.warn(msg, ExperimentalWarning)
/home/ssm-user/src/oq-engine/openquake/hazardlib/gsim/base.py:347: ExperimentalWarning: CanadaSHM6_ActiveCrust_BooreEtAl2014 is experimental and may change in future versions - the user is liable for their application
  warnings.warn(msg, ExperimentalWarning)
/home/ssm-user/src/oq-engine/openquake/hazardlib/gsim/base.py:347: ExperimentalWarning: CanadaSHM6_ActiveCrust_BooreEtAl2014 is experimental and may change in future versions - the user is liable for their application
  warnings.warn(msg, ExperimentalWarning)
/home/ssm-user/src/oq-engine/openquake/hazardlib/gsim/base.py:347: ExperimentalWarning: CanadaSHM6_ActiveCrust_BooreEtAl2014 is experimental and may change in future versions - the user is liable for their application
  warnings.warn(msg, ExperimentalWarning)
/home/ssm-user/src/oq-engine/openquake/hazardlib/gsim/base.py:347: ExperimentalWarning: CanadaSHM6_ActiveCrust_BooreEtAl2014 is experimental and may change in future versions - the user is liable for their application
  warnings.warn(msg, ExperimentalWarning)
/home/ssm-user/src/oq-engine/openquake/hazardlib/gsim/base.py:347: ExperimentalWarning: CanadaSHM6_ActiveCrust_BooreEtAl2014 is experimental and may change in future versions - the user is liable for their application
  warnings.warn(msg, ExperimentalWarning)
/home/ssm-user/src/oq-engine/openquake/hazardlib/gsim/base.py:347: ExperimentalWarning: CanadaSHM6_ActiveCrust_BooreEtAl2014 is experimental and may change in future versions - the user is liable for their application
  warnings.warn(msg, ExperimentalWarning)
/home/ssm-user/src/oq-engine/openquake/hazardlib/gsim/base.py:347: ExperimentalWarning: CanadaSHM6_ActiveCrust_BooreEtAl2014 is experimental and may change in future versions - the user is liable for their application
  warnings.warn(msg, ExperimentalWarning)
/home/ssm-user/src/oq-engine/openquake/hazardlib/gsim/base.py:347: ExperimentalWarning: CanadaSHM6_ActiveCrust_BooreEtAl2014 is experimental and may change in future versions - the user is liable for their application
  warnings.warn(msg, ExperimentalWarning)
/home/ssm-user/src/oq-engine/openquake/hazardlib/gsim/base.py:347: ExperimentalWarning: CanadaSHM6_ActiveCrust_BooreEtAl2014 is experimental and may change in future versions - the user is liable for their application
  warnings.warn(msg, ExperimentalWarning)
/home/ssm-user/src/oq-engine/openquake/hazardlib/gsim/base.py:347: ExperimentalWarning: CanadaSHM6_ActiveCrust_BooreEtAl2014 is experimental and may change in future versions - the user is liable for their application
  warnings.warn(msg, ExperimentalWarning)
/home/ssm-user/src/oq-engine/openquake/hazardlib/gsim/base.py:347: ExperimentalWarning: CanadaSHM6_ActiveCrust_BooreEtAl2014 is experimental and may change in future versions - the user is liable for their application
  warnings.warn(msg, ExperimentalWarning)
/home/ssm-user/src/oq-engine/openquake/hazardlib/gsim/base.py:347: ExperimentalWarning: CanadaSHM6_ActiveCrust_BooreEtAl2014 is experimental and may change in future versions - the user is liable for their application
  warnings.warn(msg, ExperimentalWarning)
/home/ssm-user/src/oq-engine/openquake/hazardlib/gsim/base.py:347: ExperimentalWarning: CanadaSHM6_ActiveCrust_BooreEtAl2014 is experimental and may change in future versions - the user is liable for their application
  warnings.warn(msg, ExperimentalWarning)
/home/ssm-user/src/oq-engine/openquake/hazardlib/gsim/base.py:347: ExperimentalWarning: CanadaSHM6_ActiveCrust_BooreEtAl2014 is experimental and may change in future versions - the user is liable for their application
  warnings.warn(msg, ExperimentalWarning)
/home/ssm-user/src/oq-engine/openquake/hazardlib/gsim/base.py:347: ExperimentalWarning: CanadaSHM6_ActiveCrust_BooreEtAl2014 is experimental and may change in future versions - the user is liable for their application
  warnings.warn(msg, ExperimentalWarning)
/home/ssm-user/src/oq-engine/openquake/hazardlib/gsim/base.py:347: ExperimentalWarning: CanadaSHM6_ActiveCrust_BooreEtAl2014 is experimental and may change in future versions - the user is liable for their application
  warnings.warn(msg, ExperimentalWarning)
/home/ssm-user/src/oq-engine/openquake/hazardlib/gsim/base.py:347: ExperimentalWarning: CanadaSHM6_ActiveCrust_BooreEtAl2014 is experimental and may change in future versions - the user is liable for their application
  warnings.warn(msg, ExperimentalWarning)
/home/ssm-user/src/oq-engine/openquake/hazardlib/gsim/base.py:347: ExperimentalWarning: CanadaSHM6_ActiveCrust_BooreEtAl2014 is experimental and may change in future versions - the user is liable for their application
  warnings.warn(msg, ExperimentalWarning)
/home/ssm-user/src/oq-engine/openquake/hazardlib/gsim/base.py:347: ExperimentalWarning: CanadaSHM6_ActiveCrust_BooreEtAl2014 is experimental and may change in future versions - the user is liable for their application
  warnings.warn(msg, ExperimentalWarning)
/home/ssm-user/src/oq-engine/openquake/hazardlib/gsim/base.py:347: ExperimentalWarning: CanadaSHM6_ActiveCrust_BooreEtAl2014 is experimental and may change in future versions - the user is liable for their application
  warnings.warn(msg, ExperimentalWarning)
/home/ssm-user/src/oq-engine/openquake/hazardlib/gsim/base.py:347: ExperimentalWarning: CanadaSHM6_ActiveCrust_BooreEtAl2014 is experimental and may change in future versions - the user is liable for their application
  warnings.warn(msg, ExperimentalWarning)
/home/ssm-user/src/oq-engine/openquake/hazardlib/gsim/base.py:347: ExperimentalWarning: CanadaSHM6_ActiveCrust_BooreEtAl2014 is experimental and may change in future versions - the user is liable for their application
  warnings.warn(msg, ExperimentalWarning)
/home/ssm-user/src/oq-engine/openquake/hazardlib/gsim/base.py:347: ExperimentalWarning: CanadaSHM6_ActiveCrust_BooreEtAl2014 is experimental and may change in future versions - the user is liable for their application
  warnings.warn(msg, ExperimentalWarning)
/home/ssm-user/src/oq-engine/openquake/hazardlib/gsim/base.py:347: ExperimentalWarning: CanadaSHM6_ActiveCrust_BooreEtAl2014 is experimental and may change in future versions - the user is liable for their application
  warnings.warn(msg, ExperimentalWarning)
/home/ssm-user/src/oq-engine/openquake/hazardlib/gsim/base.py:347: ExperimentalWarning: CanadaSHM6_ActiveCrust_BooreEtAl2014 is experimental and may change in future versions - the user is liable for their application
  warnings.warn(msg, ExperimentalWarning)
/home/ssm-user/src/oq-engine/openquake/hazardlib/gsim/base.py:347: ExperimentalWarning: CanadaSHM6_ActiveCrust_BooreEtAl2014 is experimental and may change in future versions - the user is liable for their application
  warnings.warn(msg, ExperimentalWarning)
/home/ssm-user/src/oq-engine/openquake/hazardlib/gsim/base.py:347: ExperimentalWarning: CanadaSHM6_ActiveCrust_BooreEtAl2014 is experimental and may change in future versions - the user is liable for their application
  warnings.warn(msg, ExperimentalWarning)
/home/ssm-user/src/oq-engine/openquake/hazardlib/gsim/base.py:347: ExperimentalWarning: CanadaSHM6_ActiveCrust_BooreEtAl2014 is experimental and may change in future versions - the user is liable for their application
  warnings.warn(msg, ExperimentalWarning)
/home/ssm-user/src/oq-engine/openquake/hazardlib/gsim/base.py:347: ExperimentalWarning: CanadaSHM6_ActiveCrust_BooreEtAl2014 is experimental and may change in future versions - the user is liable for their application
  warnings.warn(msg, ExperimentalWarning)
/home/ssm-user/src/oq-engine/openquake/hazardlib/gsim/base.py:347: ExperimentalWarning: CanadaSHM6_ActiveCrust_BooreEtAl2014 is experimental and may change in future versions - the user is liable for their application
  warnings.warn(msg, ExperimentalWarning)
/home/ssm-user/src/oq-engine/openquake/hazardlib/gsim/base.py:347: ExperimentalWarning: CanadaSHM6_ActiveCrust_BooreEtAl2014 is experimental and may change in future versions - the user is liable for their application
  warnings.warn(msg, ExperimentalWarning)
/home/ssm-user/src/oq-engine/openquake/hazardlib/gsim/base.py:347: ExperimentalWarning: CanadaSHM6_ActiveCrust_BooreEtAl2014 is experimental and may change in future versions - the user is liable for their application
  warnings.warn(msg, ExperimentalWarning)
/home/ssm-user/src/oq-engine/openquake/hazardlib/gsim/base.py:347: ExperimentalWarning: CanadaSHM6_ActiveCrust_BooreEtAl2014 is experimental and may change in future versions - the user is liable for their application
  warnings.warn(msg, ExperimentalWarning)
[2021-11-10 05:24:05 #245 INFO] root running /mnt/storage/canada-srm2/eDamage/input/eDamage_r1_ON_P_NorthernOntario.ini [--hc=244]
[2021-11-10 05:24:05 #245 INFO] Using engine version 3.11.3-git29ac352f7d
[2021-11-10 05:24:05 #245 WARNING] Version v3.11.4 of the engine is available, but you are still using version 3.11.3-git29ac352f7d
[2021-11-10 05:24:05 #245 WARNING] Using 96 cores on ip-10-70-136-127
[2021-11-10 05:24:05 #245 INFO] Validated nationalModel.xml in 0.02 seconds
[2021-11-10 05:24:05 #245 INFO] Checksum of the input files: 514598877
[2021-11-10 05:24:05 #245 INFO] Reading the risk model if present
[2021-11-10 05:24:09 #245 INFO] Reading /mnt/storage/openquake-inputs/exposure/general-building-stock/oqBldgExp_ON_P_NorthernOntario.xml
[2021-11-10 05:24:21 #245 INFO] Associated 74600 assets to 9280 sites
[2021-11-10 05:24:27 #245 INFO] Reducing risk model from 4224 to 310 taxonomies
[2021-11-10 05:24:28 #245 INFO] minimum_asset_loss={'structural': 0}
[2021-11-10 05:24:28 #245 INFO] Storing risk model
[2021-11-10 05:24:29 #245 INFO] Building risk inputs from 200 realization(s)
[2021-11-10 05:27:56 #245 INFO] Grouping the GMFs by site ID
[2021-11-10 05:30:27 #245 INFO] Built 9282 risk inputs
  id | name
1854 | Aggregate Event Damages
1852 | Asset Damage Distributions
1853 | Asset Damage Statistics
1860 | Earthquake Ruptures
1855 | Events
1856 | Full Report
1857 | Ground Motion Fields
1858 | Input Files
1859 | Realizations
[2021-11-10 05:31:27 #245 INFO] Sent 195 tasks, 23.94 GB in 49 seconds
[2021-11-10 05:38:29 #245 INFO] scenario_damage   1% [195 submitted, 0 queued]
[2021-11-10 05:43:58 #245 INFO] scenario_damage   2% [195 submitted, 0 queued]
[2021-11-10 05:46:47 #245 INFO] scenario_damage   3% [195 submitted, 0 queued]
[2021-11-10 05:47:47 #245 INFO] scenario_damage   4% [195 submitted, 0 queued]
[2021-11-10 05:50:14 #245 INFO] scenario_damage   5% [195 submitted, 0 queued]
[2021-11-10 05:55:54 #245 INFO] scenario_damage   6% [195 submitted, 0 queued]
[2021-11-10 05:57:09 #245 INFO] scenario_damage   7% [195 submitted, 0 queued]
[2021-11-10 05:58:12 #245 INFO] scenario_damage   8% [195 submitted, 0 queued]
[2021-11-10 06:00:29 #245 INFO] scenario_damage   9% [195 submitted, 0 queued]
[2021-11-10 06:02:00 #245 INFO] scenario_damage  10% [195 submitted, 0 queued]
[2021-11-10 06:02:45 #245 INFO] scenario_damage  11% [195 submitted, 0 queued]
[2021-11-10 06:04:06 #245 INFO] scenario_damage  12% [195 submitted, 0 queued]
[2021-11-10 06:06:43 #245 INFO] scenario_damage  13% [195 submitted, 0 queued]
[2021-11-10 06:06:57 #245 INFO] scenario_damage  14% [195 submitted, 0 queued]
[2021-11-10 06:07:04 #245 INFO] scenario_damage  15% [195 submitted, 0 queued]
[2021-11-10 06:08:02 #245 INFO] scenario_damage  16% [195 submitted, 0 queued]
[2021-11-10 06:09:20 #245 INFO] scenario_damage  17% [195 submitted, 0 queued]
[2021-11-10 06:10:03 #245 INFO] scenario_damage  18% [195 submitted, 0 queued]
[2021-11-10 06:11:00 #245 INFO] scenario_damage  19% [195 submitted, 0 queued]
[2021-11-10 06:11:13 #245 INFO] scenario_damage  20% [195 submitted, 0 queued]
[2021-11-10 06:12:12 #245 INFO] scenario_damage  21% [195 submitted, 0 queued]
[2021-11-10 06:13:30 #245 INFO] scenario_damage  22% [195 submitted, 0 queued]
[2021-11-10 06:14:00 #245 INFO] scenario_damage  23% [195 submitted, 0 queued]
[2021-11-10 06:14:44 #245 INFO] scenario_damage  24% [195 submitted, 0 queued]
[2021-11-10 06:15:19 #245 INFO] scenario_damage  25% [195 submitted, 0 queued]
[2021-11-10 06:16:03 #245 INFO] scenario_damage  26% [195 submitted, 0 queued]
[2021-11-10 06:17:03 #245 INFO] scenario_damage  27% [195 submitted, 0 queued]
[2021-11-10 06:18:04 #245 INFO] scenario_damage  28% [195 submitted, 0 queued]
[2021-11-10 06:18:16 #245 INFO] scenario_damage  29% [195 submitted, 0 queued]
[2021-11-10 06:19:27 #245 INFO] scenario_damage  30% [195 submitted, 0 queued]
[2021-11-10 06:19:43 #245 INFO] scenario_damage  31% [195 submitted, 0 queued]
[2021-11-10 06:20:58 #245 INFO] scenario_damage  32% [195 submitted, 0 queued]
[2021-11-10 06:21:39 #245 INFO] scenario_damage  33% [195 submitted, 0 queued]
[2021-11-10 06:24:24 #245 INFO] scenario_damage  34% [195 submitted, 0 queued]
[2021-11-10 06:26:36 #245 INFO] scenario_damage  35% [195 submitted, 0 queued]
[2021-11-10 06:27:06 #245 INFO] scenario_damage  36% [195 submitted, 0 queued]
[2021-11-10 06:28:06 #245 INFO] scenario_damage  37% [195 submitted, 0 queued]
[2021-11-10 06:28:56 #245 INFO] scenario_damage  38% [195 submitted, 0 queued]
[2021-11-10 06:30:40 #245 INFO] scenario_damage  39% [195 submitted, 0 queued]
[2021-11-10 06:30:54 #245 INFO] scenario_damage  40% [195 submitted, 0 queued]
[2021-11-10 06:31:12 #245 INFO] scenario_damage  41% [195 submitted, 0 queued]
[2021-11-10 06:31:42 #245 INFO] scenario_damage  42% [195 submitted, 0 queued]
[2021-11-10 06:33:03 #245 INFO] scenario_damage  43% [195 submitted, 0 queued]
[2021-11-10 06:33:42 #245 INFO] scenario_damage  44% [195 submitted, 0 queued]
[2021-11-10 06:35:51 #245 INFO] scenario_damage  45% [195 submitted, 0 queued]
[2021-11-10 06:36:50 #245 INFO] scenario_damage  46% [195 submitted, 0 queued]
[2021-11-10 06:37:44 #245 INFO] scenario_damage  47% [195 submitted, 0 queued]
[2021-11-10 06:39:02 #245 INFO] scenario_damage  48% [195 submitted, 0 queued]
[2021-11-10 06:39:15 #245 INFO] scenario_damage  49% [195 submitted, 0 queued]
[2021-11-10 06:41:39 #245 INFO] scenario_damage  50% [195 submitted, 0 queued]
[2021-11-10 06:42:26 #245 INFO] scenario_damage  51% [195 submitted, 0 queued]
[2021-11-10 06:42:40 #245 INFO] scenario_damage  52% [195 submitted, 0 queued]
[2021-11-10 06:43:27 #245 INFO] scenario_damage  53% [195 submitted, 0 queued]
[2021-11-10 06:43:51 #245 INFO] scenario_damage  54% [195 submitted, 0 queued]
[2021-11-10 06:45:48 #245 INFO] scenario_damage  55% [195 submitted, 0 queued]
[2021-11-10 06:45:56 #245 INFO] scenario_damage  56% [195 submitted, 0 queued]
[2021-11-10 06:47:07 #245 INFO] scenario_damage  57% [195 submitted, 0 queued]
[2021-11-10 06:49:28 #245 INFO] scenario_damage  58% [195 submitted, 0 queued]
[2021-11-10 06:51:23 #245 INFO] scenario_damage  59% [195 submitted, 0 queued]
[2021-11-10 06:51:32 #245 INFO] scenario_damage  60% [195 submitted, 0 queued]
[2021-11-10 06:55:46 #245 INFO] scenario_damage  61% [195 submitted, 0 queued]
[2021-11-10 06:57:06 #245 INFO] scenario_damage  62% [195 submitted, 0 queued]
[2021-11-10 06:57:49 #245 INFO] scenario_damage  63% [195 submitted, 0 queued]
[2021-11-10 06:59:54 #245 INFO] scenario_damage  64% [195 submitted, 0 queued]
[2021-11-10 07:01:44 #245 INFO] scenario_damage  65% [195 submitted, 0 queued]
[2021-11-10 07:02:46 #245 INFO] scenario_damage  66% [195 submitted, 0 queued]
[2021-11-10 07:04:09 #245 INFO] scenario_damage  67% [195 submitted, 0 queued]
[2021-11-10 07:04:54 #245 INFO] scenario_damage  68% [195 submitted, 0 queued]
[2021-11-10 07:06:04 #245 INFO] scenario_damage  69% [195 submitted, 0 queued]
[2021-11-10 07:07:04 #245 INFO] scenario_damage  70% [195 submitted, 0 queued]
[2021-11-10 07:09:02 #245 INFO] scenario_damage  71% [195 submitted, 0 queued]
[2021-11-10 07:09:31 #245 INFO] scenario_damage  72% [195 submitted, 0 queued]
[2021-11-10 07:11:00 #245 INFO] scenario_damage  73% [195 submitted, 0 queued]
[2021-11-10 07:12:25 #245 INFO] scenario_damage  74% [195 submitted, 0 queued]
[2021-11-10 07:12:40 #245 INFO] scenario_damage  75% [195 submitted, 0 queued]
[2021-11-10 07:15:24 #245 INFO] scenario_damage  76% [195 submitted, 0 queued]
[2021-11-10 07:16:37 #245 INFO] scenario_damage  77% [195 submitted, 0 queued]
[2021-11-10 07:16:56 #245 INFO] scenario_damage  78% [195 submitted, 0 queued]
[2021-11-10 07:18:14 #245 INFO] scenario_damage  79% [195 submitted, 0 queued]
[2021-11-10 07:18:52 #245 INFO] scenario_damage  80% [195 submitted, 0 queued]
[2021-11-10 07:20:25 #245 INFO] scenario_damage  81% [195 submitted, 0 queued]
[2021-11-10 07:24:13 #245 INFO] scenario_damage  82% [195 submitted, 0 queued]
[2021-11-10 07:26:36 #245 INFO] scenario_damage  83% [195 submitted, 0 queued]
[2021-11-10 07:31:22 #245 INFO] scenario_damage  84% [195 submitted, 0 queued]
[2021-11-10 07:33:19 #245 INFO] scenario_damage  85% [195 submitted, 0 queued]
[2021-11-10 07:38:17 #245 INFO] scenario_damage  86% [195 submitted, 0 queued]
[2021-11-10 07:39:59 #245 INFO] scenario_damage  87% [195 submitted, 0 queued]
[2021-11-10 07:41:59 #245 INFO] scenario_damage  88% [195 submitted, 0 queued]
[2021-11-10 07:44:20 #245 INFO] scenario_damage  89% [195 submitted, 0 queued]
[2021-11-10 07:45:01 #245 INFO] scenario_damage  90% [195 submitted, 0 queued]
[2021-11-10 07:45:26 #245 INFO] scenario_damage  91% [195 submitted, 0 queued]
[2021-11-10 07:45:57 #245 INFO] scenario_damage  92% [195 submitted, 0 queued]
[2021-11-10 07:46:35 #245 INFO] scenario_damage  93% [195 submitted, 0 queued]
[2021-11-10 07:46:59 #245 INFO] scenario_damage  94% [195 submitted, 0 queued]
[2021-11-10 07:47:40 #245 INFO] scenario_damage  95% [195 submitted, 0 queued]
[2021-11-10 07:50:34 #245 INFO] scenario_damage  96% [195 submitted, 0 queued]
[2021-11-10 07:57:31 #245 INFO] scenario_damage  97% [195 submitted, 0 queued]
[2021-11-10 07:59:13 #245 INFO] scenario_damage  98% [195 submitted, 0 queued]
[2021-11-10 08:03:23 #245 INFO] scenario_damage  99% [195 submitted, 0 queued]
[2021-11-10 08:07:08 #245 INFO] scenario_damage 100% [195 submitted, 0 queued]
[2021-11-10 08:07:08 #245 INFO] Mean time per core=6405s, std=1415.5s, min=4290s, max=9375s
[2021-11-10 08:07:08 #245 INFO] Received {'aed': '1.45 GB', 'd_asset': '1.27 GB', 'd_event': '587.1 MB'} in 9341 seconds
[2021-11-10 08:07:09 #245 INFO] Saving 1.45 GB in dd_data (instead of 647.8 GB)
[2021-11-10 08:11:15 #245 INFO] Portfolio damage
==== ========== ========= =======
kind loss_type  dmg_state value  
==== ========== ========= =======
avg  structural no_damage 267_699
avg  structural slight    39     
avg  structural moderate  4.80342
avg  structural extensive 1.58565
avg  structural complete  1.77188
std  structural no_damage 813    
std  structural slight    627    
std  structural moderate  108    
std  structural extensive 41     
std  structural complete  61     
==== ========== ========= =======
[2021-11-10 08:11:15 #245 INFO] Due to rounding errors inherent in floating-point arithmetic, the total number of buildings is not exact: {'expected': 267747.0, 'structural': 26130.041}
[2021-11-10 08:11:33 #245 INFO] Exposing the outputs to the database
[2021-11-10 08:11:33 #245 INFO] Stored 548.4 MB on /root/oqdata/calc_245.hdf5 in 10048 seconds
/home/ssm-user/src/oq-engine/openquake/hazardlib/gsim/base.py:347: ExperimentalWarning: CanadaSHM6_ActiveCrust_BooreEtAl2014 is experimental and may change in future versions - the user is liable for their application
  warnings.warn(msg, ExperimentalWarning)
/home/ssm-user/src/oq-engine/openquake/hazardlib/gsim/base.py:347: ExperimentalWarning: CanadaSHM6_ActiveCrust_BooreEtAl2014 is experimental and may change in future versions - the user is liable for their application
  warnings.warn(msg, ExperimentalWarning)
/home/ssm-user/src/oq-engine/openquake/hazardlib/gsim/base.py:347: ExperimentalWarning: CanadaSHM6_ActiveCrust_BooreEtAl2014 is experimental and may change in future versions - the user is liable for their application
  warnings.warn(msg, ExperimentalWarning)
/home/ssm-user/src/oq-engine/openquake/hazardlib/gsim/base.py:347: ExperimentalWarning: CanadaSHM6_ActiveCrust_BooreEtAl2014 is experimental and may change in future versions - the user is liable for their application
  warnings.warn(msg, ExperimentalWarning)
/home/ssm-user/src/oq-engine/openquake/hazardlib/gsim/base.py:347: ExperimentalWarning: CanadaSHM6_ActiveCrust_BooreEtAl2014 is experimental and may change in future versions - the user is liable for their application
  warnings.warn(msg, ExperimentalWarning)
/home/ssm-user/src/oq-engine/openquake/hazardlib/gsim/base.py:347: ExperimentalWarning: CanadaSHM6_ActiveCrust_BooreEtAl2014 is experimental and may change in future versions - the user is liable for their application
  warnings.warn(msg, ExperimentalWarning)
/home/ssm-user/src/oq-engine/openquake/hazardlib/gsim/base.py:347: ExperimentalWarning: CanadaSHM6_ActiveCrust_BooreEtAl2014 is experimental and may change in future versions - the user is liable for their application
  warnings.warn(msg, ExperimentalWarning)
/home/ssm-user/src/oq-engine/openquake/hazardlib/gsim/base.py:347: ExperimentalWarning: CanadaSHM6_ActiveCrust_BooreEtAl2014 is experimental and may change in future versions - the user is liable for their application
  warnings.warn(msg, ExperimentalWarning)
/home/ssm-user/src/oq-engine/openquake/hazardlib/gsim/base.py:347: ExperimentalWarning: CanadaSHM6_ActiveCrust_BooreEtAl2014 is experimental and may change in future versions - the user is liable for their application
  warnings.warn(msg, ExperimentalWarning)
/home/ssm-user/src/oq-engine/openquake/hazardlib/gsim/base.py:347: ExperimentalWarning: CanadaSHM6_ActiveCrust_BooreEtAl2014 is experimental and may change in future versions - the user is liable for their application
  warnings.warn(msg, ExperimentalWarning)
/home/ssm-user/src/oq-engine/openquake/hazardlib/gsim/base.py:347: ExperimentalWarning: CanadaSHM6_ActiveCrust_BooreEtAl2014 is experimental and may change in future versions - the user is liable for their application
  warnings.warn(msg, ExperimentalWarning)
/home/ssm-user/src/oq-engine/openquake/hazardlib/gsim/base.py:347: ExperimentalWarning: CanadaSHM6_ActiveCrust_BooreEtAl2014 is experimental and may change in future versions - the user is liable for their application
  warnings.warn(msg, ExperimentalWarning)
/home/ssm-user/src/oq-engine/openquake/hazardlib/gsim/base.py:347: ExperimentalWarning: CanadaSHM6_ActiveCrust_BooreEtAl2014 is experimental and may change in future versions - the user is liable for their application
  warnings.warn(msg, ExperimentalWarning)
/home/ssm-user/src/oq-engine/openquake/hazardlib/gsim/base.py:347: ExperimentalWarning: CanadaSHM6_ActiveCrust_BooreEtAl2014 is experimental and may change in future versions - the user is liable for their application
  warnings.warn(msg, ExperimentalWarning)
/home/ssm-user/src/oq-engine/openquake/hazardlib/gsim/base.py:347: ExperimentalWarning: CanadaSHM6_ActiveCrust_BooreEtAl2014 is experimental and may change in future versions - the user is liable for their application
  warnings.warn(msg, ExperimentalWarning)
/home/ssm-user/src/oq-engine/openquake/hazardlib/gsim/base.py:347: ExperimentalWarning: CanadaSHM6_ActiveCrust_BooreEtAl2014 is experimental and may change in future versions - the user is liable for their application
  warnings.warn(msg, ExperimentalWarning)
/home/ssm-user/src/oq-engine/openquake/hazardlib/gsim/base.py:347: ExperimentalWarning: CanadaSHM6_ActiveCrust_BooreEtAl2014 is experimental and may change in future versions - the user is liable for their application
  warnings.warn(msg, ExperimentalWarning)
/home/ssm-user/src/oq-engine/openquake/hazardlib/gsim/base.py:347: ExperimentalWarning: CanadaSHM6_ActiveCrust_BooreEtAl2014 is experimental and may change in future versions - the user is liable for their application
  warnings.warn(msg, ExperimentalWarning)
/home/ssm-user/src/oq-engine/openquake/hazardlib/gsim/base.py:347: ExperimentalWarning: CanadaSHM6_ActiveCrust_BooreEtAl2014 is experimental and may change in future versions - the user is liable for their application
  warnings.warn(msg, ExperimentalWarning)
/home/ssm-user/src/oq-engine/openquake/hazardlib/gsim/base.py:347: ExperimentalWarning: CanadaSHM6_ActiveCrust_BooreEtAl2014 is experimental and may change in future versions - the user is liable for their application
  warnings.warn(msg, ExperimentalWarning)
/home/ssm-user/src/oq-engine/openquake/hazardlib/gsim/base.py:347: ExperimentalWarning: CanadaSHM6_ActiveCrust_BooreEtAl2014 is experimental and may change in future versions - the user is liable for their application
  warnings.warn(msg, ExperimentalWarning)
/home/ssm-user/src/oq-engine/openquake/hazardlib/gsim/base.py:347: ExperimentalWarning: CanadaSHM6_ActiveCrust_BooreEtAl2014 is experimental and may change in future versions - the user is liable for their application
  warnings.warn(msg, ExperimentalWarning)
/home/ssm-user/src/oq-engine/openquake/hazardlib/gsim/base.py:347: ExperimentalWarning: CanadaSHM6_ActiveCrust_BooreEtAl2014 is experimental and may change in future versions - the user is liable for their application
  warnings.warn(msg, ExperimentalWarning)
/home/ssm-user/src/oq-engine/openquake/hazardlib/gsim/base.py:347: ExperimentalWarning: CanadaSHM6_ActiveCrust_BooreEtAl2014 is experimental and may change in future versions - the user is liable for their application
  warnings.warn(msg, ExperimentalWarning)
/home/ssm-user/src/oq-engine/openquake/hazardlib/gsim/base.py:347: ExperimentalWarning: CanadaSHM6_ActiveCrust_BooreEtAl2014 is experimental and may change in future versions - the user is liable for their application
  warnings.warn(msg, ExperimentalWarning)
/home/ssm-user/src/oq-engine/openquake/hazardlib/gsim/base.py:347: ExperimentalWarning: CanadaSHM6_ActiveCrust_BooreEtAl2014 is experimental and may change in future versions - the user is liable for their application
  warnings.warn(msg, ExperimentalWarning)
/home/ssm-user/src/oq-engine/openquake/hazardlib/gsim/base.py:347: ExperimentalWarning: CanadaSHM6_ActiveCrust_BooreEtAl2014 is experimental and may change in future versions - the user is liable for their application
  warnings.warn(msg, ExperimentalWarning)
/home/ssm-user/src/oq-engine/openquake/hazardlib/gsim/base.py:347: ExperimentalWarning: CanadaSHM6_ActiveCrust_BooreEtAl2014 is experimental and may change in future versions - the user is liable for their application
  warnings.warn(msg, ExperimentalWarning)
/home/ssm-user/src/oq-engine/openquake/hazardlib/gsim/base.py:347: ExperimentalWarning: CanadaSHM6_ActiveCrust_BooreEtAl2014 is experimental and may change in future versions - the user is liable for their application
  warnings.warn(msg, ExperimentalWarning)
/home/ssm-user/src/oq-engine/openquake/hazardlib/gsim/base.py:347: ExperimentalWarning: CanadaSHM6_ActiveCrust_BooreEtAl2014 is experimental and may change in future versions - the user is liable for their application
  warnings.warn(msg, ExperimentalWarning)
/home/ssm-user/src/oq-engine/openquake/hazardlib/gsim/base.py:347: ExperimentalWarning: CanadaSHM6_ActiveCrust_BooreEtAl2014 is experimental and may change in future versions - the user is liable for their application
  warnings.warn(msg, ExperimentalWarning)
/home/ssm-user/src/oq-engine/openquake/hazardlib/gsim/base.py:347: ExperimentalWarning: CanadaSHM6_ActiveCrust_BooreEtAl2014 is experimental and may change in future versions - the user is liable for their application
  warnings.warn(msg, ExperimentalWarning)
/home/ssm-user/src/oq-engine/openquake/hazardlib/gsim/base.py:347: ExperimentalWarning: CanadaSHM6_ActiveCrust_BooreEtAl2014 is experimental and may change in future versions - the user is liable for their application
  warnings.warn(msg, ExperimentalWarning)
/home/ssm-user/src/oq-engine/openquake/hazardlib/gsim/base.py:347: ExperimentalWarning: CanadaSHM6_ActiveCrust_BooreEtAl2014 is experimental and may change in future versions - the user is liable for their application
  warnings.warn(msg, ExperimentalWarning)
/home/ssm-user/src/oq-engine/openquake/hazardlib/gsim/base.py:347: ExperimentalWarning: CanadaSHM6_ActiveCrust_BooreEtAl2014 is experimental and may change in future versions - the user is liable for their application
  warnings.warn(msg, ExperimentalWarning)
/home/ssm-user/src/oq-engine/openquake/hazardlib/gsim/base.py:347: ExperimentalWarning: CanadaSHM6_ActiveCrust_BooreEtAl2014 is experimental and may change in future versions - the user is liable for their application
  warnings.warn(msg, ExperimentalWarning)
/home/ssm-user/src/oq-engine/openquake/hazardlib/gsim/base.py:347: ExperimentalWarning: CanadaSHM6_ActiveCrust_BooreEtAl2014 is experimental and may change in future versions - the user is liable for their application
  warnings.warn(msg, ExperimentalWarning)
/home/ssm-user/src/oq-engine/openquake/hazardlib/gsim/base.py:347: ExperimentalWarning: CanadaSHM6_ActiveCrust_BooreEtAl2014 is experimental and may change in future versions - the user is liable for their application
  warnings.warn(msg, ExperimentalWarning)
/home/ssm-user/src/oq-engine/openquake/hazardlib/gsim/base.py:347: ExperimentalWarning: CanadaSHM6_ActiveCrust_BooreEtAl2014 is experimental and may change in future versions - the user is liable for their application
  warnings.warn(msg, ExperimentalWarning)
/home/ssm-user/src/oq-engine/openquake/hazardlib/gsim/base.py:347: ExperimentalWarning: CanadaSHM6_ActiveCrust_BooreEtAl2014 is experimental and may change in future versions - the user is liable for their application
  warnings.warn(msg, ExperimentalWarning)
/home/ssm-user/src/oq-engine/openquake/hazardlib/gsim/base.py:347: ExperimentalWarning: CanadaSHM6_ActiveCrust_BooreEtAl2014 is experimental and may change in future versions - the user is liable for their application
  warnings.warn(msg, ExperimentalWarning)
/home/ssm-user/src/oq-engine/openquake/hazardlib/gsim/base.py:347: ExperimentalWarning: CanadaSHM6_ActiveCrust_BooreEtAl2014 is experimental and may change in future versions - the user is liable for their application
  warnings.warn(msg, ExperimentalWarning)
/home/ssm-user/src/oq-engine/openquake/hazardlib/gsim/base.py:347: ExperimentalWarning: CanadaSHM6_ActiveCrust_BooreEtAl2014 is experimental and may change in future versions - the user is liable for their application
  warnings.warn(msg, ExperimentalWarning)
/home/ssm-user/src/oq-engine/openquake/hazardlib/gsim/base.py:347: ExperimentalWarning: CanadaSHM6_ActiveCrust_BooreEtAl2014 is experimental and may change in future versions - the user is liable for their application
  warnings.warn(msg, ExperimentalWarning)
/home/ssm-user/src/oq-engine/openquake/hazardlib/gsim/base.py:347: ExperimentalWarning: CanadaSHM6_ActiveCrust_BooreEtAl2014 is experimental and may change in future versions - the user is liable for their application
  warnings.warn(msg, ExperimentalWarning)
/home/ssm-user/src/oq-engine/openquake/hazardlib/gsim/base.py:347: ExperimentalWarning: CanadaSHM6_ActiveCrust_BooreEtAl2014 is experimental and may change in future versions - the user is liable for their application
  warnings.warn(msg, ExperimentalWarning)
/home/ssm-user/src/oq-engine/openquake/hazardlib/gsim/base.py:347: ExperimentalWarning: CanadaSHM6_ActiveCrust_BooreEtAl2014 is experimental and may change in future versions - the user is liable for their application
  warnings.warn(msg, ExperimentalWarning)
/home/ssm-user/src/oq-engine/openquake/hazardlib/gsim/base.py:347: ExperimentalWarning: CanadaSHM6_ActiveCrust_BooreEtAl2014 is experimental and may change in future versions - the user is liable for their application
  warnings.warn(msg, ExperimentalWarning)
/home/ssm-user/src/oq-engine/openquake/hazardlib/gsim/base.py:347: ExperimentalWarning: CanadaSHM6_ActiveCrust_BooreEtAl2014 is experimental and may change in future versions - the user is liable for their application
  warnings.warn(msg, ExperimentalWarning)
/home/ssm-user/src/oq-engine/openquake/hazardlib/gsim/base.py:347: ExperimentalWarning: CanadaSHM6_ActiveCrust_BooreEtAl2014 is experimental and may change in future versions - the user is liable for their application
  warnings.warn(msg, ExperimentalWarning)
/home/ssm-user/src/oq-engine/openquake/hazardlib/gsim/base.py:347: ExperimentalWarning: CanadaSHM6_ActiveCrust_BooreEtAl2014 is experimental and may change in future versions - the user is liable for their application
  warnings.warn(msg, ExperimentalWarning)
/home/ssm-user/src/oq-engine/openquake/hazardlib/gsim/base.py:347: ExperimentalWarning: CanadaSHM6_ActiveCrust_BooreEtAl2014 is experimental and may change in future versions - the user is liable for their application
  warnings.warn(msg, ExperimentalWarning)
/home/ssm-user/src/oq-engine/openquake/hazardlib/gsim/base.py:347: ExperimentalWarning: CanadaSHM6_ActiveCrust_BooreEtAl2014 is experimental and may change in future versions - the user is liable for their application
  warnings.warn(msg, ExperimentalWarning)
/home/ssm-user/src/oq-engine/openquake/hazardlib/gsim/base.py:347: ExperimentalWarning: CanadaSHM6_ActiveCrust_BooreEtAl2014 is experimental and may change in future versions - the user is liable for their application
  warnings.warn(msg, ExperimentalWarning)
/home/ssm-user/src/oq-engine/openquake/hazardlib/gsim/base.py:347: ExperimentalWarning: CanadaSHM6_ActiveCrust_BooreEtAl2014 is experimental and may change in future versions - the user is liable for their application
  warnings.warn(msg, ExperimentalWarning)
/home/ssm-user/src/oq-engine/openquake/hazardlib/gsim/base.py:347: ExperimentalWarning: CanadaSHM6_ActiveCrust_BooreEtAl2014 is experimental and may change in future versions - the user is liable for their application
  warnings.warn(msg, ExperimentalWarning)
/home/ssm-user/src/oq-engine/openquake/hazardlib/gsim/base.py:347: ExperimentalWarning: CanadaSHM6_ActiveCrust_BooreEtAl2014 is experimental and may change in future versions - the user is liable for their application
  warnings.warn(msg, ExperimentalWarning)
/home/ssm-user/src/oq-engine/openquake/hazardlib/gsim/base.py:347: ExperimentalWarning: CanadaSHM6_ActiveCrust_BooreEtAl2014 is experimental and may change in future versions - the user is liable for their application
  warnings.warn(msg, ExperimentalWarning)
/home/ssm-user/src/oq-engine/openquake/hazardlib/gsim/base.py:347: ExperimentalWarning: CanadaSHM6_ActiveCrust_BooreEtAl2014 is experimental and may change in future versions - the user is liable for their application
  warnings.warn(msg, ExperimentalWarning)
/home/ssm-user/src/oq-engine/openquake/hazardlib/gsim/base.py:347: ExperimentalWarning: CanadaSHM6_ActiveCrust_BooreEtAl2014 is experimental and may change in future versions - the user is liable for their application
  warnings.warn(msg, ExperimentalWarning)
/home/ssm-user/src/oq-engine/openquake/hazardlib/gsim/base.py:347: ExperimentalWarning: CanadaSHM6_ActiveCrust_BooreEtAl2014 is experimental and may change in future versions - the user is liable for their application
  warnings.warn(msg, ExperimentalWarning)
/home/ssm-user/src/oq-engine/openquake/hazardlib/gsim/base.py:347: ExperimentalWarning: CanadaSHM6_ActiveCrust_BooreEtAl2014 is experimental and may change in future versions - the user is liable for their application
  warnings.warn(msg, ExperimentalWarning)
/home/ssm-user/src/oq-engine/openquake/hazardlib/gsim/base.py:347: ExperimentalWarning: CanadaSHM6_ActiveCrust_BooreEtAl2014 is experimental and may change in future versions - the user is liable for their application
  warnings.warn(msg, ExperimentalWarning)
/home/ssm-user/src/oq-engine/openquake/hazardlib/gsim/base.py:347: ExperimentalWarning: CanadaSHM6_ActiveCrust_BooreEtAl2014 is experimental and may change in future versions - the user is liable for their application
  warnings.warn(msg, ExperimentalWarning)
/home/ssm-user/src/oq-engine/openquake/hazardlib/gsim/base.py:347: ExperimentalWarning: CanadaSHM6_ActiveCrust_BooreEtAl2014 is experimental and may change in future versions - the user is liable for their application
  warnings.warn(msg, ExperimentalWarning)
/home/ssm-user/src/oq-engine/openquake/hazardlib/gsim/base.py:347: ExperimentalWarning: CanadaSHM6_ActiveCrust_BooreEtAl2014 is experimental and may change in future versions - the user is liable for their application
  warnings.warn(msg, ExperimentalWarning)
/home/ssm-user/src/oq-engine/openquake/hazardlib/gsim/base.py:347: ExperimentalWarning: CanadaSHM6_ActiveCrust_BooreEtAl2014 is experimental and may change in future versions - the user is liable for their application
  warnings.warn(msg, ExperimentalWarning)
/home/ssm-user/src/oq-engine/openquake/hazardlib/gsim/base.py:347: ExperimentalWarning: CanadaSHM6_ActiveCrust_BooreEtAl2014 is experimental and may change in future versions - the user is liable for their application
  warnings.warn(msg, ExperimentalWarning)
/home/ssm-user/src/oq-engine/openquake/hazardlib/gsim/base.py:347: ExperimentalWarning: CanadaSHM6_ActiveCrust_BooreEtAl2014 is experimental and may change in future versions - the user is liable for their application
  warnings.warn(msg, ExperimentalWarning)
/home/ssm-user/src/oq-engine/openquake/hazardlib/gsim/base.py:347: ExperimentalWarning: CanadaSHM6_ActiveCrust_BooreEtAl2014 is experimental and may change in future versions - the user is liable for their application
  warnings.warn(msg, ExperimentalWarning)
/home/ssm-user/src/oq-engine/openquake/hazardlib/gsim/base.py:347: ExperimentalWarning: CanadaSHM6_ActiveCrust_BooreEtAl2014 is experimental and may change in future versions - the user is liable for their application
  warnings.warn(msg, ExperimentalWarning)
/home/ssm-user/src/oq-engine/openquake/hazardlib/gsim/base.py:347: ExperimentalWarning: CanadaSHM6_ActiveCrust_BooreEtAl2014 is experimental and may change in future versions - the user is liable for their application
  warnings.warn(msg, ExperimentalWarning)
/home/ssm-user/src/oq-engine/openquake/hazardlib/gsim/base.py:347: ExperimentalWarning: CanadaSHM6_ActiveCrust_BooreEtAl2014 is experimental and may change in future versions - the user is liable for their application
  warnings.warn(msg, ExperimentalWarning)
/home/ssm-user/src/oq-engine/openquake/hazardlib/gsim/base.py:347: ExperimentalWarning: CanadaSHM6_ActiveCrust_BooreEtAl2014 is experimental and may change in future versions - the user is liable for their application
  warnings.warn(msg, ExperimentalWarning)
/home/ssm-user/src/oq-engine/openquake/hazardlib/gsim/base.py:347: ExperimentalWarning: CanadaSHM6_ActiveCrust_BooreEtAl2014 is experimental and may change in future versions - the user is liable for their application
  warnings.warn(msg, ExperimentalWarning)
/home/ssm-user/src/oq-engine/openquake/hazardlib/gsim/base.py:347: ExperimentalWarning: CanadaSHM6_ActiveCrust_BooreEtAl2014 is experimental and may change in future versions - the user is liable for their application
  warnings.warn(msg, ExperimentalWarning)
/home/ssm-user/src/oq-engine/openquake/hazardlib/gsim/base.py:347: ExperimentalWarning: CanadaSHM6_ActiveCrust_BooreEtAl2014 is experimental and may change in future versions - the user is liable for their application
  warnings.warn(msg, ExperimentalWarning)
/home/ssm-user/src/oq-engine/openquake/hazardlib/gsim/base.py:347: ExperimentalWarning: CanadaSHM6_ActiveCrust_BooreEtAl2014 is experimental and may change in future versions - the user is liable for their application
  warnings.warn(msg, ExperimentalWarning)
/home/ssm-user/src/oq-engine/openquake/hazardlib/gsim/base.py:347: ExperimentalWarning: CanadaSHM6_ActiveCrust_BooreEtAl2014 is experimental and may change in future versions - the user is liable for their application
  warnings.warn(msg, ExperimentalWarning)
/home/ssm-user/src/oq-engine/openquake/hazardlib/gsim/base.py:347: ExperimentalWarning: CanadaSHM6_ActiveCrust_BooreEtAl2014 is experimental and may change in future versions - the user is liable for their application
  warnings.warn(msg, ExperimentalWarning)
/home/ssm-user/src/oq-engine/openquake/hazardlib/gsim/base.py:347: ExperimentalWarning: CanadaSHM6_ActiveCrust_BooreEtAl2014 is experimental and may change in future versions - the user is liable for their application
  warnings.warn(msg, ExperimentalWarning)
/home/ssm-user/src/oq-engine/openquake/hazardlib/gsim/base.py:347: ExperimentalWarning: CanadaSHM6_ActiveCrust_BooreEtAl2014 is experimental and may change in future versions - the user is liable for their application
  warnings.warn(msg, ExperimentalWarning)
/home/ssm-user/src/oq-engine/openquake/hazardlib/gsim/base.py:347: ExperimentalWarning: CanadaSHM6_ActiveCrust_BooreEtAl2014 is experimental and may change in future versions - the user is liable for their application
  warnings.warn(msg, ExperimentalWarning)
/home/ssm-user/src/oq-engine/openquake/hazardlib/gsim/base.py:347: ExperimentalWarning: CanadaSHM6_ActiveCrust_BooreEtAl2014 is experimental and may change in future versions - the user is liable for their application
  warnings.warn(msg, ExperimentalWarning)
/home/ssm-user/src/oq-engine/openquake/hazardlib/gsim/base.py:347: ExperimentalWarning: CanadaSHM6_ActiveCrust_BooreEtAl2014 is experimental and may change in future versions - the user is liable for their application
  warnings.warn(msg, ExperimentalWarning)
/home/ssm-user/src/oq-engine/openquake/hazardlib/gsim/base.py:347: ExperimentalWarning: CanadaSHM6_ActiveCrust_BooreEtAl2014 is experimental and may change in future versions - the user is liable for their application
  warnings.warn(msg, ExperimentalWarning)
/home/ssm-user/src/oq-engine/openquake/hazardlib/gsim/base.py:347: ExperimentalWarning: CanadaSHM6_ActiveCrust_BooreEtAl2014 is experimental and may change in future versions - the user is liable for their application
  warnings.warn(msg, ExperimentalWarning)
/home/ssm-user/src/oq-engine/openquake/hazardlib/gsim/base.py:347: ExperimentalWarning: CanadaSHM6_ActiveCrust_BooreEtAl2014 is experimental and may change in future versions - the user is liable for their application
  warnings.warn(msg, ExperimentalWarning)
/home/ssm-user/src/oq-engine/openquake/hazardlib/gsim/base.py:347: ExperimentalWarning: CanadaSHM6_ActiveCrust_BooreEtAl2014 is experimental and may change in future versions - the user is liable for their application
  warnings.warn(msg, ExperimentalWarning)
/home/ssm-user/src/oq-engine/openquake/hazardlib/gsim/base.py:347: ExperimentalWarning: CanadaSHM6_ActiveCrust_BooreEtAl2014 is experimental and may change in future versions - the user is liable for their application
  warnings.warn(msg, ExperimentalWarning)
/home/ssm-user/src/oq-engine/openquake/hazardlib/gsim/base.py:347: ExperimentalWarning: CanadaSHM6_ActiveCrust_BooreEtAl2014 is experimental and may change in future versions - the user is liable for their application
  warnings.warn(msg, ExperimentalWarning)
/home/ssm-user/src/oq-engine/openquake/hazardlib/gsim/base.py:347: ExperimentalWarning: CanadaSHM6_ActiveCrust_BooreEtAl2014 is experimental and may change in future versions - the user is liable for their application
  warnings.warn(msg, ExperimentalWarning)
/home/ssm-user/src/oq-engine/openquake/hazardlib/gsim/base.py:347: ExperimentalWarning: CanadaSHM6_ActiveCrust_BooreEtAl2014 is experimental and may change in future versions - the user is liable for their application
  warnings.warn(msg, ExperimentalWarning)
/home/ssm-user/src/oq-engine/openquake/hazardlib/gsim/base.py:347: ExperimentalWarning: CanadaSHM6_ActiveCrust_BooreEtAl2014 is experimental and may change in future versions - the user is liable for their application
  warnings.warn(msg, ExperimentalWarning)
/home/ssm-user/src/oq-engine/openquake/hazardlib/gsim/base.py:347: ExperimentalWarning: CanadaSHM6_ActiveCrust_BooreEtAl2014 is experimental and may change in future versions - the user is liable for their application
  warnings.warn(msg, ExperimentalWarning)
/home/ssm-user/src/oq-engine/openquake/hazardlib/gsim/base.py:347: ExperimentalWarning: CanadaSHM6_ActiveCrust_BooreEtAl2014 is experimental and may change in future versions - the user is liable for their application
  warnings.warn(msg, ExperimentalWarning)
[2021-11-10 08:11:35 #245 INFO] Stopping the workers
  id | name
1863 | Aggregate Event Damages
1861 | Asset Damage Distributions
1862 | Asset Damage Statistics
1864 | Full Report
1865 | Realizations
