/home/ssm-user/src/oq-engine/openquake/hazardlib/gsim/base.py:347: ExperimentalWarning: CanadaSHM6_ActiveCrust_BooreEtAl2014 is experimental and may change in future versions - the user is liable for their application
  warnings.warn(msg, ExperimentalWarning)
/home/ssm-user/src/oq-engine/openquake/hazardlib/gsim/base.py:347: ExperimentalWarning: CanadaSHM6_ActiveCrust_AbrahamsonEtAl2014 is experimental and may change in future versions - the user is liable for their application
  warnings.warn(msg, ExperimentalWarning)
/home/ssm-user/src/oq-engine/openquake/hazardlib/gsim/base.py:347: ExperimentalWarning: CanadaSHM6_ActiveCrust_BooreEtAl2014 is experimental and may change in future versions - the user is liable for their application
  warnings.warn(msg, ExperimentalWarning)
/home/ssm-user/src/oq-engine/openquake/hazardlib/gsim/base.py:347: ExperimentalWarning: CanadaSHM6_ActiveCrust_CampbellBozorgnia2014 is experimental and may change in future versions - the user is liable for their application
  warnings.warn(msg, ExperimentalWarning)
/home/ssm-user/src/oq-engine/openquake/hazardlib/gsim/base.py:347: ExperimentalWarning: CanadaSHM6_ActiveCrust_ChiouYoungs2014 is experimental and may change in future versions - the user is liable for their application
  warnings.warn(msg, ExperimentalWarning)
[2021-11-08 08:40:36 #230 INFO] root running /mnt/storage/canada-srm2/eDamage/input/eDamage_b0_ON_M_TorontoEast.ini [--hc=None]
[2021-11-08 08:40:36 #230 INFO] Using engine version 3.11.3-git29ac352f7d
[2021-11-08 08:40:37 #230 WARNING] Version v3.11.4 of the engine is available, but you are still using version 3.11.3-git29ac352f7d
[2021-11-08 08:40:37 #230 WARNING] Using 96 cores on ip-10-70-136-127
[2021-11-08 08:40:37 #230 INFO] Validated nationalModel.xml in 0.01 seconds
[2021-11-08 08:40:37 #230 INFO] Checksum of the input files: 514598877
[2021-11-08 08:40:37 #230 INFO] Reading the risk model if present
[2021-11-08 08:40:40 #230 INFO] Reading /mnt/storage/openquake-inputs/exposure/general-building-stock/oqBldgExp_ON_M_TorontoEast.xml
[2021-11-08 08:40:44 #230 INFO] Extracting the hazard sites from the site model
[2021-11-08 08:40:47 #230 INFO] Associated 34534 assets to 1562 sites
[2021-11-08 08:40:49 #230 INFO] Reducing risk model from 4224 to 488 taxonomies
[2021-11-08 08:40:50 #230 INFO] minimum_asset_loss={'structural': 0}
[2021-11-08 08:40:50 #230 INFO] Considering 200 logic tree paths out of 24_576
[2021-11-08 08:40:50 #230 INFO] Reading the source model(s) in parallel
[2021-11-08 08:40:53 #230 INFO] read_source_model  16% [6 submitted, 0 queued]
[2021-11-08 08:40:53 #230 INFO] read_source_model  33% [6 submitted, 0 queued]
[2021-11-08 08:40:53 #230 INFO] read_source_model  50% [6 submitted, 0 queued]
[2021-11-08 08:40:53 #230 INFO] read_source_model  66% [6 submitted, 0 queued]
[2021-11-08 08:40:53 #230 INFO] read_source_model  83% [6 submitted, 0 queued]
[2021-11-08 08:40:53 #230 INFO] read_source_model 100% [6 submitted, 0 queued]
[2021-11-08 08:40:53 #230 INFO] Mean time per core=0s, std=0.0s, min=0s, max=0s
[2021-11-08 08:40:53 #230 INFO] Received {'/mnt/storage/CanadaSHM6/OpenQuake_model_files/sources/nationalModel/xml/simplifiedModel/WCan_HYeast_Harctic_simplified_collapsedRates.xml': '157.72 KB', '/mnt/storage/CanadaSHM6/OpenQuake_model_files/sources/nationalModel/xml/simplifiedModel/WCan_H2east_Harctic_simplified_collapsedRates.xml': '152.1 KB', '/mnt/storage/CanadaSHM6/OpenQuake_model_files/sources/nationalModel/xml/simplifiedModel/WCan_HYeast_Rarctic_simplified_collapsedRates.xml': '151.35 KB', '/mnt/storage/CanadaSHM6/OpenQuake_model_files/sources/nationalModel/xml/simplifiedModel/WCan_H2east_Rarctic_simplified_collapsedRates.xml': '145.73 KB', '/mnt/storage/CanadaSHM6/OpenQuake_model_files/sources/nationalModel/xml/simplifiedModel/WCan_R2east_Harctic_simplified_collapsedRates.xml': '137.01 KB', '/mnt/storage/CanadaSHM6/OpenQuake_model_files/sources/nationalModel/xml/simplifiedModel/WCan_R2east_Rarctic_simplified_collapsedRates.xml': '130.86 KB'} in 0 seconds
/home/ssm-user/src/oq-engine/openquake/hazardlib/gsim/base.py:347: ExperimentalWarning: CanadaSHM6_ActiveCrust_BooreEtAl2014 is experimental and may change in future versions - the user is liable for their application
  warnings.warn(msg, ExperimentalWarning)
/home/ssm-user/src/oq-engine/openquake/hazardlib/gsim/base.py:347: ExperimentalWarning: CanadaSHM6_ActiveCrust_BooreEtAl2014 is experimental and may change in future versions - the user is liable for their application
  warnings.warn(msg, ExperimentalWarning)
/home/ssm-user/src/oq-engine/openquake/hazardlib/gsim/base.py:347: ExperimentalWarning: CanadaSHM6_ActiveCrust_BooreEtAl2014 is experimental and may change in future versions - the user is liable for their application
  warnings.warn(msg, ExperimentalWarning)
/home/ssm-user/src/oq-engine/openquake/hazardlib/gsim/base.py:347: ExperimentalWarning: CanadaSHM6_ActiveCrust_BooreEtAl2014 is experimental and may change in future versions - the user is liable for their application
  warnings.warn(msg, ExperimentalWarning)
/home/ssm-user/src/oq-engine/openquake/hazardlib/gsim/base.py:347: ExperimentalWarning: CanadaSHM6_ActiveCrust_BooreEtAl2014 is experimental and may change in future versions - the user is liable for their application
  warnings.warn(msg, ExperimentalWarning)
/home/ssm-user/src/oq-engine/openquake/hazardlib/gsim/base.py:347: ExperimentalWarning: CanadaSHM6_ActiveCrust_BooreEtAl2014 is experimental and may change in future versions - the user is liable for their application
  warnings.warn(msg, ExperimentalWarning)
[2021-11-08 08:40:54 #230 INFO] There are multiple different sources with the same ID [<AreaSource SCCYA;0>, <AreaSource SCCYA;1>]
[2021-11-08 08:40:54 #230 INFO] There are 13 groups and 198 sources with len(et_ids)=3.87
[2021-11-08 08:40:54 #230 INFO] Checking the sources bounding box
[2021-11-08 08:40:54 #230 ERROR] source ACM: The buffer of 600 km is too large, the bounding box is larger than half the globe: 219 degrees
[2021-11-08 08:40:54 #230 INFO] Rupture floating factor = 1.6303030303030304
[2021-11-08 08:40:54 #230 INFO] Rupture spinning factor = 3.2181818181818183
[2021-11-08 08:40:54 #230 INFO] gzipping the input files
[2021-11-08 08:40:56 #230 INFO] Storing risk model
[2021-11-08 08:40:56 #230 INFO] minimum_intensity={'SA(0.3)': 0.02, 'SA(0.6)': 0.05, 'SA(1.0)': 0.05, 'SA(2.0)': 0.05}
[2021-11-08 08:40:56 #230 INFO] Building ruptures
[2021-11-08 08:42:33 #230 INFO] Sending <SourceGroup Subduction IntraSlab30, 1 source(s)>
[2021-11-08 08:42:33 #230 INFO] Sending <SourceGroup Subduction IntraSlab55, 4 source(s)>
[2021-11-08 08:42:33 #230 INFO] Sending <SourceGroup Subduction Interface, 14 source(s)>
[2021-11-08 08:42:33 #230 INFO] Sending <SourceGroup Stable Shallow Crust, 29 source(s)>
[2021-11-08 08:42:33 #230 INFO] Sending <SourceGroup Stable Shallow Crust, 4 source(s)>
[2021-11-08 08:42:33 #230 INFO] Sending <SourceGroup Stable Shallow Crust, 6 source(s)>
[2021-11-08 08:42:33 #230 INFO] Sending <SourceGroup Stable Shallow Crust, 18 source(s)>
[2021-11-08 08:42:33 #230 INFO] Sending <SourceGroup Stable Shallow Crust, 10 source(s)>
[2021-11-08 08:42:33 #230 INFO] Sending <SourceGroup Stable Shallow Crust, 38 source(s)>
[2021-11-08 08:42:33 #230 INFO] Sending <SourceGroup Stable Shallow Crust, 14 source(s)>
[2021-11-08 08:42:33 #230 INFO] Sending <SourceGroup Active Shallow Crust, 1 source(s)>
[2021-11-08 08:42:33 #230 INFO] Sending <SourceGroup Active Shallow Crust, 58 source(s)>
[2021-11-08 08:42:33 #230 INFO] Sending <SourceGroup Active Shallow Crust, 1 source(s)>
[2021-11-08 08:42:36 #230 INFO] Sent 96 tasks, 70.1 MB in 0 seconds
[2021-11-08 08:42:36 #230 INFO] sample_ruptures   1% [98 submitted, 5 queued]
[2021-11-08 08:42:36 #230 INFO] sample_ruptures   2% [99 submitted, 4 queued]
[2021-11-08 08:42:36 #230 INFO] sample_ruptures   3% [100 submitted, 3 queued]
[2021-11-08 08:42:36 #230 INFO] sample_ruptures   4% [101 submitted, 2 queued]
[2021-11-08 08:42:36 #230 INFO] sample_ruptures   5% [102 submitted, 1 queued]
[2021-11-08 08:42:37 #230 INFO] sample_ruptures   6% [103 submitted, 0 queued]
[2021-11-08 08:42:37 #230 INFO] sample_ruptures   7% [103 submitted, 0 queued]
[2021-11-08 08:42:37 #230 INFO] sample_ruptures   8% [103 submitted, 0 queued]
[2021-11-08 08:42:37 #230 INFO] sample_ruptures   9% [103 submitted, 0 queued]
[2021-11-08 08:42:37 #230 INFO] sample_ruptures  10% [103 submitted, 0 queued]
[2021-11-08 08:42:37 #230 INFO] sample_ruptures  11% [103 submitted, 0 queued]
[2021-11-08 08:42:37 #230 INFO] sample_ruptures  12% [103 submitted, 0 queued]
[2021-11-08 08:42:37 #230 INFO] sample_ruptures  13% [103 submitted, 0 queued]
[2021-11-08 08:42:37 #230 INFO] sample_ruptures  14% [103 submitted, 0 queued]
[2021-11-08 08:42:37 #230 INFO] sample_ruptures  15% [103 submitted, 0 queued]
[2021-11-08 08:42:37 #230 INFO] sample_ruptures  16% [103 submitted, 0 queued]
[2021-11-08 08:42:37 #230 INFO] sample_ruptures  17% [103 submitted, 0 queued]
[2021-11-08 08:42:38 #230 INFO] sample_ruptures  18% [103 submitted, 0 queued]
[2021-11-08 08:42:38 #230 INFO] sample_ruptures  19% [103 submitted, 0 queued]
[2021-11-08 08:42:38 #230 INFO] sample_ruptures  20% [103 submitted, 0 queued]
[2021-11-08 08:42:38 #230 INFO] sample_ruptures  21% [103 submitted, 0 queued]
[2021-11-08 08:42:38 #230 INFO] sample_ruptures  22% [103 submitted, 0 queued]
[2021-11-08 08:42:38 #230 INFO] sample_ruptures  23% [103 submitted, 0 queued]
[2021-11-08 08:42:38 #230 INFO] sample_ruptures  24% [103 submitted, 0 queued]
[2021-11-08 08:42:38 #230 INFO] sample_ruptures  25% [103 submitted, 0 queued]
[2021-11-08 08:42:38 #230 INFO] sample_ruptures  26% [103 submitted, 0 queued]
[2021-11-08 08:42:38 #230 INFO] sample_ruptures  27% [103 submitted, 0 queued]
[2021-11-08 08:42:38 #230 INFO] sample_ruptures  28% [103 submitted, 0 queued]
[2021-11-08 08:42:38 #230 INFO] sample_ruptures  29% [103 submitted, 0 queued]
[2021-11-08 08:42:38 #230 INFO] sample_ruptures  30% [103 submitted, 0 queued]
[2021-11-08 08:42:38 #230 INFO] sample_ruptures  31% [103 submitted, 0 queued]
[2021-11-08 08:42:38 #230 INFO] sample_ruptures  32% [103 submitted, 0 queued]
[2021-11-08 08:42:38 #230 INFO] sample_ruptures  33% [103 submitted, 0 queued]
[2021-11-08 08:42:38 #230 INFO] sample_ruptures  34% [103 submitted, 0 queued]
[2021-11-08 08:42:38 #230 INFO] sample_ruptures  35% [103 submitted, 0 queued]
[2021-11-08 08:42:38 #230 INFO] sample_ruptures  36% [103 submitted, 0 queued]
[2021-11-08 08:42:38 #230 INFO] sample_ruptures  37% [103 submitted, 0 queued]
[2021-11-08 08:42:38 #230 INFO] sample_ruptures  38% [103 submitted, 0 queued]
[2021-11-08 08:42:38 #230 INFO] sample_ruptures  39% [103 submitted, 0 queued]
[2021-11-08 08:42:38 #230 INFO] sample_ruptures  40% [103 submitted, 0 queued]
[2021-11-08 08:42:38 #230 INFO] sample_ruptures  41% [103 submitted, 0 queued]
[2021-11-08 08:42:38 #230 INFO] sample_ruptures  42% [103 submitted, 0 queued]
[2021-11-08 08:42:38 #230 INFO] sample_ruptures  43% [103 submitted, 0 queued]
[2021-11-08 08:42:38 #230 INFO] sample_ruptures  44% [103 submitted, 0 queued]
[2021-11-08 08:42:38 #230 INFO] sample_ruptures  45% [103 submitted, 0 queued]
[2021-11-08 08:42:38 #230 INFO] sample_ruptures  46% [103 submitted, 0 queued]
[2021-11-08 08:42:38 #230 INFO] sample_ruptures  47% [103 submitted, 0 queued]
[2021-11-08 08:42:38 #230 INFO] sample_ruptures  48% [103 submitted, 0 queued]
[2021-11-08 08:42:38 #230 INFO] sample_ruptures  49% [103 submitted, 0 queued]
[2021-11-08 08:42:38 #230 INFO] sample_ruptures  50% [103 submitted, 0 queued]
[2021-11-08 08:42:38 #230 INFO] sample_ruptures  51% [103 submitted, 0 queued]
[2021-11-08 08:42:38 #230 INFO] sample_ruptures  52% [103 submitted, 0 queued]
[2021-11-08 08:42:38 #230 INFO] sample_ruptures  53% [103 submitted, 0 queued]
[2021-11-08 08:42:38 #230 INFO] sample_ruptures  54% [103 submitted, 0 queued]
[2021-11-08 08:42:38 #230 INFO] sample_ruptures  55% [103 submitted, 0 queued]
[2021-11-08 08:42:38 #230 INFO] sample_ruptures  56% [103 submitted, 0 queued]
[2021-11-08 08:42:38 #230 INFO] sample_ruptures  57% [103 submitted, 0 queued]
[2021-11-08 08:42:38 #230 INFO] sample_ruptures  58% [103 submitted, 0 queued]
[2021-11-08 08:42:38 #230 INFO] sample_ruptures  59% [103 submitted, 0 queued]
[2021-11-08 08:42:38 #230 INFO] sample_ruptures  60% [103 submitted, 0 queued]
[2021-11-08 08:42:38 #230 INFO] sample_ruptures  61% [103 submitted, 0 queued]
[2021-11-08 08:42:38 #230 INFO] sample_ruptures  62% [103 submitted, 0 queued]
[2021-11-08 08:42:38 #230 INFO] sample_ruptures  63% [103 submitted, 0 queued]
[2021-11-08 08:42:38 #230 INFO] sample_ruptures  64% [103 submitted, 0 queued]
[2021-11-08 08:42:38 #230 INFO] sample_ruptures  65% [103 submitted, 0 queued]
[2021-11-08 08:42:38 #230 INFO] sample_ruptures  66% [103 submitted, 0 queued]
[2021-11-08 08:42:38 #230 INFO] sample_ruptures  67% [103 submitted, 0 queued]
[2021-11-08 08:42:38 #230 INFO] sample_ruptures  68% [103 submitted, 0 queued]
[2021-11-08 08:42:38 #230 INFO] sample_ruptures  69% [103 submitted, 0 queued]
[2021-11-08 08:42:38 #230 INFO] sample_ruptures  70% [103 submitted, 0 queued]
[2021-11-08 08:42:47 #230 INFO] sample_ruptures  71% [103 submitted, 0 queued]
[2021-11-08 08:42:48 #230 INFO] sample_ruptures  72% [103 submitted, 0 queued]
[2021-11-08 08:42:53 #230 INFO] sample_ruptures  73% [103 submitted, 0 queued]
[2021-11-08 08:42:54 #230 INFO] sample_ruptures  74% [103 submitted, 0 queued]
[2021-11-08 08:42:54 #230 INFO] sample_ruptures  75% [103 submitted, 0 queued]
[2021-11-08 08:42:57 #230 INFO] sample_ruptures  76% [103 submitted, 0 queued]
[2021-11-08 08:42:58 #230 INFO] sample_ruptures  77% [103 submitted, 0 queued]
[2021-11-08 08:42:58 #230 INFO] sample_ruptures  78% [103 submitted, 0 queued]
[2021-11-08 08:42:59 #230 INFO] sample_ruptures  79% [103 submitted, 0 queued]
[2021-11-08 08:43:02 #230 INFO] sample_ruptures  80% [103 submitted, 0 queued]
[2021-11-08 08:43:02 #230 INFO] sample_ruptures  81% [103 submitted, 0 queued]
[2021-11-08 08:43:08 #230 INFO] sample_ruptures  82% [103 submitted, 0 queued]
[2021-11-08 08:43:09 #230 INFO] sample_ruptures  83% [103 submitted, 0 queued]
[2021-11-08 08:43:09 #230 INFO] sample_ruptures  84% [103 submitted, 0 queued]
[2021-11-08 08:43:11 #230 INFO] sample_ruptures  85% [103 submitted, 0 queued]
[2021-11-08 08:43:12 #230 INFO] sample_ruptures  86% [103 submitted, 0 queued]
[2021-11-08 08:43:15 #230 INFO] sample_ruptures  87% [103 submitted, 0 queued]
[2021-11-08 08:43:17 #230 INFO] sample_ruptures  88% [103 submitted, 0 queued]
[2021-11-08 08:43:19 #230 INFO] sample_ruptures  89% [103 submitted, 0 queued]
[2021-11-08 08:43:21 #230 INFO] sample_ruptures  90% [103 submitted, 0 queued]
[2021-11-08 08:43:23 #230 INFO] sample_ruptures  91% [103 submitted, 0 queued]
[2021-11-08 08:43:40 #230 INFO] sample_ruptures  92% [103 submitted, 0 queued]
[2021-11-08 08:43:46 #230 INFO] sample_ruptures  93% [103 submitted, 0 queued]
[2021-11-08 08:43:46 #230 INFO] sample_ruptures  94% [103 submitted, 0 queued]
[2021-11-08 08:43:49 #230 INFO] sample_ruptures  95% [103 submitted, 0 queued]
[2021-11-08 08:44:33 #230 INFO] sample_ruptures  96% [103 submitted, 0 queued]
[2021-11-08 08:44:34 #230 INFO] sample_ruptures  97% [103 submitted, 0 queued]
[2021-11-08 08:44:38 #230 INFO] sample_ruptures  98% [103 submitted, 0 queued]
[2021-11-08 08:45:17 #230 INFO] sample_ruptures  99% [103 submitted, 0 queued]
[2021-11-08 08:46:53 #230 INFO] sample_ruptures 100% [103 submitted, 0 queued]
[2021-11-08 08:46:53 #230 INFO] Mean time per core=17s, std=38.9s, min=0s, max=256s
[2021-11-08 08:46:53 #230 INFO] Received {'rup_array': '103.38 MB', 'calc_times': '22.33 KB', 'eff_ruptures': '4.25 KB'} in 257 seconds
[2021-11-08 08:46:53 #230 INFO] There are 200 realization(s)
[2021-11-08 08:46:53 #230 INFO] Reordering the ruptures and storing the events
[2021-11-08 08:46:54 #230 INFO] Associating event_id -> rlz_id for 1_398_734 events and 496_914 ruptures
[2021-11-08 08:47:11 #230 INFO] Sent 196 tasks, 53.26 MB in 16 seconds
[2021-11-08 08:47:16 #230 INFO] Mean time per core=3s, std=1.1s, min=1s, max=6s
[2021-11-08 08:47:16 #230 INFO] Received {'tot': '13.39 MB'} in 4 seconds
[2021-11-08 08:47:23 #230 INFO] Reading 496_914 ruptures
[2021-11-08 08:47:37 #230 INFO] Sent 96 tasks, 100.91 MB in 1 seconds
[2021-11-08 08:51:21 #230 INFO] compute_gmfs   1% [98 submitted, 98 queued]
[2021-11-08 08:52:00 #230 INFO] compute_gmfs   2% [100 submitted, 96 queued]
[2021-11-08 08:54:06 #230 INFO] compute_gmfs   3% [102 submitted, 94 queued]
[2021-11-08 08:55:11 #230 INFO] compute_gmfs   4% [104 submitted, 92 queued]
[2021-11-08 09:00:13 #230 INFO] compute_gmfs   5% [106 submitted, 90 queued]
[2021-11-08 09:01:56 #230 INFO] compute_gmfs   6% [108 submitted, 88 queued]
[2021-11-08 09:02:23 #230 INFO] compute_gmfs   7% [110 submitted, 86 queued]
[2021-11-08 09:03:13 #230 INFO] compute_gmfs   8% [112 submitted, 84 queued]
[2021-11-08 09:03:18 #230 INFO] compute_gmfs   9% [114 submitted, 82 queued]
[2021-11-08 09:03:37 #230 INFO] compute_gmfs  10% [116 submitted, 80 queued]
[2021-11-08 09:03:44 #230 INFO] compute_gmfs  11% [118 submitted, 78 queued]
[2021-11-08 09:03:49 #230 INFO] compute_gmfs  12% [120 submitted, 76 queued]
[2021-11-08 09:03:49 #230 INFO] compute_gmfs  13% [122 submitted, 74 queued]
[2021-11-08 09:03:54 #230 INFO] compute_gmfs  14% [124 submitted, 72 queued]
[2021-11-08 09:03:58 #230 INFO] compute_gmfs  15% [126 submitted, 70 queued]
[2021-11-08 09:04:04 #230 INFO] compute_gmfs  16% [128 submitted, 68 queued]
[2021-11-08 09:04:05 #230 INFO] compute_gmfs  17% [130 submitted, 66 queued]
[2021-11-08 09:04:05 #230 INFO] compute_gmfs  18% [132 submitted, 64 queued]
[2021-11-08 09:04:05 #230 INFO] compute_gmfs  19% [134 submitted, 62 queued]
[2021-11-08 09:04:05 #230 INFO] compute_gmfs  20% [136 submitted, 60 queued]
[2021-11-08 09:04:05 #230 INFO] compute_gmfs  21% [138 submitted, 58 queued]
[2021-11-08 09:04:06 #230 INFO] compute_gmfs  22% [140 submitted, 56 queued]
[2021-11-08 09:04:09 #230 INFO] compute_gmfs  23% [142 submitted, 54 queued]
[2021-11-08 09:04:10 #230 INFO] compute_gmfs  24% [144 submitted, 52 queued]
[2021-11-08 09:04:13 #230 INFO] compute_gmfs  25% [145 submitted, 51 queued]
[2021-11-08 09:04:26 #230 INFO] compute_gmfs  26% [147 submitted, 49 queued]
[2021-11-08 09:04:26 #230 INFO] compute_gmfs  27% [149 submitted, 47 queued]
[2021-11-08 09:04:26 #230 INFO] compute_gmfs  28% [151 submitted, 45 queued]
[2021-11-08 09:04:26 #230 INFO] compute_gmfs  29% [153 submitted, 43 queued]
[2021-11-08 09:04:27 #230 INFO] compute_gmfs  30% [155 submitted, 41 queued]
[2021-11-08 09:04:27 #230 INFO] compute_gmfs  31% [157 submitted, 39 queued]
[2021-11-08 09:04:27 #230 INFO] compute_gmfs  32% [159 submitted, 37 queued]
[2021-11-08 09:04:27 #230 INFO] compute_gmfs  33% [161 submitted, 35 queued]
[2021-11-08 09:04:27 #230 INFO] compute_gmfs  34% [163 submitted, 33 queued]
[2021-11-08 09:04:31 #230 INFO] compute_gmfs  35% [165 submitted, 31 queued]
[2021-11-08 09:04:36 #230 INFO] compute_gmfs  36% [167 submitted, 29 queued]
[2021-11-08 09:04:37 #230 INFO] compute_gmfs  37% [169 submitted, 27 queued]
[2021-11-08 09:04:43 #230 INFO] compute_gmfs  38% [171 submitted, 25 queued]
[2021-11-08 09:04:48 #230 INFO] compute_gmfs  39% [173 submitted, 23 queued]
[2021-11-08 09:05:45 #230 INFO] compute_gmfs  40% [175 submitted, 21 queued]
[2021-11-08 09:05:45 #230 INFO] compute_gmfs  41% [177 submitted, 19 queued]
[2021-11-08 09:05:45 #230 INFO] compute_gmfs  42% [179 submitted, 17 queued]
[2021-11-08 09:05:45 #230 INFO] compute_gmfs  43% [181 submitted, 15 queued]
[2021-11-08 09:05:46 #230 INFO] compute_gmfs  44% [183 submitted, 13 queued]
[2021-11-08 09:05:46 #230 INFO] compute_gmfs  45% [185 submitted, 11 queued]
[2021-11-08 09:05:46 #230 INFO] compute_gmfs  46% [187 submitted, 9 queued]
[2021-11-08 09:05:46 #230 INFO] compute_gmfs  47% [189 submitted, 7 queued]
[2021-11-08 09:05:46 #230 INFO] compute_gmfs  48% [191 submitted, 5 queued]
[2021-11-08 09:06:38 #230 INFO] compute_gmfs  49% [193 submitted, 3 queued]
[2021-11-08 09:07:48 #230 INFO] compute_gmfs  50% [194 submitted, 2 queued]
[2021-11-08 09:08:30 #230 INFO] compute_gmfs  51% [196 submitted, 0 queued]
[2021-11-08 09:09:08 #230 INFO] compute_gmfs  52% [196 submitted, 0 queued]
[2021-11-08 09:09:38 #230 INFO] compute_gmfs  53% [196 submitted, 0 queued]
[2021-11-08 09:11:35 #230 INFO] compute_gmfs  54% [196 submitted, 0 queued]
[2021-11-08 09:12:07 #230 INFO] compute_gmfs  55% [196 submitted, 0 queued]
[2021-11-08 09:12:24 #230 INFO] compute_gmfs  56% [196 submitted, 0 queued]
[2021-11-08 09:15:18 #230 INFO] compute_gmfs  57% [196 submitted, 0 queued]
[2021-11-08 09:16:18 #230 INFO] compute_gmfs  58% [196 submitted, 0 queued]
[2021-11-08 09:16:40 #230 INFO] compute_gmfs  59% [196 submitted, 0 queued]
[2021-11-08 09:17:20 #230 INFO] compute_gmfs  60% [196 submitted, 0 queued]
[2021-11-08 09:17:24 #230 INFO] compute_gmfs  61% [196 submitted, 0 queued]
[2021-11-08 09:17:43 #230 INFO] compute_gmfs  62% [196 submitted, 0 queued]
[2021-11-08 09:18:17 #230 INFO] compute_gmfs  63% [196 submitted, 0 queued]
[2021-11-08 09:18:23 #230 INFO] compute_gmfs  64% [196 submitted, 0 queued]
[2021-11-08 09:18:30 #230 INFO] compute_gmfs  65% [196 submitted, 0 queued]
[2021-11-08 09:18:41 #230 INFO] compute_gmfs  66% [196 submitted, 0 queued]
[2021-11-08 09:18:46 #230 INFO] compute_gmfs  67% [196 submitted, 0 queued]
[2021-11-08 09:19:14 #230 INFO] compute_gmfs  68% [196 submitted, 0 queued]
[2021-11-08 09:19:18 #230 INFO] compute_gmfs  69% [196 submitted, 0 queued]
[2021-11-08 09:19:23 #230 INFO] compute_gmfs  70% [196 submitted, 0 queued]
[2021-11-08 09:19:27 #230 INFO] compute_gmfs  71% [196 submitted, 0 queued]
[2021-11-08 09:19:33 #230 INFO] compute_gmfs  72% [196 submitted, 0 queued]
[2021-11-08 09:19:40 #230 INFO] compute_gmfs  73% [196 submitted, 0 queued]
[2021-11-08 09:19:43 #230 INFO] compute_gmfs  74% [196 submitted, 0 queued]
[2021-11-08 09:19:48 #230 INFO] compute_gmfs  75% [196 submitted, 0 queued]
[2021-11-08 09:19:49 #230 INFO] compute_gmfs  76% [196 submitted, 0 queued]
[2021-11-08 09:19:55 #230 INFO] compute_gmfs  77% [196 submitted, 0 queued]
[2021-11-08 09:19:55 #230 INFO] compute_gmfs  78% [196 submitted, 0 queued]
[2021-11-08 09:20:00 #230 INFO] compute_gmfs  79% [196 submitted, 0 queued]
[2021-11-08 09:20:03 #230 INFO] compute_gmfs  80% [196 submitted, 0 queued]
[2021-11-08 09:20:07 #230 INFO] compute_gmfs  81% [196 submitted, 0 queued]
[2021-11-08 09:20:09 #230 INFO] compute_gmfs  82% [196 submitted, 0 queued]
[2021-11-08 09:20:11 #230 INFO] compute_gmfs  83% [196 submitted, 0 queued]
[2021-11-08 09:20:26 #230 INFO] compute_gmfs  84% [196 submitted, 0 queued]
[2021-11-08 09:20:33 #230 INFO] compute_gmfs  85% [196 submitted, 0 queued]
[2021-11-08 09:20:33 #230 INFO] compute_gmfs  86% [196 submitted, 0 queued]
[2021-11-08 09:20:33 #230 INFO] compute_gmfs  87% [196 submitted, 0 queued]
[2021-11-08 09:20:38 #230 INFO] compute_gmfs  88% [196 submitted, 0 queued]
[2021-11-08 09:20:43 #230 INFO] compute_gmfs  89% [196 submitted, 0 queued]
[2021-11-08 09:20:46 #230 INFO] compute_gmfs  90% [196 submitted, 0 queued]
[2021-11-08 09:20:49 #230 INFO] compute_gmfs  91% [196 submitted, 0 queued]
[2021-11-08 09:20:55 #230 INFO] compute_gmfs  92% [196 submitted, 0 queued]
[2021-11-08 09:21:04 #230 INFO] compute_gmfs  93% [196 submitted, 0 queued]
[2021-11-08 09:21:13 #230 INFO] compute_gmfs  94% [196 submitted, 0 queued]
[2021-11-08 09:21:15 #230 INFO] compute_gmfs  95% [196 submitted, 0 queued]
[2021-11-08 09:21:25 #230 INFO] compute_gmfs  96% [196 submitted, 0 queued]
[2021-11-08 09:21:34 #230 INFO] compute_gmfs  97% [196 submitted, 0 queued]
[2021-11-08 09:21:52 #230 INFO] compute_gmfs  98% [196 submitted, 0 queued]
[2021-11-08 09:22:25 #230 INFO] compute_gmfs  99% [196 submitted, 0 queued]
[2021-11-08 09:22:43 #230 INFO] compute_gmfs 100% [196 submitted, 0 queued]
[2021-11-08 09:22:43 #230 INFO] Mean time per core=1855s, std=184.5s, min=1251s, max=2104s
[2021-11-08 09:22:43 #230 INFO] Received {'gmfdata': '6.79 GB', 'sig_eps': '38.98 MB', 'times': '5.6 MB', 'hcurves': '980 B'} in 2108 seconds
[2021-11-08 09:22:43 #230 INFO] Stored 4.28 GB of GMFs
[2021-11-08 09:22:43 #230 WARNING] There are more than 1 GB of GMFs, not computing avg_gmf
[2021-11-08 09:22:52 #230 INFO] Building risk inputs from 200 realization(s)
[2021-11-08 09:23:37 #230 INFO] Grouping the GMFs by site ID
[2021-11-08 09:24:07 #230 INFO] Built 1562 risk inputs
[2021-11-08 09:24:18 #230 INFO] Sent 215 tasks, 5.52 GB in 9 seconds
[2021-11-08 09:49:14 #230 INFO] scenario_damage   1% [215 submitted, 0 queued]
[2021-11-08 09:51:24 #230 INFO] scenario_damage   2% [215 submitted, 0 queued]
[2021-11-08 09:52:42 #230 INFO] scenario_damage   3% [215 submitted, 0 queued]
[2021-11-08 09:54:30 #230 INFO] scenario_damage   4% [215 submitted, 0 queued]
[2021-11-08 09:56:22 #230 INFO] scenario_damage   5% [215 submitted, 0 queued]
[2021-11-08 09:58:14 #230 INFO] scenario_damage   6% [215 submitted, 0 queued]
[2021-11-08 09:58:48 #230 INFO] scenario_damage   7% [215 submitted, 0 queued]
[2021-11-08 09:59:06 #230 INFO] scenario_damage   8% [215 submitted, 0 queued]
[2021-11-08 09:59:53 #230 INFO] scenario_damage   9% [215 submitted, 0 queued]
[2021-11-08 10:00:37 #230 INFO] scenario_damage  10% [215 submitted, 0 queued]
[2021-11-08 10:00:49 #230 INFO] scenario_damage  11% [215 submitted, 0 queued]
[2021-11-08 10:01:37 #230 INFO] scenario_damage  12% [215 submitted, 0 queued]
[2021-11-08 10:01:56 #230 INFO] scenario_damage  13% [215 submitted, 0 queued]
[2021-11-08 10:02:03 #230 INFO] scenario_damage  14% [215 submitted, 0 queued]
[2021-11-08 10:02:17 #230 INFO] scenario_damage  15% [215 submitted, 0 queued]
[2021-11-08 10:03:39 #230 INFO] scenario_damage  16% [215 submitted, 0 queued]
[2021-11-08 10:04:04 #230 INFO] scenario_damage  17% [215 submitted, 0 queued]
[2021-11-08 10:04:11 #230 INFO] scenario_damage  18% [215 submitted, 0 queued]
[2021-11-08 10:04:28 #230 INFO] scenario_damage  19% [215 submitted, 0 queued]
[2021-11-08 10:04:39 #230 INFO] scenario_damage  20% [215 submitted, 0 queued]
[2021-11-08 10:04:54 #230 INFO] scenario_damage  21% [215 submitted, 0 queued]
[2021-11-08 10:05:05 #230 INFO] scenario_damage  22% [215 submitted, 0 queued]
[2021-11-08 10:05:21 #230 INFO] scenario_damage  23% [215 submitted, 0 queued]
[2021-11-08 10:05:34 #230 INFO] scenario_damage  24% [215 submitted, 0 queued]
[2021-11-08 10:05:47 #230 INFO] scenario_damage  25% [215 submitted, 0 queued]
[2021-11-08 10:06:09 #230 INFO] scenario_damage  26% [215 submitted, 0 queued]
[2021-11-08 10:07:48 #230 INFO] scenario_damage  27% [215 submitted, 0 queued]
[2021-11-08 10:08:33 #230 INFO] scenario_damage  28% [215 submitted, 0 queued]
[2021-11-08 10:08:40 #230 INFO] scenario_damage  29% [215 submitted, 0 queued]
[2021-11-08 10:08:48 #230 INFO] scenario_damage  30% [215 submitted, 0 queued]
[2021-11-08 10:08:58 #230 INFO] scenario_damage  31% [215 submitted, 0 queued]
[2021-11-08 10:09:15 #230 INFO] scenario_damage  32% [215 submitted, 0 queued]
[2021-11-08 10:09:59 #230 INFO] scenario_damage  33% [215 submitted, 0 queued]
[2021-11-08 10:10:09 #230 INFO] scenario_damage  34% [215 submitted, 0 queued]
[2021-11-08 10:10:36 #230 INFO] scenario_damage  35% [215 submitted, 0 queued]
[2021-11-08 10:11:53 #230 INFO] scenario_damage  36% [215 submitted, 0 queued]
[2021-11-08 10:12:10 #230 INFO] scenario_damage  37% [215 submitted, 0 queued]
[2021-11-08 10:12:47 #230 INFO] scenario_damage  38% [215 submitted, 0 queued]
[2021-11-08 10:13:28 #230 INFO] scenario_damage  39% [215 submitted, 0 queued]
[2021-11-08 10:13:56 #230 INFO] scenario_damage  40% [215 submitted, 0 queued]
[2021-11-08 10:14:43 #230 INFO] scenario_damage  41% [215 submitted, 0 queued]
[2021-11-08 10:15:41 #230 INFO] scenario_damage  42% [215 submitted, 0 queued]
[2021-11-08 10:16:39 #230 INFO] scenario_damage  43% [215 submitted, 0 queued]
[2021-11-08 10:17:42 #230 INFO] scenario_damage  44% [215 submitted, 0 queued]
[2021-11-08 10:27:00 #230 INFO] scenario_damage  45% [215 submitted, 0 queued]
[2021-11-08 10:32:50 #230 INFO] scenario_damage  46% [215 submitted, 0 queued]
[2021-11-08 10:36:00 #230 INFO] scenario_damage  47% [215 submitted, 0 queued]
[2021-11-08 10:36:21 #230 INFO] scenario_damage  48% [215 submitted, 0 queued]
[2021-11-08 10:36:53 #230 INFO] scenario_damage  49% [215 submitted, 0 queued]
[2021-11-08 10:39:11 #230 INFO] scenario_damage  50% [215 submitted, 0 queued]
[2021-11-08 10:40:51 #230 INFO] scenario_damage  51% [215 submitted, 0 queued]
[2021-11-08 10:41:53 #230 INFO] scenario_damage  52% [215 submitted, 0 queued]
[2021-11-08 10:42:30 #230 INFO] scenario_damage  53% [215 submitted, 0 queued]
[2021-11-08 10:43:34 #230 INFO] scenario_damage  54% [215 submitted, 0 queued]
[2021-11-08 10:43:57 #230 INFO] scenario_damage  55% [215 submitted, 0 queued]
[2021-11-08 10:44:53 #230 INFO] scenario_damage  56% [215 submitted, 0 queued]
[2021-11-08 10:46:14 #230 INFO] scenario_damage  57% [215 submitted, 0 queued]
[2021-11-08 10:46:50 #230 INFO] scenario_damage  58% [215 submitted, 0 queued]
[2021-11-08 10:46:57 #230 INFO] scenario_damage  59% [215 submitted, 0 queued]
[2021-11-08 10:47:02 #230 INFO] scenario_damage  60% [215 submitted, 0 queued]
[2021-11-08 10:48:05 #230 INFO] scenario_damage  61% [215 submitted, 0 queued]
[2021-11-08 10:48:27 #230 INFO] scenario_damage  62% [215 submitted, 0 queued]
[2021-11-08 10:48:47 #230 INFO] scenario_damage  63% [215 submitted, 0 queued]
[2021-11-08 10:49:04 #230 INFO] scenario_damage  64% [215 submitted, 0 queued]
[2021-11-08 10:49:34 #230 INFO] scenario_damage  65% [215 submitted, 0 queued]
[2021-11-08 10:49:39 #230 INFO] scenario_damage  66% [215 submitted, 0 queued]
[2021-11-08 10:50:07 #230 INFO] scenario_damage  67% [215 submitted, 0 queued]
[2021-11-08 10:50:55 #230 INFO] scenario_damage  68% [215 submitted, 0 queued]
[2021-11-08 10:51:27 #230 INFO] scenario_damage  69% [215 submitted, 0 queued]
[2021-11-08 10:51:45 #230 INFO] scenario_damage  70% [215 submitted, 0 queued]
[2021-11-08 10:51:49 #230 INFO] scenario_damage  71% [215 submitted, 0 queued]
[2021-11-08 10:51:58 #230 INFO] scenario_damage  72% [215 submitted, 0 queued]
[2021-11-08 10:52:08 #230 INFO] scenario_damage  73% [215 submitted, 0 queued]
[2021-11-08 10:52:26 #230 INFO] scenario_damage  74% [215 submitted, 0 queued]
[2021-11-08 10:52:50 #230 INFO] scenario_damage  75% [215 submitted, 0 queued]
[2021-11-08 10:53:01 #230 INFO] scenario_damage  76% [215 submitted, 0 queued]
[2021-11-08 10:53:53 #230 INFO] scenario_damage  77% [215 submitted, 0 queued]
[2021-11-08 10:54:50 #230 INFO] scenario_damage  78% [215 submitted, 0 queued]
[2021-11-08 10:54:54 #230 INFO] scenario_damage  79% [215 submitted, 0 queued]
[2021-11-08 10:54:55 #230 INFO] scenario_damage  80% [215 submitted, 0 queued]
[2021-11-08 10:55:07 #230 INFO] scenario_damage  81% [215 submitted, 0 queued]
[2021-11-08 10:56:12 #230 INFO] scenario_damage  82% [215 submitted, 0 queued]
[2021-11-08 10:56:49 #230 INFO] scenario_damage  83% [215 submitted, 0 queued]
[2021-11-08 10:57:46 #230 INFO] scenario_damage  84% [215 submitted, 0 queued]
[2021-11-08 10:58:15 #230 INFO] scenario_damage  85% [215 submitted, 0 queued]
[2021-11-08 10:58:51 #230 INFO] scenario_damage  86% [215 submitted, 0 queued]
[2021-11-08 10:58:57 #230 INFO] scenario_damage  87% [215 submitted, 0 queued]
[2021-11-08 10:59:52 #230 INFO] scenario_damage  88% [215 submitted, 0 queued]
[2021-11-08 11:01:52 #230 INFO] scenario_damage  89% [215 submitted, 0 queued]
[2021-11-08 11:05:38 #230 INFO] scenario_damage  90% [215 submitted, 0 queued]
[2021-11-08 11:06:27 #230 INFO] scenario_damage  91% [215 submitted, 0 queued]
[2021-11-08 11:06:49 #230 INFO] scenario_damage  92% [215 submitted, 0 queued]
[2021-11-08 11:09:08 #230 INFO] scenario_damage  93% [215 submitted, 0 queued]
[2021-11-08 11:09:40 #230 INFO] scenario_damage  94% [215 submitted, 0 queued]
[2021-11-08 11:12:23 #230 INFO] scenario_damage  95% [215 submitted, 0 queued]
[2021-11-08 11:15:42 #230 INFO] scenario_damage  96% [215 submitted, 0 queued]
[2021-11-08 11:15:50 #230 INFO] scenario_damage  97% [215 submitted, 0 queued]
[2021-11-08 11:16:15 #230 INFO] scenario_damage  98% [215 submitted, 0 queued]
[2021-11-08 11:16:24 #230 INFO] scenario_damage  99% [215 submitted, 0 queued]
[2021-11-08 11:17:56 #230 INFO] scenario_damage 100% [215 submitted, 0 queued]
[2021-11-08 11:17:56 #230 INFO] Mean time per core=5558s, std=551.5s, min=4801s, max=6814s
[2021-11-08 11:17:56 #230 INFO] Received {'aed': '2.91 GB', 'd_event': '846.88 MB', 'd_asset': '597.09 MB'} in 6817 seconds
[2021-11-08 11:17:56 #230 INFO] Saving 2.91 GB in dd_data (instead of 179.95 GB)
[2021-11-08 11:19:54 #230 INFO] Portfolio damage
==== ========== ========= =======
kind loss_type  dmg_state value  
==== ========== ========= =======
avg  structural no_damage 179_787
avg  structural slight    139    
avg  structural moderate  21     
avg  structural extensive 7.68254
avg  structural complete  11     
std  structural no_damage 2_817  
std  structural slight    1_893  
std  structural moderate  466    
std  structural extensive 203    
std  structural complete  408    
==== ========== ========= =======
[2021-11-08 11:19:54 #230 INFO] Due to rounding errors inherent in floating-point arithmetic, the total number of buildings is not exact: {'expected': 179967.0, 'structural': 29210.734}
[2021-11-08 11:20:01 #230 INFO] Exposing the outputs to the database
[2021-11-08 11:20:01 #230 INFO] Stored 3.33 GB on /root/oqdata/calc_230.hdf5 in 9564 seconds
/home/ssm-user/src/oq-engine/openquake/hazardlib/gsim/base.py:347: ExperimentalWarning: CanadaSHM6_ActiveCrust_BooreEtAl2014 is experimental and may change in future versions - the user is liable for their application
  warnings.warn(msg, ExperimentalWarning)
/home/ssm-user/src/oq-engine/openquake/hazardlib/gsim/base.py:347: ExperimentalWarning: CanadaSHM6_ActiveCrust_BooreEtAl2014 is experimental and may change in future versions - the user is liable for their application
  warnings.warn(msg, ExperimentalWarning)
/home/ssm-user/src/oq-engine/openquake/hazardlib/gsim/base.py:347: ExperimentalWarning: CanadaSHM6_ActiveCrust_BooreEtAl2014 is experimental and may change in future versions - the user is liable for their application
  warnings.warn(msg, ExperimentalWarning)
/home/ssm-user/src/oq-engine/openquake/hazardlib/gsim/base.py:347: ExperimentalWarning: CanadaSHM6_ActiveCrust_BooreEtAl2014 is experimental and may change in future versions - the user is liable for their application
  warnings.warn(msg, ExperimentalWarning)
/home/ssm-user/src/oq-engine/openquake/hazardlib/gsim/base.py:347: ExperimentalWarning: CanadaSHM6_ActiveCrust_BooreEtAl2014 is experimental and may change in future versions - the user is liable for their application
  warnings.warn(msg, ExperimentalWarning)
/home/ssm-user/src/oq-engine/openquake/hazardlib/gsim/base.py:347: ExperimentalWarning: CanadaSHM6_ActiveCrust_BooreEtAl2014 is experimental and may change in future versions - the user is liable for their application
  warnings.warn(msg, ExperimentalWarning)
/home/ssm-user/src/oq-engine/openquake/hazardlib/gsim/base.py:347: ExperimentalWarning: CanadaSHM6_ActiveCrust_BooreEtAl2014 is experimental and may change in future versions - the user is liable for their application
  warnings.warn(msg, ExperimentalWarning)
/home/ssm-user/src/oq-engine/openquake/hazardlib/gsim/base.py:347: ExperimentalWarning: CanadaSHM6_ActiveCrust_BooreEtAl2014 is experimental and may change in future versions - the user is liable for their application
  warnings.warn(msg, ExperimentalWarning)
/home/ssm-user/src/oq-engine/openquake/hazardlib/gsim/base.py:347: ExperimentalWarning: CanadaSHM6_ActiveCrust_BooreEtAl2014 is experimental and may change in future versions - the user is liable for their application
  warnings.warn(msg, ExperimentalWarning)
/home/ssm-user/src/oq-engine/openquake/hazardlib/gsim/base.py:347: ExperimentalWarning: CanadaSHM6_ActiveCrust_BooreEtAl2014 is experimental and may change in future versions - the user is liable for their application
  warnings.warn(msg, ExperimentalWarning)
/home/ssm-user/src/oq-engine/openquake/hazardlib/gsim/base.py:347: ExperimentalWarning: CanadaSHM6_ActiveCrust_BooreEtAl2014 is experimental and may change in future versions - the user is liable for their application
  warnings.warn(msg, ExperimentalWarning)
/home/ssm-user/src/oq-engine/openquake/hazardlib/gsim/base.py:347: ExperimentalWarning: CanadaSHM6_ActiveCrust_BooreEtAl2014 is experimental and may change in future versions - the user is liable for their application
  warnings.warn(msg, ExperimentalWarning)
/home/ssm-user/src/oq-engine/openquake/hazardlib/gsim/base.py:347: ExperimentalWarning: CanadaSHM6_ActiveCrust_BooreEtAl2014 is experimental and may change in future versions - the user is liable for their application
  warnings.warn(msg, ExperimentalWarning)
/home/ssm-user/src/oq-engine/openquake/hazardlib/gsim/base.py:347: ExperimentalWarning: CanadaSHM6_ActiveCrust_BooreEtAl2014 is experimental and may change in future versions - the user is liable for their application
  warnings.warn(msg, ExperimentalWarning)
/home/ssm-user/src/oq-engine/openquake/hazardlib/gsim/base.py:347: ExperimentalWarning: CanadaSHM6_ActiveCrust_BooreEtAl2014 is experimental and may change in future versions - the user is liable for their application
  warnings.warn(msg, ExperimentalWarning)
/home/ssm-user/src/oq-engine/openquake/hazardlib/gsim/base.py:347: ExperimentalWarning: CanadaSHM6_ActiveCrust_BooreEtAl2014 is experimental and may change in future versions - the user is liable for their application
  warnings.warn(msg, ExperimentalWarning)
/home/ssm-user/src/oq-engine/openquake/hazardlib/gsim/base.py:347: ExperimentalWarning: CanadaSHM6_ActiveCrust_BooreEtAl2014 is experimental and may change in future versions - the user is liable for their application
  warnings.warn(msg, ExperimentalWarning)
/home/ssm-user/src/oq-engine/openquake/hazardlib/gsim/base.py:347: ExperimentalWarning: CanadaSHM6_ActiveCrust_BooreEtAl2014 is experimental and may change in future versions - the user is liable for their application
  warnings.warn(msg, ExperimentalWarning)
/home/ssm-user/src/oq-engine/openquake/hazardlib/gsim/base.py:347: ExperimentalWarning: CanadaSHM6_ActiveCrust_BooreEtAl2014 is experimental and may change in future versions - the user is liable for their application
  warnings.warn(msg, ExperimentalWarning)
/home/ssm-user/src/oq-engine/openquake/hazardlib/gsim/base.py:347: ExperimentalWarning: CanadaSHM6_ActiveCrust_BooreEtAl2014 is experimental and may change in future versions - the user is liable for their application
  warnings.warn(msg, ExperimentalWarning)
/home/ssm-user/src/oq-engine/openquake/hazardlib/gsim/base.py:347: ExperimentalWarning: CanadaSHM6_ActiveCrust_BooreEtAl2014 is experimental and may change in future versions - the user is liable for their application
  warnings.warn(msg, ExperimentalWarning)
/home/ssm-user/src/oq-engine/openquake/hazardlib/gsim/base.py:347: ExperimentalWarning: CanadaSHM6_ActiveCrust_BooreEtAl2014 is experimental and may change in future versions - the user is liable for their application
  warnings.warn(msg, ExperimentalWarning)
/home/ssm-user/src/oq-engine/openquake/hazardlib/gsim/base.py:347: ExperimentalWarning: CanadaSHM6_ActiveCrust_BooreEtAl2014 is experimental and may change in future versions - the user is liable for their application
  warnings.warn(msg, ExperimentalWarning)
/home/ssm-user/src/oq-engine/openquake/hazardlib/gsim/base.py:347: ExperimentalWarning: CanadaSHM6_ActiveCrust_BooreEtAl2014 is experimental and may change in future versions - the user is liable for their application
  warnings.warn(msg, ExperimentalWarning)
/home/ssm-user/src/oq-engine/openquake/hazardlib/gsim/base.py:347: ExperimentalWarning: CanadaSHM6_ActiveCrust_BooreEtAl2014 is experimental and may change in future versions - the user is liable for their application
  warnings.warn(msg, ExperimentalWarning)
/home/ssm-user/src/oq-engine/openquake/hazardlib/gsim/base.py:347: ExperimentalWarning: CanadaSHM6_ActiveCrust_BooreEtAl2014 is experimental and may change in future versions - the user is liable for their application
  warnings.warn(msg, ExperimentalWarning)
/home/ssm-user/src/oq-engine/openquake/hazardlib/gsim/base.py:347: ExperimentalWarning: CanadaSHM6_ActiveCrust_BooreEtAl2014 is experimental and may change in future versions - the user is liable for their application
  warnings.warn(msg, ExperimentalWarning)
/home/ssm-user/src/oq-engine/openquake/hazardlib/gsim/base.py:347: ExperimentalWarning: CanadaSHM6_ActiveCrust_BooreEtAl2014 is experimental and may change in future versions - the user is liable for their application
  warnings.warn(msg, ExperimentalWarning)
/home/ssm-user/src/oq-engine/openquake/hazardlib/gsim/base.py:347: ExperimentalWarning: CanadaSHM6_ActiveCrust_BooreEtAl2014 is experimental and may change in future versions - the user is liable for their application
  warnings.warn(msg, ExperimentalWarning)
/home/ssm-user/src/oq-engine/openquake/hazardlib/gsim/base.py:347: ExperimentalWarning: CanadaSHM6_ActiveCrust_BooreEtAl2014 is experimental and may change in future versions - the user is liable for their application
  warnings.warn(msg, ExperimentalWarning)
/home/ssm-user/src/oq-engine/openquake/hazardlib/gsim/base.py:347: ExperimentalWarning: CanadaSHM6_ActiveCrust_BooreEtAl2014 is experimental and may change in future versions - the user is liable for their application
  warnings.warn(msg, ExperimentalWarning)
/home/ssm-user/src/oq-engine/openquake/hazardlib/gsim/base.py:347: ExperimentalWarning: CanadaSHM6_ActiveCrust_BooreEtAl2014 is experimental and may change in future versions - the user is liable for their application
  warnings.warn(msg, ExperimentalWarning)
/home/ssm-user/src/oq-engine/openquake/hazardlib/gsim/base.py:347: ExperimentalWarning: CanadaSHM6_ActiveCrust_BooreEtAl2014 is experimental and may change in future versions - the user is liable for their application
  warnings.warn(msg, ExperimentalWarning)
/home/ssm-user/src/oq-engine/openquake/hazardlib/gsim/base.py:347: ExperimentalWarning: CanadaSHM6_ActiveCrust_BooreEtAl2014 is experimental and may change in future versions - the user is liable for their application
  warnings.warn(msg, ExperimentalWarning)
/home/ssm-user/src/oq-engine/openquake/hazardlib/gsim/base.py:347: ExperimentalWarning: CanadaSHM6_ActiveCrust_BooreEtAl2014 is experimental and may change in future versions - the user is liable for their application
  warnings.warn(msg, ExperimentalWarning)
/home/ssm-user/src/oq-engine/openquake/hazardlib/gsim/base.py:347: ExperimentalWarning: CanadaSHM6_ActiveCrust_BooreEtAl2014 is experimental and may change in future versions - the user is liable for their application
  warnings.warn(msg, ExperimentalWarning)
/home/ssm-user/src/oq-engine/openquake/hazardlib/gsim/base.py:347: ExperimentalWarning: CanadaSHM6_ActiveCrust_BooreEtAl2014 is experimental and may change in future versions - the user is liable for their application
  warnings.warn(msg, ExperimentalWarning)
/home/ssm-user/src/oq-engine/openquake/hazardlib/gsim/base.py:347: ExperimentalWarning: CanadaSHM6_ActiveCrust_BooreEtAl2014 is experimental and may change in future versions - the user is liable for their application
  warnings.warn(msg, ExperimentalWarning)
/home/ssm-user/src/oq-engine/openquake/hazardlib/gsim/base.py:347: ExperimentalWarning: CanadaSHM6_ActiveCrust_BooreEtAl2014 is experimental and may change in future versions - the user is liable for their application
  warnings.warn(msg, ExperimentalWarning)
/home/ssm-user/src/oq-engine/openquake/hazardlib/gsim/base.py:347: ExperimentalWarning: CanadaSHM6_ActiveCrust_BooreEtAl2014 is experimental and may change in future versions - the user is liable for their application
  warnings.warn(msg, ExperimentalWarning)
/home/ssm-user/src/oq-engine/openquake/hazardlib/gsim/base.py:347: ExperimentalWarning: CanadaSHM6_ActiveCrust_BooreEtAl2014 is experimental and may change in future versions - the user is liable for their application
  warnings.warn(msg, ExperimentalWarning)
/home/ssm-user/src/oq-engine/openquake/hazardlib/gsim/base.py:347: ExperimentalWarning: CanadaSHM6_ActiveCrust_BooreEtAl2014 is experimental and may change in future versions - the user is liable for their application
  warnings.warn(msg, ExperimentalWarning)
/home/ssm-user/src/oq-engine/openquake/hazardlib/gsim/base.py:347: ExperimentalWarning: CanadaSHM6_ActiveCrust_BooreEtAl2014 is experimental and may change in future versions - the user is liable for their application
  warnings.warn(msg, ExperimentalWarning)
/home/ssm-user/src/oq-engine/openquake/hazardlib/gsim/base.py:347: ExperimentalWarning: CanadaSHM6_ActiveCrust_BooreEtAl2014 is experimental and may change in future versions - the user is liable for their application
  warnings.warn(msg, ExperimentalWarning)
/home/ssm-user/src/oq-engine/openquake/hazardlib/gsim/base.py:347: ExperimentalWarning: CanadaSHM6_ActiveCrust_BooreEtAl2014 is experimental and may change in future versions - the user is liable for their application
  warnings.warn(msg, ExperimentalWarning)
/home/ssm-user/src/oq-engine/openquake/hazardlib/gsim/base.py:347: ExperimentalWarning: CanadaSHM6_ActiveCrust_BooreEtAl2014 is experimental and may change in future versions - the user is liable for their application
  warnings.warn(msg, ExperimentalWarning)
/home/ssm-user/src/oq-engine/openquake/hazardlib/gsim/base.py:347: ExperimentalWarning: CanadaSHM6_ActiveCrust_BooreEtAl2014 is experimental and may change in future versions - the user is liable for their application
  warnings.warn(msg, ExperimentalWarning)
/home/ssm-user/src/oq-engine/openquake/hazardlib/gsim/base.py:347: ExperimentalWarning: CanadaSHM6_ActiveCrust_BooreEtAl2014 is experimental and may change in future versions - the user is liable for their application
  warnings.warn(msg, ExperimentalWarning)
/home/ssm-user/src/oq-engine/openquake/hazardlib/gsim/base.py:347: ExperimentalWarning: CanadaSHM6_ActiveCrust_BooreEtAl2014 is experimental and may change in future versions - the user is liable for their application
  warnings.warn(msg, ExperimentalWarning)
/home/ssm-user/src/oq-engine/openquake/hazardlib/gsim/base.py:347: ExperimentalWarning: CanadaSHM6_ActiveCrust_BooreEtAl2014 is experimental and may change in future versions - the user is liable for their application
  warnings.warn(msg, ExperimentalWarning)
/home/ssm-user/src/oq-engine/openquake/hazardlib/gsim/base.py:347: ExperimentalWarning: CanadaSHM6_ActiveCrust_BooreEtAl2014 is experimental and may change in future versions - the user is liable for their application
  warnings.warn(msg, ExperimentalWarning)
/home/ssm-user/src/oq-engine/openquake/hazardlib/gsim/base.py:347: ExperimentalWarning: CanadaSHM6_ActiveCrust_BooreEtAl2014 is experimental and may change in future versions - the user is liable for their application
  warnings.warn(msg, ExperimentalWarning)
/home/ssm-user/src/oq-engine/openquake/hazardlib/gsim/base.py:347: ExperimentalWarning: CanadaSHM6_ActiveCrust_BooreEtAl2014 is experimental and may change in future versions - the user is liable for their application
  warnings.warn(msg, ExperimentalWarning)
/home/ssm-user/src/oq-engine/openquake/hazardlib/gsim/base.py:347: ExperimentalWarning: CanadaSHM6_ActiveCrust_BooreEtAl2014 is experimental and may change in future versions - the user is liable for their application
  warnings.warn(msg, ExperimentalWarning)
/home/ssm-user/src/oq-engine/openquake/hazardlib/gsim/base.py:347: ExperimentalWarning: CanadaSHM6_ActiveCrust_BooreEtAl2014 is experimental and may change in future versions - the user is liable for their application
  warnings.warn(msg, ExperimentalWarning)
/home/ssm-user/src/oq-engine/openquake/hazardlib/gsim/base.py:347: ExperimentalWarning: CanadaSHM6_ActiveCrust_BooreEtAl2014 is experimental and may change in future versions - the user is liable for their application
  warnings.warn(msg, ExperimentalWarning)
/home/ssm-user/src/oq-engine/openquake/hazardlib/gsim/base.py:347: ExperimentalWarning: CanadaSHM6_ActiveCrust_BooreEtAl2014 is experimental and may change in future versions - the user is liable for their application
  warnings.warn(msg, ExperimentalWarning)
/home/ssm-user/src/oq-engine/openquake/hazardlib/gsim/base.py:347: ExperimentalWarning: CanadaSHM6_ActiveCrust_BooreEtAl2014 is experimental and may change in future versions - the user is liable for their application
  warnings.warn(msg, ExperimentalWarning)
/home/ssm-user/src/oq-engine/openquake/hazardlib/gsim/base.py:347: ExperimentalWarning: CanadaSHM6_ActiveCrust_BooreEtAl2014 is experimental and may change in future versions - the user is liable for their application
  warnings.warn(msg, ExperimentalWarning)
/home/ssm-user/src/oq-engine/openquake/hazardlib/gsim/base.py:347: ExperimentalWarning: CanadaSHM6_ActiveCrust_BooreEtAl2014 is experimental and may change in future versions - the user is liable for their application
  warnings.warn(msg, ExperimentalWarning)
/home/ssm-user/src/oq-engine/openquake/hazardlib/gsim/base.py:347: ExperimentalWarning: CanadaSHM6_ActiveCrust_BooreEtAl2014 is experimental and may change in future versions - the user is liable for their application
  warnings.warn(msg, ExperimentalWarning)
/home/ssm-user/src/oq-engine/openquake/hazardlib/gsim/base.py:347: ExperimentalWarning: CanadaSHM6_ActiveCrust_BooreEtAl2014 is experimental and may change in future versions - the user is liable for their application
  warnings.warn(msg, ExperimentalWarning)
/home/ssm-user/src/oq-engine/openquake/hazardlib/gsim/base.py:347: ExperimentalWarning: CanadaSHM6_ActiveCrust_BooreEtAl2014 is experimental and may change in future versions - the user is liable for their application
  warnings.warn(msg, ExperimentalWarning)
/home/ssm-user/src/oq-engine/openquake/hazardlib/gsim/base.py:347: ExperimentalWarning: CanadaSHM6_ActiveCrust_BooreEtAl2014 is experimental and may change in future versions - the user is liable for their application
  warnings.warn(msg, ExperimentalWarning)
/home/ssm-user/src/oq-engine/openquake/hazardlib/gsim/base.py:347: ExperimentalWarning: CanadaSHM6_ActiveCrust_BooreEtAl2014 is experimental and may change in future versions - the user is liable for their application
  warnings.warn(msg, ExperimentalWarning)
/home/ssm-user/src/oq-engine/openquake/hazardlib/gsim/base.py:347: ExperimentalWarning: CanadaSHM6_ActiveCrust_BooreEtAl2014 is experimental and may change in future versions - the user is liable for their application
  warnings.warn(msg, ExperimentalWarning)
/home/ssm-user/src/oq-engine/openquake/hazardlib/gsim/base.py:347: ExperimentalWarning: CanadaSHM6_ActiveCrust_BooreEtAl2014 is experimental and may change in future versions - the user is liable for their application
  warnings.warn(msg, ExperimentalWarning)
/home/ssm-user/src/oq-engine/openquake/hazardlib/gsim/base.py:347: ExperimentalWarning: CanadaSHM6_ActiveCrust_BooreEtAl2014 is experimental and may change in future versions - the user is liable for their application
  warnings.warn(msg, ExperimentalWarning)
/home/ssm-user/src/oq-engine/openquake/hazardlib/gsim/base.py:347: ExperimentalWarning: CanadaSHM6_ActiveCrust_BooreEtAl2014 is experimental and may change in future versions - the user is liable for their application
  warnings.warn(msg, ExperimentalWarning)
/home/ssm-user/src/oq-engine/openquake/hazardlib/gsim/base.py:347: ExperimentalWarning: CanadaSHM6_ActiveCrust_BooreEtAl2014 is experimental and may change in future versions - the user is liable for their application
  warnings.warn(msg, ExperimentalWarning)
/home/ssm-user/src/oq-engine/openquake/hazardlib/gsim/base.py:347: ExperimentalWarning: CanadaSHM6_ActiveCrust_BooreEtAl2014 is experimental and may change in future versions - the user is liable for their application
  warnings.warn(msg, ExperimentalWarning)
/home/ssm-user/src/oq-engine/openquake/hazardlib/gsim/base.py:347: ExperimentalWarning: CanadaSHM6_ActiveCrust_BooreEtAl2014 is experimental and may change in future versions - the user is liable for their application
  warnings.warn(msg, ExperimentalWarning)
/home/ssm-user/src/oq-engine/openquake/hazardlib/gsim/base.py:347: ExperimentalWarning: CanadaSHM6_ActiveCrust_BooreEtAl2014 is experimental and may change in future versions - the user is liable for their application
  warnings.warn(msg, ExperimentalWarning)
/home/ssm-user/src/oq-engine/openquake/hazardlib/gsim/base.py:347: ExperimentalWarning: CanadaSHM6_ActiveCrust_BooreEtAl2014 is experimental and may change in future versions - the user is liable for their application
  warnings.warn(msg, ExperimentalWarning)
/home/ssm-user/src/oq-engine/openquake/hazardlib/gsim/base.py:347: ExperimentalWarning: CanadaSHM6_ActiveCrust_BooreEtAl2014 is experimental and may change in future versions - the user is liable for their application
  warnings.warn(msg, ExperimentalWarning)
/home/ssm-user/src/oq-engine/openquake/hazardlib/gsim/base.py:347: ExperimentalWarning: CanadaSHM6_ActiveCrust_BooreEtAl2014 is experimental and may change in future versions - the user is liable for their application
  warnings.warn(msg, ExperimentalWarning)
/home/ssm-user/src/oq-engine/openquake/hazardlib/gsim/base.py:347: ExperimentalWarning: CanadaSHM6_ActiveCrust_BooreEtAl2014 is experimental and may change in future versions - the user is liable for their application
  warnings.warn(msg, ExperimentalWarning)
/home/ssm-user/src/oq-engine/openquake/hazardlib/gsim/base.py:347: ExperimentalWarning: CanadaSHM6_ActiveCrust_BooreEtAl2014 is experimental and may change in future versions - the user is liable for their application
  warnings.warn(msg, ExperimentalWarning)
/home/ssm-user/src/oq-engine/openquake/hazardlib/gsim/base.py:347: ExperimentalWarning: CanadaSHM6_ActiveCrust_BooreEtAl2014 is experimental and may change in future versions - the user is liable for their application
  warnings.warn(msg, ExperimentalWarning)
/home/ssm-user/src/oq-engine/openquake/hazardlib/gsim/base.py:347: ExperimentalWarning: CanadaSHM6_ActiveCrust_BooreEtAl2014 is experimental and may change in future versions - the user is liable for their application
  warnings.warn(msg, ExperimentalWarning)
/home/ssm-user/src/oq-engine/openquake/hazardlib/gsim/base.py:347: ExperimentalWarning: CanadaSHM6_ActiveCrust_BooreEtAl2014 is experimental and may change in future versions - the user is liable for their application
  warnings.warn(msg, ExperimentalWarning)
/home/ssm-user/src/oq-engine/openquake/hazardlib/gsim/base.py:347: ExperimentalWarning: CanadaSHM6_ActiveCrust_BooreEtAl2014 is experimental and may change in future versions - the user is liable for their application
  warnings.warn(msg, ExperimentalWarning)
/home/ssm-user/src/oq-engine/openquake/hazardlib/gsim/base.py:347: ExperimentalWarning: CanadaSHM6_ActiveCrust_BooreEtAl2014 is experimental and may change in future versions - the user is liable for their application
  warnings.warn(msg, ExperimentalWarning)
/home/ssm-user/src/oq-engine/openquake/hazardlib/gsim/base.py:347: ExperimentalWarning: CanadaSHM6_ActiveCrust_BooreEtAl2014 is experimental and may change in future versions - the user is liable for their application
  warnings.warn(msg, ExperimentalWarning)
/home/ssm-user/src/oq-engine/openquake/hazardlib/gsim/base.py:347: ExperimentalWarning: CanadaSHM6_ActiveCrust_BooreEtAl2014 is experimental and may change in future versions - the user is liable for their application
  warnings.warn(msg, ExperimentalWarning)
/home/ssm-user/src/oq-engine/openquake/hazardlib/gsim/base.py:347: ExperimentalWarning: CanadaSHM6_ActiveCrust_BooreEtAl2014 is experimental and may change in future versions - the user is liable for their application
  warnings.warn(msg, ExperimentalWarning)
/home/ssm-user/src/oq-engine/openquake/hazardlib/gsim/base.py:347: ExperimentalWarning: CanadaSHM6_ActiveCrust_BooreEtAl2014 is experimental and may change in future versions - the user is liable for their application
  warnings.warn(msg, ExperimentalWarning)
/home/ssm-user/src/oq-engine/openquake/hazardlib/gsim/base.py:347: ExperimentalWarning: CanadaSHM6_ActiveCrust_BooreEtAl2014 is experimental and may change in future versions - the user is liable for their application
  warnings.warn(msg, ExperimentalWarning)
/home/ssm-user/src/oq-engine/openquake/hazardlib/gsim/base.py:347: ExperimentalWarning: CanadaSHM6_ActiveCrust_BooreEtAl2014 is experimental and may change in future versions - the user is liable for their application
  warnings.warn(msg, ExperimentalWarning)
/home/ssm-user/src/oq-engine/openquake/hazardlib/gsim/base.py:347: ExperimentalWarning: CanadaSHM6_ActiveCrust_BooreEtAl2014 is experimental and may change in future versions - the user is liable for their application
  warnings.warn(msg, ExperimentalWarning)
/home/ssm-user/src/oq-engine/openquake/hazardlib/gsim/base.py:347: ExperimentalWarning: CanadaSHM6_ActiveCrust_BooreEtAl2014 is experimental and may change in future versions - the user is liable for their application
  warnings.warn(msg, ExperimentalWarning)
/home/ssm-user/src/oq-engine/openquake/hazardlib/gsim/base.py:347: ExperimentalWarning: CanadaSHM6_ActiveCrust_BooreEtAl2014 is experimental and may change in future versions - the user is liable for their application
  warnings.warn(msg, ExperimentalWarning)
/home/ssm-user/src/oq-engine/openquake/hazardlib/gsim/base.py:347: ExperimentalWarning: CanadaSHM6_ActiveCrust_BooreEtAl2014 is experimental and may change in future versions - the user is liable for their application
  warnings.warn(msg, ExperimentalWarning)
/home/ssm-user/src/oq-engine/openquake/hazardlib/gsim/base.py:347: ExperimentalWarning: CanadaSHM6_ActiveCrust_BooreEtAl2014 is experimental and may change in future versions - the user is liable for their application
  warnings.warn(msg, ExperimentalWarning)
/home/ssm-user/src/oq-engine/openquake/hazardlib/gsim/base.py:347: ExperimentalWarning: CanadaSHM6_ActiveCrust_BooreEtAl2014 is experimental and may change in future versions - the user is liable for their application
  warnings.warn(msg, ExperimentalWarning)
/home/ssm-user/src/oq-engine/openquake/hazardlib/gsim/base.py:347: ExperimentalWarning: CanadaSHM6_ActiveCrust_BooreEtAl2014 is experimental and may change in future versions - the user is liable for their application
  warnings.warn(msg, ExperimentalWarning)
[2021-11-08 11:20:01 #231 INFO] root running /mnt/storage/canada-srm2/eDamage/input/eDamage_r1_ON_M_TorontoEast.ini [--hc=230]
[2021-11-08 11:20:01 #231 INFO] Using engine version 3.11.3-git29ac352f7d
[2021-11-08 11:20:02 #231 WARNING] Version v3.11.4 of the engine is available, but you are still using version 3.11.3-git29ac352f7d
[2021-11-08 11:20:02 #231 WARNING] Using 96 cores on ip-10-70-136-127
[2021-11-08 11:20:02 #231 INFO] Validated nationalModel.xml in 0.01 seconds
[2021-11-08 11:20:02 #231 INFO] Checksum of the input files: 514598877
[2021-11-08 11:20:02 #231 INFO] Reading the risk model if present
[2021-11-08 11:20:05 #231 INFO] Reading /mnt/storage/openquake-inputs/exposure/general-building-stock/oqBldgExp_ON_M_TorontoEast.xml
[2021-11-08 11:20:10 #231 INFO] Associated 34534 assets to 1562 sites
[2021-11-08 11:20:13 #231 INFO] Reducing risk model from 4224 to 327 taxonomies
[2021-11-08 11:20:14 #231 INFO] minimum_asset_loss={'structural': 0}
[2021-11-08 11:20:14 #231 INFO] Storing risk model
[2021-11-08 11:20:14 #231 INFO] Building risk inputs from 200 realization(s)
[2021-11-08 11:21:03 #231 INFO] Grouping the GMFs by site ID
[2021-11-08 11:21:32 #231 INFO] Built 1562 risk inputs
  id | name
1756 | Aggregate Event Damages
1754 | Asset Damage Distributions
1755 | Asset Damage Statistics
1762 | Earthquake Ruptures
1757 | Events
1758 | Full Report
1759 | Ground Motion Fields
1760 | Input Files
1761 | Realizations
[2021-11-08 11:21:48 #231 INFO] Sent 215 tasks, 5.52 GB in 10 seconds
[2021-11-08 11:46:32 #231 INFO] scenario_damage   1% [215 submitted, 0 queued]
[2021-11-08 11:48:37 #231 INFO] scenario_damage   2% [215 submitted, 0 queued]
[2021-11-08 11:50:22 #231 INFO] scenario_damage   3% [215 submitted, 0 queued]
[2021-11-08 11:51:07 #231 INFO] scenario_damage   4% [215 submitted, 0 queued]
[2021-11-08 11:53:41 #231 INFO] scenario_damage   5% [215 submitted, 0 queued]
[2021-11-08 11:55:28 #231 INFO] scenario_damage   6% [215 submitted, 0 queued]
[2021-11-08 11:55:56 #231 INFO] scenario_damage   7% [215 submitted, 0 queued]
[2021-11-08 11:56:12 #231 INFO] scenario_damage   8% [215 submitted, 0 queued]
[2021-11-08 11:57:02 #231 INFO] scenario_damage   9% [215 submitted, 0 queued]
[2021-11-08 11:57:33 #231 INFO] scenario_damage  10% [215 submitted, 0 queued]
[2021-11-08 11:57:40 #231 INFO] scenario_damage  11% [215 submitted, 0 queued]
[2021-11-08 11:58:14 #231 INFO] scenario_damage  12% [215 submitted, 0 queued]
[2021-11-08 11:58:32 #231 INFO] scenario_damage  13% [215 submitted, 0 queued]
[2021-11-08 11:59:19 #231 INFO] scenario_damage  14% [215 submitted, 0 queued]
[2021-11-08 12:00:12 #231 INFO] scenario_damage  15% [215 submitted, 0 queued]
[2021-11-08 12:00:21 #231 INFO] scenario_damage  16% [215 submitted, 0 queued]
[2021-11-08 12:00:57 #231 INFO] scenario_damage  17% [215 submitted, 0 queued]
[2021-11-08 12:01:25 #231 INFO] scenario_damage  18% [215 submitted, 0 queued]
[2021-11-08 12:01:36 #231 INFO] scenario_damage  19% [215 submitted, 0 queued]
[2021-11-08 12:01:56 #231 INFO] scenario_damage  20% [215 submitted, 0 queued]
[2021-11-08 12:02:20 #231 INFO] scenario_damage  21% [215 submitted, 0 queued]
[2021-11-08 12:02:37 #231 INFO] scenario_damage  22% [215 submitted, 0 queued]
[2021-11-08 12:02:45 #231 INFO] scenario_damage  23% [215 submitted, 0 queued]
[2021-11-08 12:03:02 #231 INFO] scenario_damage  24% [215 submitted, 0 queued]
[2021-11-08 12:03:13 #231 INFO] scenario_damage  25% [215 submitted, 0 queued]
[2021-11-08 12:03:30 #231 INFO] scenario_damage  26% [215 submitted, 0 queued]
[2021-11-08 12:04:31 #231 INFO] scenario_damage  27% [215 submitted, 0 queued]
[2021-11-08 12:05:19 #231 INFO] scenario_damage  28% [215 submitted, 0 queued]
[2021-11-08 12:05:53 #231 INFO] scenario_damage  29% [215 submitted, 0 queued]
[2021-11-08 12:05:59 #231 INFO] scenario_damage  30% [215 submitted, 0 queued]
[2021-11-08 12:06:03 #231 INFO] scenario_damage  31% [215 submitted, 0 queued]
[2021-11-08 12:06:25 #231 INFO] scenario_damage  32% [215 submitted, 0 queued]
[2021-11-08 12:06:41 #231 INFO] scenario_damage  33% [215 submitted, 0 queued]
[2021-11-08 12:07:53 #231 INFO] scenario_damage  34% [215 submitted, 0 queued]
[2021-11-08 12:08:07 #231 INFO] scenario_damage  35% [215 submitted, 0 queued]
[2021-11-08 12:08:29 #231 INFO] scenario_damage  36% [215 submitted, 0 queued]
[2021-11-08 12:08:52 #231 INFO] scenario_damage  37% [215 submitted, 0 queued]
[2021-11-08 12:09:27 #231 INFO] scenario_damage  38% [215 submitted, 0 queued]
[2021-11-08 12:10:52 #231 INFO] scenario_damage  39% [215 submitted, 0 queued]
[2021-11-08 12:11:32 #231 INFO] scenario_damage  40% [215 submitted, 0 queued]
[2021-11-08 12:12:44 #231 INFO] scenario_damage  41% [215 submitted, 0 queued]
[2021-11-08 12:13:04 #231 INFO] scenario_damage  42% [215 submitted, 0 queued]
[2021-11-08 12:14:33 #231 INFO] scenario_damage  43% [215 submitted, 0 queued]
[2021-11-08 12:15:04 #231 INFO] scenario_damage  44% [215 submitted, 0 queued]
[2021-11-08 12:24:15 #231 INFO] scenario_damage  45% [215 submitted, 0 queued]
[2021-11-08 12:28:48 #231 INFO] scenario_damage  46% [215 submitted, 0 queued]
[2021-11-08 12:33:22 #231 INFO] scenario_damage  47% [215 submitted, 0 queued]
[2021-11-08 12:33:57 #231 INFO] scenario_damage  48% [215 submitted, 0 queued]
[2021-11-08 12:34:54 #231 INFO] scenario_damage  49% [215 submitted, 0 queued]
[2021-11-08 12:35:10 #231 INFO] scenario_damage  50% [215 submitted, 0 queued]
[2021-11-08 12:38:07 #231 INFO] scenario_damage  51% [215 submitted, 0 queued]
[2021-11-08 12:39:00 #231 INFO] scenario_damage  52% [215 submitted, 0 queued]
[2021-11-08 12:39:20 #231 INFO] scenario_damage  53% [215 submitted, 0 queued]
[2021-11-08 12:40:24 #231 INFO] scenario_damage  54% [215 submitted, 0 queued]
[2021-11-08 12:40:38 #231 INFO] scenario_damage  55% [215 submitted, 0 queued]
[2021-11-08 12:41:21 #231 INFO] scenario_damage  56% [215 submitted, 0 queued]
[2021-11-08 12:43:02 #231 INFO] scenario_damage  57% [215 submitted, 0 queued]
[2021-11-08 12:43:21 #231 INFO] scenario_damage  58% [215 submitted, 0 queued]
[2021-11-08 12:43:54 #231 INFO] scenario_damage  59% [215 submitted, 0 queued]
[2021-11-08 12:44:17 #231 INFO] scenario_damage  60% [215 submitted, 0 queued]
[2021-11-08 12:45:04 #231 INFO] scenario_damage  61% [215 submitted, 0 queued]
[2021-11-08 12:45:35 #231 INFO] scenario_damage  62% [215 submitted, 0 queued]
[2021-11-08 12:45:53 #231 INFO] scenario_damage  63% [215 submitted, 0 queued]
[2021-11-08 12:46:28 #231 INFO] scenario_damage  64% [215 submitted, 0 queued]
[2021-11-08 12:46:45 #231 INFO] scenario_damage  65% [215 submitted, 0 queued]
[2021-11-08 12:47:11 #231 INFO] scenario_damage  66% [215 submitted, 0 queued]
[2021-11-08 12:47:11 #231 INFO] scenario_damage  67% [215 submitted, 0 queued]
[2021-11-08 12:47:15 #231 INFO] scenario_damage  68% [215 submitted, 0 queued]
[2021-11-08 12:47:25 #231 INFO] scenario_damage  69% [215 submitted, 0 queued]
[2021-11-08 12:47:38 #231 INFO] scenario_damage  70% [215 submitted, 0 queued]
[2021-11-08 12:48:24 #231 INFO] scenario_damage  71% [215 submitted, 0 queued]
[2021-11-08 12:48:38 #231 INFO] scenario_damage  72% [215 submitted, 0 queued]
[2021-11-08 12:48:55 #231 INFO] scenario_damage  73% [215 submitted, 0 queued]
[2021-11-08 12:49:22 #231 INFO] scenario_damage  74% [215 submitted, 0 queued]
[2021-11-08 12:49:31 #231 INFO] scenario_damage  75% [215 submitted, 0 queued]
[2021-11-08 12:50:02 #231 INFO] scenario_damage  76% [215 submitted, 0 queued]
[2021-11-08 12:50:31 #231 INFO] scenario_damage  77% [215 submitted, 0 queued]
[2021-11-08 12:51:02 #231 INFO] scenario_damage  78% [215 submitted, 0 queued]
[2021-11-08 12:51:34 #231 INFO] scenario_damage  79% [215 submitted, 0 queued]
[2021-11-08 12:51:52 #231 INFO] scenario_damage  80% [215 submitted, 0 queued]
[2021-11-08 12:52:12 #231 INFO] scenario_damage  81% [215 submitted, 0 queued]
[2021-11-08 12:53:05 #231 INFO] scenario_damage  82% [215 submitted, 0 queued]
[2021-11-08 12:53:36 #231 INFO] scenario_damage  83% [215 submitted, 0 queued]
[2021-11-08 12:55:05 #231 INFO] scenario_damage  84% [215 submitted, 0 queued]
[2021-11-08 12:55:36 #231 INFO] scenario_damage  85% [215 submitted, 0 queued]
[2021-11-08 12:55:43 #231 INFO] scenario_damage  86% [215 submitted, 0 queued]
[2021-11-08 12:56:30 #231 INFO] scenario_damage  87% [215 submitted, 0 queued]
[2021-11-08 12:57:01 #231 INFO] scenario_damage  88% [215 submitted, 0 queued]
[2021-11-08 12:59:04 #231 INFO] scenario_damage  89% [215 submitted, 0 queued]
[2021-11-08 13:02:42 #231 INFO] scenario_damage  90% [215 submitted, 0 queued]
[2021-11-08 13:03:27 #231 INFO] scenario_damage  91% [215 submitted, 0 queued]
[2021-11-08 13:04:03 #231 INFO] scenario_damage  92% [215 submitted, 0 queued]
[2021-11-08 13:05:48 #231 INFO] scenario_damage  93% [215 submitted, 0 queued]
[2021-11-08 13:08:30 #231 INFO] scenario_damage  94% [215 submitted, 0 queued]
[2021-11-08 13:09:30 #231 INFO] scenario_damage  95% [215 submitted, 0 queued]
[2021-11-08 13:12:08 #231 INFO] scenario_damage  96% [215 submitted, 0 queued]
[2021-11-08 13:12:18 #231 INFO] scenario_damage  97% [215 submitted, 0 queued]
[2021-11-08 13:12:57 #231 INFO] scenario_damage  98% [215 submitted, 0 queued]
[2021-11-08 13:13:13 #231 INFO] scenario_damage  99% [215 submitted, 0 queued]
[2021-11-08 13:13:56 #231 INFO] scenario_damage 100% [215 submitted, 0 queued]
[2021-11-08 13:13:56 #231 INFO] Mean time per core=5526s, std=553.5s, min=4765s, max=6726s
[2021-11-08 13:13:56 #231 INFO] Received {'aed': '1.66 GB', 'd_asset': '597.09 MB', 'd_event': '381.29 MB'} in 6727 seconds
[2021-11-08 13:13:56 #231 INFO] Saving 1.66 GB in dd_data (instead of 179.95 GB)
[2021-11-08 13:15:53 #231 INFO] Portfolio damage
==== ========== ========= =======
kind loss_type  dmg_state value  
==== ========== ========= =======
avg  structural no_damage 179_837
avg  structural slight    106    
avg  structural moderate  13     
avg  structural extensive 4.36247
avg  structural complete  5.09692
std  structural no_damage 2_535  
std  structural slight    1_828  
std  structural moderate  425    
std  structural extensive 176    
std  structural complete  273    
==== ========== ========= =======
[2021-11-08 13:15:53 #231 INFO] Due to rounding errors inherent in floating-point arithmetic, the total number of buildings is not exact: {'expected': 179967.0, 'structural': 29209.998}
[2021-11-08 13:15:59 #231 INFO] Exposing the outputs to the database
[2021-11-08 13:15:59 #231 INFO] Stored 375.26 MB on /root/oqdata/calc_231.hdf5 in 6957 seconds
/home/ssm-user/src/oq-engine/openquake/hazardlib/gsim/base.py:347: ExperimentalWarning: CanadaSHM6_ActiveCrust_BooreEtAl2014 is experimental and may change in future versions - the user is liable for their application
  warnings.warn(msg, ExperimentalWarning)
/home/ssm-user/src/oq-engine/openquake/hazardlib/gsim/base.py:347: ExperimentalWarning: CanadaSHM6_ActiveCrust_BooreEtAl2014 is experimental and may change in future versions - the user is liable for their application
  warnings.warn(msg, ExperimentalWarning)
/home/ssm-user/src/oq-engine/openquake/hazardlib/gsim/base.py:347: ExperimentalWarning: CanadaSHM6_ActiveCrust_BooreEtAl2014 is experimental and may change in future versions - the user is liable for their application
  warnings.warn(msg, ExperimentalWarning)
/home/ssm-user/src/oq-engine/openquake/hazardlib/gsim/base.py:347: ExperimentalWarning: CanadaSHM6_ActiveCrust_BooreEtAl2014 is experimental and may change in future versions - the user is liable for their application
  warnings.warn(msg, ExperimentalWarning)
/home/ssm-user/src/oq-engine/openquake/hazardlib/gsim/base.py:347: ExperimentalWarning: CanadaSHM6_ActiveCrust_BooreEtAl2014 is experimental and may change in future versions - the user is liable for their application
  warnings.warn(msg, ExperimentalWarning)
/home/ssm-user/src/oq-engine/openquake/hazardlib/gsim/base.py:347: ExperimentalWarning: CanadaSHM6_ActiveCrust_BooreEtAl2014 is experimental and may change in future versions - the user is liable for their application
  warnings.warn(msg, ExperimentalWarning)
/home/ssm-user/src/oq-engine/openquake/hazardlib/gsim/base.py:347: ExperimentalWarning: CanadaSHM6_ActiveCrust_BooreEtAl2014 is experimental and may change in future versions - the user is liable for their application
  warnings.warn(msg, ExperimentalWarning)
/home/ssm-user/src/oq-engine/openquake/hazardlib/gsim/base.py:347: ExperimentalWarning: CanadaSHM6_ActiveCrust_BooreEtAl2014 is experimental and may change in future versions - the user is liable for their application
  warnings.warn(msg, ExperimentalWarning)
/home/ssm-user/src/oq-engine/openquake/hazardlib/gsim/base.py:347: ExperimentalWarning: CanadaSHM6_ActiveCrust_BooreEtAl2014 is experimental and may change in future versions - the user is liable for their application
  warnings.warn(msg, ExperimentalWarning)
/home/ssm-user/src/oq-engine/openquake/hazardlib/gsim/base.py:347: ExperimentalWarning: CanadaSHM6_ActiveCrust_BooreEtAl2014 is experimental and may change in future versions - the user is liable for their application
  warnings.warn(msg, ExperimentalWarning)
/home/ssm-user/src/oq-engine/openquake/hazardlib/gsim/base.py:347: ExperimentalWarning: CanadaSHM6_ActiveCrust_BooreEtAl2014 is experimental and may change in future versions - the user is liable for their application
  warnings.warn(msg, ExperimentalWarning)
/home/ssm-user/src/oq-engine/openquake/hazardlib/gsim/base.py:347: ExperimentalWarning: CanadaSHM6_ActiveCrust_BooreEtAl2014 is experimental and may change in future versions - the user is liable for their application
  warnings.warn(msg, ExperimentalWarning)
/home/ssm-user/src/oq-engine/openquake/hazardlib/gsim/base.py:347: ExperimentalWarning: CanadaSHM6_ActiveCrust_BooreEtAl2014 is experimental and may change in future versions - the user is liable for their application
  warnings.warn(msg, ExperimentalWarning)
/home/ssm-user/src/oq-engine/openquake/hazardlib/gsim/base.py:347: ExperimentalWarning: CanadaSHM6_ActiveCrust_BooreEtAl2014 is experimental and may change in future versions - the user is liable for their application
  warnings.warn(msg, ExperimentalWarning)
/home/ssm-user/src/oq-engine/openquake/hazardlib/gsim/base.py:347: ExperimentalWarning: CanadaSHM6_ActiveCrust_BooreEtAl2014 is experimental and may change in future versions - the user is liable for their application
  warnings.warn(msg, ExperimentalWarning)
/home/ssm-user/src/oq-engine/openquake/hazardlib/gsim/base.py:347: ExperimentalWarning: CanadaSHM6_ActiveCrust_BooreEtAl2014 is experimental and may change in future versions - the user is liable for their application
  warnings.warn(msg, ExperimentalWarning)
/home/ssm-user/src/oq-engine/openquake/hazardlib/gsim/base.py:347: ExperimentalWarning: CanadaSHM6_ActiveCrust_BooreEtAl2014 is experimental and may change in future versions - the user is liable for their application
  warnings.warn(msg, ExperimentalWarning)
/home/ssm-user/src/oq-engine/openquake/hazardlib/gsim/base.py:347: ExperimentalWarning: CanadaSHM6_ActiveCrust_BooreEtAl2014 is experimental and may change in future versions - the user is liable for their application
  warnings.warn(msg, ExperimentalWarning)
/home/ssm-user/src/oq-engine/openquake/hazardlib/gsim/base.py:347: ExperimentalWarning: CanadaSHM6_ActiveCrust_BooreEtAl2014 is experimental and may change in future versions - the user is liable for their application
  warnings.warn(msg, ExperimentalWarning)
/home/ssm-user/src/oq-engine/openquake/hazardlib/gsim/base.py:347: ExperimentalWarning: CanadaSHM6_ActiveCrust_BooreEtAl2014 is experimental and may change in future versions - the user is liable for their application
  warnings.warn(msg, ExperimentalWarning)
/home/ssm-user/src/oq-engine/openquake/hazardlib/gsim/base.py:347: ExperimentalWarning: CanadaSHM6_ActiveCrust_BooreEtAl2014 is experimental and may change in future versions - the user is liable for their application
  warnings.warn(msg, ExperimentalWarning)
/home/ssm-user/src/oq-engine/openquake/hazardlib/gsim/base.py:347: ExperimentalWarning: CanadaSHM6_ActiveCrust_BooreEtAl2014 is experimental and may change in future versions - the user is liable for their application
  warnings.warn(msg, ExperimentalWarning)
/home/ssm-user/src/oq-engine/openquake/hazardlib/gsim/base.py:347: ExperimentalWarning: CanadaSHM6_ActiveCrust_BooreEtAl2014 is experimental and may change in future versions - the user is liable for their application
  warnings.warn(msg, ExperimentalWarning)
/home/ssm-user/src/oq-engine/openquake/hazardlib/gsim/base.py:347: ExperimentalWarning: CanadaSHM6_ActiveCrust_BooreEtAl2014 is experimental and may change in future versions - the user is liable for their application
  warnings.warn(msg, ExperimentalWarning)
/home/ssm-user/src/oq-engine/openquake/hazardlib/gsim/base.py:347: ExperimentalWarning: CanadaSHM6_ActiveCrust_BooreEtAl2014 is experimental and may change in future versions - the user is liable for their application
  warnings.warn(msg, ExperimentalWarning)
/home/ssm-user/src/oq-engine/openquake/hazardlib/gsim/base.py:347: ExperimentalWarning: CanadaSHM6_ActiveCrust_BooreEtAl2014 is experimental and may change in future versions - the user is liable for their application
  warnings.warn(msg, ExperimentalWarning)
/home/ssm-user/src/oq-engine/openquake/hazardlib/gsim/base.py:347: ExperimentalWarning: CanadaSHM6_ActiveCrust_BooreEtAl2014 is experimental and may change in future versions - the user is liable for their application
  warnings.warn(msg, ExperimentalWarning)
/home/ssm-user/src/oq-engine/openquake/hazardlib/gsim/base.py:347: ExperimentalWarning: CanadaSHM6_ActiveCrust_BooreEtAl2014 is experimental and may change in future versions - the user is liable for their application
  warnings.warn(msg, ExperimentalWarning)
/home/ssm-user/src/oq-engine/openquake/hazardlib/gsim/base.py:347: ExperimentalWarning: CanadaSHM6_ActiveCrust_BooreEtAl2014 is experimental and may change in future versions - the user is liable for their application
  warnings.warn(msg, ExperimentalWarning)
/home/ssm-user/src/oq-engine/openquake/hazardlib/gsim/base.py:347: ExperimentalWarning: CanadaSHM6_ActiveCrust_BooreEtAl2014 is experimental and may change in future versions - the user is liable for their application
  warnings.warn(msg, ExperimentalWarning)
/home/ssm-user/src/oq-engine/openquake/hazardlib/gsim/base.py:347: ExperimentalWarning: CanadaSHM6_ActiveCrust_BooreEtAl2014 is experimental and may change in future versions - the user is liable for their application
  warnings.warn(msg, ExperimentalWarning)
/home/ssm-user/src/oq-engine/openquake/hazardlib/gsim/base.py:347: ExperimentalWarning: CanadaSHM6_ActiveCrust_BooreEtAl2014 is experimental and may change in future versions - the user is liable for their application
  warnings.warn(msg, ExperimentalWarning)
/home/ssm-user/src/oq-engine/openquake/hazardlib/gsim/base.py:347: ExperimentalWarning: CanadaSHM6_ActiveCrust_BooreEtAl2014 is experimental and may change in future versions - the user is liable for their application
  warnings.warn(msg, ExperimentalWarning)
/home/ssm-user/src/oq-engine/openquake/hazardlib/gsim/base.py:347: ExperimentalWarning: CanadaSHM6_ActiveCrust_BooreEtAl2014 is experimental and may change in future versions - the user is liable for their application
  warnings.warn(msg, ExperimentalWarning)
/home/ssm-user/src/oq-engine/openquake/hazardlib/gsim/base.py:347: ExperimentalWarning: CanadaSHM6_ActiveCrust_BooreEtAl2014 is experimental and may change in future versions - the user is liable for their application
  warnings.warn(msg, ExperimentalWarning)
/home/ssm-user/src/oq-engine/openquake/hazardlib/gsim/base.py:347: ExperimentalWarning: CanadaSHM6_ActiveCrust_BooreEtAl2014 is experimental and may change in future versions - the user is liable for their application
  warnings.warn(msg, ExperimentalWarning)
/home/ssm-user/src/oq-engine/openquake/hazardlib/gsim/base.py:347: ExperimentalWarning: CanadaSHM6_ActiveCrust_BooreEtAl2014 is experimental and may change in future versions - the user is liable for their application
  warnings.warn(msg, ExperimentalWarning)
/home/ssm-user/src/oq-engine/openquake/hazardlib/gsim/base.py:347: ExperimentalWarning: CanadaSHM6_ActiveCrust_BooreEtAl2014 is experimental and may change in future versions - the user is liable for their application
  warnings.warn(msg, ExperimentalWarning)
/home/ssm-user/src/oq-engine/openquake/hazardlib/gsim/base.py:347: ExperimentalWarning: CanadaSHM6_ActiveCrust_BooreEtAl2014 is experimental and may change in future versions - the user is liable for their application
  warnings.warn(msg, ExperimentalWarning)
/home/ssm-user/src/oq-engine/openquake/hazardlib/gsim/base.py:347: ExperimentalWarning: CanadaSHM6_ActiveCrust_BooreEtAl2014 is experimental and may change in future versions - the user is liable for their application
  warnings.warn(msg, ExperimentalWarning)
/home/ssm-user/src/oq-engine/openquake/hazardlib/gsim/base.py:347: ExperimentalWarning: CanadaSHM6_ActiveCrust_BooreEtAl2014 is experimental and may change in future versions - the user is liable for their application
  warnings.warn(msg, ExperimentalWarning)
/home/ssm-user/src/oq-engine/openquake/hazardlib/gsim/base.py:347: ExperimentalWarning: CanadaSHM6_ActiveCrust_BooreEtAl2014 is experimental and may change in future versions - the user is liable for their application
  warnings.warn(msg, ExperimentalWarning)
/home/ssm-user/src/oq-engine/openquake/hazardlib/gsim/base.py:347: ExperimentalWarning: CanadaSHM6_ActiveCrust_BooreEtAl2014 is experimental and may change in future versions - the user is liable for their application
  warnings.warn(msg, ExperimentalWarning)
/home/ssm-user/src/oq-engine/openquake/hazardlib/gsim/base.py:347: ExperimentalWarning: CanadaSHM6_ActiveCrust_BooreEtAl2014 is experimental and may change in future versions - the user is liable for their application
  warnings.warn(msg, ExperimentalWarning)
/home/ssm-user/src/oq-engine/openquake/hazardlib/gsim/base.py:347: ExperimentalWarning: CanadaSHM6_ActiveCrust_BooreEtAl2014 is experimental and may change in future versions - the user is liable for their application
  warnings.warn(msg, ExperimentalWarning)
/home/ssm-user/src/oq-engine/openquake/hazardlib/gsim/base.py:347: ExperimentalWarning: CanadaSHM6_ActiveCrust_BooreEtAl2014 is experimental and may change in future versions - the user is liable for their application
  warnings.warn(msg, ExperimentalWarning)
/home/ssm-user/src/oq-engine/openquake/hazardlib/gsim/base.py:347: ExperimentalWarning: CanadaSHM6_ActiveCrust_BooreEtAl2014 is experimental and may change in future versions - the user is liable for their application
  warnings.warn(msg, ExperimentalWarning)
/home/ssm-user/src/oq-engine/openquake/hazardlib/gsim/base.py:347: ExperimentalWarning: CanadaSHM6_ActiveCrust_BooreEtAl2014 is experimental and may change in future versions - the user is liable for their application
  warnings.warn(msg, ExperimentalWarning)
/home/ssm-user/src/oq-engine/openquake/hazardlib/gsim/base.py:347: ExperimentalWarning: CanadaSHM6_ActiveCrust_BooreEtAl2014 is experimental and may change in future versions - the user is liable for their application
  warnings.warn(msg, ExperimentalWarning)
/home/ssm-user/src/oq-engine/openquake/hazardlib/gsim/base.py:347: ExperimentalWarning: CanadaSHM6_ActiveCrust_BooreEtAl2014 is experimental and may change in future versions - the user is liable for their application
  warnings.warn(msg, ExperimentalWarning)
/home/ssm-user/src/oq-engine/openquake/hazardlib/gsim/base.py:347: ExperimentalWarning: CanadaSHM6_ActiveCrust_BooreEtAl2014 is experimental and may change in future versions - the user is liable for their application
  warnings.warn(msg, ExperimentalWarning)
/home/ssm-user/src/oq-engine/openquake/hazardlib/gsim/base.py:347: ExperimentalWarning: CanadaSHM6_ActiveCrust_BooreEtAl2014 is experimental and may change in future versions - the user is liable for their application
  warnings.warn(msg, ExperimentalWarning)
/home/ssm-user/src/oq-engine/openquake/hazardlib/gsim/base.py:347: ExperimentalWarning: CanadaSHM6_ActiveCrust_BooreEtAl2014 is experimental and may change in future versions - the user is liable for their application
  warnings.warn(msg, ExperimentalWarning)
/home/ssm-user/src/oq-engine/openquake/hazardlib/gsim/base.py:347: ExperimentalWarning: CanadaSHM6_ActiveCrust_BooreEtAl2014 is experimental and may change in future versions - the user is liable for their application
  warnings.warn(msg, ExperimentalWarning)
/home/ssm-user/src/oq-engine/openquake/hazardlib/gsim/base.py:347: ExperimentalWarning: CanadaSHM6_ActiveCrust_BooreEtAl2014 is experimental and may change in future versions - the user is liable for their application
  warnings.warn(msg, ExperimentalWarning)
/home/ssm-user/src/oq-engine/openquake/hazardlib/gsim/base.py:347: ExperimentalWarning: CanadaSHM6_ActiveCrust_BooreEtAl2014 is experimental and may change in future versions - the user is liable for their application
  warnings.warn(msg, ExperimentalWarning)
/home/ssm-user/src/oq-engine/openquake/hazardlib/gsim/base.py:347: ExperimentalWarning: CanadaSHM6_ActiveCrust_BooreEtAl2014 is experimental and may change in future versions - the user is liable for their application
  warnings.warn(msg, ExperimentalWarning)
/home/ssm-user/src/oq-engine/openquake/hazardlib/gsim/base.py:347: ExperimentalWarning: CanadaSHM6_ActiveCrust_BooreEtAl2014 is experimental and may change in future versions - the user is liable for their application
  warnings.warn(msg, ExperimentalWarning)
/home/ssm-user/src/oq-engine/openquake/hazardlib/gsim/base.py:347: ExperimentalWarning: CanadaSHM6_ActiveCrust_BooreEtAl2014 is experimental and may change in future versions - the user is liable for their application
  warnings.warn(msg, ExperimentalWarning)
/home/ssm-user/src/oq-engine/openquake/hazardlib/gsim/base.py:347: ExperimentalWarning: CanadaSHM6_ActiveCrust_BooreEtAl2014 is experimental and may change in future versions - the user is liable for their application
  warnings.warn(msg, ExperimentalWarning)
/home/ssm-user/src/oq-engine/openquake/hazardlib/gsim/base.py:347: ExperimentalWarning: CanadaSHM6_ActiveCrust_BooreEtAl2014 is experimental and may change in future versions - the user is liable for their application
  warnings.warn(msg, ExperimentalWarning)
/home/ssm-user/src/oq-engine/openquake/hazardlib/gsim/base.py:347: ExperimentalWarning: CanadaSHM6_ActiveCrust_BooreEtAl2014 is experimental and may change in future versions - the user is liable for their application
  warnings.warn(msg, ExperimentalWarning)
/home/ssm-user/src/oq-engine/openquake/hazardlib/gsim/base.py:347: ExperimentalWarning: CanadaSHM6_ActiveCrust_BooreEtAl2014 is experimental and may change in future versions - the user is liable for their application
  warnings.warn(msg, ExperimentalWarning)
/home/ssm-user/src/oq-engine/openquake/hazardlib/gsim/base.py:347: ExperimentalWarning: CanadaSHM6_ActiveCrust_BooreEtAl2014 is experimental and may change in future versions - the user is liable for their application
  warnings.warn(msg, ExperimentalWarning)
/home/ssm-user/src/oq-engine/openquake/hazardlib/gsim/base.py:347: ExperimentalWarning: CanadaSHM6_ActiveCrust_BooreEtAl2014 is experimental and may change in future versions - the user is liable for their application
  warnings.warn(msg, ExperimentalWarning)
/home/ssm-user/src/oq-engine/openquake/hazardlib/gsim/base.py:347: ExperimentalWarning: CanadaSHM6_ActiveCrust_BooreEtAl2014 is experimental and may change in future versions - the user is liable for their application
  warnings.warn(msg, ExperimentalWarning)
/home/ssm-user/src/oq-engine/openquake/hazardlib/gsim/base.py:347: ExperimentalWarning: CanadaSHM6_ActiveCrust_BooreEtAl2014 is experimental and may change in future versions - the user is liable for their application
  warnings.warn(msg, ExperimentalWarning)
/home/ssm-user/src/oq-engine/openquake/hazardlib/gsim/base.py:347: ExperimentalWarning: CanadaSHM6_ActiveCrust_BooreEtAl2014 is experimental and may change in future versions - the user is liable for their application
  warnings.warn(msg, ExperimentalWarning)
/home/ssm-user/src/oq-engine/openquake/hazardlib/gsim/base.py:347: ExperimentalWarning: CanadaSHM6_ActiveCrust_BooreEtAl2014 is experimental and may change in future versions - the user is liable for their application
  warnings.warn(msg, ExperimentalWarning)
/home/ssm-user/src/oq-engine/openquake/hazardlib/gsim/base.py:347: ExperimentalWarning: CanadaSHM6_ActiveCrust_BooreEtAl2014 is experimental and may change in future versions - the user is liable for their application
  warnings.warn(msg, ExperimentalWarning)
/home/ssm-user/src/oq-engine/openquake/hazardlib/gsim/base.py:347: ExperimentalWarning: CanadaSHM6_ActiveCrust_BooreEtAl2014 is experimental and may change in future versions - the user is liable for their application
  warnings.warn(msg, ExperimentalWarning)
/home/ssm-user/src/oq-engine/openquake/hazardlib/gsim/base.py:347: ExperimentalWarning: CanadaSHM6_ActiveCrust_BooreEtAl2014 is experimental and may change in future versions - the user is liable for their application
  warnings.warn(msg, ExperimentalWarning)
/home/ssm-user/src/oq-engine/openquake/hazardlib/gsim/base.py:347: ExperimentalWarning: CanadaSHM6_ActiveCrust_BooreEtAl2014 is experimental and may change in future versions - the user is liable for their application
  warnings.warn(msg, ExperimentalWarning)
/home/ssm-user/src/oq-engine/openquake/hazardlib/gsim/base.py:347: ExperimentalWarning: CanadaSHM6_ActiveCrust_BooreEtAl2014 is experimental and may change in future versions - the user is liable for their application
  warnings.warn(msg, ExperimentalWarning)
/home/ssm-user/src/oq-engine/openquake/hazardlib/gsim/base.py:347: ExperimentalWarning: CanadaSHM6_ActiveCrust_BooreEtAl2014 is experimental and may change in future versions - the user is liable for their application
  warnings.warn(msg, ExperimentalWarning)
/home/ssm-user/src/oq-engine/openquake/hazardlib/gsim/base.py:347: ExperimentalWarning: CanadaSHM6_ActiveCrust_BooreEtAl2014 is experimental and may change in future versions - the user is liable for their application
  warnings.warn(msg, ExperimentalWarning)
/home/ssm-user/src/oq-engine/openquake/hazardlib/gsim/base.py:347: ExperimentalWarning: CanadaSHM6_ActiveCrust_BooreEtAl2014 is experimental and may change in future versions - the user is liable for their application
  warnings.warn(msg, ExperimentalWarning)
/home/ssm-user/src/oq-engine/openquake/hazardlib/gsim/base.py:347: ExperimentalWarning: CanadaSHM6_ActiveCrust_BooreEtAl2014 is experimental and may change in future versions - the user is liable for their application
  warnings.warn(msg, ExperimentalWarning)
/home/ssm-user/src/oq-engine/openquake/hazardlib/gsim/base.py:347: ExperimentalWarning: CanadaSHM6_ActiveCrust_BooreEtAl2014 is experimental and may change in future versions - the user is liable for their application
  warnings.warn(msg, ExperimentalWarning)
/home/ssm-user/src/oq-engine/openquake/hazardlib/gsim/base.py:347: ExperimentalWarning: CanadaSHM6_ActiveCrust_BooreEtAl2014 is experimental and may change in future versions - the user is liable for their application
  warnings.warn(msg, ExperimentalWarning)
/home/ssm-user/src/oq-engine/openquake/hazardlib/gsim/base.py:347: ExperimentalWarning: CanadaSHM6_ActiveCrust_BooreEtAl2014 is experimental and may change in future versions - the user is liable for their application
  warnings.warn(msg, ExperimentalWarning)
/home/ssm-user/src/oq-engine/openquake/hazardlib/gsim/base.py:347: ExperimentalWarning: CanadaSHM6_ActiveCrust_BooreEtAl2014 is experimental and may change in future versions - the user is liable for their application
  warnings.warn(msg, ExperimentalWarning)
/home/ssm-user/src/oq-engine/openquake/hazardlib/gsim/base.py:347: ExperimentalWarning: CanadaSHM6_ActiveCrust_BooreEtAl2014 is experimental and may change in future versions - the user is liable for their application
  warnings.warn(msg, ExperimentalWarning)
/home/ssm-user/src/oq-engine/openquake/hazardlib/gsim/base.py:347: ExperimentalWarning: CanadaSHM6_ActiveCrust_BooreEtAl2014 is experimental and may change in future versions - the user is liable for their application
  warnings.warn(msg, ExperimentalWarning)
/home/ssm-user/src/oq-engine/openquake/hazardlib/gsim/base.py:347: ExperimentalWarning: CanadaSHM6_ActiveCrust_BooreEtAl2014 is experimental and may change in future versions - the user is liable for their application
  warnings.warn(msg, ExperimentalWarning)
/home/ssm-user/src/oq-engine/openquake/hazardlib/gsim/base.py:347: ExperimentalWarning: CanadaSHM6_ActiveCrust_BooreEtAl2014 is experimental and may change in future versions - the user is liable for their application
  warnings.warn(msg, ExperimentalWarning)
/home/ssm-user/src/oq-engine/openquake/hazardlib/gsim/base.py:347: ExperimentalWarning: CanadaSHM6_ActiveCrust_BooreEtAl2014 is experimental and may change in future versions - the user is liable for their application
  warnings.warn(msg, ExperimentalWarning)
/home/ssm-user/src/oq-engine/openquake/hazardlib/gsim/base.py:347: ExperimentalWarning: CanadaSHM6_ActiveCrust_BooreEtAl2014 is experimental and may change in future versions - the user is liable for their application
  warnings.warn(msg, ExperimentalWarning)
/home/ssm-user/src/oq-engine/openquake/hazardlib/gsim/base.py:347: ExperimentalWarning: CanadaSHM6_ActiveCrust_BooreEtAl2014 is experimental and may change in future versions - the user is liable for their application
  warnings.warn(msg, ExperimentalWarning)
/home/ssm-user/src/oq-engine/openquake/hazardlib/gsim/base.py:347: ExperimentalWarning: CanadaSHM6_ActiveCrust_BooreEtAl2014 is experimental and may change in future versions - the user is liable for their application
  warnings.warn(msg, ExperimentalWarning)
/home/ssm-user/src/oq-engine/openquake/hazardlib/gsim/base.py:347: ExperimentalWarning: CanadaSHM6_ActiveCrust_BooreEtAl2014 is experimental and may change in future versions - the user is liable for their application
  warnings.warn(msg, ExperimentalWarning)
/home/ssm-user/src/oq-engine/openquake/hazardlib/gsim/base.py:347: ExperimentalWarning: CanadaSHM6_ActiveCrust_BooreEtAl2014 is experimental and may change in future versions - the user is liable for their application
  warnings.warn(msg, ExperimentalWarning)
/home/ssm-user/src/oq-engine/openquake/hazardlib/gsim/base.py:347: ExperimentalWarning: CanadaSHM6_ActiveCrust_BooreEtAl2014 is experimental and may change in future versions - the user is liable for their application
  warnings.warn(msg, ExperimentalWarning)
/home/ssm-user/src/oq-engine/openquake/hazardlib/gsim/base.py:347: ExperimentalWarning: CanadaSHM6_ActiveCrust_BooreEtAl2014 is experimental and may change in future versions - the user is liable for their application
  warnings.warn(msg, ExperimentalWarning)
/home/ssm-user/src/oq-engine/openquake/hazardlib/gsim/base.py:347: ExperimentalWarning: CanadaSHM6_ActiveCrust_BooreEtAl2014 is experimental and may change in future versions - the user is liable for their application
  warnings.warn(msg, ExperimentalWarning)
/home/ssm-user/src/oq-engine/openquake/hazardlib/gsim/base.py:347: ExperimentalWarning: CanadaSHM6_ActiveCrust_BooreEtAl2014 is experimental and may change in future versions - the user is liable for their application
  warnings.warn(msg, ExperimentalWarning)
[2021-11-08 13:16:00 #231 INFO] Stopping the workers
  id | name
1765 | Aggregate Event Damages
1763 | Asset Damage Distributions
1764 | Asset Damage Statistics
1766 | Full Report
1767 | Realizations
