/home/ssm-user/src/oq-engine/openquake/hazardlib/gsim/base.py:347: ExperimentalWarning: CanadaSHM6_ActiveCrust_BooreEtAl2014 is experimental and may change in future versions - the user is liable for their application
  warnings.warn(msg, ExperimentalWarning)
/home/ssm-user/src/oq-engine/openquake/hazardlib/gsim/base.py:347: ExperimentalWarning: CanadaSHM6_ActiveCrust_AbrahamsonEtAl2014 is experimental and may change in future versions - the user is liable for their application
  warnings.warn(msg, ExperimentalWarning)
/home/ssm-user/src/oq-engine/openquake/hazardlib/gsim/base.py:347: ExperimentalWarning: CanadaSHM6_ActiveCrust_BooreEtAl2014 is experimental and may change in future versions - the user is liable for their application
  warnings.warn(msg, ExperimentalWarning)
/home/ssm-user/src/oq-engine/openquake/hazardlib/gsim/base.py:347: ExperimentalWarning: CanadaSHM6_ActiveCrust_CampbellBozorgnia2014 is experimental and may change in future versions - the user is liable for their application
  warnings.warn(msg, ExperimentalWarning)
/home/ssm-user/src/oq-engine/openquake/hazardlib/gsim/base.py:347: ExperimentalWarning: CanadaSHM6_ActiveCrust_ChiouYoungs2014 is experimental and may change in future versions - the user is liable for their application
  warnings.warn(msg, ExperimentalWarning)
[2021-12-04 13:25:31 #199 INFO] root running /mnt/storage/canada-srm2/ebRisk/input/ebRisk_b0_NU_X.ini [--hc=None]
[2021-12-04 13:25:31 #199 INFO] Using engine version 3.11.3-git0cccb86798
[2021-12-04 13:25:31 #199 WARNING] Version v3.12.1 of the engine is available, but you are still using version 3.11.3-git0cccb86798
[2021-12-04 13:25:31 #199 WARNING] Using 96 cores on ip-10-70-136-20
[2021-12-04 13:25:31 #199 INFO] Validated nationalModel.xml in 0.01 seconds
[2021-12-04 13:25:31 #199 INFO] Checksum of the input files: 514598877
[2021-12-04 13:25:31 #199 INFO] Reading the risk model if present
[2021-12-04 13:25:54 #199 INFO] Reading /mnt/storage/openquake-inputs/exposure/general-building-stock/oqBldgExp_NU_X.xml
[2021-12-04 13:25:54 #199 INFO] Extracting the hazard sites from the site model
[2021-12-04 13:26:07 #199 INFO] Associated 2087 assets to 78 sites
[2021-12-04 13:26:08 #199 INFO] Reducing risk model from 7260 to 158 taxonomies
[2021-12-04 13:26:14 #199 INFO] minimum_asset_loss={'contents': 0, 'nonstructural': 0, 'occupants': 0, 'structural': 0}
[2021-12-04 13:26:14 #199 INFO] Storing 147 aggregation keys
[2021-12-04 13:26:14 #199 INFO] Considering 200 logic tree paths out of 24_576
[2021-12-04 13:26:14 #199 INFO] Reading the source model(s) in parallel
[2021-12-04 13:26:17 #199 INFO] read_source_model  16% [6 submitted, 0 queued]
[2021-12-04 13:26:17 #199 INFO] read_source_model  33% [6 submitted, 0 queued]
[2021-12-04 13:26:17 #199 INFO] read_source_model  50% [6 submitted, 0 queued]
[2021-12-04 13:26:17 #199 INFO] read_source_model  66% [6 submitted, 0 queued]
[2021-12-04 13:26:17 #199 INFO] read_source_model  83% [6 submitted, 0 queued]
[2021-12-04 13:26:17 #199 INFO] read_source_model 100% [6 submitted, 0 queued]
[2021-12-04 13:26:17 #199 INFO] Mean time per core=0s, std=0.0s, min=0s, max=0s
[2021-12-04 13:26:17 #199 INFO] Received {'/mnt/storage/CanadaSHM6/OpenQuake_model_files/sources/nationalModel/xml/simplifiedModel/WCan_HYeast_Harctic_simplified_collapsedRates.xml': '157.72 KB', '/mnt/storage/CanadaSHM6/OpenQuake_model_files/sources/nationalModel/xml/simplifiedModel/WCan_H2east_Harctic_simplified_collapsedRates.xml': '152.1 KB', '/mnt/storage/CanadaSHM6/OpenQuake_model_files/sources/nationalModel/xml/simplifiedModel/WCan_HYeast_Rarctic_simplified_collapsedRates.xml': '151.35 KB', '/mnt/storage/CanadaSHM6/OpenQuake_model_files/sources/nationalModel/xml/simplifiedModel/WCan_H2east_Rarctic_simplified_collapsedRates.xml': '145.73 KB', '/mnt/storage/CanadaSHM6/OpenQuake_model_files/sources/nationalModel/xml/simplifiedModel/WCan_R2east_Harctic_simplified_collapsedRates.xml': '137.01 KB', '/mnt/storage/CanadaSHM6/OpenQuake_model_files/sources/nationalModel/xml/simplifiedModel/WCan_R2east_Rarctic_simplified_collapsedRates.xml': '130.86 KB'} in 1 seconds
/home/ssm-user/src/oq-engine/openquake/hazardlib/gsim/base.py:347: ExperimentalWarning: CanadaSHM6_ActiveCrust_BooreEtAl2014 is experimental and may change in future versions - the user is liable for their application
  warnings.warn(msg, ExperimentalWarning)
/home/ssm-user/src/oq-engine/openquake/hazardlib/gsim/base.py:347: ExperimentalWarning: CanadaSHM6_ActiveCrust_BooreEtAl2014 is experimental and may change in future versions - the user is liable for their application
  warnings.warn(msg, ExperimentalWarning)
/home/ssm-user/src/oq-engine/openquake/hazardlib/gsim/base.py:347: ExperimentalWarning: CanadaSHM6_ActiveCrust_BooreEtAl2014 is experimental and may change in future versions - the user is liable for their application
  warnings.warn(msg, ExperimentalWarning)
/home/ssm-user/src/oq-engine/openquake/hazardlib/gsim/base.py:347: ExperimentalWarning: CanadaSHM6_ActiveCrust_BooreEtAl2014 is experimental and may change in future versions - the user is liable for their application
  warnings.warn(msg, ExperimentalWarning)
/home/ssm-user/src/oq-engine/openquake/hazardlib/gsim/base.py:347: ExperimentalWarning: CanadaSHM6_ActiveCrust_BooreEtAl2014 is experimental and may change in future versions - the user is liable for their application
  warnings.warn(msg, ExperimentalWarning)
[2021-12-04 13:26:18 #199 INFO] There are multiple different sources with the same ID [<AreaSource SCCYA;0>, <AreaSource SCCYA;1>]
[2021-12-04 13:26:18 #199 INFO] There are 13 groups and 198 sources with len(et_ids)=3.87
[2021-12-04 13:26:18 #199 INFO] Checking the sources bounding box
[2021-12-04 13:26:18 #199 ERROR] source ACM: The buffer of 600 km is too large, the bounding box is larger than half the globe: 219 degrees
[2021-12-04 13:26:18 #199 INFO] Rupture floating factor = 1.6303030303030304
[2021-12-04 13:26:18 #199 INFO] Rupture spinning factor = 3.2181818181818183
[2021-12-04 13:26:18 #199 INFO] gzipping the input files
[2021-12-04 13:26:24 #199 INFO] Storing risk model
[2021-12-04 13:26:24 #199 INFO] minimum_intensity={'default': 0.05, 'SA(0.3)': 0.02, 'SA(0.6)': 0.05, 'SA(1.0)': 0.05, 'SA(2.0)': 0.05}
[2021-12-04 13:26:24 #199 INFO] Building ruptures
[2021-12-04 13:28:01 #199 INFO] Sending <SourceGroup Subduction IntraSlab30, 1 source(s)>
[2021-12-04 13:28:01 #199 INFO] Sending <SourceGroup Subduction IntraSlab55, 4 source(s)>
[2021-12-04 13:28:01 #199 INFO] Sending <SourceGroup Subduction Interface, 14 source(s)>
[2021-12-04 13:28:01 #199 INFO] Sending <SourceGroup Stable Shallow Crust, 29 source(s)>
[2021-12-04 13:28:01 #199 INFO] Sending <SourceGroup Stable Shallow Crust, 4 source(s)>
[2021-12-04 13:28:01 #199 INFO] Sending <SourceGroup Stable Shallow Crust, 6 source(s)>
[2021-12-04 13:28:02 #199 INFO] Sending <SourceGroup Stable Shallow Crust, 18 source(s)>
[2021-12-04 13:28:02 #199 INFO] Sending <SourceGroup Stable Shallow Crust, 10 source(s)>
[2021-12-04 13:28:02 #199 INFO] Sending <SourceGroup Stable Shallow Crust, 38 source(s)>
[2021-12-04 13:28:02 #199 INFO] Sending <SourceGroup Stable Shallow Crust, 14 source(s)>
[2021-12-04 13:28:02 #199 INFO] Sending <SourceGroup Active Shallow Crust, 1 source(s)>
[2021-12-04 13:28:02 #199 INFO] Sending <SourceGroup Active Shallow Crust, 58 source(s)>
[2021-12-04 13:28:02 #199 INFO] Sending <SourceGroup Active Shallow Crust, 1 source(s)>
[2021-12-04 13:28:04 #199 INFO] Sent 96 tasks, 62.84 MB in 0 seconds
[2021-12-04 13:28:05 #199 INFO] sample_ruptures   1% [98 submitted, 5 queued]
[2021-12-04 13:28:05 #199 INFO] sample_ruptures   2% [99 submitted, 4 queued]
[2021-12-04 13:28:05 #199 INFO] sample_ruptures   3% [100 submitted, 3 queued]
[2021-12-04 13:28:05 #199 INFO] sample_ruptures   4% [101 submitted, 2 queued]
[2021-12-04 13:28:05 #199 INFO] sample_ruptures   5% [102 submitted, 1 queued]
[2021-12-04 13:28:05 #199 INFO] sample_ruptures   6% [103 submitted, 0 queued]
[2021-12-04 13:28:05 #199 INFO] sample_ruptures   7% [103 submitted, 0 queued]
[2021-12-04 13:28:06 #199 INFO] sample_ruptures   8% [103 submitted, 0 queued]
[2021-12-04 13:28:06 #199 INFO] sample_ruptures   9% [103 submitted, 0 queued]
[2021-12-04 13:28:06 #199 INFO] sample_ruptures  10% [103 submitted, 0 queued]
[2021-12-04 13:28:06 #199 INFO] sample_ruptures  11% [103 submitted, 0 queued]
[2021-12-04 13:28:06 #199 INFO] sample_ruptures  12% [103 submitted, 0 queued]
[2021-12-04 13:28:06 #199 INFO] sample_ruptures  13% [103 submitted, 0 queued]
[2021-12-04 13:28:06 #199 INFO] sample_ruptures  14% [103 submitted, 0 queued]
[2021-12-04 13:28:06 #199 INFO] sample_ruptures  15% [103 submitted, 0 queued]
[2021-12-04 13:28:06 #199 INFO] sample_ruptures  16% [103 submitted, 0 queued]
[2021-12-04 13:28:06 #199 INFO] sample_ruptures  17% [103 submitted, 0 queued]
[2021-12-04 13:28:06 #199 INFO] sample_ruptures  18% [103 submitted, 0 queued]
[2021-12-04 13:28:06 #199 INFO] sample_ruptures  19% [103 submitted, 0 queued]
[2021-12-04 13:28:06 #199 INFO] sample_ruptures  20% [103 submitted, 0 queued]
[2021-12-04 13:28:06 #199 INFO] sample_ruptures  21% [103 submitted, 0 queued]
[2021-12-04 13:28:06 #199 INFO] sample_ruptures  22% [103 submitted, 0 queued]
[2021-12-04 13:28:06 #199 INFO] sample_ruptures  23% [103 submitted, 0 queued]
[2021-12-04 13:28:06 #199 INFO] sample_ruptures  24% [103 submitted, 0 queued]
[2021-12-04 13:28:06 #199 INFO] sample_ruptures  25% [103 submitted, 0 queued]
[2021-12-04 13:28:06 #199 INFO] sample_ruptures  26% [103 submitted, 0 queued]
[2021-12-04 13:28:06 #199 INFO] sample_ruptures  27% [103 submitted, 0 queued]
[2021-12-04 13:28:06 #199 INFO] sample_ruptures  28% [103 submitted, 0 queued]
[2021-12-04 13:28:06 #199 INFO] sample_ruptures  29% [103 submitted, 0 queued]
[2021-12-04 13:28:06 #199 INFO] sample_ruptures  30% [103 submitted, 0 queued]
[2021-12-04 13:28:06 #199 INFO] sample_ruptures  31% [103 submitted, 0 queued]
[2021-12-04 13:28:06 #199 INFO] sample_ruptures  32% [103 submitted, 0 queued]
[2021-12-04 13:28:06 #199 INFO] sample_ruptures  33% [103 submitted, 0 queued]
[2021-12-04 13:28:06 #199 INFO] sample_ruptures  34% [103 submitted, 0 queued]
[2021-12-04 13:28:06 #199 INFO] sample_ruptures  35% [103 submitted, 0 queued]
[2021-12-04 13:28:06 #199 INFO] sample_ruptures  36% [103 submitted, 0 queued]
[2021-12-04 13:28:06 #199 INFO] sample_ruptures  37% [103 submitted, 0 queued]
[2021-12-04 13:28:06 #199 INFO] sample_ruptures  38% [103 submitted, 0 queued]
[2021-12-04 13:28:06 #199 INFO] sample_ruptures  39% [103 submitted, 0 queued]
[2021-12-04 13:28:06 #199 INFO] sample_ruptures  40% [103 submitted, 0 queued]
[2021-12-04 13:28:06 #199 INFO] sample_ruptures  41% [103 submitted, 0 queued]
[2021-12-04 13:28:06 #199 INFO] sample_ruptures  42% [103 submitted, 0 queued]
[2021-12-04 13:28:06 #199 INFO] sample_ruptures  43% [103 submitted, 0 queued]
[2021-12-04 13:28:06 #199 INFO] sample_ruptures  44% [103 submitted, 0 queued]
[2021-12-04 13:28:06 #199 INFO] sample_ruptures  45% [103 submitted, 0 queued]
[2021-12-04 13:28:06 #199 INFO] sample_ruptures  46% [103 submitted, 0 queued]
[2021-12-04 13:28:06 #199 INFO] sample_ruptures  47% [103 submitted, 0 queued]
[2021-12-04 13:28:06 #199 INFO] sample_ruptures  48% [103 submitted, 0 queued]
[2021-12-04 13:28:06 #199 INFO] sample_ruptures  49% [103 submitted, 0 queued]
[2021-12-04 13:28:06 #199 INFO] sample_ruptures  50% [103 submitted, 0 queued]
[2021-12-04 13:28:06 #199 INFO] sample_ruptures  51% [103 submitted, 0 queued]
[2021-12-04 13:28:07 #199 INFO] sample_ruptures  52% [103 submitted, 0 queued]
[2021-12-04 13:28:07 #199 INFO] sample_ruptures  53% [103 submitted, 0 queued]
[2021-12-04 13:28:07 #199 INFO] sample_ruptures  54% [103 submitted, 0 queued]
[2021-12-04 13:28:07 #199 INFO] sample_ruptures  55% [103 submitted, 0 queued]
[2021-12-04 13:28:07 #199 INFO] sample_ruptures  56% [103 submitted, 0 queued]
[2021-12-04 13:28:07 #199 INFO] sample_ruptures  57% [103 submitted, 0 queued]
[2021-12-04 13:28:07 #199 INFO] sample_ruptures  58% [103 submitted, 0 queued]
[2021-12-04 13:28:07 #199 INFO] sample_ruptures  59% [103 submitted, 0 queued]
[2021-12-04 13:28:07 #199 INFO] sample_ruptures  60% [103 submitted, 0 queued]
[2021-12-04 13:28:07 #199 INFO] sample_ruptures  61% [103 submitted, 0 queued]
[2021-12-04 13:28:07 #199 INFO] sample_ruptures  62% [103 submitted, 0 queued]
[2021-12-04 13:28:07 #199 INFO] sample_ruptures  63% [103 submitted, 0 queued]
[2021-12-04 13:28:07 #199 INFO] sample_ruptures  64% [103 submitted, 0 queued]
[2021-12-04 13:28:11 #199 INFO] sample_ruptures  65% [103 submitted, 0 queued]
[2021-12-04 13:28:14 #199 INFO] sample_ruptures  66% [103 submitted, 0 queued]
[2021-12-04 13:28:24 #199 INFO] sample_ruptures  67% [103 submitted, 0 queued]
[2021-12-04 13:28:27 #199 INFO] sample_ruptures  68% [103 submitted, 0 queued]
[2021-12-04 13:28:28 #199 INFO] sample_ruptures  69% [103 submitted, 0 queued]
[2021-12-04 13:28:30 #199 INFO] sample_ruptures  70% [103 submitted, 0 queued]
[2021-12-04 13:28:38 #199 INFO] sample_ruptures  71% [103 submitted, 0 queued]
[2021-12-04 13:28:42 #199 INFO] sample_ruptures  72% [103 submitted, 0 queued]
[2021-12-04 13:28:43 #199 INFO] sample_ruptures  73% [103 submitted, 0 queued]
[2021-12-04 13:28:44 #199 INFO] sample_ruptures  74% [103 submitted, 0 queued]
[2021-12-04 13:28:45 #199 INFO] sample_ruptures  75% [103 submitted, 0 queued]
[2021-12-04 13:28:49 #199 INFO] sample_ruptures  76% [103 submitted, 0 queued]
[2021-12-04 13:29:00 #199 INFO] sample_ruptures  77% [103 submitted, 0 queued]
[2021-12-04 13:29:05 #199 INFO] sample_ruptures  78% [103 submitted, 0 queued]
[2021-12-04 13:29:08 #199 INFO] sample_ruptures  79% [103 submitted, 0 queued]
[2021-12-04 13:29:10 #199 INFO] sample_ruptures  80% [103 submitted, 0 queued]
[2021-12-04 13:29:27 #199 INFO] sample_ruptures  81% [103 submitted, 0 queued]
[2021-12-04 13:29:38 #199 INFO] sample_ruptures  82% [103 submitted, 0 queued]
[2021-12-04 13:29:45 #199 INFO] sample_ruptures  83% [103 submitted, 0 queued]
[2021-12-04 13:30:01 #199 INFO] sample_ruptures  84% [103 submitted, 0 queued]
[2021-12-04 13:30:02 #199 INFO] sample_ruptures  85% [103 submitted, 0 queued]
[2021-12-04 13:30:03 #199 INFO] sample_ruptures  86% [103 submitted, 0 queued]
[2021-12-04 13:30:06 #199 INFO] sample_ruptures  87% [103 submitted, 0 queued]
[2021-12-04 13:30:11 #199 INFO] sample_ruptures  88% [103 submitted, 0 queued]
[2021-12-04 13:30:15 #199 INFO] sample_ruptures  89% [103 submitted, 0 queued]
[2021-12-04 13:30:18 #199 INFO] sample_ruptures  90% [103 submitted, 0 queued]
[2021-12-04 13:30:30 #199 INFO] sample_ruptures  91% [103 submitted, 0 queued]
[2021-12-04 13:30:41 #199 INFO] sample_ruptures  92% [103 submitted, 0 queued]
[2021-12-04 13:30:43 #199 INFO] sample_ruptures  93% [103 submitted, 0 queued]
[2021-12-04 13:30:48 #199 INFO] sample_ruptures  94% [103 submitted, 0 queued]
[2021-12-04 13:31:16 #199 INFO] sample_ruptures  95% [103 submitted, 0 queued]
[2021-12-04 13:31:35 #199 INFO] sample_ruptures  96% [103 submitted, 0 queued]
[2021-12-04 13:32:29 #199 INFO] sample_ruptures  97% [103 submitted, 0 queued]
[2021-12-04 13:32:31 #199 INFO] sample_ruptures  98% [103 submitted, 0 queued]
[2021-12-04 13:32:34 #199 INFO] sample_ruptures  99% [103 submitted, 0 queued]
[2021-12-04 13:56:37 #199 INFO] sample_ruptures 100% [103 submitted, 0 queued]
[2021-12-04 13:56:37 #199 INFO] Mean time per core=55s, std=183.9s, min=0s, max=1711s
[2021-12-04 13:56:37 #199 INFO] Received {'rup_array': '721.06 MB', 'calc_times': '21.65 KB', 'eff_ruptures': '4.17 KB'} in 1713 seconds
[2021-12-04 13:56:37 #199 INFO] There are 200 realization(s)
[2021-12-04 13:56:37 #199 INFO] Reordering the ruptures and storing the events
[2021-12-04 13:56:43 #199 INFO] Associating event_id -> rlz_id for 8_241_415 events and 3_467_368 ruptures
[2021-12-04 13:58:39 #199 INFO] Sent 206 tasks, 370.6 MB in 108 seconds
[2021-12-04 13:58:55 #199 INFO] Mean time per core=21s, std=5.7s, min=9s, max=38s
[2021-12-04 13:58:55 #199 INFO] Received {'tot': '78.65 MB'} in 15 seconds
[2021-12-04 13:59:42 #199 INFO] minimum_intensity={'SA(0.3)': 0.02, 'SA(0.6)': 0.05, 'SA(1.0)': 0.05, 'SA(2.0)': 0.05, 'SA(0.5)': 0.05}
[2021-12-04 13:59:42 #199 INFO] Sending 3_467_368 ruptures
[2021-12-04 14:02:34 #199 INFO] Sent 206 tasks, 516.49 MB in 162 seconds
[2021-12-04 14:02:35 #199 INFO] start_ebrisk   1% [206 submitted, 0 queued]
[2021-12-04 14:02:35 #199 INFO] start_ebrisk   2% [206 submitted, 0 queued]
[2021-12-04 14:02:35 #199 INFO] start_ebrisk   3% [206 submitted, 0 queued]
[2021-12-04 14:04:32 #199 INFO] start_ebrisk   4% [206 submitted, 0 queued]
[2021-12-04 14:09:17 #199 INFO] start_ebrisk   5% [206 submitted, 0 queued]
[2021-12-04 14:09:50 #199 INFO] start_ebrisk   6% [206 submitted, 0 queued]
[2021-12-04 14:10:23 #199 INFO] start_ebrisk   7% [206 submitted, 0 queued]
[2021-12-04 14:10:37 #199 INFO] start_ebrisk   8% [206 submitted, 0 queued]
[2021-12-04 14:10:54 #199 INFO] start_ebrisk   9% [206 submitted, 0 queued]
[2021-12-04 14:11:02 #199 INFO] start_ebrisk  10% [206 submitted, 0 queued]
[2021-12-04 14:11:24 #199 INFO] start_ebrisk  11% [206 submitted, 0 queued]
[2021-12-04 14:11:38 #199 INFO] start_ebrisk  12% [206 submitted, 0 queued]
[2021-12-04 14:12:38 #199 INFO] start_ebrisk  13% [206 submitted, 0 queued]
[2021-12-04 14:12:50 #199 INFO] start_ebrisk  14% [206 submitted, 0 queued]
[2021-12-04 14:12:59 #199 INFO] start_ebrisk  15% [206 submitted, 0 queued]
[2021-12-04 14:13:02 #199 INFO] start_ebrisk  16% [206 submitted, 0 queued]
[2021-12-04 14:13:08 #199 INFO] start_ebrisk  17% [206 submitted, 0 queued]
[2021-12-04 14:13:20 #199 INFO] start_ebrisk  18% [206 submitted, 0 queued]
[2021-12-04 14:13:30 #199 INFO] start_ebrisk  19% [206 submitted, 0 queued]
[2021-12-04 14:13:30 #199 INFO] start_ebrisk  20% [206 submitted, 0 queued]
[2021-12-04 14:13:41 #199 INFO] start_ebrisk  21% [206 submitted, 0 queued]
[2021-12-04 14:13:49 #199 INFO] start_ebrisk  22% [206 submitted, 0 queued]
[2021-12-04 14:13:51 #199 INFO] start_ebrisk  23% [206 submitted, 0 queued]
[2021-12-04 14:14:05 #199 INFO] start_ebrisk  24% [206 submitted, 0 queued]
[2021-12-04 14:14:32 #199 INFO] start_ebrisk  25% [206 submitted, 0 queued]
[2021-12-04 14:14:58 #199 INFO] start_ebrisk  26% [206 submitted, 0 queued]
[2021-12-04 14:15:00 #199 INFO] start_ebrisk  27% [206 submitted, 0 queued]
[2021-12-04 14:15:06 #199 INFO] start_ebrisk  28% [206 submitted, 0 queued]
[2021-12-04 14:15:24 #199 INFO] start_ebrisk  29% [206 submitted, 0 queued]
[2021-12-04 14:15:29 #199 INFO] start_ebrisk  30% [206 submitted, 0 queued]
[2021-12-04 14:15:36 #199 INFO] start_ebrisk  31% [206 submitted, 0 queued]
[2021-12-04 14:15:37 #199 INFO] start_ebrisk  32% [206 submitted, 0 queued]
[2021-12-04 14:15:38 #199 INFO] start_ebrisk  33% [206 submitted, 0 queued]
[2021-12-04 14:15:50 #199 INFO] start_ebrisk  34% [206 submitted, 0 queued]
[2021-12-04 14:15:53 #199 INFO] start_ebrisk  35% [206 submitted, 0 queued]
[2021-12-04 14:16:03 #199 INFO] start_ebrisk  36% [206 submitted, 0 queued]
[2021-12-04 14:16:08 #199 INFO] start_ebrisk  37% [206 submitted, 0 queued]
[2021-12-04 14:16:19 #199 INFO] start_ebrisk  38% [206 submitted, 0 queued]
[2021-12-04 14:16:26 #199 INFO] start_ebrisk  39% [206 submitted, 0 queued]
[2021-12-04 14:16:32 #199 INFO] start_ebrisk  40% [206 submitted, 0 queued]
[2021-12-04 14:16:48 #199 INFO] start_ebrisk  41% [206 submitted, 0 queued]
[2021-12-04 14:16:51 #199 INFO] start_ebrisk  42% [206 submitted, 0 queued]
[2021-12-04 14:16:57 #199 INFO] start_ebrisk  43% [206 submitted, 0 queued]
[2021-12-04 14:17:03 #199 INFO] start_ebrisk  44% [206 submitted, 0 queued]
[2021-12-04 14:17:07 #199 INFO] start_ebrisk  45% [206 submitted, 0 queued]
[2021-12-04 14:17:12 #199 INFO] start_ebrisk  46% [206 submitted, 0 queued]
[2021-12-04 14:17:27 #199 INFO] start_ebrisk  47% [206 submitted, 0 queued]
[2021-12-04 14:17:33 #199 INFO] start_ebrisk  48% [206 submitted, 0 queued]
[2021-12-04 14:17:44 #199 INFO] start_ebrisk  49% [206 submitted, 0 queued]
[2021-12-04 14:18:12 #199 INFO] start_ebrisk  50% [206 submitted, 0 queued]
[2021-12-04 14:18:37 #199 INFO] start_ebrisk  51% [206 submitted, 0 queued]
[2021-12-04 14:18:50 #199 INFO] start_ebrisk  52% [206 submitted, 0 queued]
[2021-12-04 14:18:55 #199 INFO] start_ebrisk  53% [206 submitted, 0 queued]
[2021-12-04 14:19:03 #199 INFO] start_ebrisk  54% [206 submitted, 0 queued]
[2021-12-04 14:19:15 #199 INFO] start_ebrisk  55% [206 submitted, 0 queued]
[2021-12-04 14:20:06 #199 INFO] start_ebrisk  56% [206 submitted, 0 queued]
[2021-12-04 14:20:39 #199 INFO] start_ebrisk  57% [206 submitted, 0 queued]
[2021-12-04 14:22:09 #199 INFO] start_ebrisk  58% [206 submitted, 0 queued]
[2021-12-04 14:23:44 #199 INFO] start_ebrisk  59% [206 submitted, 0 queued]
[2021-12-04 14:24:01 #199 INFO] start_ebrisk  60% [206 submitted, 0 queued]
[2021-12-04 14:24:21 #199 INFO] start_ebrisk  61% [206 submitted, 0 queued]
[2021-12-04 14:24:48 #199 INFO] start_ebrisk  62% [206 submitted, 0 queued]
[2021-12-04 14:25:45 #199 INFO] start_ebrisk  63% [206 submitted, 0 queued]
[2021-12-04 14:26:00 #199 INFO] start_ebrisk  64% [206 submitted, 0 queued]
[2021-12-04 14:26:23 #199 INFO] start_ebrisk  65% [206 submitted, 0 queued]
[2021-12-04 14:26:45 #199 INFO] start_ebrisk  66% [206 submitted, 0 queued]
[2021-12-04 14:27:06 #199 INFO] start_ebrisk  67% [206 submitted, 0 queued]
[2021-12-04 14:27:09 #199 INFO] start_ebrisk  68% [206 submitted, 0 queued]
[2021-12-04 14:27:18 #199 INFO] start_ebrisk  69% [206 submitted, 0 queued]
[2021-12-04 14:27:33 #199 INFO] start_ebrisk  70% [206 submitted, 0 queued]
[2021-12-04 14:27:34 #199 INFO] start_ebrisk  71% [206 submitted, 0 queued]
[2021-12-04 14:27:38 #199 INFO] start_ebrisk  72% [206 submitted, 0 queued]
[2021-12-04 14:27:42 #199 INFO] start_ebrisk  73% [206 submitted, 0 queued]
[2021-12-04 14:27:47 #199 INFO] start_ebrisk  74% [206 submitted, 0 queued]
[2021-12-04 14:27:53 #199 INFO] start_ebrisk  75% [206 submitted, 0 queued]
[2021-12-04 14:28:06 #199 INFO] start_ebrisk  76% [206 submitted, 0 queued]
[2021-12-04 14:28:11 #199 INFO] start_ebrisk  77% [206 submitted, 0 queued]
[2021-12-04 14:28:17 #199 INFO] start_ebrisk  78% [206 submitted, 0 queued]
[2021-12-04 14:28:21 #199 INFO] start_ebrisk  79% [206 submitted, 0 queued]
[2021-12-04 14:28:29 #199 INFO] start_ebrisk  80% [206 submitted, 0 queued]
[2021-12-04 14:28:49 #199 INFO] start_ebrisk  81% [206 submitted, 0 queued]
[2021-12-04 14:29:05 #199 INFO] start_ebrisk  82% [206 submitted, 0 queued]
[2021-12-04 14:29:18 #199 INFO] start_ebrisk  83% [206 submitted, 0 queued]
[2021-12-04 14:29:34 #199 INFO] start_ebrisk  84% [206 submitted, 0 queued]
[2021-12-04 14:29:45 #199 INFO] start_ebrisk  85% [206 submitted, 0 queued]
[2021-12-04 14:29:53 #199 INFO] start_ebrisk  86% [206 submitted, 0 queued]
[2021-12-04 14:29:58 #199 INFO] start_ebrisk  87% [206 submitted, 0 queued]
[2021-12-04 14:30:09 #199 INFO] start_ebrisk  88% [206 submitted, 0 queued]
[2021-12-04 14:30:16 #199 INFO] start_ebrisk  89% [206 submitted, 0 queued]
[2021-12-04 14:30:35 #199 INFO] start_ebrisk  90% [206 submitted, 0 queued]
[2021-12-04 14:30:45 #199 INFO] start_ebrisk  91% [206 submitted, 0 queued]
[2021-12-04 14:30:56 #199 INFO] start_ebrisk  92% [206 submitted, 0 queued]
[2021-12-04 14:30:59 #199 INFO] start_ebrisk  93% [206 submitted, 0 queued]
[2021-12-04 14:31:05 #199 INFO] start_ebrisk  94% [206 submitted, 0 queued]
[2021-12-04 14:31:15 #199 INFO] start_ebrisk  95% [206 submitted, 0 queued]
[2021-12-04 14:31:24 #199 INFO] start_ebrisk  96% [206 submitted, 0 queued]
[2021-12-04 14:31:29 #199 INFO] start_ebrisk  97% [206 submitted, 0 queued]
[2021-12-04 14:32:00 #199 INFO] start_ebrisk  98% [206 submitted, 0 queued]
[2021-12-04 14:32:34 #199 INFO] start_ebrisk  99% [206 submitted, 0 queued]
[2021-12-04 14:34:13 #199 INFO] start_ebrisk 100% [206 submitted, 0 queued]
[2021-12-04 14:34:13 #199 INFO] Mean time per core=1643s, std=205.6s, min=1095s, max=2003s
[2021-12-04 14:34:13 #199 INFO] Received {'alt': '457.55 MB', 'gmf_info': '23.58 MB', 'losses_by_A': '6.33 MB', 'momenta': '1.2 MB', 'events_per_sid': '4.06 KB'} in 1899 seconds
[2021-12-04 14:34:13 #199 INFO] Produced 350.41 MB of GMFs
[2021-12-04 14:34:14 #199 INFO] Stored 457.37 MB in the agg_loss_table
[2021-12-04 14:34:14 #199 INFO] Building the src_loss_table
[2021-12-04 14:34:36 #199 INFO] Sending 36.28 MB of losses
[2021-12-04 14:34:36 #199 INFO] Sending 9.6 MB of losses
[2021-12-04 14:34:36 #199 INFO] Sending 27.06 MB of losses
[2021-12-04 14:34:37 #199 INFO] Sending 8.46 MB of losses
[2021-12-04 14:34:37 #199 INFO] Sending 3.28 MB of losses
[2021-12-04 14:34:37 #199 INFO] Sending 1.26 MB of losses
[2021-12-04 14:34:37 #199 INFO] Sending 7.96 MB of losses
[2021-12-04 14:34:37 #199 INFO] Sending 3.91 MB of losses
[2021-12-04 14:34:37 #199 INFO] Sending 2.34 MB of losses
[2021-12-04 14:34:37 #199 INFO] Sending 18.16 MB of losses
[2021-12-04 14:34:37 #199 INFO] Sending 1.1 MB of losses
[2021-12-04 14:34:37 #199 INFO] Sending 7.59 MB of losses
[2021-12-04 14:34:37 #199 INFO] Sending 9.09 MB of losses
[2021-12-04 14:34:38 #199 INFO] Sending 3.04 MB of losses
[2021-12-04 14:34:38 #199 INFO] Sending 1 MB of losses
[2021-12-04 14:34:38 #199 INFO] Sending 15.8 MB of losses
[2021-12-04 14:34:38 #199 INFO] Sending 15.6 MB of losses
[2021-12-04 14:34:38 #199 INFO] Sending 9.21 MB of losses
[2021-12-04 14:34:38 #199 INFO] Sending 6.77 MB of losses
[2021-12-04 14:34:38 #199 INFO] Sending 6.95 MB of losses
[2021-12-04 14:34:38 #199 INFO] Sending 5.47 MB of losses
[2021-12-04 14:34:39 #199 INFO] Sending 1.38 MB of losses
[2021-12-04 14:34:39 #199 INFO] Sending 3.45 MB of losses
[2021-12-04 14:34:39 #199 INFO] Sending 1.44 MB of losses
[2021-12-04 14:34:39 #199 INFO] Sending 1.98 MB of losses
[2021-12-04 14:34:39 #199 INFO] Sending 2.99 MB of losses
[2021-12-04 14:34:39 #199 INFO] Sending 1.18 MB of losses
[2021-12-04 14:34:39 #199 INFO] Sending 2.02 MB of losses
[2021-12-04 14:34:39 #199 INFO] Sending 3.24 MB of losses
[2021-12-04 14:34:39 #199 INFO] Sending 1.11 MB of losses
[2021-12-04 14:34:40 #199 INFO] Sending 3.57 MB of losses
[2021-12-04 14:34:40 #199 INFO] Sending 1.69 MB of losses
[2021-12-04 14:34:40 #199 INFO] Sending 3.19 MB of losses
[2021-12-04 14:34:40 #199 INFO] Sending 1.33 MB of losses
[2021-12-04 14:34:40 #199 INFO] Sending 4.79 MB of losses
[2021-12-04 14:34:40 #199 INFO] Sending 860.03 KB of losses
[2021-12-04 14:34:40 #199 INFO] Sending 4.36 MB of losses
[2021-12-04 14:34:40 #199 INFO] Sending 1.52 MB of losses
[2021-12-04 14:34:40 #199 INFO] Sending 1.18 MB of losses
[2021-12-04 14:34:40 #199 INFO] Sending 406.02 KB of losses
[2021-12-04 14:34:41 #199 INFO] Sending 2.61 MB of losses
[2021-12-04 14:34:41 #199 INFO] Sending 812.64 KB of losses
[2021-12-04 14:34:41 #199 INFO] Sending 1.76 MB of losses
[2021-12-04 14:34:41 #199 INFO] Sending 1.66 MB of losses
[2021-12-04 14:34:41 #199 INFO] Sending 2.05 MB of losses
[2021-12-04 14:34:41 #199 INFO] Sending 2.12 MB of losses
[2021-12-04 14:34:41 #199 INFO] Sending 2.74 MB of losses
[2021-12-04 14:34:41 #199 INFO] Sending 3.21 MB of losses
[2021-12-04 14:34:41 #199 INFO] Sending 2.14 MB of losses
[2021-12-04 14:34:41 #199 INFO] Sending 1.91 MB of losses
[2021-12-04 14:34:42 #199 INFO] Sending 30.7 MB of losses
[2021-12-04 14:34:42 #199 INFO] Sent 52 tasks, 306.29 MB in 5 seconds
[2021-12-04 14:34:42 #199 INFO] post_risk   1% [52 submitted, 0 queued]
[2021-12-04 14:34:42 #199 INFO] post_risk   3% [52 submitted, 0 queued]
[2021-12-04 14:34:42 #199 INFO] post_risk   5% [52 submitted, 0 queued]
[2021-12-04 14:34:42 #199 INFO] post_risk   7% [52 submitted, 0 queued]
[2021-12-04 14:34:42 #199 INFO] post_risk   9% [52 submitted, 0 queued]
[2021-12-04 14:34:42 #199 INFO] post_risk  11% [52 submitted, 0 queued]
[2021-12-04 14:34:42 #199 INFO] post_risk  13% [52 submitted, 0 queued]
[2021-12-04 14:34:42 #199 INFO] post_risk  15% [52 submitted, 0 queued]
[2021-12-04 14:34:42 #199 INFO] post_risk  17% [52 submitted, 0 queued]
[2021-12-04 14:34:42 #199 INFO] post_risk  19% [52 submitted, 0 queued]
[2021-12-04 14:34:42 #199 INFO] post_risk  21% [52 submitted, 0 queued]
[2021-12-04 14:34:42 #199 INFO] post_risk  23% [52 submitted, 0 queued]
[2021-12-04 14:34:42 #199 INFO] post_risk  25% [52 submitted, 0 queued]
[2021-12-04 14:34:42 #199 INFO] post_risk  26% [52 submitted, 0 queued]
[2021-12-04 14:34:42 #199 INFO] post_risk  28% [52 submitted, 0 queued]
[2021-12-04 14:34:43 #199 INFO] post_risk  30% [52 submitted, 0 queued]
[2021-12-04 14:34:43 #199 INFO] post_risk  32% [52 submitted, 0 queued]
[2021-12-04 14:34:43 #199 INFO] post_risk  34% [52 submitted, 0 queued]
[2021-12-04 14:34:43 #199 INFO] post_risk  36% [52 submitted, 0 queued]
[2021-12-04 14:34:43 #199 INFO] post_risk  38% [52 submitted, 0 queued]
[2021-12-04 14:34:43 #199 INFO] post_risk  40% [52 submitted, 0 queued]
[2021-12-04 14:34:43 #199 INFO] post_risk  42% [52 submitted, 0 queued]
[2021-12-04 14:34:43 #199 INFO] post_risk  44% [52 submitted, 0 queued]
[2021-12-04 14:34:43 #199 INFO] post_risk  46% [52 submitted, 0 queued]
[2021-12-04 14:34:43 #199 INFO] post_risk  48% [52 submitted, 0 queued]
[2021-12-04 14:34:43 #199 INFO] post_risk  50% [52 submitted, 0 queued]
[2021-12-04 14:34:43 #199 INFO] post_risk  51% [52 submitted, 0 queued]
[2021-12-04 14:34:43 #199 INFO] post_risk  53% [52 submitted, 0 queued]
[2021-12-04 14:34:43 #199 INFO] post_risk  55% [52 submitted, 0 queued]
[2021-12-04 14:34:43 #199 INFO] post_risk  57% [52 submitted, 0 queued]
[2021-12-04 14:34:43 #199 INFO] post_risk  59% [52 submitted, 0 queued]
[2021-12-04 14:34:43 #199 INFO] post_risk  61% [52 submitted, 0 queued]
[2021-12-04 14:34:43 #199 INFO] post_risk  63% [52 submitted, 0 queued]
[2021-12-04 14:34:43 #199 INFO] post_risk  65% [52 submitted, 0 queued]
[2021-12-04 14:34:43 #199 INFO] post_risk  67% [52 submitted, 0 queued]
[2021-12-04 14:34:43 #199 INFO] post_risk  69% [52 submitted, 0 queued]
[2021-12-04 14:34:43 #199 INFO] post_risk  71% [52 submitted, 0 queued]
[2021-12-04 14:34:43 #199 INFO] post_risk  73% [52 submitted, 0 queued]
[2021-12-04 14:34:43 #199 INFO] post_risk  75% [52 submitted, 0 queued]
[2021-12-04 14:34:43 #199 INFO] post_risk  76% [52 submitted, 0 queued]
[2021-12-04 14:34:43 #199 INFO] post_risk  78% [52 submitted, 0 queued]
[2021-12-04 14:34:43 #199 INFO] post_risk  80% [52 submitted, 0 queued]
[2021-12-04 14:34:43 #199 INFO] post_risk  82% [52 submitted, 0 queued]
[2021-12-04 14:34:43 #199 INFO] post_risk  84% [52 submitted, 0 queued]
[2021-12-04 14:34:43 #199 INFO] post_risk  86% [52 submitted, 0 queued]
[2021-12-04 14:34:43 #199 INFO] post_risk  88% [52 submitted, 0 queued]
[2021-12-04 14:34:43 #199 INFO] post_risk  90% [52 submitted, 0 queued]
[2021-12-04 14:34:43 #199 INFO] post_risk  92% [52 submitted, 0 queued]
[2021-12-04 14:34:43 #199 INFO] post_risk  94% [52 submitted, 0 queued]
[2021-12-04 14:34:43 #199 INFO] post_risk  96% [52 submitted, 0 queued]
[2021-12-04 14:34:43 #199 INFO] post_risk  98% [52 submitted, 0 queued]
[2021-12-04 14:34:43 #199 INFO] post_risk 100% [52 submitted, 0 queued]
[2021-12-04 14:34:43 #199 INFO] Mean time per core=0s, std=0.1s, min=0s, max=0s
[2021-12-04 14:34:43 #199 INFO] Received {'tot': '4.13 MB'} in 1 seconds
[2021-12-04 14:34:48 #199 INFO] Total portfolio loss
==== =========== ============= ========= =============
loss contents    nonstructural occupants structural   
==== =========== ============= ========= =============
avg  464_008_809 1_899_373_714 37        2_596_715_787
==== =========== ============= ========= =============
[2021-12-04 14:34:48 #199 INFO] Sanity check on agg_losses
[2021-12-04 14:34:48 #199 INFO] Exposing the outputs to the database
[2021-12-04 14:34:49 #199 INFO] Stored 1.24 GB on /root/oqdata/calc_199.hdf5 in 4157 seconds
/home/ssm-user/src/oq-engine/openquake/hazardlib/gsim/base.py:347: ExperimentalWarning: CanadaSHM6_ActiveCrust_BooreEtAl2014 is experimental and may change in future versions - the user is liable for their application
  warnings.warn(msg, ExperimentalWarning)
/home/ssm-user/src/oq-engine/openquake/hazardlib/gsim/base.py:347: ExperimentalWarning: CanadaSHM6_ActiveCrust_BooreEtAl2014 is experimental and may change in future versions - the user is liable for their application
  warnings.warn(msg, ExperimentalWarning)
/home/ssm-user/src/oq-engine/openquake/hazardlib/gsim/base.py:347: ExperimentalWarning: CanadaSHM6_ActiveCrust_BooreEtAl2014 is experimental and may change in future versions - the user is liable for their application
  warnings.warn(msg, ExperimentalWarning)
/home/ssm-user/src/oq-engine/openquake/hazardlib/gsim/base.py:347: ExperimentalWarning: CanadaSHM6_ActiveCrust_BooreEtAl2014 is experimental and may change in future versions - the user is liable for their application
  warnings.warn(msg, ExperimentalWarning)
/home/ssm-user/src/oq-engine/openquake/hazardlib/gsim/base.py:347: ExperimentalWarning: CanadaSHM6_ActiveCrust_BooreEtAl2014 is experimental and may change in future versions - the user is liable for their application
  warnings.warn(msg, ExperimentalWarning)
/home/ssm-user/src/oq-engine/openquake/hazardlib/gsim/base.py:347: ExperimentalWarning: CanadaSHM6_ActiveCrust_BooreEtAl2014 is experimental and may change in future versions - the user is liable for their application
  warnings.warn(msg, ExperimentalWarning)
/home/ssm-user/src/oq-engine/openquake/hazardlib/gsim/base.py:347: ExperimentalWarning: CanadaSHM6_ActiveCrust_BooreEtAl2014 is experimental and may change in future versions - the user is liable for their application
  warnings.warn(msg, ExperimentalWarning)
/home/ssm-user/src/oq-engine/openquake/hazardlib/gsim/base.py:347: ExperimentalWarning: CanadaSHM6_ActiveCrust_BooreEtAl2014 is experimental and may change in future versions - the user is liable for their application
  warnings.warn(msg, ExperimentalWarning)
/home/ssm-user/src/oq-engine/openquake/hazardlib/gsim/base.py:347: ExperimentalWarning: CanadaSHM6_ActiveCrust_BooreEtAl2014 is experimental and may change in future versions - the user is liable for their application
  warnings.warn(msg, ExperimentalWarning)
/home/ssm-user/src/oq-engine/openquake/hazardlib/gsim/base.py:347: ExperimentalWarning: CanadaSHM6_ActiveCrust_BooreEtAl2014 is experimental and may change in future versions - the user is liable for their application
  warnings.warn(msg, ExperimentalWarning)
/home/ssm-user/src/oq-engine/openquake/hazardlib/gsim/base.py:347: ExperimentalWarning: CanadaSHM6_ActiveCrust_BooreEtAl2014 is experimental and may change in future versions - the user is liable for their application
  warnings.warn(msg, ExperimentalWarning)
/home/ssm-user/src/oq-engine/openquake/hazardlib/gsim/base.py:347: ExperimentalWarning: CanadaSHM6_ActiveCrust_BooreEtAl2014 is experimental and may change in future versions - the user is liable for their application
  warnings.warn(msg, ExperimentalWarning)
/home/ssm-user/src/oq-engine/openquake/hazardlib/gsim/base.py:347: ExperimentalWarning: CanadaSHM6_ActiveCrust_BooreEtAl2014 is experimental and may change in future versions - the user is liable for their application
  warnings.warn(msg, ExperimentalWarning)
/home/ssm-user/src/oq-engine/openquake/hazardlib/gsim/base.py:347: ExperimentalWarning: CanadaSHM6_ActiveCrust_BooreEtAl2014 is experimental and may change in future versions - the user is liable for their application
  warnings.warn(msg, ExperimentalWarning)
/home/ssm-user/src/oq-engine/openquake/hazardlib/gsim/base.py:347: ExperimentalWarning: CanadaSHM6_ActiveCrust_BooreEtAl2014 is experimental and may change in future versions - the user is liable for their application
  warnings.warn(msg, ExperimentalWarning)
/home/ssm-user/src/oq-engine/openquake/hazardlib/gsim/base.py:347: ExperimentalWarning: CanadaSHM6_ActiveCrust_BooreEtAl2014 is experimental and may change in future versions - the user is liable for their application
  warnings.warn(msg, ExperimentalWarning)
/home/ssm-user/src/oq-engine/openquake/hazardlib/gsim/base.py:347: ExperimentalWarning: CanadaSHM6_ActiveCrust_BooreEtAl2014 is experimental and may change in future versions - the user is liable for their application
  warnings.warn(msg, ExperimentalWarning)
/home/ssm-user/src/oq-engine/openquake/hazardlib/gsim/base.py:347: ExperimentalWarning: CanadaSHM6_ActiveCrust_BooreEtAl2014 is experimental and may change in future versions - the user is liable for their application
  warnings.warn(msg, ExperimentalWarning)
/home/ssm-user/src/oq-engine/openquake/hazardlib/gsim/base.py:347: ExperimentalWarning: CanadaSHM6_ActiveCrust_BooreEtAl2014 is experimental and may change in future versions - the user is liable for their application
  warnings.warn(msg, ExperimentalWarning)
/home/ssm-user/src/oq-engine/openquake/hazardlib/gsim/base.py:347: ExperimentalWarning: CanadaSHM6_ActiveCrust_BooreEtAl2014 is experimental and may change in future versions - the user is liable for their application
  warnings.warn(msg, ExperimentalWarning)
/home/ssm-user/src/oq-engine/openquake/hazardlib/gsim/base.py:347: ExperimentalWarning: CanadaSHM6_ActiveCrust_BooreEtAl2014 is experimental and may change in future versions - the user is liable for their application
  warnings.warn(msg, ExperimentalWarning)
/home/ssm-user/src/oq-engine/openquake/hazardlib/gsim/base.py:347: ExperimentalWarning: CanadaSHM6_ActiveCrust_BooreEtAl2014 is experimental and may change in future versions - the user is liable for their application
  warnings.warn(msg, ExperimentalWarning)
/home/ssm-user/src/oq-engine/openquake/hazardlib/gsim/base.py:347: ExperimentalWarning: CanadaSHM6_ActiveCrust_BooreEtAl2014 is experimental and may change in future versions - the user is liable for their application
  warnings.warn(msg, ExperimentalWarning)
/home/ssm-user/src/oq-engine/openquake/hazardlib/gsim/base.py:347: ExperimentalWarning: CanadaSHM6_ActiveCrust_BooreEtAl2014 is experimental and may change in future versions - the user is liable for their application
  warnings.warn(msg, ExperimentalWarning)
/home/ssm-user/src/oq-engine/openquake/hazardlib/gsim/base.py:347: ExperimentalWarning: CanadaSHM6_ActiveCrust_BooreEtAl2014 is experimental and may change in future versions - the user is liable for their application
  warnings.warn(msg, ExperimentalWarning)
/home/ssm-user/src/oq-engine/openquake/hazardlib/gsim/base.py:347: ExperimentalWarning: CanadaSHM6_ActiveCrust_BooreEtAl2014 is experimental and may change in future versions - the user is liable for their application
  warnings.warn(msg, ExperimentalWarning)
/home/ssm-user/src/oq-engine/openquake/hazardlib/gsim/base.py:347: ExperimentalWarning: CanadaSHM6_ActiveCrust_BooreEtAl2014 is experimental and may change in future versions - the user is liable for their application
  warnings.warn(msg, ExperimentalWarning)
/home/ssm-user/src/oq-engine/openquake/hazardlib/gsim/base.py:347: ExperimentalWarning: CanadaSHM6_ActiveCrust_BooreEtAl2014 is experimental and may change in future versions - the user is liable for their application
  warnings.warn(msg, ExperimentalWarning)
/home/ssm-user/src/oq-engine/openquake/hazardlib/gsim/base.py:347: ExperimentalWarning: CanadaSHM6_ActiveCrust_BooreEtAl2014 is experimental and may change in future versions - the user is liable for their application
  warnings.warn(msg, ExperimentalWarning)
/home/ssm-user/src/oq-engine/openquake/hazardlib/gsim/base.py:347: ExperimentalWarning: CanadaSHM6_ActiveCrust_BooreEtAl2014 is experimental and may change in future versions - the user is liable for their application
  warnings.warn(msg, ExperimentalWarning)
/home/ssm-user/src/oq-engine/openquake/hazardlib/gsim/base.py:347: ExperimentalWarning: CanadaSHM6_ActiveCrust_BooreEtAl2014 is experimental and may change in future versions - the user is liable for their application
  warnings.warn(msg, ExperimentalWarning)
/home/ssm-user/src/oq-engine/openquake/hazardlib/gsim/base.py:347: ExperimentalWarning: CanadaSHM6_ActiveCrust_BooreEtAl2014 is experimental and may change in future versions - the user is liable for their application
  warnings.warn(msg, ExperimentalWarning)
/home/ssm-user/src/oq-engine/openquake/hazardlib/gsim/base.py:347: ExperimentalWarning: CanadaSHM6_ActiveCrust_BooreEtAl2014 is experimental and may change in future versions - the user is liable for their application
  warnings.warn(msg, ExperimentalWarning)
/home/ssm-user/src/oq-engine/openquake/hazardlib/gsim/base.py:347: ExperimentalWarning: CanadaSHM6_ActiveCrust_BooreEtAl2014 is experimental and may change in future versions - the user is liable for their application
  warnings.warn(msg, ExperimentalWarning)
/home/ssm-user/src/oq-engine/openquake/hazardlib/gsim/base.py:347: ExperimentalWarning: CanadaSHM6_ActiveCrust_BooreEtAl2014 is experimental and may change in future versions - the user is liable for their application
  warnings.warn(msg, ExperimentalWarning)
/home/ssm-user/src/oq-engine/openquake/hazardlib/gsim/base.py:347: ExperimentalWarning: CanadaSHM6_ActiveCrust_BooreEtAl2014 is experimental and may change in future versions - the user is liable for their application
  warnings.warn(msg, ExperimentalWarning)
/home/ssm-user/src/oq-engine/openquake/hazardlib/gsim/base.py:347: ExperimentalWarning: CanadaSHM6_ActiveCrust_BooreEtAl2014 is experimental and may change in future versions - the user is liable for their application
  warnings.warn(msg, ExperimentalWarning)
/home/ssm-user/src/oq-engine/openquake/hazardlib/gsim/base.py:347: ExperimentalWarning: CanadaSHM6_ActiveCrust_BooreEtAl2014 is experimental and may change in future versions - the user is liable for their application
  warnings.warn(msg, ExperimentalWarning)
/home/ssm-user/src/oq-engine/openquake/hazardlib/gsim/base.py:347: ExperimentalWarning: CanadaSHM6_ActiveCrust_BooreEtAl2014 is experimental and may change in future versions - the user is liable for their application
  warnings.warn(msg, ExperimentalWarning)
/home/ssm-user/src/oq-engine/openquake/hazardlib/gsim/base.py:347: ExperimentalWarning: CanadaSHM6_ActiveCrust_BooreEtAl2014 is experimental and may change in future versions - the user is liable for their application
  warnings.warn(msg, ExperimentalWarning)
/home/ssm-user/src/oq-engine/openquake/hazardlib/gsim/base.py:347: ExperimentalWarning: CanadaSHM6_ActiveCrust_BooreEtAl2014 is experimental and may change in future versions - the user is liable for their application
  warnings.warn(msg, ExperimentalWarning)
/home/ssm-user/src/oq-engine/openquake/hazardlib/gsim/base.py:347: ExperimentalWarning: CanadaSHM6_ActiveCrust_BooreEtAl2014 is experimental and may change in future versions - the user is liable for their application
  warnings.warn(msg, ExperimentalWarning)
/home/ssm-user/src/oq-engine/openquake/hazardlib/gsim/base.py:347: ExperimentalWarning: CanadaSHM6_ActiveCrust_BooreEtAl2014 is experimental and may change in future versions - the user is liable for their application
  warnings.warn(msg, ExperimentalWarning)
/home/ssm-user/src/oq-engine/openquake/hazardlib/gsim/base.py:347: ExperimentalWarning: CanadaSHM6_ActiveCrust_BooreEtAl2014 is experimental and may change in future versions - the user is liable for their application
  warnings.warn(msg, ExperimentalWarning)
/home/ssm-user/src/oq-engine/openquake/hazardlib/gsim/base.py:347: ExperimentalWarning: CanadaSHM6_ActiveCrust_BooreEtAl2014 is experimental and may change in future versions - the user is liable for their application
  warnings.warn(msg, ExperimentalWarning)
/home/ssm-user/src/oq-engine/openquake/hazardlib/gsim/base.py:347: ExperimentalWarning: CanadaSHM6_ActiveCrust_BooreEtAl2014 is experimental and may change in future versions - the user is liable for their application
  warnings.warn(msg, ExperimentalWarning)
/home/ssm-user/src/oq-engine/openquake/hazardlib/gsim/base.py:347: ExperimentalWarning: CanadaSHM6_ActiveCrust_BooreEtAl2014 is experimental and may change in future versions - the user is liable for their application
  warnings.warn(msg, ExperimentalWarning)
/home/ssm-user/src/oq-engine/openquake/hazardlib/gsim/base.py:347: ExperimentalWarning: CanadaSHM6_ActiveCrust_BooreEtAl2014 is experimental and may change in future versions - the user is liable for their application
  warnings.warn(msg, ExperimentalWarning)
/home/ssm-user/src/oq-engine/openquake/hazardlib/gsim/base.py:347: ExperimentalWarning: CanadaSHM6_ActiveCrust_BooreEtAl2014 is experimental and may change in future versions - the user is liable for their application
  warnings.warn(msg, ExperimentalWarning)
/home/ssm-user/src/oq-engine/openquake/hazardlib/gsim/base.py:347: ExperimentalWarning: CanadaSHM6_ActiveCrust_BooreEtAl2014 is experimental and may change in future versions - the user is liable for their application
  warnings.warn(msg, ExperimentalWarning)
/home/ssm-user/src/oq-engine/openquake/hazardlib/gsim/base.py:347: ExperimentalWarning: CanadaSHM6_ActiveCrust_BooreEtAl2014 is experimental and may change in future versions - the user is liable for their application
  warnings.warn(msg, ExperimentalWarning)
/home/ssm-user/src/oq-engine/openquake/hazardlib/gsim/base.py:347: ExperimentalWarning: CanadaSHM6_ActiveCrust_BooreEtAl2014 is experimental and may change in future versions - the user is liable for their application
  warnings.warn(msg, ExperimentalWarning)
/home/ssm-user/src/oq-engine/openquake/hazardlib/gsim/base.py:347: ExperimentalWarning: CanadaSHM6_ActiveCrust_BooreEtAl2014 is experimental and may change in future versions - the user is liable for their application
  warnings.warn(msg, ExperimentalWarning)
/home/ssm-user/src/oq-engine/openquake/hazardlib/gsim/base.py:347: ExperimentalWarning: CanadaSHM6_ActiveCrust_BooreEtAl2014 is experimental and may change in future versions - the user is liable for their application
  warnings.warn(msg, ExperimentalWarning)
/home/ssm-user/src/oq-engine/openquake/hazardlib/gsim/base.py:347: ExperimentalWarning: CanadaSHM6_ActiveCrust_BooreEtAl2014 is experimental and may change in future versions - the user is liable for their application
  warnings.warn(msg, ExperimentalWarning)
/home/ssm-user/src/oq-engine/openquake/hazardlib/gsim/base.py:347: ExperimentalWarning: CanadaSHM6_ActiveCrust_BooreEtAl2014 is experimental and may change in future versions - the user is liable for their application
  warnings.warn(msg, ExperimentalWarning)
/home/ssm-user/src/oq-engine/openquake/hazardlib/gsim/base.py:347: ExperimentalWarning: CanadaSHM6_ActiveCrust_BooreEtAl2014 is experimental and may change in future versions - the user is liable for their application
  warnings.warn(msg, ExperimentalWarning)
/home/ssm-user/src/oq-engine/openquake/hazardlib/gsim/base.py:347: ExperimentalWarning: CanadaSHM6_ActiveCrust_BooreEtAl2014 is experimental and may change in future versions - the user is liable for their application
  warnings.warn(msg, ExperimentalWarning)
/home/ssm-user/src/oq-engine/openquake/hazardlib/gsim/base.py:347: ExperimentalWarning: CanadaSHM6_ActiveCrust_BooreEtAl2014 is experimental and may change in future versions - the user is liable for their application
  warnings.warn(msg, ExperimentalWarning)
/home/ssm-user/src/oq-engine/openquake/hazardlib/gsim/base.py:347: ExperimentalWarning: CanadaSHM6_ActiveCrust_BooreEtAl2014 is experimental and may change in future versions - the user is liable for their application
  warnings.warn(msg, ExperimentalWarning)
/home/ssm-user/src/oq-engine/openquake/hazardlib/gsim/base.py:347: ExperimentalWarning: CanadaSHM6_ActiveCrust_BooreEtAl2014 is experimental and may change in future versions - the user is liable for their application
  warnings.warn(msg, ExperimentalWarning)
/home/ssm-user/src/oq-engine/openquake/hazardlib/gsim/base.py:347: ExperimentalWarning: CanadaSHM6_ActiveCrust_BooreEtAl2014 is experimental and may change in future versions - the user is liable for their application
  warnings.warn(msg, ExperimentalWarning)
/home/ssm-user/src/oq-engine/openquake/hazardlib/gsim/base.py:347: ExperimentalWarning: CanadaSHM6_ActiveCrust_BooreEtAl2014 is experimental and may change in future versions - the user is liable for their application
  warnings.warn(msg, ExperimentalWarning)
/home/ssm-user/src/oq-engine/openquake/hazardlib/gsim/base.py:347: ExperimentalWarning: CanadaSHM6_ActiveCrust_BooreEtAl2014 is experimental and may change in future versions - the user is liable for their application
  warnings.warn(msg, ExperimentalWarning)
/home/ssm-user/src/oq-engine/openquake/hazardlib/gsim/base.py:347: ExperimentalWarning: CanadaSHM6_ActiveCrust_BooreEtAl2014 is experimental and may change in future versions - the user is liable for their application
  warnings.warn(msg, ExperimentalWarning)
/home/ssm-user/src/oq-engine/openquake/hazardlib/gsim/base.py:347: ExperimentalWarning: CanadaSHM6_ActiveCrust_BooreEtAl2014 is experimental and may change in future versions - the user is liable for their application
  warnings.warn(msg, ExperimentalWarning)
/home/ssm-user/src/oq-engine/openquake/hazardlib/gsim/base.py:347: ExperimentalWarning: CanadaSHM6_ActiveCrust_BooreEtAl2014 is experimental and may change in future versions - the user is liable for their application
  warnings.warn(msg, ExperimentalWarning)
/home/ssm-user/src/oq-engine/openquake/hazardlib/gsim/base.py:347: ExperimentalWarning: CanadaSHM6_ActiveCrust_BooreEtAl2014 is experimental and may change in future versions - the user is liable for their application
  warnings.warn(msg, ExperimentalWarning)
/home/ssm-user/src/oq-engine/openquake/hazardlib/gsim/base.py:347: ExperimentalWarning: CanadaSHM6_ActiveCrust_BooreEtAl2014 is experimental and may change in future versions - the user is liable for their application
  warnings.warn(msg, ExperimentalWarning)
/home/ssm-user/src/oq-engine/openquake/hazardlib/gsim/base.py:347: ExperimentalWarning: CanadaSHM6_ActiveCrust_BooreEtAl2014 is experimental and may change in future versions - the user is liable for their application
  warnings.warn(msg, ExperimentalWarning)
/home/ssm-user/src/oq-engine/openquake/hazardlib/gsim/base.py:347: ExperimentalWarning: CanadaSHM6_ActiveCrust_BooreEtAl2014 is experimental and may change in future versions - the user is liable for their application
  warnings.warn(msg, ExperimentalWarning)
/home/ssm-user/src/oq-engine/openquake/hazardlib/gsim/base.py:347: ExperimentalWarning: CanadaSHM6_ActiveCrust_BooreEtAl2014 is experimental and may change in future versions - the user is liable for their application
  warnings.warn(msg, ExperimentalWarning)
/home/ssm-user/src/oq-engine/openquake/hazardlib/gsim/base.py:347: ExperimentalWarning: CanadaSHM6_ActiveCrust_BooreEtAl2014 is experimental and may change in future versions - the user is liable for their application
  warnings.warn(msg, ExperimentalWarning)
/home/ssm-user/src/oq-engine/openquake/hazardlib/gsim/base.py:347: ExperimentalWarning: CanadaSHM6_ActiveCrust_BooreEtAl2014 is experimental and may change in future versions - the user is liable for their application
  warnings.warn(msg, ExperimentalWarning)
/home/ssm-user/src/oq-engine/openquake/hazardlib/gsim/base.py:347: ExperimentalWarning: CanadaSHM6_ActiveCrust_BooreEtAl2014 is experimental and may change in future versions - the user is liable for their application
  warnings.warn(msg, ExperimentalWarning)
/home/ssm-user/src/oq-engine/openquake/hazardlib/gsim/base.py:347: ExperimentalWarning: CanadaSHM6_ActiveCrust_BooreEtAl2014 is experimental and may change in future versions - the user is liable for their application
  warnings.warn(msg, ExperimentalWarning)
/home/ssm-user/src/oq-engine/openquake/hazardlib/gsim/base.py:347: ExperimentalWarning: CanadaSHM6_ActiveCrust_BooreEtAl2014 is experimental and may change in future versions - the user is liable for their application
  warnings.warn(msg, ExperimentalWarning)
/home/ssm-user/src/oq-engine/openquake/hazardlib/gsim/base.py:347: ExperimentalWarning: CanadaSHM6_ActiveCrust_BooreEtAl2014 is experimental and may change in future versions - the user is liable for their application
  warnings.warn(msg, ExperimentalWarning)
/home/ssm-user/src/oq-engine/openquake/hazardlib/gsim/base.py:347: ExperimentalWarning: CanadaSHM6_ActiveCrust_BooreEtAl2014 is experimental and may change in future versions - the user is liable for their application
  warnings.warn(msg, ExperimentalWarning)
/home/ssm-user/src/oq-engine/openquake/hazardlib/gsim/base.py:347: ExperimentalWarning: CanadaSHM6_ActiveCrust_BooreEtAl2014 is experimental and may change in future versions - the user is liable for their application
  warnings.warn(msg, ExperimentalWarning)
/home/ssm-user/src/oq-engine/openquake/hazardlib/gsim/base.py:347: ExperimentalWarning: CanadaSHM6_ActiveCrust_BooreEtAl2014 is experimental and may change in future versions - the user is liable for their application
  warnings.warn(msg, ExperimentalWarning)
/home/ssm-user/src/oq-engine/openquake/hazardlib/gsim/base.py:347: ExperimentalWarning: CanadaSHM6_ActiveCrust_BooreEtAl2014 is experimental and may change in future versions - the user is liable for their application
  warnings.warn(msg, ExperimentalWarning)
/home/ssm-user/src/oq-engine/openquake/hazardlib/gsim/base.py:347: ExperimentalWarning: CanadaSHM6_ActiveCrust_BooreEtAl2014 is experimental and may change in future versions - the user is liable for their application
  warnings.warn(msg, ExperimentalWarning)
/home/ssm-user/src/oq-engine/openquake/hazardlib/gsim/base.py:347: ExperimentalWarning: CanadaSHM6_ActiveCrust_BooreEtAl2014 is experimental and may change in future versions - the user is liable for their application
  warnings.warn(msg, ExperimentalWarning)
/home/ssm-user/src/oq-engine/openquake/hazardlib/gsim/base.py:347: ExperimentalWarning: CanadaSHM6_ActiveCrust_BooreEtAl2014 is experimental and may change in future versions - the user is liable for their application
  warnings.warn(msg, ExperimentalWarning)
/home/ssm-user/src/oq-engine/openquake/hazardlib/gsim/base.py:347: ExperimentalWarning: CanadaSHM6_ActiveCrust_BooreEtAl2014 is experimental and may change in future versions - the user is liable for their application
  warnings.warn(msg, ExperimentalWarning)
/home/ssm-user/src/oq-engine/openquake/hazardlib/gsim/base.py:347: ExperimentalWarning: CanadaSHM6_ActiveCrust_BooreEtAl2014 is experimental and may change in future versions - the user is liable for their application
  warnings.warn(msg, ExperimentalWarning)
/home/ssm-user/src/oq-engine/openquake/hazardlib/gsim/base.py:347: ExperimentalWarning: CanadaSHM6_ActiveCrust_BooreEtAl2014 is experimental and may change in future versions - the user is liable for their application
  warnings.warn(msg, ExperimentalWarning)
/home/ssm-user/src/oq-engine/openquake/hazardlib/gsim/base.py:347: ExperimentalWarning: CanadaSHM6_ActiveCrust_BooreEtAl2014 is experimental and may change in future versions - the user is liable for their application
  warnings.warn(msg, ExperimentalWarning)
/home/ssm-user/src/oq-engine/openquake/hazardlib/gsim/base.py:347: ExperimentalWarning: CanadaSHM6_ActiveCrust_BooreEtAl2014 is experimental and may change in future versions - the user is liable for their application
  warnings.warn(msg, ExperimentalWarning)
/home/ssm-user/src/oq-engine/openquake/hazardlib/gsim/base.py:347: ExperimentalWarning: CanadaSHM6_ActiveCrust_BooreEtAl2014 is experimental and may change in future versions - the user is liable for their application
  warnings.warn(msg, ExperimentalWarning)
/home/ssm-user/src/oq-engine/openquake/hazardlib/gsim/base.py:347: ExperimentalWarning: CanadaSHM6_ActiveCrust_BooreEtAl2014 is experimental and may change in future versions - the user is liable for their application
  warnings.warn(msg, ExperimentalWarning)
/home/ssm-user/src/oq-engine/openquake/hazardlib/gsim/base.py:347: ExperimentalWarning: CanadaSHM6_ActiveCrust_BooreEtAl2014 is experimental and may change in future versions - the user is liable for their application
  warnings.warn(msg, ExperimentalWarning)
/home/ssm-user/src/oq-engine/openquake/hazardlib/gsim/base.py:347: ExperimentalWarning: CanadaSHM6_ActiveCrust_BooreEtAl2014 is experimental and may change in future versions - the user is liable for their application
  warnings.warn(msg, ExperimentalWarning)
/home/ssm-user/src/oq-engine/openquake/hazardlib/gsim/base.py:347: ExperimentalWarning: CanadaSHM6_ActiveCrust_BooreEtAl2014 is experimental and may change in future versions - the user is liable for their application
  warnings.warn(msg, ExperimentalWarning)
/home/ssm-user/src/oq-engine/openquake/hazardlib/gsim/base.py:347: ExperimentalWarning: CanadaSHM6_ActiveCrust_BooreEtAl2014 is experimental and may change in future versions - the user is liable for their application
  warnings.warn(msg, ExperimentalWarning)
[2021-12-04 14:34:49 #200 INFO] root running /mnt/storage/canada-srm2/ebRisk/input/ebRisk_r1_NU_X.ini [--hc=199]
[2021-12-04 14:34:49 #200 INFO] Using engine version 3.11.3-git0cccb86798
[2021-12-04 14:34:49 #200 WARNING] Version v3.12.1 of the engine is available, but you are still using version 3.11.3-git0cccb86798
[2021-12-04 14:34:49 #200 WARNING] Using 96 cores on ip-10-70-136-20
[2021-12-04 14:34:50 #200 INFO] Validated nationalModel.xml in 0.01 seconds
[2021-12-04 14:34:50 #200 INFO] Checksum of the input files: 514598877
[2021-12-04 14:34:50 #200 INFO] Reading the risk model if present
[2021-12-04 14:35:15 #200 INFO] Reading /mnt/storage/openquake-inputs/exposure/general-building-stock/oqBldgExp_NU_X.xml
[2021-12-04 14:35:16 #200 INFO] Associated 2087 assets to 78 sites
[2021-12-04 14:35:17 #200 INFO] Reducing risk model from 7260 to 101 taxonomies
[2021-12-04 14:35:23 #200 INFO] minimum_asset_loss={'contents': 0, 'nonstructural': 0, 'occupants': 0, 'structural': 0}
[2021-12-04 14:35:23 #200 INFO] Storing 147 aggregation keys
[2021-12-04 14:35:23 #200 INFO] Storing risk model
[2021-12-04 14:35:23 #200 INFO] minimum_intensity={'SA(0.3)': 0.02, 'SA(0.6)': 0.05, 'SA(1.0)': 0.05, 'SA(2.0)': 0.05, 'SA(0.5)': 0.05}
[2021-12-04 14:35:23 #200 INFO] Sending 3_467_368 ruptures
  id | name
1104 | Aggregate Event Losses
1103 | Aggregate Loss Curves Statistics
1105 | Aggregate Losses Statistics
1106 | Average Asset Losses Statistics
1111 | Earthquake Ruptures
1107 | Events
1108 | Full Report
1109 | Input Files
1110 | Realizations
1112 | Source Loss Table
[2021-12-04 14:38:23 #200 INFO] Sent 206 tasks, 515.63 MB in 164 seconds
[2021-12-04 14:38:23 #200 INFO] start_ebrisk   1% [206 submitted, 0 queued]
[2021-12-04 14:38:23 #200 INFO] start_ebrisk   2% [206 submitted, 0 queued]
[2021-12-04 14:38:23 #200 INFO] start_ebrisk   3% [206 submitted, 0 queued]
[2021-12-04 14:40:11 #200 INFO] start_ebrisk   4% [206 submitted, 0 queued]
[2021-12-04 14:45:28 #200 INFO] start_ebrisk   5% [206 submitted, 0 queued]
[2021-12-04 14:45:41 #200 INFO] start_ebrisk   6% [206 submitted, 0 queued]
[2021-12-04 14:46:22 #200 INFO] start_ebrisk   7% [206 submitted, 0 queued]
[2021-12-04 14:46:34 #200 INFO] start_ebrisk   8% [206 submitted, 0 queued]
[2021-12-04 14:46:44 #200 INFO] start_ebrisk   9% [206 submitted, 0 queued]
[2021-12-04 14:46:56 #200 INFO] start_ebrisk  10% [206 submitted, 0 queued]
[2021-12-04 14:46:57 #200 INFO] start_ebrisk  11% [206 submitted, 0 queued]
[2021-12-04 14:47:14 #200 INFO] start_ebrisk  12% [206 submitted, 0 queued]
[2021-12-04 14:48:20 #200 INFO] start_ebrisk  13% [206 submitted, 0 queued]
[2021-12-04 14:48:27 #200 INFO] start_ebrisk  14% [206 submitted, 0 queued]
[2021-12-04 14:48:41 #200 INFO] start_ebrisk  15% [206 submitted, 0 queued]
[2021-12-04 14:48:45 #200 INFO] start_ebrisk  16% [206 submitted, 0 queued]
[2021-12-04 14:48:47 #200 INFO] start_ebrisk  17% [206 submitted, 0 queued]
[2021-12-04 14:49:00 #200 INFO] start_ebrisk  18% [206 submitted, 0 queued]
[2021-12-04 14:49:06 #200 INFO] start_ebrisk  19% [206 submitted, 0 queued]
[2021-12-04 14:49:12 #200 INFO] start_ebrisk  20% [206 submitted, 0 queued]
[2021-12-04 14:49:25 #200 INFO] start_ebrisk  21% [206 submitted, 0 queued]
[2021-12-04 14:49:32 #200 INFO] start_ebrisk  22% [206 submitted, 0 queued]
[2021-12-04 14:49:42 #200 INFO] start_ebrisk  23% [206 submitted, 0 queued]
[2021-12-04 14:49:51 #200 INFO] start_ebrisk  24% [206 submitted, 0 queued]
[2021-12-04 14:50:04 #200 INFO] start_ebrisk  25% [206 submitted, 0 queued]
[2021-12-04 14:50:35 #200 INFO] start_ebrisk  26% [206 submitted, 0 queued]
[2021-12-04 14:50:52 #200 INFO] start_ebrisk  27% [206 submitted, 0 queued]
[2021-12-04 14:50:56 #200 INFO] start_ebrisk  28% [206 submitted, 0 queued]
[2021-12-04 14:50:59 #200 INFO] start_ebrisk  29% [206 submitted, 0 queued]
[2021-12-04 14:51:05 #200 INFO] start_ebrisk  30% [206 submitted, 0 queued]
[2021-12-04 14:51:11 #200 INFO] start_ebrisk  31% [206 submitted, 0 queued]
[2021-12-04 14:51:20 #200 INFO] start_ebrisk  32% [206 submitted, 0 queued]
[2021-12-04 14:51:25 #200 INFO] start_ebrisk  33% [206 submitted, 0 queued]
[2021-12-04 14:51:41 #200 INFO] start_ebrisk  34% [206 submitted, 0 queued]
[2021-12-04 14:51:42 #200 INFO] start_ebrisk  35% [206 submitted, 0 queued]
[2021-12-04 14:51:51 #200 INFO] start_ebrisk  36% [206 submitted, 0 queued]
[2021-12-04 14:52:00 #200 INFO] start_ebrisk  37% [206 submitted, 0 queued]
[2021-12-04 14:52:04 #200 INFO] start_ebrisk  38% [206 submitted, 0 queued]
[2021-12-04 14:52:10 #200 INFO] start_ebrisk  39% [206 submitted, 0 queued]
[2021-12-04 14:52:15 #200 INFO] start_ebrisk  40% [206 submitted, 0 queued]
[2021-12-04 14:52:23 #200 INFO] start_ebrisk  41% [206 submitted, 0 queued]
[2021-12-04 14:52:24 #200 INFO] start_ebrisk  42% [206 submitted, 0 queued]
[2021-12-04 14:52:33 #200 INFO] start_ebrisk  43% [206 submitted, 0 queued]
[2021-12-04 14:52:37 #200 INFO] start_ebrisk  44% [206 submitted, 0 queued]
[2021-12-04 14:52:50 #200 INFO] start_ebrisk  45% [206 submitted, 0 queued]
[2021-12-04 14:52:52 #200 INFO] start_ebrisk  46% [206 submitted, 0 queued]
[2021-12-04 14:53:06 #200 INFO] start_ebrisk  47% [206 submitted, 0 queued]
[2021-12-04 14:53:16 #200 INFO] start_ebrisk  48% [206 submitted, 0 queued]
[2021-12-04 14:53:21 #200 INFO] start_ebrisk  49% [206 submitted, 0 queued]
[2021-12-04 14:53:38 #200 INFO] start_ebrisk  50% [206 submitted, 0 queued]
[2021-12-04 14:54:14 #200 INFO] start_ebrisk  51% [206 submitted, 0 queued]
[2021-12-04 14:54:21 #200 INFO] start_ebrisk  52% [206 submitted, 0 queued]
[2021-12-04 14:54:34 #200 INFO] start_ebrisk  53% [206 submitted, 0 queued]
[2021-12-04 14:54:36 #200 INFO] start_ebrisk  54% [206 submitted, 0 queued]
[2021-12-04 14:54:53 #200 INFO] start_ebrisk  55% [206 submitted, 0 queued]
[2021-12-04 14:55:39 #200 INFO] start_ebrisk  56% [206 submitted, 0 queued]
[2021-12-04 14:55:55 #200 INFO] start_ebrisk  57% [206 submitted, 0 queued]
[2021-12-04 14:57:47 #200 INFO] start_ebrisk  58% [206 submitted, 0 queued]
[2021-12-04 14:59:08 #200 INFO] start_ebrisk  59% [206 submitted, 0 queued]
[2021-12-04 14:59:56 #200 INFO] start_ebrisk  60% [206 submitted, 0 queued]
[2021-12-04 15:00:24 #200 INFO] start_ebrisk  61% [206 submitted, 0 queued]
[2021-12-04 15:01:11 #200 INFO] start_ebrisk  62% [206 submitted, 0 queued]
[2021-12-04 15:01:38 #200 INFO] start_ebrisk  63% [206 submitted, 0 queued]
[2021-12-04 15:02:23 #200 INFO] start_ebrisk  64% [206 submitted, 0 queued]
[2021-12-04 15:02:36 #200 INFO] start_ebrisk  65% [206 submitted, 0 queued]
[2021-12-04 15:02:45 #200 INFO] start_ebrisk  66% [206 submitted, 0 queued]
[2021-12-04 15:03:04 #200 INFO] start_ebrisk  67% [206 submitted, 0 queued]
[2021-12-04 15:03:10 #200 INFO] start_ebrisk  68% [206 submitted, 0 queued]
[2021-12-04 15:03:17 #200 INFO] start_ebrisk  69% [206 submitted, 0 queued]
[2021-12-04 15:03:21 #200 INFO] start_ebrisk  70% [206 submitted, 0 queued]
[2021-12-04 15:03:23 #200 INFO] start_ebrisk  71% [206 submitted, 0 queued]
[2021-12-04 15:03:29 #200 INFO] start_ebrisk  72% [206 submitted, 0 queued]
[2021-12-04 15:03:29 #200 INFO] start_ebrisk  73% [206 submitted, 0 queued]
[2021-12-04 15:03:36 #200 INFO] start_ebrisk  74% [206 submitted, 0 queued]
[2021-12-04 15:03:40 #200 INFO] start_ebrisk  75% [206 submitted, 0 queued]
[2021-12-04 15:03:46 #200 INFO] start_ebrisk  76% [206 submitted, 0 queued]
[2021-12-04 15:03:49 #200 INFO] start_ebrisk  77% [206 submitted, 0 queued]
[2021-12-04 15:03:50 #200 INFO] start_ebrisk  78% [206 submitted, 0 queued]
[2021-12-04 15:03:53 #200 INFO] start_ebrisk  79% [206 submitted, 0 queued]
[2021-12-04 15:04:08 #200 INFO] start_ebrisk  80% [206 submitted, 0 queued]
[2021-12-04 15:04:23 #200 INFO] start_ebrisk  81% [206 submitted, 0 queued]
[2021-12-04 15:04:29 #200 INFO] start_ebrisk  82% [206 submitted, 0 queued]
[2021-12-04 15:04:59 #200 INFO] start_ebrisk  83% [206 submitted, 0 queued]
[2021-12-04 15:05:08 #200 INFO] start_ebrisk  84% [206 submitted, 0 queued]
[2021-12-04 15:05:11 #200 INFO] start_ebrisk  85% [206 submitted, 0 queued]
[2021-12-04 15:05:18 #200 INFO] start_ebrisk  86% [206 submitted, 0 queued]
[2021-12-04 15:05:19 #200 INFO] start_ebrisk  87% [206 submitted, 0 queued]
[2021-12-04 15:05:34 #200 INFO] start_ebrisk  88% [206 submitted, 0 queued]
[2021-12-04 15:05:58 #200 INFO] start_ebrisk  89% [206 submitted, 0 queued]
[2021-12-04 15:06:06 #200 INFO] start_ebrisk  90% [206 submitted, 0 queued]
[2021-12-04 15:06:15 #200 INFO] start_ebrisk  91% [206 submitted, 0 queued]
[2021-12-04 15:06:30 #200 INFO] start_ebrisk  92% [206 submitted, 0 queued]
[2021-12-04 15:06:41 #200 INFO] start_ebrisk  93% [206 submitted, 0 queued]
[2021-12-04 15:06:49 #200 INFO] start_ebrisk  94% [206 submitted, 0 queued]
[2021-12-04 15:07:01 #200 INFO] start_ebrisk  95% [206 submitted, 0 queued]
[2021-12-04 15:07:07 #200 INFO] start_ebrisk  96% [206 submitted, 0 queued]
[2021-12-04 15:07:25 #200 INFO] start_ebrisk  97% [206 submitted, 0 queued]
[2021-12-04 15:07:43 #200 INFO] start_ebrisk  98% [206 submitted, 0 queued]
[2021-12-04 15:07:58 #200 INFO] start_ebrisk  99% [206 submitted, 0 queued]
[2021-12-04 15:09:16 #200 INFO] start_ebrisk 100% [206 submitted, 0 queued]
[2021-12-04 15:09:16 #200 INFO] Mean time per core=1635s, std=204.7s, min=1076s, max=1973s
[2021-12-04 15:09:16 #200 INFO] Received {'alt': '440.01 MB', 'gmf_info': '23.58 MB', 'losses_by_A': '6.33 MB', 'momenta': '1.2 MB', 'events_per_sid': '4.06 KB'} in 1853 seconds
[2021-12-04 15:09:16 #200 INFO] Produced 350.41 MB of GMFs
[2021-12-04 15:09:16 #200 INFO] Stored 439.83 MB in the agg_loss_table
[2021-12-04 15:09:16 #200 INFO] Building the src_loss_table
[2021-12-04 15:09:38 #200 INFO] Sending 35.67 MB of losses
[2021-12-04 15:09:38 #200 INFO] Sending 8.57 MB of losses
[2021-12-04 15:09:38 #200 INFO] Sending 27.06 MB of losses
[2021-12-04 15:09:39 #200 INFO] Sending 7.46 MB of losses
[2021-12-04 15:09:39 #200 INFO] Sending 3.18 MB of losses
[2021-12-04 15:09:39 #200 INFO] Sending 1010.62 KB of losses
[2021-12-04 15:09:39 #200 INFO] Sending 8.19 MB of losses
[2021-12-04 15:09:39 #200 INFO] Sending 3.68 MB of losses
[2021-12-04 15:09:39 #200 INFO] Sending 2.33 MB of losses
[2021-12-04 15:09:39 #200 INFO] Sending 18.09 MB of losses
[2021-12-04 15:09:39 #200 INFO] Sending 1.04 MB of losses
[2021-12-04 15:09:39 #200 INFO] Sending 8.27 MB of losses
[2021-12-04 15:09:40 #200 INFO] Sending 8.5 MB of losses
[2021-12-04 15:09:40 #200 INFO] Sending 2.89 MB of losses
[2021-12-04 15:09:40 #200 INFO] Sending 727.47 KB of losses
[2021-12-04 15:09:40 #200 INFO] Sending 16.34 MB of losses
[2021-12-04 15:09:40 #200 INFO] Sending 11.36 MB of losses
[2021-12-04 15:09:40 #200 INFO] Sending 10.11 MB of losses
[2021-12-04 15:09:40 #200 INFO] Sending 5.68 MB of losses
[2021-12-04 15:09:40 #200 INFO] Sending 7.29 MB of losses
[2021-12-04 15:09:40 #200 INFO] Sending 4.88 MB of losses
[2021-12-04 15:09:41 #200 INFO] Sending 1.19 MB of losses
[2021-12-04 15:09:41 #200 INFO] Sending 3.45 MB of losses
[2021-12-04 15:09:41 #200 INFO] Sending 1.31 MB of losses
[2021-12-04 15:09:41 #200 INFO] Sending 1.69 MB of losses
[2021-12-04 15:09:41 #200 INFO] Sending 2.9 MB of losses
[2021-12-04 15:09:41 #200 INFO] Sending 1.25 MB of losses
[2021-12-04 15:09:41 #200 INFO] Sending 2.08 MB of losses
[2021-12-04 15:09:41 #200 INFO] Sending 2.98 MB of losses
[2021-12-04 15:09:41 #200 INFO] Sending 990.22 KB of losses
[2021-12-04 15:09:41 #200 INFO] Sending 3.81 MB of losses
[2021-12-04 15:09:42 #200 INFO] Sending 776.73 KB of losses
[2021-12-04 15:09:42 #200 INFO] Sending 3.21 MB of losses
[2021-12-04 15:09:42 #200 INFO] Sending 1.14 MB of losses
[2021-12-04 15:09:42 #200 INFO] Sending 4.59 MB of losses
[2021-12-04 15:09:42 #200 INFO] Sending 632.16 KB of losses
[2021-12-04 15:09:42 #200 INFO] Sending 4.37 MB of losses
[2021-12-04 15:09:42 #200 INFO] Sending 1.31 MB of losses
[2021-12-04 15:09:42 #200 INFO] Sending 1.05 MB of losses
[2021-12-04 15:09:42 #200 INFO] Sending 285.73 KB of losses
[2021-12-04 15:09:43 #200 INFO] Sending 2.57 MB of losses
[2021-12-04 15:09:43 #200 INFO] Sending 854.61 KB of losses
[2021-12-04 15:09:43 #200 INFO] Sending 1.88 MB of losses
[2021-12-04 15:09:43 #200 INFO] Sending 1.49 MB of losses
[2021-12-04 15:09:43 #200 INFO] Sending 2.29 MB of losses
[2021-12-04 15:09:43 #200 INFO] Sending 1.88 MB of losses
[2021-12-04 15:09:43 #200 INFO] Sending 2.79 MB of losses
[2021-12-04 15:09:43 #200 INFO] Sending 2.32 MB of losses
[2021-12-04 15:09:43 #200 INFO] Sending 2.16 MB of losses
[2021-12-04 15:09:43 #200 INFO] Sending 1.74 MB of losses
[2021-12-04 15:09:44 #200 INFO] Sending 35.2 MB of losses
[2021-12-04 15:09:44 #200 INFO] Sent 52 tasks, 294.59 MB in 5 seconds
[2021-12-04 15:09:44 #200 INFO] post_risk   1% [52 submitted, 0 queued]
[2021-12-04 15:09:44 #200 INFO] post_risk   3% [52 submitted, 0 queued]
[2021-12-04 15:09:44 #200 INFO] post_risk   5% [52 submitted, 0 queued]
[2021-12-04 15:09:44 #200 INFO] post_risk   7% [52 submitted, 0 queued]
[2021-12-04 15:09:44 #200 INFO] post_risk   9% [52 submitted, 0 queued]
[2021-12-04 15:09:44 #200 INFO] post_risk  11% [52 submitted, 0 queued]
[2021-12-04 15:09:44 #200 INFO] post_risk  13% [52 submitted, 0 queued]
[2021-12-04 15:09:44 #200 INFO] post_risk  15% [52 submitted, 0 queued]
[2021-12-04 15:09:44 #200 INFO] post_risk  17% [52 submitted, 0 queued]
[2021-12-04 15:09:44 #200 INFO] post_risk  19% [52 submitted, 0 queued]
[2021-12-04 15:09:44 #200 INFO] post_risk  21% [52 submitted, 0 queued]
[2021-12-04 15:09:44 #200 INFO] post_risk  23% [52 submitted, 0 queued]
[2021-12-04 15:09:44 #200 INFO] post_risk  25% [52 submitted, 0 queued]
[2021-12-04 15:09:44 #200 INFO] post_risk  26% [52 submitted, 0 queued]
[2021-12-04 15:09:44 #200 INFO] post_risk  28% [52 submitted, 0 queued]
[2021-12-04 15:09:44 #200 INFO] post_risk  30% [52 submitted, 0 queued]
[2021-12-04 15:09:44 #200 INFO] post_risk  32% [52 submitted, 0 queued]
[2021-12-04 15:09:44 #200 INFO] post_risk  34% [52 submitted, 0 queued]
[2021-12-04 15:09:44 #200 INFO] post_risk  36% [52 submitted, 0 queued]
[2021-12-04 15:09:44 #200 INFO] post_risk  38% [52 submitted, 0 queued]
[2021-12-04 15:09:44 #200 INFO] post_risk  40% [52 submitted, 0 queued]
[2021-12-04 15:09:44 #200 INFO] post_risk  42% [52 submitted, 0 queued]
[2021-12-04 15:09:45 #200 INFO] post_risk  44% [52 submitted, 0 queued]
[2021-12-04 15:09:45 #200 INFO] post_risk  46% [52 submitted, 0 queued]
[2021-12-04 15:09:45 #200 INFO] post_risk  48% [52 submitted, 0 queued]
[2021-12-04 15:09:45 #200 INFO] post_risk  50% [52 submitted, 0 queued]
[2021-12-04 15:09:45 #200 INFO] post_risk  51% [52 submitted, 0 queued]
[2021-12-04 15:09:45 #200 INFO] post_risk  53% [52 submitted, 0 queued]
[2021-12-04 15:09:45 #200 INFO] post_risk  55% [52 submitted, 0 queued]
[2021-12-04 15:09:45 #200 INFO] post_risk  57% [52 submitted, 0 queued]
[2021-12-04 15:09:45 #200 INFO] post_risk  59% [52 submitted, 0 queued]
[2021-12-04 15:09:45 #200 INFO] post_risk  61% [52 submitted, 0 queued]
[2021-12-04 15:09:45 #200 INFO] post_risk  63% [52 submitted, 0 queued]
[2021-12-04 15:09:45 #200 INFO] post_risk  65% [52 submitted, 0 queued]
[2021-12-04 15:09:45 #200 INFO] post_risk  67% [52 submitted, 0 queued]
[2021-12-04 15:09:45 #200 INFO] post_risk  69% [52 submitted, 0 queued]
[2021-12-04 15:09:45 #200 INFO] post_risk  71% [52 submitted, 0 queued]
[2021-12-04 15:09:45 #200 INFO] post_risk  73% [52 submitted, 0 queued]
[2021-12-04 15:09:45 #200 INFO] post_risk  75% [52 submitted, 0 queued]
[2021-12-04 15:09:45 #200 INFO] post_risk  76% [52 submitted, 0 queued]
[2021-12-04 15:09:45 #200 INFO] post_risk  78% [52 submitted, 0 queued]
[2021-12-04 15:09:45 #200 INFO] post_risk  80% [52 submitted, 0 queued]
[2021-12-04 15:09:45 #200 INFO] post_risk  82% [52 submitted, 0 queued]
[2021-12-04 15:09:45 #200 INFO] post_risk  84% [52 submitted, 0 queued]
[2021-12-04 15:09:45 #200 INFO] post_risk  86% [52 submitted, 0 queued]
[2021-12-04 15:09:45 #200 INFO] post_risk  88% [52 submitted, 0 queued]
[2021-12-04 15:09:45 #200 INFO] post_risk  90% [52 submitted, 0 queued]
[2021-12-04 15:09:45 #200 INFO] post_risk  92% [52 submitted, 0 queued]
[2021-12-04 15:09:45 #200 INFO] post_risk  94% [52 submitted, 0 queued]
[2021-12-04 15:09:45 #200 INFO] post_risk  96% [52 submitted, 0 queued]
[2021-12-04 15:09:45 #200 INFO] post_risk  98% [52 submitted, 0 queued]
[2021-12-04 15:09:45 #200 INFO] post_risk 100% [52 submitted, 0 queued]
[2021-12-04 15:09:45 #200 INFO] Mean time per core=0s, std=0.1s, min=0s, max=0s
[2021-12-04 15:09:45 #200 INFO] Received {'tot': '4.12 MB'} in 1 seconds
[2021-12-04 15:09:49 #200 INFO] Total portfolio loss
==== =========== ============= ========= =============
loss contents    nonstructural occupants structural   
==== =========== ============= ========= =============
avg  230_041_240 886_936_618   15        1_319_862_421
==== =========== ============= ========= =============
[2021-12-04 15:09:49 #200 INFO] Sanity check on agg_losses
[2021-12-04 15:09:49 #200 INFO] Exposing the outputs to the database
[2021-12-04 15:09:50 #200 INFO] Stored 470.76 MB on /root/oqdata/calc_200.hdf5 in 2100 seconds
/home/ssm-user/src/oq-engine/openquake/hazardlib/gsim/base.py:347: ExperimentalWarning: CanadaSHM6_ActiveCrust_BooreEtAl2014 is experimental and may change in future versions - the user is liable for their application
  warnings.warn(msg, ExperimentalWarning)
/home/ssm-user/src/oq-engine/openquake/hazardlib/gsim/base.py:347: ExperimentalWarning: CanadaSHM6_ActiveCrust_BooreEtAl2014 is experimental and may change in future versions - the user is liable for their application
  warnings.warn(msg, ExperimentalWarning)
/home/ssm-user/src/oq-engine/openquake/hazardlib/gsim/base.py:347: ExperimentalWarning: CanadaSHM6_ActiveCrust_BooreEtAl2014 is experimental and may change in future versions - the user is liable for their application
  warnings.warn(msg, ExperimentalWarning)
/home/ssm-user/src/oq-engine/openquake/hazardlib/gsim/base.py:347: ExperimentalWarning: CanadaSHM6_ActiveCrust_BooreEtAl2014 is experimental and may change in future versions - the user is liable for their application
  warnings.warn(msg, ExperimentalWarning)
/home/ssm-user/src/oq-engine/openquake/hazardlib/gsim/base.py:347: ExperimentalWarning: CanadaSHM6_ActiveCrust_BooreEtAl2014 is experimental and may change in future versions - the user is liable for their application
  warnings.warn(msg, ExperimentalWarning)
/home/ssm-user/src/oq-engine/openquake/hazardlib/gsim/base.py:347: ExperimentalWarning: CanadaSHM6_ActiveCrust_BooreEtAl2014 is experimental and may change in future versions - the user is liable for their application
  warnings.warn(msg, ExperimentalWarning)
/home/ssm-user/src/oq-engine/openquake/hazardlib/gsim/base.py:347: ExperimentalWarning: CanadaSHM6_ActiveCrust_BooreEtAl2014 is experimental and may change in future versions - the user is liable for their application
  warnings.warn(msg, ExperimentalWarning)
/home/ssm-user/src/oq-engine/openquake/hazardlib/gsim/base.py:347: ExperimentalWarning: CanadaSHM6_ActiveCrust_BooreEtAl2014 is experimental and may change in future versions - the user is liable for their application
  warnings.warn(msg, ExperimentalWarning)
/home/ssm-user/src/oq-engine/openquake/hazardlib/gsim/base.py:347: ExperimentalWarning: CanadaSHM6_ActiveCrust_BooreEtAl2014 is experimental and may change in future versions - the user is liable for their application
  warnings.warn(msg, ExperimentalWarning)
/home/ssm-user/src/oq-engine/openquake/hazardlib/gsim/base.py:347: ExperimentalWarning: CanadaSHM6_ActiveCrust_BooreEtAl2014 is experimental and may change in future versions - the user is liable for their application
  warnings.warn(msg, ExperimentalWarning)
/home/ssm-user/src/oq-engine/openquake/hazardlib/gsim/base.py:347: ExperimentalWarning: CanadaSHM6_ActiveCrust_BooreEtAl2014 is experimental and may change in future versions - the user is liable for their application
  warnings.warn(msg, ExperimentalWarning)
/home/ssm-user/src/oq-engine/openquake/hazardlib/gsim/base.py:347: ExperimentalWarning: CanadaSHM6_ActiveCrust_BooreEtAl2014 is experimental and may change in future versions - the user is liable for their application
  warnings.warn(msg, ExperimentalWarning)
/home/ssm-user/src/oq-engine/openquake/hazardlib/gsim/base.py:347: ExperimentalWarning: CanadaSHM6_ActiveCrust_BooreEtAl2014 is experimental and may change in future versions - the user is liable for their application
  warnings.warn(msg, ExperimentalWarning)
/home/ssm-user/src/oq-engine/openquake/hazardlib/gsim/base.py:347: ExperimentalWarning: CanadaSHM6_ActiveCrust_BooreEtAl2014 is experimental and may change in future versions - the user is liable for their application
  warnings.warn(msg, ExperimentalWarning)
/home/ssm-user/src/oq-engine/openquake/hazardlib/gsim/base.py:347: ExperimentalWarning: CanadaSHM6_ActiveCrust_BooreEtAl2014 is experimental and may change in future versions - the user is liable for their application
  warnings.warn(msg, ExperimentalWarning)
/home/ssm-user/src/oq-engine/openquake/hazardlib/gsim/base.py:347: ExperimentalWarning: CanadaSHM6_ActiveCrust_BooreEtAl2014 is experimental and may change in future versions - the user is liable for their application
  warnings.warn(msg, ExperimentalWarning)
/home/ssm-user/src/oq-engine/openquake/hazardlib/gsim/base.py:347: ExperimentalWarning: CanadaSHM6_ActiveCrust_BooreEtAl2014 is experimental and may change in future versions - the user is liable for their application
  warnings.warn(msg, ExperimentalWarning)
/home/ssm-user/src/oq-engine/openquake/hazardlib/gsim/base.py:347: ExperimentalWarning: CanadaSHM6_ActiveCrust_BooreEtAl2014 is experimental and may change in future versions - the user is liable for their application
  warnings.warn(msg, ExperimentalWarning)
/home/ssm-user/src/oq-engine/openquake/hazardlib/gsim/base.py:347: ExperimentalWarning: CanadaSHM6_ActiveCrust_BooreEtAl2014 is experimental and may change in future versions - the user is liable for their application
  warnings.warn(msg, ExperimentalWarning)
/home/ssm-user/src/oq-engine/openquake/hazardlib/gsim/base.py:347: ExperimentalWarning: CanadaSHM6_ActiveCrust_BooreEtAl2014 is experimental and may change in future versions - the user is liable for their application
  warnings.warn(msg, ExperimentalWarning)
/home/ssm-user/src/oq-engine/openquake/hazardlib/gsim/base.py:347: ExperimentalWarning: CanadaSHM6_ActiveCrust_BooreEtAl2014 is experimental and may change in future versions - the user is liable for their application
  warnings.warn(msg, ExperimentalWarning)
/home/ssm-user/src/oq-engine/openquake/hazardlib/gsim/base.py:347: ExperimentalWarning: CanadaSHM6_ActiveCrust_BooreEtAl2014 is experimental and may change in future versions - the user is liable for their application
  warnings.warn(msg, ExperimentalWarning)
/home/ssm-user/src/oq-engine/openquake/hazardlib/gsim/base.py:347: ExperimentalWarning: CanadaSHM6_ActiveCrust_BooreEtAl2014 is experimental and may change in future versions - the user is liable for their application
  warnings.warn(msg, ExperimentalWarning)
/home/ssm-user/src/oq-engine/openquake/hazardlib/gsim/base.py:347: ExperimentalWarning: CanadaSHM6_ActiveCrust_BooreEtAl2014 is experimental and may change in future versions - the user is liable for their application
  warnings.warn(msg, ExperimentalWarning)
/home/ssm-user/src/oq-engine/openquake/hazardlib/gsim/base.py:347: ExperimentalWarning: CanadaSHM6_ActiveCrust_BooreEtAl2014 is experimental and may change in future versions - the user is liable for their application
  warnings.warn(msg, ExperimentalWarning)
/home/ssm-user/src/oq-engine/openquake/hazardlib/gsim/base.py:347: ExperimentalWarning: CanadaSHM6_ActiveCrust_BooreEtAl2014 is experimental and may change in future versions - the user is liable for their application
  warnings.warn(msg, ExperimentalWarning)
/home/ssm-user/src/oq-engine/openquake/hazardlib/gsim/base.py:347: ExperimentalWarning: CanadaSHM6_ActiveCrust_BooreEtAl2014 is experimental and may change in future versions - the user is liable for their application
  warnings.warn(msg, ExperimentalWarning)
/home/ssm-user/src/oq-engine/openquake/hazardlib/gsim/base.py:347: ExperimentalWarning: CanadaSHM6_ActiveCrust_BooreEtAl2014 is experimental and may change in future versions - the user is liable for their application
  warnings.warn(msg, ExperimentalWarning)
/home/ssm-user/src/oq-engine/openquake/hazardlib/gsim/base.py:347: ExperimentalWarning: CanadaSHM6_ActiveCrust_BooreEtAl2014 is experimental and may change in future versions - the user is liable for their application
  warnings.warn(msg, ExperimentalWarning)
/home/ssm-user/src/oq-engine/openquake/hazardlib/gsim/base.py:347: ExperimentalWarning: CanadaSHM6_ActiveCrust_BooreEtAl2014 is experimental and may change in future versions - the user is liable for their application
  warnings.warn(msg, ExperimentalWarning)
/home/ssm-user/src/oq-engine/openquake/hazardlib/gsim/base.py:347: ExperimentalWarning: CanadaSHM6_ActiveCrust_BooreEtAl2014 is experimental and may change in future versions - the user is liable for their application
  warnings.warn(msg, ExperimentalWarning)
/home/ssm-user/src/oq-engine/openquake/hazardlib/gsim/base.py:347: ExperimentalWarning: CanadaSHM6_ActiveCrust_BooreEtAl2014 is experimental and may change in future versions - the user is liable for their application
  warnings.warn(msg, ExperimentalWarning)
/home/ssm-user/src/oq-engine/openquake/hazardlib/gsim/base.py:347: ExperimentalWarning: CanadaSHM6_ActiveCrust_BooreEtAl2014 is experimental and may change in future versions - the user is liable for their application
  warnings.warn(msg, ExperimentalWarning)
/home/ssm-user/src/oq-engine/openquake/hazardlib/gsim/base.py:347: ExperimentalWarning: CanadaSHM6_ActiveCrust_BooreEtAl2014 is experimental and may change in future versions - the user is liable for their application
  warnings.warn(msg, ExperimentalWarning)
/home/ssm-user/src/oq-engine/openquake/hazardlib/gsim/base.py:347: ExperimentalWarning: CanadaSHM6_ActiveCrust_BooreEtAl2014 is experimental and may change in future versions - the user is liable for their application
  warnings.warn(msg, ExperimentalWarning)
/home/ssm-user/src/oq-engine/openquake/hazardlib/gsim/base.py:347: ExperimentalWarning: CanadaSHM6_ActiveCrust_BooreEtAl2014 is experimental and may change in future versions - the user is liable for their application
  warnings.warn(msg, ExperimentalWarning)
/home/ssm-user/src/oq-engine/openquake/hazardlib/gsim/base.py:347: ExperimentalWarning: CanadaSHM6_ActiveCrust_BooreEtAl2014 is experimental and may change in future versions - the user is liable for their application
  warnings.warn(msg, ExperimentalWarning)
/home/ssm-user/src/oq-engine/openquake/hazardlib/gsim/base.py:347: ExperimentalWarning: CanadaSHM6_ActiveCrust_BooreEtAl2014 is experimental and may change in future versions - the user is liable for their application
  warnings.warn(msg, ExperimentalWarning)
/home/ssm-user/src/oq-engine/openquake/hazardlib/gsim/base.py:347: ExperimentalWarning: CanadaSHM6_ActiveCrust_BooreEtAl2014 is experimental and may change in future versions - the user is liable for their application
  warnings.warn(msg, ExperimentalWarning)
/home/ssm-user/src/oq-engine/openquake/hazardlib/gsim/base.py:347: ExperimentalWarning: CanadaSHM6_ActiveCrust_BooreEtAl2014 is experimental and may change in future versions - the user is liable for their application
  warnings.warn(msg, ExperimentalWarning)
/home/ssm-user/src/oq-engine/openquake/hazardlib/gsim/base.py:347: ExperimentalWarning: CanadaSHM6_ActiveCrust_BooreEtAl2014 is experimental and may change in future versions - the user is liable for their application
  warnings.warn(msg, ExperimentalWarning)
/home/ssm-user/src/oq-engine/openquake/hazardlib/gsim/base.py:347: ExperimentalWarning: CanadaSHM6_ActiveCrust_BooreEtAl2014 is experimental and may change in future versions - the user is liable for their application
  warnings.warn(msg, ExperimentalWarning)
/home/ssm-user/src/oq-engine/openquake/hazardlib/gsim/base.py:347: ExperimentalWarning: CanadaSHM6_ActiveCrust_BooreEtAl2014 is experimental and may change in future versions - the user is liable for their application
  warnings.warn(msg, ExperimentalWarning)
/home/ssm-user/src/oq-engine/openquake/hazardlib/gsim/base.py:347: ExperimentalWarning: CanadaSHM6_ActiveCrust_BooreEtAl2014 is experimental and may change in future versions - the user is liable for their application
  warnings.warn(msg, ExperimentalWarning)
/home/ssm-user/src/oq-engine/openquake/hazardlib/gsim/base.py:347: ExperimentalWarning: CanadaSHM6_ActiveCrust_BooreEtAl2014 is experimental and may change in future versions - the user is liable for their application
  warnings.warn(msg, ExperimentalWarning)
/home/ssm-user/src/oq-engine/openquake/hazardlib/gsim/base.py:347: ExperimentalWarning: CanadaSHM6_ActiveCrust_BooreEtAl2014 is experimental and may change in future versions - the user is liable for their application
  warnings.warn(msg, ExperimentalWarning)
/home/ssm-user/src/oq-engine/openquake/hazardlib/gsim/base.py:347: ExperimentalWarning: CanadaSHM6_ActiveCrust_BooreEtAl2014 is experimental and may change in future versions - the user is liable for their application
  warnings.warn(msg, ExperimentalWarning)
/home/ssm-user/src/oq-engine/openquake/hazardlib/gsim/base.py:347: ExperimentalWarning: CanadaSHM6_ActiveCrust_BooreEtAl2014 is experimental and may change in future versions - the user is liable for their application
  warnings.warn(msg, ExperimentalWarning)
/home/ssm-user/src/oq-engine/openquake/hazardlib/gsim/base.py:347: ExperimentalWarning: CanadaSHM6_ActiveCrust_BooreEtAl2014 is experimental and may change in future versions - the user is liable for their application
  warnings.warn(msg, ExperimentalWarning)
/home/ssm-user/src/oq-engine/openquake/hazardlib/gsim/base.py:347: ExperimentalWarning: CanadaSHM6_ActiveCrust_BooreEtAl2014 is experimental and may change in future versions - the user is liable for their application
  warnings.warn(msg, ExperimentalWarning)
/home/ssm-user/src/oq-engine/openquake/hazardlib/gsim/base.py:347: ExperimentalWarning: CanadaSHM6_ActiveCrust_BooreEtAl2014 is experimental and may change in future versions - the user is liable for their application
  warnings.warn(msg, ExperimentalWarning)
/home/ssm-user/src/oq-engine/openquake/hazardlib/gsim/base.py:347: ExperimentalWarning: CanadaSHM6_ActiveCrust_BooreEtAl2014 is experimental and may change in future versions - the user is liable for their application
  warnings.warn(msg, ExperimentalWarning)
/home/ssm-user/src/oq-engine/openquake/hazardlib/gsim/base.py:347: ExperimentalWarning: CanadaSHM6_ActiveCrust_BooreEtAl2014 is experimental and may change in future versions - the user is liable for their application
  warnings.warn(msg, ExperimentalWarning)
/home/ssm-user/src/oq-engine/openquake/hazardlib/gsim/base.py:347: ExperimentalWarning: CanadaSHM6_ActiveCrust_BooreEtAl2014 is experimental and may change in future versions - the user is liable for their application
  warnings.warn(msg, ExperimentalWarning)
/home/ssm-user/src/oq-engine/openquake/hazardlib/gsim/base.py:347: ExperimentalWarning: CanadaSHM6_ActiveCrust_BooreEtAl2014 is experimental and may change in future versions - the user is liable for their application
  warnings.warn(msg, ExperimentalWarning)
/home/ssm-user/src/oq-engine/openquake/hazardlib/gsim/base.py:347: ExperimentalWarning: CanadaSHM6_ActiveCrust_BooreEtAl2014 is experimental and may change in future versions - the user is liable for their application
  warnings.warn(msg, ExperimentalWarning)
/home/ssm-user/src/oq-engine/openquake/hazardlib/gsim/base.py:347: ExperimentalWarning: CanadaSHM6_ActiveCrust_BooreEtAl2014 is experimental and may change in future versions - the user is liable for their application
  warnings.warn(msg, ExperimentalWarning)
/home/ssm-user/src/oq-engine/openquake/hazardlib/gsim/base.py:347: ExperimentalWarning: CanadaSHM6_ActiveCrust_BooreEtAl2014 is experimental and may change in future versions - the user is liable for their application
  warnings.warn(msg, ExperimentalWarning)
/home/ssm-user/src/oq-engine/openquake/hazardlib/gsim/base.py:347: ExperimentalWarning: CanadaSHM6_ActiveCrust_BooreEtAl2014 is experimental and may change in future versions - the user is liable for their application
  warnings.warn(msg, ExperimentalWarning)
/home/ssm-user/src/oq-engine/openquake/hazardlib/gsim/base.py:347: ExperimentalWarning: CanadaSHM6_ActiveCrust_BooreEtAl2014 is experimental and may change in future versions - the user is liable for their application
  warnings.warn(msg, ExperimentalWarning)
/home/ssm-user/src/oq-engine/openquake/hazardlib/gsim/base.py:347: ExperimentalWarning: CanadaSHM6_ActiveCrust_BooreEtAl2014 is experimental and may change in future versions - the user is liable for their application
  warnings.warn(msg, ExperimentalWarning)
/home/ssm-user/src/oq-engine/openquake/hazardlib/gsim/base.py:347: ExperimentalWarning: CanadaSHM6_ActiveCrust_BooreEtAl2014 is experimental and may change in future versions - the user is liable for their application
  warnings.warn(msg, ExperimentalWarning)
/home/ssm-user/src/oq-engine/openquake/hazardlib/gsim/base.py:347: ExperimentalWarning: CanadaSHM6_ActiveCrust_BooreEtAl2014 is experimental and may change in future versions - the user is liable for their application
  warnings.warn(msg, ExperimentalWarning)
/home/ssm-user/src/oq-engine/openquake/hazardlib/gsim/base.py:347: ExperimentalWarning: CanadaSHM6_ActiveCrust_BooreEtAl2014 is experimental and may change in future versions - the user is liable for their application
  warnings.warn(msg, ExperimentalWarning)
/home/ssm-user/src/oq-engine/openquake/hazardlib/gsim/base.py:347: ExperimentalWarning: CanadaSHM6_ActiveCrust_BooreEtAl2014 is experimental and may change in future versions - the user is liable for their application
  warnings.warn(msg, ExperimentalWarning)
/home/ssm-user/src/oq-engine/openquake/hazardlib/gsim/base.py:347: ExperimentalWarning: CanadaSHM6_ActiveCrust_BooreEtAl2014 is experimental and may change in future versions - the user is liable for their application
  warnings.warn(msg, ExperimentalWarning)
/home/ssm-user/src/oq-engine/openquake/hazardlib/gsim/base.py:347: ExperimentalWarning: CanadaSHM6_ActiveCrust_BooreEtAl2014 is experimental and may change in future versions - the user is liable for their application
  warnings.warn(msg, ExperimentalWarning)
/home/ssm-user/src/oq-engine/openquake/hazardlib/gsim/base.py:347: ExperimentalWarning: CanadaSHM6_ActiveCrust_BooreEtAl2014 is experimental and may change in future versions - the user is liable for their application
  warnings.warn(msg, ExperimentalWarning)
/home/ssm-user/src/oq-engine/openquake/hazardlib/gsim/base.py:347: ExperimentalWarning: CanadaSHM6_ActiveCrust_BooreEtAl2014 is experimental and may change in future versions - the user is liable for their application
  warnings.warn(msg, ExperimentalWarning)
/home/ssm-user/src/oq-engine/openquake/hazardlib/gsim/base.py:347: ExperimentalWarning: CanadaSHM6_ActiveCrust_BooreEtAl2014 is experimental and may change in future versions - the user is liable for their application
  warnings.warn(msg, ExperimentalWarning)
/home/ssm-user/src/oq-engine/openquake/hazardlib/gsim/base.py:347: ExperimentalWarning: CanadaSHM6_ActiveCrust_BooreEtAl2014 is experimental and may change in future versions - the user is liable for their application
  warnings.warn(msg, ExperimentalWarning)
/home/ssm-user/src/oq-engine/openquake/hazardlib/gsim/base.py:347: ExperimentalWarning: CanadaSHM6_ActiveCrust_BooreEtAl2014 is experimental and may change in future versions - the user is liable for their application
  warnings.warn(msg, ExperimentalWarning)
/home/ssm-user/src/oq-engine/openquake/hazardlib/gsim/base.py:347: ExperimentalWarning: CanadaSHM6_ActiveCrust_BooreEtAl2014 is experimental and may change in future versions - the user is liable for their application
  warnings.warn(msg, ExperimentalWarning)
/home/ssm-user/src/oq-engine/openquake/hazardlib/gsim/base.py:347: ExperimentalWarning: CanadaSHM6_ActiveCrust_BooreEtAl2014 is experimental and may change in future versions - the user is liable for their application
  warnings.warn(msg, ExperimentalWarning)
/home/ssm-user/src/oq-engine/openquake/hazardlib/gsim/base.py:347: ExperimentalWarning: CanadaSHM6_ActiveCrust_BooreEtAl2014 is experimental and may change in future versions - the user is liable for their application
  warnings.warn(msg, ExperimentalWarning)
/home/ssm-user/src/oq-engine/openquake/hazardlib/gsim/base.py:347: ExperimentalWarning: CanadaSHM6_ActiveCrust_BooreEtAl2014 is experimental and may change in future versions - the user is liable for their application
  warnings.warn(msg, ExperimentalWarning)
/home/ssm-user/src/oq-engine/openquake/hazardlib/gsim/base.py:347: ExperimentalWarning: CanadaSHM6_ActiveCrust_BooreEtAl2014 is experimental and may change in future versions - the user is liable for their application
  warnings.warn(msg, ExperimentalWarning)
/home/ssm-user/src/oq-engine/openquake/hazardlib/gsim/base.py:347: ExperimentalWarning: CanadaSHM6_ActiveCrust_BooreEtAl2014 is experimental and may change in future versions - the user is liable for their application
  warnings.warn(msg, ExperimentalWarning)
/home/ssm-user/src/oq-engine/openquake/hazardlib/gsim/base.py:347: ExperimentalWarning: CanadaSHM6_ActiveCrust_BooreEtAl2014 is experimental and may change in future versions - the user is liable for their application
  warnings.warn(msg, ExperimentalWarning)
/home/ssm-user/src/oq-engine/openquake/hazardlib/gsim/base.py:347: ExperimentalWarning: CanadaSHM6_ActiveCrust_BooreEtAl2014 is experimental and may change in future versions - the user is liable for their application
  warnings.warn(msg, ExperimentalWarning)
/home/ssm-user/src/oq-engine/openquake/hazardlib/gsim/base.py:347: ExperimentalWarning: CanadaSHM6_ActiveCrust_BooreEtAl2014 is experimental and may change in future versions - the user is liable for their application
  warnings.warn(msg, ExperimentalWarning)
/home/ssm-user/src/oq-engine/openquake/hazardlib/gsim/base.py:347: ExperimentalWarning: CanadaSHM6_ActiveCrust_BooreEtAl2014 is experimental and may change in future versions - the user is liable for their application
  warnings.warn(msg, ExperimentalWarning)
/home/ssm-user/src/oq-engine/openquake/hazardlib/gsim/base.py:347: ExperimentalWarning: CanadaSHM6_ActiveCrust_BooreEtAl2014 is experimental and may change in future versions - the user is liable for their application
  warnings.warn(msg, ExperimentalWarning)
/home/ssm-user/src/oq-engine/openquake/hazardlib/gsim/base.py:347: ExperimentalWarning: CanadaSHM6_ActiveCrust_BooreEtAl2014 is experimental and may change in future versions - the user is liable for their application
  warnings.warn(msg, ExperimentalWarning)
/home/ssm-user/src/oq-engine/openquake/hazardlib/gsim/base.py:347: ExperimentalWarning: CanadaSHM6_ActiveCrust_BooreEtAl2014 is experimental and may change in future versions - the user is liable for their application
  warnings.warn(msg, ExperimentalWarning)
/home/ssm-user/src/oq-engine/openquake/hazardlib/gsim/base.py:347: ExperimentalWarning: CanadaSHM6_ActiveCrust_BooreEtAl2014 is experimental and may change in future versions - the user is liable for their application
  warnings.warn(msg, ExperimentalWarning)
/home/ssm-user/src/oq-engine/openquake/hazardlib/gsim/base.py:347: ExperimentalWarning: CanadaSHM6_ActiveCrust_BooreEtAl2014 is experimental and may change in future versions - the user is liable for their application
  warnings.warn(msg, ExperimentalWarning)
/home/ssm-user/src/oq-engine/openquake/hazardlib/gsim/base.py:347: ExperimentalWarning: CanadaSHM6_ActiveCrust_BooreEtAl2014 is experimental and may change in future versions - the user is liable for their application
  warnings.warn(msg, ExperimentalWarning)
/home/ssm-user/src/oq-engine/openquake/hazardlib/gsim/base.py:347: ExperimentalWarning: CanadaSHM6_ActiveCrust_BooreEtAl2014 is experimental and may change in future versions - the user is liable for their application
  warnings.warn(msg, ExperimentalWarning)
/home/ssm-user/src/oq-engine/openquake/hazardlib/gsim/base.py:347: ExperimentalWarning: CanadaSHM6_ActiveCrust_BooreEtAl2014 is experimental and may change in future versions - the user is liable for their application
  warnings.warn(msg, ExperimentalWarning)
/home/ssm-user/src/oq-engine/openquake/hazardlib/gsim/base.py:347: ExperimentalWarning: CanadaSHM6_ActiveCrust_BooreEtAl2014 is experimental and may change in future versions - the user is liable for their application
  warnings.warn(msg, ExperimentalWarning)
/home/ssm-user/src/oq-engine/openquake/hazardlib/gsim/base.py:347: ExperimentalWarning: CanadaSHM6_ActiveCrust_BooreEtAl2014 is experimental and may change in future versions - the user is liable for their application
  warnings.warn(msg, ExperimentalWarning)
/home/ssm-user/src/oq-engine/openquake/hazardlib/gsim/base.py:347: ExperimentalWarning: CanadaSHM6_ActiveCrust_BooreEtAl2014 is experimental and may change in future versions - the user is liable for their application
  warnings.warn(msg, ExperimentalWarning)
/home/ssm-user/src/oq-engine/openquake/hazardlib/gsim/base.py:347: ExperimentalWarning: CanadaSHM6_ActiveCrust_BooreEtAl2014 is experimental and may change in future versions - the user is liable for their application
  warnings.warn(msg, ExperimentalWarning)
/home/ssm-user/src/oq-engine/openquake/hazardlib/gsim/base.py:347: ExperimentalWarning: CanadaSHM6_ActiveCrust_BooreEtAl2014 is experimental and may change in future versions - the user is liable for their application
  warnings.warn(msg, ExperimentalWarning)
/home/ssm-user/src/oq-engine/openquake/hazardlib/gsim/base.py:347: ExperimentalWarning: CanadaSHM6_ActiveCrust_BooreEtAl2014 is experimental and may change in future versions - the user is liable for their application
  warnings.warn(msg, ExperimentalWarning)
[2021-12-04 15:09:50 #200 INFO] Stopping the workers
  id | name
1114 | Aggregate Event Losses
1113 | Aggregate Loss Curves Statistics
1115 | Aggregate Losses Statistics
1116 | Average Asset Losses Statistics
1117 | Full Report
1118 | Realizations
1119 | Source Loss Table
