[2020-10-30 00:07:31 #1438 INFO] murray.journeay running /mnt/data/shared/canada-2020/canada-srm2/eDamage/input/eDamage_r2_PE.ini [--hc=None]
[2020-10-30 00:07:31 #1438 INFO] Using engine version 3.11.0-git4f03c56
[2020-10-30 00:07:32 #1438 WARNING] Using 64 cores on gem-compute
[2020-10-30 00:07:32 #1438 INFO] Validated nationalModel.xml in 0.01 seconds
[2020-10-30 00:07:32 #1438 INFO] Checksum of the input files: 2528730147
[2020-10-30 00:07:32 #1438 INFO] Reading the risk model if present
[2020-10-30 00:07:35 #1438 INFO] Reading /mnt/data/shared/canada-2020/model-inputs/exposure/general-building-stock/oqBldgExp_PE.xml
[2020-10-30 00:07:37 #1438 INFO] Extracting the hazard sites from the site model
[2020-10-30 00:07:37 #1438 INFO] Associated 16669 assets to 1279 sites
[2020-10-30 00:07:38 #1438 INFO] Reducing risk model from 4224 to 329 taxonomies
[2020-10-30 00:07:38 #1438 INFO] Considering 50 logic tree paths out of 24_576
[2020-10-30 00:07:38 #1438 INFO] 6 effective smlt realization(s)
[2020-10-30 00:07:38 #1438 INFO] Reading the source model(s) in parallel
[2020-10-30 00:07:40 #1438 INFO] read_source_model  16% [6 submitted, 0 queued]
[2020-10-30 00:07:41 #1438 INFO] read_source_model  33% [6 submitted, 0 queued]
[2020-10-30 00:07:41 #1438 INFO] read_source_model  50% [6 submitted, 0 queued]
[2020-10-30 00:07:41 #1438 INFO] read_source_model  66% [6 submitted, 0 queued]
[2020-10-30 00:07:41 #1438 INFO] read_source_model  83% [6 submitted, 0 queued]
[2020-10-30 00:07:41 #1438 INFO] read_source_model 100% [6 submitted, 0 queued]
[2020-10-30 00:07:41 #1438 INFO] Received {'/mnt/data/shared/canada-2020/CanadaSHM6/OpenQuake_model_files/sources/nationalModel/xml/simplifiedModel/WCan_HYeast_Harctic_simplified_collapsedRates.xml': '141.06 KB', '/mnt/data/shared/canada-2020/CanadaSHM6/OpenQuake_model_files/sources/nationalModel/xml/simplifiedModel/WCan_H2east_Harctic_simplified_collapsedRates.xml': '135.23 KB', '/mnt/data/shared/canada-2020/CanadaSHM6/OpenQuake_model_files/sources/nationalModel/xml/simplifiedModel/WCan_HYeast_Rarctic_simplified_collapsedRates.xml': '134.61 KB', '/mnt/data/shared/canada-2020/CanadaSHM6/OpenQuake_model_files/sources/nationalModel/xml/simplifiedModel/WCan_H2east_Rarctic_simplified_collapsedRates.xml': '128.78 KB', '/mnt/data/shared/canada-2020/CanadaSHM6/OpenQuake_model_files/sources/nationalModel/xml/simplifiedModel/WCan_R2east_Harctic_simplified_collapsedRates.xml': '119.91 KB', '/mnt/data/shared/canada-2020/CanadaSHM6/OpenQuake_model_files/sources/nationalModel/xml/simplifiedModel/WCan_R2east_Rarctic_simplified_collapsedRates.xml': '113.68 KB'} in 1 seconds
[2020-10-30 00:07:41 #1438 WARNING] There are multiple different sources with the same ID [<AreaSource SCCCT>, <AreaSource SCCCT>, <AreaSource SCCCT>, <AreaSource SCCCT>, <AreaSource SCCCT>, <AreaSource SCCCT>]
[2020-10-30 00:09:19 #1438 INFO] There are 195 sources
[2020-10-30 00:09:19 #1438 INFO] Checking the sources bounding box
[2020-10-30 00:09:19 #1438 ERROR] source ACM: The buffer of 600 km is too large, the bounding box is larger than half the globe: 219 degrees
[2020-10-30 00:09:19 #1438 INFO] Rupture floating factor = 1.6265060240963856
[2020-10-30 00:09:19 #1438 INFO] Rupture spinning factor = 3.2710843373493974
[2020-10-30 00:09:19 #1438 INFO] gzipping the input files
[2020-10-30 00:09:20 #1438 INFO] Storing risk model
[2020-10-30 00:09:21 #1438 INFO] minimum_intensity={'SA(0.3)': 0.1, 'SA(0.6)': 0.05, 'SA(1.0)': 0.05, 'SA(2.0)': 0.05}
[2020-10-30 00:09:21 #1438 INFO] Building ruptures
[2020-10-30 00:09:21 #1438 INFO] Sending <SourceGroup Subduction IntraSlab30, 1 source(s)>
[2020-10-30 00:09:21 #1438 INFO] Sending <SourceGroup Subduction IntraSlab55, 4 source(s)>
[2020-10-30 00:09:21 #1438 INFO] Sending <SourceGroup Subduction Interface, 13 source(s)>
[2020-10-30 00:09:21 #1438 INFO] Sending <SourceGroup Stable Shallow Crust, 120 source(s)>
[2020-10-30 00:09:21 #1438 INFO] Sending <SourceGroup Active Shallow Crust, 59 source(s)>
[2020-10-30 00:09:22 #1438 INFO] Sent 64 tasks, 60.65 MB in 0 seconds
[2020-10-30 00:09:24 #1438 INFO] sample_ruptures   1% [65 submitted, 19 queued]
[2020-10-30 00:09:24 #1438 INFO] sample_ruptures   2% [66 submitted, 18 queued]
[2020-10-30 00:09:24 #1438 INFO] sample_ruptures   3% [67 submitted, 17 queued]
[2020-10-30 00:09:24 #1438 INFO] sample_ruptures   4% [68 submitted, 16 queued]
[2020-10-30 00:09:24 #1438 INFO] sample_ruptures   5% [69 submitted, 15 queued]
[2020-10-30 00:09:24 #1438 INFO] sample_ruptures   7% [70 submitted, 14 queued]
[2020-10-30 00:09:25 #1438 INFO] sample_ruptures   8% [71 submitted, 13 queued]
[2020-10-30 00:09:25 #1438 INFO] sample_ruptures   9% [72 submitted, 12 queued]
[2020-10-30 00:09:25 #1438 INFO] sample_ruptures  10% [73 submitted, 11 queued]
[2020-10-30 00:09:25 #1438 INFO] sample_ruptures  11% [74 submitted, 10 queued]
[2020-10-30 00:09:25 #1438 INFO] sample_ruptures  13% [75 submitted, 9 queued]
[2020-10-30 00:09:25 #1438 INFO] sample_ruptures  14% [76 submitted, 8 queued]
[2020-10-30 00:09:25 #1438 INFO] sample_ruptures  15% [77 submitted, 7 queued]
[2020-10-30 00:09:25 #1438 INFO] sample_ruptures  16% [78 submitted, 6 queued]
[2020-10-30 00:09:25 #1438 INFO] sample_ruptures  17% [79 submitted, 5 queued]
[2020-10-30 00:09:25 #1438 INFO] sample_ruptures  19% [80 submitted, 4 queued]
[2020-10-30 00:09:25 #1438 INFO] sample_ruptures  20% [81 submitted, 3 queued]
[2020-10-30 00:09:25 #1438 INFO] sample_ruptures  21% [82 submitted, 2 queued]
[2020-10-30 00:09:25 #1438 INFO] sample_ruptures  22% [83 submitted, 1 queued]
[2020-10-30 00:09:25 #1438 INFO] sample_ruptures  23% [84 submitted, 0 queued]
[2020-10-30 00:09:25 #1438 INFO] sample_ruptures  25% [84 submitted, 0 queued]
[2020-10-30 00:09:25 #1438 INFO] sample_ruptures  26% [84 submitted, 0 queued]
[2020-10-30 00:09:25 #1438 INFO] sample_ruptures  27% [84 submitted, 0 queued]
[2020-10-30 00:09:25 #1438 INFO] sample_ruptures  28% [84 submitted, 0 queued]
[2020-10-30 00:09:26 #1438 INFO] sample_ruptures  29% [84 submitted, 0 queued]
[2020-10-30 00:09:26 #1438 INFO] sample_ruptures  30% [84 submitted, 0 queued]
[2020-10-30 00:09:26 #1438 INFO] sample_ruptures  32% [84 submitted, 0 queued]
[2020-10-30 00:09:26 #1438 INFO] sample_ruptures  33% [84 submitted, 0 queued]
[2020-10-30 00:09:26 #1438 INFO] sample_ruptures  34% [84 submitted, 0 queued]
[2020-10-30 00:09:26 #1438 INFO] sample_ruptures  35% [84 submitted, 0 queued]
[2020-10-30 00:09:26 #1438 INFO] sample_ruptures  36% [84 submitted, 0 queued]
[2020-10-30 00:09:26 #1438 INFO] sample_ruptures  38% [84 submitted, 0 queued]
[2020-10-30 00:09:26 #1438 INFO] sample_ruptures  39% [84 submitted, 0 queued]
[2020-10-30 00:09:26 #1438 INFO] sample_ruptures  40% [84 submitted, 0 queued]
[2020-10-30 00:09:26 #1438 INFO] sample_ruptures  41% [84 submitted, 0 queued]
[2020-10-30 00:09:26 #1438 INFO] sample_ruptures  42% [84 submitted, 0 queued]
[2020-10-30 00:09:26 #1438 INFO] sample_ruptures  44% [84 submitted, 0 queued]
[2020-10-30 00:09:26 #1438 INFO] sample_ruptures  45% [84 submitted, 0 queued]
[2020-10-30 00:09:26 #1438 INFO] sample_ruptures  46% [84 submitted, 0 queued]
[2020-10-30 00:09:26 #1438 INFO] sample_ruptures  47% [84 submitted, 0 queued]
[2020-10-30 00:09:26 #1438 INFO] sample_ruptures  48% [84 submitted, 0 queued]
[2020-10-30 00:09:26 #1438 INFO] sample_ruptures  50% [84 submitted, 0 queued]
[2020-10-30 00:09:26 #1438 INFO] sample_ruptures  51% [84 submitted, 0 queued]
[2020-10-30 00:09:26 #1438 INFO] sample_ruptures  52% [84 submitted, 0 queued]
[2020-10-30 00:09:27 #1438 INFO] sample_ruptures  53% [84 submitted, 0 queued]
[2020-10-30 00:09:27 #1438 INFO] sample_ruptures  54% [84 submitted, 0 queued]
[2020-10-30 00:09:27 #1438 INFO] sample_ruptures  55% [84 submitted, 0 queued]
[2020-10-30 00:09:27 #1438 INFO] sample_ruptures  57% [84 submitted, 0 queued]
[2020-10-30 00:09:27 #1438 INFO] sample_ruptures  58% [84 submitted, 0 queued]
[2020-10-30 00:09:27 #1438 INFO] sample_ruptures  59% [84 submitted, 0 queued]
[2020-10-30 00:09:27 #1438 INFO] sample_ruptures  60% [84 submitted, 0 queued]
[2020-10-30 00:09:27 #1438 INFO] sample_ruptures  61% [84 submitted, 0 queued]
[2020-10-30 00:09:27 #1438 INFO] sample_ruptures  63% [84 submitted, 0 queued]
[2020-10-30 00:09:29 #1438 INFO] sample_ruptures  64% [84 submitted, 0 queued]
[2020-10-30 00:09:32 #1438 INFO] sample_ruptures  65% [84 submitted, 0 queued]
[2020-10-30 00:09:32 #1438 INFO] sample_ruptures  66% [84 submitted, 0 queued]
[2020-10-30 00:09:33 #1438 INFO] sample_ruptures  67% [84 submitted, 0 queued]
[2020-10-30 00:09:33 #1438 INFO] sample_ruptures  69% [84 submitted, 0 queued]
[2020-10-30 00:09:34 #1438 INFO] sample_ruptures  70% [84 submitted, 0 queued]
[2020-10-30 00:09:36 #1438 INFO] sample_ruptures  71% [84 submitted, 0 queued]
[2020-10-30 00:09:36 #1438 INFO] sample_ruptures  72% [84 submitted, 0 queued]
[2020-10-30 00:09:36 #1438 INFO] sample_ruptures  73% [84 submitted, 0 queued]
[2020-10-30 00:09:36 #1438 INFO] sample_ruptures  75% [84 submitted, 0 queued]
[2020-10-30 00:09:37 #1438 INFO] sample_ruptures  76% [84 submitted, 0 queued]
[2020-10-30 00:09:38 #1438 INFO] sample_ruptures  77% [84 submitted, 0 queued]
[2020-10-30 00:09:38 #1438 INFO] sample_ruptures  78% [84 submitted, 0 queued]
[2020-10-30 00:09:39 #1438 INFO] sample_ruptures  79% [84 submitted, 0 queued]
[2020-10-30 00:09:40 #1438 INFO] sample_ruptures  80% [84 submitted, 0 queued]
[2020-10-30 00:09:41 #1438 INFO] sample_ruptures  82% [84 submitted, 0 queued]
[2020-10-30 00:09:41 #1438 INFO] sample_ruptures  83% [84 submitted, 0 queued]
[2020-10-30 00:09:41 #1438 INFO] sample_ruptures  84% [84 submitted, 0 queued]
[2020-10-30 00:09:45 #1438 INFO] sample_ruptures  85% [84 submitted, 0 queued]
[2020-10-30 00:09:45 #1438 INFO] sample_ruptures  86% [84 submitted, 0 queued]
[2020-10-30 00:09:45 #1438 INFO] sample_ruptures  88% [84 submitted, 0 queued]
[2020-10-30 00:09:47 #1438 INFO] sample_ruptures  89% [84 submitted, 0 queued]
[2020-10-30 00:09:53 #1438 INFO] sample_ruptures  90% [84 submitted, 0 queued]
[2020-10-30 00:10:00 #1438 INFO] sample_ruptures  91% [84 submitted, 0 queued]
[2020-10-30 00:10:07 #1438 INFO] sample_ruptures  92% [84 submitted, 0 queued]
[2020-10-30 00:10:09 #1438 INFO] sample_ruptures  94% [84 submitted, 0 queued]
[2020-10-30 00:10:11 #1438 INFO] sample_ruptures  95% [84 submitted, 0 queued]
[2020-10-30 00:10:14 #1438 INFO] sample_ruptures  96% [84 submitted, 0 queued]
[2020-10-30 00:10:15 #1438 INFO] sample_ruptures  97% [84 submitted, 0 queued]
[2020-10-30 00:10:19 #1438 INFO] sample_ruptures  98% [84 submitted, 0 queued]
[2020-10-30 00:11:05 #1438 INFO] sample_ruptures 100% [84 submitted, 0 queued]
[2020-10-30 00:11:05 #1438 INFO] Received {'rup_array': '57.38 MB', 'calc_times': '20.83 KB', 'eff_ruptures': '3.6 KB'} in 103 seconds
[2020-10-30 00:11:06 #1438 INFO] There are 50 realization(s)
[2020-10-30 00:11:06 #1438 INFO] Reordering the ruptures and storing the events
[2020-10-30 00:11:06 #1438 INFO] Associating event_id -> rlz_id for 546_338 events and 308_288 ruptures
[2020-10-30 00:11:16 #1438 INFO] Sent 130 tasks, 33.34 MB in 9 seconds
[2020-10-30 00:11:18 #1438 INFO] Received {'tot': '5.24 MB'} in 2 seconds
[2020-10-30 00:11:21 #1438 INFO] Reading 308_288 ruptures
[2020-10-30 00:11:37 #1438 INFO] Sent 130 tasks, 78.08 MB in 15 seconds
[2020-10-30 00:12:46 #1438 INFO] compute_gmfs   1% [130 submitted, 0 queued]
[2020-10-30 00:12:49 #1438 INFO] compute_gmfs   2% [130 submitted, 0 queued]
[2020-10-30 00:12:49 #1438 INFO] compute_gmfs   3% [130 submitted, 0 queued]
[2020-10-30 00:12:50 #1438 INFO] compute_gmfs   4% [130 submitted, 0 queued]
[2020-10-30 00:12:50 #1438 INFO] compute_gmfs   5% [130 submitted, 0 queued]
[2020-10-30 00:12:59 #1438 INFO] compute_gmfs   6% [130 submitted, 0 queued]
[2020-10-30 00:13:26 #1438 INFO] compute_gmfs   7% [130 submitted, 0 queued]
[2020-10-30 00:13:30 #1438 INFO] compute_gmfs   8% [130 submitted, 0 queued]
[2020-10-30 00:13:34 #1438 INFO] compute_gmfs   9% [130 submitted, 0 queued]
[2020-10-30 00:13:36 #1438 INFO] compute_gmfs  10% [130 submitted, 0 queued]
[2020-10-30 00:13:56 #1438 INFO] compute_gmfs  11% [130 submitted, 0 queued]
[2020-10-30 00:13:56 #1438 INFO] compute_gmfs  12% [130 submitted, 0 queued]
[2020-10-30 00:14:00 #1438 INFO] compute_gmfs  13% [130 submitted, 0 queued]
[2020-10-30 00:14:04 #1438 INFO] compute_gmfs  14% [130 submitted, 0 queued]
[2020-10-30 00:15:11 #1438 INFO] compute_gmfs  15% [130 submitted, 0 queued]
[2020-10-30 00:15:15 #1438 INFO] compute_gmfs  16% [130 submitted, 0 queued]
[2020-10-30 00:15:32 #1438 INFO] compute_gmfs  17% [130 submitted, 0 queued]
[2020-10-30 00:15:33 #1438 INFO] compute_gmfs  18% [130 submitted, 0 queued]
[2020-10-30 00:15:34 #1438 INFO] compute_gmfs  19% [130 submitted, 0 queued]
[2020-10-30 00:15:54 #1438 INFO] compute_gmfs  20% [130 submitted, 0 queued]
[2020-10-30 00:16:12 #1438 INFO] compute_gmfs  21% [130 submitted, 0 queued]
[2020-10-30 00:16:14 #1438 INFO] compute_gmfs  22% [130 submitted, 0 queued]
[2020-10-30 00:16:16 #1438 INFO] compute_gmfs  23% [130 submitted, 0 queued]
[2020-10-30 00:16:28 #1438 INFO] compute_gmfs  24% [130 submitted, 0 queued]
[2020-10-30 00:16:28 #1438 INFO] compute_gmfs  25% [130 submitted, 0 queued]
[2020-10-30 00:16:30 #1438 INFO] compute_gmfs  26% [130 submitted, 0 queued]
[2020-10-30 00:16:32 #1438 INFO] compute_gmfs  27% [130 submitted, 0 queued]
[2020-10-30 00:16:33 #1438 INFO] compute_gmfs  28% [130 submitted, 0 queued]
[2020-10-30 00:16:33 #1438 INFO] compute_gmfs  29% [130 submitted, 0 queued]
[2020-10-30 00:16:33 #1438 INFO] compute_gmfs  30% [130 submitted, 0 queued]
[2020-10-30 00:16:37 #1438 INFO] compute_gmfs  31% [130 submitted, 0 queued]
[2020-10-30 00:16:37 #1438 INFO] compute_gmfs  32% [130 submitted, 0 queued]
[2020-10-30 00:16:38 #1438 INFO] compute_gmfs  33% [130 submitted, 0 queued]
[2020-10-30 00:16:42 #1438 INFO] compute_gmfs  34% [130 submitted, 0 queued]
[2020-10-30 00:16:45 #1438 INFO] compute_gmfs  35% [130 submitted, 0 queued]
[2020-10-30 00:16:46 #1438 INFO] compute_gmfs  36% [130 submitted, 0 queued]
[2020-10-30 00:16:48 #1438 INFO] compute_gmfs  37% [130 submitted, 0 queued]
[2020-10-30 00:17:05 #1438 INFO] compute_gmfs  38% [130 submitted, 0 queued]
[2020-10-30 00:17:06 #1438 INFO] compute_gmfs  39% [130 submitted, 0 queued]
[2020-10-30 00:17:07 #1438 INFO] compute_gmfs  40% [130 submitted, 0 queued]
[2020-10-30 00:17:08 #1438 INFO] compute_gmfs  41% [130 submitted, 0 queued]
[2020-10-30 00:17:14 #1438 INFO] compute_gmfs  42% [130 submitted, 0 queued]
[2020-10-30 00:17:17 #1438 INFO] compute_gmfs  43% [130 submitted, 0 queued]
[2020-10-30 00:17:33 #1438 INFO] compute_gmfs  44% [130 submitted, 0 queued]
[2020-10-30 00:17:33 #1438 INFO] compute_gmfs  45% [130 submitted, 0 queued]
[2020-10-30 00:17:34 #1438 INFO] compute_gmfs  46% [130 submitted, 0 queued]
[2020-10-30 00:17:37 #1438 INFO] compute_gmfs  47% [130 submitted, 0 queued]
[2020-10-30 00:17:40 #1438 INFO] compute_gmfs  48% [130 submitted, 0 queued]
[2020-10-30 00:17:41 #1438 INFO] compute_gmfs  49% [130 submitted, 0 queued]
[2020-10-30 00:17:44 #1438 INFO] compute_gmfs  50% [130 submitted, 0 queued]
[2020-10-30 00:17:46 #1438 INFO] compute_gmfs  51% [130 submitted, 0 queued]
[2020-10-30 00:17:53 #1438 INFO] compute_gmfs  52% [130 submitted, 0 queued]
[2020-10-30 00:17:54 #1438 INFO] compute_gmfs  53% [130 submitted, 0 queued]
[2020-10-30 00:18:00 #1438 INFO] compute_gmfs  54% [130 submitted, 0 queued]
[2020-10-30 00:18:12 #1438 INFO] compute_gmfs  55% [130 submitted, 0 queued]
[2020-10-30 00:18:12 #1438 INFO] compute_gmfs  56% [130 submitted, 0 queued]
[2020-10-30 00:18:15 #1438 INFO] compute_gmfs  57% [130 submitted, 0 queued]
[2020-10-30 00:18:20 #1438 INFO] compute_gmfs  58% [130 submitted, 0 queued]
[2020-10-30 00:18:22 #1438 INFO] compute_gmfs  59% [130 submitted, 0 queued]
[2020-10-30 00:18:23 #1438 INFO] compute_gmfs  60% [130 submitted, 0 queued]
[2020-10-30 00:18:27 #1438 INFO] compute_gmfs  61% [130 submitted, 0 queued]
[2020-10-30 00:18:49 #1438 INFO] compute_gmfs  62% [130 submitted, 0 queued]
[2020-10-30 00:18:57 #1438 INFO] compute_gmfs  63% [130 submitted, 0 queued]
[2020-10-30 00:19:05 #1438 INFO] compute_gmfs  64% [130 submitted, 0 queued]
[2020-10-30 00:19:11 #1438 INFO] compute_gmfs  65% [130 submitted, 0 queued]
[2020-10-30 00:19:12 #1438 INFO] compute_gmfs  66% [130 submitted, 0 queued]
[2020-10-30 00:19:16 #1438 INFO] compute_gmfs  67% [130 submitted, 0 queued]
[2020-10-30 00:19:22 #1438 INFO] compute_gmfs  68% [130 submitted, 0 queued]
[2020-10-30 00:19:24 #1438 INFO] compute_gmfs  69% [130 submitted, 0 queued]
[2020-10-30 00:19:24 #1438 INFO] compute_gmfs  70% [130 submitted, 0 queued]
[2020-10-30 00:19:28 #1438 INFO] compute_gmfs  71% [130 submitted, 0 queued]
[2020-10-30 00:19:32 #1438 INFO] compute_gmfs  72% [130 submitted, 0 queued]
[2020-10-30 00:19:41 #1438 INFO] compute_gmfs  73% [130 submitted, 0 queued]
[2020-10-30 00:19:46 #1438 INFO] compute_gmfs  74% [130 submitted, 0 queued]
[2020-10-30 00:19:49 #1438 INFO] compute_gmfs  75% [130 submitted, 0 queued]
[2020-10-30 00:19:50 #1438 INFO] compute_gmfs  76% [130 submitted, 0 queued]
[2020-10-30 00:19:57 #1438 INFO] compute_gmfs  77% [130 submitted, 0 queued]
[2020-10-30 00:20:00 #1438 INFO] compute_gmfs  78% [130 submitted, 0 queued]
[2020-10-30 00:20:01 #1438 INFO] compute_gmfs  79% [130 submitted, 0 queued]
[2020-10-30 00:20:02 #1438 INFO] compute_gmfs  80% [130 submitted, 0 queued]
[2020-10-30 00:20:05 #1438 INFO] compute_gmfs  81% [130 submitted, 0 queued]
[2020-10-30 00:20:05 #1438 INFO] compute_gmfs  82% [130 submitted, 0 queued]
[2020-10-30 00:20:06 #1438 INFO] compute_gmfs  83% [130 submitted, 0 queued]
[2020-10-30 00:20:09 #1438 INFO] compute_gmfs  84% [130 submitted, 0 queued]
[2020-10-30 00:20:12 #1438 INFO] compute_gmfs  85% [130 submitted, 0 queued]
[2020-10-30 00:20:19 #1438 INFO] compute_gmfs  86% [130 submitted, 0 queued]
[2020-10-30 00:20:26 #1438 INFO] compute_gmfs  87% [130 submitted, 0 queued]
[2020-10-30 00:20:26 #1438 INFO] compute_gmfs  88% [130 submitted, 0 queued]
[2020-10-30 00:20:28 #1438 INFO] compute_gmfs  89% [130 submitted, 0 queued]
[2020-10-30 00:20:31 #1438 INFO] compute_gmfs  90% [130 submitted, 0 queued]
[2020-10-30 00:20:33 #1438 INFO] compute_gmfs  91% [130 submitted, 0 queued]
[2020-10-30 00:20:36 #1438 INFO] compute_gmfs  92% [130 submitted, 0 queued]
[2020-10-30 00:20:38 #1438 INFO] compute_gmfs  93% [130 submitted, 0 queued]
[2020-10-30 00:20:44 #1438 INFO] compute_gmfs  94% [130 submitted, 0 queued]
[2020-10-30 00:20:52 #1438 INFO] compute_gmfs  95% [130 submitted, 0 queued]
[2020-10-30 00:20:58 #1438 INFO] compute_gmfs  96% [130 submitted, 0 queued]
[2020-10-30 00:21:06 #1438 INFO] compute_gmfs  97% [130 submitted, 0 queued]
[2020-10-30 00:21:53 #1438 INFO] compute_gmfs  98% [130 submitted, 0 queued]
[2020-10-30 00:22:03 #1438 INFO] compute_gmfs  99% [130 submitted, 0 queued]
[2020-10-30 00:22:12 #1438 INFO] compute_gmfs 100% [130 submitted, 0 queued]
[2020-10-30 00:22:12 #1438 INFO] Received {'gmfdata': '318.94 MB', 'times': '3.53 MB', 'sig_eps': '2.46 MB', 'hcurves': '1.78 KB'} in 635 seconds
[2020-10-30 00:22:12 #1438 INFO] Stored 84027 relevant event IDs
[2020-10-30 00:22:12 #1438 INFO] Building risk inputs from 50 realization(s)
[2020-10-30 00:22:15 #1438 INFO] Grouped the GMFs by site ID
[2020-10-30 00:22:17 #1438 INFO] Built 1279 risk inputs
[2020-10-30 00:22:18 #1438 INFO] Sent 126 tasks, 350.98 MB in 1 seconds
[2020-10-30 00:23:25 #1438 INFO] scenario_damage   1% [126 submitted, 0 queued]
[2020-10-30 00:23:26 #1438 INFO] scenario_damage   2% [126 submitted, 0 queued]
[2020-10-30 00:23:27 #1438 INFO] scenario_damage   3% [126 submitted, 0 queued]
[2020-10-30 00:23:44 #1438 INFO] scenario_damage   4% [126 submitted, 0 queued]
[2020-10-30 00:23:47 #1438 INFO] scenario_damage   5% [126 submitted, 0 queued]
[2020-10-30 00:23:48 #1438 INFO] scenario_damage   6% [126 submitted, 0 queued]
[2020-10-30 00:23:51 #1438 INFO] scenario_damage   7% [126 submitted, 0 queued]
[2020-10-30 00:23:56 #1438 INFO] scenario_damage   8% [126 submitted, 0 queued]
[2020-10-30 00:23:57 #1438 INFO] scenario_damage   9% [126 submitted, 0 queued]
[2020-10-30 00:24:01 #1438 INFO] scenario_damage  10% [126 submitted, 0 queued]
[2020-10-30 00:24:03 #1438 INFO] scenario_damage  11% [126 submitted, 0 queued]
[2020-10-30 00:24:05 #1438 INFO] scenario_damage  12% [126 submitted, 0 queued]
[2020-10-30 00:24:05 #1438 INFO] scenario_damage  13% [126 submitted, 0 queued]
[2020-10-30 00:24:08 #1438 INFO] scenario_damage  14% [126 submitted, 0 queued]
[2020-10-30 00:24:09 #1438 INFO] scenario_damage  15% [126 submitted, 0 queued]
[2020-10-30 00:24:15 #1438 INFO] scenario_damage  16% [126 submitted, 0 queued]
[2020-10-30 00:24:16 #1438 INFO] scenario_damage  17% [126 submitted, 0 queued]
[2020-10-30 00:24:18 #1438 INFO] scenario_damage  18% [126 submitted, 0 queued]
[2020-10-30 00:24:18 #1438 INFO] scenario_damage  19% [126 submitted, 0 queued]
[2020-10-30 00:24:21 #1438 INFO] scenario_damage  20% [126 submitted, 0 queued]
[2020-10-30 00:24:21 #1438 INFO] scenario_damage  21% [126 submitted, 0 queued]
[2020-10-30 00:24:21 #1438 INFO] scenario_damage  22% [126 submitted, 0 queued]
[2020-10-30 00:24:21 #1438 INFO] scenario_damage  23% [126 submitted, 0 queued]
[2020-10-30 00:24:24 #1438 INFO] scenario_damage  24% [126 submitted, 0 queued]
[2020-10-30 00:24:26 #1438 INFO] scenario_damage  25% [126 submitted, 0 queued]
[2020-10-30 00:24:28 #1438 INFO] scenario_damage  26% [126 submitted, 0 queued]
[2020-10-30 00:24:28 #1438 INFO] scenario_damage  27% [126 submitted, 0 queued]
[2020-10-30 00:24:30 #1438 INFO] scenario_damage  28% [126 submitted, 0 queued]
[2020-10-30 00:24:35 #1438 INFO] scenario_damage  29% [126 submitted, 0 queued]
[2020-10-30 00:24:37 #1438 INFO] scenario_damage  30% [126 submitted, 0 queued]
[2020-10-30 00:24:39 #1438 INFO] scenario_damage  31% [126 submitted, 0 queued]
[2020-10-30 00:24:43 #1438 INFO] scenario_damage  32% [126 submitted, 0 queued]
[2020-10-30 00:24:44 #1438 INFO] scenario_damage  33% [126 submitted, 0 queued]
[2020-10-30 00:24:47 #1438 INFO] scenario_damage  34% [126 submitted, 0 queued]
[2020-10-30 00:24:51 #1438 INFO] scenario_damage  35% [126 submitted, 0 queued]
[2020-10-30 00:24:52 #1438 INFO] scenario_damage  36% [126 submitted, 0 queued]
[2020-10-30 00:24:52 #1438 INFO] scenario_damage  37% [126 submitted, 0 queued]
[2020-10-30 00:24:55 #1438 INFO] scenario_damage  38% [126 submitted, 0 queued]
[2020-10-30 00:24:56 #1438 INFO] scenario_damage  39% [126 submitted, 0 queued]
[2020-10-30 00:25:01 #1438 INFO] scenario_damage  40% [126 submitted, 0 queued]
[2020-10-30 00:25:04 #1438 INFO] scenario_damage  41% [126 submitted, 0 queued]
[2020-10-30 00:25:08 #1438 INFO] scenario_damage  42% [126 submitted, 0 queued]
[2020-10-30 00:25:31 #1438 INFO] scenario_damage  43% [126 submitted, 0 queued]
[2020-10-30 00:25:35 #1438 INFO] scenario_damage  44% [126 submitted, 0 queued]
[2020-10-30 00:25:40 #1438 INFO] scenario_damage  45% [126 submitted, 0 queued]
[2020-10-30 00:25:48 #1438 INFO] scenario_damage  46% [126 submitted, 0 queued]
[2020-10-30 00:25:51 #1438 INFO] scenario_damage  47% [126 submitted, 0 queued]
[2020-10-30 00:25:52 #1438 INFO] scenario_damage  48% [126 submitted, 0 queued]
[2020-10-30 00:25:53 #1438 INFO] scenario_damage  49% [126 submitted, 0 queued]
[2020-10-30 00:25:56 #1438 INFO] scenario_damage  50% [126 submitted, 0 queued]
[2020-10-30 00:25:58 #1438 INFO] scenario_damage  51% [126 submitted, 0 queued]
[2020-10-30 00:25:58 #1438 INFO] scenario_damage  52% [126 submitted, 0 queued]
[2020-10-30 00:26:01 #1438 INFO] scenario_damage  53% [126 submitted, 0 queued]
[2020-10-30 00:26:02 #1438 INFO] scenario_damage  54% [126 submitted, 0 queued]
[2020-10-30 00:26:06 #1438 INFO] scenario_damage  55% [126 submitted, 0 queued]
[2020-10-30 00:26:15 #1438 INFO] scenario_damage  56% [126 submitted, 0 queued]
[2020-10-30 00:26:15 #1438 INFO] scenario_damage  57% [126 submitted, 0 queued]
[2020-10-30 00:26:16 #1438 INFO] scenario_damage  58% [126 submitted, 0 queued]
[2020-10-30 00:26:17 #1438 INFO] scenario_damage  59% [126 submitted, 0 queued]
[2020-10-30 00:26:17 #1438 INFO] scenario_damage  60% [126 submitted, 0 queued]
[2020-10-30 00:26:20 #1438 INFO] scenario_damage  61% [126 submitted, 0 queued]
[2020-10-30 00:26:23 #1438 INFO] scenario_damage  62% [126 submitted, 0 queued]
[2020-10-30 00:26:26 #1438 INFO] scenario_damage  63% [126 submitted, 0 queued]
[2020-10-30 00:26:30 #1438 INFO] scenario_damage  64% [126 submitted, 0 queued]
[2020-10-30 00:26:35 #1438 INFO] scenario_damage  65% [126 submitted, 0 queued]
[2020-10-30 00:26:38 #1438 INFO] scenario_damage  66% [126 submitted, 0 queued]
[2020-10-30 00:26:43 #1438 INFO] scenario_damage  67% [126 submitted, 0 queued]
[2020-10-30 00:26:46 #1438 INFO] scenario_damage  68% [126 submitted, 0 queued]
[2020-10-30 00:26:49 #1438 INFO] scenario_damage  69% [126 submitted, 0 queued]
[2020-10-30 00:26:53 #1438 INFO] scenario_damage  70% [126 submitted, 0 queued]
[2020-10-30 00:26:54 #1438 INFO] scenario_damage  71% [126 submitted, 0 queued]
[2020-10-30 00:26:55 #1438 INFO] scenario_damage  72% [126 submitted, 0 queued]
[2020-10-30 00:26:56 #1438 INFO] scenario_damage  73% [126 submitted, 0 queued]
[2020-10-30 00:27:01 #1438 INFO] scenario_damage  74% [126 submitted, 0 queued]
[2020-10-30 00:27:02 #1438 INFO] scenario_damage  75% [126 submitted, 0 queued]
[2020-10-30 00:27:06 #1438 INFO] scenario_damage  76% [126 submitted, 0 queued]
[2020-10-30 00:27:10 #1438 INFO] scenario_damage  77% [126 submitted, 0 queued]
[2020-10-30 00:27:18 #1438 INFO] scenario_damage  78% [126 submitted, 0 queued]
[2020-10-30 00:27:18 #1438 INFO] scenario_damage  79% [126 submitted, 0 queued]
[2020-10-30 00:27:18 #1438 INFO] scenario_damage  80% [126 submitted, 0 queued]
[2020-10-30 00:27:23 #1438 INFO] scenario_damage  81% [126 submitted, 0 queued]
[2020-10-30 00:27:28 #1438 INFO] scenario_damage  82% [126 submitted, 0 queued]
[2020-10-30 00:27:29 #1438 INFO] scenario_damage  83% [126 submitted, 0 queued]
[2020-10-30 00:27:29 #1438 INFO] scenario_damage  84% [126 submitted, 0 queued]
[2020-10-30 00:27:30 #1438 INFO] scenario_damage  85% [126 submitted, 0 queued]
[2020-10-30 00:27:31 #1438 INFO] scenario_damage  86% [126 submitted, 0 queued]
[2020-10-30 00:27:34 #1438 INFO] scenario_damage  87% [126 submitted, 0 queued]
[2020-10-30 00:27:39 #1438 INFO] scenario_damage  88% [126 submitted, 0 queued]
[2020-10-30 00:27:40 #1438 INFO] scenario_damage  89% [126 submitted, 0 queued]
[2020-10-30 00:27:44 #1438 INFO] scenario_damage  90% [126 submitted, 0 queued]
[2020-10-30 00:27:46 #1438 INFO] scenario_damage  91% [126 submitted, 0 queued]
[2020-10-30 00:27:56 #1438 INFO] scenario_damage  92% [126 submitted, 0 queued]
[2020-10-30 00:28:00 #1438 INFO] scenario_damage  93% [126 submitted, 0 queued]
[2020-10-30 00:28:02 #1438 INFO] scenario_damage  94% [126 submitted, 0 queued]
[2020-10-30 00:28:02 #1438 INFO] scenario_damage  95% [126 submitted, 0 queued]
[2020-10-30 00:28:04 #1438 INFO] scenario_damage  96% [126 submitted, 0 queued]
[2020-10-30 00:28:09 #1438 INFO] scenario_damage  97% [126 submitted, 0 queued]
[2020-10-30 00:28:23 #1438 INFO] scenario_damage  98% [126 submitted, 0 queued]
[2020-10-30 00:29:41 #1438 INFO] scenario_damage  99% [126 submitted, 0 queued]
[2020-10-30 00:30:37 #1438 INFO] scenario_damage 100% [126 submitted, 0 queued]
[2020-10-30 00:30:37 #1438 INFO] Received {'aed': '1.16 GB', 'd_event': '161.88 MB', 'd_asset': '73.15 MB'} in 498 seconds
[2020-10-30 00:30:39 #1438 INFO] Due to numeric errors the total number of assets is imprecise: {'expected': 51062.0, 'structural': 11158.397}
[2020-10-30 00:30:41 #1438 INFO] Exposing the outputs to the database
[2020-10-30 00:30:41 #1438 INFO] Stored 504.05 MB on /mnt/data/murray.journeay/oqdata/calc_1438.hdf5 in 1389 seconds
  id | name
7840 | Aggregate Event Damages
7838 | Average Asset Damages
7839 | Average Asset Damages Statistics
7846 | Earthquake Ruptures
7841 | Events
7842 | Full Report
7843 | Ground Motion Fields
7844 | Input Files
7845 | Realizations
