[2021-05-11 01:32:51 #34 INFO] thobbs running /Users/thobbs/Documents/GitHub/canada-srm2/eDamage/input/eDamage_b0_PE.ini [--hc=None]
[2021-05-11 01:32:51 #34 INFO] Using engine version 3.11.3-git0cccb86798
[2021-05-11 01:32:52 #34 WARNING] Using 16 cores on L-VAN-AC02ZW7L4MD6N.local
[2021-05-11 01:32:52 #34 INFO] Validated nationalModel.xml in 0.01 seconds
[2021-05-11 01:32:52 #34 INFO] Checksum of the input files: 1432318484
[2021-05-11 01:32:52 #34 INFO] Reading the risk model if present
[2021-05-11 01:32:54 #34 INFO] Reading /Users/thobbs/Documents/GitHub/openquake-inputs/exposure/general-building-stock/oqBldgExp_PE.xml
[2021-05-11 01:32:55 #34 INFO] Extracting the hazard sites from the site model
[2021-05-11 01:32:55 #34 INFO] Associated 16669 assets to 1279 sites
[2021-05-11 01:32:56 #34 INFO] Reducing risk model from 4224 to 330 taxonomies
[2021-05-11 01:32:56 #34 INFO] minimum_asset_loss={'structural': 0}
[2021-05-11 01:32:56 #34 INFO] Considering 50 logic tree paths out of 24_576
[2021-05-11 01:32:56 #34 INFO] Reading the source model(s) in parallel
[2021-05-11 01:32:58 #34 INFO] read_source_model  16% [6 submitted, 0 queued]
[2021-05-11 01:32:58 #34 INFO] read_source_model  33% [6 submitted, 0 queued]
[2021-05-11 01:32:58 #34 INFO] read_source_model  50% [6 submitted, 0 queued]
[2021-05-11 01:32:58 #34 INFO] read_source_model  66% [6 submitted, 0 queued]
[2021-05-11 01:32:58 #34 INFO] read_source_model  83% [6 submitted, 0 queued]
[2021-05-11 01:32:58 #34 INFO] read_source_model 100% [6 submitted, 0 queued]
[2021-05-11 01:32:58 #34 INFO] Mean time per core=0s, std=0.0s, min=0s, max=0s
[2021-05-11 01:32:58 #34 INFO] Received {'/Users/thobbs/Documents/GitHub/CanadaSHM6/OpenQuake_model_files/sources/nationalModel/xml/simplifiedModel/WCan_HYeast_Harctic_simplified_collapsedRates.xml': '138.76 KB', '/Users/thobbs/Documents/GitHub/CanadaSHM6/OpenQuake_model_files/sources/nationalModel/xml/simplifiedModel/WCan_H2east_Harctic_simplified_collapsedRates.xml': '133.11 KB', '/Users/thobbs/Documents/GitHub/CanadaSHM6/OpenQuake_model_files/sources/nationalModel/xml/simplifiedModel/WCan_HYeast_Rarctic_simplified_collapsedRates.xml': '132.39 KB', '/Users/thobbs/Documents/GitHub/CanadaSHM6/OpenQuake_model_files/sources/nationalModel/xml/simplifiedModel/WCan_H2east_Rarctic_simplified_collapsedRates.xml': '126.73 KB', '/Users/thobbs/Documents/GitHub/CanadaSHM6/OpenQuake_model_files/sources/nationalModel/xml/simplifiedModel/WCan_R2east_Harctic_simplified_collapsedRates.xml': '118.01 KB', '/Users/thobbs/Documents/GitHub/CanadaSHM6/OpenQuake_model_files/sources/nationalModel/xml/simplifiedModel/WCan_R2east_Rarctic_simplified_collapsedRates.xml': '111.85 KB'} in 1 seconds
[2021-05-11 01:32:58 #34 INFO] There are multiple different sources with the same ID [<AreaSource GNSHY;0>, <AreaSource GNSHY;1>]
[2021-05-11 01:32:58 #34 INFO] There are 13 groups and 196 sources with len(et_ids)=3.85
[2021-05-11 01:32:58 #34 INFO] Checking the sources bounding box
[2021-05-11 01:32:58 #34 ERROR] source ACM: The buffer of 600 km is too large, the bounding box is larger than half the globe: 219 degrees
[2021-05-11 01:32:58 #34 INFO] Rupture floating factor = 1.6303030303030304
[2021-05-11 01:32:58 #34 INFO] Rupture spinning factor = 3.278787878787879
[2021-05-11 01:32:58 #34 INFO] gzipping the input files
[2021-05-11 01:32:58 #34 INFO] Storing risk model
[2021-05-11 01:32:58 #34 INFO] minimum_intensity={'SA(0.3)': 0.02, 'SA(0.6)': 0.05, 'SA(1.0)': 0.05, 'SA(2.0)': 0.05}
[2021-05-11 01:32:58 #34 INFO] Building ruptures
[2021-05-11 01:33:53 #34 INFO] Sending <SourceGroup Subduction IntraSlab30, 1 source(s)>
[2021-05-11 01:33:53 #34 INFO] Sending <SourceGroup Subduction IntraSlab55, 4 source(s)>
[2021-05-11 01:33:53 #34 INFO] Sending <SourceGroup Subduction Interface, 13 source(s)>
[2021-05-11 01:33:53 #34 INFO] Sending <SourceGroup Stable Shallow Crust, 29 source(s)>
[2021-05-11 01:33:53 #34 INFO] Sending <SourceGroup Stable Shallow Crust, 4 source(s)>
[2021-05-11 01:33:53 #34 INFO] Sending <SourceGroup Stable Shallow Crust, 6 source(s)>
[2021-05-11 01:33:53 #34 INFO] Sending <SourceGroup Stable Shallow Crust, 18 source(s)>
[2021-05-11 01:33:53 #34 INFO] Sending <SourceGroup Stable Shallow Crust, 10 source(s)>
[2021-05-11 01:33:53 #34 INFO] Sending <SourceGroup Stable Shallow Crust, 38 source(s)>
[2021-05-11 01:33:53 #34 INFO] Sending <SourceGroup Stable Shallow Crust, 14 source(s)>
[2021-05-11 01:33:53 #34 INFO] Sending <SourceGroup Active Shallow Crust, 1 source(s)>
[2021-05-11 01:33:53 #34 INFO] Sending <SourceGroup Active Shallow Crust, 57 source(s)>
[2021-05-11 01:33:53 #34 INFO] Sending <SourceGroup Active Shallow Crust, 1 source(s)>
[2021-05-11 01:33:53 #34 INFO] Sent 16 tasks, 12.73 MB in 0 seconds
[2021-05-11 01:33:54 #34 INFO] sample_ruptures   2% [17 submitted, 22 queued]
[2021-05-11 01:33:54 #34 INFO] sample_ruptures   5% [18 submitted, 21 queued]
[2021-05-11 01:33:54 #34 INFO] sample_ruptures   7% [19 submitted, 20 queued]
[2021-05-11 01:33:54 #34 INFO] sample_ruptures  10% [20 submitted, 19 queued]
[2021-05-11 01:33:55 #34 INFO] sample_ruptures  12% [21 submitted, 18 queued]
[2021-05-11 01:33:55 #34 INFO] sample_ruptures  15% [22 submitted, 17 queued]
[2021-05-11 01:33:55 #34 INFO] sample_ruptures  17% [23 submitted, 16 queued]
[2021-05-11 01:33:55 #34 INFO] sample_ruptures  20% [24 submitted, 15 queued]
[2021-05-11 01:33:55 #34 INFO] sample_ruptures  23% [25 submitted, 14 queued]
[2021-05-11 01:33:55 #34 INFO] sample_ruptures  25% [26 submitted, 13 queued]
[2021-05-11 01:33:55 #34 INFO] sample_ruptures  28% [27 submitted, 12 queued]
[2021-05-11 01:33:55 #34 INFO] sample_ruptures  30% [28 submitted, 11 queued]
[2021-05-11 01:33:55 #34 INFO] sample_ruptures  33% [29 submitted, 10 queued]
[2021-05-11 01:33:55 #34 INFO] sample_ruptures  35% [30 submitted, 9 queued]
[2021-05-11 01:33:55 #34 INFO] sample_ruptures  38% [31 submitted, 8 queued]
[2021-05-11 01:33:55 #34 INFO] sample_ruptures  41% [32 submitted, 7 queued]
[2021-05-11 01:33:55 #34 INFO] sample_ruptures  43% [33 submitted, 6 queued]
[2021-05-11 01:33:55 #34 INFO] sample_ruptures  46% [34 submitted, 5 queued]
[2021-05-11 01:33:55 #34 INFO] sample_ruptures  48% [35 submitted, 4 queued]
[2021-05-11 01:33:55 #34 INFO] sample_ruptures  51% [36 submitted, 3 queued]
[2021-05-11 01:33:55 #34 INFO] sample_ruptures  53% [37 submitted, 2 queued]
[2021-05-11 01:33:55 #34 INFO] sample_ruptures  56% [38 submitted, 1 queued]
[2021-05-11 01:33:55 #34 INFO] sample_ruptures  58% [39 submitted, 0 queued]
[2021-05-11 01:33:55 #34 INFO] sample_ruptures  61% [39 submitted, 0 queued]
[2021-05-11 01:33:55 #34 INFO] sample_ruptures  64% [39 submitted, 0 queued]
[2021-05-11 01:33:55 #34 INFO] sample_ruptures  66% [39 submitted, 0 queued]
[2021-05-11 01:33:55 #34 INFO] sample_ruptures  69% [39 submitted, 0 queued]
[2021-05-11 01:33:55 #34 INFO] sample_ruptures  71% [39 submitted, 0 queued]
[2021-05-11 01:33:58 #34 INFO] sample_ruptures  74% [39 submitted, 0 queued]
[2021-05-11 01:34:05 #34 INFO] sample_ruptures  76% [39 submitted, 0 queued]
[2021-05-11 01:34:06 #34 INFO] sample_ruptures  79% [39 submitted, 0 queued]
[2021-05-11 01:34:39 #34 INFO] sample_ruptures  82% [39 submitted, 0 queued]
[2021-05-11 01:34:47 #34 INFO] sample_ruptures  84% [39 submitted, 0 queued]
[2021-05-11 01:34:55 #34 INFO] sample_ruptures  87% [39 submitted, 0 queued]
[2021-05-11 01:34:56 #34 INFO] sample_ruptures  89% [39 submitted, 0 queued]
[2021-05-11 01:34:57 #34 INFO] sample_ruptures  92% [39 submitted, 0 queued]
[2021-05-11 01:35:21 #34 INFO] sample_ruptures  94% [39 submitted, 0 queued]
[2021-05-11 01:35:25 #34 INFO] sample_ruptures  97% [39 submitted, 0 queued]
[2021-05-11 01:35:51 #34 INFO] sample_ruptures 100% [39 submitted, 0 queued]
[2021-05-11 01:35:51 #34 INFO] Mean time per core=37s, std=37.8s, min=0s, max=116s
[2021-05-11 01:35:51 #34 INFO] Received {'rup_array': '64.98 MB', 'calc_times': '9.81 KB', 'eff_ruptures': '1.75 KB'} in 118 seconds
[2021-05-11 01:35:51 #34 INFO] There are 50 realization(s)
[2021-05-11 01:35:51 #34 INFO] Reordering the ruptures and storing the events
[2021-05-11 01:35:51 #34 INFO] Associating event_id -> rlz_id for 552_121 events and 312_291 ruptures
[2021-05-11 01:36:02 #34 INFO] Sent 34 tasks, 33.39 MB in 10 seconds
[2021-05-11 01:36:07 #34 INFO] Mean time per core=9s, std=1.8s, min=7s, max=13s
[2021-05-11 01:36:07 #34 INFO] Received {'tot': '5.27 MB'} in 5 seconds
[2021-05-11 01:36:09 #34 INFO] Reading 312_291 ruptures
[2021-05-11 01:36:14 #34 INFO] Sent 16 tasks, 21.75 MB in 0 seconds
[2021-05-11 01:45:36 #34 INFO] compute_gmfs   2% [17 submitted, 17 queued]
[2021-05-11 01:50:34 #34 INFO] compute_gmfs   5% [18 submitted, 16 queued]
[2021-05-11 01:50:47 #34 INFO] compute_gmfs   8% [19 submitted, 15 queued]
[2021-05-11 01:50:58 #34 INFO] compute_gmfs  11% [20 submitted, 14 queued]
[2021-05-11 01:55:42 #34 INFO] compute_gmfs  14% [21 submitted, 13 queued]
[2021-05-11 01:55:53 #34 INFO] compute_gmfs  17% [22 submitted, 12 queued]
[2021-05-11 01:56:34 #34 INFO] compute_gmfs  20% [23 submitted, 11 queued]
[2021-05-11 01:57:39 #34 INFO] compute_gmfs  23% [24 submitted, 10 queued]
[2021-05-11 01:58:23 #34 INFO] compute_gmfs  26% [25 submitted, 9 queued]
[2021-05-11 01:58:26 #34 INFO] compute_gmfs  29% [26 submitted, 8 queued]
[2021-05-11 01:58:46 #34 INFO] compute_gmfs  32% [27 submitted, 7 queued]
[2021-05-11 01:59:50 #34 INFO] compute_gmfs  35% [28 submitted, 6 queued]
[2021-05-11 02:00:00 #34 INFO] compute_gmfs  38% [29 submitted, 5 queued]
[2021-05-11 02:01:18 #34 INFO] compute_gmfs  41% [30 submitted, 4 queued]
[2021-05-11 02:01:20 #34 INFO] compute_gmfs  44% [31 submitted, 3 queued]
[2021-05-11 02:01:33 #34 INFO] compute_gmfs  47% [32 submitted, 2 queued]
[2021-05-11 02:01:43 #34 INFO] compute_gmfs  50% [33 submitted, 1 queued]
[2021-05-11 02:03:47 #34 INFO] compute_gmfs  52% [34 submitted, 0 queued]
[2021-05-11 02:05:17 #34 INFO] compute_gmfs  55% [34 submitted, 0 queued]
[2021-05-11 02:05:49 #34 INFO] compute_gmfs  58% [34 submitted, 0 queued]
[2021-05-11 02:06:09 #34 INFO] compute_gmfs  61% [34 submitted, 0 queued]
[2021-05-11 02:10:20 #34 INFO] compute_gmfs  64% [34 submitted, 0 queued]
[2021-05-11 02:15:06 #34 INFO] compute_gmfs  67% [34 submitted, 0 queued]
[2021-05-11 02:16:26 #34 INFO] compute_gmfs  70% [34 submitted, 0 queued]
[2021-05-11 02:16:48 #34 INFO] compute_gmfs  73% [34 submitted, 0 queued]
[2021-05-11 02:17:29 #34 INFO] compute_gmfs  76% [34 submitted, 0 queued]
[2021-05-11 02:18:08 #34 INFO] compute_gmfs  79% [34 submitted, 0 queued]
[2021-05-11 02:18:10 #34 INFO] compute_gmfs  82% [34 submitted, 0 queued]
[2021-05-11 02:18:41 #34 INFO] compute_gmfs  85% [34 submitted, 0 queued]
[2021-05-11 02:18:42 #34 INFO] compute_gmfs  88% [34 submitted, 0 queued]
[2021-05-11 02:18:43 #34 INFO] compute_gmfs  91% [34 submitted, 0 queued]
[2021-05-11 02:18:49 #34 INFO] compute_gmfs  94% [34 submitted, 0 queued]
[2021-05-11 02:19:18 #34 INFO] compute_gmfs  97% [34 submitted, 0 queued]
[2021-05-11 02:19:42 #34 INFO] compute_gmfs 100% [34 submitted, 0 queued]
[2021-05-11 02:19:42 #34 INFO] Mean time per core=2335s, std=301.4s, min=1740s, max=2604s
[2021-05-11 02:19:42 #34 INFO] Received {'gmfdata': '1.77 GB', 'sig_eps': '15.57 MB', 'times': '3.51 MB', 'hcurves': '170 B'} in 2608 seconds
[2021-05-11 02:19:42 #34 INFO] Stored 1.12 GB of GMFs
[2021-05-11 02:19:42 #34 WARNING] There are more than 1 GB of GMFs, not computing avg_gmf
[2021-05-11 02:19:44 #34 INFO] Building risk inputs from 50 realization(s)
[2021-05-11 02:19:55 #34 INFO] Grouping the GMFs by site ID
[2021-05-11 02:20:03 #34 INFO] Built 1279 risk inputs
[2021-05-11 02:20:08 #34 INFO] Sent 33 tasks, 1.44 GB in 4 seconds
[2021-05-11 02:31:50 #34 INFO] scenario_damage   3% [33 submitted, 0 queued]
[2021-05-11 02:40:36 #34 INFO] scenario_damage   6% [33 submitted, 0 queued]
[2021-05-11 02:42:11 #34 INFO] scenario_damage   9% [33 submitted, 0 queued]
[2021-05-11 02:45:16 #34 INFO] scenario_damage  12% [33 submitted, 0 queued]
[2021-05-11 02:45:46 #34 INFO] scenario_damage  15% [33 submitted, 0 queued]
[2021-05-11 02:46:08 #34 INFO] scenario_damage  18% [33 submitted, 0 queued]
[2021-05-11 02:46:10 #34 INFO] scenario_damage  21% [33 submitted, 0 queued]
[2021-05-11 02:46:58 #34 INFO] scenario_damage  24% [33 submitted, 0 queued]
[2021-05-11 02:47:05 #34 INFO] scenario_damage  27% [33 submitted, 0 queued]
[2021-05-11 02:47:31 #34 INFO] scenario_damage  30% [33 submitted, 0 queued]
[2021-05-11 02:47:51 #34 INFO] scenario_damage  33% [33 submitted, 0 queued]
[2021-05-11 02:49:54 #34 INFO] scenario_damage  36% [33 submitted, 0 queued]
[2021-05-11 02:50:45 #34 INFO] scenario_damage  39% [33 submitted, 0 queued]
[2021-05-11 02:51:32 #34 INFO] scenario_damage  42% [33 submitted, 0 queued]
[2021-05-11 02:53:10 #34 INFO] scenario_damage  45% [33 submitted, 0 queued]
[2021-05-11 02:58:00 #34 INFO] scenario_damage  48% [33 submitted, 0 queued]
[2021-05-11 02:59:17 #34 INFO] scenario_damage  51% [33 submitted, 0 queued]
[2021-05-11 03:08:46 #34 INFO] scenario_damage  54% [33 submitted, 0 queued]
[2021-05-11 03:09:23 #34 INFO] scenario_damage  57% [33 submitted, 0 queued]
[2021-05-11 03:11:04 #34 INFO] scenario_damage  60% [33 submitted, 0 queued]
[2021-05-11 03:11:11 #34 INFO] scenario_damage  63% [33 submitted, 0 queued]
[2021-05-11 03:13:08 #34 INFO] scenario_damage  66% [33 submitted, 0 queued]
[2021-05-11 03:14:44 #34 INFO] scenario_damage  69% [33 submitted, 0 queued]
[2021-05-11 03:15:39 #34 INFO] scenario_damage  72% [33 submitted, 0 queued]
[2021-05-11 03:16:05 #34 INFO] scenario_damage  75% [33 submitted, 0 queued]
[2021-05-11 03:17:19 #34 INFO] scenario_damage  78% [33 submitted, 0 queued]
[2021-05-11 03:18:10 #34 INFO] scenario_damage  81% [33 submitted, 0 queued]
[2021-05-11 03:19:07 #34 INFO] scenario_damage  84% [33 submitted, 0 queued]
[2021-05-11 03:20:19 #34 INFO] scenario_damage  87% [33 submitted, 0 queued]
[2021-05-11 03:20:34 #34 INFO] scenario_damage  90% [33 submitted, 0 queued]
[2021-05-11 03:21:47 #34 INFO] scenario_damage  93% [33 submitted, 0 queued]
[2021-05-11 03:22:35 #34 INFO] scenario_damage  96% [33 submitted, 0 queued]
[2021-05-11 03:24:44 #34 INFO] scenario_damage 100% [33 submitted, 0 queued]
[2021-05-11 03:24:44 #34 INFO] Mean time per core=3382s, std=283.6s, min=2916s, max=3872s
[2021-05-11 03:24:44 #34 INFO] Received {'aed': '273.51 MB', 'd_event': '88.33 MB', 'd_asset': '72.4 MB'} in 3876 seconds
[2021-05-11 03:24:44 #34 INFO] Saving 273.5 MB in dd_data (instead of 34.28 GB)
[2021-05-11 03:24:54 #34 INFO] Portfolio damage
==== ========== ========= =======
kind loss_type  dmg_state value  
==== ========== ========= =======
avg  structural no_damage 51_031 
avg  structural slight    23     
avg  structural moderate  3.66889
avg  structural extensive 1.40294
avg  structural complete  1.76204
std  structural no_damage 445    
std  structural slight    299    
std  structural moderate  69     
std  structural extensive 31     
std  structural complete  60     
==== ========== ========= =======
[2021-05-11 03:24:54 #34 INFO] Due to rounding errors inherent in floating-point arithmetic, the total number of assets is not exact: {'expected': 51062.0, 'structural': 11276.531}
[2021-05-11 03:24:55 #34 INFO] Exposing the outputs to the database
[2021-05-11 03:24:55 #34 INFO] Stored 857.59 MB on /Users/thobbs/oqdata/calc_34.hdf5 in 6723 seconds
[2021-05-11 03:24:56 #34 INFO] Stopping the workers
  id | name
 110 | Aggregate Event Damages
 108 | Asset Damage Distributions
 109 | Asset Damage Statistics
 116 | Earthquake Ruptures
 111 | Events
 112 | Full Report
 113 | Ground Motion Fields
 114 | Input Files
 115 | Realizations
