/home/ssm-user/src/oq-engine/openquake/hazardlib/gsim/base.py:347: ExperimentalWarning: CanadaSHM6_ActiveCrust_BooreEtAl2014 is experimental and may change in future versions - the user is liable for their application
  warnings.warn(msg, ExperimentalWarning)
INFO:root:Upgrade completed in 0.0004925727844238281 seconds
WARNING:root:DB server started with /home/ssm-user/openquake/bin/python on tcp://127.0.0.1:1908, pid 2080
/home/ssm-user/src/oq-engine/openquake/hazardlib/gsim/base.py:347: ExperimentalWarning: CanadaSHM6_ActiveCrust_BooreEtAl2014 is experimental and may change in future versions - the user is liable for their application
  warnings.warn(msg, ExperimentalWarning)
/home/ssm-user/src/oq-engine/openquake/hazardlib/gsim/base.py:347: ExperimentalWarning: CanadaSHM6_ActiveCrust_AbrahamsonEtAl2014 is experimental and may change in future versions - the user is liable for their application
  warnings.warn(msg, ExperimentalWarning)
/home/ssm-user/src/oq-engine/openquake/hazardlib/gsim/base.py:347: ExperimentalWarning: CanadaSHM6_ActiveCrust_BooreEtAl2014 is experimental and may change in future versions - the user is liable for their application
  warnings.warn(msg, ExperimentalWarning)
/home/ssm-user/src/oq-engine/openquake/hazardlib/gsim/base.py:347: ExperimentalWarning: CanadaSHM6_ActiveCrust_CampbellBozorgnia2014 is experimental and may change in future versions - the user is liable for their application
  warnings.warn(msg, ExperimentalWarning)
/home/ssm-user/src/oq-engine/openquake/hazardlib/gsim/base.py:347: ExperimentalWarning: CanadaSHM6_ActiveCrust_ChiouYoungs2014 is experimental and may change in future versions - the user is liable for their application
  warnings.warn(msg, ExperimentalWarning)
[2021-09-14 20:34:57 #158 INFO] root running /mnt/storage/canada-srm2/eDamage/input/eDamage_b0_PE.ini [--hc=None]
[2021-09-14 20:34:57 #158 INFO] Using engine version 3.11.3-git0cccb86798
[2021-09-14 20:34:57 #158 WARNING] Version v3.11.4 of the engine is available, but you are still using version 3.11.3-git0cccb86798
[2021-09-14 20:34:57 #158 WARNING] Using 96 cores on ip-10-70-136-20
[2021-09-14 20:34:57 #158 INFO] Validated nationalModel.xml in 0.02 seconds
[2021-09-14 20:34:57 #158 INFO] Checksum of the input files: 1489067703
[2021-09-14 20:34:57 #158 INFO] Reading the risk model if present
[2021-09-14 20:35:00 #158 INFO] Reading /mnt/storage/openquake-inputs/exposure/general-building-stock/oqBldgExp_PE.xml
[2021-09-14 20:35:03 #158 INFO] Extracting the hazard sites from the site model
[2021-09-14 20:35:03 #158 INFO] Associated 16669 assets to 1279 sites
[2021-09-14 20:35:04 #158 INFO] Reducing risk model from 4224 to 330 taxonomies
[2021-09-14 20:35:04 #158 INFO] minimum_asset_loss={'structural': 0}
[2021-09-14 20:35:04 #158 INFO] Considering 200 logic tree paths out of 24_576
[2021-09-14 20:35:04 #158 INFO] Reading the source model(s) in parallel
[2021-09-14 20:35:06 #158 INFO] read_source_model  16% [6 submitted, 0 queued]
[2021-09-14 20:35:06 #158 INFO] read_source_model  33% [6 submitted, 0 queued]
[2021-09-14 20:35:06 #158 INFO] read_source_model  50% [6 submitted, 0 queued]
[2021-09-14 20:35:07 #158 INFO] read_source_model  66% [6 submitted, 0 queued]
[2021-09-14 20:35:07 #158 INFO] read_source_model  83% [6 submitted, 0 queued]
[2021-09-14 20:35:07 #158 INFO] read_source_model 100% [6 submitted, 0 queued]
[2021-09-14 20:35:07 #158 INFO] Mean time per core=0s, std=0.0s, min=0s, max=0s
[2021-09-14 20:35:07 #158 INFO] Received {'/mnt/storage/CanadaSHM6/OpenQuake_model_files/sources/nationalModel/xml/simplifiedModel/WCan_HYeast_Harctic_simplified_collapsedRates.xml': '138.71 KB', '/mnt/storage/CanadaSHM6/OpenQuake_model_files/sources/nationalModel/xml/simplifiedModel/WCan_H2east_Harctic_simplified_collapsedRates.xml': '133.09 KB', '/mnt/storage/CanadaSHM6/OpenQuake_model_files/sources/nationalModel/xml/simplifiedModel/WCan_HYeast_Rarctic_simplified_collapsedRates.xml': '132.34 KB', '/mnt/storage/CanadaSHM6/OpenQuake_model_files/sources/nationalModel/xml/simplifiedModel/WCan_H2east_Rarctic_simplified_collapsedRates.xml': '126.71 KB', '/mnt/storage/CanadaSHM6/OpenQuake_model_files/sources/nationalModel/xml/simplifiedModel/WCan_R2east_Harctic_simplified_collapsedRates.xml': '117.99 KB', '/mnt/storage/CanadaSHM6/OpenQuake_model_files/sources/nationalModel/xml/simplifiedModel/WCan_R2east_Rarctic_simplified_collapsedRates.xml': '111.84 KB'} in 1 seconds
/home/ssm-user/src/oq-engine/openquake/hazardlib/gsim/base.py:347: ExperimentalWarning: CanadaSHM6_ActiveCrust_BooreEtAl2014 is experimental and may change in future versions - the user is liable for their application
  warnings.warn(msg, ExperimentalWarning)
/home/ssm-user/src/oq-engine/openquake/hazardlib/gsim/base.py:347: ExperimentalWarning: CanadaSHM6_ActiveCrust_BooreEtAl2014 is experimental and may change in future versions - the user is liable for their application
  warnings.warn(msg, ExperimentalWarning)
/home/ssm-user/src/oq-engine/openquake/hazardlib/gsim/base.py:347: ExperimentalWarning: CanadaSHM6_ActiveCrust_BooreEtAl2014 is experimental and may change in future versions - the user is liable for their application
  warnings.warn(msg, ExperimentalWarning)
/home/ssm-user/src/oq-engine/openquake/hazardlib/gsim/base.py:347: ExperimentalWarning: CanadaSHM6_ActiveCrust_BooreEtAl2014 is experimental and may change in future versions - the user is liable for their application
  warnings.warn(msg, ExperimentalWarning)
/home/ssm-user/src/oq-engine/openquake/hazardlib/gsim/base.py:347: ExperimentalWarning: CanadaSHM6_ActiveCrust_BooreEtAl2014 is experimental and may change in future versions - the user is liable for their application
  warnings.warn(msg, ExperimentalWarning)
/home/ssm-user/src/oq-engine/openquake/hazardlib/gsim/base.py:347: ExperimentalWarning: CanadaSHM6_ActiveCrust_BooreEtAl2014 is experimental and may change in future versions - the user is liable for their application
  warnings.warn(msg, ExperimentalWarning)
[2021-09-14 20:35:07 #158 INFO] There are multiple different sources with the same ID [<AreaSource SCCYA;0>, <AreaSource SCCYA;1>]
[2021-09-14 20:35:07 #158 INFO] There are 13 groups and 196 sources with len(et_ids)=3.85
[2021-09-14 20:35:07 #158 INFO] Checking the sources bounding box
[2021-09-14 20:35:07 #158 ERROR] source ACM: The buffer of 600 km is too large, the bounding box is larger than half the globe: 219 degrees
[2021-09-14 20:35:07 #158 INFO] Rupture floating factor = 1.6303030303030304
[2021-09-14 20:35:07 #158 INFO] Rupture spinning factor = 3.278787878787879
[2021-09-14 20:35:07 #158 INFO] gzipping the input files
[2021-09-14 20:35:08 #158 INFO] Storing risk model
[2021-09-14 20:35:08 #158 INFO] minimum_intensity={'SA(0.3)': 0.02, 'SA(0.6)': 0.05, 'SA(1.0)': 0.05, 'SA(2.0)': 0.05}
[2021-09-14 20:35:08 #158 INFO] Building ruptures
[2021-09-14 20:36:43 #158 INFO] Sending <SourceGroup Subduction IntraSlab30, 1 source(s)>
[2021-09-14 20:36:43 #158 INFO] Sending <SourceGroup Subduction IntraSlab55, 4 source(s)>
[2021-09-14 20:36:43 #158 INFO] Sending <SourceGroup Subduction Interface, 13 source(s)>
[2021-09-14 20:36:43 #158 INFO] Sending <SourceGroup Stable Shallow Crust, 29 source(s)>
[2021-09-14 20:36:43 #158 INFO] Sending <SourceGroup Stable Shallow Crust, 4 source(s)>
[2021-09-14 20:36:43 #158 INFO] Sending <SourceGroup Stable Shallow Crust, 6 source(s)>
[2021-09-14 20:36:43 #158 INFO] Sending <SourceGroup Stable Shallow Crust, 18 source(s)>
[2021-09-14 20:36:43 #158 INFO] Sending <SourceGroup Stable Shallow Crust, 10 source(s)>
[2021-09-14 20:36:43 #158 INFO] Sending <SourceGroup Stable Shallow Crust, 38 source(s)>
[2021-09-14 20:36:43 #158 INFO] Sending <SourceGroup Stable Shallow Crust, 14 source(s)>
[2021-09-14 20:36:43 #158 INFO] Sending <SourceGroup Active Shallow Crust, 1 source(s)>
[2021-09-14 20:36:43 #158 INFO] Sending <SourceGroup Active Shallow Crust, 57 source(s)>
[2021-09-14 20:36:43 #158 INFO] Sending <SourceGroup Active Shallow Crust, 1 source(s)>
[2021-09-14 20:36:45 #158 INFO] Sent 96 tasks, 66.51 MB in 0 seconds
[2021-09-14 20:36:46 #158 INFO] sample_ruptures   1% [98 submitted, 3 queued]
[2021-09-14 20:36:46 #158 INFO] sample_ruptures   2% [99 submitted, 2 queued]
[2021-09-14 20:36:46 #158 INFO] sample_ruptures   3% [100 submitted, 1 queued]
[2021-09-14 20:36:46 #158 INFO] sample_ruptures   4% [101 submitted, 0 queued]
[2021-09-14 20:36:46 #158 INFO] sample_ruptures   5% [101 submitted, 0 queued]
[2021-09-14 20:36:46 #158 INFO] sample_ruptures   6% [101 submitted, 0 queued]
[2021-09-14 20:36:46 #158 INFO] sample_ruptures   7% [101 submitted, 0 queued]
[2021-09-14 20:36:46 #158 INFO] sample_ruptures   8% [101 submitted, 0 queued]
[2021-09-14 20:36:46 #158 INFO] sample_ruptures   9% [101 submitted, 0 queued]
[2021-09-14 20:36:46 #158 INFO] sample_ruptures  10% [101 submitted, 0 queued]
[2021-09-14 20:36:46 #158 INFO] sample_ruptures  11% [101 submitted, 0 queued]
[2021-09-14 20:36:46 #158 INFO] sample_ruptures  12% [101 submitted, 0 queued]
[2021-09-14 20:36:46 #158 INFO] sample_ruptures  13% [101 submitted, 0 queued]
[2021-09-14 20:36:46 #158 INFO] sample_ruptures  14% [101 submitted, 0 queued]
[2021-09-14 20:36:46 #158 INFO] sample_ruptures  15% [101 submitted, 0 queued]
[2021-09-14 20:36:46 #158 INFO] sample_ruptures  16% [101 submitted, 0 queued]
[2021-09-14 20:36:46 #158 INFO] sample_ruptures  17% [101 submitted, 0 queued]
[2021-09-14 20:36:46 #158 INFO] sample_ruptures  18% [101 submitted, 0 queued]
[2021-09-14 20:36:46 #158 INFO] sample_ruptures  19% [101 submitted, 0 queued]
[2021-09-14 20:36:46 #158 INFO] sample_ruptures  20% [101 submitted, 0 queued]
[2021-09-14 20:36:47 #158 INFO] sample_ruptures  21% [101 submitted, 0 queued]
[2021-09-14 20:36:47 #158 INFO] sample_ruptures  22% [101 submitted, 0 queued]
[2021-09-14 20:36:47 #158 INFO] sample_ruptures  23% [101 submitted, 0 queued]
[2021-09-14 20:36:47 #158 INFO] sample_ruptures  24% [101 submitted, 0 queued]
[2021-09-14 20:36:47 #158 INFO] sample_ruptures  25% [101 submitted, 0 queued]
[2021-09-14 20:36:47 #158 INFO] sample_ruptures  26% [101 submitted, 0 queued]
[2021-09-14 20:36:47 #158 INFO] sample_ruptures  27% [101 submitted, 0 queued]
[2021-09-14 20:36:47 #158 INFO] sample_ruptures  28% [101 submitted, 0 queued]
[2021-09-14 20:36:47 #158 INFO] sample_ruptures  29% [101 submitted, 0 queued]
[2021-09-14 20:36:47 #158 INFO] sample_ruptures  30% [101 submitted, 0 queued]
[2021-09-14 20:36:47 #158 INFO] sample_ruptures  31% [101 submitted, 0 queued]
[2021-09-14 20:36:47 #158 INFO] sample_ruptures  32% [101 submitted, 0 queued]
[2021-09-14 20:36:47 #158 INFO] sample_ruptures  33% [101 submitted, 0 queued]
[2021-09-14 20:36:47 #158 INFO] sample_ruptures  34% [101 submitted, 0 queued]
[2021-09-14 20:36:47 #158 INFO] sample_ruptures  35% [101 submitted, 0 queued]
[2021-09-14 20:36:47 #158 INFO] sample_ruptures  36% [101 submitted, 0 queued]
[2021-09-14 20:36:47 #158 INFO] sample_ruptures  37% [101 submitted, 0 queued]
[2021-09-14 20:36:47 #158 INFO] sample_ruptures  38% [101 submitted, 0 queued]
[2021-09-14 20:36:47 #158 INFO] sample_ruptures  39% [101 submitted, 0 queued]
[2021-09-14 20:36:47 #158 INFO] sample_ruptures  40% [101 submitted, 0 queued]
[2021-09-14 20:36:47 #158 INFO] sample_ruptures  41% [101 submitted, 0 queued]
[2021-09-14 20:36:47 #158 INFO] sample_ruptures  42% [101 submitted, 0 queued]
[2021-09-14 20:36:47 #158 INFO] sample_ruptures  43% [101 submitted, 0 queued]
[2021-09-14 20:36:47 #158 INFO] sample_ruptures  44% [101 submitted, 0 queued]
[2021-09-14 20:36:47 #158 INFO] sample_ruptures  45% [101 submitted, 0 queued]
[2021-09-14 20:36:47 #158 INFO] sample_ruptures  46% [101 submitted, 0 queued]
[2021-09-14 20:36:47 #158 INFO] sample_ruptures  47% [101 submitted, 0 queued]
[2021-09-14 20:36:47 #158 INFO] sample_ruptures  48% [101 submitted, 0 queued]
[2021-09-14 20:36:47 #158 INFO] sample_ruptures  49% [101 submitted, 0 queued]
[2021-09-14 20:36:47 #158 INFO] sample_ruptures  50% [101 submitted, 0 queued]
[2021-09-14 20:36:47 #158 INFO] sample_ruptures  51% [101 submitted, 0 queued]
[2021-09-14 20:36:47 #158 INFO] sample_ruptures  52% [101 submitted, 0 queued]
[2021-09-14 20:36:47 #158 INFO] sample_ruptures  53% [101 submitted, 0 queued]
[2021-09-14 20:36:47 #158 INFO] sample_ruptures  54% [101 submitted, 0 queued]
[2021-09-14 20:36:47 #158 INFO] sample_ruptures  55% [101 submitted, 0 queued]
[2021-09-14 20:36:47 #158 INFO] sample_ruptures  56% [101 submitted, 0 queued]
[2021-09-14 20:36:47 #158 INFO] sample_ruptures  57% [101 submitted, 0 queued]
[2021-09-14 20:36:47 #158 INFO] sample_ruptures  58% [101 submitted, 0 queued]
[2021-09-14 20:36:47 #158 INFO] sample_ruptures  59% [101 submitted, 0 queued]
[2021-09-14 20:36:47 #158 INFO] sample_ruptures  60% [101 submitted, 0 queued]
[2021-09-14 20:36:47 #158 INFO] sample_ruptures  61% [101 submitted, 0 queued]
[2021-09-14 20:36:47 #158 INFO] sample_ruptures  62% [101 submitted, 0 queued]
[2021-09-14 20:36:47 #158 INFO] sample_ruptures  63% [101 submitted, 0 queued]
[2021-09-14 20:36:47 #158 INFO] sample_ruptures  64% [101 submitted, 0 queued]
[2021-09-14 20:36:47 #158 INFO] sample_ruptures  65% [101 submitted, 0 queued]
[2021-09-14 20:36:47 #158 INFO] sample_ruptures  66% [101 submitted, 0 queued]
[2021-09-14 20:36:47 #158 INFO] sample_ruptures  67% [101 submitted, 0 queued]
[2021-09-14 20:36:47 #158 INFO] sample_ruptures  68% [101 submitted, 0 queued]
[2021-09-14 20:36:47 #158 INFO] sample_ruptures  69% [101 submitted, 0 queued]
[2021-09-14 20:36:47 #158 INFO] sample_ruptures  70% [101 submitted, 0 queued]
[2021-09-14 20:36:47 #158 INFO] sample_ruptures  71% [101 submitted, 0 queued]
[2021-09-14 20:36:47 #158 INFO] sample_ruptures  72% [101 submitted, 0 queued]
[2021-09-14 20:36:48 #158 INFO] sample_ruptures  73% [101 submitted, 0 queued]
[2021-09-14 20:36:49 #158 INFO] sample_ruptures  74% [101 submitted, 0 queued]
[2021-09-14 20:36:55 #158 INFO] sample_ruptures  75% [101 submitted, 0 queued]
[2021-09-14 20:36:58 #158 INFO] sample_ruptures  76% [101 submitted, 0 queued]
[2021-09-14 20:37:07 #158 INFO] sample_ruptures  77% [101 submitted, 0 queued]
[2021-09-14 20:37:10 #158 INFO] sample_ruptures  78% [101 submitted, 0 queued]
[2021-09-14 20:37:10 #158 INFO] sample_ruptures  79% [101 submitted, 0 queued]
[2021-09-14 20:37:11 #158 INFO] sample_ruptures  80% [101 submitted, 0 queued]
[2021-09-14 20:37:15 #158 INFO] sample_ruptures  81% [101 submitted, 0 queued]
[2021-09-14 20:37:23 #158 INFO] sample_ruptures  82% [101 submitted, 0 queued]
[2021-09-14 20:37:23 #158 INFO] sample_ruptures  83% [101 submitted, 0 queued]
[2021-09-14 20:37:23 #158 INFO] sample_ruptures  84% [101 submitted, 0 queued]
[2021-09-14 20:37:26 #158 INFO] sample_ruptures  85% [101 submitted, 0 queued]
[2021-09-14 20:37:27 #158 INFO] sample_ruptures  86% [101 submitted, 0 queued]
[2021-09-14 20:37:31 #158 INFO] sample_ruptures  87% [101 submitted, 0 queued]
[2021-09-14 20:37:31 #158 INFO] sample_ruptures  88% [101 submitted, 0 queued]
[2021-09-14 20:37:36 #158 INFO] sample_ruptures  89% [101 submitted, 0 queued]
[2021-09-14 20:37:39 #158 INFO] sample_ruptures  90% [101 submitted, 0 queued]
[2021-09-14 20:38:03 #158 INFO] sample_ruptures  91% [101 submitted, 0 queued]
[2021-09-14 20:38:05 #158 INFO] sample_ruptures  92% [101 submitted, 0 queued]
[2021-09-14 20:38:05 #158 INFO] sample_ruptures  93% [101 submitted, 0 queued]
[2021-09-14 20:38:32 #158 INFO] sample_ruptures  94% [101 submitted, 0 queued]
[2021-09-14 20:38:39 #158 INFO] sample_ruptures  95% [101 submitted, 0 queued]
[2021-09-14 20:38:42 #158 INFO] sample_ruptures  96% [101 submitted, 0 queued]
[2021-09-14 20:38:43 #158 INFO] sample_ruptures  97% [101 submitted, 0 queued]
[2021-09-14 20:38:55 #158 INFO] sample_ruptures  98% [101 submitted, 0 queued]
[2021-09-14 20:39:23 #158 INFO] sample_ruptures  99% [101 submitted, 0 queued]
[2021-09-14 20:41:03 #158 INFO] sample_ruptures 100% [101 submitted, 0 queued]
[2021-09-14 20:41:03 #158 INFO] Mean time per core=27s, std=48.2s, min=0s, max=257s
[2021-09-14 20:41:03 #158 INFO] Received {'rup_array': '160.31 MB', 'calc_times': '21.69 KB', 'eff_ruptures': '4.15 KB'} in 259 seconds
[2021-09-14 20:41:04 #158 INFO] There are 200 realization(s)
[2021-09-14 20:41:04 #158 INFO] Reordering the ruptures and storing the events
[2021-09-14 20:41:05 #158 INFO] Associating event_id -> rlz_id for 2_369_141 events and 770_731 ruptures
[2021-09-14 20:41:30 #158 INFO] Sent 194 tasks, 82.51 MB in 23 seconds
[2021-09-14 20:41:36 #158 INFO] Mean time per core=4s, std=2.1s, min=0s, max=9s
[2021-09-14 20:41:36 #158 INFO] Received {'tot': '22.64 MB'} in 5 seconds
[2021-09-14 20:41:48 #158 INFO] Reading 770_731 ruptures
[2021-09-14 20:42:08 #158 INFO] Sent 96 tasks, 111.07 MB in 2 seconds
[2021-09-14 20:48:47 #158 INFO] compute_gmfs   1% [98 submitted, 96 queued]
[2021-09-14 20:49:11 #158 INFO] compute_gmfs   2% [100 submitted, 94 queued]
[2021-09-14 20:49:15 #158 INFO] compute_gmfs   3% [102 submitted, 92 queued]
[2021-09-14 20:49:30 #158 INFO] compute_gmfs   4% [104 submitted, 90 queued]
[2021-09-14 20:49:42 #158 INFO] compute_gmfs   5% [106 submitted, 88 queued]
[2021-09-14 20:49:59 #158 INFO] compute_gmfs   6% [108 submitted, 86 queued]
[2021-09-14 20:50:02 #158 INFO] compute_gmfs   7% [110 submitted, 84 queued]
[2021-09-14 20:50:15 #158 INFO] compute_gmfs   8% [112 submitted, 82 queued]
[2021-09-14 20:50:23 #158 INFO] compute_gmfs   9% [114 submitted, 80 queued]
[2021-09-14 20:50:27 #158 INFO] compute_gmfs  10% [116 submitted, 78 queued]
[2021-09-14 20:50:50 #158 INFO] compute_gmfs  11% [118 submitted, 76 queued]
[2021-09-14 20:51:32 #158 INFO] compute_gmfs  12% [120 submitted, 74 queued]
[2021-09-14 20:52:51 #158 INFO] compute_gmfs  13% [122 submitted, 72 queued]
[2021-09-14 20:54:11 #158 INFO] compute_gmfs  14% [124 submitted, 70 queued]
[2021-09-14 20:54:39 #158 INFO] compute_gmfs  15% [126 submitted, 68 queued]
[2021-09-14 20:55:22 #158 INFO] compute_gmfs  16% [128 submitted, 66 queued]
[2021-09-14 20:55:48 #158 INFO] compute_gmfs  17% [129 submitted, 65 queued]
[2021-09-14 20:59:50 #158 INFO] compute_gmfs  18% [131 submitted, 63 queued]
[2021-09-14 21:00:19 #158 INFO] compute_gmfs  19% [133 submitted, 61 queued]
[2021-09-14 21:01:26 #158 INFO] compute_gmfs  20% [135 submitted, 59 queued]
[2021-09-14 21:01:57 #158 INFO] compute_gmfs  21% [137 submitted, 57 queued]
[2021-09-14 21:02:15 #158 INFO] compute_gmfs  22% [139 submitted, 55 queued]
[2021-09-14 21:02:20 #158 INFO] compute_gmfs  23% [141 submitted, 53 queued]
[2021-09-14 21:02:49 #158 INFO] compute_gmfs  24% [143 submitted, 51 queued]
[2021-09-14 21:03:23 #158 INFO] compute_gmfs  25% [145 submitted, 49 queued]
[2021-09-14 21:03:39 #158 INFO] compute_gmfs  26% [147 submitted, 47 queued]
[2021-09-14 21:03:49 #158 INFO] compute_gmfs  27% [149 submitted, 45 queued]
[2021-09-14 21:03:53 #158 INFO] compute_gmfs  28% [151 submitted, 43 queued]
[2021-09-14 21:04:05 #158 INFO] compute_gmfs  29% [153 submitted, 41 queued]
[2021-09-14 21:04:07 #158 INFO] compute_gmfs  30% [155 submitted, 39 queued]
[2021-09-14 21:04:14 #158 INFO] compute_gmfs  31% [157 submitted, 37 queued]
[2021-09-14 21:04:16 #158 INFO] compute_gmfs  32% [159 submitted, 35 queued]
[2021-09-14 21:04:21 #158 INFO] compute_gmfs  33% [161 submitted, 33 queued]
[2021-09-14 21:04:40 #158 INFO] compute_gmfs  34% [162 submitted, 32 queued]
[2021-09-14 21:04:41 #158 INFO] compute_gmfs  35% [164 submitted, 30 queued]
[2021-09-14 21:04:41 #158 INFO] compute_gmfs  36% [166 submitted, 28 queued]
[2021-09-14 21:04:41 #158 INFO] compute_gmfs  37% [168 submitted, 26 queued]
[2021-09-14 21:04:41 #158 INFO] compute_gmfs  38% [170 submitted, 24 queued]
[2021-09-14 21:04:42 #158 INFO] compute_gmfs  39% [172 submitted, 22 queued]
[2021-09-14 21:04:42 #158 INFO] compute_gmfs  40% [174 submitted, 20 queued]
[2021-09-14 21:04:42 #158 INFO] compute_gmfs  41% [176 submitted, 18 queued]
[2021-09-14 21:04:44 #158 INFO] compute_gmfs  42% [178 submitted, 16 queued]
[2021-09-14 21:04:47 #158 INFO] compute_gmfs  43% [180 submitted, 14 queued]
[2021-09-14 21:04:51 #158 INFO] compute_gmfs  44% [182 submitted, 12 queued]
[2021-09-14 21:04:52 #158 INFO] compute_gmfs  45% [184 submitted, 10 queued]
[2021-09-14 21:04:56 #158 INFO] compute_gmfs  46% [186 submitted, 8 queued]
[2021-09-14 21:05:03 #158 INFO] compute_gmfs  47% [188 submitted, 6 queued]
[2021-09-14 21:05:07 #158 INFO] compute_gmfs  48% [190 submitted, 4 queued]
[2021-09-14 21:05:09 #158 INFO] compute_gmfs  49% [192 submitted, 2 queued]
[2021-09-14 21:05:18 #158 INFO] compute_gmfs  50% [193 submitted, 1 queued]
[2021-09-14 21:05:24 #158 INFO] compute_gmfs  51% [194 submitted, 0 queued]
[2021-09-14 21:05:43 #158 INFO] compute_gmfs  52% [194 submitted, 0 queued]
[2021-09-14 21:06:09 #158 INFO] compute_gmfs  53% [194 submitted, 0 queued]
[2021-09-14 21:06:44 #158 INFO] compute_gmfs  54% [194 submitted, 0 queued]
[2021-09-14 21:07:01 #158 INFO] compute_gmfs  55% [194 submitted, 0 queued]
[2021-09-14 21:07:57 #158 INFO] compute_gmfs  56% [194 submitted, 0 queued]
[2021-09-14 21:08:38 #158 INFO] compute_gmfs  57% [194 submitted, 0 queued]
[2021-09-14 21:10:00 #158 INFO] compute_gmfs  58% [194 submitted, 0 queued]
[2021-09-14 21:10:08 #158 INFO] compute_gmfs  59% [194 submitted, 0 queued]
[2021-09-14 21:10:23 #158 INFO] compute_gmfs  60% [194 submitted, 0 queued]
[2021-09-14 21:10:52 #158 INFO] compute_gmfs  61% [194 submitted, 0 queued]
[2021-09-14 21:11:15 #158 INFO] compute_gmfs  62% [194 submitted, 0 queued]
[2021-09-14 21:11:46 #158 INFO] compute_gmfs  63% [194 submitted, 0 queued]
[2021-09-14 21:12:26 #158 INFO] compute_gmfs  64% [194 submitted, 0 queued]
[2021-09-14 21:12:42 #158 INFO] compute_gmfs  65% [194 submitted, 0 queued]
[2021-09-14 21:12:57 #158 INFO] compute_gmfs  66% [194 submitted, 0 queued]
[2021-09-14 21:13:00 #158 INFO] compute_gmfs  67% [194 submitted, 0 queued]
[2021-09-14 21:13:22 #158 INFO] compute_gmfs  68% [194 submitted, 0 queued]
[2021-09-14 21:14:04 #158 INFO] compute_gmfs  69% [194 submitted, 0 queued]
[2021-09-14 21:15:16 #158 INFO] compute_gmfs  70% [194 submitted, 0 queued]
[2021-09-14 21:15:43 #158 INFO] compute_gmfs  71% [194 submitted, 0 queued]
[2021-09-14 21:16:30 #158 INFO] compute_gmfs  72% [194 submitted, 0 queued]
[2021-09-14 21:17:41 #158 INFO] compute_gmfs  73% [194 submitted, 0 queued]
[2021-09-14 21:18:33 #158 INFO] compute_gmfs  74% [194 submitted, 0 queued]
[2021-09-14 21:18:51 #158 INFO] compute_gmfs  75% [194 submitted, 0 queued]
[2021-09-14 21:19:02 #158 INFO] compute_gmfs  76% [194 submitted, 0 queued]
[2021-09-14 21:19:07 #158 INFO] compute_gmfs  77% [194 submitted, 0 queued]
[2021-09-14 21:19:27 #158 INFO] compute_gmfs  78% [194 submitted, 0 queued]
[2021-09-14 21:19:36 #158 INFO] compute_gmfs  79% [194 submitted, 0 queued]
[2021-09-14 21:20:02 #158 INFO] compute_gmfs  80% [194 submitted, 0 queued]
[2021-09-14 21:20:20 #158 INFO] compute_gmfs  81% [194 submitted, 0 queued]
[2021-09-14 21:20:41 #158 INFO] compute_gmfs  82% [194 submitted, 0 queued]
[2021-09-14 21:20:54 #158 INFO] compute_gmfs  83% [194 submitted, 0 queued]
[2021-09-14 21:20:59 #158 INFO] compute_gmfs  84% [194 submitted, 0 queued]
[2021-09-14 21:21:08 #158 INFO] compute_gmfs  85% [194 submitted, 0 queued]
[2021-09-14 21:21:20 #158 INFO] compute_gmfs  86% [194 submitted, 0 queued]
[2021-09-14 21:21:32 #158 INFO] compute_gmfs  87% [194 submitted, 0 queued]
[2021-09-14 21:21:39 #158 INFO] compute_gmfs  88% [194 submitted, 0 queued]
[2021-09-14 21:22:00 #158 INFO] compute_gmfs  89% [194 submitted, 0 queued]
[2021-09-14 21:22:02 #158 INFO] compute_gmfs  90% [194 submitted, 0 queued]
[2021-09-14 21:22:19 #158 INFO] compute_gmfs  91% [194 submitted, 0 queued]
[2021-09-14 21:22:27 #158 INFO] compute_gmfs  92% [194 submitted, 0 queued]
[2021-09-14 21:22:34 #158 INFO] compute_gmfs  93% [194 submitted, 0 queued]
[2021-09-14 21:23:08 #158 INFO] compute_gmfs  94% [194 submitted, 0 queued]
[2021-09-14 21:23:26 #158 INFO] compute_gmfs  95% [194 submitted, 0 queued]
[2021-09-14 21:23:33 #158 INFO] compute_gmfs  96% [194 submitted, 0 queued]
[2021-09-14 21:24:06 #158 INFO] compute_gmfs  97% [194 submitted, 0 queued]
[2021-09-14 21:24:41 #158 INFO] compute_gmfs  98% [194 submitted, 0 queued]
[2021-09-14 21:24:55 #158 INFO] compute_gmfs  99% [194 submitted, 0 queued]
[2021-09-14 21:25:34 #158 INFO] compute_gmfs 100% [194 submitted, 0 queued]
[2021-09-14 21:25:34 #158 INFO] Mean time per core=2069s, std=349.7s, min=1396s, max=2599s
[2021-09-14 21:25:34 #158 INFO] Received {'gmfdata': '6.96 GB', 'sig_eps': '66.85 MB', 'times': '8.67 MB', 'hcurves': '970 B'} in 2608 seconds
[2021-09-14 21:25:34 #158 INFO] Stored 4.42 GB of GMFs
[2021-09-14 21:25:34 #158 WARNING] There are more than 1 GB of GMFs, not computing avg_gmf
[2021-09-14 21:25:43 #158 INFO] Building risk inputs from 200 realization(s)
[2021-09-14 21:26:30 #158 INFO] Grouping the GMFs by site ID
[2021-09-14 21:27:00 #158 INFO] Built 1279 risk inputs
[2021-09-14 21:27:10 #158 INFO] Sent 194 tasks, 5.66 GB in 10 seconds
[2021-09-14 21:34:54 #158 INFO] scenario_damage   1% [194 submitted, 0 queued]
[2021-09-14 21:35:44 #158 INFO] scenario_damage   2% [194 submitted, 0 queued]
[2021-09-14 21:37:17 #158 INFO] scenario_damage   3% [194 submitted, 0 queued]
[2021-09-14 21:37:41 #158 INFO] scenario_damage   4% [194 submitted, 0 queued]
[2021-09-14 21:37:54 #158 INFO] scenario_damage   5% [194 submitted, 0 queued]
[2021-09-14 21:39:38 #158 INFO] scenario_damage   6% [194 submitted, 0 queued]
[2021-09-14 21:40:01 #158 INFO] scenario_damage   7% [194 submitted, 0 queued]
[2021-09-14 21:40:05 #158 INFO] scenario_damage   8% [194 submitted, 0 queued]
[2021-09-14 21:40:19 #158 INFO] scenario_damage   9% [194 submitted, 0 queued]
[2021-09-14 21:40:37 #158 INFO] scenario_damage  10% [194 submitted, 0 queued]
[2021-09-14 21:40:57 #158 INFO] scenario_damage  11% [194 submitted, 0 queued]
[2021-09-14 21:41:34 #158 INFO] scenario_damage  12% [194 submitted, 0 queued]
[2021-09-14 21:41:50 #158 INFO] scenario_damage  13% [194 submitted, 0 queued]
[2021-09-14 21:42:01 #158 INFO] scenario_damage  14% [194 submitted, 0 queued]
[2021-09-14 21:42:10 #158 INFO] scenario_damage  15% [194 submitted, 0 queued]
[2021-09-14 21:42:41 #158 INFO] scenario_damage  16% [194 submitted, 0 queued]
[2021-09-14 21:42:51 #158 INFO] scenario_damage  17% [194 submitted, 0 queued]
[2021-09-14 21:43:06 #158 INFO] scenario_damage  18% [194 submitted, 0 queued]
[2021-09-14 21:43:12 #158 INFO] scenario_damage  19% [194 submitted, 0 queued]
[2021-09-14 21:43:19 #158 INFO] scenario_damage  20% [194 submitted, 0 queued]
[2021-09-14 21:43:39 #158 INFO] scenario_damage  21% [194 submitted, 0 queued]
[2021-09-14 21:43:59 #158 INFO] scenario_damage  22% [194 submitted, 0 queued]
[2021-09-14 21:44:11 #158 INFO] scenario_damage  23% [194 submitted, 0 queued]
[2021-09-14 21:44:47 #158 INFO] scenario_damage  24% [194 submitted, 0 queued]
[2021-09-14 21:45:05 #158 INFO] scenario_damage  25% [194 submitted, 0 queued]
[2021-09-14 21:45:12 #158 INFO] scenario_damage  26% [194 submitted, 0 queued]
[2021-09-14 21:45:27 #158 INFO] scenario_damage  27% [194 submitted, 0 queued]
[2021-09-14 21:46:19 #158 INFO] scenario_damage  28% [194 submitted, 0 queued]
[2021-09-14 21:46:24 #158 INFO] scenario_damage  29% [194 submitted, 0 queued]
[2021-09-14 21:46:34 #158 INFO] scenario_damage  30% [194 submitted, 0 queued]
[2021-09-14 21:47:14 #158 INFO] scenario_damage  31% [194 submitted, 0 queued]
[2021-09-14 21:47:33 #158 INFO] scenario_damage  32% [194 submitted, 0 queued]
[2021-09-14 21:47:48 #158 INFO] scenario_damage  33% [194 submitted, 0 queued]
[2021-09-14 21:47:59 #158 INFO] scenario_damage  34% [194 submitted, 0 queued]
[2021-09-14 21:48:40 #158 INFO] scenario_damage  35% [194 submitted, 0 queued]
[2021-09-14 21:48:59 #158 INFO] scenario_damage  36% [194 submitted, 0 queued]
[2021-09-14 21:49:16 #158 INFO] scenario_damage  37% [194 submitted, 0 queued]
[2021-09-14 21:49:56 #158 INFO] scenario_damage  38% [194 submitted, 0 queued]
[2021-09-14 21:50:33 #158 INFO] scenario_damage  39% [194 submitted, 0 queued]
[2021-09-14 21:50:51 #158 INFO] scenario_damage  40% [194 submitted, 0 queued]
[2021-09-14 21:51:17 #158 INFO] scenario_damage  41% [194 submitted, 0 queued]
[2021-09-14 21:51:50 #158 INFO] scenario_damage  42% [194 submitted, 0 queued]
[2021-09-14 21:52:43 #158 INFO] scenario_damage  43% [194 submitted, 0 queued]
[2021-09-14 21:53:21 #158 INFO] scenario_damage  44% [194 submitted, 0 queued]
[2021-09-14 21:53:44 #158 INFO] scenario_damage  45% [194 submitted, 0 queued]
[2021-09-14 21:54:39 #158 INFO] scenario_damage  46% [194 submitted, 0 queued]
[2021-09-14 21:55:16 #158 INFO] scenario_damage  47% [194 submitted, 0 queued]
[2021-09-14 21:56:29 #158 INFO] scenario_damage  48% [194 submitted, 0 queued]
[2021-09-14 21:56:35 #158 INFO] scenario_damage  49% [194 submitted, 0 queued]
[2021-09-14 21:56:42 #158 INFO] scenario_damage  50% [194 submitted, 0 queued]
[2021-09-14 21:57:20 #158 INFO] scenario_damage  51% [194 submitted, 0 queued]
[2021-09-14 21:58:06 #158 INFO] scenario_damage  52% [194 submitted, 0 queued]
[2021-09-14 21:58:41 #158 INFO] scenario_damage  53% [194 submitted, 0 queued]
[2021-09-14 21:59:11 #158 INFO] scenario_damage  54% [194 submitted, 0 queued]
[2021-09-14 21:59:30 #158 INFO] scenario_damage  55% [194 submitted, 0 queued]
[2021-09-14 21:59:45 #158 INFO] scenario_damage  56% [194 submitted, 0 queued]
[2021-09-14 22:00:52 #158 INFO] scenario_damage  57% [194 submitted, 0 queued]
[2021-09-14 22:01:10 #158 INFO] scenario_damage  58% [194 submitted, 0 queued]
[2021-09-14 22:01:41 #158 INFO] scenario_damage  59% [194 submitted, 0 queued]
[2021-09-14 22:02:16 #158 INFO] scenario_damage  60% [194 submitted, 0 queued]
[2021-09-14 22:02:23 #158 INFO] scenario_damage  61% [194 submitted, 0 queued]
[2021-09-14 22:02:54 #158 INFO] scenario_damage  62% [194 submitted, 0 queued]
[2021-09-14 22:03:56 #158 INFO] scenario_damage  63% [194 submitted, 0 queued]
[2021-09-14 22:04:19 #158 INFO] scenario_damage  64% [194 submitted, 0 queued]
[2021-09-14 22:04:39 #158 INFO] scenario_damage  65% [194 submitted, 0 queued]
[2021-09-14 22:05:01 #158 INFO] scenario_damage  66% [194 submitted, 0 queued]
[2021-09-14 22:05:54 #158 INFO] scenario_damage  67% [194 submitted, 0 queued]
[2021-09-14 22:06:14 #158 INFO] scenario_damage  68% [194 submitted, 0 queued]
[2021-09-14 22:06:59 #158 INFO] scenario_damage  69% [194 submitted, 0 queued]
[2021-09-14 22:07:12 #158 INFO] scenario_damage  70% [194 submitted, 0 queued]
[2021-09-14 22:07:19 #158 INFO] scenario_damage  71% [194 submitted, 0 queued]
[2021-09-14 22:07:25 #158 INFO] scenario_damage  72% [194 submitted, 0 queued]
[2021-09-14 22:07:26 #158 INFO] scenario_damage  73% [194 submitted, 0 queued]
[2021-09-14 22:07:55 #158 INFO] scenario_damage  74% [194 submitted, 0 queued]
[2021-09-14 22:08:40 #158 INFO] scenario_damage  75% [194 submitted, 0 queued]
[2021-09-14 22:09:31 #158 INFO] scenario_damage  76% [194 submitted, 0 queued]
[2021-09-14 22:10:41 #158 INFO] scenario_damage  77% [194 submitted, 0 queued]
[2021-09-14 22:11:15 #158 INFO] scenario_damage  78% [194 submitted, 0 queued]
[2021-09-14 22:12:14 #158 INFO] scenario_damage  79% [194 submitted, 0 queued]
[2021-09-14 22:12:17 #158 INFO] scenario_damage  80% [194 submitted, 0 queued]
[2021-09-14 22:12:21 #158 INFO] scenario_damage  81% [194 submitted, 0 queued]
[2021-09-14 22:12:53 #158 INFO] scenario_damage  82% [194 submitted, 0 queued]
[2021-09-14 22:13:07 #158 INFO] scenario_damage  83% [194 submitted, 0 queued]
[2021-09-14 22:13:31 #158 INFO] scenario_damage  84% [194 submitted, 0 queued]
[2021-09-14 22:14:08 #158 INFO] scenario_damage  85% [194 submitted, 0 queued]
[2021-09-14 22:14:33 #158 INFO] scenario_damage  86% [194 submitted, 0 queued]
[2021-09-14 22:14:37 #158 INFO] scenario_damage  87% [194 submitted, 0 queued]
[2021-09-14 22:15:02 #158 INFO] scenario_damage  88% [194 submitted, 0 queued]
[2021-09-14 22:15:24 #158 INFO] scenario_damage  89% [194 submitted, 0 queued]
[2021-09-14 22:15:53 #158 INFO] scenario_damage  90% [194 submitted, 0 queued]
[2021-09-14 22:16:04 #158 INFO] scenario_damage  91% [194 submitted, 0 queued]
[2021-09-14 22:16:31 #158 INFO] scenario_damage  92% [194 submitted, 0 queued]
[2021-09-14 22:16:57 #158 INFO] scenario_damage  93% [194 submitted, 0 queued]
[2021-09-14 22:17:06 #158 INFO] scenario_damage  94% [194 submitted, 0 queued]
[2021-09-14 22:17:16 #158 INFO] scenario_damage  95% [194 submitted, 0 queued]
[2021-09-14 22:18:18 #158 INFO] scenario_damage  96% [194 submitted, 0 queued]
[2021-09-14 22:21:00 #158 INFO] scenario_damage  97% [194 submitted, 0 queued]
[2021-09-14 22:24:18 #158 INFO] scenario_damage  98% [194 submitted, 0 queued]
[2021-09-14 23:20:16 #158 INFO] scenario_damage  99% [194 submitted, 0 queued]
[2021-09-14 23:37:14 #158 INFO] scenario_damage 100% [194 submitted, 0 queued]
[2021-09-14 23:37:14 #158 INFO] Mean time per core=2629s, std=813.0s, min=1811s, max=7803s
[2021-09-14 23:37:14 #158 INFO] Received {'aed': '1002.12 MB', 'd_event': '717.22 MB', 'd_asset': '289.61 MB'} in 7803 seconds
[2021-09-14 23:37:14 #158 INFO] Saving 1002.06 MB in dd_data (instead of 147.12 GB)
[2021-09-14 23:38:12 #158 INFO] Portfolio damage
==== ========== ========= =======
kind loss_type  dmg_state value  
==== ========== ========= =======
avg  structural no_damage 51_037 
avg  structural slight    20     
avg  structural moderate  2.96043
avg  structural extensive 1.10443
avg  structural complete  1.28553
std  structural no_damage 352    
std  structural slight    246    
std  structural moderate  51     
std  structural extensive 22     
std  structural complete  40     
==== ========== ========= =======
[2021-09-14 23:38:12 #158 INFO] Due to rounding errors inherent in floating-point arithmetic, the total number of assets is not exact: {'expected': 51062.0, 'structural': 12097.352}
[2021-09-14 23:38:15 #158 INFO] Exposing the outputs to the database
[2021-09-14 23:38:15 #158 INFO] Stored 3.2 GB on /root/oqdata/calc_158.hdf5 in 10998 seconds
/home/ssm-user/src/oq-engine/openquake/hazardlib/gsim/base.py:347: ExperimentalWarning: CanadaSHM6_ActiveCrust_BooreEtAl2014 is experimental and may change in future versions - the user is liable for their application
  warnings.warn(msg, ExperimentalWarning)
/home/ssm-user/src/oq-engine/openquake/hazardlib/gsim/base.py:347: ExperimentalWarning: CanadaSHM6_ActiveCrust_BooreEtAl2014 is experimental and may change in future versions - the user is liable for their application
  warnings.warn(msg, ExperimentalWarning)
/home/ssm-user/src/oq-engine/openquake/hazardlib/gsim/base.py:347: ExperimentalWarning: CanadaSHM6_ActiveCrust_BooreEtAl2014 is experimental and may change in future versions - the user is liable for their application
  warnings.warn(msg, ExperimentalWarning)
/home/ssm-user/src/oq-engine/openquake/hazardlib/gsim/base.py:347: ExperimentalWarning: CanadaSHM6_ActiveCrust_BooreEtAl2014 is experimental and may change in future versions - the user is liable for their application
  warnings.warn(msg, ExperimentalWarning)
/home/ssm-user/src/oq-engine/openquake/hazardlib/gsim/base.py:347: ExperimentalWarning: CanadaSHM6_ActiveCrust_BooreEtAl2014 is experimental and may change in future versions - the user is liable for their application
  warnings.warn(msg, ExperimentalWarning)
/home/ssm-user/src/oq-engine/openquake/hazardlib/gsim/base.py:347: ExperimentalWarning: CanadaSHM6_ActiveCrust_BooreEtAl2014 is experimental and may change in future versions - the user is liable for their application
  warnings.warn(msg, ExperimentalWarning)
/home/ssm-user/src/oq-engine/openquake/hazardlib/gsim/base.py:347: ExperimentalWarning: CanadaSHM6_ActiveCrust_BooreEtAl2014 is experimental and may change in future versions - the user is liable for their application
  warnings.warn(msg, ExperimentalWarning)
/home/ssm-user/src/oq-engine/openquake/hazardlib/gsim/base.py:347: ExperimentalWarning: CanadaSHM6_ActiveCrust_BooreEtAl2014 is experimental and may change in future versions - the user is liable for their application
  warnings.warn(msg, ExperimentalWarning)
/home/ssm-user/src/oq-engine/openquake/hazardlib/gsim/base.py:347: ExperimentalWarning: CanadaSHM6_ActiveCrust_BooreEtAl2014 is experimental and may change in future versions - the user is liable for their application
  warnings.warn(msg, ExperimentalWarning)
/home/ssm-user/src/oq-engine/openquake/hazardlib/gsim/base.py:347: ExperimentalWarning: CanadaSHM6_ActiveCrust_BooreEtAl2014 is experimental and may change in future versions - the user is liable for their application
  warnings.warn(msg, ExperimentalWarning)
/home/ssm-user/src/oq-engine/openquake/hazardlib/gsim/base.py:347: ExperimentalWarning: CanadaSHM6_ActiveCrust_BooreEtAl2014 is experimental and may change in future versions - the user is liable for their application
  warnings.warn(msg, ExperimentalWarning)
/home/ssm-user/src/oq-engine/openquake/hazardlib/gsim/base.py:347: ExperimentalWarning: CanadaSHM6_ActiveCrust_BooreEtAl2014 is experimental and may change in future versions - the user is liable for their application
  warnings.warn(msg, ExperimentalWarning)
/home/ssm-user/src/oq-engine/openquake/hazardlib/gsim/base.py:347: ExperimentalWarning: CanadaSHM6_ActiveCrust_BooreEtAl2014 is experimental and may change in future versions - the user is liable for their application
  warnings.warn(msg, ExperimentalWarning)
/home/ssm-user/src/oq-engine/openquake/hazardlib/gsim/base.py:347: ExperimentalWarning: CanadaSHM6_ActiveCrust_BooreEtAl2014 is experimental and may change in future versions - the user is liable for their application
  warnings.warn(msg, ExperimentalWarning)
/home/ssm-user/src/oq-engine/openquake/hazardlib/gsim/base.py:347: ExperimentalWarning: CanadaSHM6_ActiveCrust_BooreEtAl2014 is experimental and may change in future versions - the user is liable for their application
  warnings.warn(msg, ExperimentalWarning)
/home/ssm-user/src/oq-engine/openquake/hazardlib/gsim/base.py:347: ExperimentalWarning: CanadaSHM6_ActiveCrust_BooreEtAl2014 is experimental and may change in future versions - the user is liable for their application
  warnings.warn(msg, ExperimentalWarning)
/home/ssm-user/src/oq-engine/openquake/hazardlib/gsim/base.py:347: ExperimentalWarning: CanadaSHM6_ActiveCrust_BooreEtAl2014 is experimental and may change in future versions - the user is liable for their application
  warnings.warn(msg, ExperimentalWarning)
/home/ssm-user/src/oq-engine/openquake/hazardlib/gsim/base.py:347: ExperimentalWarning: CanadaSHM6_ActiveCrust_BooreEtAl2014 is experimental and may change in future versions - the user is liable for their application
  warnings.warn(msg, ExperimentalWarning)
/home/ssm-user/src/oq-engine/openquake/hazardlib/gsim/base.py:347: ExperimentalWarning: CanadaSHM6_ActiveCrust_BooreEtAl2014 is experimental and may change in future versions - the user is liable for their application
  warnings.warn(msg, ExperimentalWarning)
/home/ssm-user/src/oq-engine/openquake/hazardlib/gsim/base.py:347: ExperimentalWarning: CanadaSHM6_ActiveCrust_BooreEtAl2014 is experimental and may change in future versions - the user is liable for their application
  warnings.warn(msg, ExperimentalWarning)
/home/ssm-user/src/oq-engine/openquake/hazardlib/gsim/base.py:347: ExperimentalWarning: CanadaSHM6_ActiveCrust_BooreEtAl2014 is experimental and may change in future versions - the user is liable for their application
  warnings.warn(msg, ExperimentalWarning)
/home/ssm-user/src/oq-engine/openquake/hazardlib/gsim/base.py:347: ExperimentalWarning: CanadaSHM6_ActiveCrust_BooreEtAl2014 is experimental and may change in future versions - the user is liable for their application
  warnings.warn(msg, ExperimentalWarning)
/home/ssm-user/src/oq-engine/openquake/hazardlib/gsim/base.py:347: ExperimentalWarning: CanadaSHM6_ActiveCrust_BooreEtAl2014 is experimental and may change in future versions - the user is liable for their application
  warnings.warn(msg, ExperimentalWarning)
/home/ssm-user/src/oq-engine/openquake/hazardlib/gsim/base.py:347: ExperimentalWarning: CanadaSHM6_ActiveCrust_BooreEtAl2014 is experimental and may change in future versions - the user is liable for their application
  warnings.warn(msg, ExperimentalWarning)
/home/ssm-user/src/oq-engine/openquake/hazardlib/gsim/base.py:347: ExperimentalWarning: CanadaSHM6_ActiveCrust_BooreEtAl2014 is experimental and may change in future versions - the user is liable for their application
  warnings.warn(msg, ExperimentalWarning)
/home/ssm-user/src/oq-engine/openquake/hazardlib/gsim/base.py:347: ExperimentalWarning: CanadaSHM6_ActiveCrust_BooreEtAl2014 is experimental and may change in future versions - the user is liable for their application
  warnings.warn(msg, ExperimentalWarning)
/home/ssm-user/src/oq-engine/openquake/hazardlib/gsim/base.py:347: ExperimentalWarning: CanadaSHM6_ActiveCrust_BooreEtAl2014 is experimental and may change in future versions - the user is liable for their application
  warnings.warn(msg, ExperimentalWarning)
/home/ssm-user/src/oq-engine/openquake/hazardlib/gsim/base.py:347: ExperimentalWarning: CanadaSHM6_ActiveCrust_BooreEtAl2014 is experimental and may change in future versions - the user is liable for their application
  warnings.warn(msg, ExperimentalWarning)
/home/ssm-user/src/oq-engine/openquake/hazardlib/gsim/base.py:347: ExperimentalWarning: CanadaSHM6_ActiveCrust_BooreEtAl2014 is experimental and may change in future versions - the user is liable for their application
  warnings.warn(msg, ExperimentalWarning)
/home/ssm-user/src/oq-engine/openquake/hazardlib/gsim/base.py:347: ExperimentalWarning: CanadaSHM6_ActiveCrust_BooreEtAl2014 is experimental and may change in future versions - the user is liable for their application
  warnings.warn(msg, ExperimentalWarning)
/home/ssm-user/src/oq-engine/openquake/hazardlib/gsim/base.py:347: ExperimentalWarning: CanadaSHM6_ActiveCrust_BooreEtAl2014 is experimental and may change in future versions - the user is liable for their application
  warnings.warn(msg, ExperimentalWarning)
/home/ssm-user/src/oq-engine/openquake/hazardlib/gsim/base.py:347: ExperimentalWarning: CanadaSHM6_ActiveCrust_BooreEtAl2014 is experimental and may change in future versions - the user is liable for their application
  warnings.warn(msg, ExperimentalWarning)
/home/ssm-user/src/oq-engine/openquake/hazardlib/gsim/base.py:347: ExperimentalWarning: CanadaSHM6_ActiveCrust_BooreEtAl2014 is experimental and may change in future versions - the user is liable for their application
  warnings.warn(msg, ExperimentalWarning)
/home/ssm-user/src/oq-engine/openquake/hazardlib/gsim/base.py:347: ExperimentalWarning: CanadaSHM6_ActiveCrust_BooreEtAl2014 is experimental and may change in future versions - the user is liable for their application
  warnings.warn(msg, ExperimentalWarning)
/home/ssm-user/src/oq-engine/openquake/hazardlib/gsim/base.py:347: ExperimentalWarning: CanadaSHM6_ActiveCrust_BooreEtAl2014 is experimental and may change in future versions - the user is liable for their application
  warnings.warn(msg, ExperimentalWarning)
/home/ssm-user/src/oq-engine/openquake/hazardlib/gsim/base.py:347: ExperimentalWarning: CanadaSHM6_ActiveCrust_BooreEtAl2014 is experimental and may change in future versions - the user is liable for their application
  warnings.warn(msg, ExperimentalWarning)
/home/ssm-user/src/oq-engine/openquake/hazardlib/gsim/base.py:347: ExperimentalWarning: CanadaSHM6_ActiveCrust_BooreEtAl2014 is experimental and may change in future versions - the user is liable for their application
  warnings.warn(msg, ExperimentalWarning)
/home/ssm-user/src/oq-engine/openquake/hazardlib/gsim/base.py:347: ExperimentalWarning: CanadaSHM6_ActiveCrust_BooreEtAl2014 is experimental and may change in future versions - the user is liable for their application
  warnings.warn(msg, ExperimentalWarning)
/home/ssm-user/src/oq-engine/openquake/hazardlib/gsim/base.py:347: ExperimentalWarning: CanadaSHM6_ActiveCrust_BooreEtAl2014 is experimental and may change in future versions - the user is liable for their application
  warnings.warn(msg, ExperimentalWarning)
/home/ssm-user/src/oq-engine/openquake/hazardlib/gsim/base.py:347: ExperimentalWarning: CanadaSHM6_ActiveCrust_BooreEtAl2014 is experimental and may change in future versions - the user is liable for their application
  warnings.warn(msg, ExperimentalWarning)
/home/ssm-user/src/oq-engine/openquake/hazardlib/gsim/base.py:347: ExperimentalWarning: CanadaSHM6_ActiveCrust_BooreEtAl2014 is experimental and may change in future versions - the user is liable for their application
  warnings.warn(msg, ExperimentalWarning)
/home/ssm-user/src/oq-engine/openquake/hazardlib/gsim/base.py:347: ExperimentalWarning: CanadaSHM6_ActiveCrust_BooreEtAl2014 is experimental and may change in future versions - the user is liable for their application
  warnings.warn(msg, ExperimentalWarning)
/home/ssm-user/src/oq-engine/openquake/hazardlib/gsim/base.py:347: ExperimentalWarning: CanadaSHM6_ActiveCrust_BooreEtAl2014 is experimental and may change in future versions - the user is liable for their application
  warnings.warn(msg, ExperimentalWarning)
/home/ssm-user/src/oq-engine/openquake/hazardlib/gsim/base.py:347: ExperimentalWarning: CanadaSHM6_ActiveCrust_BooreEtAl2014 is experimental and may change in future versions - the user is liable for their application
  warnings.warn(msg, ExperimentalWarning)
/home/ssm-user/src/oq-engine/openquake/hazardlib/gsim/base.py:347: ExperimentalWarning: CanadaSHM6_ActiveCrust_BooreEtAl2014 is experimental and may change in future versions - the user is liable for their application
  warnings.warn(msg, ExperimentalWarning)
/home/ssm-user/src/oq-engine/openquake/hazardlib/gsim/base.py:347: ExperimentalWarning: CanadaSHM6_ActiveCrust_BooreEtAl2014 is experimental and may change in future versions - the user is liable for their application
  warnings.warn(msg, ExperimentalWarning)
/home/ssm-user/src/oq-engine/openquake/hazardlib/gsim/base.py:347: ExperimentalWarning: CanadaSHM6_ActiveCrust_BooreEtAl2014 is experimental and may change in future versions - the user is liable for their application
  warnings.warn(msg, ExperimentalWarning)
/home/ssm-user/src/oq-engine/openquake/hazardlib/gsim/base.py:347: ExperimentalWarning: CanadaSHM6_ActiveCrust_BooreEtAl2014 is experimental and may change in future versions - the user is liable for their application
  warnings.warn(msg, ExperimentalWarning)
/home/ssm-user/src/oq-engine/openquake/hazardlib/gsim/base.py:347: ExperimentalWarning: CanadaSHM6_ActiveCrust_BooreEtAl2014 is experimental and may change in future versions - the user is liable for their application
  warnings.warn(msg, ExperimentalWarning)
/home/ssm-user/src/oq-engine/openquake/hazardlib/gsim/base.py:347: ExperimentalWarning: CanadaSHM6_ActiveCrust_BooreEtAl2014 is experimental and may change in future versions - the user is liable for their application
  warnings.warn(msg, ExperimentalWarning)
/home/ssm-user/src/oq-engine/openquake/hazardlib/gsim/base.py:347: ExperimentalWarning: CanadaSHM6_ActiveCrust_BooreEtAl2014 is experimental and may change in future versions - the user is liable for their application
  warnings.warn(msg, ExperimentalWarning)
/home/ssm-user/src/oq-engine/openquake/hazardlib/gsim/base.py:347: ExperimentalWarning: CanadaSHM6_ActiveCrust_BooreEtAl2014 is experimental and may change in future versions - the user is liable for their application
  warnings.warn(msg, ExperimentalWarning)
/home/ssm-user/src/oq-engine/openquake/hazardlib/gsim/base.py:347: ExperimentalWarning: CanadaSHM6_ActiveCrust_BooreEtAl2014 is experimental and may change in future versions - the user is liable for their application
  warnings.warn(msg, ExperimentalWarning)
/home/ssm-user/src/oq-engine/openquake/hazardlib/gsim/base.py:347: ExperimentalWarning: CanadaSHM6_ActiveCrust_BooreEtAl2014 is experimental and may change in future versions - the user is liable for their application
  warnings.warn(msg, ExperimentalWarning)
/home/ssm-user/src/oq-engine/openquake/hazardlib/gsim/base.py:347: ExperimentalWarning: CanadaSHM6_ActiveCrust_BooreEtAl2014 is experimental and may change in future versions - the user is liable for their application
  warnings.warn(msg, ExperimentalWarning)
/home/ssm-user/src/oq-engine/openquake/hazardlib/gsim/base.py:347: ExperimentalWarning: CanadaSHM6_ActiveCrust_BooreEtAl2014 is experimental and may change in future versions - the user is liable for their application
  warnings.warn(msg, ExperimentalWarning)
/home/ssm-user/src/oq-engine/openquake/hazardlib/gsim/base.py:347: ExperimentalWarning: CanadaSHM6_ActiveCrust_BooreEtAl2014 is experimental and may change in future versions - the user is liable for their application
  warnings.warn(msg, ExperimentalWarning)
/home/ssm-user/src/oq-engine/openquake/hazardlib/gsim/base.py:347: ExperimentalWarning: CanadaSHM6_ActiveCrust_BooreEtAl2014 is experimental and may change in future versions - the user is liable for their application
  warnings.warn(msg, ExperimentalWarning)
/home/ssm-user/src/oq-engine/openquake/hazardlib/gsim/base.py:347: ExperimentalWarning: CanadaSHM6_ActiveCrust_BooreEtAl2014 is experimental and may change in future versions - the user is liable for their application
  warnings.warn(msg, ExperimentalWarning)
/home/ssm-user/src/oq-engine/openquake/hazardlib/gsim/base.py:347: ExperimentalWarning: CanadaSHM6_ActiveCrust_BooreEtAl2014 is experimental and may change in future versions - the user is liable for their application
  warnings.warn(msg, ExperimentalWarning)
/home/ssm-user/src/oq-engine/openquake/hazardlib/gsim/base.py:347: ExperimentalWarning: CanadaSHM6_ActiveCrust_BooreEtAl2014 is experimental and may change in future versions - the user is liable for their application
  warnings.warn(msg, ExperimentalWarning)
/home/ssm-user/src/oq-engine/openquake/hazardlib/gsim/base.py:347: ExperimentalWarning: CanadaSHM6_ActiveCrust_BooreEtAl2014 is experimental and may change in future versions - the user is liable for their application
  warnings.warn(msg, ExperimentalWarning)
/home/ssm-user/src/oq-engine/openquake/hazardlib/gsim/base.py:347: ExperimentalWarning: CanadaSHM6_ActiveCrust_BooreEtAl2014 is experimental and may change in future versions - the user is liable for their application
  warnings.warn(msg, ExperimentalWarning)
/home/ssm-user/src/oq-engine/openquake/hazardlib/gsim/base.py:347: ExperimentalWarning: CanadaSHM6_ActiveCrust_BooreEtAl2014 is experimental and may change in future versions - the user is liable for their application
  warnings.warn(msg, ExperimentalWarning)
/home/ssm-user/src/oq-engine/openquake/hazardlib/gsim/base.py:347: ExperimentalWarning: CanadaSHM6_ActiveCrust_BooreEtAl2014 is experimental and may change in future versions - the user is liable for their application
  warnings.warn(msg, ExperimentalWarning)
/home/ssm-user/src/oq-engine/openquake/hazardlib/gsim/base.py:347: ExperimentalWarning: CanadaSHM6_ActiveCrust_BooreEtAl2014 is experimental and may change in future versions - the user is liable for their application
  warnings.warn(msg, ExperimentalWarning)
/home/ssm-user/src/oq-engine/openquake/hazardlib/gsim/base.py:347: ExperimentalWarning: CanadaSHM6_ActiveCrust_BooreEtAl2014 is experimental and may change in future versions - the user is liable for their application
  warnings.warn(msg, ExperimentalWarning)
/home/ssm-user/src/oq-engine/openquake/hazardlib/gsim/base.py:347: ExperimentalWarning: CanadaSHM6_ActiveCrust_BooreEtAl2014 is experimental and may change in future versions - the user is liable for their application
  warnings.warn(msg, ExperimentalWarning)
/home/ssm-user/src/oq-engine/openquake/hazardlib/gsim/base.py:347: ExperimentalWarning: CanadaSHM6_ActiveCrust_BooreEtAl2014 is experimental and may change in future versions - the user is liable for their application
  warnings.warn(msg, ExperimentalWarning)
/home/ssm-user/src/oq-engine/openquake/hazardlib/gsim/base.py:347: ExperimentalWarning: CanadaSHM6_ActiveCrust_BooreEtAl2014 is experimental and may change in future versions - the user is liable for their application
  warnings.warn(msg, ExperimentalWarning)
/home/ssm-user/src/oq-engine/openquake/hazardlib/gsim/base.py:347: ExperimentalWarning: CanadaSHM6_ActiveCrust_BooreEtAl2014 is experimental and may change in future versions - the user is liable for their application
  warnings.warn(msg, ExperimentalWarning)
/home/ssm-user/src/oq-engine/openquake/hazardlib/gsim/base.py:347: ExperimentalWarning: CanadaSHM6_ActiveCrust_BooreEtAl2014 is experimental and may change in future versions - the user is liable for their application
  warnings.warn(msg, ExperimentalWarning)
/home/ssm-user/src/oq-engine/openquake/hazardlib/gsim/base.py:347: ExperimentalWarning: CanadaSHM6_ActiveCrust_BooreEtAl2014 is experimental and may change in future versions - the user is liable for their application
  warnings.warn(msg, ExperimentalWarning)
/home/ssm-user/src/oq-engine/openquake/hazardlib/gsim/base.py:347: ExperimentalWarning: CanadaSHM6_ActiveCrust_BooreEtAl2014 is experimental and may change in future versions - the user is liable for their application
  warnings.warn(msg, ExperimentalWarning)
/home/ssm-user/src/oq-engine/openquake/hazardlib/gsim/base.py:347: ExperimentalWarning: CanadaSHM6_ActiveCrust_BooreEtAl2014 is experimental and may change in future versions - the user is liable for their application
  warnings.warn(msg, ExperimentalWarning)
/home/ssm-user/src/oq-engine/openquake/hazardlib/gsim/base.py:347: ExperimentalWarning: CanadaSHM6_ActiveCrust_BooreEtAl2014 is experimental and may change in future versions - the user is liable for their application
  warnings.warn(msg, ExperimentalWarning)
/home/ssm-user/src/oq-engine/openquake/hazardlib/gsim/base.py:347: ExperimentalWarning: CanadaSHM6_ActiveCrust_BooreEtAl2014 is experimental and may change in future versions - the user is liable for their application
  warnings.warn(msg, ExperimentalWarning)
/home/ssm-user/src/oq-engine/openquake/hazardlib/gsim/base.py:347: ExperimentalWarning: CanadaSHM6_ActiveCrust_BooreEtAl2014 is experimental and may change in future versions - the user is liable for their application
  warnings.warn(msg, ExperimentalWarning)
/home/ssm-user/src/oq-engine/openquake/hazardlib/gsim/base.py:347: ExperimentalWarning: CanadaSHM6_ActiveCrust_BooreEtAl2014 is experimental and may change in future versions - the user is liable for their application
  warnings.warn(msg, ExperimentalWarning)
/home/ssm-user/src/oq-engine/openquake/hazardlib/gsim/base.py:347: ExperimentalWarning: CanadaSHM6_ActiveCrust_BooreEtAl2014 is experimental and may change in future versions - the user is liable for their application
  warnings.warn(msg, ExperimentalWarning)
/home/ssm-user/src/oq-engine/openquake/hazardlib/gsim/base.py:347: ExperimentalWarning: CanadaSHM6_ActiveCrust_BooreEtAl2014 is experimental and may change in future versions - the user is liable for their application
  warnings.warn(msg, ExperimentalWarning)
/home/ssm-user/src/oq-engine/openquake/hazardlib/gsim/base.py:347: ExperimentalWarning: CanadaSHM6_ActiveCrust_BooreEtAl2014 is experimental and may change in future versions - the user is liable for their application
  warnings.warn(msg, ExperimentalWarning)
/home/ssm-user/src/oq-engine/openquake/hazardlib/gsim/base.py:347: ExperimentalWarning: CanadaSHM6_ActiveCrust_BooreEtAl2014 is experimental and may change in future versions - the user is liable for their application
  warnings.warn(msg, ExperimentalWarning)
/home/ssm-user/src/oq-engine/openquake/hazardlib/gsim/base.py:347: ExperimentalWarning: CanadaSHM6_ActiveCrust_BooreEtAl2014 is experimental and may change in future versions - the user is liable for their application
  warnings.warn(msg, ExperimentalWarning)
/home/ssm-user/src/oq-engine/openquake/hazardlib/gsim/base.py:347: ExperimentalWarning: CanadaSHM6_ActiveCrust_BooreEtAl2014 is experimental and may change in future versions - the user is liable for their application
  warnings.warn(msg, ExperimentalWarning)
/home/ssm-user/src/oq-engine/openquake/hazardlib/gsim/base.py:347: ExperimentalWarning: CanadaSHM6_ActiveCrust_BooreEtAl2014 is experimental and may change in future versions - the user is liable for their application
  warnings.warn(msg, ExperimentalWarning)
/home/ssm-user/src/oq-engine/openquake/hazardlib/gsim/base.py:347: ExperimentalWarning: CanadaSHM6_ActiveCrust_BooreEtAl2014 is experimental and may change in future versions - the user is liable for their application
  warnings.warn(msg, ExperimentalWarning)
/home/ssm-user/src/oq-engine/openquake/hazardlib/gsim/base.py:347: ExperimentalWarning: CanadaSHM6_ActiveCrust_BooreEtAl2014 is experimental and may change in future versions - the user is liable for their application
  warnings.warn(msg, ExperimentalWarning)
/home/ssm-user/src/oq-engine/openquake/hazardlib/gsim/base.py:347: ExperimentalWarning: CanadaSHM6_ActiveCrust_BooreEtAl2014 is experimental and may change in future versions - the user is liable for their application
  warnings.warn(msg, ExperimentalWarning)
/home/ssm-user/src/oq-engine/openquake/hazardlib/gsim/base.py:347: ExperimentalWarning: CanadaSHM6_ActiveCrust_BooreEtAl2014 is experimental and may change in future versions - the user is liable for their application
  warnings.warn(msg, ExperimentalWarning)
/home/ssm-user/src/oq-engine/openquake/hazardlib/gsim/base.py:347: ExperimentalWarning: CanadaSHM6_ActiveCrust_BooreEtAl2014 is experimental and may change in future versions - the user is liable for their application
  warnings.warn(msg, ExperimentalWarning)
/home/ssm-user/src/oq-engine/openquake/hazardlib/gsim/base.py:347: ExperimentalWarning: CanadaSHM6_ActiveCrust_BooreEtAl2014 is experimental and may change in future versions - the user is liable for their application
  warnings.warn(msg, ExperimentalWarning)
/home/ssm-user/src/oq-engine/openquake/hazardlib/gsim/base.py:347: ExperimentalWarning: CanadaSHM6_ActiveCrust_BooreEtAl2014 is experimental and may change in future versions - the user is liable for their application
  warnings.warn(msg, ExperimentalWarning)
/home/ssm-user/src/oq-engine/openquake/hazardlib/gsim/base.py:347: ExperimentalWarning: CanadaSHM6_ActiveCrust_BooreEtAl2014 is experimental and may change in future versions - the user is liable for their application
  warnings.warn(msg, ExperimentalWarning)
/home/ssm-user/src/oq-engine/openquake/hazardlib/gsim/base.py:347: ExperimentalWarning: CanadaSHM6_ActiveCrust_BooreEtAl2014 is experimental and may change in future versions - the user is liable for their application
  warnings.warn(msg, ExperimentalWarning)
/home/ssm-user/src/oq-engine/openquake/hazardlib/gsim/base.py:347: ExperimentalWarning: CanadaSHM6_ActiveCrust_BooreEtAl2014 is experimental and may change in future versions - the user is liable for their application
  warnings.warn(msg, ExperimentalWarning)
[2021-09-14 23:38:16 #159 INFO] root running /mnt/storage/canada-srm2/eDamage/input/eDamage_r1_PE.ini [--hc=158]
[2021-09-14 23:38:16 #159 INFO] Using engine version 3.11.3-git0cccb86798
[2021-09-14 23:38:17 #159 WARNING] An error occurred while calling https://api.openquake.org/engine/latest to check if the installed version of the engine is up to date.
Traceback (most recent call last):
  File "/usr/lib/python3.8/urllib/request.py", line 1354, in do_open
    h.request(req.get_method(), req.selector, req.data, headers,
  File "/usr/lib/python3.8/http/client.py", line 1252, in request
    self._send_request(method, url, body, headers, encode_chunked)
  File "/usr/lib/python3.8/http/client.py", line 1298, in _send_request
    self.endheaders(body, encode_chunked=encode_chunked)
  File "/usr/lib/python3.8/http/client.py", line 1247, in endheaders
    self._send_output(message_body, encode_chunked=encode_chunked)
  File "/usr/lib/python3.8/http/client.py", line 1007, in _send_output
    self.send(msg)
  File "/usr/lib/python3.8/http/client.py", line 947, in send
    self.connect()
  File "/usr/lib/python3.8/http/client.py", line 1421, in connect
    self.sock = self._context.wrap_socket(self.sock,
  File "/usr/lib/python3.8/ssl.py", line 500, in wrap_socket
    return self.sslsocket_class._create(
  File "/usr/lib/python3.8/ssl.py", line 1040, in _create
    self.do_handshake()
  File "/usr/lib/python3.8/ssl.py", line 1309, in do_handshake
    self._sslobj.do_handshake()
socket.timeout: _ssl.c:1114: The handshake operation timed out

During handling of the above exception, another exception occurred:

Traceback (most recent call last):
  File "/home/ssm-user/src/oq-engine/openquake/engine/engine.py", line 445, in check_obsolete_version
    data = urlopen(req, timeout=1).read()  # bytes
  File "/usr/lib/python3.8/urllib/request.py", line 222, in urlopen
    return opener.open(url, data, timeout)
  File "/usr/lib/python3.8/urllib/request.py", line 525, in open
    response = self._open(req, data)
  File "/usr/lib/python3.8/urllib/request.py", line 542, in _open
    result = self._call_chain(self.handle_open, protocol, protocol +
  File "/usr/lib/python3.8/urllib/request.py", line 502, in _call_chain
    result = func(*args)
  File "/usr/lib/python3.8/urllib/request.py", line 1397, in https_open
    return self.do_open(http.client.HTTPSConnection, req,
  File "/usr/lib/python3.8/urllib/request.py", line 1357, in do_open
    raise URLError(err)
urllib.error.URLError: <urlopen error _ssl.c:1114: The handshake operation timed out>
[2021-09-14 23:38:17 #159 WARNING] Using 96 cores on ip-10-70-136-20
[2021-09-14 23:38:17 #159 INFO] Validated nationalModel.xml in 0.01 seconds
[2021-09-14 23:38:17 #159 INFO] Checksum of the input files: 1489067703
[2021-09-14 23:38:17 #159 INFO] Reading the risk model if present
[2021-09-14 23:38:21 #159 INFO] Reading /mnt/storage/openquake-inputs/exposure/general-building-stock/oqBldgExp_PE.xml
[2021-09-14 23:38:23 #159 INFO] Associated 16669 assets to 1279 sites
[2021-09-14 23:38:25 #159 INFO] Reducing risk model from 4224 to 230 taxonomies
[2021-09-14 23:38:25 #159 INFO] minimum_asset_loss={'structural': 0}
[2021-09-14 23:38:25 #159 INFO] Storing risk model
[2021-09-14 23:38:25 #159 INFO] Building risk inputs from 200 realization(s)
[2021-09-14 23:39:12 #159 INFO] Grouping the GMFs by site ID
[2021-09-14 23:39:41 #159 INFO] Built 1279 risk inputs
  id | name
 873 | Aggregate Event Damages
 871 | Asset Damage Distributions
 872 | Asset Damage Statistics
 879 | Earthquake Ruptures
 874 | Events
 875 | Full Report
 876 | Ground Motion Fields
 877 | Input Files
 878 | Realizations
[2021-09-14 23:39:57 #159 INFO] Sent 194 tasks, 5.66 GB in 11 seconds
[2021-09-14 23:47:47 #159 INFO] scenario_damage   1% [194 submitted, 0 queued]
[2021-09-14 23:48:25 #159 INFO] scenario_damage   2% [194 submitted, 0 queued]
[2021-09-14 23:49:54 #159 INFO] scenario_damage   3% [194 submitted, 0 queued]
[2021-09-14 23:50:00 #159 INFO] scenario_damage   4% [194 submitted, 0 queued]
[2021-09-14 23:50:52 #159 INFO] scenario_damage   5% [194 submitted, 0 queued]
[2021-09-14 23:52:27 #159 INFO] scenario_damage   6% [194 submitted, 0 queued]
[2021-09-14 23:52:35 #159 INFO] scenario_damage   7% [194 submitted, 0 queued]
[2021-09-14 23:52:53 #159 INFO] scenario_damage   8% [194 submitted, 0 queued]
[2021-09-14 23:52:58 #159 INFO] scenario_damage   9% [194 submitted, 0 queued]
[2021-09-14 23:53:26 #159 INFO] scenario_damage  10% [194 submitted, 0 queued]
[2021-09-14 23:53:50 #159 INFO] scenario_damage  11% [194 submitted, 0 queued]
[2021-09-14 23:54:10 #159 INFO] scenario_damage  12% [194 submitted, 0 queued]
[2021-09-14 23:54:34 #159 INFO] scenario_damage  13% [194 submitted, 0 queued]
[2021-09-14 23:54:50 #159 INFO] scenario_damage  14% [194 submitted, 0 queued]
[2021-09-14 23:55:00 #159 INFO] scenario_damage  15% [194 submitted, 0 queued]
[2021-09-14 23:55:25 #159 INFO] scenario_damage  16% [194 submitted, 0 queued]
[2021-09-14 23:55:30 #159 INFO] scenario_damage  17% [194 submitted, 0 queued]
[2021-09-14 23:55:41 #159 INFO] scenario_damage  18% [194 submitted, 0 queued]
[2021-09-14 23:55:52 #159 INFO] scenario_damage  19% [194 submitted, 0 queued]
[2021-09-14 23:56:01 #159 INFO] scenario_damage  20% [194 submitted, 0 queued]
[2021-09-14 23:56:25 #159 INFO] scenario_damage  21% [194 submitted, 0 queued]
[2021-09-14 23:56:32 #159 INFO] scenario_damage  22% [194 submitted, 0 queued]
[2021-09-14 23:56:52 #159 INFO] scenario_damage  23% [194 submitted, 0 queued]
[2021-09-14 23:57:21 #159 INFO] scenario_damage  24% [194 submitted, 0 queued]
[2021-09-14 23:57:37 #159 INFO] scenario_damage  25% [194 submitted, 0 queued]
[2021-09-14 23:57:53 #159 INFO] scenario_damage  26% [194 submitted, 0 queued]
[2021-09-14 23:58:15 #159 INFO] scenario_damage  27% [194 submitted, 0 queued]
[2021-09-14 23:58:46 #159 INFO] scenario_damage  28% [194 submitted, 0 queued]
[2021-09-14 23:59:07 #159 INFO] scenario_damage  29% [194 submitted, 0 queued]
[2021-09-14 23:59:36 #159 INFO] scenario_damage  30% [194 submitted, 0 queued]
[2021-09-14 23:59:57 #159 INFO] scenario_damage  31% [194 submitted, 0 queued]
[2021-09-15 00:00:36 #159 INFO] scenario_damage  32% [194 submitted, 0 queued]
[2021-09-15 00:00:50 #159 INFO] scenario_damage  33% [194 submitted, 0 queued]
[2021-09-15 00:01:04 #159 INFO] scenario_damage  34% [194 submitted, 0 queued]
[2021-09-15 00:01:26 #159 INFO] scenario_damage  35% [194 submitted, 0 queued]
[2021-09-15 00:01:44 #159 INFO] scenario_damage  36% [194 submitted, 0 queued]
[2021-09-15 00:02:06 #159 INFO] scenario_damage  37% [194 submitted, 0 queued]
[2021-09-15 00:02:34 #159 INFO] scenario_damage  38% [194 submitted, 0 queued]
[2021-09-15 00:03:18 #159 INFO] scenario_damage  39% [194 submitted, 0 queued]
[2021-09-15 00:03:32 #159 INFO] scenario_damage  40% [194 submitted, 0 queued]
[2021-09-15 00:03:53 #159 INFO] scenario_damage  41% [194 submitted, 0 queued]
[2021-09-15 00:04:52 #159 INFO] scenario_damage  42% [194 submitted, 0 queued]
[2021-09-15 00:05:04 #159 INFO] scenario_damage  43% [194 submitted, 0 queued]
[2021-09-15 00:06:08 #159 INFO] scenario_damage  44% [194 submitted, 0 queued]
[2021-09-15 00:06:38 #159 INFO] scenario_damage  45% [194 submitted, 0 queued]
[2021-09-15 00:07:41 #159 INFO] scenario_damage  46% [194 submitted, 0 queued]
[2021-09-15 00:07:47 #159 INFO] scenario_damage  47% [194 submitted, 0 queued]
[2021-09-15 00:08:50 #159 INFO] scenario_damage  48% [194 submitted, 0 queued]
[2021-09-15 00:09:27 #159 INFO] scenario_damage  49% [194 submitted, 0 queued]
[2021-09-15 00:09:30 #159 INFO] scenario_damage  50% [194 submitted, 0 queued]
[2021-09-15 00:10:10 #159 INFO] scenario_damage  51% [194 submitted, 0 queued]
[2021-09-15 00:10:35 #159 INFO] scenario_damage  52% [194 submitted, 0 queued]
[2021-09-15 00:11:26 #159 INFO] scenario_damage  53% [194 submitted, 0 queued]
[2021-09-15 00:12:02 #159 INFO] scenario_damage  54% [194 submitted, 0 queued]
[2021-09-15 00:12:05 #159 INFO] scenario_damage  55% [194 submitted, 0 queued]
[2021-09-15 00:12:53 #159 INFO] scenario_damage  56% [194 submitted, 0 queued]
[2021-09-15 00:13:08 #159 INFO] scenario_damage  57% [194 submitted, 0 queued]
[2021-09-15 00:13:25 #159 INFO] scenario_damage  58% [194 submitted, 0 queued]
[2021-09-15 00:13:57 #159 INFO] scenario_damage  59% [194 submitted, 0 queued]
[2021-09-15 00:14:14 #159 INFO] scenario_damage  60% [194 submitted, 0 queued]
[2021-09-15 00:14:48 #159 INFO] scenario_damage  61% [194 submitted, 0 queued]
[2021-09-15 00:15:27 #159 INFO] scenario_damage  62% [194 submitted, 0 queued]
[2021-09-15 00:16:18 #159 INFO] scenario_damage  63% [194 submitted, 0 queued]
[2021-09-15 00:16:57 #159 INFO] scenario_damage  64% [194 submitted, 0 queued]
[2021-09-15 00:17:42 #159 INFO] scenario_damage  65% [194 submitted, 0 queued]
[2021-09-15 00:18:09 #159 INFO] scenario_damage  66% [194 submitted, 0 queued]
[2021-09-15 00:18:20 #159 INFO] scenario_damage  67% [194 submitted, 0 queued]
[2021-09-15 00:18:39 #159 INFO] scenario_damage  68% [194 submitted, 0 queued]
[2021-09-15 00:19:16 #159 INFO] scenario_damage  69% [194 submitted, 0 queued]
[2021-09-15 00:19:44 #159 INFO] scenario_damage  70% [194 submitted, 0 queued]
[2021-09-15 00:20:07 #159 INFO] scenario_damage  71% [194 submitted, 0 queued]
[2021-09-15 00:20:26 #159 INFO] scenario_damage  72% [194 submitted, 0 queued]
[2021-09-15 00:20:36 #159 INFO] scenario_damage  73% [194 submitted, 0 queued]
[2021-09-15 00:21:47 #159 INFO] scenario_damage  74% [194 submitted, 0 queued]
[2021-09-15 00:22:15 #159 INFO] scenario_damage  75% [194 submitted, 0 queued]
[2021-09-15 00:22:39 #159 INFO] scenario_damage  76% [194 submitted, 0 queued]
[2021-09-15 00:23:17 #159 INFO] scenario_damage  77% [194 submitted, 0 queued]
[2021-09-15 00:23:50 #159 INFO] scenario_damage  78% [194 submitted, 0 queued]
[2021-09-15 00:24:43 #159 INFO] scenario_damage  79% [194 submitted, 0 queued]
[2021-09-15 00:25:03 #159 INFO] scenario_damage  80% [194 submitted, 0 queued]
[2021-09-15 00:25:17 #159 INFO] scenario_damage  81% [194 submitted, 0 queued]
[2021-09-15 00:25:58 #159 INFO] scenario_damage  82% [194 submitted, 0 queued]
[2021-09-15 00:26:03 #159 INFO] scenario_damage  83% [194 submitted, 0 queued]
[2021-09-15 00:26:15 #159 INFO] scenario_damage  84% [194 submitted, 0 queued]
[2021-09-15 00:26:24 #159 INFO] scenario_damage  85% [194 submitted, 0 queued]
[2021-09-15 00:26:27 #159 INFO] scenario_damage  86% [194 submitted, 0 queued]
[2021-09-15 00:27:45 #159 INFO] scenario_damage  87% [194 submitted, 0 queued]
[2021-09-15 00:27:51 #159 INFO] scenario_damage  88% [194 submitted, 0 queued]
[2021-09-15 00:28:09 #159 INFO] scenario_damage  89% [194 submitted, 0 queued]
[2021-09-15 00:28:29 #159 INFO] scenario_damage  90% [194 submitted, 0 queued]
[2021-09-15 00:28:54 #159 INFO] scenario_damage  91% [194 submitted, 0 queued]
[2021-09-15 00:29:40 #159 INFO] scenario_damage  92% [194 submitted, 0 queued]
[2021-09-15 00:29:42 #159 INFO] scenario_damage  93% [194 submitted, 0 queued]
[2021-09-15 00:30:02 #159 INFO] scenario_damage  94% [194 submitted, 0 queued]
[2021-09-15 00:30:11 #159 INFO] scenario_damage  95% [194 submitted, 0 queued]
[2021-09-15 00:31:10 #159 INFO] scenario_damage  96% [194 submitted, 0 queued]
[2021-09-15 00:32:56 #159 INFO] scenario_damage  97% [194 submitted, 0 queued]
[2021-09-15 00:36:13 #159 INFO] scenario_damage  98% [194 submitted, 0 queued]
[2021-09-15 01:30:49 #159 INFO] scenario_damage  99% [194 submitted, 0 queued]
[2021-09-15 01:48:06 #159 INFO] scenario_damage 100% [194 submitted, 0 queued]
[2021-09-15 01:48:06 #159 INFO] Mean time per core=2622s, std=796.6s, min=1815s, max=7690s
[2021-09-15 01:48:06 #159 INFO] Received {'aed': '675.9 MB', 'd_event': '568.91 MB', 'd_asset': '289.61 MB'} in 7688 seconds
[2021-09-15 01:48:06 #159 INFO] Saving 675.84 MB in dd_data (instead of 147.12 GB)
[2021-09-15 01:49:05 #159 INFO] Portfolio damage
==== ========== ========= =======
kind loss_type  dmg_state value  
==== ========== ========= =======
avg  structural no_damage 51_043 
avg  structural slight    15     
avg  structural moderate  1.99337
avg  structural extensive 0.72902
avg  structural complete  0.74631
std  structural no_damage 306    
std  structural slight    229    
std  structural moderate  43     
std  structural extensive 17     
std  structural complete  25     
==== ========== ========= =======
[2021-09-15 01:49:05 #159 INFO] Due to rounding errors inherent in floating-point arithmetic, the total number of assets is not exact: {'expected': 51062.0, 'structural': 12097.926}
[2021-09-15 01:49:09 #159 INFO] Exposing the outputs to the database
[2021-09-15 01:49:09 #159 INFO] Stored 209.45 MB on /root/oqdata/calc_159.hdf5 in 7851 seconds
/home/ssm-user/src/oq-engine/openquake/hazardlib/gsim/base.py:347: ExperimentalWarning: CanadaSHM6_ActiveCrust_BooreEtAl2014 is experimental and may change in future versions - the user is liable for their application
  warnings.warn(msg, ExperimentalWarning)
/home/ssm-user/src/oq-engine/openquake/hazardlib/gsim/base.py:347: ExperimentalWarning: CanadaSHM6_ActiveCrust_BooreEtAl2014 is experimental and may change in future versions - the user is liable for their application
  warnings.warn(msg, ExperimentalWarning)
/home/ssm-user/src/oq-engine/openquake/hazardlib/gsim/base.py:347: ExperimentalWarning: CanadaSHM6_ActiveCrust_BooreEtAl2014 is experimental and may change in future versions - the user is liable for their application
  warnings.warn(msg, ExperimentalWarning)
/home/ssm-user/src/oq-engine/openquake/hazardlib/gsim/base.py:347: ExperimentalWarning: CanadaSHM6_ActiveCrust_BooreEtAl2014 is experimental and may change in future versions - the user is liable for their application
  warnings.warn(msg, ExperimentalWarning)
/home/ssm-user/src/oq-engine/openquake/hazardlib/gsim/base.py:347: ExperimentalWarning: CanadaSHM6_ActiveCrust_BooreEtAl2014 is experimental and may change in future versions - the user is liable for their application
  warnings.warn(msg, ExperimentalWarning)
/home/ssm-user/src/oq-engine/openquake/hazardlib/gsim/base.py:347: ExperimentalWarning: CanadaSHM6_ActiveCrust_BooreEtAl2014 is experimental and may change in future versions - the user is liable for their application
  warnings.warn(msg, ExperimentalWarning)
/home/ssm-user/src/oq-engine/openquake/hazardlib/gsim/base.py:347: ExperimentalWarning: CanadaSHM6_ActiveCrust_BooreEtAl2014 is experimental and may change in future versions - the user is liable for their application
  warnings.warn(msg, ExperimentalWarning)
/home/ssm-user/src/oq-engine/openquake/hazardlib/gsim/base.py:347: ExperimentalWarning: CanadaSHM6_ActiveCrust_BooreEtAl2014 is experimental and may change in future versions - the user is liable for their application
  warnings.warn(msg, ExperimentalWarning)
/home/ssm-user/src/oq-engine/openquake/hazardlib/gsim/base.py:347: ExperimentalWarning: CanadaSHM6_ActiveCrust_BooreEtAl2014 is experimental and may change in future versions - the user is liable for their application
  warnings.warn(msg, ExperimentalWarning)
/home/ssm-user/src/oq-engine/openquake/hazardlib/gsim/base.py:347: ExperimentalWarning: CanadaSHM6_ActiveCrust_BooreEtAl2014 is experimental and may change in future versions - the user is liable for their application
  warnings.warn(msg, ExperimentalWarning)
/home/ssm-user/src/oq-engine/openquake/hazardlib/gsim/base.py:347: ExperimentalWarning: CanadaSHM6_ActiveCrust_BooreEtAl2014 is experimental and may change in future versions - the user is liable for their application
  warnings.warn(msg, ExperimentalWarning)
/home/ssm-user/src/oq-engine/openquake/hazardlib/gsim/base.py:347: ExperimentalWarning: CanadaSHM6_ActiveCrust_BooreEtAl2014 is experimental and may change in future versions - the user is liable for their application
  warnings.warn(msg, ExperimentalWarning)
/home/ssm-user/src/oq-engine/openquake/hazardlib/gsim/base.py:347: ExperimentalWarning: CanadaSHM6_ActiveCrust_BooreEtAl2014 is experimental and may change in future versions - the user is liable for their application
  warnings.warn(msg, ExperimentalWarning)
/home/ssm-user/src/oq-engine/openquake/hazardlib/gsim/base.py:347: ExperimentalWarning: CanadaSHM6_ActiveCrust_BooreEtAl2014 is experimental and may change in future versions - the user is liable for their application
  warnings.warn(msg, ExperimentalWarning)
/home/ssm-user/src/oq-engine/openquake/hazardlib/gsim/base.py:347: ExperimentalWarning: CanadaSHM6_ActiveCrust_BooreEtAl2014 is experimental and may change in future versions - the user is liable for their application
  warnings.warn(msg, ExperimentalWarning)
/home/ssm-user/src/oq-engine/openquake/hazardlib/gsim/base.py:347: ExperimentalWarning: CanadaSHM6_ActiveCrust_BooreEtAl2014 is experimental and may change in future versions - the user is liable for their application
  warnings.warn(msg, ExperimentalWarning)
/home/ssm-user/src/oq-engine/openquake/hazardlib/gsim/base.py:347: ExperimentalWarning: CanadaSHM6_ActiveCrust_BooreEtAl2014 is experimental and may change in future versions - the user is liable for their application
  warnings.warn(msg, ExperimentalWarning)
/home/ssm-user/src/oq-engine/openquake/hazardlib/gsim/base.py:347: ExperimentalWarning: CanadaSHM6_ActiveCrust_BooreEtAl2014 is experimental and may change in future versions - the user is liable for their application
  warnings.warn(msg, ExperimentalWarning)
/home/ssm-user/src/oq-engine/openquake/hazardlib/gsim/base.py:347: ExperimentalWarning: CanadaSHM6_ActiveCrust_BooreEtAl2014 is experimental and may change in future versions - the user is liable for their application
  warnings.warn(msg, ExperimentalWarning)
/home/ssm-user/src/oq-engine/openquake/hazardlib/gsim/base.py:347: ExperimentalWarning: CanadaSHM6_ActiveCrust_BooreEtAl2014 is experimental and may change in future versions - the user is liable for their application
  warnings.warn(msg, ExperimentalWarning)
/home/ssm-user/src/oq-engine/openquake/hazardlib/gsim/base.py:347: ExperimentalWarning: CanadaSHM6_ActiveCrust_BooreEtAl2014 is experimental and may change in future versions - the user is liable for their application
  warnings.warn(msg, ExperimentalWarning)
/home/ssm-user/src/oq-engine/openquake/hazardlib/gsim/base.py:347: ExperimentalWarning: CanadaSHM6_ActiveCrust_BooreEtAl2014 is experimental and may change in future versions - the user is liable for their application
  warnings.warn(msg, ExperimentalWarning)
/home/ssm-user/src/oq-engine/openquake/hazardlib/gsim/base.py:347: ExperimentalWarning: CanadaSHM6_ActiveCrust_BooreEtAl2014 is experimental and may change in future versions - the user is liable for their application
  warnings.warn(msg, ExperimentalWarning)
/home/ssm-user/src/oq-engine/openquake/hazardlib/gsim/base.py:347: ExperimentalWarning: CanadaSHM6_ActiveCrust_BooreEtAl2014 is experimental and may change in future versions - the user is liable for their application
  warnings.warn(msg, ExperimentalWarning)
/home/ssm-user/src/oq-engine/openquake/hazardlib/gsim/base.py:347: ExperimentalWarning: CanadaSHM6_ActiveCrust_BooreEtAl2014 is experimental and may change in future versions - the user is liable for their application
  warnings.warn(msg, ExperimentalWarning)
/home/ssm-user/src/oq-engine/openquake/hazardlib/gsim/base.py:347: ExperimentalWarning: CanadaSHM6_ActiveCrust_BooreEtAl2014 is experimental and may change in future versions - the user is liable for their application
  warnings.warn(msg, ExperimentalWarning)
/home/ssm-user/src/oq-engine/openquake/hazardlib/gsim/base.py:347: ExperimentalWarning: CanadaSHM6_ActiveCrust_BooreEtAl2014 is experimental and may change in future versions - the user is liable for their application
  warnings.warn(msg, ExperimentalWarning)
/home/ssm-user/src/oq-engine/openquake/hazardlib/gsim/base.py:347: ExperimentalWarning: CanadaSHM6_ActiveCrust_BooreEtAl2014 is experimental and may change in future versions - the user is liable for their application
  warnings.warn(msg, ExperimentalWarning)
/home/ssm-user/src/oq-engine/openquake/hazardlib/gsim/base.py:347: ExperimentalWarning: CanadaSHM6_ActiveCrust_BooreEtAl2014 is experimental and may change in future versions - the user is liable for their application
  warnings.warn(msg, ExperimentalWarning)
/home/ssm-user/src/oq-engine/openquake/hazardlib/gsim/base.py:347: ExperimentalWarning: CanadaSHM6_ActiveCrust_BooreEtAl2014 is experimental and may change in future versions - the user is liable for their application
  warnings.warn(msg, ExperimentalWarning)
/home/ssm-user/src/oq-engine/openquake/hazardlib/gsim/base.py:347: ExperimentalWarning: CanadaSHM6_ActiveCrust_BooreEtAl2014 is experimental and may change in future versions - the user is liable for their application
  warnings.warn(msg, ExperimentalWarning)
/home/ssm-user/src/oq-engine/openquake/hazardlib/gsim/base.py:347: ExperimentalWarning: CanadaSHM6_ActiveCrust_BooreEtAl2014 is experimental and may change in future versions - the user is liable for their application
  warnings.warn(msg, ExperimentalWarning)
/home/ssm-user/src/oq-engine/openquake/hazardlib/gsim/base.py:347: ExperimentalWarning: CanadaSHM6_ActiveCrust_BooreEtAl2014 is experimental and may change in future versions - the user is liable for their application
  warnings.warn(msg, ExperimentalWarning)
/home/ssm-user/src/oq-engine/openquake/hazardlib/gsim/base.py:347: ExperimentalWarning: CanadaSHM6_ActiveCrust_BooreEtAl2014 is experimental and may change in future versions - the user is liable for their application
  warnings.warn(msg, ExperimentalWarning)
/home/ssm-user/src/oq-engine/openquake/hazardlib/gsim/base.py:347: ExperimentalWarning: CanadaSHM6_ActiveCrust_BooreEtAl2014 is experimental and may change in future versions - the user is liable for their application
  warnings.warn(msg, ExperimentalWarning)
/home/ssm-user/src/oq-engine/openquake/hazardlib/gsim/base.py:347: ExperimentalWarning: CanadaSHM6_ActiveCrust_BooreEtAl2014 is experimental and may change in future versions - the user is liable for their application
  warnings.warn(msg, ExperimentalWarning)
/home/ssm-user/src/oq-engine/openquake/hazardlib/gsim/base.py:347: ExperimentalWarning: CanadaSHM6_ActiveCrust_BooreEtAl2014 is experimental and may change in future versions - the user is liable for their application
  warnings.warn(msg, ExperimentalWarning)
/home/ssm-user/src/oq-engine/openquake/hazardlib/gsim/base.py:347: ExperimentalWarning: CanadaSHM6_ActiveCrust_BooreEtAl2014 is experimental and may change in future versions - the user is liable for their application
  warnings.warn(msg, ExperimentalWarning)
/home/ssm-user/src/oq-engine/openquake/hazardlib/gsim/base.py:347: ExperimentalWarning: CanadaSHM6_ActiveCrust_BooreEtAl2014 is experimental and may change in future versions - the user is liable for their application
  warnings.warn(msg, ExperimentalWarning)
/home/ssm-user/src/oq-engine/openquake/hazardlib/gsim/base.py:347: ExperimentalWarning: CanadaSHM6_ActiveCrust_BooreEtAl2014 is experimental and may change in future versions - the user is liable for their application
  warnings.warn(msg, ExperimentalWarning)
/home/ssm-user/src/oq-engine/openquake/hazardlib/gsim/base.py:347: ExperimentalWarning: CanadaSHM6_ActiveCrust_BooreEtAl2014 is experimental and may change in future versions - the user is liable for their application
  warnings.warn(msg, ExperimentalWarning)
/home/ssm-user/src/oq-engine/openquake/hazardlib/gsim/base.py:347: ExperimentalWarning: CanadaSHM6_ActiveCrust_BooreEtAl2014 is experimental and may change in future versions - the user is liable for their application
  warnings.warn(msg, ExperimentalWarning)
/home/ssm-user/src/oq-engine/openquake/hazardlib/gsim/base.py:347: ExperimentalWarning: CanadaSHM6_ActiveCrust_BooreEtAl2014 is experimental and may change in future versions - the user is liable for their application
  warnings.warn(msg, ExperimentalWarning)
/home/ssm-user/src/oq-engine/openquake/hazardlib/gsim/base.py:347: ExperimentalWarning: CanadaSHM6_ActiveCrust_BooreEtAl2014 is experimental and may change in future versions - the user is liable for their application
  warnings.warn(msg, ExperimentalWarning)
/home/ssm-user/src/oq-engine/openquake/hazardlib/gsim/base.py:347: ExperimentalWarning: CanadaSHM6_ActiveCrust_BooreEtAl2014 is experimental and may change in future versions - the user is liable for their application
  warnings.warn(msg, ExperimentalWarning)
/home/ssm-user/src/oq-engine/openquake/hazardlib/gsim/base.py:347: ExperimentalWarning: CanadaSHM6_ActiveCrust_BooreEtAl2014 is experimental and may change in future versions - the user is liable for their application
  warnings.warn(msg, ExperimentalWarning)
/home/ssm-user/src/oq-engine/openquake/hazardlib/gsim/base.py:347: ExperimentalWarning: CanadaSHM6_ActiveCrust_BooreEtAl2014 is experimental and may change in future versions - the user is liable for their application
  warnings.warn(msg, ExperimentalWarning)
/home/ssm-user/src/oq-engine/openquake/hazardlib/gsim/base.py:347: ExperimentalWarning: CanadaSHM6_ActiveCrust_BooreEtAl2014 is experimental and may change in future versions - the user is liable for their application
  warnings.warn(msg, ExperimentalWarning)
/home/ssm-user/src/oq-engine/openquake/hazardlib/gsim/base.py:347: ExperimentalWarning: CanadaSHM6_ActiveCrust_BooreEtAl2014 is experimental and may change in future versions - the user is liable for their application
  warnings.warn(msg, ExperimentalWarning)
/home/ssm-user/src/oq-engine/openquake/hazardlib/gsim/base.py:347: ExperimentalWarning: CanadaSHM6_ActiveCrust_BooreEtAl2014 is experimental and may change in future versions - the user is liable for their application
  warnings.warn(msg, ExperimentalWarning)
/home/ssm-user/src/oq-engine/openquake/hazardlib/gsim/base.py:347: ExperimentalWarning: CanadaSHM6_ActiveCrust_BooreEtAl2014 is experimental and may change in future versions - the user is liable for their application
  warnings.warn(msg, ExperimentalWarning)
/home/ssm-user/src/oq-engine/openquake/hazardlib/gsim/base.py:347: ExperimentalWarning: CanadaSHM6_ActiveCrust_BooreEtAl2014 is experimental and may change in future versions - the user is liable for their application
  warnings.warn(msg, ExperimentalWarning)
/home/ssm-user/src/oq-engine/openquake/hazardlib/gsim/base.py:347: ExperimentalWarning: CanadaSHM6_ActiveCrust_BooreEtAl2014 is experimental and may change in future versions - the user is liable for their application
  warnings.warn(msg, ExperimentalWarning)
/home/ssm-user/src/oq-engine/openquake/hazardlib/gsim/base.py:347: ExperimentalWarning: CanadaSHM6_ActiveCrust_BooreEtAl2014 is experimental and may change in future versions - the user is liable for their application
  warnings.warn(msg, ExperimentalWarning)
/home/ssm-user/src/oq-engine/openquake/hazardlib/gsim/base.py:347: ExperimentalWarning: CanadaSHM6_ActiveCrust_BooreEtAl2014 is experimental and may change in future versions - the user is liable for their application
  warnings.warn(msg, ExperimentalWarning)
/home/ssm-user/src/oq-engine/openquake/hazardlib/gsim/base.py:347: ExperimentalWarning: CanadaSHM6_ActiveCrust_BooreEtAl2014 is experimental and may change in future versions - the user is liable for their application
  warnings.warn(msg, ExperimentalWarning)
/home/ssm-user/src/oq-engine/openquake/hazardlib/gsim/base.py:347: ExperimentalWarning: CanadaSHM6_ActiveCrust_BooreEtAl2014 is experimental and may change in future versions - the user is liable for their application
  warnings.warn(msg, ExperimentalWarning)
/home/ssm-user/src/oq-engine/openquake/hazardlib/gsim/base.py:347: ExperimentalWarning: CanadaSHM6_ActiveCrust_BooreEtAl2014 is experimental and may change in future versions - the user is liable for their application
  warnings.warn(msg, ExperimentalWarning)
/home/ssm-user/src/oq-engine/openquake/hazardlib/gsim/base.py:347: ExperimentalWarning: CanadaSHM6_ActiveCrust_BooreEtAl2014 is experimental and may change in future versions - the user is liable for their application
  warnings.warn(msg, ExperimentalWarning)
/home/ssm-user/src/oq-engine/openquake/hazardlib/gsim/base.py:347: ExperimentalWarning: CanadaSHM6_ActiveCrust_BooreEtAl2014 is experimental and may change in future versions - the user is liable for their application
  warnings.warn(msg, ExperimentalWarning)
/home/ssm-user/src/oq-engine/openquake/hazardlib/gsim/base.py:347: ExperimentalWarning: CanadaSHM6_ActiveCrust_BooreEtAl2014 is experimental and may change in future versions - the user is liable for their application
  warnings.warn(msg, ExperimentalWarning)
/home/ssm-user/src/oq-engine/openquake/hazardlib/gsim/base.py:347: ExperimentalWarning: CanadaSHM6_ActiveCrust_BooreEtAl2014 is experimental and may change in future versions - the user is liable for their application
  warnings.warn(msg, ExperimentalWarning)
/home/ssm-user/src/oq-engine/openquake/hazardlib/gsim/base.py:347: ExperimentalWarning: CanadaSHM6_ActiveCrust_BooreEtAl2014 is experimental and may change in future versions - the user is liable for their application
  warnings.warn(msg, ExperimentalWarning)
/home/ssm-user/src/oq-engine/openquake/hazardlib/gsim/base.py:347: ExperimentalWarning: CanadaSHM6_ActiveCrust_BooreEtAl2014 is experimental and may change in future versions - the user is liable for their application
  warnings.warn(msg, ExperimentalWarning)
/home/ssm-user/src/oq-engine/openquake/hazardlib/gsim/base.py:347: ExperimentalWarning: CanadaSHM6_ActiveCrust_BooreEtAl2014 is experimental and may change in future versions - the user is liable for their application
  warnings.warn(msg, ExperimentalWarning)
/home/ssm-user/src/oq-engine/openquake/hazardlib/gsim/base.py:347: ExperimentalWarning: CanadaSHM6_ActiveCrust_BooreEtAl2014 is experimental and may change in future versions - the user is liable for their application
  warnings.warn(msg, ExperimentalWarning)
/home/ssm-user/src/oq-engine/openquake/hazardlib/gsim/base.py:347: ExperimentalWarning: CanadaSHM6_ActiveCrust_BooreEtAl2014 is experimental and may change in future versions - the user is liable for their application
  warnings.warn(msg, ExperimentalWarning)
/home/ssm-user/src/oq-engine/openquake/hazardlib/gsim/base.py:347: ExperimentalWarning: CanadaSHM6_ActiveCrust_BooreEtAl2014 is experimental and may change in future versions - the user is liable for their application
  warnings.warn(msg, ExperimentalWarning)
/home/ssm-user/src/oq-engine/openquake/hazardlib/gsim/base.py:347: ExperimentalWarning: CanadaSHM6_ActiveCrust_BooreEtAl2014 is experimental and may change in future versions - the user is liable for their application
  warnings.warn(msg, ExperimentalWarning)
/home/ssm-user/src/oq-engine/openquake/hazardlib/gsim/base.py:347: ExperimentalWarning: CanadaSHM6_ActiveCrust_BooreEtAl2014 is experimental and may change in future versions - the user is liable for their application
  warnings.warn(msg, ExperimentalWarning)
/home/ssm-user/src/oq-engine/openquake/hazardlib/gsim/base.py:347: ExperimentalWarning: CanadaSHM6_ActiveCrust_BooreEtAl2014 is experimental and may change in future versions - the user is liable for their application
  warnings.warn(msg, ExperimentalWarning)
/home/ssm-user/src/oq-engine/openquake/hazardlib/gsim/base.py:347: ExperimentalWarning: CanadaSHM6_ActiveCrust_BooreEtAl2014 is experimental and may change in future versions - the user is liable for their application
  warnings.warn(msg, ExperimentalWarning)
/home/ssm-user/src/oq-engine/openquake/hazardlib/gsim/base.py:347: ExperimentalWarning: CanadaSHM6_ActiveCrust_BooreEtAl2014 is experimental and may change in future versions - the user is liable for their application
  warnings.warn(msg, ExperimentalWarning)
/home/ssm-user/src/oq-engine/openquake/hazardlib/gsim/base.py:347: ExperimentalWarning: CanadaSHM6_ActiveCrust_BooreEtAl2014 is experimental and may change in future versions - the user is liable for their application
  warnings.warn(msg, ExperimentalWarning)
/home/ssm-user/src/oq-engine/openquake/hazardlib/gsim/base.py:347: ExperimentalWarning: CanadaSHM6_ActiveCrust_BooreEtAl2014 is experimental and may change in future versions - the user is liable for their application
  warnings.warn(msg, ExperimentalWarning)
/home/ssm-user/src/oq-engine/openquake/hazardlib/gsim/base.py:347: ExperimentalWarning: CanadaSHM6_ActiveCrust_BooreEtAl2014 is experimental and may change in future versions - the user is liable for their application
  warnings.warn(msg, ExperimentalWarning)
/home/ssm-user/src/oq-engine/openquake/hazardlib/gsim/base.py:347: ExperimentalWarning: CanadaSHM6_ActiveCrust_BooreEtAl2014 is experimental and may change in future versions - the user is liable for their application
  warnings.warn(msg, ExperimentalWarning)
/home/ssm-user/src/oq-engine/openquake/hazardlib/gsim/base.py:347: ExperimentalWarning: CanadaSHM6_ActiveCrust_BooreEtAl2014 is experimental and may change in future versions - the user is liable for their application
  warnings.warn(msg, ExperimentalWarning)
/home/ssm-user/src/oq-engine/openquake/hazardlib/gsim/base.py:347: ExperimentalWarning: CanadaSHM6_ActiveCrust_BooreEtAl2014 is experimental and may change in future versions - the user is liable for their application
  warnings.warn(msg, ExperimentalWarning)
/home/ssm-user/src/oq-engine/openquake/hazardlib/gsim/base.py:347: ExperimentalWarning: CanadaSHM6_ActiveCrust_BooreEtAl2014 is experimental and may change in future versions - the user is liable for their application
  warnings.warn(msg, ExperimentalWarning)
/home/ssm-user/src/oq-engine/openquake/hazardlib/gsim/base.py:347: ExperimentalWarning: CanadaSHM6_ActiveCrust_BooreEtAl2014 is experimental and may change in future versions - the user is liable for their application
  warnings.warn(msg, ExperimentalWarning)
/home/ssm-user/src/oq-engine/openquake/hazardlib/gsim/base.py:347: ExperimentalWarning: CanadaSHM6_ActiveCrust_BooreEtAl2014 is experimental and may change in future versions - the user is liable for their application
  warnings.warn(msg, ExperimentalWarning)
/home/ssm-user/src/oq-engine/openquake/hazardlib/gsim/base.py:347: ExperimentalWarning: CanadaSHM6_ActiveCrust_BooreEtAl2014 is experimental and may change in future versions - the user is liable for their application
  warnings.warn(msg, ExperimentalWarning)
/home/ssm-user/src/oq-engine/openquake/hazardlib/gsim/base.py:347: ExperimentalWarning: CanadaSHM6_ActiveCrust_BooreEtAl2014 is experimental and may change in future versions - the user is liable for their application
  warnings.warn(msg, ExperimentalWarning)
/home/ssm-user/src/oq-engine/openquake/hazardlib/gsim/base.py:347: ExperimentalWarning: CanadaSHM6_ActiveCrust_BooreEtAl2014 is experimental and may change in future versions - the user is liable for their application
  warnings.warn(msg, ExperimentalWarning)
/home/ssm-user/src/oq-engine/openquake/hazardlib/gsim/base.py:347: ExperimentalWarning: CanadaSHM6_ActiveCrust_BooreEtAl2014 is experimental and may change in future versions - the user is liable for their application
  warnings.warn(msg, ExperimentalWarning)
/home/ssm-user/src/oq-engine/openquake/hazardlib/gsim/base.py:347: ExperimentalWarning: CanadaSHM6_ActiveCrust_BooreEtAl2014 is experimental and may change in future versions - the user is liable for their application
  warnings.warn(msg, ExperimentalWarning)
/home/ssm-user/src/oq-engine/openquake/hazardlib/gsim/base.py:347: ExperimentalWarning: CanadaSHM6_ActiveCrust_BooreEtAl2014 is experimental and may change in future versions - the user is liable for their application
  warnings.warn(msg, ExperimentalWarning)
/home/ssm-user/src/oq-engine/openquake/hazardlib/gsim/base.py:347: ExperimentalWarning: CanadaSHM6_ActiveCrust_BooreEtAl2014 is experimental and may change in future versions - the user is liable for their application
  warnings.warn(msg, ExperimentalWarning)
/home/ssm-user/src/oq-engine/openquake/hazardlib/gsim/base.py:347: ExperimentalWarning: CanadaSHM6_ActiveCrust_BooreEtAl2014 is experimental and may change in future versions - the user is liable for their application
  warnings.warn(msg, ExperimentalWarning)
/home/ssm-user/src/oq-engine/openquake/hazardlib/gsim/base.py:347: ExperimentalWarning: CanadaSHM6_ActiveCrust_BooreEtAl2014 is experimental and may change in future versions - the user is liable for their application
  warnings.warn(msg, ExperimentalWarning)
/home/ssm-user/src/oq-engine/openquake/hazardlib/gsim/base.py:347: ExperimentalWarning: CanadaSHM6_ActiveCrust_BooreEtAl2014 is experimental and may change in future versions - the user is liable for their application
  warnings.warn(msg, ExperimentalWarning)
/home/ssm-user/src/oq-engine/openquake/hazardlib/gsim/base.py:347: ExperimentalWarning: CanadaSHM6_ActiveCrust_BooreEtAl2014 is experimental and may change in future versions - the user is liable for their application
  warnings.warn(msg, ExperimentalWarning)
/home/ssm-user/src/oq-engine/openquake/hazardlib/gsim/base.py:347: ExperimentalWarning: CanadaSHM6_ActiveCrust_BooreEtAl2014 is experimental and may change in future versions - the user is liable for their application
  warnings.warn(msg, ExperimentalWarning)
/home/ssm-user/src/oq-engine/openquake/hazardlib/gsim/base.py:347: ExperimentalWarning: CanadaSHM6_ActiveCrust_BooreEtAl2014 is experimental and may change in future versions - the user is liable for their application
  warnings.warn(msg, ExperimentalWarning)
/home/ssm-user/src/oq-engine/openquake/hazardlib/gsim/base.py:347: ExperimentalWarning: CanadaSHM6_ActiveCrust_BooreEtAl2014 is experimental and may change in future versions - the user is liable for their application
  warnings.warn(msg, ExperimentalWarning)
[2021-09-15 01:49:09 #159 INFO] Stopping the workers
  id | name
 882 | Aggregate Event Damages
 880 | Asset Damage Distributions
 881 | Asset Damage Statistics
 883 | Full Report
 884 | Realizations
